# Log started: 2021-12-10 21:52:21 +0900
[2021-12-10 21:52:21] #2lyn_98 채널 입장 중입니다
[2021-12-10 21:52:21] #2lyn_98 채널에 입장했습니다
[2021-12-10 21:52:22] ~하이레그 네즈코 (Just Chatting)~
[2021-12-10 21:52:33] <%enmu0302> ㅋㅋㅋㅋㅋㅋ
[2021-12-10 21:52:41] <tidlsld30> 3호선 빌런녀 생각나네 인생은잭스
[2021-12-10 21:52:45] <!%로머니 (hgh2401)> ㅋㅋㅋㅋㅋㅋㅋ
[2021-12-10 21:52:50] <%민돌ㆍ (pxggi1)> 정자은행~ 예금출금~
[2021-12-10 21:52:54] <%Tr4pCard1> 퐁퐁
[2021-12-10 21:52:58] <아기곰어흥 (demoni_cat)> 그 3호선여자 다른짓 또했다는데
[2021-12-10 21:53:25] <tidlsld30> 행위예술 보는 사람들 부럽
[2021-12-10 21:54:02] <%enmu0302> 하필 저챗할때 물류들어오냐
[2021-12-10 21:54:06] <%enmu0302> 자2살 마렵다
[2021-12-10 21:54:12] <%민돌ㆍ (pxggi1)> ㄱㄱ
[2021-12-10 21:54:16] <%enmu0302> ㅇㅇ
[2021-12-10 21:54:27] <!%로머니 (hgh2401)> ??
[2021-12-10 21:54:34] <%enmu0302> 목메달고 유언장에 돌게이 채팅내역 부검해달라고쓴다
[2021-12-10 21:54:35] <tidlsld30> 아직한참남앗네 ㅋㅋㅋ
[2021-12-10 21:54:46] <!%로머니 (hgh2401)> 어제 열심?
[2021-12-10 21:54:58] <tidlsld30> 수술이요? 어디요
[2021-12-10 21:55:00] <%민돌ㆍ (pxggi1)> 어제 열심히 해도 성과가 안나와서 힘드신가봐요 ㅠㅠㅠ
[2021-12-10 21:55:14] <@%^싹둑 (ssakdook)> 크레이지 자이언트 전속 모델 이린입니다! 도 넘은 비난은 자제부탁드려요!
[2021-12-10 21:55:14] <!%로머니 (hgh2401)> 아
[2021-12-10 21:55:23] <!%로머니 (hgh2401)> 사냥나간다는거였구나
[2021-12-10 21:55:23] <tidlsld30> ?
[2021-12-10 21:55:26] <%음일 (emilessman123)> 주무실건가요
[2021-12-10 21:55:28] <%enmu0302> 오 더나이스
[2021-12-10 21:55:28] <!%로머니 (hgh2401)> 노력해봐야지
[2021-12-10 21:55:34] <%Tr4pCard1> ?
[2021-12-10 21:55:37] <tidlsld30> 남자도 없는데 휴방이요?
[2021-12-10 21:56:20] <%Tr4pCard1> 했는데..?
[2021-12-10 21:56:20] <!%로머니 (hgh2401)> 변명아님 특 = 변명
[2021-12-10 21:56:30] <%Tr4pCard1> 3줄요약조묘
[2021-12-10 21:56:34] <%Tr4pCard1> 혀가 기네요
[2021-12-10 21:56:41] <%민돌ㆍ (pxggi1)> 수술해서 아프다고 노캠이나 반캠으로 롤만 처 할거 생각하니 ㅈ같네요~
[2021-12-10 21:56:48] <tidlsld30> 이시국에 코로나 걸리기 쉬움
[2021-12-10 21:57:05] <%enmu0302> ㅈ같으실거없네요~ 아예 안킬거니까요~
[2021-12-10 21:57:25] <tidlsld30> 턱관절은 왜하시는거임? 깍는거에요?
[2021-12-10 21:57:30] <%민돌ㆍ (pxggi1)> 한달동안 수능 공부나 해야지
[2021-12-10 21:57:31] <midbeast> hi
[2021-12-10 21:58:01] <%Tr4pCard1> 제가 무료로 고쳐드림ㅇㅇ
[2021-12-10 21:58:11] <%음일 (emilessman123)> 내가 아는 그 미드비스트냐
[2021-12-10 21:58:14] <%Tr4pCard1> 어금니 꽉물어
[2021-12-10 21:58:20] <%enmu0302> 그 미드비스트 맞움
[2021-12-10 21:58:21] <tidlsld30> 그정도면 펀치 한두방이면 치료되죠 ㅋㅋㅋ
[2021-12-10 21:58:29] <%Tr4pCard1> ㄹㅇ?
[2021-12-10 21:58:38] <%Tr4pCard1> 어찐이네
[2021-12-10 21:58:41] <%Tr4pCard1> 생방중임
[2021-12-10 21:58:42] <%음일 (emilessman123)> 미드비스트 아니랄까봐 미드바스트에 관심있는거보소
[2021-12-10 21:58:46] <%enmu0302> 심지어 하이할때 항상 방송중임 ㅋㅋㅋㅋ
[2021-12-10 21:59:27] <%Tr4pCard1> 린스터콜드갈까요?
[2021-12-10 21:59:46] <tidlsld30> 외국인임?
[2021-12-10 21:59:49] <%Tr4pCard1> ㅇㅇ
[2021-12-10 22:00:07] <%Tr4pCard1> 5천명이보네ㄷㄷ
[2021-12-10 22:00:22] <!%로머니 (hgh2401)> x2lyn9Again x2lyn9Again x2lyn9Again
[2021-12-10 22:00:29] <%19트수 (fd969575)> x2lyn9Again x2lyn9Again x2lyn9Again x2lyn9Again
[2021-12-10 22:00:39] <%음일 (emilessman123)> x2lyn9Again x2lyn9Again x2lyn9Again x2lyn9Again x2lyn9Again
[2021-12-10 22:00:42] <!%로머니 (hgh2401)> x2lyn9Again x2lyn9Again x2lyn9Again x2lyn9Again x2lyn9Again
[2021-12-10 22:00:51] <@%^싹둑 (ssakdook)> 크레이지 자이언트 전속 모델 이린입니다! 도 넘은 비난은 자제부탁드려요!
[2021-12-10 22:00:54] <!%로머니 (hgh2401)> 3일전이면
[2021-12-10 22:01:02] <!%로머니 (hgh2401)> 거의 길가다 퍽치기해서 잡아야되는거 아닌가
[2021-12-10 22:01:13] <%부리부리몬_ (buriburi2201)> 헉
[2021-12-10 22:01:16] <%19트수 (fd969575)> 왜 못함~(못하는 중ㅋㅋ)
[2021-12-10 22:01:23] <%Tr4pCard1> <<<<왜 못함?
[2021-12-10 22:01:23] <!%로머니 (hgh2401)> ㅋㅋㅋㅋㅋ
[2021-12-10 22:01:44] <%19트수 (fd969575)> ㅋㅋㅋ
[2021-12-10 22:02:05] <%19트수 (fd969575)> 그러다 3달뒤 개 같이 복귀ㅋㅋ
[2021-12-10 22:02:07] <!%로머니 (hgh2401)> ㅋㅋㅋㅋㅋㅋㅋ 헤어진썰 푼다
[2021-12-10 22:02:08] <%부리부리몬_ (buriburi2201)> 그래서 퐁퐁남과 크리스마스는 물건너 간거임?
[2021-12-10 22:02:09] <러비진 (fjqlwls)> 게이같이복귀?
[2021-12-10 22:02:12] <%19트수 (fd969575)> 그렇게 됐습니다...
[2021-12-10 22:02:13] <%부리부리몬_ (buriburi2201)> 린톡방 ㄷㄷ
[2021-12-10 22:02:27] <%19트수 (fd969575)> 개2새요?
[2021-12-10 22:02:33] <%19트수 (fd969575)> 그거 사람이 착해서 그럼ㅋㅋ
[2021-12-10 22:02:38] <발가락에달려있는콧구멍 (sibarnen18)> 가.식
[2021-12-10 22:02:41] <tidlsld30> ㅋㅋㅋㅋㅋㅋ
[2021-12-10 22:02:52] <!%로머니 (hgh2401)> 하늘이
[2021-12-10 22:02:54] <!%로머니 (hgh2401)> 이걸
[2021-12-10 22:02:59] <%Tr4pCard1> ㅋㅋㅋㅋㅋㅋㅋㅋ
[2021-12-10 22:03:00] <%19트수 (fd969575)> ㅋㅋㅋㅋㅋㅋㅋ연애? 어림도 없지ㅋㅋ
[2021-12-10 22:03:04] <%Tr4pCard1> 넌 글렀다
[2021-12-10 22:03:08] <발가락에달려있는콧구멍 (sibarnen18)> 하늘도막는거임
[2021-12-10 22:03:24] <%19트수 (fd969575)> 저희 자꾸 유기해서요ㅇㅇ
[2021-12-10 22:03:27] <발가락에달려있는콧구멍 (sibarnen18)> 카시를해서
[2021-12-10 22:03:41] <%Tr4pCard1> 롤정지당한것만봐도 ㅇㅇ;;
[2021-12-10 22:03:48] <%19트수 (fd969575)> 개 똥챔 카시를 한 죄.
[2021-12-10 22:03:53] <%민돌ㆍ (pxggi1)> 업보1지 ㅇㅇ
[2021-12-10 22:04:08] <%19트수 (fd969575)> 면허따기?
[2021-12-10 22:04:08] <%Tr4pCard1> 차가 있어야함
[2021-12-10 22:04:20] <아기곰어흥 (demoni_cat)> 이린 부스터!!
[2021-12-10 22:04:23] <%민돌ㆍ (pxggi1)> 1종?
[2021-12-10 22:04:24] <아기곰어흥 (demoni_cat)> 드리프트!!!
[2021-12-10 22:04:25] <%19트수 (fd969575)> 내년 11월쯤 필기 볼듯
[2021-12-10 22:04:28] <%부리부리몬_ (buriburi2201)> 헉
[2021-12-10 22:04:29] <!%로머니 (hgh2401)> ㅋㅋㅋㅋㅋㅋㅋㅋㅋㅋㅋㅋㅋㅋㅋㅋ
[2021-12-10 22:04:37] <huhy123> 무슨무슨법 만들어지겠네요
[2021-12-10 22:04:40] <%19트수 (fd969575)> ㅋㅋㅋㅋㅋㅋㅋㅋㅋㅋㅋ
[2021-12-10 22:04:47] <%부리부리몬_ (buriburi2201)> 성탄절 특사 ㅋㅋ
[2021-12-10 22:04:56] <굶어 (gulmeo)> 안녕하세요
[2021-12-10 22:05:05] <%민돌ㆍ (pxggi1)> 특사 ㅋㅋ 몇주 사리고 부계로 빨면 그냥 풀어주던데
[2021-12-10 22:05:09] <%19트수 (fd969575)> 내년 10월쯤 우리한테 님들 서울 면허학원 어디가 좋음? 이라고 물어볼듯
[2021-12-10 22:05:14] <@%^싹둑 (ssakdook)> 게임중에는 채팅을 잘 못읽어요! 끝나고 채팅쳐주세요!
[2021-12-10 22:05:32] <%민돌ㆍ (pxggi1)> 그거 풀리긴 했는데 무기한 정지라서
[2021-12-10 22:05:35] <%민돌ㆍ (pxggi1)> 못씀
[2021-12-10 22:05:38] <%Tr4pCard1> ㅋㅋ
[2021-12-10 22:05:41] <%19트수 (fd969575)> ㅋㅋㅋ
[2021-12-10 22:05:50] <굶어 (gulmeo)> 물마시셈
[2021-12-10 22:05:51] <%민돌ㆍ (pxggi1)> 전번뿌리다가
[2021-12-10 22:05:52] <이재명칼리스타뽑아찢기 (sikeijhhh)> nlmiso95Cry
[2021-12-10 22:05:55] <%Tr4pCard1> 꼴이 좋아
[2021-12-10 22:06:11] <%19트수 (fd969575)> ㅋㅋㅋㅋㅋ
[2021-12-10 22:06:13] <%민돌ㆍ (pxggi1)> 흐음..고생했는데 뭐 없나?
[2021-12-10 22:06:14] <이재명칼리스타뽑아찢기 (sikeijhhh)> 하아,,
[2021-12-10 22:06:15] <아기곰어흥 (demoni_cat)> ㅋㅋㅋㅋㅋㅋㅋㅋ
[2021-12-10 22:06:18] <!%로머니 (hgh2401)> ㅋ
[2021-12-10 22:06:19] <!%로머니 (hgh2401)> ㅋㅋㅋㅋㅋㅋㅋㅋㅋㅋㅋㅋㅋ
[2021-12-10 22:06:27] <아기곰어흥 (demoni_cat)> 두부줘야하는거 아니냐
[2021-12-10 22:06:28] <%19트수 (fd969575)> 이모티콘 개 잘어울리넼ㅋㅋㅋㅋㅋ
[2021-12-10 22:06:29] <%Tr4pCard1> 오늘 두부한모해라 ㅋㅋ
[2021-12-10 22:06:33] <이재명칼리스타뽑아찢기 (sikeijhhh)> 방종전이라 안걸릴줄 알았노,,
[2021-12-10 22:06:35] <%부리부리몬_ (buriburi2201)> 민주화는 ㅋㅋ 지개비 586인거 티내고있네 ㄹㄱㅆㅃ
[2021-12-10 22:06:38] <이재명칼리스타뽑아찢기 (sikeijhhh)> nlmiso95Cry
[2021-12-10 22:06:41] BAN: buriburi2201 (1s)
[2021-12-10 22:06:46] <%19트수 (fd969575)> 나가~
[2021-12-10 22:06:48] <굶어 (gulmeo)> 물마시기 썼는데 물 안마시나요
[2021-12-10 22:06:56] <굶어 (gulmeo)> 물이였구나저거
[2021-12-10 22:07:00] <%Tr4pCard1> 야 ㅋㅋ 우냐?
[2021-12-10 22:07:05] <%Tr4pCard1> 우냐고 ㅋㅋㅋㅋ
[2021-12-10 22:07:14] <아기곰어흥 (demoni_cat)> 동생?
[2021-12-10 22:07:16] <이재명칼리스타뽑아찢기 (sikeijhhh)> 하아,,
[2021-12-10 22:07:23] <%19트수 (fd969575)> 결혼식장에서 몇번 매드무비로 준비헐까요?
[2021-12-10 22:07:32] <%Tr4pCard1> ㅇㅇ
[2021-12-10 22:07:36] <!%로머니 (hgh2401)> 캬
[2021-12-10 22:07:37] <%enmu0302> 와
[2021-12-10 22:07:39] <%19트수 (fd969575)> ㅋㅑ
[2021-12-10 22:07:40] <%부리부리몬_ (buriburi2201)> atmachPongpong atmachPongpong atmachPongpong atmachPongpong
[2021-12-10 22:07:46] <아기곰어흥 (demoni_cat)> 와
[2021-12-10 22:07:50] <%19트수 (fd969575)> 제발 고츄 3센치여라
[2021-12-10 22:07:55] <%부리부리몬_ (buriburi2201)> ㅠㅠ 열등감때문에 찢마려요
[2021-12-10 22:07:56] <%enmu0302> 크리스마스에 일정 비워놓으라하죠?
[2021-12-10 22:08:13] <%19트수 (fd969575)> 2재명 지지마렵네ㅋㅋ 저런 사람보면
[2021-12-10 22:08:14] <jihoon555> 제꼬삼
[2021-12-10 22:08:27] <%Tr4pCard1> 키도큰데 헬스하네 씨이발 ㅋㅋ
[2021-12-10 22:08:30] <이재명칼리스타뽑아찢기 (sikeijhhh)> 저새123끼 야추 15cm이상이면 이재명 쩍으러간다
[2021-12-10 22:08:34] <%19트수 (fd969575)> 제꼬삼 제꼬삼 제꼬삼
[2021-12-10 22:08:38] <%enmu0302> 아
[2021-12-10 22:08:43] <%Tr4pCard1> ?
[2021-12-10 22:08:53] <%enmu0302> 맛집인지 리뷰 부탁드려요~
[2021-12-10 22:08:54] <!%로머니 (hgh2401)> 단백질빠져서 근손실난다고하면 어ㄸ
[2021-12-10 22:09:01] <이재명칼리스타뽑아찢기 (sikeijhhh)> nlmiso95Thumbup
[2021-12-10 22:09:02] <%Tr4pCard1> 같이쓰죠 이린님?
[2021-12-10 22:09:03] <%민돌ㆍ (pxggi1)> 싼거 먹으라하죠
[2021-12-10 22:09:06] <%19트수 (fd969575)> 제가 먼저 확인해볼게요ㅇㅇ
[2021-12-10 22:09:06] BAN: Tr4pCard1 (1s)
[2021-12-10 22:09:09] <%부리부리몬_ (buriburi2201)> 제발 저샛기 페티쉬 펨돔이었으면
[2021-12-10 22:09:14] <%19트수 (fd969575)> 싼거? ㅗㅜㅑ
[2021-12-10 22:09:25] <%enmu0302> 제발 취향 브컨
[2021-12-10 22:09:31] <%민돌ㆍ (pxggi1)> 개.같이 싸우다니 ㅠㅠ 그냥 일방적으로 어이가 없는거죠
[2021-12-10 22:09:43] <!%로머니 (hgh2401)> ㅋㅋㅋㅋㅋㅋㅋㅋㅋㅋ
[2021-12-10 22:09:47] <%19트수 (fd969575)> 패티쉬 제발 엄똥땡 처럼 스캇물이었으면
[2021-12-10 22:09:51] <%enmu0302> ㅋㅋㅋㅋㅋ
[2021-12-10 22:09:55] <이재명칼리스타뽑아찢기 (sikeijhhh)> ㅋㅋㅋ
[2021-12-10 22:09:56] <%Tr4pCard1> ㅋㅋㅋㅋㅋ
[2021-12-10 22:10:03] <%부리부리몬_ (buriburi2201)> 니가? 지금 지구본 돌려요?
[2021-12-10 22:10:18] <@%^싹둑 (ssakdook)> 게임중에는 채팅을 잘 못읽어요! 끝나고 채팅쳐주세요!
[2021-12-10 22:10:19] BAN: buriburi2201 (1s)
[2021-12-10 22:10:21] <한훌 (diegut5759)> 연상같은 연하는요
[2021-12-10 22:10:23] <%19트수 (fd969575)> ㅋㅋㅋㅋㅋㅋㅋ
[2021-12-10 22:10:39] <%enmu0302> 제발 연하같은 연상만나라
[2021-12-10 22:10:40] <이재명칼리스타뽑아찢기 (sikeijhhh)> 돌릴거면 그쪽말고 ㅈ같은 언어쓰는새123끼들로 지구본좀
[2021-12-10 22:10:44] <%민돌ㆍ (pxggi1)> 아~ 아까말한거 다시 나온다~~
[2021-12-10 22:10:44] <한훌 (diegut5759)> ㅇㅎ
[2021-12-10 22:10:49] <%민돌ㆍ (pxggi1)> 들은거 또 듣고~
[2021-12-10 22:10:57] <%enmu0302> 나가고 또나가고~
[2021-12-10 22:11:03] <@%^싹둑 (ssakdook)> 크레이지 자이언트 전속 모델 이린입니다! 도 넘은 비난은 자제부탁드려요!
[2021-12-10 22:11:11] <%민돌ㆍ (pxggi1)> 복습되서 좋다구요~
[2021-12-10 22:11:12] <%Tr4pCard1> ㅋㅋㅋㅋㅋㅋ
[2021-12-10 22:11:24] <%Tr4pCard1> 그건 부리게이 전문이고 ㅋㅋ
[2021-12-10 22:11:41] <검은머리외계인 (xballsofsteelx)> 발바닥 보여주세요
[2021-12-10 22:11:44] <%19트수 (fd969575)> 앞으로 그런 사람은 없다 게이야ㅋㅋ
[2021-12-10 22:11:45] <%enmu0302> 그런사람은 놓쳤다고 후회할게아니라
[2021-12-10 22:11:46] <%민돌ㆍ (pxggi1)> 그니까 그때 콘돔에 구멍이라도 내지 그랬냐
[2021-12-10 22:11:53] <%Tr4pCard1> 잘생긴 연하도 싫노?
[2021-12-10 22:11:54] <%enmu0302> 좀만 늦게만났어도~ 라고 해야맞지
[2021-12-10 22:12:15] <%19트수 (fd969575)> 팩트) 못생긴 것도 평생감
[2021-12-10 22:12:21] <%enmu0302> 진짜 연애할때 애같이구는거만큼 꼴뵈기싫은게 없음
[2021-12-10 22:12:25] <%Tr4pCard1> 팩트)다
[2021-12-10 22:12:32] <%19트수 (fd969575)> ㅋㅋㅋㅋㅋㅋㅋㅋㅋ
[2021-12-10 22:12:33] <%Tr4pCard1> ㄹㅇㅋㅋ
[2021-12-10 22:12:43] <%민돌ㆍ (pxggi1)> 팩트) 얼굴이 ㅈ같으니까 사회에서 살아남으려고 성격이라도 좋은거임
[2021-12-10 22:12:44] <shacotims2magenta> 근대 키크고 마른거같은대 왜 몸매 볼륨감이 좋아요???
[2021-12-10 22:12:57] <%Tr4pCard1> 뭐?말라?
[2021-12-10 22:13:06] <%enmu0302> 어리광부리고 한두번하는거면 애같단얘기도 안하지
[2021-12-10 22:13:26] <%19트수 (fd969575)> ㅇㅈ
[2021-12-10 22:13:32] <%민돌ㆍ (pxggi1)> 찔리노..
[2021-12-10 22:13:34] <%Tr4pCard1> 맞말추
[2021-12-10 22:14:01] <%19트수 (fd969575)> 사람이 착하네요ㅇㅇ
[2021-12-10 22:14:08] <%enmu0302> 받아봐야 줄줄도 알지
[2021-12-10 22:14:11] <%Tr4pCard1> 본인이 ㅈㄴ힘들건데
[2021-12-10 22:14:36] <%Tr4pCard1> 그니까 언제오냐고 십련아 ㅠㅜ
[2021-12-10 22:14:49] <%enmu0302> 기왕이면 첫연애는 연상이랑 해라
[2021-12-10 22:14:50] <%19트수 (fd969575)> ㅋㅋㅋㅋㅋㅋㅋㅋㅋㅋ
[2021-12-10 22:14:52] <%민돌ㆍ (pxggi1)> 오래가는게 문제가 아니라 사귀는게 문제지 씨1발 ㅋㅋ
[2021-12-10 22:15:00] <%Tr4pCard1> ㄹㅇㅋㅋ
[2021-12-10 22:15:18] <검은머리외계인 (xballsofsteelx)> 하이그레 네즈코?
[2021-12-10 22:15:23] <!%로머니 (hgh2401)> 한번 ㅈ되봐야 고치지 ㅋㅋ
[2021-12-10 22:15:27] <%enmu0302> 연애는 코딩이란소리가 괜히나오는게 아니기도 해
[2021-12-10 22:15:29] <@%^싹둑 (ssakdook)> 게임중에는 채팅을 잘 못읽어요! 끝나고 채팅쳐주세요!
[2021-12-10 22:15:45] <%enmu0302> 전 애인한테 디버깅 받아야 다음연애도 하고 하는거임
[2021-12-10 22:15:52] <%Tr4pCard1> 어질어질하거든요
[2021-12-10 22:15:55] <%Tr4pCard1> ㅋㅋㅋㅋㅋ
[2021-12-10 22:16:26] <_알비누 (e99soap)> 린하
[2021-12-10 22:16:28] <@%^싹둑 (ssakdook)> 린하린하
[2021-12-10 22:16:39] <%민돌ㆍ (pxggi1)> 그니까 미연시 엔딩 2번 보면 된다는거죠?
[2021-12-10 22:17:02] <%민돌ㆍ (pxggi1)> 경력직 느낌이네
[2021-12-10 22:17:06] <!%로머니 (hgh2401)> 누가 다 고쳐놓은사람이다 이말이야
[2021-12-10 22:17:09] <%부리부리몬_ (buriburi2201)> 아몰랑 난 내년에 학교가서 애기만들고 바로 결혼드갈거다
[2021-12-10 22:17:09] <예비삼수생 (sam011012)> dhwhdrWho
[2021-12-10 22:17:10] <트레비 (mu1716)> 연애를 그렇게 여러번 할 수 있을까..
[2021-12-10 22:17:16] <6k2y> 사랑해요 연애가중개
[2021-12-10 22:17:28] <%19트수 (fd969575)> ???: 그거 전남친 작품임ㅋㅋ
[2021-12-10 22:17:31] <%Tr4pCard1> 3번해도 ㅇㅇ
[2021-12-10 22:17:34] <%enmu0302> 제대로된 연애 2~3번만 해봐도 확다름
[2021-12-10 22:17:38] <6k2y> 나는 써ㅓㄹㄹㅌ티
[2021-12-10 22:18:15] <%민돌ㆍ (pxggi1)> 뼈말고 살을 깎지...
[2021-12-10 22:18:20] BAN: pxggi1 (1s)
[2021-12-10 22:18:23] <!%로머니 (hgh2401)> ㅋㅋㅋㅋㅋㅋㅋㅋㅋ
[2021-12-10 22:18:26] <%enmu0302> ㅋㅋㅋㅋㅋㅋㅌ
[2021-12-10 22:18:31] <6k2y> SeemsGood Kreygasm
[2021-12-10 22:18:41] <%enmu0302> 어차피 1월3일부터 먹을수있는것도 없는데
[2021-12-10 22:18:43] <%Tr4pCard1> 피티쌤 평생직장이네
[2021-12-10 22:18:46] <%enmu0302> 아무거나 다 쳐먹죠?
[2021-12-10 22:19:04] <%19트수 (fd969575)> 그냥 돼지에서 건강한 돼지가 되겠네요~
[2021-12-10 22:19:05] <!%로머니 (hgh2401)> 하긴 피티쌤도 일단 찌우라고했으니까
[2021-12-10 22:19:06] <%19트수 (fd969575)> ㄹㄱㅎㅃ
[2021-12-10 22:19:12] <%enmu0302> 맛있는건 친구랑 먹으세요
[2021-12-10 22:19:30] <%Tr4pCard1> BL?
[2021-12-10 22:19:32] <%민돌ㆍ (pxggi1)> BLT는 샌드위치 아님?
[2021-12-10 22:19:35] <%Tr4pCard1> 불편하네
[2021-12-10 22:19:48] <%19트수 (fd969575)> 그걸 왜 봄 ㄹㅇ
[2021-12-10 22:19:49] <!%로머니 (hgh2401)> ?
[2021-12-10 22:19:52] <!%로머니 (hgh2401)> 아내 생일맞이?
[2021-12-10 22:19:54] <%enmu0302> 오우
[2021-12-10 22:19:57] <%enmu0302> ㅋㅋㅋㅋㅋㅋㅋ
[2021-12-10 22:20:02] <%19트수 (fd969575)> ㅋㅋㅋㅋㅋㅋㅋㅋㅋㅋ
[2021-12-10 22:20:05] <%enmu0302> 스테이크집 저격 ㅋㅋㅋㅋ
[2021-12-10 22:20:10] <%Tr4pCard1> 오.. 꼴리노
[2021-12-10 22:20:11] BAN: hgh2401 (1s)
[2021-12-10 22:20:27] <@%^싹둑 (ssakdook)> 게임중에는 채팅을 잘 못읽어요! 끝나고 채팅쳐주세요!
[2021-12-10 22:20:31] <%19트수 (fd969575)> 몽탄도 한 번 가보세요
[2021-12-10 22:20:34] <%enmu0302> 아 나 게임 결제한거 취소됐다
[2021-12-10 22:20:50] <%Tr4pCard1> 뭔게임인데요?
[2021-12-10 22:20:51] [Usernotice] enmu0302 is gifting 5 Tier 1 Subs to 이린쨩's community! They've gifted a total of 69 in the channel!
[2021-12-10 22:20:51] <!%로머니 (hgh2401)> 여기서 구슬게임을하면 되겠네요~
[2021-12-10 22:20:52] [Notification] enmu0302 gifted a Tier 1 sub to 專訂閱醜狗!
[2021-12-10 22:20:52] [Notification] enmu0302 gifted a Tier 1 sub to TheBestGingerGamer! TheBestGingerGamer has subscribed for 2 months!
[2021-12-10 22:20:52] [Notification] enmu0302 gifted a Tier 1 sub to 절타!
[2021-12-10 22:20:52] [Notification] enmu0302 gifted a Tier 1 sub to 검은머리외계인! 검은머리외계인 has subscribed for 2 months!
[2021-12-10 22:20:52] [Notification] enmu0302 gifted a Tier 1 sub to 꼬꼬닭_!
[2021-12-10 22:20:54] <%Tr4pCard1> ㅋㅋㅋㅋㅋㅋ
[2021-12-10 22:20:55] <%19트수 (fd969575)> 캬캬캬
[2021-12-10 22:21:07] <%부리부리몬_ (buriburi2201)> ?
[2021-12-10 22:21:09] <%부리부리몬_ (buriburi2201)> 지야
[2021-12-10 22:21:15] <%Tr4pCard1> 수금돼지ㄷㄷ
[2021-12-10 22:21:18] <!%로머니 (hgh2401)> 검머외받았네
[2021-12-10 22:21:18] <%enmu0302> 3만원 취소돼서
[2021-12-10 22:21:22] <%enmu0302> 딱코
[2021-12-10 22:21:26] <%민돌ㆍ (pxggi1)> 씨1발 씨1발 진짜 내돈내산으로 구독하니까 ㅈㄴ뿌리네
[2021-12-10 22:21:26] <아다미_ (bbb930)> ㅋㅋㅋㅋㅋㅋㅋ
[2021-12-10 22:21:29] <!%로머니 (hgh2401)> ㅋㅋㅋㅋㅋㅋ
[2021-12-10 22:21:43] <%Tr4pCard1> 우욱십 ㅋㅋ
[2021-12-10 22:21:47] <!%로머니 (hgh2401)> ㅁㅊㅋㅋㅋㅋㅋㅋㅋ
[2021-12-10 22:21:50] <%enmu0302> ㅋㅋㅋㅋㅋㅋㅋ
[2021-12-10 22:21:55] <%19트수 (fd969575)> 음순...?
[2021-12-10 22:21:59] <%enmu0302> 대리트월킹은 신고가능함?
[2021-12-10 22:22:03] <!%로머니 (hgh2401)> 이젠 리액션도 공룡한테 외주주네
[2021-12-10 22:22:05] <@%^싹둑 (ssakdook)> 크레이지 자이언트 전속 모델 이린입니다! 도 넘은 비난은 자제부탁드려요!
[2021-12-10 22:22:14] <%검은머리외계인 (xballsofsteelx)> 한국 스테이크 맛은 다 거기서 거기임
[2021-12-10 22:22:24] <%enmu0302> 해장님 육아방송키시면 거기 해장달게요
[2021-12-10 22:22:30] <!%로머니 (hgh2401)> ㅋㅋㅋㅋㅋㅋㅋㅋ
[2021-12-10 22:22:57] <%검은머리외계인 (xballsofsteelx)> 정식당가
[2021-12-10 22:22:57] Viewerstats (21:52-22:22): avg:163 min:137 max:184 [17/141+0-2-2+0+13+0+31+0-4+0+7+0-9+0+2+0]
[2021-12-10 22:23:06] <%검은머리외계인 (xballsofsteelx)> 유용욱바베큐연구소도 괜춘해
[2021-12-10 22:23:13] <%enmu0302> 정식당은 김밥집 아님?
[2021-12-10 22:23:29] <%검은머리외계인 (xballsofsteelx)> 나 사장님이랑 같이ㅣ 공치는데
[2021-12-10 22:23:31] <%민돌ㆍ (pxggi1)> 이름만 대면 다 아는거 봐라 ㅋㅋㅋㅋ 역시
[2021-12-10 22:23:32] <%검은머리외계인 (xballsofsteelx)> 예약잡아줌?
[2021-12-10 22:23:34] <%부리부리몬_ (buriburi2201)> 만육천원김밥 ㄷㄷ
[2021-12-10 22:23:52] <%민돌ㆍ (pxggi1)> 조루많은곳
[2021-12-10 22:24:20] <%enmu0302> 옹
[2021-12-10 22:24:23] <%enmu0302> 1인화로?
[2021-12-10 22:25:14] <@%^싹둑 (ssakdook)> 게임중에는 채팅을 잘 못읽어요! 끝나고 채팅쳐주세요!
[2021-12-10 22:25:15] <%졸렬맨 (spally_0414)> 네즈코님 안녕하세요
[2021-12-10 22:25:16] <%검은머리외계인 (xballsofsteelx)> 걍 코스코 스테이크 사먹어
[2021-12-10 22:25:20] <%검은머리외계인 (xballsofsteelx)> 그게 젤 맛있어
[2021-12-10 22:25:22] <%민돌ㆍ (pxggi1)> 시켜줄께 주소불러
[2021-12-10 22:25:35] <%민돌ㆍ (pxggi1)> 만나서 카드결제 마구마구~
[2021-12-10 22:25:39] <%enmu0302> ㅋㅋㅋㅋㅋㅋ
[2021-12-10 22:25:39] <!%로머니 (hgh2401)> ㅋㅋㅋㅋㅋㅋㅋㅋㅋㅋㅋㅋㅋㅋㅋ
[2021-12-10 22:25:44] <%enmu0302> 음랜디 ㅋㅋ
[2021-12-10 22:26:28] <%enmu0302> 제가 봤는데 뷰지쥬지123이었음
[2021-12-10 22:26:29] <!%로머니 (hgh2401)> q1w2e3r4
[2021-12-10 22:26:29] <%검은머리외계인 (xballsofsteelx)> 내 생일
[2021-12-10 22:26:34] <%민돌ㆍ (pxggi1)> niemi
[2021-12-10 22:26:51] <%enmu0302> 1q2w3e3r!!
[2021-12-10 22:27:02] <%검은머리외계인 (xballsofsteelx)> 잠1지
[2021-12-10 22:27:34] <%enmu0302> 벌써 꽉참?
[2021-12-10 22:27:46] <%enmu0302> 오늘은 이미 영업종료했지 ㅋㅋㅋ
[2021-12-10 22:28:03] <%enmu0302> 컷!
[2021-12-10 22:28:14] <%enmu0302> 느림보는 김밥헤븐이나 가라고 ㅋㅋ
[2021-12-10 22:28:16] <%19트수 (fd969575)> ㅋㅋㅋㅋㅋㅋㅋㅋㅋ
[2021-12-10 22:28:20] <%민돌ㆍ (pxggi1)> 꼴좋노 ㅋㅋ
[2021-12-10 22:28:26] <!%로머니 (hgh2401)> vusdks
[2021-12-10 22:28:27] <!%로머니 (hgh2401)> 편안
[2021-12-10 22:28:36] <%검은머리외계인 (xballsofsteelx)> 근데 한국 스테이크집가서 맛있다고 생각해본적이 한번도 없음
[2021-12-10 22:28:36] <%enmu0302> 어딜 예약을 고작 1주일전에 할라고 ㅋㅋ
[2021-12-10 22:28:45] <%검은머리외계인 (xballsofsteelx)> 걍 갈비나 이런거는 괜찮은데
[2021-12-10 22:28:59] <%검은머리외계인 (xballsofsteelx)> 볼프강도 별로 맛 없었음
[2021-12-10 22:29:09] <%검은머리외계인 (xballsofsteelx)> 버드나무집 갈비 먹자
[2021-12-10 22:29:12] <와멋잇어요 (kaspins1)> 그래서 [남자]랑 가는거 맞죠?
[2021-12-10 22:29:14] <%enmu0302> 그렇다고 유튜버 초대해서 고기궈달라고 할순없잖음
[2021-12-10 22:29:19] BAN: kaspins1 (1s)
[2021-12-10 22:29:24] <%enmu0302> 대충 있는데서 먹는거지
[2021-12-10 22:29:29] <%민돌ㆍ (pxggi1)> 남자처럼 먹는분이 갑니다~
[2021-12-10 22:29:34] BAN: pxggi1 (1s)
[2021-12-10 22:29:51] <%민돌ㆍ (pxggi1)> 찐한갈ㅂ
[2021-12-10 22:30:02] <%enmu0302> 도삭면 호불호 갈리지
[2021-12-10 22:30:28] <%enmu0302> 언제올건지 공지만 해주셈
[2021-12-10 22:30:35] <%enmu0302> 4시까지 기다리긴 너무 빡셈
[2021-12-10 22:30:42] <@%^싹둑 (ssakdook)> 게임중에는 채팅을 잘 못읽어요! 끝나고 채팅쳐주세요!
[2021-12-10 22:30:46] <와멋잇어요 (kaspins1)> 방송을 안하면 그게 휴방이지 아 ㅋㅋ
[2021-12-10 22:30:56] <%민돌ㆍ (pxggi1)> 다음주 목요일까지는 안해도 됨
[2021-12-10 22:30:57] <%enmu0302> 3시쯤 쳐킨적도 있잖아요
[2021-12-10 22:31:09] <!%로머니 (hgh2401)> 혹시 어제처럼 한시간 찍싸는 짧방도 방송으로 포함하나여?
[2021-12-10 22:31:10] <%민돌ㆍ (pxggi1)> 시험이 금욜에 끝나 ㅅㅂ
[2021-12-10 22:31:16] <%검은머리외계인 (xballsofsteelx)> 이린쨩 공 칠줄 알어?
[2021-12-10 22:31:25] <%민돌ㆍ (pxggi1)> 다음주 월~금이요 씨1발
[2021-12-10 22:31:29] <%음일 (emilessman123)> 트수들은 감정 쓰레기통이어
[2021-12-10 22:32:01] <%enmu0302> 우리만 여기 똥통이라 생각하는게 아니라
[2021-12-10 22:32:08] <%enmu0302> 빵장도 여기 똥통이라고 봄
[2021-12-10 22:32:17] <%민돌ㆍ (pxggi1)> 그야 홀몸이 아니니까요
[2021-12-10 22:32:18] <%부리부리몬_ (buriburi2201)> 고아원이니까~
[2021-12-10 22:32:23] <%민돌ㆍ (pxggi1)> 라고하면 안되겠죠?
[2021-12-10 22:32:26] <%음일 (emilessman123)> 어머 쓰니야~방장이 아니라 원장이예요`
[2021-12-10 22:32:35] <%enmu0302> 헉!
[2021-12-10 22:32:40] <%enmu0302> 시정하겠습니다
[2021-12-10 22:32:51] <!%로머니 (hgh2401)> ㅋㅋㅋㅋㅋㅋㅋ
[2021-12-10 22:33:01] <%enmu0302> 키야ㅏㅏㅏ
[2021-12-10 22:33:02] <kmb210> 1
[2021-12-10 22:33:02] <@%^싹둑 (ssakdook)> 크레이지 자이언트 전속 모델 이린입니다! 도 넘은 비난은 자제부탁드려요!
[2021-12-10 22:33:04] <%enmu0302> 무사정임신 ㄷㄷ
[2021-12-10 22:33:10] <%부리부리몬_ (buriburi2201)> 곧 돌맞으시겠어요~
[2021-12-10 22:33:45] <!%로머니 (hgh2401)> x2lyn9Good2
[2021-12-10 22:33:46] <%민돌ㆍ (pxggi1)> 몇시에 봄?
[2021-12-10 22:33:46] <%부리부리몬_ (buriburi2201)> 방송은매일켜라
[2021-12-10 22:34:01] <!%로머니 (hgh2401)> x2lyn9Mia
[2021-12-10 22:34:08] <%부리부리몬_ (buriburi2201)> 뚤라 엉덩이 촉감 가르쳐줘잉
[2021-12-10 22:34:22] <%민돌ㆍ (pxggi1)> 재미는 모르겠고 항상 애미는없는데 그냥 매일 키죠
[2021-12-10 22:34:29] BAN: pxggi1 (1s)
[2021-12-10 22:34:47] <%민돌ㆍ (pxggi1)> 자기어필이 중요한 시대래요~
[2021-12-10 22:35:06] <%민돌ㆍ (pxggi1)> 린
[2021-12-10 22:35:07] <%민돌ㆍ (pxggi1)> 버
[2021-12-10 22:35:09] <%민돌ㆍ (pxggi1)> 거
[2021-12-10 22:35:10] <%민돌ㆍ (pxggi1)> 이
[2021-12-10 22:35:11] <%민돌ㆍ (pxggi1)> 린
[2021-12-10 22:35:13] <%민돌ㆍ (pxggi1)> 병
[2021-12-10 22:35:14] <%민돌ㆍ (pxggi1)> 신
[2021-12-10 22:35:14] <@%^싹둑 (ssakdook)> 게임중에는 채팅을 잘 못읽어요! 끝나고 채팅쳐주세요!
[2021-12-10 22:35:15] <%민돌ㆍ (pxggi1)> 년
[2021-12-10 22:35:24] <%enmu0302> ㅔㅔ
[2021-12-10 22:35:26] <%음일 (emilessman123)> 근데 어딜 자꾸 왔다갔다하는거임?? 또 몰래 샤인머스켓 먹으러 가는거 아니야??
[2021-12-10 22:35:33] <%enmu0302> 헉!
[2021-12-10 22:35:38] <%민돌ㆍ (pxggi1)> 피싸고 처먹고하느라 바쁘셔요 ㅠㅠ
[2021-12-10 22:35:49] <%enmu0302> 남친 숨겨놓고 빠르게 한판 뛴다네요 ㅠㅠ
[2021-12-10 22:36:09] <와멋잇어요 (kaspins1)> 헉 ㅜㅜ
[2021-12-10 22:36:17] <%음일 (emilessman123)> 토끼도 그것보단 느려요
[2021-12-10 22:36:55] <%음일 (emilessman123)> x2lyn9Whatthe
[2021-12-10 22:37:02] <!%로머니 (hgh2401)> x2lyn9Mia
[2021-12-10 22:37:49] <%부리부리몬_ (buriburi2201)> 허버
[2021-12-10 22:37:56] <%부리부리몬_ (buriburi2201)> 잘가라
[2021-12-10 22:37:57] <%enmu0302> x2lyn9Mia
[2021-12-10 22:38:07] <%음일 (emilessman123)> 가기 전에 아이디는 나 주고 가라
[2021-12-10 22:38:10] <%민돌ㆍ (pxggi1)> 나 그거때문에 이비인후과 가봤는데
[2021-12-10 22:38:14] <%부리부리몬_ (buriburi2201)> 장례식장 위치만알려줘
[2021-12-10 22:38:14] <%민돌ㆍ (pxggi1)> 인두로 코 안에 지진다
[2021-12-10 22:38:20] <%민돌ㆍ (pxggi1)> 고기냄새남
[2021-12-10 22:38:26] <%Tr4pCard1> ㅋㅋㅋㅋㅋㅋㅋㅋ
[2021-12-10 22:38:33] <%Tr4pCard1> 침샘 줄줄ww
[2021-12-10 22:38:38] <%민돌ㆍ (pxggi1)> ?
[2021-12-10 22:38:46] <%Tr4pCard1> 가서 수육 ㅈㄴ먹어야하는데 뭔소리임;
[2021-12-10 22:38:47] <%민돌ㆍ (pxggi1)> 육개장 무료나눔 이벤트를..
[2021-12-10 22:38:48] <%음일 (emilessman123)> x2lyn9Again x2lyn9Again x2lyn9Again x2lyn9Again x2lyn9Again x2lyn9Again x2lyn9Again
[2021-12-10 22:38:50] <롸비 (nyn100)> 그거 진짜 피곤하고 피의 생기가 없어서 그런거 아님?
[2021-12-10 22:38:51] <%부리부리몬_ (buriburi2201)> 우리 육개장도 안챙겨주고가네
[2021-12-10 22:38:58] <%Tr4pCard1> 통큰치킨처럼 파는거?
[2021-12-10 22:39:01] <와멋잇어요 (kaspins1)> 저요
[2021-12-10 22:39:05] <%부리부리몬_ (buriburi2201)> 깍ㅇ
[2021-12-10 22:39:07] <와멋잇어요 (kaspins1)> 그냥 오븐구이잖아
[2021-12-10 22:39:08] <롸비 (nyn100)> 혈액순환안되는거
[2021-12-10 22:39:10] <%부리부리몬_ (buriburi2201)> 깍에 든거?
[2021-12-10 22:39:13] <%Tr4pCard1> 헬붕이 닭이엿노 ㅋㅋ
[2021-12-10 22:39:16] <%Tr4pCard1> 스쿼트좀 쳣ㅎ나
[2021-12-10 22:39:17] <%민돌ㆍ (pxggi1)> ㅋㅋㅋㅋㅋㅋ
[2021-12-10 22:39:19] <!%로머니 (hgh2401)> ㅋㅋㅋㅋㅋㅋㅋㅋ
[2021-12-10 22:39:21] <%enmu0302> 그거 통으로 굴리는거라 수분기 다빠짐
[2021-12-10 22:39:34] <%Tr4pCard1> 아
[2021-12-10 22:39:34] <와멋잇어요 (kaspins1)> 식은다음에 먹은거아님?
[2021-12-10 22:39:39] <%Tr4pCard1> 옛날통닭식이면
[2021-12-10 22:39:43] <%Tr4pCard1> 닭다리 뻑뻑함 애무게이말이맞다
[2021-12-10 22:39:53] <%Tr4pCard1> 천천히 익히는거라 수분다빠짐 ㅇㅇ
[2021-12-10 22:40:00] <%enmu0302> 그건 뭘 어떻게해도 뻑뻑함
[2021-12-10 22:40:08] <와멋잇어요 (kaspins1)> 그거 그래서 통보면 밑에 바닥에 물졸라많을텐데
[2021-12-10 22:40:15] <%enmu0302> 버터한통 올려놓고 온풍기에 한시간 두는거 아닌이상
[2021-12-10 22:40:28] <@%^싹둑 (ssakdook)> 게임중에는 채팅을 잘 못읽어요! 끝나고 채팅쳐주세요!
[2021-12-10 22:40:36] <%민돌ㆍ (pxggi1)> 비주얼은 맛있어 보이는데 물이 ㅈㄴ 흐르고 한입 먹자마자 ㅈ같다라...닭 말하는거 맞죠?
[2021-12-10 22:40:40] <~%이린쨩 (2lyn_98)> zz
[2021-12-10 22:40:42] <%음일 (emilessman123)> 마치 겉보기에는 훌륭한 시장같았지만 실체는 비서 엉덩이나 만지는...
[2021-12-10 22:40:44] <%부리부리몬_ (buriburi2201)> 이린쓰냐 혹시 참치회 냉장고에 하루묵히면 안되는거야?
[2021-12-10 22:40:51] <~%이린쨩 (2lyn_98)> @부리부리몬_ 참치먹어본적업음
[2021-12-10 22:40:53] <!%로머니 (hgh2401)> ㅋㅋㅋㅋㅋㅋㅋㅋㅋㅋ
[2021-12-10 22:41:03] <%민돌ㆍ (pxggi1)> 동원참치나 먹어
[2021-12-10 22:41:10] <%부리부리몬_ (buriburi2201)> 아 해산물못먹는댔나 ㅠ
[2021-12-10 22:41:12] <와멋잇어요 (kaspins1)> 2일지나면 먹지마요 회로
[2021-12-10 22:41:23] <%부리부리몬_ (buriburi2201)> ㅇㅎ
[2021-12-10 22:41:23] <%enmu0302> 회는 2일도 간당간당함
[2021-12-10 22:41:26] <%enmu0302> 금방상해
[2021-12-10 22:41:36] <%enmu0302> 식중독 걸리기 딱좋음
[2021-12-10 22:41:38] <%음일 (emilessman123)> 그래서 더 스릴있는거 아닐까요?
[2021-12-10 22:41:52] <%Tr4pCard1> 먹고 내일 못일어날지 말지 그게 스릴잇거든 ㅋㅋ
[2021-12-10 22:42:02] <%enmu0302> 스릴 즐기는 타입이면 가서 병원폐기물이나 주워먹으셈
[2021-12-10 22:42:08] <와멋잇어요 (kaspins1)> 1~2일마지노선
[2021-12-10 22:42:21] <%enmu0302> 아무 대학교 랩실같은데 가면 널려있기도 해
[2021-12-10 22:42:23] <%Tr4pCard1> 그 폐기물이 제 근처에 있기는 하거든요 아 ㅋㅋ
[2021-12-10 22:42:27] <%민돌ㆍ (pxggi1)> 그래 먹자 ㅇㅇ 식중독 걸려서  갤갤대면서까지 뭐 주워처먹진 않겠지
[2021-12-10 22:42:33] <%부리부리몬_ (buriburi2201)> ㅇㅎ
[2021-12-10 22:42:38] <%부리부리몬_ (buriburi2201)> 낼점심밥 낙정
[2021-12-10 22:43:00] <%enmu0302> x2lyn9Again x2lyn9Again x2lyn9Again
[2021-12-10 22:43:06] <!%로머니 (hgh2401)> 월요일까지 가면 ㄹㅇ
[2021-12-10 22:43:06] <%enmu0302> 휴방각재는건 챌린저야
[2021-12-10 22:43:08] <!%로머니 (hgh2401)> 갈꺼같은데
[2021-12-10 22:43:09] <와멋잇어요 (kaspins1)> 병원 수액인증샷 필수
[2021-12-10 22:43:25] <%민돌ㆍ (pxggi1)> 사시미 있음?
[2021-12-10 22:43:27] <%부리부리몬_ (buriburi2201)> x2lyn9Again simjamDDo x2lyn9Again
[2021-12-10 22:43:29] <%enmu0302> 여기 의료계 종사자 있다 이린아 인증샷 잘가져와야된다
[2021-12-10 22:43:54] <!%로머니 (hgh2401)> 아
[2021-12-10 22:43:54] <와멋잇어요 (kaspins1)> 그거 레몬이랑 식초물에 20분담가두면 졸라맛있음
[2021-12-10 22:43:55] <!%로머니 (hgh2401)> 맛있겠다
[2021-12-10 22:43:56] <%음일 (emilessman123)> 잠시만 이거 큰그림 아니야?? 내일 연어 먹고 일요일 골골대다가 월 화 휴방하고 수요일 키려는...?
[2021-12-10 22:44:05] <@%^싹둑 (ssakdook)> 크레이지 자이언트 전속 모델 이린입니다! 도 넘은 비난은 자제부탁드려요!
[2021-12-10 22:44:07] <%부리부리몬_ (buriburi2201)> 쉿!
[2021-12-10 22:44:33] <%enmu0302> 그거 배합법?
[2021-12-10 22:44:34] <!%로머니 (hgh2401)> + 랜딩비는 밀린거 계산해서 다받음
[2021-12-10 22:44:35] <%부리부리몬_ (buriburi2201)> 홀스레디쉬는 사드세요~
[2021-12-10 22:44:39] <%enmu0302> 그 뭐라그러냐
[2021-12-10 22:44:43] <%enmu0302> 레시피 그래
[2021-12-10 22:44:48] <%enmu0302> 레시피 있음
[2021-12-10 22:44:51] <와멋잇어요 (kaspins1)> 걍 마요 식초 설탕 레몬 이렇게 넣어서 섞어요 대충
[2021-12-10 22:45:16] <와멋잇어요 (kaspins1)> 양파는 물에 매운맛빼서먹죠 ㅇ안그러면 방구 졸라뀜
[2021-12-10 22:45:31] <@%^싹둑 (ssakdook)> 게임중에는 채팅을 잘 못읽어요! 끝나고 채팅쳐주세요!
[2021-12-10 22:45:32] <!%로머니 (hgh2401)> 캬
[2021-12-10 22:45:33] <!%로머니 (hgh2401)> 찢었다
[2021-12-10 22:45:36] <%민돌ㆍ (pxggi1)> 캬
[2021-12-10 22:45:36] <%enmu0302> 캬
[2021-12-10 22:45:37] <%쿠우중독자 (dkclssha123)> 머드나요?
[2021-12-10 22:45:37] <스톤프리 (hanbisa)> PridePog
[2021-12-10 22:45:37] <%부리부리몬_ (buriburi2201)> 지야
[2021-12-10 22:45:39] <%부리부리몬_ (buriburi2201)> 치이익
[2021-12-10 22:45:39] <와멋잇어요 (kaspins1)> 캬
[2021-12-10 22:45:41] <%크런키팝콘 (ju_myon)> 현행범들 다잡아
[2021-12-10 22:45:43] <%부리부리몬_ (buriburi2201)> 찢었다
[2021-12-10 22:45:45] <와멋잇어요 (kaspins1)> 이게 진짜지
[2021-12-10 22:45:46] <~%이린쨩 (2lyn_98)> 볶음밥이요
[2021-12-10 22:45:49] <!%로머니 (hgh2401)> 쇼미더대장동
[2021-12-10 22:46:06] <%부리부리몬_ (buriburi2201)> 저게 대통령..?
[2021-12-10 22:46:09] <%크런키팝콘 (ju_myon)> 범죄조직 보스
[2021-12-10 22:46:13] <%enmu0302> 사실 나도 모름
[2021-12-10 22:46:15] <%민돌ㆍ (pxggi1)> 야쿠자요
[2021-12-10 22:46:17] <스톤프리 (hanbisa)> 다음머통령이요
[2021-12-10 22:46:17] <%부리부리몬_ (buriburi2201)> 찢고 찢는 사람이요
[2021-12-10 22:46:24] <chlrkdwnsdud> 엥 왤케 이뻐짐?
[2021-12-10 22:46:31] <%민돌ㆍ (pxggi1)> 형보수지 찢는사람
[2021-12-10 22:46:35] <%음일 (emilessman123)> 원래 이뻤습니다~
[2021-12-10 22:46:41] <%더불어문프권리당원 (goodbyemoonpr)> 린하린하
[2021-12-10 22:46:45] <%더불어문프권리당원 (goodbyemoonpr)> 요즘따라 방송 일찍키시니에ㅛ
[2021-12-10 22:46:45] <%민돌ㆍ (pxggi1)> 달라진거 : 무게
[2021-12-10 22:46:49] <%부리부리몬_ (buriburi2201)> ㄹㅇ 이런말하긴 뷰지? 같지만 이린쓰냐,,, 요새 여캠같아
[2021-12-10 22:46:50] <!%로머니 (hgh2401)> ㅋㅋㅋㅋㅋㅋㅋㅋㅋ
[2021-12-10 22:46:50] <%음일 (emilessman123)> 헉!
[2021-12-10 22:46:54] <와멋잇어요 (kaspins1)> 헉!
[2021-12-10 22:46:56] BAN: pxggi1 (1s)
[2021-12-10 22:47:02] <%Tr4pCard1> 헉
[2021-12-10 22:47:15] <와멋잇어요 (kaspins1)> 돈에 미친것같단거 아닐까요
[2021-12-10 22:47:22] <%부리부리몬_ (buriburi2201)> 엽캠>>>>여캠 으로 진화한거같아
[2021-12-10 22:47:31] <%더불어문프권리당원 (goodbyemoonpr)> 집주인: 나가
[2021-12-10 22:47:32] <%enmu0302> 코묻은돈이 제일 맛있거든요~
[2021-12-10 22:47:44] <%부리부리몬_ (buriburi2201)> 서울역 노숙이면 24시간 야방이냐? 더나이스
[2021-12-10 22:47:45] <~%이린쨩 (2lyn_98)> 아니씨발계약연장한다고했는데
[2021-12-10 22:47:50] <~%이린쨩 (2lyn_98)> 된다고해놓고
[2021-12-10 22:47:52] <트레비 (mu1716)> 노숙 시작하시면 현실도네하러 갈게여
[2021-12-10 22:47:52] <~%이린쨩 (2lyn_98)> 15일뒤에
[2021-12-10 22:47:54] <~%이린쨩 (2lyn_98)> 갑자기안된다고
[2021-12-10 22:47:56] <~%이린쨩 (2lyn_98)> 5일뒤에이사하래
[2021-12-10 22:48:03] <~%이린쨩 (2lyn_98)> 다음집 복비안받는다고
[2021-12-10 22:48:04] <%민돌ㆍ (pxggi1)> 이사 어디로 갈거임?
[2021-12-10 22:48:05] <~%이린쨩 (2lyn_98)> 도라이농?
[2021-12-10 22:48:06] <~%이린쨩 (2lyn_98)> 같은건물
[2021-12-10 22:48:12] <%부리부리몬_ (buriburi2201)> ㅋㅋㄱㅋㄱㅋ ㅋ
[2021-12-10 22:48:17] <!%로머니 (hgh2401)> 아
[2021-12-10 22:48:26] <!%로머니 (hgh2401)> 같은건물에서 칸만 바뀌는거?
[2021-12-10 22:48:27] <%민돌ㆍ (pxggi1)> 처먹으라 입은 바빠서 채팅으로 싸는거 봐라
[2021-12-10 22:48:42] <%부리부리몬_ (buriburi2201)> 마씨네 동거하죠?
[2021-12-10 22:48:46] <~%이린쨩 (2lyn_98)> ㄴㄴ
[2021-12-10 22:48:47] <~%이린쨩 (2lyn_98)> 기빨려
[2021-12-10 22:48:48] <~%이린쨩 (2lyn_98)> ㄴㅋ
[2021-12-10 22:48:55] <%민돌ㆍ (pxggi1)> 정기가 쪼옥
[2021-12-10 22:48:55] <%부리부리몬_ (buriburi2201)> ㄱㄱㄲㅋㄲㄲㄱㅋ
[2021-12-10 22:49:04] <%부리부리몬_ (buriburi2201)> 마씨 구미호설
[2021-12-10 22:49:33] <%민돌ㆍ (pxggi1)> 그냥 가정부로 넣어달라 하죠
[2021-12-10 22:49:51] <%부리부리몬_ (buriburi2201)> 도라에몽이냐고 ㅋㄱ
[2021-12-10 22:49:55] <%19트수 (fd969575)> ???: 이린아 섹 스
[2021-12-10 22:50:06] <!%로머니 (hgh2401)> ㅋㅋㅋㅋㅋㅋㅋㅋㅋㅋ
[2021-12-10 22:50:11] <%부리부리몬_ (buriburi2201)> 반병은 씨이발
[2021-12-10 22:50:11] <%19트수 (fd969575)> ㅋㅋㅋㅋㅋㅋㅋㅋㅋㅋ
[2021-12-10 22:50:28] <%크런키팝콘 (ju_myon)> 미 친 유 기 견
[2021-12-10 22:50:29] <@%^싹둑 (ssakdook)> 게임중에는 채팅을 잘 못읽어요! 끝나고 채팅쳐주세요!
[2021-12-10 22:50:43] <와멋잇어요 (kaspins1)> 캬
[2021-12-10 22:50:55] <%부리부리몬_ (buriburi2201)> 이린님 지금차트 보여주세요~
[2021-12-10 22:51:13] <%부리부리몬_ (buriburi2201)> 메타 ㅋㅋㄱㅋㅋ
[2021-12-10 22:51:16] <%민돌ㆍ (pxggi1)> 블루...? 파랑...? 더불어민주당..?
[2021-12-10 22:51:18] <%크런키팝콘 (ju_myon)> 시퍼렇네
[2021-12-10 22:51:18] <%19트수 (fd969575)> ㅋㅋㅋㅋㅋㅋㅋㅋㅋ
[2021-12-10 22:51:23] <%부리부리몬_ (buriburi2201)> 메타 -50  엄ㅋㅋ
[2021-12-10 22:51:31] <%19트수 (fd969575)> 메타 개 같이 멸망ㅋㅋㅋ
[2021-12-10 22:51:44] <%더불어문프권리당원 (goodbyemoonpr)> 코인방송 더 나이스
[2021-12-10 22:52:02] <%19트수 (fd969575)> 저게 어떻게 저번주에 빨간불이었냐고ㅋㅋ
[2021-12-10 22:52:07] <%크런키팝콘 (ju_myon)> 캬
[2021-12-10 22:52:35] <%부리부리몬_ (buriburi2201)> 그래 이번주에 빝코도 천만원 떨어졌댄다
[2021-12-10 22:53:03] Viewerstats (22:24-22:53): avg:177 min:166 max:185 [15/177+3+0-14+3+0+0+15+0-4+0+5+0-11+0]
[2021-12-10 22:53:05] <%크런키팝콘 (ju_myon)> 난 주식코인같은거 무서워서 못하겟
[2021-12-10 22:53:10] <%더불어문프권리당원 (goodbyemoonpr)> 난 중국 헝다그룹 디폴트 확정떠서 걍 손해나도 다 손절쳤는데
[2021-12-10 22:53:22] <%부리부리몬_ (buriburi2201)> 근데 차트가 파란색인게 이린님이 곧 들어가실 한강 물 색 같네요~
[2021-12-10 22:53:33] <!%로머니 (hgh2401)> 그거 아직 헝다 마무리안되서 ㅋㅋ
[2021-12-10 22:53:41] <!%로머니 (hgh2401)> 아직도 폭탄 째깍거리는중
[2021-12-10 22:53:48] <%부리부리몬_ (buriburi2201)> 난 내년 땡치자마자 이린이 사는거 따라사야겠다
[2021-12-10 22:54:02] <%더불어문프권리당원 (goodbyemoonpr)> ㄷㄷ
[2021-12-10 22:54:07] <우리혁의변호인 (dontop32)> 안녕하세요  비트코인 굿 얼굴은더 이쁘시고
[2021-12-10 22:54:20] <%크런키팝콘 (ju_myon)> 서윗 건빵
[2021-12-10 22:54:30] <%부리부리몬_ (buriburi2201)> 근데 지금 떨어져서 지금 사는게 맞나?
[2021-12-10 22:54:55] <%더불어문프권리당원 (goodbyemoonpr)> 왤캐 훌쩍거림 ㅋㅋ
[2021-12-10 22:55:18] <%부리부리몬_ (buriburi2201)> 어제 퐁남이랑 잘 안됐다너요ㅠ
[2021-12-10 22:55:25] <@%^싹둑 (ssakdook)> 크레이지 자이언트 전속 모델 이린입니다! 도 넘은 비난은 자제부탁드려요!
[2021-12-10 22:55:27] <%크런키팝콘 (ju_myon)> ㅇㅇ 나도 매운거나 뜨거운거먹으면 휴지 ㅈㄴ씀
[2021-12-10 22:55:46] <%더불어문프권리당원 (goodbyemoonpr)> ㅋㅋㅋ
[2021-12-10 22:56:06] <%더불어문프권리당원 (goodbyemoonpr)> 아 뜨거운거 먹으면 콧물 나오는 사람 있긴함
[2021-12-10 22:56:11] <%더불어문프권리당원 (goodbyemoonpr)> 엄
[2021-12-10 22:56:44] <김너리 (3chamcham2)> ㅗ
[2021-12-10 22:56:46] <!%로머니 (hgh2401)> ㅋ
[2021-12-10 22:56:56] <%부리부리몬_ (buriburi2201)> 그것참 김에 밥말아먹으면 김밥이라는 소리네요
[2021-12-10 22:56:58] <%더불어문프권리당원 (goodbyemoonpr)> 멸 망
[2021-12-10 22:57:06] BAN: kaspins1 (5s)
[2021-12-10 22:57:06] <와멋잇어요 (kaspins1)> 그새끼만 잡았어도..
[2021-12-10 22:57:07] <@%^싹둑 (ssakdook)> 와멋잇어요 -> 금지 단어 사용에 주의해주세요. *** [경고]
[2021-12-10 22:57:16] <%부리부리몬_ (buriburi2201)> 김밥 먹고싶단소리?
[2021-12-10 22:57:18] <%부리부리몬_ (buriburi2201)> 야
[2021-12-10 22:57:24] <%더불어문프권리당원 (goodbyemoonpr)> 정리 방송 하죠
[2021-12-10 22:57:26] <와멋잇어요 (kaspins1)> 연어에 소금으로 꼭 숙성해주세요 졸라맛있으니까
[2021-12-10 22:57:28] <김너리 (3chamcham2)> ㅎㄹ핡
[2021-12-10 22:57:30] <%부리부리몬_ (buriburi2201)> 정리방송 ㄲ
[2021-12-10 22:57:38] <김너리 (3chamcham2)> !명령어
[2021-12-10 22:57:40] <@%^싹둑 (ssakdook)> http://ssakdook.twip.kr/command/2lyn_98
[2021-12-10 22:57:41] <!%로머니 (hgh2401)> 그 정리가 손실난 코인 정리매매는 아니겠죠
[2021-12-10 22:57:46] <와멋잇어요 (kaspins1)> ㅇㅇ
[2021-12-10 22:58:11] <%부리부리몬_ (buriburi2201)> 이린은 퐁퐁으로 숙성해주세요~ 더 많은 코인을 획득할수있어요
[2021-12-10 22:58:48] <%크런키팝콘 (ju_myon)> 캬 로니콜먼을 씹어먹었다
[2021-12-10 22:59:26] <%부리부리몬_ (buriburi2201)> 탱글이린  ㄷㄷ
[2021-12-10 22:59:26] <김너리 (3chamcham2)> 이미  탱탱하자낭
[2021-12-10 22:59:39] <!%로머니 (hgh2401)> 튼실이린
[2021-12-10 22:59:46] <%더불어문프권리당원 (goodbyemoonpr)> 쳐 진 이 린
[2021-12-10 22:59:50] <김너리 (3chamcham2)> 가슴살빠질까봐 걱정돼?
[2021-12-10 22:59:51] BAN: goodbyemoonpr (1s)
[2021-12-10 22:59:54] <%부리부리몬_ (buriburi2201)> 쳐진 ㅋㄱㄱㄱㄱㄱㅋ
[2021-12-10 23:00:14] <%크런키팝콘 (ju_myon)> ㅠㅠ
[2021-12-10 23:00:18] <김너리 (3chamcham2)> 쳐질가봐 브라하는거자나
[2021-12-10 23:00:18] <%민돌ㆍ (pxggi1)> 시무라 마냥 축 쳐진거 보면 ㅈ같긴함 ㅇㅇ
[2021-12-10 23:00:21] <%더불어문프권리당원 (goodbyemoonpr)> 솔직히 미드는 크기보단 탄력성이지
[2021-12-10 23:00:48] <김너리 (3chamcham2)> 나이도ㅓㅑ 아직어린대
[2021-12-10 23:00:53] <김너리 (3chamcham2)> 뭘 벌써부터걱정해
[2021-12-10 23:00:55] <@%^싹둑 (ssakdook)> 크레이지 자이언트 전속 모델 이린입니다! 도 넘은 비난은 자제부탁드려요!
[2021-12-10 23:01:21] <hound3113> bj중에 많음
[2021-12-10 23:01:26] <%민돌ㆍ (pxggi1)> 지방흡입부터 먼저하자
[2021-12-10 23:01:31] BAN: 3chamcham2 (5s)
[2021-12-10 23:01:31] <김너리 (3chamcham2)> 개색기야래 ㅋㅋ
[2021-12-10 23:01:32] <%부리부리몬_ (buriburi2201)> 축소는 본래자기 지방을 빼는거임?
[2021-12-10 23:01:32] <@%^싹둑 (ssakdook)> 김너리 -> 금지 단어 사용에 주의해주세요. (개색) [경고]
[2021-12-10 23:01:37] <%더불어문프권리당원 (goodbyemoonpr)> 그건 어디서부터 해야될지 감당이 안되는....
[2021-12-10 23:01:45] <김너리 (3chamcham2)> 유방손실
[2021-12-10 23:01:54] <rla5324> 이린님은 나올때만 나온거아닌가요?
[2021-12-10 23:02:29] <%크런키팝콘 (ju_myon)> 오히려 너무빼서 체지방량 8%이상내려가면 면역력떨어짐 지금이딱좋음 ㅇㅇ
[2021-12-10 23:02:36] <!%로머니 (hgh2401)> 어우
[2021-12-10 23:02:40] <%부리부리몬_ (buriburi2201)> 왜하필 유륜이어ㆍ
[2021-12-10 23:02:55] <hound3113> 다른곳은 칼자국
[2021-12-10 23:03:19] <%부리부리몬_ (buriburi2201)> 젖 아래하면 들보이지 않음?
[2021-12-10 23:03:19] <%Tr4pCard1> 근데 팔얇은데
[2021-12-10 23:03:22] <%Tr4pCard1> 왜 지방흡입하나요
[2021-12-10 23:03:40] <%민돌ㆍ (pxggi1)> 상체만?
[2021-12-10 23:03:44] <+호주공대졸업생 (ohmanbo)> 썸네일보고 들어올수밖에 없었어요
[2021-12-10 23:03:54] <hound3113> 서양식이네
[2021-12-10 23:03:55] <!%로머니 (hgh2401)> 오
[2021-12-10 23:03:59] <%음일 (emilessman123)> 날다람쥐인가요
[2021-12-10 23:04:02] <!%로머니 (hgh2401)> 그거 생각나면 진짜 다리얇은건데
[2021-12-10 23:04:05] <%부리부리몬_ (buriburi2201)> 차라리 종아리가 굵어야 좋은거 아님?
[2021-12-10 23:05:17] <!%로머니 (hgh2401)> ?
[2021-12-10 23:05:20] <!%로머니 (hgh2401)> 뭐 다있네 다있어
[2021-12-10 23:05:23] <%부리부리몬_ (buriburi2201)> ?
[2021-12-10 23:05:25] <@%^싹둑 (ssakdook)> 게임중에는 채팅을 잘 못읽어요! 끝나고 채팅쳐주세요!
[2021-12-10 23:05:27] <!%로머니 (hgh2401)> 몸속이 다이소네
[2021-12-10 23:05:34] <hound3113> PogBones
[2021-12-10 23:05:34] <%부리부리몬_ (buriburi2201)> 이린쓰냐 병원이네
[2021-12-10 23:06:59] <%크런키팝콘 (ju_myon)> ㅇㅇ 하체는 느낌이다름
[2021-12-10 23:07:11] <%Tr4pCard1> 대근육들은 다그럼
[2021-12-10 23:07:31] <%크런키팝콘 (ju_myon)> 응응 쓰니야 ㅠㅠ 나도 하체할때 ㅈ같아 ㅠㅠ
[2021-12-10 23:07:33] <%Tr4pCard1> 내가 말한거 드셈
[2021-12-10 23:07:37] <%Tr4pCard1> 그거 먹으면 그나마 덜하긴함 ㅇㅇ
[2021-12-10 23:07:45] <!%로머니 (hgh2401)> ㅁㅊ
[2021-12-10 23:07:47] <!%로머니 (hgh2401)> 저걸 또
[2021-12-10 23:07:59] <%부리부리몬_ (buriburi2201)> 웃음벨 가정파괴범 ㅋㅋ
[2021-12-10 23:08:23] <%Tr4pCard1> 횐님 바벨 등에 얹으세요
[2021-12-10 23:08:24] <%Tr4pCard1> ㄹㅇㅋㅋ
[2021-12-10 23:08:31] <%민돌ㆍ (pxggi1)> 육봉
[2021-12-10 23:08:32] <%Tr4pCard1> 에??
[2021-12-10 23:08:34] <%Tr4pCard1> 나니???
[2021-12-10 23:08:35] BAN: pxggi1 (1s)
[2021-12-10 23:08:58] <%Tr4pCard1> 옆에 바퀴 하나씩 끼우더라고 ㅋㅋ
[2021-12-10 23:09:00] <%부리부리몬_ (buriburi2201)> 준비운동을 마쳤더니 날 랙으로 끌고가는 트레이너 ㄷㄷ
