# Log started: 2021-12-10 19:59:31 +0900
[2021-12-10 19:59:31] #2me2na 채널 입장 중입니다
[2021-12-10 19:59:31] #2me2na 채널에 입장했습니다
[2021-12-10 19:59:32] ~1539 아만 스카 아브렐슈드 (LOST ARK)~
[2021-12-10 19:59:34] <_사신 (sasinnnn_)> 방송 소리 꺼놨을수도
[2021-12-10 20:01:08] <숙코영 (loaon1218)> 트라이해야할떄는 방송하는 분이랑 같이 가면 좋은거 같음 모니터링이 가능해서 뭐가 문제인지 파악하기도 쉽구 ㅇㅅㅇ
[2021-12-10 20:01:14] <%라쿤이다 (bs208)> 이게 살아?
[2021-12-10 20:01:15] <_사신 (sasinnnn_)> ????
[2021-12-10 20:01:17] <%윤비비전용발닦개 (i_think_so__)> 와우
[2021-12-10 20:01:18] <%daily43> 이게 사네
[2021-12-10 20:01:19] <%마르키사 (rockidel)> 와 진짜
[2021-12-10 20:01:20] <%윤비비전용발닦개 (i_think_so__)> ㅋㅋㅋㅋㅋㅋ
[2021-12-10 20:01:22] <%마르키사 (rockidel)> 나가셔야함
[2021-12-10 20:01:23] <빛런 (dabin0515)> 모야
[2021-12-10 20:01:23] <리나수 (sjw7328)> 어케 살았누?
[2021-12-10 20:01:36] <%라쿤이다 (bs208)> 스택도 높은데 사네 ㅋㅋㅋ
[2021-12-10 20:01:47] <%마르키사 (rockidel)> 프로켈이 무력화 됐을때 활성화 됨
[2021-12-10 20:01:49] <_사신 (sasinnnn_)> 유산슼은 물몸이 아니구나..
[2021-12-10 20:02:20] <숙코영 (loaon1218)> 가성비 + 체방도 높아 + 면역도 좋아 그냥 다 가진직업이라고 생각함
[2021-12-10 20:02:30] <%윤비비전용발닦개 (i_think_so__)> 100줄은 그냥 까네
[2021-12-10 20:02:44] <유월혁 (hyeok1201)> 舍 久丨 卟 讣 ! ! 只 山 亼 刁卜
[2021-12-10 20:02:48] <@^빵_떡 (bbangddeock)> 어서오세요 아직 팔로우 안하셨다면 팔로우 부탁해요 °˖✧◝(⁰▿⁰)◜✧˖°
[2021-12-10 20:02:54] <숙코영 (loaon1218)> 숨지마라 유산스카
[2021-12-10 20:02:59] <유월혁 (hyeok1201)> 체방 낮은데 쉴드로 버티는거죠
[2021-12-10 20:03:13] <유월혁 (hyeok1201)> 누가 보석 2개만 넣으래
[2021-12-10 20:03:36] <%게임할때빛나는너와나 (startstory3232)> ㅎㅎ
[2021-12-10 20:03:41] <숙코영 (loaon1218)> ㅋㅋㅋㅋㅋㅋㅋㅋㅋ
[2021-12-10 20:03:44] <+마르티네즈_ (martinez119)> ? 10멸화 홍염 두개겠죠?
[2021-12-10 20:03:44] <@^빵_떡 (bbangddeock)> 갈고리 수집  4256 개째
[2021-12-10 20:03:45] <%포인트채굴 (zeze4013)> 내가
[2021-12-10 20:03:46] <%포인트채굴 (zeze4013)> 기필코
[2021-12-10 20:03:49] <%포인트채굴 (zeze4013)> 올9 낀다
[2021-12-10 20:04:19] <청포도나무 (pjs02126)> 공대장 넘기셨음?
[2021-12-10 20:04:27] <%윤비비전용발닦개 (i_think_so__)> ㄷㄷ
[2021-12-10 20:04:29] <%daily43> 뭔가 이상한데?
[2021-12-10 20:04:36] <식슨생님 (ekewjdtlr)> 어째 볼때마다 누워계시네요
[2021-12-10 20:04:43] <%윤비비전용발닦개 (i_think_so__)> 7분 다 시청자분?
[2021-12-10 20:04:45] <hyunehan> 요기 트라인가여
[2021-12-10 20:04:56] <%게임할때빛나는너와나 (startstory3232)> ㅎㅎ
[2021-12-10 20:05:33] <유월혁 (hyeok1201)> 빛점토 던지면 바보되요
[2021-12-10 20:05:58] <%윤비비전용발닦개 (i_think_so__)> 로아센세구나
[2021-12-10 20:06:06] <%daily43> ㅋㅋㅋ
[2021-12-10 20:06:08] <집에가 (gudsmsla)> ㅋㅋㅋㅋㅋㅋㅋㅋ
[2021-12-10 20:06:11] <jumpernike23> show his bow
[2021-12-10 20:06:46] <%daily43> 스택 쌓이면 나오는것도
[2021-12-10 20:06:48] <유월혁 (hyeok1201)> 보통 메인 서브 나눠서
[2021-12-10 20:06:50] <테쏠_ (slouly123)> 그냥 내부 맘일걸요
[2021-12-10 20:06:57] <유월혁 (hyeok1201)> 메인이 최대한 까고 죽던데
[2021-12-10 20:06:58] <테쏠_ (slouly123)> 2눕때 한번 나오긴 하는데
[2021-12-10 20:07:05] <마나가_부조카당 (mana_potion_)> 보통 2무력때 낭ㅁ
[2021-12-10 20:07:06] <그래서불만있 (aodtndyd1)> 눕눕
[2021-12-10 20:07:23] <%daily43> 저게 맞음
[2021-12-10 20:07:25] <테쏠_ (slouly123)> 2눕 즈음에 받피 10 넘으면 한번 나가는게 좋아여
[2021-12-10 20:07:31] <테쏠_ (slouly123)> 템렙 높아도 아프더라고요
[2021-12-10 20:07:49] <%daily43> 스택이 쌓이는거라 딜찍누 안되면 걍 죽음
[2021-12-10 20:10:11] <%윤비비전용발닦개 (i_think_so__)> 고독한 싸움 ㅠ
[2021-12-10 20:10:46] <그래서불만있 (aodtndyd1)> 놔라 놔~
[2021-12-10 20:11:05] <_사신 (sasinnnn_)> 지금 나가야댐
[2021-12-10 20:11:09] <_사신 (sasinnnn_)> 늦었다리
[2021-12-10 20:11:24] <루팡조아 (lic9510)> 다음 다운까지 버티시려나
[2021-12-10 20:11:44] <그래서불만있 (aodtndyd1)> 응 안돼~
[2021-12-10 20:12:24] <_사신 (sasinnnn_)> 나갈준비
[2021-12-10 20:12:26] <_사신 (sasinnnn_)> 나가여
[2021-12-10 20:12:30] <%윤비비전용발닦개 (i_think_so__)> ㄱㄱ
[2021-12-10 20:13:55] <%daily43> ㅋㅋㅋㅋㅋㅋㅋㅋㅋㅋㅋㅋㅋㅋㅋㅋ
[2021-12-10 20:13:57] <%포인트채굴 (zeze4013)> ?
[2021-12-10 20:13:57] <@^빵_떡 (bbangddeock)> 갈고리 수집  4257 개째
[2021-12-10 20:14:01] <집에가 (gudsmsla)> ㅋㅋㅋㅋㅋㅋㅋㅋㅋㅋ
[2021-12-10 20:14:29] <%라쿤이다 (bs208)> 방방타는중 ㅋㅋㅋ
[2021-12-10 20:14:34] <집에가 (gudsmsla)> 프로켈님 잘하시네
[2021-12-10 20:14:35] <그래서불만있 (aodtndyd1)> ㅋㅋㅋㅋ
[2021-12-10 20:14:37] <아가헬린이 (lowin1584)> 오늘도 ㅗㅜㅑ눈나시네
[2021-12-10 20:14:38] <jessng999> ㅋㅋㅋㅋㅋ
[2021-12-10 20:14:40] <러튼 (lutten1004)> ㅋㅋㅋ
[2021-12-10 20:14:45] <그래서불만있 (aodtndyd1)> 최선을 다하는 중 ㅋㅋ
[2021-12-10 20:15:03] <청취자 (phm710)> 불금에 프로겔이 제일 많이 죽는 날이라 그럼
[2021-12-10 20:15:28] <%윤비비전용발닦개 (i_think_so__)> 여기까지가
[2021-12-10 20:15:34] <%윤비비전용발닦개 (i_think_so__)> 끝인가보오
[2021-12-10 20:15:34] <%포인트채굴 (zeze4013)> 끝인가보오
[2021-12-10 20:15:38] <%daily43> 불태웠다
[2021-12-10 20:15:44] <%게임할때빛나는너와나 (startstory3232)> ㅎㅎ
[2021-12-10 20:16:08] <%윤비비전용발닦개 (i_think_so__)> 곧 7반으로
[2021-12-10 20:16:08] <+마르티네즈_ (martinez119)> 오늘 6관까지달리나요?
[2021-12-10 20:16:14] <%daily43> 그래도 2번째면 잘하는 편?
[2021-12-10 20:16:36] <테쏠_ (slouly123)> 점토만 더 활용하시면 줘 패실거같아요
[2021-12-10 20:16:45] <라마단이 (dlrmsqkq2)> 비비 누웠꾸나
[2021-12-10 20:17:00] <%daily43> 경험 쌓이면 금박 느실듯
[2021-12-10 20:17:12] <한화우승아스널우승 (hanu003399)> 이거 구슬전에 넘 많이 죽어용
[2021-12-10 20:17:15] <박메에에롱 (parrk1313)> 30분 걸리던데 12관문
[2021-12-10 20:17:20] <%윤비비전용발닦개 (i_think_so__)> 어렵구나
[2021-12-10 20:17:26] <%게임할때빛나는너와나 (startstory3232)> ㅋㅋㅋ
[2021-12-10 20:17:32] <%daily43> 트라이팟 on
[2021-12-10 20:17:39] <%윤비비전용발닦개 (i_think_so__)> 아 연습시켜주는거구나~~~
[2021-12-10 20:17:39] <테쏠_ (slouly123)> 내부 CC되는 구간 되면 점토 쓰시면 되요
[2021-12-10 20:18:24] <%돈부리ㅇ (kan486)> 내부 쫒겨났다 ㅋㅋ
[2021-12-10 20:19:17] <한화우승아스널우승 (hanu003399)> 구슬패턴전에 죽으면 안되는데
[2021-12-10 20:19:30] <한화우승아스널우승 (hanu003399)> 그전에 외부에서 죽어버려서 그래여
[2021-12-10 20:19:45] <테쏠_ (slouly123)> 구슬에서 두번 터지지 않았나
[2021-12-10 20:20:07] <%돈부리ㅇ (kan486)> 외부가 잘못했네!
[2021-12-10 20:20:20] <xhakrwktkf2> 공팟가신거예여?
[2021-12-10 20:20:30] <xhakrwktkf2> 아하
[2021-12-10 20:20:39] <%윤비비전용발닦개 (i_think_so__)> 아 전부 시청자가 아니구나
[2021-12-10 20:20:51] <예능인세상 (a258020)> 내부에서왜자꾸 주거여? (진짜모름)
[2021-12-10 20:20:53] <%daily43> 아하
[2021-12-10 20:21:43] <%돈부리ㅇ (kan486)> 언냐 오늘 5,6관까지 가는거임?
[2021-12-10 20:21:44] <%윤비비전용발닦개 (i_think_so__)> 분열난건가
[2021-12-10 20:22:12] <xhakrwktkf2> 당황보단 황당이맞지 ㅋㅋ
[2021-12-10 20:22:17] <xhakrwktkf2> 내부문제가아니니까
[2021-12-10 20:22:17] <%daily43> 원래 공팟이 좀 까칠함
[2021-12-10 20:22:27] <%윤비비전용발닦개 (i_think_so__)> ㅇㅎ
[2021-12-10 20:22:32] <chiruchiru72> 황당할 만도함
[2021-12-10 20:22:32] <%윤비비전용발닦개 (i_think_so__)> 엌
[2021-12-10 20:22:42] <쿠쿠심 (sjy1068)> 로아 어려워 보인다잇
[2021-12-10 20:22:42] <%돈부리ㅇ (kan486)> 서폿 트수였어?
[2021-12-10 20:22:50] <xhakrwktkf2> 사람수가부족한것
[2021-12-10 20:23:35] <%윤비비전용발닦개 (i_think_so__)> ㅋㅋㅋㅋㅋㅋ
[2021-12-10 20:23:38] <xhakrwktkf2> "노예민" "즐겁게"
[2021-12-10 20:23:40] <xhakrwktkf2> 국룰
[2021-12-10 20:24:07] <xhakrwktkf2> ㅋㅋㅋㅋㅋㅋㅋㅋㅋㅋ
[2021-12-10 20:24:22] <%윤비비전용발닦개 (i_think_so__)> ㅇㅎ
[2021-12-10 20:24:25] <식슨생님 (ekewjdtlr)> 12관에 사람있어요~~
[2021-12-10 20:24:38] <%daily43> 내부 2명이서 잡으면되지 뭐
[2021-12-10 20:24:51] <%윤비비전용발닦개 (i_think_so__)> ㅎㅇㅌ
[2021-12-10 20:24:54] <xhakrwktkf2> 근데 2넴 외부 어려운기믹이없잖아 ㅋㅋ
[2021-12-10 20:25:16] <+마르티네즈_ (martinez119)> 파티쫑내고 강화해서 몰래 하드12가져
[2021-12-10 20:25:25] <xhakrwktkf2> ㅋㅋㅋㅋㅋㅋㅋㅋㅋㅋㅋㅋ
[2021-12-10 20:25:58] <%daily43> 걍 털어내고 잘해보죠
[2021-12-10 20:26:34] <러튼 (lutten1004)> 쌩 공팟은 야생이야  ㄹㅇ
[2021-12-10 20:26:43] <박메에에롱 (parrk1313)> 공팟은 2서폿에 이동기 좋은 사람 하나
[2021-12-10 20:26:47] <%윤비비전용발닦개 (i_think_so__)> ㄷㄷ
[2021-12-10 20:27:12] <테쏠_ (slouly123)> 보통 청자팟 파면 클린하긴 한데
[2021-12-10 20:27:17] <%윤비비전용발닦개 (i_think_so__)> 헐
[2021-12-10 20:27:26] <%돈부리ㅇ (kan486)> 맞네 1강만 하면 하드네 또 ㅋㅋ
[2021-12-10 20:29:06] <xhakrwktkf2> ㅋㅋㅋㅋㅋ
[2021-12-10 20:29:45] <몬헌전도사 (qwe79rrr)> 눕지마라 유산스카!
[2021-12-10 20:29:48] <%윤비비전용발닦개 (i_think_so__)> ㅠㅠ
[2021-12-10 20:29:56] <%돈부리ㅇ (kan486)> 일어나..ㅠㅠ
[2021-12-10 20:30:01] <상자깡해주기 (giron1712)> 구슬 곱3으로 안부스는거 같기도?
[2021-12-10 20:30:06] <xhakrwktkf2> 반트팟느낌?
[2021-12-10 20:30:15] <박메에에롱 (parrk1313)> 회수를 아껴서 저기 구슬에서 써야되요
[2021-12-10 20:30:15] <테쏠_ (slouly123)> 구슬에서 터지는 파티면 그냥 첨부터 다시하는게 빠를지도..?
[2021-12-10 20:30:22] <박메에에롱 (parrk1313)> 그래야 꺨 수 있을껄요
[2021-12-10 20:30:30] Viewerstats (19:59-20:30): avg:470 min:432 max:511 [17/488+0+23+0-48+0+0+13+32+0-60+0+9-25+0+17+0]
[2021-12-10 20:30:34] <+마르티네즈_ (martinez119)> 급타바드있으면 혼자무력구슬가능
[2021-12-10 20:30:39] <%여캠악질사심디엠단우한갱 (sasim_dm_dan)> 오늘 12시 넘기겠다
[2021-12-10 20:30:46] <%게임할때빛나는너와나 (startstory3232)> 쩝
[2021-12-10 20:30:57] <%윤비비전용발닦개 (i_think_so__)> ㅠㅠㅠㅠ
[2021-12-10 20:31:47] <skysea90333> 호크님 팅기셨네
[2021-12-10 20:32:00] <팡팡민 (newpangmin)> 이게 그 와우인가요?
[2021-12-10 20:32:08] <숙코영 (loaon1218)> ㅋㅋㅋㅋㅋㅋㅋㅋㅋㅋㅋㅋ
[2021-12-10 20:32:14] <%윤비비전용발닦개 (i_think_so__)> ㅋㅋㅋㅋ
[2021-12-10 20:32:15] <%윤비비전용발닦개 (i_think_so__)> 1-2 반숙 아니었나
[2021-12-10 20:32:37] <+김브링이 (kimbring2)> <<<<< 로접 마려움
[2021-12-10 20:32:48] <@^빵_떡 (bbangddeock)> 어서오세요 아직 팔로우 안하셨다면 팔로우 부탁해요 °˖✧◝(⁰▿⁰)◜✧˖°
[2021-12-10 20:32:50] <팡팡민 (newpangmin)> 댕댕이
[2021-12-10 20:32:54] <%윤비비전용발닦개 (i_think_so__)> 엌
[2021-12-10 20:33:06] <막두루둥 (vedcf1)> 웨이 나와줘요 ~ 여기 애니츠에
[2021-12-10 20:33:19] <xhakrwktkf2> 걍 쫑하시고 새로하시는게 안찝찝하지않으실까 ㅋㅋ
[2021-12-10 20:33:26] <%윤비비전용발닦개 (i_think_so__)> 다시 0관 ㄷㄷ
[2021-12-10 20:33:33] <막두루둥 (vedcf1)> 0페이즈 다시 돌입
[2021-12-10 20:33:34] <박메에에롱 (parrk1313)> 말도 없이 나감??
[2021-12-10 20:33:34] <지죠 (jeehyo2)> 내부 트라이로 다시 구하는게..
[2021-12-10 20:33:36] <xhakrwktkf2> 앗 아..
[2021-12-10 20:33:51] <박메에에롱 (parrk1313)> 실리안 웨이??
[2021-12-10 20:33:52] <xhakrwktkf2> 근데 진짜 좋은시간에 주네 웨이
[2021-12-10 20:33:55] <xhakrwktkf2> 부럽당
[2021-12-10 20:33:57] <%daily43> 내부 문제가 아니라 구슬에 다 터져서
[2021-12-10 20:33:58] <지죠 (jeehyo2)> 아항
[2021-12-10 20:34:02] <%돈부리ㅇ (kan486)> 웨이 부럽네..?
[2021-12-10 20:34:09] <지죠 (jeehyo2)> 구슬 때 나오시는거 어떰
[2021-12-10 20:34:15] <박메에에롱 (parrk1313)> 실리안 웨이 사랑해~~
[2021-12-10 20:34:20] <지죠 (jeehyo2)> ㅋㅋㅋㅋㅋ
[2021-12-10 20:34:21] <%윤비비전용발닦개 (i_think_so__)> 그래서 바꾸심
[2021-12-10 20:34:23] <xhakrwktkf2> 내부랑 아예 상관없이
[2021-12-10 20:34:30] <xhakrwktkf2> 외부기믹을 수행을못해서 터지는것
[2021-12-10 20:34:31] <xhakrwktkf2> ㅋㅋㅋ
[2021-12-10 20:34:33] <%daily43> 근데 구슬 안된다고 내부 나오라는것도 이상함
[2021-12-10 20:34:50] <지죠 (jeehyo2)> 기믹이 안되는게 문제인듯
[2021-12-10 20:34:56] <상자깡해주기 (giron1712)> 죽고 쪽팔린듯
[2021-12-10 20:35:04] <xhakrwktkf2> 누가 지인팟이냐고한거예요ㅕ?
[2021-12-10 20:35:05] <로아고수 (rekavv)> 원래 못하는애들 주특이 남탓이라 이해하세영
[2021-12-10 20:35:24] <숙코영 (loaon1218)> 기믹이 안되는것도 그냥 박다보면 자연스레 해결되긴하는뎁
[2021-12-10 20:35:28] <콩빵이_12 (skysea90333)> 제가 외부에서 계속 보니까 한두분 죽으셔서 구슬이 안댐 ㅋㅋ
[2021-12-10 20:36:05] <%윤비비전용발닦개 (i_think_so__)> ㄷㄷ 수련시켜주는건가
[2021-12-10 20:36:32] <콩빵이_12 (skysea90333)> 호크님 어디가신거지..
[2021-12-10 20:36:33] <xhakrwktkf2> 화이링
[2021-12-10 20:37:07] <박메에에롱 (parrk1313)> 웨이 우마이!!!!
[2021-12-10 20:37:13] <%윤비비전용발닦개 (i_think_so__)> 엌
[2021-12-10 20:37:19] <%daily43> 웨이는 인정이지
[2021-12-10 20:37:20] <xhakrwktkf2> ㅋㅋㅋㅋㅋㅋㅋㅋㅋㅋㅋㅋㅋㅋㅋㅋㅋㅋㅋ
[2021-12-10 20:37:44] <%발렌티노공작 (warofgods17)> 으흠?
[2021-12-10 20:37:45] <콩빵이_12 (skysea90333)> 와.. 실리안에 뜬거구나..
[2021-12-10 20:37:50] <%윤비비전용발닦개 (i_think_so__)> ㅋㅋㅋㅋㅋㅋ
[2021-12-10 20:38:04] <xhakrwktkf2> 우리섭은 평일아침7시반에주더니 ㅠㅠ
[2021-12-10 20:38:32] <%돈부리ㅇ (kan486)> 루페온은 새벽 5시에 주던데;ㅁ;
[2021-12-10 20:38:38] <%윤비비전용발닦개 (i_think_so__)> 저기 공연하는데
[2021-12-10 20:38:42] <xhakrwktkf2> 거긴 더심하네..ㅋㅋㅋㅋㅋㅋ
[2021-12-10 20:38:51] <xhakrwktkf2> 춤 같이추죠
[2021-12-10 20:38:52] <%daily43> 5시라도 주면 감사하죠 ㅋㅋ
[2021-12-10 20:38:57] <%윤비비전용발닦개 (i_think_so__)> 춤추는거 커엽네
[2021-12-10 20:39:12] <xhakrwktkf2> ㅋㅋㅋㅋㅋㅋㅋㅋㅋ
[2021-12-10 20:39:33] <%돈부리ㅇ (kan486)> 언냐 스카우터 크리스마스옷 안사주나요?ㅋㅋ
[2021-12-10 20:39:36] <+마르티네즈_ (martinez119)> 인종혐오발언인가요 지금?
[2021-12-10 20:39:36] <박메에에롱 (parrk1313)> 데런
[2021-12-10 20:39:40] <xhakrwktkf2> 헌터(여)
[2021-12-10 20:39:48] <%윤비비전용발닦개 (i_think_so__)> 후드...
[2021-12-10 20:39:50] <%daily43> 아 남캐....
[2021-12-10 20:39:52] <%게임할때빛나는너와나 (startstory3232)> ㅋㅋㅋ
[2021-12-10 20:39:54] <%라쿤이다 (bs208)> 배 튀어나온거 고쳤나
[2021-12-10 20:40:04] <%돈부리ㅇ (kan486)> 근데 저거 어차피 변신하면 안보이자나 ㅋㅋ
[2021-12-10 20:40:05] <%뽀라뽀리 (53e4tdr)> ㅋㅋㅋㅋㅋㅋㅋㅋ
[2021-12-10 20:40:06] <xhakrwktkf2> ㄹㅇ ㅋㅋ
[2021-12-10 20:40:09] <%윤비비전용발닦개 (i_think_so__)> ㄹㅇ
[2021-12-10 20:40:09] <%뽀라뽀리 (53e4tdr)> ㄹㅇㅋㅋㅋㅋ
[2021-12-10 20:40:20] <xhakrwktkf2> 무지껀 건슬이지
[2021-12-10 20:40:22] <%daily43> 그치 여캐가 진리
[2021-12-10 20:40:24] <%윤비비전용발닦개 (i_think_so__)> ㄹㅇ 꾸미려면 여캐
[2021-12-10 20:40:44] <%은밀한사생활 (huandno)> 두둥..
[2021-12-10 20:40:46] <%돈부리ㅇ (kan486)> 사람 몰려서 튕겼나보다
[2021-12-10 20:40:47] <%윤비비전용발닦개 (i_think_so__)> 헐
[2021-12-10 20:40:56] <%daily43> 웨이떠서
[2021-12-10 20:41:14] <%돈부리ㅇ (kan486)> 10분내로 안들어오면 파티에서 튕길텐데
[2021-12-10 20:41:18] <xhakrwktkf2> 55분에오시나 ㅋㅋㅋ
[2021-12-10 20:41:25] <식슨생님 (ekewjdtlr)> 윤선생 어지럽겠어
[2021-12-10 20:41:37] <%돈부리ㅇ (kan486)> ㅋㅋㅋㅋㅋㅋㅋㅋㅋㅋㅋㅋ
[2021-12-10 20:41:42] <xhakrwktkf2> 어? 이러면 자연스러운쫑?ㅋㅋ
[2021-12-10 20:41:42] <콩빵이_12 (skysea90333)> 헉
[2021-12-10 20:41:45] <콩빵이_12 (skysea90333)> 나가심 ㅋㅋ
[2021-12-10 20:41:48] <콩빵이_12 (skysea90333)> 네
[2021-12-10 20:41:56] <콩빵이_12 (skysea90333)> 이렇게 자연스럽게 쫑을 ㅜㅜ
[2021-12-10 20:42:01] <러튼 (lutten1004)> 오히려좋아 ㅋㅋ
[2021-12-10 20:42:02] <%여캠악질사심디엠단우한갱 (sasim_dm_dan)> 쫑났다
[2021-12-10 20:42:02] <%윤비비전용발닦개 (i_think_so__)> ㅠㅠ
[2021-12-10 20:42:09] <%돈부리ㅇ (kan486)> 1넴 다시해야돼 ㅠ
[2021-12-10 20:42:13] <박메에에롱 (parrk1313)> 갑자기 렉이 엄청 걸리는데요
[2021-12-10 20:42:18] <아가헬린이 (lowin1584)> 오히려 쫑이 좋을수도 ..
[2021-12-10 20:42:22] <%daily43> 1냄이야 금박 하니
[2021-12-10 20:42:27] <%여캠악질사심디엠단우한갱 (sasim_dm_dan)> 사실 총대메고 나간것
[2021-12-10 20:42:32] <xhakrwktkf2> ㅋㅋㅋㅋㅋㅋㅋㅋㅋㅋㅋㅋㅋㅋㅋ
[2021-12-10 20:42:35] <%daily43> 예민 노노 적죠 ㅋㅋ
[2021-12-10 20:42:39] <%뽀라뽀리 (53e4tdr)> ?ㅋㅋㅋㅋㅋㅋㅋ
[2021-12-10 20:42:41] <xhakrwktkf2> 어딨죠?ㅋㅋㅋㅋㅋㅋㅋㅋㅋㅋㅋ
[2021-12-10 20:42:44] <%윤비비전용발닦개 (i_think_so__)> 반숙 썼던거같은데 어디갔지
[2021-12-10 20:42:46] <%돈부리ㅇ (kan486)> ㅋㅋㅋㅋㅋㅋㅋㅋㅋㅋㅋ
[2021-12-10 20:42:49] <식슨생님 (ekewjdtlr)> 사실 총대매고 런한거 아닐까?
[2021-12-10 20:43:00] <박메에에롱 (parrk1313)> 내부 하시지
[2021-12-10 20:43:02] <%daily43> 비비님 잘못 아닌데..
[2021-12-10 20:43:07] <%윤비비전용발닦개 (i_think_so__)> 아...
[2021-12-10 20:43:12] <+마르티네즈_ (martinez119)> 1~2빡숙 사사게박제 1트쫑
[2021-12-10 20:43:22] <xhakrwktkf2> 이럴때일수록 과감하게 더 내부를가야 ㅋㅋㅋ
[2021-12-10 20:43:25] <%여캠악질사심디엠단우한갱 (sasim_dm_dan)> 하다가 못깨면 갑분싸되는거때매 로아접었는데
[2021-12-10 20:43:28] <예능인세상 (a258020)> 호크님혼자 230줄깔수있어요?
[2021-12-10 20:44:19] <%윤비비전용발닦개 (i_think_so__)> ㅠㅠㅠㅠ
[2021-12-10 20:44:22] <%돈부리ㅇ (kan486)> ㅋㅋㅋㅋ
[2021-12-10 20:44:23] <%포인트채굴 (zeze4013)> 그럼 로아하지말고
[2021-12-10 20:44:24] <아가헬린이 (lowin1584)> 토닥토닥... 비비님 때문 아니에여
[2021-12-10 20:44:25] <%포인트채굴 (zeze4013)> 우리랑 놀아요
[2021-12-10 20:44:27] <%여캠악질사심디엠단우한갱 (sasim_dm_dan)> 로아접고 롤체접고
[2021-12-10 20:44:28] <%윤비비방아니면벤좀 (gyum_s)> 저챗하다가
[2021-12-10 20:44:32] <%포인트채굴 (zeze4013)> 우리한테 힐링하고 가셈
[2021-12-10 20:44:32] <%여캠악질사심디엠단우한갱 (sasim_dm_dan)> 프로여캠데뷔
[2021-12-10 20:44:32] <%윤비비방아니면벤좀 (gyum_s)> 내일하는것도 괜찮을듯
[2021-12-10 20:44:38] <%윤비비전용발닦개 (i_think_so__)> 그럼 낼 도시려나
[2021-12-10 20:44:44] <%윤비비의우람한기두쿠키 (kugidugi)> 앗...
[2021-12-10 20:44:47] <%윤비비전용발닦개 (i_think_so__)> 방송없이
[2021-12-10 20:44:50] <%게임할때빛나는너와나 (startstory3232)> 헐
[2021-12-10 20:44:53] <호뱍 (pizzalh)> 하드12면 같이할텐데
[2021-12-10 20:44:57] <%쌌닭돼지좋앙하으앙 (wjswjdtp)> 비손실
[2021-12-10 20:45:00] <%뽀라뽀리 (53e4tdr)> 내일 다시보기 하루종일 조질 예정ㅋㅋ
[2021-12-10 20:45:02] <%게임할때빛나는너와나 (startstory3232)> ㅇㅋ
[2021-12-10 20:45:11] <%포인트채굴 (zeze4013)> 토닥토닥
[2021-12-10 20:45:15] <%여캠악질사심디엠단우한갱 (sasim_dm_dan)> ㅜㅜ
[2021-12-10 20:45:18] <+마르티네즈_ (martinez119)> ㅜㅜ
[2021-12-10 20:45:18] <xhakrwktkf2> 그런애들 다 신경쓰믄 로아몬해용 무시 하ㅣ세요 ㅋㅋㅋ
[2021-12-10 20:45:20] <%윤비비방아니면벤좀 (gyum_s)> 역시 공방..
[2021-12-10 20:45:20] <%쌌닭돼지좋앙하으앙 (wjswjdtp)> 화이팅 ㅠㅠ
[2021-12-10 20:45:21] <%뽀라뽀리 (53e4tdr)> 방장....
[2021-12-10 20:45:24] <%뽀라뽀리 (53e4tdr)> ㅠㅠ
[2021-12-10 20:45:28] <%윤비비전용발닦개 (i_think_so__)> ㄴㄴㄴㄴ
[2021-12-10 20:45:30] <%윤비비전용발닦개 (i_think_so__)> 아님
[2021-12-10 20:45:32] <izonelovewizone> 괜찮아! 괜찮아!
[2021-12-10 20:45:38] <jessng999> ㅠㅠ
[2021-12-10 20:45:45] <%쌌닭돼지좋앙하으앙 (wjswjdtp)> ㅠㅠㅠ
[2021-12-10 20:45:49] <박메에에롱 (parrk1313)> 비비님 잘못 없죠 다 써놨는데
[2021-12-10 20:45:56] <%쑥지_ (skuukzky_zoa)> 윤비비 위에 거적대기 뭐야!!!
[2021-12-10 20:45:58] <xhakrwktkf2> 왜 다 울어..
[2021-12-10 20:46:11] <%여캠악질사심디엠단우한갱 (sasim_dm_dan)> ㅠㅠ
[2021-12-10 20:46:12] <%윤비비전용발닦개 (i_think_so__)> ㅋㅋㅋㅋㅋ
[2021-12-10 20:46:16] <%원탑은나 (tmi1212)> 대신 울어줌 ㅋㅋ
[2021-12-10 20:46:25] <%포인트채굴 (zeze4013)> 특출~나게
[2021-12-10 20:46:29] <%윤비비방아니면벤좀 (gyum_s)> 굳이 막 안가도되여 담에 편하실떄 가도되고
[2021-12-10 20:46:30] <chdk1414> ㅋㅋㅋㅋㅋㅋ
[2021-12-10 20:46:32] <%윤비비전용발닦개 (i_think_so__)> 100줄 업 예상햇는데
[2021-12-10 20:46:36] <%윤비비방아니면벤좀 (gyum_s)> 고수 트수들 도와줘,,
[2021-12-10 20:46:39] <%쌌닭돼지좋앙하으앙 (wjswjdtp)> 방장이 게임때매 기죽는건 맘이아프네
[2021-12-10 20:46:49] <호뱍 (pizzalh)> 이상황은 웃으면안되는데 사투리들으니깐 왜 웃기지..
[2021-12-10 20:47:10] <%윤비비방아니면벤좀 (gyum_s)> 어차피 트수들은 로아말고 롤체나 저챗 좋아하시니 하고싶은거 해도 트수 좋아할듯
[2021-12-10 20:47:14] <%쑥지_ (skuukzky_zoa)> 무슨일이야 윤비비 공팟에서 욕먹었어???
[2021-12-10 20:47:16] <아가헬린이 (lowin1584)> ㅋㅋㅋㅋ팔짱끼고 얘기하시는거 왤케 귀엽지
[2021-12-10 20:47:26] <xhakrwktkf2> 전투력올라갔을떄 프로켈패죠 ㅋㅋㅋㅋㅋㅋ
[2021-12-10 20:47:29] <%여캠악질사심디엠단우한갱 (sasim_dm_dan)> 누가 짜증냄?
[2021-12-10 20:47:49] <박메에에롱 (parrk1313)> 방송팟인데
[2021-12-10 20:47:55] <박메에에롱 (parrk1313)> 지인팟아니고 방송팟인데
[2021-12-10 20:47:59] <%쌌닭돼지좋앙하으앙 (wjswjdtp)> 곱창을내버리네
[2021-12-10 20:48:08] <%여캠악질사심디엠단우한갱 (sasim_dm_dan)> 트수는 다 친구야
[2021-12-10 20:48:14] <%윤비비전용발닦개 (i_think_so__)> 와 지인됐다
[2021-12-10 20:48:14] <%윤비비방아니면벤좀 (gyum_s)> 아니 근데 그걸 물어볼순잇는데 왜 외부가 터졋는데 물어보는거지
[2021-12-10 20:48:16] <+마르티네즈_ (martinez119)> 우린 친구가아닌가봐... ㅜㅜ
[2021-12-10 20:48:18] <%게임할때빛나는너와나 (startstory3232)> 와
[2021-12-10 20:48:18] <xhakrwktkf2> ㅋㅋㅋㅋㅋㅋㅋㅋㅋㅋㅋㅋ
[2021-12-10 20:48:24] <xhakrwktkf2> 지인팟이였던것
[2021-12-10 20:48:28] <%윤비비전용발닦개 (i_think_so__)> 와 우리 지인이었어 ㅠㅠ
[2021-12-10 20:48:28] <%뽀라뽀리 (53e4tdr)> 앗....
[2021-12-10 20:48:31] <%쌌닭돼지좋앙하으앙 (wjswjdtp)> 틀린말이아니였어
[2021-12-10 20:48:32] <박메에에롱 (parrk1313)> 베른남부 또 미는거 진짜 극혐이다
[2021-12-10 20:48:33] <%뽀라뽀리 (53e4tdr)> 마 우리가 남이가
[2021-12-10 20:48:37] <%daily43> ㅇㅇ
[2021-12-10 20:48:38] <%여캠악질사심디엠단우한갱 (sasim_dm_dan)> ㅇㅇ
[2021-12-10 20:48:39] <%여캠악질사심디엠단우한갱 (sasim_dm_dan)> 외부에서 죽어서
[2021-12-10 20:48:46] <%뽀라뽀리 (53e4tdr)> ㅇㅇ
[2021-12-10 20:48:48] <%daily43> 외부가 다 터짐
[2021-12-10 20:48:53] <%윤비비방아니면벤좀 (gyum_s)> 왜 외부가 터졋는데 내부 연습이냐고 물어보는지가 이해가 안되실듯
[2021-12-10 20:49:05] <jessng999> ㅠㅠ
[2021-12-10 20:49:11] <%쌌닭돼지좋앙하으앙 (wjswjdtp)> ㅠㅠㅠ
[2021-12-10 20:49:12] <%칠산노비 (maybe0511)> 정치당한거네
[2021-12-10 20:49:16] <%포인트채굴 (zeze4013)> 오늘 비비님은 잘했음!
[2021-12-10 20:49:22] <%daily43> 기믹을 잘 모르셨나 봄
[2021-12-10 20:49:28] <%포인트채굴 (zeze4013)> 특출~나게 잘한건 아니지만
[2021-12-10 20:49:29] <%쌌닭돼지좋앙하으앙 (wjswjdtp)> 차라리그냥화를내 ㅠㅠ
[2021-12-10 20:49:32] <%포인트채굴 (zeze4013)> 그냥저냥 잘했다고
[2021-12-10 20:49:41] <%윤비비전용발닦개 (i_think_so__)> 혹시..토토 무효됐나요..그냥..물어보는건데
[2021-12-10 20:49:45] <%윤비비방아니면벤좀 (gyum_s)> 100줄까지가 1인분이에여 잘햇어여
[2021-12-10 20:49:52] <%daily43> 까긴 했음
[2021-12-10 20:49:54] <%윤비비전용발닦개 (i_think_so__)> 으앙 ㅠㅠ
[2021-12-10 20:50:08] <%뽀라뽀리 (53e4tdr)> 아즈아
[2021-12-10 20:50:23] <%윤비비방아니면벤좀 (gyum_s)> 원래 100줄쯤 나왓다 들어가면 더 깔수잇는데 안하고 한거라서 잘하셧어여
[2021-12-10 20:50:38] <+마르티네즈_ (martinez119)> 힘들면 잠깐나갓가들어가도되는데
[2021-12-10 20:50:38] <%포인트채굴 (zeze4013)> 특출~나게 잘한건 아니지만 잘했음
[2021-12-10 20:50:57] <%윤비비방아니면벤좀 (gyum_s)> 12시에 포탈 생겨여
[2021-12-10 20:51:00] <%윤비비전용발닦개 (i_think_so__)> ㅇㅇ
[2021-12-10 20:51:26] <xhakrwktkf2> ㅋㅋㅋㅋㅋㅋㅋㅋㅋㅋ
[2021-12-10 20:51:28] <%윤비비전용발닦개 (i_think_so__)> ㅋㅋㅋㅋㅋㅋ
[2021-12-10 20:51:31] <+마르티네즈_ (martinez119)> 레벨은 딜찍이니까 패턴만알면 깨실듯
[2021-12-10 20:51:31] <xhakrwktkf2> 다중인격같아..ㅋㅋㅋㅋㅋㅋ
[2021-12-10 20:51:36] <%윤비비방아니면벤좀 (gyum_s)> ㅋㅋㅋㅋㅋㅋ
[2021-12-10 20:51:37] <%jmy208> 트라이로해야될껄요 ㅋㅋㅋ
[2021-12-10 20:51:38] <%쌌닭돼지좋앙하으앙 (wjswjdtp)> 로크리트들 어서 캐리안해? ㅋㅋ
[2021-12-10 20:51:57] <%daily43> 더 강해져라 윤비비 ㅋㅋㅋ
[2021-12-10 20:52:02] <%포인트채굴 (zeze4013)> 특출~나게 잘하진 않았지만 내부잘못은 아니엇다
[2021-12-10 20:52:08] <+마르티네즈_ (martinez119)> 다이아 안지으ㅓ도 상관없음
[2021-12-10 20:52:09] <테쏠_ (slouly123)> 트라이면 랏폿부터 1시간....
[2021-12-10 20:52:43] <+마르티네즈_ (martinez119)> 방제부터 하드하게해서 빡숙만
[2021-12-10 20:52:49] <%도지889층 (developmentkims)> 로아 진짜 너무 어려워보임..
[2021-12-10 20:52:58] <%윤비비전용발닦개 (i_think_so__)> 비시렁 비시렁
[2021-12-10 20:53:02] <+마르티네즈_ (martinez119)> 로아 힘들면 파판레이드는 어때요? ㅎㅎ.
[2021-12-10 20:53:13] <%쌌닭돼지좋앙하으앙 (wjswjdtp)> 눈치주는애들은좀 ..
[2021-12-10 20:53:13] <%포인트채굴 (zeze4013)> 로아땜에 스트레스 받지말고 하나의 컨텐츠로 바꿔보는건 어때요?
[2021-12-10 20:53:38] <%포인트채굴 (zeze4013)> 발탄에서 비비들 살려라 vs 비비를 죽여라
[2021-12-10 20:53:41] <%포인트채굴 (zeze4013)> 일케 파티 나눠서
[2021-12-10 20:53:51] <fishmeow0907> annyeonghaseyo malleisia-eseo ! xd
[2021-12-10 20:53:53] <%윤비비전용발닦개 (i_think_so__)> 암살자들
[2021-12-10 20:53:56] <%윤비비방아니면벤좀 (gyum_s)> 근데 살릴수가 없어...
[2021-12-10 20:53:59] <%포인트채굴 (zeze4013)> 암살자들이 더 많잖아옄ㅋㅋㅋㅋ
[2021-12-10 20:54:03] <%도지889층 (developmentkims)> 발탄은 진짜 선클할줄 알았음...ㅠㅠ
[2021-12-10 20:54:06] <%도지889층 (developmentkims)> 내 포인트 ㅠㅠ
[2021-12-10 20:54:06] <%쌌닭돼지좋앙하으앙 (wjswjdtp)> ㅋㅋㅋㅋ 발음그대로말하셨네
[2021-12-10 20:54:15] <jessng999> ㅠㅠ
[2021-12-10 20:54:26] <%윤비비전용발닦개 (i_think_so__)> 근데 이번엔 암살자탓 아니잖아요
[2021-12-10 20:54:26] <%게임할때빛나는너와나 (startstory3232)> ㅎㅎ
[2021-12-10 20:54:46] <+마르티네즈_ (martinez119)> ㅜㅜ
[2021-12-10 20:54:47] <%쌌닭돼지좋앙하으앙 (wjswjdtp)> 암살보다 더 갑분싸
[2021-12-10 20:54:49] <%윤비비전용발닦개 (i_think_so__)> ㅠㅠ
[2021-12-10 20:54:51] <+마르티네즈_ (martinez119)> 아부렐 재밌는뎅
[2021-12-10 20:54:52] <%돈부리ㅇ (kan486)> ㅋㅋㅋㅋㅋㅋ
[2021-12-10 20:54:54] <%쌌닭돼지좋앙하으앙 (wjswjdtp)> ㅠㅠㅠ
[2021-12-10 20:54:58] <%포인트채굴 (zeze4013)> 스트레스 받지 마요ㅠㅠ
[2021-12-10 20:55:00] <%윤비비전용발닦개 (i_think_so__)> 고독한 싸움 이제 못보나
[2021-12-10 20:55:23] <%쌌닭돼지좋앙하으앙 (wjswjdtp)> 눈치보는애한태 눈치주는뜨레기때매
[2021-12-10 20:55:25] <%포인트채굴 (zeze4013)> 담주 발탄에선 비비님 지켜드림
[2021-12-10 20:55:25] <유월혁 (hyeok1201)> 의자야 미안해
[2021-12-10 20:55:25] <+마르티네즈_ (martinez119)> ㄷㄷ
[2021-12-10 20:55:32] <+마르티네즈_ (martinez119)> 분조장...
[2021-12-10 20:55:51] <xhakrwktkf2> 민망s
[2021-12-10 20:55:54] <%포인트채굴 (zeze4013)> 갑자기 쎄하게 말하긴 햇어요
[2021-12-10 20:56:11] <테쏠_ (slouly123)> 청자팟 들어와서 지인팟 소리하면 조금...ㅎㅎ
[2021-12-10 20:56:32] <%돈부리ㅇ (kan486)> ㅌ트순데 왜 그런말을 했지..?
[2021-12-10 20:56:34] <%daily43> 기믹을 알면 그런말 못할텐데
[2021-12-10 20:56:35] <%여캠악질사심디엠단우한갱 (sasim_dm_dan)> 아 말한애도 트수임?
[2021-12-10 20:56:39] <%도지889층 (developmentkims)> 비비는 지인 없는거 뻔히 알면서 ㅠㅠ
[2021-12-10 20:56:39] <%윤비비전용발닦개 (i_think_so__)> ㅇㅇ
[2021-12-10 20:56:40] <테쏠_ (slouly123)> 그래서 더더욱 이상한듯
[2021-12-10 20:56:41] <+마르티네즈_ (martinez119)> ㅋㅋ
[2021-12-10 20:56:45] <%쌌닭돼지좋앙하으앙 (wjswjdtp)> 딴거하자 ....
[2021-12-10 20:56:45] <+김브링이 (kimbring2)> 인터넷이라 원래 이상한 사람 많아요. 신경 쓰지 마셈 ㅎㅎ
[2021-12-10 20:56:54] <+마르티네즈_ (martinez119)> 다른거는.다 깻나여 쿠크랑 발탄
[2021-12-10 20:57:00] <%초롱아보고싶을거야 (kkdb0128)> 뭔일 있음? 왜 하남?
[2021-12-10 20:57:17] <%와이씨봐 (jangmihub0711)> 얼탱
[2021-12-10 20:57:26] <%daily43> 분위기 곱창내서
[2021-12-10 20:57:27] <%게임할때빛나는너와나 (startstory3232)> ㅎㅎ
[2021-12-10 20:57:29] <%윤비비전용발닦개 (i_think_so__)> ㅇㅇ
[2021-12-10 20:57:34] <%와이씨봐 (jangmihub0711)> 자려고 누웠는데 짜증나는 그 느낌?
[2021-12-10 20:57:37] <%윤비비방아니면벤좀 (gyum_s)> 공팟은 걸러받는거 아니면 이상한사람 많은거 같긴해여
[2021-12-10 20:57:47] <%쌌닭돼지좋앙하으앙 (wjswjdtp)> 긁는거는 극딜타임때하라구 ....
[2021-12-10 20:57:49] <%게임할때빛나는너와나 (startstory3232)> ㅋㅋㅋ
[2021-12-10 20:57:54] <%윤비비방아니면벤좀 (gyum_s)> 그런말 들으면 괜히 분위기 뻘쭘하고 눈치보여서
[2021-12-10 20:58:12] <부먹이진리죠 (j_u_n_e_r_)> 반숙팟이였는뎅 ...
[2021-12-10 20:58:45] <%쌌닭돼지좋앙하으앙 (wjswjdtp)> 사실 깨뜬못깨든 눈치준게 개오바임
[2021-12-10 20:58:53] <+마르티네즈_ (martinez119)> 우리 기죽이지마 ㅜㅜ
[2021-12-10 20:59:16] <%쌌닭돼지좋앙하으앙 (wjswjdtp)> 아직도 3시간남았다는게 ㅋㅋㅋ
[2021-12-10 20:59:17] <%윤비비전용발닦개 (i_think_so__)> ㅋㅋㅋㅋㅋㅋ
[2021-12-10 20:59:21] <%윤비비전용발닦개 (i_think_so__)> 분노 몇단계지 이게
[2021-12-10 20:59:21] <%도지889층 (developmentkims)> 킹받게 하기??
[2021-12-10 20:59:25] <%윤비비방아니면벤좀 (gyum_s)> 12시 방종이시구나
[2021-12-10 20:59:31] <%윤비비방아니면벤좀 (gyum_s)> 롤체하면서 시간 떼우다 가여
[2021-12-10 20:59:36] <%게임할때빛나는너와나 (startstory3232)> 쩝
[2021-12-10 20:59:38] <%윤비비전용발닦개 (i_think_so__)> 롤체하면 더 빡칠수도
[2021-12-10 20:59:39] <고플라이 (snagkyu1993)> 로아중이구나
[2021-12-10 20:59:40] <%포인트채굴 (zeze4013)> 비산당 나왔다
[2021-12-10 20:59:43] <%윤비비방아니면벤좀 (gyum_s)> 아 그런가
[2021-12-10 20:59:45] <+마르티네즈_ (martinez119)> 눕방 ㄱㄱ
[2021-12-10 20:59:48] <%쌌닭돼지좋앙하으앙 (wjswjdtp)> 비산당모드
[2021-12-10 20:59:53] <%원탑은나 (tmi1212)> 여기서 우셔야합니다
[2021-12-10 20:59:58] <%게임할때빛나는너와나 (startstory3232)> ㅎㅎ
[2021-12-10 21:00:05] <+마르티네즈_ (martinez119)> 괜찮아 우린 항상 눈치받으면서사니까 BibleThump
[2021-12-10 21:00:08] <%쌌닭돼지좋앙하으앙 (wjswjdtp)> 울어서 닉 사사게 올리자
[2021-12-10 21:00:11] <xhakrwktkf2> ㅋㅋㅋㅋㅋㅋㅋㅋㅋㅋㅋㅋ
[2021-12-10 21:00:22] <jessng999> ㅠㅠ
[2021-12-10 21:00:32] <고플라이 (snagkyu1993)> ㅠㅠ...
[2021-12-10 21:00:34] <%포인트채굴 (zeze4013)> ㅗㅜㅑ
[2021-12-10 21:00:35] Viewerstats (20:32-21:00): avg:406 min:394 max:437 [15/437+0-22+0-10-5+0+0+6-6+0+0+0-6+0]
[2021-12-10 21:00:39] <%쌌닭돼지좋앙하으앙 (wjswjdtp)> 아 보지마 ...
[2021-12-10 21:00:41] <테쏠_ (slouly123)> 부검on
[2021-12-10 21:00:41] <%돈부리ㅇ (kan486)> ㅋㅋㅋㅋㅋㅋㅋㅋㅋㅋㅋㅋㅋ
[2021-12-10 21:00:42] <%윤비비전용발닦개 (i_think_so__)> 리마인드
[2021-12-10 21:00:48] <%쌌닭돼지좋앙하으앙 (wjswjdtp)> 또보고 화나지말라구 ..
[2021-12-10 21:00:50] <%뽀라뽀리 (53e4tdr)> ㄹㅇ 개열받았을때 하는 행동
[2021-12-10 21:00:54] <%leemhmh> 어 화나네?
[2021-12-10 21:00:58] <%윤비비방아니면벤좀 (gyum_s)> 보시지말지 괜히 또 화나실라
[2021-12-10 21:00:59] <%윤비비전용발닦개 (i_think_so__)> 분노 3단계인가
[2021-12-10 21:01:07] <고플라이 (snagkyu1993)> 워워 진정해
[2021-12-10 21:01:18] <%윤비비전용발닦개 (i_think_so__)> 음~
[2021-12-10 21:01:20] <%leemhmh> 임시차단 먹일 대상 탐색중
[2021-12-10 21:01:35] <%쌌닭돼지좋앙하으앙 (wjswjdtp)> 이제 여기서 눈치없이 긁는트수나오면 바로 벽본다
[2021-12-10 21:01:40] <xhakrwktkf2> ㅋㅋㅋㅋㅋㅋㅋㅋㅋ
[2021-12-10 21:01:43] <%윤비비전용발닦개 (i_think_so__)> 혹시 드립이라고 날린건가
[2021-12-10 21:01:48] <%leemhmh> 우리... 라고 해줬다
[2021-12-10 21:01:56] <%게임할때빛나는너와나 (startstory3232)> ㅎㅎ
[2021-12-10 21:02:13] <%도지889층 (developmentkims)> 진짜 그냥 킹받게 하려고 그랬나??
[2021-12-10 21:02:13] <%돈부리ㅇ (kan486)> 생각해보니 꼴받네?ㅋㅋ
[2021-12-10 21:02:13] <xhakrwktkf2> 문득 궁금했나봐요
[2021-12-10 21:02:17] <%쌌닭돼지좋앙하으앙 (wjswjdtp)> 친해보여서^^
[2021-12-10 21:02:20] <%윤비비방아니면벤좀 (gyum_s)> 그니깐 진짜 ㅋㅋㅋ 왜 외부가 터졋는데 내부 연습시켜주는거냐고 묻는거임
[2021-12-10 21:02:21] <%윤비비전용발닦개 (i_think_so__)> 실패한 드립일수도
[2021-12-10 21:02:22] <%leemhmh> 어 화나네?
[2021-12-10 21:02:26] <xhakrwktkf2> 끼고싶어서 물어본듯
[2021-12-10 21:02:31] <%포인트채굴 (zeze4013)> 마치 비비님 내부경험치 먹일려는것처럼 말하던데
[2021-12-10 21:02:37] <xhakrwktkf2> ㅋㅋㅋㅋㅋㅋㅋㅋㅋㅋㅋㅋ
[2021-12-10 21:02:39] <%흐미잉 (uuiop923)> ㅋㅋㅋㅋㅋㅋㅋ
[2021-12-10 21:02:44] <xhakrwktkf2> 어? 열받네?
[2021-12-10 21:02:44] <%칠산노비 (maybe0511)> 단계식 빡침
[2021-12-10 21:02:46] <%쌌닭돼지좋앙하으앙 (wjswjdtp)> ㅠㅠ 왜 또보고 더화났냐구
[2021-12-10 21:02:48] <@^빵_떡 (bbangddeock)> 어서오세요 아직 팔로우 안하셨다면 팔로우 부탁해요 °˖✧◝(⁰▿⁰)◜✧˖°
[2021-12-10 21:02:51] <%윤비비전용발닦개 (i_think_so__)> 분노 4단계
[2021-12-10 21:02:55] <%흐미잉 (uuiop923)> 복기하면서 다시 분노
[2021-12-10 21:03:04] <%daily43> mc 비비
[2021-12-10 21:03:06] <%뽀라뽀리 (53e4tdr)> 그라데이션 분노: 현재 개빡침모드ㅋㅋ
[2021-12-10 21:03:07] <%쌌닭돼지좋앙하으앙 (wjswjdtp)> 그라데이션분노 ㅠㅠ
[2021-12-10 21:03:14] <%윤비비전용발닦개 (i_think_so__)> 말이다!!!
[2021-12-10 21:03:19] <!%정나은양 (fox20123)> 맞아요!!
[2021-12-10 21:03:20] <%돈부리ㅇ (kan486)> 도구가... 말대꾸..?
[2021-12-10 21:03:21] <%윤비비방아니면벤좀 (gyum_s)> 반숙,예민x,방송중 3개 다 써져잇엇는데
[2021-12-10 21:03:22] <xhakrwktkf2> 근데 원래 남탓하는애들이 실력이 없어서 남탓대상찾는거라..
[2021-12-10 21:03:25] <%흐미잉 (uuiop923)> 마찌마찌
[2021-12-10 21:03:30] <%포인트채굴 (zeze4013)> 특출~나게 잘한 유산스카는 아니엇지만 어차피 깨는 내부였고
[2021-12-10 21:03:48] <%원탑은나 (tmi1212)> ㅋㅋㅋㅋㅋㅋㅋㅋ
[2021-12-10 21:03:49] <%흐미잉 (uuiop923)> ㅋㅋㅋㅋㅋㅋㅋㅋㅋ
[2021-12-10 21:03:50] <%윤비비방아니면벤좀 (gyum_s)> ㅋㅋㅋㅋㅋㅋㅋㅋㅋㅋㅋ
[2021-12-10 21:03:51] <%daily43> 극소심 ㅋㅋㅋ
[2021-12-10 21:03:53] <%쌌닭돼지좋앙하으앙 (wjswjdtp)> 뭐야 cctv있나
[2021-12-10 21:03:53] <%포인트채굴 (zeze4013)> ㅋㅋㅋㅋㅋ
[2021-12-10 21:03:53] <%뽀라뽀리 (53e4tdr)> ㄹㅇㅋㅋㅋㅋㅋㅋㅋㅋㅋㅋㅋㅋㅋㅋㅋㅋㅋㅋㅋ
[2021-12-10 21:03:54] <%윤비비전용발닦개 (i_think_so__)> 딱봐도 알겠는데
[2021-12-10 21:03:56] <%포인트채굴 (zeze4013)> 팩트 박아버리고
[2021-12-10 21:04:01] <%쌌닭돼지좋앙하으앙 (wjswjdtp)> 근대 그거 찐특임
[2021-12-10 21:04:04] <bellatimo> 생각해보니까 화남
[2021-12-10 21:04:10] <%leemhmh> 찐특)
[2021-12-10 21:04:26] <%leemhmh> 그거 해줘 ㅠㅠ
[2021-12-10 21:04:26] <%흐미잉 (uuiop923)> 부검 ㄱㄱ
[2021-12-10 21:04:31] <%칠산노비 (maybe0511)> 확실한 찐따네..ㅠ
[2021-12-10 21:04:37] <%쌌닭돼지좋앙하으앙 (wjswjdtp)> 화내는중에 선지키는 윤이나 멋지다
[2021-12-10 21:04:39] <%윤비비전용발닦개 (i_think_so__)> ?
[2021-12-10 21:04:39] <@^빵_떡 (bbangddeock)> 갈고리 수집  4258 개째
[2021-12-10 21:04:41] <%윤비비전용발닦개 (i_think_so__)> 왜죠
[2021-12-10 21:04:45] <%게임할때빛나는너와나 (startstory3232)> ㅋㅋㅋ
[2021-12-10 21:04:50] <%라쿤이다 (bs208)> 그라데이션 분노 ㅋㅋㅋ
[2021-12-10 21:04:53] <%daily43> ㅋㅋㅋㅋㅋㅋ
[2021-12-10 21:04:58] <%쌌닭돼지좋앙하으앙 (wjswjdtp)> ㅋㅋㅋ
[2021-12-10 21:05:00] <%윤비비전용발닦개 (i_think_so__)> 아 화나네
[2021-12-10 21:05:00] <%흐미잉 (uuiop923)> 엄청난 분노 ㄷㄷ
[2021-12-10 21:05:13] <%leemhmh> 명치에 진짜 점있네
[2021-12-10 21:05:15] <%포인트채굴 (zeze4013)> 하찮은 펀치 ㅋㅋㅋㅋ
[2021-12-10 21:05:17] <1w2e3q> 무순일이 있었나요?
[2021-12-10 21:05:19] <아르디아노 (guardiano714)> 와... 극대노...
[2021-12-10 21:05:21] <빛런 (dabin0515)> 화내는것도 이쁘다..
[2021-12-10 21:05:26] <%쌌닭돼지좋앙하으앙 (wjswjdtp)> ㅋㅋㅋ 근대왜귀엽냐
[2021-12-10 21:05:29] <%칠산노비 (maybe0511)> 기엽다 햄주먹 ㅋㅋ
[2021-12-10 21:05:33] <%흐미잉 (uuiop923)> 진짜 하찮은 주먹ㅋㅋㅋ
[2021-12-10 21:05:33] <%윤비비전용발닦개 (i_think_so__)> 지금 화나는데
[2021-12-10 21:05:34] <%포인트채굴 (zeze4013)> 주먹질 하찮은데 귀엽넼ㅋㅋㅋ
[2021-12-10 21:05:35] <%윤비비전용발닦개 (i_think_so__)> 가디건 뭔데
[2021-12-10 21:05:46] <jessng999> 귀여워
[2021-12-10 21:05:53] <%daily43> ㅋㅋㅋㅋㅋㅋㅋㅋㅋ
[2021-12-10 21:05:53] <%돈부리ㅇ (kan486)> ㅋㅋㅋㅋㅋ
[2021-12-10 21:05:54] <%쌌닭돼지좋앙하으앙 (wjswjdtp)> 가지마가지마
[2021-12-10 21:05:58] <%뽀라뽀리 (53e4tdr)> ㅋㅋㅋㅋㅋㅋㅋㅋㅋㅋ
[2021-12-10 21:06:00] <%윤비비전용발닦개 (i_think_so__)> 강해지려면...
[2021-12-10 21:06:09] <%daily43> 맞아요
[2021-12-10 21:06:10] <아르디아노 (guardiano714)> 버스타러 가시는군요?
[2021-12-10 21:06:21] <%쌌닭돼지좋앙하으앙 (wjswjdtp)> 저런사람들이 계속나올까봐 무섭다
[2021-12-10 21:06:24] <%윤비비전용발닦개 (i_think_so__)> 왜 이러다 울거같지
[2021-12-10 21:06:38] <%도지889층 (developmentkims)> 아만 서버 열리기만 해라. 내가 비비 버스 태운다.
[2021-12-10 21:06:42] <%윤비비방아니면벤좀 (gyum_s)> 기믹말고 짤패턴에 죽으셔서
[2021-12-10 21:07:03] <%윤비비방아니면벤좀 (gyum_s)> 맞아여 ㅋㅋㅋㅋ맨날 외부 기믹은 다하는데 내부가 계속 못하는데
[2021-12-10 21:07:04] <%쌌닭돼지좋앙하으앙 (wjswjdtp)> 언니오빠 맞아?
[2021-12-10 21:07:06] <%윤비비전용발닦개 (i_think_so__)> 언니 오빠 맞죠?
[2021-12-10 21:07:15] <%뽀라뽀리 (53e4tdr)> 언니오빠에 의문을 느끼지만...뭐 그렇다 치자
[2021-12-10 21:07:23] <%leemhmh> 템렙 높으면 언니 오빠지
[2021-12-10 21:07:26] <%흐미잉 (uuiop923)> 맞서싸워!
[2021-12-10 21:07:27] <%윤비비전용발닦개 (i_think_so__)> YBB!! YBB!! YBB!! YBB!! YBB!!
[2021-12-10 21:07:31] <%돈부리ㅇ (kan486)> 동생들 아니고?
[2021-12-10 21:07:39] <xhakrwktkf2> 음?ㅋㅋㅋㅋ
[2021-12-10 21:07:42] <%윤비비전용발닦개 (i_think_so__)> 가자!!!!!
[2021-12-10 21:07:43] <%뽀라뽀리 (53e4tdr)> ㄱㄱ
[2021-12-10 21:07:43] <%윤비비방아니면벤좀 (gyum_s)> ㅋㅋㅋㅋㅋㅋ
[2021-12-10 21:07:53] <%포인트채굴 (zeze4013)> 채굴 가즈아ㅏㅏㅏ
[2021-12-10 21:07:56] <%도지889층 (developmentkims)> 오늘은 딴거하는게 나을지도...
[2021-12-10 21:07:59] <%daily43> 예민 오지마라
[2021-12-10 21:08:01] <빛런 (dabin0515)> 트수가 맞는지 확인을 해야할듯여?
[2021-12-10 21:08:03] <%도지889층 (developmentkims)> 멘탈 터질까봐요 ㅠㅠ
[2021-12-10 21:08:07] <%윤비비전용발닦개 (i_think_so__)> 다른건 다 했을걸요
[2021-12-10 21:08:19] <%daily43> 그 한분만
[2021-12-10 21:08:25] <xhakrwktkf2> 왜 트수가 그랬지 근데 ㅋㅋㅋㅋ
[2021-12-10 21:08:25] <%흐미잉 (uuiop923)> 그거 트수아님
[2021-12-10 21:08:27] <%흐미잉 (uuiop923)> 트수는 신사야
[2021-12-10 21:08:31] <%깜짝손 (lv90_guest)> 트수가 악질이었다?
[2021-12-10 21:08:34] <%leemhmh> 트수는 젠틀함
[2021-12-10 21:08:41] <숙코영 (loaon1218)> 다시보기로 보고왔는데 시참무새인듯해요
[2021-12-10 21:08:43] <%윤비비전용발닦개 (i_think_so__)> 여기와서 물어봄 들어가도 되는지
[2021-12-10 21:08:44] <%daily43> 트수는 서윗 하다고
[2021-12-10 21:08:45] <%흐미잉 (uuiop923)> 변태지만 신사야
[2021-12-10 21:08:49] <%포인트채굴 (zeze4013)> 아마 방송인이라 자기한테 함부로 못한다는걸 알고선 야랄한듯
[2021-12-10 21:08:54] <빛런 (dabin0515)> 안티엿구나 ㄷㄷ
[2021-12-10 21:09:07] <숙코영 (loaon1218)> ㅋㅋㅋㅋㅋㅋㅋㅋㅋㅋㅋㅋ
[2021-12-10 21:09:09] <xhakrwktkf2> ㅋㅋㅋㅋㅋㅋㅋ 몇번째 화야 이게
[2021-12-10 21:09:11] <%깜짝손 (lv90_guest)> ㅋㅋㅋㅋㅋ
[2021-12-10 21:09:13] <%도지889층 (developmentkims)> 오늘 팬미팅 각이네 ㅋ
[2021-12-10 21:09:15] <%포인트채굴 (zeze4013)> 윤비비 하찮은 펀치 삽니다
[2021-12-10 21:09:20] <%뽀라뽀리 (53e4tdr)> 혀...현피하면 질수있어...
[2021-12-10 21:09:21] <%게임할때빛나는너와나 (startstory3232)> ㅋㅋㅋ
[2021-12-10 21:09:23] <%돈부리ㅇ (kan486)> 죽일까요 마스터?
[2021-12-10 21:09:25] <%윤비비방아니면벤좀 (gyum_s)> ㅋㅋㅋㅋ
[2021-12-10 21:09:27] <%포인트채굴 (zeze4013)> ㅋㅋㅋㅋㅋ
[2021-12-10 21:09:34] <jessng999> ㅋㅋㅋㅋ
[2021-12-10 21:09:36] <%윤비비전용발닦개 (i_think_so__)> 다시 0관문
[2021-12-10 21:09:36] <%흐미잉 (uuiop923)> 로아 나쁜겜이네
[2021-12-10 21:09:37] <%도지889층 (developmentkims)> 스트레스 받는데 링피트 조이죠
[2021-12-10 21:09:39] <%윤비비방아니면벤좀 (gyum_s)> 방종 못하는 미션같은거 잇으신건가
[2021-12-10 21:09:42] <%포인트채굴 (zeze4013)> 져줄수 있음 윤비비면
[2021-12-10 21:09:55] <%윤비비전용발닦개 (i_think_so__)> 운동하면 아드레날린 나와서 스트레스 풀림
[2021-12-10 21:09:56] <%윤비비방아니면벤좀 (gyum_s)> 아..
[2021-12-10 21:10:02] <%포인트채굴 (zeze4013)> ㅋㅋㅋㅋㅋㅋㅋㅋㅋㅋㅋ
[2021-12-10 21:10:03] <%도지889층 (developmentkims)> ㅋㅋㅋㅋㅋㅋㅋㅋㅋㅋㅋ
[2021-12-10 21:10:04] <%원탑은나 (tmi1212)> ㄹㅇㅋㅋㅋ
[2021-12-10 21:10:06] <%흐미잉 (uuiop923)> ㅋㅋㅋㅋㅋㅋㅋㅋㅋㅋㅋ
[2021-12-10 21:10:06] <%포인트채굴 (zeze4013)> 팩트 멈춰!
[2021-12-10 21:10:07] <%윤비비방아니면벤좀 (gyum_s)> ㅋㅋㅋㅋㅋㅋㅋㅋㅋㅋㅋㅋㅋㅋ
[2021-12-10 21:10:09] <%뽀라뽀리 (53e4tdr)> ㅋㅋㅋㅋㅋㅋㅋㅋㅋㅋㅋ
[2021-12-10 21:10:13] <%leemhmh> 그 친구가 여기있었네
[2021-12-10 21:10:15] <%돈부리ㅇ (kan486)> 화나서 열나는데 가디건 쳐내죠?
[2021-12-10 21:10:32] <%윤비비전용발닦개 (i_think_so__)> 아
[2021-12-10 21:10:33] <%돈부리ㅇ (kan486)> 잉ㅜㅜ
[2021-12-10 21:10:34] <%윤비비전용발닦개 (i_think_so__)> 화난다
[2021-12-10 21:10:37] <호이이이 (lsh4989)> ㅋㅋㅋㅋㅋㅋ
[2021-12-10 21:10:37] <%뽀라뽀리 (53e4tdr)> 아니 방장 방열해야지
[2021-12-10 21:10:45] <+마르티네즈_ (martinez119)> 열받는데 진짜 가디건뭐야
[2021-12-10 21:10:50] <+마르티네즈_ (martinez119)> CurseLit CurseLit
[2021-12-10 21:11:03] <jessng999> 귀여워
[2021-12-10 21:11:14] <%leemhmh> 단순
[2021-12-10 21:11:18] <%윤비비전용발닦개 (i_think_so__)> 로아에서도 곱창을
[2021-12-10 21:11:19] <%돈부리ㅇ (kan486)> 어제 곱창맛있었지ㅋㅋ
[2021-12-10 21:11:21] <%게임할때빛나는너와나 (startstory3232)> ㅎㅎ
[2021-12-10 21:11:30] <%흐미잉 (uuiop923)> 진짜 단순하네 ㅋㅋㅋ
[2021-12-10 21:11:30] <%쌌닭돼지좋앙하으앙 (wjswjdtp)> 어제오늘곱창먹네
[2021-12-10 21:12:11] <%윤비비전용발닦개 (i_think_so__)> 트수는 기 안죽어!!
[2021-12-10 21:12:11] <xhakrwktkf2> 기분다운됨
[2021-12-10 21:12:44] <%포인트채굴 (zeze4013)> 이쯤되면 특출~나게 잘하지 못한 스카 때문인것 같네
[2021-12-10 21:12:44] <xhakrwktkf2> 멘탈텐션 박살날듯ㅋㅋㅋㅋㅋㅋ
[2021-12-10 21:12:44] <%윤비비전용발닦개 (i_think_so__)> 헐
[2021-12-10 21:12:52] <%윤비비전용발닦개 (i_think_so__)> 만팔기념 은퇴 ㄷㄷ
[2021-12-10 21:12:53] <%뽀라뽀리 (53e4tdr)> 그건 안돼...!!!!
[2021-12-10 21:12:53] <%흐미잉 (uuiop923)> 멈춰!
[2021-12-10 21:13:04] <%윤비비방아니면벤좀 (gyum_s)> 꺼야겟네
[2021-12-10 21:13:09] <%초롱아보고싶을거야 (kkdb0128)> 후아 쿠크 이제 꺴음
[2021-12-10 21:13:15] <%포인트채굴 (zeze4013)> 알아서 벽보고 있을께요...
[2021-12-10 21:13:28] <%돈부리ㅇ (kan486)> 언냐 롤체나 할까?
[2021-12-10 21:13:28] <%윤비비전용발닦개 (i_think_so__)> 쿠크가 너무 빨리 끝나버림
[2021-12-10 21:13:35] <%윤비비방아니면벤좀 (gyum_s)> ㅋㅋㅋㅋㅋㅋㅋ
[2021-12-10 21:13:38] <%초롱아보고싶을거야 (kkdb0128)> 쿠크하는동안 무슨일이 있었던거임 ㄷㄷ
[2021-12-10 21:13:39] <%윤비비방아니면벤좀 (gyum_s)> 누군지 보라고 남겨두는거같은데
[2021-12-10 21:13:50] <%윤비비방아니면벤좀 (gyum_s)> 쿠크는 2트1클
[2021-12-10 21:14:07] <%쌌닭돼지좋앙하으앙 (wjswjdtp)> ?
[2021-12-10 21:14:08] <@^빵_떡 (bbangddeock)> 갈고리 수집  4259 개째
[2021-12-10 21:14:10] <%쌌닭돼지좋앙하으앙 (wjswjdtp)> 비바?
[2021-12-10 21:14:11] <%포인트채굴 (zeze4013)> ?
[2021-12-10 21:14:15] <캠푸스메이커 (caramelma)> RUN
[2021-12-10 21:14:15] <%윤비비방아니면벤좀 (gyum_s)> ㅋㅋㅋㅋㅋㅋㅋㅋㅋ
[2021-12-10 21:14:17] <%윤비비전용발닦개 (i_think_so__)> 하나쿤 나와줘!!!
[2021-12-10 21:14:17] <%윤비비방아니면벤좀 (gyum_s)> 아 몰라
[2021-12-10 21:14:18] <%daily43> ?
[2021-12-10 21:14:18] <@^빵_떡 (bbangddeock)> 갈고리 수집  4260 개째
[2021-12-10 21:14:19] <%뽀라뽀리 (53e4tdr)> ㅋㅋㅋㅋㅋㅋㅋㅋㅋㅋㅋㅋㅋㅋㅋ
[2021-12-10 21:14:19] <%초롱아보고싶을거야 (kkdb0128)> 일요일날 낮방에 오는거임?
[2021-12-10 21:14:19] <%윤비비전용발닦개 (i_think_so__)> 하나쿤!!!!
[2021-12-10 21:14:21] <%흐미잉 (uuiop923)> 아
[2021-12-10 21:14:22] <%도지889층 (developmentkims)> 하나쿤 나타나죠!!
[2021-12-10 21:14:23] <%윤비비전용발닦개 (i_think_so__)> 하나쿤!!!!!!!!!
[2021-12-10 21:14:27] <호이이이 (lsh4989)> 아
[2021-12-10 21:14:27] <%포인트채굴 (zeze4013)> 하나쿤!!!!!
[2021-12-10 21:14:27] <%윤비비전용발닦개 (i_think_so__)> 하나쿤 나와!!!!
[2021-12-10 21:14:28] <%도지889층 (developmentkims)> 하나쿤!!!
[2021-12-10 21:14:29] <호이이이 (lsh4989)> 에반데
[2021-12-10 21:14:30] <!%정나은양 (fox20123)> 고생하셨습니다 비바..ㅠ
[2021-12-10 21:14:30] <하양바이브 (white_vibe_)> ㅋㅋㅋㅋㅋ
[2021-12-10 21:14:31] <%윤비비방아니면벤좀 (gyum_s)> ㅋㅋㅋㅋㅋㅋㅋㅋ 아몰라 안해
[2021-12-10 21:14:32] <%초롱아보고싶을거야 (kkdb0128)> ㅋㅋㅋㅋㅋㅋㅋㅋ
[2021-12-10 21:14:32] <%도지889층 (developmentkims)> 하! 나! 쿤!
[2021-12-10 21:14:33] <%윤비비전용발닦개 (i_think_so__)> 하나쿤!!!!!!!!!!!!!!
[2021-12-10 21:14:36] <%포인트채굴 (zeze4013)> 냥냥펀치 개커엽네
[2021-12-10 21:14:38] <하양바이브 (white_vibe_)> 하!
[2021-12-10 21:14:40] <하양바이브 (white_vibe_)> 나!
[2021-12-10 21:14:41] <하양바이브 (white_vibe_)> 쿤!
[2021-12-10 21:14:41] <%칠산노비 (maybe0511)> 냥냥
[2021-12-10 21:14:45] <%윤비비방아니면벤좀 (gyum_s)> ㅋㅋㅋㅋㅋㅋㅋㅋㅋㅋㅋ
[2021-12-10 21:14:46] <%윤비비전용발닦개 (i_think_so__)> 하나쿤 어디갔냐고
[2021-12-10 21:14:49] <%뽀라뽀리 (53e4tdr)> 방장 가기전에 주먹질좀 더해줘
[2021-12-10 21:15:02] <%윤비비전용발닦개 (i_think_so__)> 아 하나쿤!!!
[2021-12-10 21:15:04] <%흐미잉 (uuiop923)> 하찮다 ㅋㅋㅋㅋㅋ
[2021-12-10 21:15:06] <%뽀라뽀리 (53e4tdr)> ㅋㅋㅋㅋㅋㅋㅋㅋㅋㅋㅋㅋㅋㅋ
[2021-12-10 21:15:07] <%게임할때빛나는너와나 (startstory3232)> ㅋㅋㅋ
[2021-12-10 21:15:10] <%윤비비방아니면벤좀 (gyum_s)> ㅋㅋㅋㅋㅋㅋ
[2021-12-10 21:15:10] <kys3303> 인파이터 오졌다
[2021-12-10 21:15:11] <%윤비비전용발닦개 (i_think_so__)> 낼 휴방이라고 ㅠㅠ
[2021-12-10 21:15:12] <하양바이브 (white_vibe_)> ㅋㅋㅋㅋㅋ
[2021-12-10 21:15:23] <%원탑은나 (tmi1212)> 냥냥펀치ㅋㅋ
[2021-12-10 21:15:25] <jessng999> ㅋㅋㅋㅋ
[2021-12-10 21:15:27] <촌동네배린이 (alsgh8879)> ㅋㅋㅋㅋㅋㅋㅋㅋㅋㅋ
[2021-12-10 21:15:33] <%도지889층 (developmentkims)> 하나쿤 ㅠㅠ
[2021-12-10 21:15:33] <%칠산노비 (maybe0511)> 하찮은 햄주먹
[2021-12-10 21:15:34] <%윤비비전용발닦개 (i_think_so__)> 하나쿤!!!
[2021-12-10 21:15:35] <%흐미잉 (uuiop923)> 하나도 안무섭네 ㅋㅋㅋ
[2021-12-10 21:15:36] <%윤비비방아니면벤좀 (gyum_s)> 고생하셧습니다
[2021-12-10 21:15:36] <%포인트채굴 (zeze4013)> -런-
[2021-12-10 21:15:37] <%윤비비전용발닦개 (i_think_so__)> 안돼ㅐㅐㅐㅐㅐ
[2021-12-10 21:15:39] <%윤비비전용발닦개 (i_think_so__)> 안대ㅐㅐㅐㅐㅐㅐㅐㅐㅐㅐㅐㅐ
[2021-12-10 21:15:39] <%윤비비방아니면벤좀 (gyum_s)> ㅋㅋㅋㅋㅋㅋㅋㅋ
[2021-12-10 21:15:40] <%포인트채굴 (zeze4013)> 비바비바
[2021-12-10 21:15:41] <%뽀라뽀리 (53e4tdr)> ㅋㅋㅋㅋㅋㅋ이걸 런하네
[2021-12-10 21:15:41] <하양바이브 (white_vibe_)> 비바...ㅠㅠ
[2021-12-10 21:15:43] <%쌌닭돼지좋앙하으앙 (wjswjdtp)> 비바
[2021-12-10 21:15:43] <%초롱아보고싶을거야 (kkdb0128)> 트바트바
[2021-12-10 21:15:43] <@^빵_떡 (bbangddeock)> 쌌닭돼지좋앙하으앙님 잘가요 비바 !
[2021-12-10 21:15:44] <%도지889층 (developmentkims)> 비바비바
[2021-12-10 21:15:45] <%흐미잉 (uuiop923)> 비바
[2021-12-10 21:15:45] <@^빵_떡 (bbangddeock)> 흐미잉님 잘가요 비바 !
[2021-12-10 21:15:46] <%윤비비방아니면벤좀 (gyum_s)> 비바 고생여
[2021-12-10 21:15:47] <%daily43> 바바
[2021-12-10 21:15:48] <%뽀라뽀리 (53e4tdr)> x2me2nHni3 x2me2nHni3 x2me2nHni3 x2me2nHni3
[2021-12-10 21:15:49] <%게임할때빛나는너와나 (startstory3232)> ㅂㅂ
[2021-12-10 21:15:49] <%칠산노비 (maybe0511)> ㅂㅂ
[2021-12-10 21:15:50] <하양바이브 (white_vibe_)> 갔어...
[2021-12-10 21:15:51] <!%정나은양 (fox20123)> x2me2nHni3
[2021-12-10 21:15:53] <%도지889층 (developmentkims)> x2me2nHni3 x2me2nHni3 x2me2nHni3 x2me2nHni3
[2021-12-10 21:15:53] <jessng999> 바바
[2021-12-10 21:15:55] <%포인트채굴 (zeze4013)> x2me2nHni3
[2021-12-10 21:15:55] <하양바이브 (white_vibe_)> 그립읍니다..
[2021-12-10 21:16:00] <%도지889층 (developmentkims)> 가써...
[2021-12-10 21:16:00] <%윤비비전용발닦개 (i_think_so__)> 트위치가 멈췄다...
[2021-12-10 21:16:02] <%흐미잉 (uuiop923)> 갔어...
[2021-12-10 21:16:04] <%도지889층 (developmentkims)> 그립읍니다 ㅠㅠ
[2021-12-10 21:16:05] <%포인트채굴 (zeze4013)> 갔다
[2021-12-10 21:16:08] <%윤비비전용발닦개 (i_think_so__)> 그 트수 찾아낸다
[2021-12-10 21:16:10] <%돈부리ㅇ (kan486)> 진짜 가버렸어 ㅋㅋㅋ
[2021-12-10 21:16:10] <%윤비비전용발닦개 (i_think_so__)> ㅂㄷㅂㄷㅂㄷㅂ
[2021-12-10 21:16:11] <%도지889층 (developmentkims)> 이제 우린 어디 가냐
[2021-12-10 21:16:19] <%포인트채굴 (zeze4013)> 특출~나게 이거 입에 붙어버렸는데 어쩜
[2021-12-10 21:16:22] <jessng999> ㅠㅠ
[2021-12-10 21:16:25] <%도지889층 (developmentkims)> 그 트수떄메 내 채굴 2시간 깎임 ㅠ
[2021-12-10 21:16:31] <%도지889층 (developmentkims)> 하 채굴손실..
[2021-12-10 21:16:37] <%포인트채굴 (zeze4013)> 그래도 도박판 노잣돈은 마련했음 저는
[2021-12-10 21:16:38] <%윤비비전용발닦개 (i_think_so__)> 아ㅏ 포인트 다 잃었다고 ㅠㅠ
[2021-12-10 21:16:50] <%포인트채굴 (zeze4013)> 2천이 4천되고 4천이 8천 되는 매직
[2021-12-10 21:17:02] <%도지889층 (developmentkims)> 저는 그 반대로 되던데요..
[2021-12-10 21:17:02] <%뽀라뽀리 (53e4tdr)> 비손실 빡쳐서 링피트 다시보기 조진다...
[2021-12-10 21:17:04] <%윤비비전용발닦개 (i_think_so__)> 나 2천포 어디갔어
[2021-12-10 21:17:13] ~Stream offline~
[2021-12-10 21:17:24] <%윤비비전용발닦개 (i_think_so__)> 꺼무위키나 보러가야겠다
[2021-12-10 21:17:28] <%포인트채굴 (zeze4013)> 전 비비님이 요호버스 포인트때 이후로
[2021-12-10 21:17:34] <%포인트채굴 (zeze4013)> 절대 파랑단 안감
[2021-12-10 21:17:52] <+마르티네즈_ (martinez119)> 그립읍니다.
[2021-12-10 21:18:10] <%포인트채굴 (zeze4013)> x2me2nHni3 x2me2nHni3 x2me2nHni3
[2021-12-10 21:30:42] Viewerstats (21:02-21:14): avg:356 min:347 max:367 [7/367+0-13+0+0+0-7_]
[2021-12-10 21:32:48] <@^빵_떡 (bbangddeock)> 어서오세요 아직 팔로우 안하셨다면 팔로우 부탁해요 °˖✧◝(⁰▿⁰)◜✧˖°
[2021-12-10 21:50:00] You have left #2me2na
# Log closed: 2021-12-10 21:50:00 +0900
-
