# Log started: 2021-12-10 21:42:50 +0900
[2021-12-10 21:42:50] #bamsik_0127 채널 입장 중입니다
[2021-12-10 21:42:50] #bamsik_0127 채널에 입장했습니다
[2021-12-10 21:42:50] ~(초신입스머) 취객난동부렸던 집 대청소하기 (Just Chatting)~
[2021-12-10 21:42:51] <%대전은빵집이아니라고 (rjsdid7325)> ?
[2021-12-10 21:42:51] <@^빵_떡 (bbangddeock)> bbangd1Un
[2021-12-10 21:42:56] <%대전은빵집이아니라고 (rjsdid7325)> 그걸 거기서 턴다고?
[2021-12-10 21:42:57] <%$노누미파트너기원1일차 (tkdgns3522)> ??
[2021-12-10 21:43:02] <%$노누미파트너기원1일차 (tkdgns3522)> 왜 저기서 털어요??
[2021-12-10 21:43:08] <엉덩이클라스 (dlscm12)> ?이불을.......
[2021-12-10 21:43:18] <%대전은빵집이아니라고 (rjsdid7325)> ㅇㄱㅇ~
[2021-12-10 21:43:21] <엉덩이클라스 (dlscm12)> 어우 먼지
[2021-12-10 21:43:28] <%오스왈드 (unclosedhuman)> 와 총알도 막겠네
[2021-12-10 21:43:29] <%$노누미파트너기원1일차 (tkdgns3522)> 와 먼지로 천본앵을 쓰시네
[2021-12-10 21:43:31] <%엄청개고수 (highwater1350)> 갓경...
[2021-12-10 21:43:32] <엉덩이클라스 (dlscm12)> 방에 먼지봐......
[2021-12-10 21:43:47] <김깡마남편후보1 (tkfkd0530)> 안경쓰시면 대기업 회장님 도도한 비서님 같을거 같아요
[2021-12-10 21:43:48] <엉덩이클라스 (dlscm12)> 환기라도 시키지
[2021-12-10 21:43:52] BITS: icetubkarng (10)
[2021-12-10 21:43:52] <%icetubkarng> Cheer10
[2021-12-10 21:43:57] <%대전은빵집이아니라고 (rjsdid7325)> 아주 그냥 다 작살내버렸네 방을
[2021-12-10 21:43:58] <%뚱뚱했던 (raffymcfatty)> ㅇㅅㅇ?
[2021-12-10 21:44:06] <%오스왈드 (unclosedhuman)> 여기 오니까 화질이 안 좋아진 거 같다?ㅋㅋㅋ
[2021-12-10 21:44:18] <엉덩이클라스 (dlscm12)> 공기청정기 : 살려줘...
[2021-12-10 21:44:20] <%대전은빵집이아니라고 (rjsdid7325)> 으악
[2021-12-10 21:44:20] <%+네코판다 (goyangom)> 황삭가 왓나
[2021-12-10 21:44:22] <%염왕 (yumking828)> 으아아아가
[2021-12-10 21:44:26] <%+네코판다 (goyangom)> 으악 내눈
[2021-12-10 21:44:28] <%$노누미파트너기원1일차 (tkdgns3522)> 그대로예요
[2021-12-10 21:44:29] <김깡마남편후보1 (tkfkd0530)> 손에서 김치전 향나요
[2021-12-10 21:44:31] <%+네코판다 (goyangom)> 내눈을 문질럿어
[2021-12-10 21:44:36] <bellatimo> 눈 찔렀어
[2021-12-10 21:44:44] <%$노누미파트너기원1일차 (tkdgns3522)> 냥빨을 하랬더니 눈을 빨면 어떡해요
[2021-12-10 21:44:44] <엉덩이클라스 (dlscm12)> 으악 내눈
[2021-12-10 21:44:49] <%대전은빵집이아니라고 (rjsdid7325)> ?
[2021-12-10 21:44:49] <@^빵_떡 (bbangddeock)> bbangd1Un
[2021-12-10 21:44:49] <%염왕 (yumking828)> ㅋㅋㅋㅋㅋㅋㅋㅋㅋ
[2021-12-10 21:44:53] <%대전은빵집이아니라고 (rjsdid7325)> 아옼ㅋㅋㅋㅋㅋㅋㅋㅋㅋㅋㅋㅋㅋㅋㅋㅋ
[2021-12-10 21:44:55] <%염왕 (yumking828)> 세상에
[2021-12-10 21:44:59] <%대전은빵집이아니라고 (rjsdid7325)> 갤주님도 오열하시잖아
[2021-12-10 21:45:11] <%김모르명예소방관티이 (gesbte)> ㅋㅋㅋㅋㅋ
[2021-12-10 21:45:15] <%오스왈드 (unclosedhuman)> 괜찮다ㅋㅋㅋ
[2021-12-10 21:45:17] <엉덩이클라스 (dlscm12)> ?
[2021-12-10 21:45:17] <@^빵_떡 (bbangddeock)> bbangd1Un
[2021-12-10 21:45:25] <%대전은빵집이아니라고 (rjsdid7325)> 야야 얘 또 못참는다
[2021-12-10 21:45:25] <엉덩이클라스 (dlscm12)> 저건 무슨춤이여 ㅋㅋㅋ
[2021-12-10 21:45:28] <%$노누미파트너기원1일차 (tkdgns3522)> ??
[2021-12-10 21:45:30] <%오스왈드 (unclosedhuman)> 밤식밤식 다음은 이거야?
[2021-12-10 21:45:32] <김깡마남편후보1 (tkfkd0530)> 뒷모습은 영락없이 편의점가서 컵라면 사올 모습인데
[2021-12-10 21:45:52] <엉덩이클라스 (dlscm12)> 밤쉑
[2021-12-10 21:46:04] <김깡마남편후보1 (tkfkd0530)> 밤 뚜껑으로 뭐 만들거임?
[2021-12-10 21:46:21] <%$노누미파트너기원1일차 (tkdgns3522)> 저건 항시 판매하니까
[2021-12-10 21:46:25] <%$노누미파트너기원1일차 (tkdgns3522)> 걍 버리셔요
[2021-12-10 21:46:36] <김깡마남편후보1 (tkfkd0530)> 오늘 청소 끝내면 방종이예요?
[2021-12-10 21:46:43] <엉덩이클라스 (dlscm12)> 커튼도 밤인거보니 닉값하네
[2021-12-10 21:46:47] <%대전은빵집이아니라고 (rjsdid7325)> 해장국 먹방있데요
[2021-12-10 21:47:12] <%염왕 (yumking828)> 오라버니 오열
[2021-12-10 21:47:15] <%오스왈드 (unclosedhuman)> 역시 스피커 위는 쓰레기 놓는 데지
[2021-12-10 21:47:34] <%김모르명예소방관티이 (gesbte)> ㅋㅋㅋㅋㅋㅋㅋ
[2021-12-10 21:47:42] <엉덩이클라스 (dlscm12)> 보통 조명은 벽으로 세팅하는데
[2021-12-10 21:47:46] <%레브로즈 (masterplan___1)> 자연스러워서 스피커인줄알았다
[2021-12-10 21:48:07] <%김모르명예소방관티이 (gesbte)> 돗자리 테이프 덕지덕지 ㅋㅋ
[2021-12-10 21:48:07] <엉덩이클라스 (dlscm12)> ?
[2021-12-10 21:48:07] <@^빵_떡 (bbangddeock)> bbangd1Un
[2021-12-10 21:48:11] <%대전은빵집이아니라고 (rjsdid7325)> 잔쿄~잔쿄~잔쿄~잔쿄~잔쿄~잔쿄~잔쿄~잔쿄~잔쿄~잔쿄~잔쿄~잔쿄~잔쿄~
[2021-12-10 21:48:14] <%대전은빵집이아니라고 (rjsdid7325)> 잔쿄~잔쿄~잔쿄~잔쿄~잔쿄~잔쿄~잔쿄~잔쿄~잔쿄~잔쿄~잔쿄~잔쿄~잔쿄~잔쿄~잔쿄~잔쿄~
[2021-12-10 21:48:21] <%김모르명예소방관티이 (gesbte)> ㅋㅋㅋㅋㅋㅋ
[2021-12-10 21:48:23] <%염왕 (yumking828)> 쟌쿄~🤟
[2021-12-10 21:48:36] <%대전은빵집이아니라고 (rjsdid7325)> bamsikHeart bamsikSmile bamsikHeart bamsikSmile bamsikHeart bamsikSmile
[2021-12-10 21:48:38] <%$노누미파트너기원1일차 (tkdgns3522)> 어제는 그나마 쟌쟌했네요
[2021-12-10 21:48:45] <%김모르명예소방관티이 (gesbte)> bamsikHeart bamsikSmile bamsikHeart bamsikSmile bamsikHeart bamsikSmile
[2021-12-10 21:48:45] <%염왕 (yumking828)> 쟌쿄~🤟쟌쿄~🤟쟌쿄~🤟쟌쿄~🤟쟌쿄~🤟쟌쿄~🤟
[2021-12-10 21:48:46] <%icetubkarng> bamsikSmile bamsikSmile bamsikSmile bamsikSmile
[2021-12-10 21:48:57] <%icetubkarng> 쟌쿄~🤟
[2021-12-10 21:48:57] <%대전은빵집이아니라고 (rjsdid7325)> bamsikHeart  bamsikSmile   bamsikHeart   bamsikSmile   bamsikHeart   bamsikSmilebamsikHeart  bamsikSmile   bamsikHeart   bamsikSmile   bamsikHeart   bamsikSmilebamsikHeart  bamsikSmile   bamsikHeart   bamsikSmile   bamsikHeart   bamsikSmilebamsikHeart  bamsikSmile   bamsikHeart   bamsikSmile   bamsikHeart   bamsikSmile
[2021-12-10 21:49:00] <%염왕 (yumking828)> 쟌쿄~🤟쟌쿄~🤟쟌쿄~🤟쟌쿄~🤟쟌쿄~🤟쟌쿄~🤟쟌쿄~🤟쟌쿄~🤟쟌쿄~🤟
[2021-12-10 21:49:07] <%대전은빵집이아니라고 (rjsdid7325)> 큰거온다~큰거온다~큰거온다~큰거온다~큰거온다~
[2021-12-10 21:49:13] <%대전은빵집이아니라고 (rjsdid7325)> 쟌쿄~🤟 히끅~!~🤟 쟌쿄~🤟 히끅~!~🤟 쟌쿄~🤟 히끅~!~🤟 쟌쿄~🤟 히끅~!~🤟 쟌쿄~🤟 히끅~!~🤟 쟌쿄~🤟 히끅~!~🤟 쟌쿄~🤟 히끅~!~🤟 쟌쿄~🤟 히끅~!~🤟 쟌쿄~🤟 히끅~!~🤟 쟌쿄~🤟 히끅~!~🤟 쟌쿄~🤟 히끅~!~🤟 쟌쿄~🤟 히끅~!~🤟 쟌쿄~🤟 히끅~!~🤟 쟌쿄~🤟 히끅~!~🤟 쟌쿄~🤟 히끅~!~🤟 쟌쿄~🤟 히끅~!~🤟 쟌쿄~🤟 히끅~!~🤟
[2021-12-10 21:49:14] <%오스왈드 (unclosedhuman)> 쟌쿄!🤟쟌쿄!🤟쟌쿄!🤟쟌쿄!🤟쟌쿄!🤟쟌쿄!🤟쟌쿄!🤟쟌쿄!🤟쟌쿄!🤟
[2021-12-10 21:49:16] <%대전은빵집이아니라고 (rjsdid7325)> 쟌쿄~🤟 히끅~!~🤟 쟌쿄~🤟 히끅~!~🤟 쟌쿄~🤟 히끅~!~🤟 쟌쿄~🤟 히끅~!~🤟 쟌쿄~🤟 히끅~!~🤟 쟌쿄~🤟 히끅~!~🤟 쟌쿄~🤟 히끅~!~🤟 쟌쿄~🤟 히끅~!~🤟 쟌쿄~🤟 히끅~!~🤟 쟌쿄~🤟 히끅~!~🤟 쟌쿄~🤟 히끅~!~🤟 쟌쿄~🤟 히끅~!~🤟 쟌쿄~🤟 히끅~!~🤟
[2021-12-10 21:49:19] <%염왕 (yumking828)> 쟌쿄~🤟쟌쿄~🤟쟌쿄~🤟
[2021-12-10 21:49:27] <%오스왈드 (unclosedhuman)> 쟌쿄!🤟 쟌쿄!🤟 쟌쿄!🤟 쟌쿄!🤟 쟌쿄!🤟 쟌쿄!🤟 쟌쿄!🤟 쟌쿄!🤟 쟌쿄!🤟 쟌쿄!🤟 쟌쿄!🤟 쟌쿄!🤟 쟌쿄!🤟 쟌쿄!🤟
[2021-12-10 21:49:29] <%icetubkarng> 쟌쿄~🤟 히끅~!~🤟 쟌쿄~🤟 히끅~!~🤟 쟌쿄~🤟 히끅~!~🤟 쟌쿄~🤟 히끅~!~🤟 쟌쿄~🤟 히끅~!~🤟 쟌쿄~🤟 히끅~!~🤟 쟌쿄~🤟 히끅~!~🤟 쟌쿄~🤟 히끅~!~🤟 쟌쿄~🤟 히끅~!~🤟 쟌쿄~🤟 히끅~!~🤟 쟌쿄~🤟 히끅~!~🤟 쟌쿄~🤟 히끅~!~🤟 쟌쿄~🤟 히끅~!~🤟
[2021-12-10 21:49:30] <%대전은빵집이아니라고 (rjsdid7325)> 신났네 ㅋㅋ
[2021-12-10 21:49:39] <+아조시손 (ajs_hand)> 이분 술마시고
[2021-12-10 21:49:45] <+아조시손 (ajs_hand)> 집 부신 그분인가요
[2021-12-10 21:49:47] <술마신흑우 (drinkingblackcow)> ?
[2021-12-10 21:49:47] <@^빵_떡 (bbangddeock)> bbangd1Un
[2021-12-10 21:50:01] <술마신흑우 (drinkingblackcow)> 어제 술드셨나요
[2021-12-10 21:50:04] <%$노누미파트너기원1일차 (tkdgns3522)> 저 정도면 부신거죠 ㅋㅋㅋㅋㅋㅋㅋㅋㅋ
[2021-12-10 21:50:46] <술마신흑우 (drinkingblackcow)> 밤식밤식하게 마셨군요
[2021-12-10 21:50:48] <%오스왈드 (unclosedhuman)> 쟌쿄!🤟 쟌쿄!🤟 쟌쿄!🤟 쟌쿄!🤟 쟌쿄!🤟 쟌쿄!🤟
[2021-12-10 21:50:52] <술마신흑우 (drinkingblackcow)> 어?귀칼 오프닝?
[2021-12-10 21:51:11] <%대전은빵집이아니라고 (rjsdid7325)> 쟌쿄~🤟 히끅~!~🤟
[2021-12-10 21:51:50] <%$노누미파트너기원1일차 (tkdgns3522)> 히끅은 뭐죠 ㅋㅋㅋㅋㅋㅋㅋ
[2021-12-10 21:52:02] <%$노누미파트너기원1일차 (tkdgns3522)> 어제 춤추면서 토컨하셨나
[2021-12-10 21:52:06] <%대전은빵집이아니라고 (rjsdid7325)> 어제 무한 딸꾹질해서요 ㅋㅋ
[2021-12-10 21:52:19] <%노핌쨩 (nopimi)> 밤하하ㅏ
[2021-12-10 21:52:23] <%노핌쨩 (nopimi)> ㅋㅋㅋㅋ
[2021-12-10 21:52:50] <%라라로로라라 (ronature)> 본방송 언제 하나요
[2021-12-10 21:52:59] <%라라로로라라 (ronature)> 2시간째 청소 ㄷㄷ
[2021-12-10 21:53:06] <%$노누미파트너기원1일차 (tkdgns3522)> erik satie 노래 추천합니다
[2021-12-10 21:53:25] <밤식이배꼽 (kss01022)> 집에 바퀴벌레 안 나오냐?
[2021-12-10 21:53:55] <밤식이배꼽 (kss01022)> 바탕화면 멀리서 흐릿하게 보면 살 두덩이 같음
[2021-12-10 21:54:05] <밤식이배꼽 (kss01022)> 아차차
[2021-12-10 21:54:23] <%김모르명예소방관티이 (gesbte)> ㅋㅋㅋㅋㅋㅋㅋㅋㅋ
[2021-12-10 21:54:28] <%오스왈드 (unclosedhuman)> 일생가??
[2021-12-10 21:54:29] <%$노누미파트너기원1일차 (tkdgns3522)> ?
[2021-12-10 21:54:30] <@^빵_떡 (bbangddeock)> bbangd1Un
[2021-12-10 21:54:32] <밤식이배꼽 (kss01022)> 쉽가능이지
[2021-12-10 21:54:38] <%오스왈드 (unclosedhuman)> 누가 봐도 케이크잖아
[2021-12-10 21:54:40] <밤식이배꼽 (kss01022)> 같이 일하는 간호사도 나랑 친함
[2021-12-10 21:54:49] <%오스왈드 (unclosedhuman)> 그사람한테 조심하라고 전해주세요
[2021-12-10 21:55:17] <밤식이배꼽 (kss01022)> 거리두기 당해지는 사람도 잇긴함..
[2021-12-10 21:55:41] <%$노누미파트너기원1일차 (tkdgns3522)> 어이구야 위험할 뻔했네 전선 근처에
[2021-12-10 21:56:32] <%오스왈드 (unclosedhuman)> 야옹이 의자 되게 좋아하네ㅋㅋㅋㅋ
[2021-12-10 21:56:33] <bellatimo> 냥냥
[2021-12-10 21:56:51] <%뚱뚱했던 (raffymcfatty)> 커엽 GlitchCat
[2021-12-10 21:56:59] <%대전은빵집이아니라고 (rjsdid7325)> 에 ㅋㅋ
[2021-12-10 21:57:06] <%$노누미파트너기원1일차 (tkdgns3522)> RAM을 많이 잡아먹죠 아무래도
[2021-12-10 21:57:17] <%대전은빵집이아니라고 (rjsdid7325)> !팔로워
[2021-12-10 21:57:17] <@^빵_떡 (bbangddeock)> 이 채널에 팔로워는 총 2,966명입니다.
[2021-12-10 21:57:24] <%대전은빵집이아니라고 (rjsdid7325)> 3000까지 34명 남음
[2021-12-10 21:57:25] <밤식이배꼽 (kss01022)> 아이폰은 램 적잖음 안 그래도
[2021-12-10 21:57:37] <%대전은빵집이아니라고 (rjsdid7325)> 팀쿡쉑 ㅋㅋ 램 짠돌이라서
[2021-12-10 21:57:54] <%$노누미파트너기원1일차 (tkdgns3522)> 야방용으로 갤럭시 종류하나 구매도 나쁘진 않아보이죠
[2021-12-10 21:58:00] <밤식이배꼽 (kss01022)> 몇 년전까지만 해도 2GB 고수했으니..
[2021-12-10 21:58:36] <밤식이배꼽 (kss01022)> 싼 건 도네 환전하면 살 수 있음
[2021-12-10 21:58:48] <밤식이배꼽 (kss01022)> 야방용이니까 LG거 사던가
[2021-12-10 21:59:06] <%$노누미파트너기원1일차 (tkdgns3522)> !폰
[2021-12-10 21:59:07] <%대전은빵집이아니라고 (rjsdid7325)> 그래도 책상은 치웠네
[2021-12-10 21:59:09] <%대전은빵집이아니라고 (rjsdid7325)> 대단하다
[2021-12-10 21:59:13] <%대전은빵집이아니라고 (rjsdid7325)> 폰 아이폰 11
[2021-12-10 21:59:44] <%오스왈드 (unclosedhuman)> 바닥 한번 보여주세요ㅋㅋ
[2021-12-10 21:59:56] <%대전은빵집이아니라고 (rjsdid7325)> 식사하시는 분을 배려해주세요
[2021-12-10 22:00:05] <하루하루과제지옥 (dbdhmwkhl)> 이미 눈은 배림
[2021-12-10 22:00:08] <%오스왈드 (unclosedhuman)> 바닥에서 뭘 했길래ㅋㅋㅋ
[2021-12-10 22:00:18] <%$노누미파트너기원1일차 (tkdgns3522)> 램 4기가네
[2021-12-10 22:00:20] <%대전은빵집이아니라고 (rjsdid7325)> 뭘 한게 아니라 그게 밤식이야..
[2021-12-10 22:00:26] <%오스왈드 (unclosedhuman)> 와 밥도둑
[2021-12-10 22:00:33] <%vforvendetta56> 어질어질하네
[2021-12-10 22:00:34] <밤식이배꼽 (kss01022)> 밤식이 생얼보니까 속안좋아짐
[2021-12-10 22:00:40] <밤식이배꼽 (kss01022)> 너무 두근댐
[2021-12-10 22:00:42] <밤식이배꼽 (kss01022)> ?
[2021-12-10 22:00:43] <@^빵_떡 (bbangddeock)> bbangd1Un
[2021-12-10 22:00:44] <%대전은빵집이아니라고 (rjsdid7325)> ㅋㅋㅋㅋㅋㅋㅋㅋㅋㅋㅋㅋㅋ
[2021-12-10 22:00:48] <%$노누미파트너기원1일차 (tkdgns3522)> ㅋㅋㅋㅋㅋㅋㅋㅋㅋㅋㅋㅋㅋㅋㅋㅋㅋ
[2021-12-10 22:00:48] <%vforvendetta56> 나작스 ㅋㅋㅋ
[2021-12-10 22:00:51] <%대전은빵집이아니라고 (rjsdid7325)> NAGA~
[2021-12-10 22:00:52] <%김모르명예소방관티이 (gesbte)> ㅋㅋㅋㅋㅋㅋㅋ
[2021-12-10 22:00:54] <%$노누미파트너기원1일차 (tkdgns3522)> 기출변형 ㅋㅋㅋㅋㅋㅋㅋㅋㅋ
[2021-12-10 22:00:54] <밤식이배꼽 (kss01022)> 구석에 혼자 있고 싶어짐
[2021-12-10 22:00:58] <밤식이배꼽 (kss01022)> 다 나가주세요
[2021-12-10 22:00:59] <%김모르명예소방관티이 (gesbte)> 급발진 ㅋㅋㅋㅋ
[2021-12-10 22:01:04] <%대전은빵집이아니라고 (rjsdid7325)> 변기출현 ㄷㄷ
[2021-12-10 22:01:08] <%정우선긋네 (jungland1)> 이사람 또 왜 안씻고옴
[2021-12-10 22:01:17] <3대_500 (3lift_to_500)> 밤시기님 어제 덕분에 재밌는 구경 했어요
[2021-12-10 22:01:23] <밤식이배꼽 (kss01022)> 소매 왤케 더러움
[2021-12-10 22:01:25] <%김모르명예소방관티이 (gesbte)> ㅋㅋㅋㅋㅋㅋㅋ
[2021-12-10 22:01:29] <%정우선긋네 (jungland1)> 정수리 냄새나;;
[2021-12-10 22:01:31] <%대전은빵집이아니라고 (rjsdid7325)> 어제가 레전드긴 하지 ㅋㅋ
[2021-12-10 22:01:37] <밤식이배꼽 (kss01022)> 옷 좀 빨아서 입으랬지 내가
[2021-12-10 22:01:41] <밤식이배꼽 (kss01022)> 으휴 진짜
[2021-12-10 22:01:46] <%오스왈드 (unclosedhuman)> 진짜 작업복이네ㅋㅋㅋ
[2021-12-10 22:01:52] <밤식이배꼽 (kss01022)> 빨래도 못해 음식도 못해 이러니까 오빠가 있어야지
[2021-12-10 22:01:53] <%김모르명예소방관티이 (gesbte)> 아무튼 더럽다
[2021-12-10 22:01:55] <%대전은빵집이아니라고 (rjsdid7325)> 작업복은 인정이지 ㅋㅋ
[2021-12-10 22:01:56] <밤식이배꼽 (kss01022)> 오빠 탈영 시키셈
[2021-12-10 22:02:00] <%오스왈드 (unclosedhuman)> 작업복-잠옷테크
[2021-12-10 22:02:01] <%정우선긋네 (jungland1)> 아니 머야 어제 방송을 언제까지 한겨
[2021-12-10 22:02:04] <%김모르명예소방관티이 (gesbte)> ㅋㅋㅋㅋㅋㅋ
[2021-12-10 22:02:12] <%대전은빵집이아니라고 (rjsdid7325)> 6시?
[2021-12-10 22:02:21] <%대전은빵집이아니라고 (rjsdid7325)> 거의 해뜨고 껏죠
[2021-12-10 22:02:29] <%정우선긋네 (jungland1)> 진짜 대단하다 넌 방송 안했으면 뭐하고 살았을까
[2021-12-10 22:02:35] <%정우선긋네 (jungland1)> 진짜 궁금하다
[2021-12-10 22:02:41] <%$노누미파트너기원1일차 (tkdgns3522)> 방송을 위해 태어난 인재
[2021-12-10 22:02:48] <%대전은빵집이아니라고 (rjsdid7325)> 재능은 ㄹㅇ ㅋㅋ
[2021-12-10 22:02:51] <%정우선긋네 (jungland1)> 방송 괴물
[2021-12-10 22:03:04] <%대전은빵집이아니라고 (rjsdid7325)> 냥깎에 냥빨.. 이건 귀하군요
[2021-12-10 22:03:09] <%$노누미파트너기원1일차 (tkdgns3522)> 이 정도 성장세면 빠른 편인가요??
[2021-12-10 22:03:23] <%대전은빵집이아니라고 (rjsdid7325)> 상당히 빠른편
[2021-12-10 22:03:30] <크라베이더 (kim6755)> !출첵
[2021-12-10 22:03:31] <@^빵_떡 (bbangddeock)> 크라베이더 --> [2021-12-10] 이 채널의 14 번째 출석체크입니다. bbangd1Love  [12연속]
[2021-12-10 22:03:31] <3대_500 (3lift_to_500)> 체력이 엄청나시더라구요 평소에 운동 하시나요
[2021-12-10 22:03:37] <%대전은빵집이아니라고 (rjsdid7325)> !팔로워
[2021-12-10 22:03:38] <@^빵_떡 (bbangddeock)> 이 채널에 팔로워는 총 2,969명입니다.
[2021-12-10 22:03:47] <%대전은빵집이아니라고 (rjsdid7325)> 오늘 3000되겠네
[2021-12-10 22:03:49] <%$노누미파트너기원1일차 (tkdgns3522)> 팔로워가 오히려 늘어난다 ㅋㅋㅋㅋㅋㅋㅋㅋㅋ
[2021-12-10 22:04:02] <%대전은빵집이아니라고 (rjsdid7325)> 청소하는걸 보고도 팔로워가 늘어난다고..?
[2021-12-10 22:04:15] <3대_500 (3lift_to_500)> 얼마만에 청소인가요?
[2021-12-10 22:04:18] <%$노누미파트너기원1일차 (tkdgns3522)> 개미를 털었는데 개미가 붙었누
[2021-12-10 22:04:48] <@^빵_떡 (bbangddeock)> 어서오세요 아직 팔로우 안하셨다면 팔로우 부탁해요 °˖✧◝(⁰▿⁰)◜✧˖°
[2021-12-10 22:04:50] <%꿈꾸는커비 (rtxon3080)> gnlflsMeyao gnlflsMeyao
[2021-12-10 22:04:54] <엉덩이클라스 (dlscm12)> ㅋㅋㅋㅋㅋㅋ
[2021-12-10 22:05:24] <엉덩이클라스 (dlscm12)> 째려보는데? ㅋㅋㅋㅋㅋㅋㅋㅋㅋㅋ
[2021-12-10 22:05:29] <%꿈꾸는커비 (rtxon3080)> magent5MUNG
[2021-12-10 22:05:33] <엉덩이클라스 (dlscm12)> 싫대 ㅋㅋ
[2021-12-10 22:05:35] <%+에메랄드그린 (kwangyoung006)> ㅋㅋㅋㅋ 벌써 뚱한거같은데
[2021-12-10 22:05:40] <%엄청개고수 (highwater1350)> ㅋㅋㅋㅋ
[2021-12-10 22:05:48] <%엄청개고수 (highwater1350)> 약간 졸린거같은데 ㅋㅋㅋ
[2021-12-10 22:06:28] <%대전은빵집이아니라고 (rjsdid7325)> 술 덜깬거 ㅋㅋ
[2021-12-10 22:06:54] <%꿈꾸는커비 (rtxon3080)> GlitchCat GlitchCat
[2021-12-10 22:07:03] <%엄청개고수 (highwater1350)> 오 세정제
[2021-12-10 22:07:44] <%엄청개고수 (highwater1350)> 갤주님...
[2021-12-10 22:07:53] <엉덩이클라스 (dlscm12)> 돔황챠
[2021-12-10 22:08:10] <%정우선긋네 (jungland1)> 어디서 클래식이 나오나 했는데 여기였네
[2021-12-10 22:08:12] <%+네코판다 (goyangom)> 동물이랑 방송하면 진짜 훈수 오지게 들어옴 ㅋㅋㅋ
[2021-12-10 22:08:14] <인름이짱 (eaabazangbo)> 머리카락은 다 주웠나요 ?
[2021-12-10 22:08:23] <%오스왈드 (unclosedhuman)> 눈 땡그래졌어ㅋㅋㅋㅋ
[2021-12-10 22:08:27] <인름이짱 (eaabazangbo)> !출첵
[2021-12-10 22:08:27] <%꿈꾸는커비 (rtxon3080)> 얌전하네
[2021-12-10 22:08:32] <%대전은빵집이아니라고 (rjsdid7325)> ㅋㅋㅋㅋㅋㅋㅋㅋㅋㅋㅋㅋㅋㅋ
[2021-12-10 22:08:42] <릴펄의귓밥모음집 (lay0508)> 야옹이
[2021-12-10 22:08:44] <릴펄의귓밥모음집 (lay0508)> 졸귀
[2021-12-10 22:08:44] <%오스왈드 (unclosedhuman)> 동공 커진거봐ㅠㅠ
[2021-12-10 22:08:49] <릴펄의귓밥모음집 (lay0508)> 꺄
[2021-12-10 22:09:00] <릴펄의귓밥모음집 (lay0508)> 에구 좀만 참아
[2021-12-10 22:09:01] <%대전은빵집이아니라고 (rjsdid7325)> 놔라 집사
[2021-12-10 22:09:01] <bellatimo> 도망 안가네
[2021-12-10 22:09:06] <릴펄의귓밥모음집 (lay0508)> 순둥이
[2021-12-10 22:09:15] <%+네코판다 (goyangom)> 개얌전하넹
[2021-12-10 22:09:15] <엉덩이클라스 (dlscm12)> 귀에 넣는거맞아?
[2021-12-10 22:09:21] <%$노누미파트너기원1일차 (tkdgns3522)> 애기다 완전히
[2021-12-10 22:09:23] <릴펄의귓밥모음집 (lay0508)> 머리카락 ㅋㅋㅋㅋ
[2021-12-10 22:09:25] <%대전은빵집이아니라고 (rjsdid7325)> 맹수 발톱을 깎으려고 하니깐 싫어하지
[2021-12-10 22:10:04] <릴펄의귓밥모음집 (lay0508)> 야옹이는 귓밥 부자인가?
[2021-12-10 22:10:14] <릴펄의귓밥모음집 (lay0508)> 애옹
[2021-12-10 22:10:16] <%대전은빵집이아니라고 (rjsdid7325)> 닉값 ㄷㄷ
[2021-12-10 22:10:16] <%+네코판다 (goyangom)> 눈 파란거 보니 어린가보네영?
[2021-12-10 22:10:29] <%대전은빵집이아니라고 (rjsdid7325)> 아구 싫어 ㅠㅠ
[2021-12-10 22:10:35] <%꿈꾸는커비 (rtxon3080)> kimdoeKB
[2021-12-10 22:10:40] <땡오쓰 (ctt6908)> 냐옹이 순하당
[2021-12-10 22:10:41] <%+에메랄드그린 (kwangyoung006)> ㄱㅇㅇ HahaGingercat
[2021-12-10 22:10:43] <릴펄의귓밥모음집 (lay0508)> 오우
[2021-12-10 22:10:46] <땡오쓰 (ctt6908)> 오우
[2021-12-10 22:10:49] <릴펄의귓밥모음집 (lay0508)> 야옹이 부자네
[2021-12-10 22:10:52] <%대전은빵집이아니라고 (rjsdid7325)> ㅗㅜㅑ
[2021-12-10 22:10:55] <%오스왈드 (unclosedhuman)> 왕건이네 ㄷㄷ
[2021-12-10 22:11:00] <릴펄의귓밥모음집 (lay0508)> 야옹잌ㅋㅋㅋ
[2021-12-10 22:11:02] <릴펄의귓밥모음집 (lay0508)> 되게 싫어해
[2021-12-10 22:11:06] <릴펄의귓밥모음집 (lay0508)> 하기 싫어잉
[2021-12-10 22:11:14] <릴펄의귓밥모음집 (lay0508)> ㅋㅋㅋㅋㅋ
[2021-12-10 22:11:18] <%대전은빵집이아니라고 (rjsdid7325)> 꼬리를 ㅋㅋㅋㅋㅋㅋㅋㅋㅋ
[2021-12-10 22:11:19] <%엄청개고수 (highwater1350)> ㅋㅋㅋ
[2021-12-10 22:11:25] <%엄청개고수 (highwater1350)> 바지가 야옹이털로 가득하다 ㅋㅋㅋ
[2021-12-10 22:11:32] <릴펄의귓밥모음집 (lay0508)> 넘 귀여워 ㅠ
[2021-12-10 22:11:35] <땡오쓰 (ctt6908)> ㅋㅋㄱㅋㅋㅋㅋㅋ귀엽다
[2021-12-10 22:11:38] <%+네코판다 (goyangom)> 저정도면 ㄹㅇ 얌전하다
[2021-12-10 22:11:43] <릴펄의귓밥모음집 (lay0508)> 이렇게 예쁠 수가 없어
[2021-12-10 22:11:45] <땡오쓰 (ctt6908)> 몇살이에요?
[2021-12-10 22:11:55] <땡오쓰 (ctt6908)> 나이좀 있구나
[2021-12-10 22:12:04] <%라라로로라라 (ronature)> 잘참네
[2021-12-10 22:12:14] <릴펄의귓밥모음집 (lay0508)> 아직 젊지 이옹야
[2021-12-10 22:12:29] <릴펄의귓밥모음집 (lay0508)> 살살
[2021-12-10 22:12:35] <%꿈꾸는커비 (rtxon3080)> 귀여워..
[2021-12-10 22:12:35] <%+네코판다 (goyangom)> 혹시 고양이 청각 문제 잇어요?
[2021-12-10 22:12:43] <bellatimo> 냥냥
[2021-12-10 22:12:54] Viewerstats (21:42-22:12): avg:82 min:71 max:91 [16/81+0+0-10+0+4+0+8+0+5+0+2+0-4+0+5]
[2021-12-10 22:12:56] <릴펄의귓밥모음집 (lay0508)> 체념한 야옹이
[2021-12-10 22:12:57] <릴펄의귓밥모음집 (lay0508)> ㅋㅋㅋㅋㅋ
[2021-12-10 22:13:02] <땡오쓰 (ctt6908)> 3살이면 사람나이로 28살 이라네옹
[2021-12-10 22:13:03] <%대전은빵집이아니라고 (rjsdid7325)> 가만히 있는거 ㅋㅋ
[2021-12-10 22:13:03] <%+네코판다 (goyangom)> 파란눈이 흰털 고양이는 청각 문제가 잇을 확률이 높아서
[2021-12-10 22:13:10] <bellatimo> 잘 참네
[2021-12-10 22:13:11] <%엄청개고수 (highwater1350)> 벗어나려한다!
[2021-12-10 22:13:14] <%꿈꾸는커비 (rtxon3080)> 의외로 능숙한거 보니 집사가 맞네요
[2021-12-10 22:13:19] <%노핌쨩 (nopimi)> ㄹㅇ 커엽다
[2021-12-10 22:13:23] <%엄청개고수 (highwater1350)> ㅋㅋㅋㅋ
[2021-12-10 22:13:25] <%엄청개고수 (highwater1350)> 눈 ㅋㅋㅋㅋ
[2021-12-10 22:13:26] <%오스왈드 (unclosedhuman)> ㅋㅋㅋㅋㅋㅋㅋㅋㅋ
[2021-12-10 22:13:28] <엉덩이클라스 (dlscm12)> ㅋㅋㅋㅋㅋㅋㅋ
[2021-12-10 22:13:29] <%꿈꾸는커비 (rtxon3080)> 띠용
[2021-12-10 22:13:31] <%$노누미파트너기원1일차 (tkdgns3522)> 이쁘다 ㅋㅋㅋㅋㅋㅋㅋ
[2021-12-10 22:13:32] <%+네코판다 (goyangom)> 아니넹
[2021-12-10 22:13:34] <%포켓남238 (teddy_bk00)> 기여어 ㅋㅋㅋ
[2021-12-10 22:13:34] <%대전은빵집이아니라고 (rjsdid7325)> 얼빡샷 오히려 좋아
[2021-12-10 22:13:36] <밤식이배꼽 (kss01022)> 야옹이 나랑 방금 뽀뽀했음
[2021-12-10 22:13:36] <땡오쓰 (ctt6908)> ㅋㅋㄱㅋㅋㅋㅋㄱㅋ동공확장된러봐
[2021-12-10 22:13:39] <bellatimo> 두근두근
[2021-12-10 22:13:40] <%대전은빵집이아니라고 (rjsdid7325)> 캡쳐 캡쳐
[2021-12-10 22:13:42] <%오스왈드 (unclosedhuman)> 런치는데요ㅋㅋㅋㅋ
[2021-12-10 22:13:44] <%+네코판다 (goyangom)> 아까 잘못 봣냉 휴
[2021-12-10 22:13:48] <릴펄의귓밥모음집 (lay0508)> 간식?
[2021-12-10 22:13:50] <릴펄의귓밥모음집 (lay0508)> 굿
[2021-12-10 22:13:53] <릴펄의귓밥모음집 (lay0508)> 달래주자
[2021-12-10 22:13:54] <릴펄의귓밥모음집 (lay0508)> ㅋㅎㅎ
[2021-12-10 22:13:57] <bellatimo> 포기해라 닝겐
[2021-12-10 22:14:01] <땡오쓰 (ctt6908)> 달래주는건 역시 간식이지
[2021-12-10 22:14:07] <%+에메랄드그린 (kwangyoung006)> 이젠 발톱이문제네 연달아 스트레스주면 깽판칠텐데 ㅋㅋ
[2021-12-10 22:14:18] <%+유이비전용가면라이더빌런 (22kcc)> 여캠이 발톱 깎는 영상이라니
[2021-12-10 22:14:19] <릴펄의귓밥모음집 (lay0508)> ㅠㅠ
[2021-12-10 22:14:32] <%+네코판다 (goyangom)> 좋은 팁을 드릴까요? 남한테 시키세요....ㄷㄷㄷㄷ
[2021-12-10 22:14:38] <릴펄의귓밥모음집 (lay0508)> ㅋㅋㅋㅋ
[2021-12-10 22:14:47] <릴펄의귓밥모음집 (lay0508)> 앗
[2021-12-10 22:14:54] <%+네코판다 (goyangom)> 앗
[2021-12-10 22:14:55] <릴펄의귓밥모음집 (lay0508)> 킹쩔 수 없지
[2021-12-10 22:15:00] <%오스왈드 (unclosedhuman)> 그럼 북은 있나요? 깔깔깔
[2021-12-10 22:15:01] <%대전은빵집이아니라고 (rjsdid7325)> 방장 오늘이 마지막 뱅송이야..? ㅠㅠ
[2021-12-10 22:15:10] <릴펄의귓밥모음집 (lay0508)> 야옹이 대기중
[2021-12-10 22:15:21] <bellatimo> 내놔라 닝겐
[2021-12-10 22:15:21] <%+네코판다 (goyangom)> 식탐은 좋네 ㅋㅋㅋ
[2021-12-10 22:15:25] <릴펄의귓밥모음집 (lay0508)> 개냥이네 ㅋㅋㅋㅋㅋ
[2021-12-10 22:15:30] <%꿈꾸는커비 (rtxon3080)> TakeNRG GivePLZ TakeNRG GivePLZ
[2021-12-10 22:15:35] <%+네코판다 (goyangom)> 보통 삐져서 안 올탠데 ㅋㅋㅋ
[2021-12-10 22:15:38] <릴펄의귓밥모음집 (lay0508)> 또 줘라 집사
[2021-12-10 22:15:40] <%+네코판다 (goyangom)> 커엽누
[2021-12-10 22:15:47] <릴펄의귓밥모음집 (lay0508)> 엌
[2021-12-10 22:15:55] <%루연ㅡ (1234si)> 혼자 사시나요?
[2021-12-10 22:15:57] <%꿈꾸는커비 (rtxon3080)> 멀뚱 magent5MUNG
[2021-12-10 22:15:57] <%노핌쨩 (nopimi)> ㅋㅋㅋㅋㅋㅋㅋ
[2021-12-10 22:15:58] <릴펄의귓밥모음집 (lay0508)> 아직 화 안풀렸어
[2021-12-10 22:16:00] <%오스왈드 (unclosedhuman)> ㅋㅋㅋㅋㅋㅋㅋㅋㅋ
[2021-12-10 22:16:07] <릴펄의귓밥모음집 (lay0508)> 고민중
[2021-12-10 22:16:11] <3대_500 (3lift_to_500)> 무시
[2021-12-10 22:16:15] <%라라로로라라 (ronature)> 무시
[2021-12-10 22:16:15] <릴펄의귓밥모음집 (lay0508)> 흥
[2021-12-10 22:16:18] <%라라로로라라 (ronature)> 화났누
[2021-12-10 22:16:25] <릴펄의귓밥모음집 (lay0508)> ㅠㅠ
[2021-12-10 22:16:26] <3대_500 (3lift_to_500)> 냥이랑 친한거 맞죠?
[2021-12-10 22:16:30] <bellatimo> 2개로는 부족하다 닝겐
[2021-12-10 22:16:37] <%꿈꾸는커비 (rtxon3080)> 구석에 숨는거 귀여워
[2021-12-10 22:16:43] <%대전은빵집이아니라고 (rjsdid7325)> ㅋㅋㅋㅋㅋㅋㅋㅋㅋㅋㅋ 장난감 귀엽네
[2021-12-10 22:16:53] <3대_500 (3lift_to_500)> 좋아하는거 맞죠?
[2021-12-10 22:17:00] <릴펄의귓밥모음집 (lay0508)> ㅋㅋㅋㅋㅋ
[2021-12-10 22:17:02] <나도나도나도 (hayannabaia)> ㅋㅋㅋ 관심이없는데
[2021-12-10 22:17:04] <릴펄의귓밥모음집 (lay0508)> 지금은 아닌가봐
[2021-12-10 22:17:05] <릴펄의귓밥모음집 (lay0508)> ㅋㅎㅋㅎ
[2021-12-10 22:17:11] <%대전은빵집이아니라고 (rjsdid7325)> 방장이 더 많이 가지고 놀거같은데 저거?
[2021-12-10 22:17:14] <릴펄의귓밥모음집 (lay0508)> 어
[2021-12-10 22:17:15] <%라라로로라라 (ronature)> 심드렁
[2021-12-10 22:17:18] <릴펄의귓밥모음집 (lay0508)> 효과가 있나
[2021-12-10 22:17:20] <릴펄의귓밥모음집 (lay0508)> ㅋㅋㅋㅋㅋ
[2021-12-10 22:17:20] <%시급 (dls0602)> 밤하
[2021-12-10 22:17:37] <릴펄의귓밥모음집 (lay0508)> 손이 반응한다
[2021-12-10 22:17:39] <%오스왈드 (unclosedhuman)> 밤식이가 잘 갖고 노네요~~
[2021-12-10 22:17:41] <%+네코판다 (goyangom)> 밤식이 재밋어요오?
[2021-12-10 22:17:49] <%+네코판다 (goyangom)> 우쭈쭈 밤식이 잘논다
[2021-12-10 22:17:53] <%대전은빵집이아니라고 (rjsdid7325)> ㅋㅋㅋㅋㅋㅋㅋㅋㅋㅋㅋㅋㅋㅋㅋ
[2021-12-10 22:17:57] <%$노누미파트너기원1일차 (tkdgns3522)> ㅋㅋㅋㅋㅋㅋㅋㅋㅋㅋㅋㅋ
[2021-12-10 22:18:04] <릴펄의귓밥모음집 (lay0508)> ㅋㅋㅋㅋㅋㅋ
[2021-12-10 22:18:05] <릴펄의귓밥모음집 (lay0508)> 갈등중
[2021-12-10 22:18:10] <%꿈꾸는커비 (rtxon3080)> 배부른가?
[2021-12-10 22:18:10] <릴펄의귓밥모음집 (lay0508)> 먹을까 말까
[2021-12-10 22:18:14] <%시급 (dls0602)> 내일 냥빨 하나요?
[2021-12-10 22:18:19] <3대_500 (3lift_to_500)> 혼자있고싶어하는거 같은데
[2021-12-10 22:18:21] <%라라로로라라 (ronature)> 고민
[2021-12-10 22:18:22] <릴펄의귓밥모음집 (lay0508)> 찌릿
[2021-12-10 22:18:24] <%+네코판다 (goyangom)> 싫대
[2021-12-10 22:18:26] <%+네코판다 (goyangom)> ㅋㅋㅋㅋ
[2021-12-10 22:18:29] <%라라로로라라 (ronature)> 외면
[2021-12-10 22:18:47] <릴펄의귓밥모음집 (lay0508)> 오늘 깎으면 더 힘들겠네 ㅠ
[2021-12-10 22:18:51] <%+네코판다 (goyangom)> 아님 낼 깍고 모래 샤워?
[2021-12-10 22:18:52] <릴펄의귓밥모음집 (lay0508)> ㅎㅎㅎ
[2021-12-10 22:18:54] <%대전은빵집이아니라고 (rjsdid7325)> 마지못해 먹네 ㅋㅋㅋㅋㅋㅋㅋㅋ
[2021-12-10 22:19:00] <%꿈꾸는커비 (rtxon3080)> magent5Heart gnlflsMeyao
[2021-12-10 22:19:26] <릴펄의귓밥모음집 (lay0508)> 기분 좀 풀렸네
[2021-12-10 22:19:27] <릴펄의귓밥모음집 (lay0508)> ㅋㅋㅋㅋㅋ
[2021-12-10 22:19:32] <%꿈꾸는커비 (rtxon3080)> 잘먹네
[2021-12-10 22:19:32] <%시급 (dls0602)> 일요일 컨텐츠는 발톱깎이..
[2021-12-10 22:19:35] <%+네코판다 (goyangom)> 냥빨 하면 그루밍 하다 또 토하겟네
[2021-12-10 22:19:40] <릴펄의귓밥모음집 (lay0508)> 끝~
[2021-12-10 22:20:10] <릴펄의귓밥모음집 (lay0508)> 그러고보니 나도 저녁을
[2021-12-10 22:20:15] <%+네코판다 (goyangom)> 밤빨은 언제해요?
[2021-12-10 22:20:17] <%시급 (dls0602)> 쌩얼?
[2021-12-10 22:20:25] <%+네코판다 (goyangom)> 안 씻고 잔거 갘은데
[2021-12-10 22:20:25] <%대전은빵집이아니라고 (rjsdid7325)> ㅋㅋㅋㅋㅋㅋㅋㅋㅋ
[2021-12-10 22:20:27] <릴펄의귓밥모음집 (lay0508)> 낮에 꿀잠 자느랴 헣
[2021-12-10 22:20:36] <%오스왈드 (unclosedhuman)> 머리카락 상태 보니까 밤빨이 더 시급한 거 같은데요
[2021-12-10 22:20:45] <릴펄의귓밥모음집 (lay0508)> ㅋㅋㅋㅋㅋㅋㅋㅋㅋㅋ
[2021-12-10 22:20:46] <%시급 (dls0602)> 거짓말 마요ㅋㅋㅋㄱ키
[2021-12-10 22:20:50] <%+네코판다 (goyangom)> ㄹㅇㅋㅋ
[2021-12-10 22:20:50] <%대전은빵집이아니라고 (rjsdid7325)> ㄱㄴㄲ ㅋㅋㅋㅋㅋㅋㅋㅋ 누가 누굴 씻겨
[2021-12-10 22:21:01] <릴펄의귓밥모음집 (lay0508)> 야옹이가 더 깨끗한?
[2021-12-10 22:21:04] <릴펄의귓밥모음집 (lay0508)> 에구
[2021-12-10 22:21:07] <%시급 (dls0602)> 귀여웡
[2021-12-10 22:21:08] <%꿈꾸는커비 (rtxon3080)> magent5MUNG magent5MUNG
[2021-12-10 22:21:08] <%대전은빵집이아니라고 (rjsdid7325)> 공포에 질린 눈 ㅋㅋㅋㅋㅋㅋ
[2021-12-10 22:21:11] <릴펄의귓밥모음집 (lay0508)> 진짜 예쁘게 생겼어
[2021-12-10 22:21:11] <%+네코판다 (goyangom)> 냥빨 대신 밤빨 하면 공지 다들 ㅇㅈ할듯
[2021-12-10 22:21:11] <%오스왈드 (unclosedhuman)> 핑크코 미쳤다
[2021-12-10 22:21:13] <%정우선긋네 (jungland1)> 야옹이한테 머리 감겨달라 해야겠는데
[2021-12-10 22:21:18] <bellatimo> 이건 배신이다
[2021-12-10 22:21:18] <릴펄의귓밥모음집 (lay0508)> 야바..ㅠ
[2021-12-10 22:21:23] <밤식이배꼽 (kss01022)> 밤빨은 어떻게 참음
[2021-12-10 22:21:27] <릴펄의귓밥모음집 (lay0508)> 악으로 깡으로 견디렴
[2021-12-10 22:21:49] <릴펄의귓밥모음집 (lay0508)> 안겨있는거 졸귀야 증말
[2021-12-10 22:21:51] <제제제리 (zeze_jerry)> ㅋㅋㅋㅋ
[2021-12-10 22:21:55] <릴펄의귓밥모음집 (lay0508)> ㅋㅋㅋㅋㅋ
[2021-12-10 22:21:56] <제제제리 (zeze_jerry)> ㅋㅋㅋㅋㅋㅋㅋㅋㅋㅋ
[2021-12-10 22:21:57] <%대전은빵집이아니라고 (rjsdid7325)> ㅋㅋㅋㅋㅋㅋㅋㅋㅋㅋㅋㅋㅋㅋ
[2021-12-10 22:21:57] <릴펄의귓밥모음집 (lay0508)> 휙
[2021-12-10 22:21:59] <%꿈꾸는커비 (rtxon3080)> 휙
[2021-12-10 22:22:00] <땡오쓰 (ctt6908)> 벌써 싫어 ㅋㅋㄱㅋㅋㅋㅋㄱㅋㅋㅋ
[2021-12-10 22:22:01] <%+네코판다 (goyangom)> 앞발만 깍아도됨
[2021-12-10 22:22:01] <%대전은빵집이아니라고 (rjsdid7325)> 손뺴는거 ㅋㅋㅋㅋㅋㅋㅋㅋ
[2021-12-10 22:22:03] <%대전은빵집이아니라고 (rjsdid7325)> 무
[2021-12-10 22:22:05] <bellatimo> 이거 놔라
[2021-12-10 22:22:06] <%대전은빵집이아니라고 (rjsdid7325)> 빙
[2021-12-10 22:22:09] <%+네코판다 (goyangom)> ㅋㅋㅋㅋㅋㅋ
[2021-12-10 22:22:11] <릴펄의귓밥모음집 (lay0508)> 절 대 거 부
[2021-12-10 22:22:11] <제제제리 (zeze_jerry)> 순해도 발톱은어쩔수없네
[2021-12-10 22:22:14] <%라라로로라라 (ronature)> 겁에 질렸네
[2021-12-10 22:22:19] <밤식이배꼽 (kss01022)> 여기 보면 살려줄게
[2021-12-10 22:22:19] <%+네코판다 (goyangom)> 개시러한다 ㅋㅋㅋㅋㅋ
[2021-12-10 22:22:26] <땡오쓰 (ctt6908)> 애처롭게 보는거봐 ㅜ ㅜ
[2021-12-10 22:22:31] <릴펄의귓밥모음집 (lay0508)> 야옹
[2021-12-10 22:22:33] <%대전은빵집이아니라고 (rjsdid7325)> ㅋㅋㅋㅋㅋㅋㅋㅋㅋㅋㅋㅋㅋㅋㅋ
[2021-12-10 22:22:34] <%대전은빵집이아니라고 (rjsdid7325)> 먕~
[2021-12-10 22:22:36] <릴펄의귓밥모음집 (lay0508)> 앙
[2021-12-10 22:22:39] <%+네코판다 (goyangom)> 한계가 왓다
[2021-12-10 22:22:39] <%대전은빵집이아니라고 (rjsdid7325)> ㅋㅋㅋㅋㅋㅋㅋㅋㅋㅋㅋㅋㅋㅋㅋㅋㅋㅋㅋ
[2021-12-10 22:22:40] <제제제리 (zeze_jerry)> 하나씩 깎으면서 간식줘요 ㅋㅋㅋ
[2021-12-10 22:22:40] <땡오쓰 (ctt6908)> ㅋㅋㄱㅋㅋㅋㅋㄱㅋ
[2021-12-10 22:22:43] <%대전은빵집이아니라고 (rjsdid7325)> 먕~~
[2021-12-10 22:22:46] <%+에메랄드그린 (kwangyoung006)> 난리났네 ㅋㅋㅋ
[2021-12-10 22:22:47] <릴펄의귓밥모음집 (lay0508)> 야옹이가 유일하게 화내는 귀한 장면
[2021-12-10 22:22:47] <%정우선긋네 (jungland1)> 하 너무 귀여워
[2021-12-10 22:22:48] <%+쥬쥬가슴이크던말던 (jasag3)> 갤주님 만세! 갤주님 만세! 갤주님 만세! 갤주님 만세! 갤주님 만세! 갤주님 만세! 갤주님 만세! 갤주님 만세!
[2021-12-10 22:22:48] <%+네코판다 (goyangom)> 그냥 빨리해야됨 ㅋㅋㅋ
[2021-12-10 22:22:49] <%오스왈드 (unclosedhuman)> 야아아앙
[2021-12-10 22:22:49] <%+쥬쥬가슴이크던말던 (jasag3)> 갤주님 만세! 갤주님 만세! 갤주님 만세! 갤주님 만세! 갤주님 만세! 갤주님 만세! 갤주님 만세! 갤주님 만세! 갤주님 만세! 갤주님 만세! 갤주님 만세!
[2021-12-10 22:22:49] <%꿈꾸는커비 (rtxon3080)> TakeNRG GivePLZ TakeNRG GivePLZ
[2021-12-10 22:22:50] <bellatimo> 이래서 인간은 믿을게 아니야 ㅠ
[2021-12-10 22:22:51] <%+쥬쥬가슴이크던말던 (jasag3)> 갤주님 만세! 갤주님 만세! 갤주님 만세! 갤주님 만세! 갤주님 만세!
[2021-12-10 22:22:52] <%+쥬쥬가슴이크던말던 (jasag3)> 갤주님 만세! 갤주님 만세! 갤주님 만세! 갤주님 만세! 갤주님 만세! 갤주님 만세!
[2021-12-10 22:22:54] <밤식이배꼽 (kss01022)> 고양이 안는데 바지 재질 개 열받네
[2021-12-10 22:22:57] <%+쥬쥬가슴이크던말던 (jasag3)> 갤주님 만세! 갤주님 만세! 갤주님 만세! 갤주님 만세! 갤주님 만세! 갤주님 만세! 갤주님 만세!
[2021-12-10 22:22:58] <밤식이배꼽 (kss01022)> 저러면 빨래는 누가하냐고
[2021-12-10 22:22:58] <%icetubkarng> BibleThump
[2021-12-10 22:22:59] <%+쥬쥬가슴이크던말던 (jasag3)> 갤주님 만세! 갤주님 만세! 갤주님 만세! 갤주님 만세! 갤주님 만세!
[2021-12-10 22:23:00] <릴펄의귓밥모음집 (lay0508)> ㅠㅠ
[2021-12-10 22:23:03] <%정우선긋네 (jungland1)> 아 너무 귀여워 ㅠㅠㅠㅠㅠ
[2021-12-10 22:23:04] <%+쥬쥬가슴이크던말던 (jasag3)> 갤주님 만세! 갤주님 만세! 갤주님 만세! 갤주님 만세! 갤주님 만세! 갤주님 만세!
[2021-12-10 22:23:17] <%오스왈드 (unclosedhuman)> 잘못 자르는 거 아니지...?
[2021-12-10 22:23:20] <%+에메랄드그린 (kwangyoung006)> 닝겐 복수할테다냥 ㅋㅋㅋ
[2021-12-10 22:23:31] <%대전은빵집이아니라고 (rjsdid7325)> ㅋㅋㅋㅋㅋㅋㅋㅋㅋㅋㅋㅋㅋㅋ
[2021-12-10 22:23:31] <릴펄의귓밥모음집 (lay0508)> ㅠㅠ
[2021-12-10 22:23:36] <%대전은빵집이아니라고 (rjsdid7325)> 아구 싫어 ㅠㅠ
[2021-12-10 22:23:37] <제제제리 (zeze_jerry)> 간식줘요 ㅜㅜ
[2021-12-10 22:23:41] <릴펄의귓밥모음집 (lay0508)> 맘 아파 ㅠ
[2021-12-10 22:23:50] <%라라로로라라 (ronature)> 얌전하네 그래도
[2021-12-10 22:23:57] <%+네코판다 (goyangom)> 달래기 ㄴㄴ 그냥 빨리 해야됨
[2021-12-10 22:24:02] <릴펄의귓밥모음집 (lay0508)> 아직 한발 남았다
[2021-12-10 22:24:11] <%오스왈드 (unclosedhuman)> 뭔 짓을 해도 가만히 있던 그 야옹이가 맞냐ㅋㅋㅋㅋㅋ
[2021-12-10 22:24:11] <%대전은빵집이아니라고 (rjsdid7325)> ㅋㅋㅋㅋㅋㅋㅋㅋㅋ
[2021-12-10 22:24:16] <%+에메랄드그린 (kwangyoung006)> 귀여워 야옹이
[2021-12-10 22:24:18] <%꿈꾸는커비 (rtxon3080)> kimdoeKG kimdoeKG
[2021-12-10 22:24:23] <%대전은빵집이아니라고 (rjsdid7325)> 발톱 깎는거 진짜 싫어하네
[2021-12-10 22:24:30] <%+네코판다 (goyangom)> 손 올라간다
[2021-12-10 22:24:32] <bellatimo> 뒷발도 해버리자
[2021-12-10 22:24:32] <제제제리 (zeze_jerry)> ㅋㅋㅋㅋㅋ
[2021-12-10 22:24:36] <릴펄의귓밥모음집 (lay0508)> ㅠㅠ
[2021-12-10 22:24:40] <%+네코판다 (goyangom)> 끝낫다 ㅋㅋㅋ
[2021-12-10 22:24:43] <릴펄의귓밥모음집 (lay0508)> ㅋㅋㅋㅋㅋㅋ
[2021-12-10 22:24:45] <%대전은빵집이아니라고 (rjsdid7325)> ㅋㅋㅋㅋㅋㅋㅋㅋㅋㅋㅋㅋㅋㅋㅋㅋㅋㅋㅋㅋㅋ
[2021-12-10 22:24:50] <%대전은빵집이아니라고 (rjsdid7325)> 발톱 짝짝이 ㅠㅠ
[2021-12-10 22:24:50] <%꿈꾸는커비 (rtxon3080)> BibleThump
[2021-12-10 22:24:53] <릴펄의귓밥모음집 (lay0508)> 굿
[2021-12-10 22:24:59] <릴펄의귓밥모음집 (lay0508)> 넘 억지로 하면 스뚜레스
[2021-12-10 22:25:06] <%+네코판다 (goyangom)> ㅋㅋㅋㅋㅋ
[2021-12-10 22:25:08] <릴펄의귓밥모음집 (lay0508)> 어쩔 수 없지..
[2021-12-10 22:25:11] <%대전은빵집이아니라고 (rjsdid7325)> 수고하셨습니다 갤주님
[2021-12-10 22:25:23] <릴펄의귓밥모음집 (lay0508)> 발 하나로 협상
[2021-12-10 22:25:30] <%+네코판다 (goyangom)> 난 이걸 50키로짜리 개랑하지...
[2021-12-10 22:25:41] <릴펄의귓밥모음집 (lay0508)> 배 안 부른강
[2021-12-10 22:25:49] <릴펄의귓밥모음집 (lay0508)> ㄷㄷ
[2021-12-10 22:25:51] <%노핌쨩 (nopimi)> ㅋㅋㅋㅋ
[2021-12-10 22:25:53] <%대전은빵집이아니라고 (rjsdid7325)> 50키로 ㄷㄷ
[2021-12-10 22:25:58] <%+네코판다 (goyangom)> 미국은 다들 큰개 키워서
[2021-12-10 22:26:01] <릴펄의귓밥모음집 (lay0508)> 오잉
[2021-12-10 22:26:02] <릴펄의귓밥모음집 (lay0508)> 대기중인데?
[2021-12-10 22:26:03] <릴펄의귓밥모음집 (lay0508)> ㅋㅋㅋㅋㅋ
[2021-12-10 22:26:07] <릴펄의귓밥모음집 (lay0508)> 엌
[2021-12-10 22:26:12] <%+네코판다 (goyangom)> 쉽게 안 삐지는데?ㅋㅋㅋㅋ
[2021-12-10 22:26:14] <릴펄의귓밥모음집 (lay0508)> 밀당하니
[2021-12-10 22:26:16] <%+네코판다 (goyangom)> 성격 개좋아 ㅋㅋㅋㅋ
[2021-12-10 22:26:18] <%icetubkarng> HahaCat
[2021-12-10 22:26:20] <%대전은빵집이아니라고 (rjsdid7325)> ㅋㅋㅋㅋㅋㅋ
[2021-12-10 22:26:20] <%꿈꾸는커비 (rtxon3080)> kimdoeHK kimdoeHK
[2021-12-10 22:26:24] <%대전은빵집이아니라고 (rjsdid7325)> 삔또 ㅠ
[2021-12-10 22:26:24] <%+네코판다 (goyangom)> 삐졋네 ㅋㅋㅋㅋㅋ
[2021-12-10 22:26:30] <%오스왈드 (unclosedhuman)> 야옹이 발가락 자른 거 아니죠?
[2021-12-10 22:26:35] <%+네코판다 (goyangom)> 죽인다냥..
[2021-12-10 22:26:44] <%+네코판다 (goyangom)> 또 오네
[2021-12-10 22:26:46] <땡오쓰 (ctt6908)> 애교가 많네
[2021-12-10 22:26:53] <%+네코판다 (goyangom)> ㄹㅇ 착하자너
[2021-12-10 22:26:53] <릴펄의귓밥모음집 (lay0508)> 좀만 달래주면 먹겠는데
[2021-12-10 22:26:53] <%icetubkarng> 그것은 이미 평가되었습니다
[2021-12-10 22:26:53] <%대전은빵집이아니라고 (rjsdid7325)> ㅋㅋㅋㅋㅋㅋㅋㅋㅋㅋㅋㅋㅋ
[2021-12-10 22:26:58] <%오스왈드 (unclosedhuman)> 애가 털이 섰는데ㅋㅋㅋㅋ
[2021-12-10 22:26:59] <땡오쓰 (ctt6908)> 궁디팡팡해쥬죠
[2021-12-10 22:27:03] <bellatimo> 합의 거부한다
[2021-12-10 22:27:05] <릴펄의귓밥모음집 (lay0508)> ㅎㅎ
[2021-12-10 22:27:09] <릴펄의귓밥모음집 (lay0508)> 먹넹
[2021-12-10 22:27:09] <%발향기취해버린킁카좌조커 (joker11316)> 와 야옹이
[2021-12-10 22:27:11] <릴펄의귓밥모음집 (lay0508)> 아니넹
[2021-12-10 22:27:13] <%라라로로라라 (ronature)> 단식투쟁
[2021-12-10 22:27:16] <%꿈꾸는커비 (rtxon3080)> TakeNRG TakeNRG TakeNRG
[2021-12-10 22:27:20] <%오스왈드 (unclosedhuman)> 야옹이가 사자가 됐어요
[2021-12-10 22:27:29] <%+네코판다 (goyangom)> 냥이 개기엽누
[2021-12-10 22:27:38] <땡오쓰 (ctt6908)> 궁디퐝퐝 ㅜ
[2021-12-10 22:27:40] <%+네코판다 (goyangom)> 냥이 팬클럽 만들어야겟다
[2021-12-10 22:27:44] <릴펄의귓밥모음집 (lay0508)> 먹넹 ㅎㅎ
[2021-12-10 22:27:46] <릴펄의귓밥모음집 (lay0508)> 먹뱉
[2021-12-10 22:27:50] <릴펄의귓밥모음집 (lay0508)> 그르자
[2021-12-10 22:27:57] <땡오쓰 (ctt6908)> 놀아달라늠건강
[2021-12-10 22:27:59] <%꿈꾸는커비 (rtxon3080)> 벌렁
[2021-12-10 22:28:00] <릴펄의귓밥모음집 (lay0508)> 야바~
[2021-12-10 22:28:09] <릴펄의귓밥모음집 (lay0508)> 이제 밤빨
[2021-12-10 22:28:13] <%+네코판다 (goyangom)> 넹
[2021-12-10 22:28:14] <금융공기업 (dkivhffhs0624)> 화장하고 올꺼임?
[2021-12-10 22:28:21] <릴펄의귓밥모음집 (lay0508)> 네
[2021-12-10 22:28:30] <%대전은빵집이아니라고 (rjsdid7325)> ㅇㄱㅇ
[2021-12-10 22:28:30] <릴펄의귓밥모음집 (lay0508)> 연한 메컵이당
[2021-12-10 22:28:41] <%대전은빵집이아니라고 (rjsdid7325)> ㅇㄸㅂㅈ~
[2021-12-10 22:28:42] <%+네코판다 (goyangom)> 남친 집앞 왓을땨 화장처럼?
[2021-12-10 22:28:46] <%꿈꾸는커비 (rtxon3080)> magent5Heart bamsikHI magent5Heart
[2021-12-10 22:28:47] <릴펄의귓밥모음집 (lay0508)> ㅇㄸㅂㅈ
[2021-12-10 22:28:49] <%+네코판다 (goyangom)> ㅂㅂㅂ
[2021-12-10 22:28:53] <릴펄의귓밥모음집 (lay0508)> ㅋㅋㅋㅋㅋㅋ
[2021-12-10 22:28:57] <%꿈꾸는커비 (rtxon3080)> ㅋㅋㅋㅋ
[2021-12-10 22:28:57] <%대전은빵집이아니라고 (rjsdid7325)> ㄸㄹㄷㄷㄸ~
[2021-12-10 22:29:03] <%+에메랄드그린 (kwangyoung006)> ㅋㅋㅋㅋ
[2021-12-10 22:29:04] <%+네코판다 (goyangom)> 오타쿠 오빠 어캐 피규어가 하나 엊ㅅ음?
[2021-12-10 22:29:04] <%오스왈드 (unclosedhuman)> 책상 닳아 있네 ㄷㄷ
[2021-12-10 22:29:12] <릴펄의귓밥모음집 (lay0508)> 깔끔해졌네
[2021-12-10 22:29:40] <릴펄의귓밥모음집 (lay0508)> 5분
[2021-12-10 22:29:45] <릴펄의귓밥모음집 (lay0508)> 널고 해야겠네
[2021-12-10 22:29:47] <%꿈꾸는커비 (rtxon3080)> 빨래도 널어야겠네
[2021-12-10 22:29:50] <%대전은빵집이아니라고 (rjsdid7325)> !팔로워
[2021-12-10 22:29:51] <@^빵_떡 (bbangddeock)> 이 채널에 팔로워는 총 2,971명입니다.
[2021-12-10 22:29:52] <릴펄의귓밥모음집 (lay0508)> 밤바
[2021-12-10 22:29:53] <%+네코판다 (goyangom)> ㅂㅂ2
[2021-12-10 22:29:54] <%뚱뚱했던 (raffymcfatty)> ㅇ0ㅇ
[2021-12-10 22:29:56] <%대전은빵집이아니라고 (rjsdid7325)> ㅇㄸㅂㅈ~
[2021-12-10 22:29:59] <릴펄의귓밥모음집 (lay0508)> 빨래 끝~~
[2021-12-10 22:30:03] <%꿈꾸는커비 (rtxon3080)> bamsikHI bamsikHI bamsikHI
[2021-12-10 22:30:20] <%+에메랄드그린 (kwangyoung006)> 이따봐용
[2021-12-10 22:30:22] <릴펄의귓밥모음집 (lay0508)> ㅇㄸㅂㅈ
[2021-12-10 22:30:24] <릴펄의귓밥모음집 (lay0508)> ㅂㅂ
[2021-12-10 22:30:25] <%대전은빵집이아니라고 (rjsdid7325)> ㅇㄱㅇ
[2021-12-10 22:30:26] <%레브로즈 (masterplan___1)> ㅂㅂ
[2021-12-10 22:30:28] <%뚱뚱했던 (raffymcfatty)> ㅠㅠ
[2021-12-10 22:30:30] <%엄청개고수 (highwater1350)> 청소 고생했다구~~
[2021-12-10 22:30:32] <%icetubkarng> bamsikHI bamsikHI bamsikHI
[2021-12-10 22:30:33] <%오스왈드 (unclosedhuman)> ㅇㄸㅂㅈ
[2021-12-10 22:31:28] ~Stream offline~
[2021-12-10 22:32:02] You have left #bamsik_0127
[2021-12-10 22:32:02] Viewerstats (22:14-22:28): avg:89 min:85 max:95 [8/91+4+0-7+0-3+2+0_]
# Log closed: 2021-12-10 22:32:02 +0900
-
