# Log started: 2021-12-10 23:34:09 +0900
[2021-12-10 23:34:09] #damhyang 채널 입장 중입니다
[2021-12-10 23:34:09] #damhyang 채널에 입장했습니다
[2021-12-10 23:34:09] ~ㅈ토피아구경후 멘탈부서짐 (Just Chatting)~
[2021-12-10 23:34:14] <Twipkr>* 누나말대로했어님이 1,000 따위로 어그로를 끌어요♥
[2021-12-10 23:34:15] <%+애슐리매디슨 (ash69madi)> ㅋㅋㅋㅋㅋㅋㅋㅋㅋㅋㅋㅋㅋㅋㅋㅋㅋㅋㅋㅋㅋㅋㅋㅋㅋㅋㅋㅋㅋㅋㅋㅋ
[2021-12-10 23:34:42] <dkfldhs06_7> 아니요
[2021-12-10 23:34:46] <dkfldhs06_7> 절대 아닌데
[2021-12-10 23:34:54] <헤리홀 (horsemanheadless)> 저는 오히려 짜릿해서 좋았습니다
[2021-12-10 23:34:56] <%+애슐리매디슨 (ash69madi)> 아뇨 마인크래프트 자체의 한계로 뭘 보든 다 순한 맛이라...
[2021-12-10 23:34:56] <dkfldhs06_7> 그 이상의 반응이 니와요
[2021-12-10 23:34:57] <레바의충직한개 (secs_kinghz)> 뭐지
[2021-12-10 23:35:07] <노빠꾸취향 (ssmmss2001)> 허나나님빼고 다 반응 그랬어요 ㅋㅋㅋㅋ
[2021-12-10 23:35:14] <역형의사 (shahaj06)> 보는데도 저렇게 충격적인데
[2021-12-10 23:35:14] <솜냥제과점 (wlsqja12391)> ㅋㅋㅋ
[2021-12-10 23:35:18] <역형의사 (shahaj06)> 직접하면
[2021-12-10 23:35:20] <뽀룩 (doyoon777)> 마인크래프트 나라에서 정한 성인게임이니깐 그래도됨...
[2021-12-10 23:35:23] <천안과학5호기보유자김은별 (yoons0303)> 그런류 게임 목적이 그건데
[2021-12-10 23:35:24] <%고래맛새우밥 (wishonly)> 아까건순해진건데
[2021-12-10 23:35:41] <노빠꾸취향 (ssmmss2001)> 라디유님은 ㅈ토피아 프로토타입때 직접 TNT로 박살내시고 튐
[2021-12-10 23:35:41] <탈영물방개 (rgw199545)> ??
[2021-12-10 23:35:44] <기날이 (k011011)> ?
[2021-12-10 23:35:44] <@^Nightbot> 줍줍♡
[2021-12-10 23:35:45] <%+애슐리매디슨 (ash69madi)> 아직 머리에 열이 덜 식은 듯요
[2021-12-10 23:35:50] <%+애슐리매디슨 (ash69madi)> 오페라는 아니고 그냥 가곡
[2021-12-10 23:35:52] <베이스치는한량 (twinsoo0)> 팝페라?
[2021-12-10 23:35:55] <첸분기 (dance900)> ?
[2021-12-10 23:36:05] <%고래맛새우밥 (wishonly)> 멘탈나가서 박살냈죠
[2021-12-10 23:36:06] <기날이 (k011011)> 아리아 같은건가
[2021-12-10 23:36:08] <포도맛고등어 (kindangel321)> 실망하는 각도 왜이뻐보일까..
[2021-12-10 23:36:19] <탈영물방개 (rgw199545)> 뮤지컬은 뭐봣어여
[2021-12-10 23:36:33] <뽀룩 (doyoon777)> ㅈ토피아?
[2021-12-10 23:36:42] <탈영물방개 (rgw199545)> 빌런 제조기 쉨
[2021-12-10 23:36:44] <노빠꾸취향 (ssmmss2001)> 엔드게임에서 울만해
[2021-12-10 23:36:51] <노빠꾸취향 (ssmmss2001)> 엔드게임은 조금 울만햐
[2021-12-10 23:36:54] <솜냥제과점 (wlsqja12391)> 아이언맨은 ㅇㅈ
[2021-12-10 23:37:00] <Twipkr>* 애슐리매디슨님이 11,500 따위로 어그로를 끌어요♥
[2021-12-10 23:37:05] <솜냥제과점 (wlsqja12391)> 엔드게임 진짜 크
[2021-12-10 23:37:07] <@정나은양 (fox20123)> 괜찮아 난 보스베이비보고 울었어
[2021-12-10 23:37:14] <%+애슐리매디슨 (ash69madi)> 즉 트라우마 깊게 박힐 만한 건 함부로 보면 안된다는 거네요
[2021-12-10 23:37:25] <헤리홀 (horsemanheadless)> ㅈ토피아가 셀까요 북유럽신화같은 신화이야기가 쎌까요.
[2021-12-10 23:37:27] <@정나은양 (fox20123)> 맞아ㅠㅠ
[2021-12-10 23:37:35] <@정나은양 (fox20123)> 담하
[2021-12-10 23:37:53] <__주영__0 (jjy125125)> 담향씨 손가락 살 많이 찌셧네룔
[2021-12-10 23:38:00] <%+애슐리매디슨 (ash69madi)> 담배 좀 작작 펴요ㅋㅋㅋㅋㅋㅋㅋ
[2021-12-10 23:38:08] <솜냥제과점 (wlsqja12391)> ㅋㅋ끊어요
[2021-12-10 23:38:14] <헤리홀 (horsemanheadless)> 아이고...
[2021-12-10 23:38:15] <노빠꾸취향 (ssmmss2001)> 담향님 오래 방송 해먹는거 보고싶어여 건강히 =ㅅ=;;
[2021-12-10 23:38:19] <헤리홀 (horsemanheadless)> 니코틴...
[2021-12-10 23:38:28] <뽀룩 (doyoon777)> 담배를 끊어야 시집을 갈텐데..
[2021-12-10 23:38:29] <기날이 (k011011)> 평생핀다는소린가
[2021-12-10 23:38:29] <노빠꾸취향 (ssmmss2001)> 시집 갈수나 있을까
[2021-12-10 23:38:33] <솜냥제과점 (wlsqja12391)> 갈수 있는거죠 시집..
[2021-12-10 23:38:42] <노빠꾸취향 (ssmmss2001)> ㅘ..
[2021-12-10 23:38:43] <솜냥제과점 (wlsqja12391)> ㅋㅋㅋ
[2021-12-10 23:38:53] <노빠꾸취향 (ssmmss2001)> 오우 재범형님
[2021-12-10 23:38:54] <노닥 (nodac00)> 지차나파타
[2021-12-10 23:38:57] <%시크한눈물 (rlawoddl80)> 와 임재범의..
[2021-12-10 23:39:06] <노빠꾸취향 (ssmmss2001)> 요즘 활동하시나
[2021-12-10 23:39:06] <헤리홀 (horsemanheadless)> 그런식으로 미루다가 악순환으로 가는거 아닐지..
[2021-12-10 23:39:07] <이송송_ (dkeihyt)> 갓재범
[2021-12-10 23:39:11] <수명활스까 (rldmfehd1234)> 와
[2021-12-10 23:39:15] <수명활스까 (rldmfehd1234)> 다먕님 머리색 대애박
[2021-12-10 23:39:18] <수명활스까 (rldmfehd1234)> 존예다
[2021-12-10 23:39:22] <수명활스까 (rldmfehd1234)> 담하
[2021-12-10 23:39:35] <노빠꾸취향 (ssmmss2001)> 진짜 대체불가이시긴해
[2021-12-10 23:39:41] <지혁곤듀 (sonpaul0512)> 머리보다 님이 더 예쁜데요
[2021-12-10 23:39:54] <뽀룩 (doyoon777)> damhyaO
[2021-12-10 23:40:03] <수명활스까 (rldmfehd1234)> 제가 ..나가수 임재범임  여러분 부를떄 ..그 나가수 직관햇던 사람이거든요..유일한 인생업적인데
[2021-12-10 23:40:08] <수명활스까 (rldmfehd1234)> 유투브에 제 얼굴 나오더라구요..
[2021-12-10 23:40:13] <수명활스까 (rldmfehd1234)> 그때 ..어 ..이분은 걍 신이다..느낌
[2021-12-10 23:40:14] <노빠꾸취향 (ssmmss2001)> 보내고싶은 음악 영상이 있는데 방송사로고때문에 안되네 ㅠㅠ
[2021-12-10 23:40:42] <뽀룩 (doyoon777)> 근데 어제랑 바뀐게 가디건 말곤 없네...
[2021-12-10 23:40:42] <%+애슐리매디슨 (ash69madi)> 이것도 원래 보내려던 게 MBC로고 딱 걸려서 대체영상 보낸 거죠
[2021-12-10 23:40:58] <노빠꾸취향 (ssmmss2001)> 콘서트영상은 음이 구려서 ;
[2021-12-10 23:41:34] <__주영__0 (jjy125125)> 담향님 저 빡칠라네요 왜 오늘도 몸매가 안보이는 옷이죠
[2021-12-10 23:42:38] <Twipkr>* 애슐리매디슨님이 19,000 따위로 어그로를 끌어요♥
[2021-12-10 23:42:46] <뽀룩 (doyoon777)> 그러니깐 가수쥬...
[2021-12-10 23:42:53] <%+애슐리매디슨 (ash69madi)> 색소폰 연주자예요
[2021-12-10 23:43:23] <%시크한눈물 (rlawoddl80)> 예전에 한국 내한때 티비에서 섹소폰을 무한으로 부는거 보여줬었는데...
[2021-12-10 23:43:28] <탈영물방개 (rgw199545)> 엘리시움?
[2021-12-10 23:43:33] <%+애슐리매디슨 (ash69madi)> -메-
[2021-12-10 23:43:48] <%+애슐리매디슨 (ash69madi)> 섭종은 안했겠죠
[2021-12-10 23:43:49] <탈영물방개 (rgw199545)> 박.살
[2021-12-10 23:43:57] <노빠꾸취향 (ssmmss2001)> 하면 좋은소리는 못듣죠 요즘
[2021-12-10 23:44:27] <노빠꾸취향 (ssmmss2001)> 알피지는 로아 강점기;;
[2021-12-10 23:44:32] <Twipkr>* 스니키즈님이 1,000 따위로 어그로를 끌어요♥
[2021-12-10 23:44:46] <무구정광대다라니갱 (momggu01)> 브금만 기억남?
[2021-12-10 23:44:53] <변강쇠_ (qusrkdthl)> !멤버
[2021-12-10 23:44:53] <@^Nightbot> 투보 하우카우
[2021-12-10 23:45:03] <%+애슐리매디슨 (ash69madi)> 메이플은 손 안대서 모르겠네요
[2021-12-10 23:45:24] <변강쇠_ (qusrkdthl)> 뒤에 누가 벽보고 벌서나요?
[2021-12-10 23:45:30] <무구정광대다라니갱 (momggu01)> 엘나스는 잔잔한 브금인데
[2021-12-10 23:45:39] <스니키즈 (rodding7015)> 저거 슬리피우드 사우나 잖아
[2021-12-10 23:46:10] <%+애슐리매디슨 (ash69madi)> 이런 것"도" 좋아하는 거예요
[2021-12-10 23:46:13] <min9742> damhyaHaang
[2021-12-10 23:46:17] <페페로니__ (97pepperoni)> 엘나스 아니면 리엔
[2021-12-10 23:46:44] <%+애슐리매디슨 (ash69madi)> 밴드 음악이라면 락이나 메탈밴드보단 재즈 밴드 쪽이 좀 더 취향이네요
[2021-12-10 23:47:27] <Twipkr>* 한곡 투척 ^^7님이 17,400 따위로 어그로를 끌어요♥
[2021-12-10 23:47:30] <%+애슐리매디슨 (ash69madi)> 결혼 빨리 하셔야겠네...
[2021-12-10 23:47:38] <노빠꾸취향 (ssmmss2001)> 휴 방송사 로고 없는거 찾아서 보냄
[2021-12-10 23:48:11] <노빠꾸취향 (ssmmss2001)> 짝 있고 먹고사는데 문제 없으면 빨리해도 나쁠건 없죠
[2021-12-10 23:48:13] <%+애슐리매디슨 (ash69madi)> ㅋㅋㅋㅋㅋㅋㅋㅋㅋ
[2021-12-10 23:48:20] <노빠꾸취향 (ssmmss2001)> 단어선택만 잘하셔도 갈걸요 ㅋㅋㅋㅋ
[2021-12-10 23:48:50] <운칠기삼 (cloud822)> 와... 언제적 케니G 인가
[2021-12-10 23:48:53] <푸린과복땡이 (xodls3671)> 제가 생각했을때는 조용히만 있어도 될듯....
[2021-12-10 23:48:56] <노빠꾸취향 (ssmmss2001)> ?
[2021-12-10 23:48:57] <첸분기 (dance900)> 입에 필터좀 탈부착좀 가능해야될것 같아요
[2021-12-10 23:48:57] <@^Nightbot> 줍줍♡
[2021-12-10 23:49:11] <노빠꾸취향 (ssmmss2001)> 할리콬 ㅋㅋㅋㅋ
[2021-12-10 23:49:29] <노빠꾸취향 (ssmmss2001)> ?
[2021-12-10 23:49:29] <@^Nightbot> 줍줍♡
[2021-12-10 23:49:47] <공라림 (haejun07291)> 담하
[2021-12-10 23:50:30] <%+애슐리매디슨 (ash69madi)> 왜긴요 니 멘탈이 심각하게 나갔으니 안쓰러워서 그런 거죠
[2021-12-10 23:50:44] <코담시티 (neulth)> ㅋㅋㅋㅋㅋㅋㅋㅋㅋㅋㅋㅋㅋㅋㅋㅋㅋ
[2021-12-10 23:50:57] <코담시티 (neulth)> 오늘처럼 이런 모습이면 팰수가 없다구 담짱...
[2021-12-10 23:51:11] <노빠꾸취향 (ssmmss2001)> 주말이라서 ㅋㅋ;;
[2021-12-10 23:51:20] <노빠꾸취향 (ssmmss2001)> 독립할 집 대출받으시는거에여?
[2021-12-10 23:52:23] <Twipkr>* 애슐리매디슨님이 11,200 따위로 어그로를 끌어요♥
[2021-12-10 23:52:35] <%+애슐리매디슨 (ash69madi)> 레퀴엠을 이렇게 달달하게 뽑을 줄은
[2021-12-10 23:52:44] <%+애슐리매디슨 (ash69madi)> 네
[2021-12-10 23:52:53] <%+애슐리매디슨 (ash69madi)> 모차르트 레퀴엠 포함
[2021-12-10 23:53:00] <노빠꾸취향 (ssmmss2001)> La  Balanza
[2021-12-10 23:53:17] <노빠꾸취향 (ssmmss2001)> 레퀴엠은 다른팀에서 했었어여
[2021-12-10 23:53:21] <노빠꾸취향 (ssmmss2001)> 저 오디션에서
[2021-12-10 23:53:33] <무구정광대다라니갱 (momggu01)> 지금 고음치는 사람 락하던 사람인데...
[2021-12-10 23:53:43] <노빠꾸취향 (ssmmss2001)> 락가수 1 + 성악가 3
[2021-12-10 23:53:51] <%+애슐리매디슨 (ash69madi)> ㅋㅋㅋㅋ
[2021-12-10 23:53:51] <독고혁 (lrol2002)> ㅋㅋㅋㅋㅋㅋㅋㅋㅋ
[2021-12-10 23:53:57] <독고혁 (lrol2002)> 이게 두성이다 마
[2021-12-10 23:54:16] <독고혁 (lrol2002)> 교본아네ㅋㅋㅋ
[2021-12-10 23:54:25] <노빠꾸취향 (ssmmss2001)> 락가수시라서 원래 저분은;
[2021-12-10 23:54:28] <무구정광대다라니갱 (momggu01)> 저사람 티얼스 여자 원키로 부름
[2021-12-10 23:54:35] <노빠꾸취향 (ssmmss2001)> 김경호님 히든싱어 우승자
[2021-12-10 23:54:47] <Twipkr>* 애슐리매디슨님이 15,500 따위로 어그로를 끌어요♥
[2021-12-10 23:54:54] <rpdlcm4862> 오늘 머리 예쁘네용
[2021-12-10 23:55:16] <노빠꾸취향 (ssmmss2001)> 생얼 뭐 원투데이도 아니고
[2021-12-10 23:55:25] <rpdlcm4862> 생얼임? 화장한줄
[2021-12-10 23:55:38] <노빠꾸취향 (ssmmss2001)> ㅋㅋㅋㅋㅋ
[2021-12-10 23:55:52] <%+애슐리매디슨 (ash69madi)> ㅋㅋㅋㅋㅋ 다음에 보낸 게 일단은 마지막이예요
[2021-12-10 23:56:01] <노빠꾸취향 (ssmmss2001)> 뭐지 일디보곡인가 비슷한느낌이네
[2021-12-10 23:56:04] <테이저건좀정상수 (lusun2021)> 이분은 힙합 좋아하시지 않나?
[2021-12-10 23:56:08] <%+애슐리매디슨 (ash69madi)> 일 볼로
[2021-12-10 23:56:12] <노빠꾸취향 (ssmmss2001)> 오우
[2021-12-10 23:56:25] <%+애슐리매디슨 (ash69madi)> 혼자 딸치고 현타 왔을 때요 ㅇㅇ
[2021-12-10 23:56:26] <테이저건좀정상수 (lusun2021)> 오늘 비투비 노래 듣는데 미침 진심
[2021-12-10 23:56:55] <%+애슐리매디슨 (ash69madi)> 이탈리아입니다
[2021-12-10 23:57:03] <__자유 (puri0209)> 러시아인거 같음
[2021-12-10 23:57:06] <노빠꾸취향 (ssmmss2001)> 액션이 마이 구린뎅
[2021-12-10 23:57:08] <__자유 (puri0209)> 아닌가
[2021-12-10 23:57:20] <테이저건좀정상수 (lusun2021)> 구구?(나?)
[2021-12-10 23:57:24] <스니키즈 (rodding7015)> 모델이니까
[2021-12-10 23:57:32] <ADcarryKLED> 길가는 비둘기 잘생겻더라
[2021-12-10 23:57:38] <Twipkr>* 담짱텐션업님이 3,000 따위로 어그로를 끌어요♥
[2021-12-10 23:57:39] <%+애슐리매디슨 (ash69madi)> 가수죠
[2021-12-10 23:57:40] <테이저건좀정상수 (lusun2021)> 저거 스파이더맨
[2021-12-10 23:57:41] <테이저건좀정상수 (lusun2021)> 이네
[2021-12-10 23:57:43] <%+애슐리매디슨 (ash69madi)> 팝페라 가수
[2021-12-10 23:57:45] <노빠꾸취향 (ssmmss2001)> 뭐지 방금
[2021-12-10 23:57:49] <ADcarryKLED> 이탈리아 거미가 독한가보지
[2021-12-10 23:57:51] <스니키즈 (rodding7015)> 맞아 저거 스파이거맨 그거잖아
[2021-12-10 23:58:16] <ADcarryKLED> 근대 저거 저작권괜찮나
[2021-12-10 23:58:17] <노빠꾸취향 (ssmmss2001)> 뮤비가 좀 난해한디 ㅋㅋㅋㅋ
[2021-12-10 23:58:36] <노빠꾸취향 (ssmmss2001)> 있다가 곡찾아봐야지 좋넹
[2021-12-10 23:58:43] <스니키즈 (rodding7015)> 스파이더맨 1편이네
[2021-12-10 23:58:49] <%+애슐리매디슨 (ash69madi)> Il Volo - Grande Amore
[2021-12-10 23:59:00] <노빠꾸취향 (ssmmss2001)> 스파이더맨하니까 생각나는데 스파이더맨 이번 영화 예매 개빡세네여 쉬불
[2021-12-10 23:59:23] <%+애슐리매디슨 (ash69madi)> 유명하죠
[2021-12-11 00:00:35] <운칠기삼 (cloud822)> 영화는 혼자 보는거임
[2021-12-11 00:01:01] <%+애슐리매디슨 (ash69madi)> 오늘 힐링똥꼬쇼 영도릴레이는 여기까지 합니다
[2021-12-11 00:01:40] <노빠꾸취향 (ssmmss2001)> ㅋㅋㅋㅋㅋ
[2021-12-11 00:02:04] <%시크한눈물 (rlawoddl80)> 고 휘트니휴스턴...
[2021-12-11 00:02:12] <%시크한눈물 (rlawoddl80)> 남자 잘만나야해 ㅜ.ㅜ 불상해...
[2021-12-11 00:02:23] <%+애슐리매디슨 (ash69madi)> 제일 왼쪽 남자도 "고" 루터 밴드로스인데
[2021-12-11 00:03:17] <%+애슐리매디슨 (ash69madi)> 행복하죠
[2021-12-11 00:03:19] <%+애슐리매디슨 (ash69madi)> 본인은 또 즐겁고
[2021-12-11 00:04:13] <Twipkr>* 난클래식극혐함님이 3,100 따위로 어그로를 끌어요♥
[2021-12-11 00:05:09] Viewerstats (23:34-00:05): avg:106 min:90 max:125 [17/125+0+0-5+0-7+0-8-7+0-2+4+0+0-10+0+9]
[2021-12-11 00:05:12] <테이저건좀정상수 (lusun2021)> 와 미친 노토리어스다
[2021-12-11 00:05:15] <테이저건좀정상수 (lusun2021)> 비기형 사랑해
[2021-12-11 00:05:21] <%+애슐리매디슨 (ash69madi)> 비기!
[2021-12-11 00:05:25] <테이저건좀정상수 (lusun2021)> 붐뱁의 아버지
[2021-12-11 00:05:27] <코담시티 (neulth)> 이게 올드힙합이다!
[2021-12-11 00:05:27] <테이저건좀정상수 (lusun2021)> 아님?
[2021-12-11 00:05:43] <테이저건좀정상수 (lusun2021)> 비기랑 투팍이 레전드였지
[2021-12-11 00:05:44] <코담시티 (neulth)> 이게 올드스쿨이다!
[2021-12-11 00:05:46] <노빠꾸취향 (ssmmss2001)> ??
[2021-12-11 00:05:49] <%+애슐리매디슨 (ash69madi)> 힙합 별로 좋아하진 않지만 비기는 ㄹㅇ 인정
[2021-12-11 00:05:49] <노빠꾸취향 (ssmmss2001)> 비기음악이 나왔네 ㄷㄷ
[2021-12-11 00:06:14] <노빠꾸취향 (ssmmss2001)> 노토리어스 big 영화 존잼
[2021-12-11 00:06:16] <테이저건좀정상수 (lusun2021)> 비기는 전설이었지
[2021-12-11 00:06:29] <Twipkr>* 코담시티님이 1,000 따위로 어그로를 끌어요♥
[2021-12-11 00:06:30] <테이저건좀정상수 (lusun2021)> 최근 쿤타도 좋던데
[2021-12-11 00:06:38] <노빠꾸취향 (ssmmss2001)> ㅋㅋㅋㅋㅋㅋ
[2021-12-11 00:06:41] <주노_ (juno____________)> 전전에 나온 아카펠라 영도보고 깜짝놀랐네
[2021-12-11 00:06:49] <노빠꾸취향 (ssmmss2001)> 비왔었죠?
[2021-12-11 00:06:50] <첸분기 (dance900)> 비왔어요
[2021-12-11 00:06:53] <노빠꾸취향 (ssmmss2001)> 비오긴했었음
[2021-12-11 00:07:01] <%+애슐리매디슨 (ash69madi)> 아소토 유니온? 노래를 다른 사람이 불렀나요
[2021-12-11 00:07:06] <테이저건좀정상수 (lusun2021)> 카우링 스타 밤 하늘의 퍼얼~
[2021-12-11 00:07:11] <노빠꾸취향 (ssmmss2001)> 님 22인가 23아니신가..왜 그나이에 ㄷㄷㄷ
[2021-12-11 00:07:36] <Twipkr>* 애슐리매디슨님이 1,000 따위로 어그로를 끌어요♥
[2021-12-11 00:07:44] <dobby00_> 안녕하세요
[2021-12-11 00:07:44] <@^Nightbot>* 안녕하에오
[2021-12-11 00:07:46] <노빠꾸취향 (ssmmss2001)> ㅋㅋㅋㅋㅋㅋㅋㅋㅋㅋ
[2021-12-11 00:07:48] <테이저건좀정상수 (lusun2021)> 평화로운 노래는 한요한 범퍼카 좋지
[2021-12-11 00:08:08] <노빠꾸취향 (ssmmss2001)> 악질채팅은 언제든 가능인디
[2021-12-11 00:08:11] <노빠꾸취향 (ssmmss2001)> ?
[2021-12-11 00:08:15] <@^Nightbot> 줍줍♡
[2021-12-11 00:08:15] <노빠꾸취향 (ssmmss2001)> 뭐에여 그게
[2021-12-11 00:08:23] <코담시티 (neulth)> 스윙스가 운영하는곳
[2021-12-11 00:08:26] <테이저건좀정상수 (lusun2021)> 짐티피
[2021-12-11 00:08:29] <노빠꾸취향 (ssmmss2001)> 아하...;
[2021-12-11 00:08:30] <스니키즈 (rodding7015)> 망했어
[2021-12-11 00:08:44] <스니키즈 (rodding7015)> 코로나때문에
[2021-12-11 00:08:45] <노빠꾸취향 (ssmmss2001)> 스윙스는...좀 뭐랄까..그..흠
[2021-12-11 00:08:54] <첸분기 (dance900)> 거기를 넌재님랑 간다고요?
[2021-12-11 00:09:00] <노빠꾸취향 (ssmmss2001)> 주짓수 츄라이 츄라이
[2021-12-11 00:09:04] <운칠기삼 (cloud822)> 이제 뭐 하시나요?
[2021-12-11 00:09:13] <독고혁 (lrol2002)> 돈까스 좋아하지마셈ㅋㅋ
[2021-12-11 00:09:20] <hellomennice> 이담향같은 여자없음?
[2021-12-11 00:09:27] <hellomennice> 이상형인데
[2021-12-11 00:09:30] <노빠꾸취향 (ssmmss2001)> 아 빨리살빼서 주짓수 다시 해야되는데 하;
[2021-12-11 00:09:38] <노빠꾸취향 (ssmmss2001)> 은별님
[2021-12-11 00:09:39] <%+애슐리매디슨 (ash69madi)> 아ㅋㅋㅋㅋㅋㅋㅋㅋ
[2021-12-11 00:09:42] <hellomennice> 항상 웃음을 주고
[2021-12-11 00:09:43] <@%최라한 (sey465)> damhyaO
[2021-12-11 00:09:45] <hellomennice> 몸매좋은
[2021-12-11 00:09:46] <Twipkr>* 아니난잔잔한거 싫어한다고님이 3,500 따위로 어그로를 끌어요♥
[2021-12-11 00:09:49] <hellomennice> ㅋㅋㅋㅋㅋㅋㅋ
[2021-12-11 00:09:52] <%+애슐리매디슨 (ash69madi)> 이제 악질영도 다시 쏴도 죄책감 안들 듯
[2021-12-11 00:09:53] <테이저건좀정상수 (lusun2021)> 와
[2021-12-11 00:09:55] <테이저건좀정상수 (lusun2021)> 켄드릭 사랑해요
[2021-12-11 00:09:56] <hellomennice> 노래
[2021-12-11 00:09:59] <hellomennice> 머야... ㅋㅋㅋ
[2021-12-11 00:10:06] <첸분기 (dance900)> 저런 소리 하는 보니 살아았네
[2021-12-11 00:10:25] <테이저건좀정상수 (lusun2021)> 전 영떡 팬
[2021-12-11 00:10:38] <테이저건좀정상수 (lusun2021)> 험블 좋지
[2021-12-11 00:10:50] <테이저건좀정상수 (lusun2021)> 굿 바이
[2021-12-11 00:10:56] <테이저건좀정상수 (lusun2021)> ㅇㅇ
[2021-12-11 00:11:31] <테이저건좀정상수 (lusun2021)> 차일리쉬 감비노?
[2021-12-11 00:11:36] <테이저건좀정상수 (lusun2021)> 아 this is america
[2021-12-11 00:11:38] <테이저건좀정상수 (lusun2021)> 그거 좋은데
[2021-12-11 00:11:55] <테이저건좀정상수 (lusun2021)> SNL에도 나왔을껄요
[2021-12-11 00:11:56] <탈영물방개 (rgw199545)> 홈커밍?
[2021-12-11 00:11:57] <코담시티 (neulth)> 미고스에 샤라웃을 받은
[2021-12-11 00:12:01] <코담시티 (neulth)> 아메리칸!
[2021-12-11 00:12:08] <노빠꾸취향 (ssmmss2001)> 얼굴봐야알거같은디
[2021-12-11 00:12:11] <테이저건좀정상수 (lusun2021)> 위캔드도 좋긴해
[2021-12-11 00:12:19] <노빠꾸취향 (ssmmss2001)> 이태원?
[2021-12-11 00:12:23] <테이저건좀정상수 (lusun2021)> 와 펑키한 느낌?
[2021-12-11 00:12:29] <노빠꾸취향 (ssmmss2001)> 옷가게만 가봐서 펍은 모르겠당
[2021-12-11 00:12:32] <테이저건좀정상수 (lusun2021)> 블루스인가?
[2021-12-11 00:12:36] <테이저건좀정상수 (lusun2021)> 모르겠네
[2021-12-11 00:12:39] <%+애슐리매디슨 (ash69madi)> 평화롭네요 분위기
[2021-12-11 00:12:50] <노빠꾸취향 (ssmmss2001)> 슬슬 패야될 시간인가
[2021-12-11 00:12:53] <테이저건좀정상수 (lusun2021)> 릴웨인 좋지
[2021-12-11 00:12:58] <테이저건좀정상수 (lusun2021)> 전 다베이비
[2021-12-11 00:12:59] <hellomennice> 얼빠네!
[2021-12-11 00:13:05] <노빠꾸취향 (ssmmss2001)> 곡은 좋져
[2021-12-11 00:13:21] <hellomennice> 곡좋죠
[2021-12-11 00:13:23] <테이저건좀정상수 (lusun2021)> Industrial  baby 그거 좋던데
[2021-12-11 00:13:37] <테이저건좀정상수 (lusun2021)> 테이저건 소프트?
[2021-12-11 00:13:40] <테이저건좀정상수 (lusun2021)> 테일러 스위프트?
[2021-12-11 00:14:51] <테이저건좀정상수 (lusun2021)> 드럼 사운드 좋아하세요?
[2021-12-11 00:15:20] <%+애슐리매디슨 (ash69madi)> 애시드 재즈 종류인가요?
[2021-12-11 00:15:41] <%+애슐리매디슨 (ash69madi)> 찾아서 듣지는 않지만 틀어져있으면 그럭저럭 듣는 스타일이네요
[2021-12-11 00:16:27] <@%최라한 (sey465)> ?
[2021-12-11 00:16:27] <@^Nightbot> 줍줍♡
[2021-12-11 00:16:28] <@%최라한 (sey465)> ㅋㅋㅋㅋㅋㅋㅋㅋㅋㅋㅋㅋㅋㅋㅋㅋ
[2021-12-11 00:16:34] <%+애슐리매디슨 (ash69madi)> 근데 운전할 때는 이런 거 들으면 완전 졸릴 각
[2021-12-11 00:16:38] <탈영물방개 (rgw199545)> 마크 속으로?
[2021-12-11 00:16:51] <%+애슐리매디슨 (ash69madi)> 즐토
[2021-12-11 00:17:22] <@%최라한 (sey465)> 음..
[2021-12-11 00:17:27] <운칠기삼 (cloud822)> 낮밤 바뀌면 피곤하지
[2021-12-11 00:17:57] <운칠기삼 (cloud822)> 일찍자 그럼
[2021-12-11 00:18:01] <독고혁 (lrol2002)> 어?? 우리 할머니닼ㅋ 잠이 없으시네요
[2021-12-11 00:18:09] <첸분기 (dance900)> 머 시간에 일어난 적 있어서 아님?
[2021-12-11 00:18:40] <노빠꾸취향 (ssmmss2001)> 내일은 일어나자마자 운전해야되는데 귀찮다 ;ㅠㅜ
[2021-12-11 00:18:52] <노빠꾸취향 (ssmmss2001)> 무슨 원피스 스모커세요
[2021-12-11 00:19:00] <%+애슐리매디슨 (ash69madi)> 어제 간만에 술 마시고 잤더니 일어나니까 오후 4시반
[2021-12-11 00:19:04] <%+애슐리매디슨 (ash69madi)> 하루가 삭제됐어요!
[2021-12-11 00:19:20] <Twipkr>* 스니키즈님이 1,000 따위로 어그로를 끌어요♥
[2021-12-11 00:19:29] <코담시티 (neulth)> 맞아
[2021-12-11 00:19:36] <운칠기삼 (cloud822)> 니코틴 과충전
[2021-12-11 00:19:37] <코담시티 (neulth)> 사람 설레게하지마
[2021-12-11 00:19:37] <테이저건좀정상수 (lusun2021)> 약간 노래 패턴보면 멜로디 들어가는걸 좋아하시네요
[2021-12-11 00:20:08] <%+애슐리매디슨 (ash69madi)> 화면에는 잘 안보여요
[2021-12-11 00:20:09] <테이저건좀정상수 (lusun2021)> 와 리듬 좋다
[2021-12-11 00:20:13] <Twipkr>* 노빠꾸취향님이 1,000 따위로 어그로를 끌어요♥
[2021-12-11 00:20:21] <테이저건좀정상수 (lusun2021)> 저는 커튼코베인 팬인데
[2021-12-11 00:21:06] <%+애슐리매디슨 (ash69madi)> 재미있어보이지는 않던데...
[2021-12-11 00:21:08] <노빠꾸취향 (ssmmss2001)> ㅋㅋㅋㅋㅋㅋ
[2021-12-11 00:21:09] <%+애슐리매디슨 (ash69madi)> 잘자요
[2021-12-11 00:21:12] <노빠꾸취향 (ssmmss2001)> 담바바바
[2021-12-11 00:21:17] <사라예 (thsrnjs1)> 담ㅂ
[2021-12-11 00:21:21] <첸분기 (dance900)> 담바바바
[2021-12-11 00:21:22] <%시크한눈물 (rlawoddl80)> 담바
[2021-12-11 00:21:22] <@^Nightbot>* 시크한눈물님 나중에 또 올거죠? 흐규흐규
[2021-12-11 00:21:28] <테이저건좀정상수 (lusun2021)> 회전목마?
[2021-12-11 00:21:29] <운칠기삼 (cloud822)> 바바
[2021-12-11 00:21:35] <노빠꾸취향 (ssmmss2001)> 개콘 엔딩곡?
[2021-12-11 00:21:38] <@%최라한 (sey465)> 담바~~
[2021-12-11 00:21:38] <노빠꾸취향 (ssmmss2001)> 담바
[2021-12-11 00:21:39] <@^Nightbot>* 노빠꾸취향님 나중에 또 올거죠? 흐규흐규
[2021-12-11 00:22:08] <@%최라한 (sey465)> 트수분들도 방송보시느라 수고하셨습니다! 다들 안녕히 주무세요 담바 트바! damhyaHi damhyaHi
[2021-12-11 00:23:53] ~Stream offline~
[2021-12-11 00:35:18] Viewerstats (00:07-00:21): avg:101 min:92 max:110 [8/110+0-5+0-8+0-5+0_]
[2021-12-11 01:19:58] You have left #damhyang
# Log closed: 2021-12-11 01:19:58 +0900
-
