# Log started: 2021-12-10 23:32:41 +0900
[2021-12-10 23:32:41] #ddolking555 채널 입장 중입니다
[2021-12-10 23:32:41] #ddolking555 채널에 입장했습니다
[2021-12-10 23:32:42] ~👑FPS 로그라이크👑건 파이어 리본 (Gunfire Reborn)~
[2021-12-10 23:32:45] <dkemf02> 원래는 각인에 쓰는데 지금은 안되니 마음대로
[2021-12-10 23:32:48] <appleben02> 방금 두고온 청란..
[2021-12-10 23:33:00] <%ccne3> 흠...
[2021-12-10 23:33:01] <짜구리 (jjagury)> 1개씩?
[2021-12-10 23:33:01] <+감자네감자 (ghkdgur01)> 2스테이지 가면 무기 좋은거 많이 나옴
[2021-12-10 23:33:04] <닥터오즈 (rkdtjsrnjs)> 무기 드랍되는것마다 옵션이 랜덤임
[2021-12-10 23:33:07] <체셔교수 (professorches)> 엔젤릭 버스터!
[2021-12-10 23:33:10] <죽음을다스리는자 (ksu1086)> 아까 그놈인가?
[2021-12-10 23:33:12] <%$잘잔다 (ksds7445)> 지금무기 30강해도 많이약함 ㅎㅎ
[2021-12-10 23:33:15] <appleben02> 육하
[2021-12-10 23:33:16] <%ccne3> 화이팅
[2021-12-10 23:33:20] <%$잘잔다 (ksds7445)> 속성 중첩아니면요
[2021-12-10 23:33:24] <강제영창 (98gusxo)> 스킬도 자주써야게네
[2021-12-10 23:33:29] <이루카이 (tjsdid529)> 탄약없다
[2021-12-10 23:33:34] <$알보칠맛사탕 (kdh1994)> 탄어쩌냐 ㅋㅋ
[2021-12-10 23:33:34] <%$잘잔다 (ksds7445)> 노딜 ㅋㅋ
[2021-12-10 23:33:35] <xcv1082> 기둥끼고 싸우세요
[2021-12-10 23:33:43] <4bdr> 탄 녹았엌ㅋㅋ
[2021-12-10 23:33:45] <appleben02> 쉴드까지는거봐
[2021-12-10 23:33:52] <+감자네감자 (ghkdgur01)> 연막 자주 맞추는게 좋아요
[2021-12-10 23:33:58] <%회색태양 (graysun4)> 일반탄 살살 녹는다
[2021-12-10 23:34:00] <xcv1082> 기둥끼고 싸우셔야..
[2021-12-10 23:34:07] <박하맛_ (dudeoji07)> 잘하시네
[2021-12-10 23:34:09] <이루카이 (tjsdid529)> 오
[2021-12-10 23:34:11] <%회색태양 (graysun4)> 급방 잡겠는데
[2021-12-10 23:34:12] <appleben02> 피잘단다
[2021-12-10 23:34:12] <+감자네감자 (ghkdgur01)> q맞추면 이속 느려지고 부식딜이라서 좋음
[2021-12-10 23:34:23] <%5학년4반최인혁 (coreyshin)> 타격감 괜찮다
[2021-12-10 23:34:25] <+감자네감자 (ghkdgur01)> 굳
[2021-12-10 23:34:26] <짜구리 (jjagury)> 오
[2021-12-10 23:34:26] <$알보칠맛사탕 (kdh1994)> ㅅㅅ
[2021-12-10 23:34:27] <%내방문 (sihwa95)> 어우 훈수가 왜이렇게 많어 ;;
[2021-12-10 23:34:27] <죽음을다스리는자 (ksu1086)> 쉽게잡으시네
[2021-12-10 23:34:28] <appleben02> 오오
[2021-12-10 23:34:30] <박하맛_ (dudeoji07)> 잘하시네요
[2021-12-10 23:34:30] <%_꾸까_ (cuka____)> ㅋㅋㅋㅋ
[2021-12-10 23:34:32] <%$잘잔다 (ksds7445)> 훈수죄송해요
[2021-12-10 23:34:33] <%_꾸까_ (cuka____)> 유리대포 ㅋㅋㅋㅋㅋㅋ
[2021-12-10 23:34:33] <%ccne3> 잘하신다
[2021-12-10 23:34:34] <$알보칠맛사탕 (kdh1994)> ㅋㅋㅋㅋㅋㅋ
[2021-12-10 23:34:34] <똘메타_연구원 (frozen_quinn)> 진짜 겜잘스다 원래 처음하면 여기서 3번은 죽는데 ㅋㅋ
[2021-12-10 23:34:35] <appleben02> ㅋㅋㅋㅋㅋㅋㅋ
[2021-12-10 23:34:38] <박하맛_ (dudeoji07)> 킹날의검 ㅋㅋㅋㅋㅋ
[2021-12-10 23:34:39] <짜구리 (jjagury)> 유리대포 ㅋㅋ
[2021-12-10 23:34:41] <%holidayyy555> ㅋㅋㅋㅋㅋㅋㅋㅋㅋㅋㅋㅋㅋㅋㅋㅋㅋㅋ
[2021-12-10 23:34:41] <핑슈 (chlgydn01)> ㅋㅋㅋㅋㅋㅋㅋㅋ
[2021-12-10 23:34:42] <이루카이 (tjsdid529)> ㅋㅋㅋㅋㅋㅋㅋㅋㅋㅋ
[2021-12-10 23:34:45] <+감자네감자 (ghkdgur01)> ㅋㅋㅋㅋㅋㅋ
[2021-12-10 23:34:47] <김아댕 (the112233)> 역시 게임이 게임인지라 훈수가 난무하네
[2021-12-10 23:34:49] <똘메타_연구원 (frozen_quinn)> 근데 어차피 지금 맞으면 죽여야되서 ㅎㅎ
[2021-12-10 23:34:51] <%ccne3> 그런건 버리는거
[2021-12-10 23:34:52] <%사람좋은미소 (gisam789)> 하이리스크 하이리턴
[2021-12-10 23:34:52] <%jinjjij> ㄹㅇ 데드셀식 아이템
[2021-12-10 23:34:55] <%5학년4반최인혁 (coreyshin)> 꿀잼 보장이즈자너ㅋㅋㅋ
[2021-12-10 23:34:58] <오디03 (kwj69025)> 더블베럴?
[2021-12-10 23:35:00] <시청자181 (dankal05539)> 안그래ㅣ도 물몸인데ㅋㅋ
[2021-12-10 23:35:03] <박하맛_ (dudeoji07)> 킹날의검...
[2021-12-10 23:35:09] <죽음을다스리는자 (ksu1086)> +3?
[2021-12-10 23:35:11] <똘메타_연구원 (frozen_quinn)> 지금 맞으면 피 많이 달아서 안맞는다 생각하고해야되서 양날검 좋아요
[2021-12-10 23:35:12] <%_꾸까_ (cuka____)> 어짜피 한대맞고죽나 두대맞고죽나인데 걍 가죠
[2021-12-10 23:35:14] <appleben02> 이제 삼중부활 빠져서 피많은데
[2021-12-10 23:35:16] <+감자네감자 (ghkdgur01)> 지금게 더 좋네
[2021-12-10 23:35:22] <xcv1082> 1개에 킹님이들고있던거요
[2021-12-10 23:35:27] <강제영창 (98gusxo)> 가운데 특성 먹어보죠
[2021-12-10 23:35:28] <%$잘잔다 (ksds7445)> 속성있는게 더좋아요
[2021-12-10 23:35:29] <똘메타_연구원 (frozen_quinn)> 파란색이 레어 특성이에요
[2021-12-10 23:35:30] <%회색태양 (graysun4)> 전기데미지가 아닌거같은데
[2021-12-10 23:35:34] <%ccne3> 옵도 파란게 좋아요
[2021-12-10 23:35:49] <박하맛_ (dudeoji07)> 전기 + 산성 시너지가 좋아요
[2021-12-10 23:35:49] <4bdr> 특수탄은 소지수가 적어요
[2021-12-10 23:35:51] <appleben02> 원소뎀이면 좋지않을까
[2021-12-10 23:35:57] <perinart> 액션 겜은 똘킹님 손에 맞는 걸루..
[2021-12-10 23:35:58] <4bdr> 특성 강화!!!
[2021-12-10 23:35:59] <오디03 (kwj69025)> 원소 데미지 자체가 뎀지를 높여주지 않아요?
[2021-12-10 23:36:00] <$알보칠맛사탕 (kdh1994)> 특성 줍고가세요
[2021-12-10 23:36:02] <죽음을다스리는자 (ksu1086)> 써보고 판단하시는게
[2021-12-10 23:36:03] <+감자네감자 (ghkdgur01)> 원래 하고 싶은대로 하는거임
[2021-12-10 23:36:06] <xcv1082> 속성이 여러개가지고있으면 추가속성있어유
[2021-12-10 23:36:07] <4bdr> 엌
[2021-12-10 23:36:10] <%$잘잔다 (ksds7445)> 엌
[2021-12-10 23:36:13] <박하맛_ (dudeoji07)> 고블렛 바이...
[2021-12-10 23:36:14] <4bdr> 특성강화 안 하고 오셨닼ㅋㅋㅋㅋㅋ
[2021-12-10 23:36:16] <$알보칠맛사탕 (kdh1994)> 까비ㅋㅋ
[2021-12-10 23:36:16] <체셔교수 (professorches)> 고블렛 안드셨...
[2021-12-10 23:36:16] <%$잘잔다 (ksds7445)> 어 ?
[2021-12-10 23:36:17] <죽음을다스리는자 (ksu1086)> 뭐든 직접해보고 느끼는게 나을듯
[2021-12-10 23:36:18] <%$잘잔다 (ksds7445)> 고블렛
[2021-12-10 23:36:24] <appleben02> 소두 ㅋㅋㅋㅋㅋㅋ
[2021-12-10 23:36:27] <강제영창 (98gusxo)> 특성강화 안드시고오셨네
[2021-12-10 23:36:34] <appleben02> 갑자기 적들 비율좋아졌다
[2021-12-10 23:36:50] <%내방문 (sihwa95)> 너무 구린데 ㅋㅋㅋㅋㅋㅋㅋ
[2021-12-10 23:36:51] <박하맛_ (dudeoji07)> 고블렛 두고오셨어요
[2021-12-10 23:36:51] <%회색태양 (graysun4)> 성배하나 안줍고 가셨다
[2021-12-10 23:36:53] <+감자네감자 (ghkdgur01)> 샷건이 근접캐라서...
[2021-12-10 23:36:57] <시청자181 (dankal05539)> ㅁㅊㅋㅋㅋㅋ
[2021-12-10 23:36:57] <+감자네감자 (ghkdgur01)> 오
[2021-12-10 23:36:58] <+감자네감자 (ghkdgur01)> 좋은거
[2021-12-10 23:36:59] <appleben02> 화방이네 ㅋㅋㅋㅋㅋㅋ
[2021-12-10 23:37:02] <체셔교수 (professorches)> 파이어뱃
[2021-12-10 23:37:03] <$알보칠맛사탕 (kdh1994)> 겐지
[2021-12-10 23:37:04] <불편하면자세를고치자 (molyjelly)> ?
[2021-12-10 23:37:04] <%$잘잔다 (ksds7445)> 저거 너프 개많이먹음
[2021-12-10 23:37:05] <감이_ (gam2_)> 그 샷건 마우스클릭 누를때한발 땔때한발나가요
[2021-12-10 23:37:05] <박하맛_ (dudeoji07)> 구데기
[2021-12-10 23:37:06] <사로_0711 (dbql1001)> ?
[2021-12-10 23:37:07] <사로_0711 (dbql1001)> ㅋㅋㅋㅋㅋㅋㅋㅋㅋ
[2021-12-10 23:37:08] <%회색태양 (graysun4)> 튕기는 쿠나이
[2021-12-10 23:37:09] <perinart> 겐지다
[2021-12-10 23:37:09] <사로_0711 (dbql1001)> 오
[2021-12-10 23:37:09] <%$잘잔다 (ksds7445)> 구데기 ㅋㅋ
[2021-12-10 23:37:11] <%ccne3> 무조건 득
[2021-12-10 23:37:16] <+감자네감자 (ghkdgur01)> 샷건보다 나음
[2021-12-10 23:37:16] <4bdr> 꽂히고 폭발
[2021-12-10 23:37:18] <체셔교수 (professorches)> 수리검 ㅋㅋㅋ
[2021-12-10 23:37:19] <appleben02> 사거리는 좋다
[2021-12-10 23:37:20] <죽음을다스리는자 (ksu1086)> 근접해서 써야되나?
[2021-12-10 23:37:22] <%_꾸까_ (cuka____)> 실드깎인다 ㅋㅋ
[2021-12-10 23:37:23] <%ccne3> 좋아요
[2021-12-10 23:37:23] <xcv1082> 단덤던지는건데 지금당장쓸만함
[2021-12-10 23:37:26] <%$잘잔다 (ksds7445)> 어 불속성이라 더좋은듯 ?
[2021-12-10 23:37:31] <박하맛_ (dudeoji07)> 아직 적 있어요
[2021-12-10 23:37:34] <똘메타_연구원 (frozen_quinn)> 화염열광있어서 피차서 좋아요
[2021-12-10 23:37:35] <박하맛_ (dudeoji07)> 이제 클
[2021-12-10 23:37:43] <appleben02> 폭발이 세네
[2021-12-10 23:37:43] <+감자네감자 (ghkdgur01)> 전투브금 끝나면 클리어
[2021-12-10 23:37:44] <%회색태양 (graysun4)> 불뎀이네
[2021-12-10 23:37:57] <박하맛_ (dudeoji07)> 옵션은 좋은데 무기 자제가 별루라
[2021-12-10 23:37:59] <똘메타_연구원 (frozen_quinn)> 화염열광있어서 피가 차요 ㅎㅎ
[2021-12-10 23:38:00] <%ccne3> 스플래쉬
[2021-12-10 23:38:08] <appleben02> ㄹㅇㅋㅋ
[2021-12-10 23:38:09] <%회색태양 (graysun4)> 부식수류탄이랑같이쓰면 효과있을텐데
[2021-12-10 23:38:17] <박하맛_ (dudeoji07)> 오 날쌘 좋아요
[2021-12-10 23:38:20] <+감자네감자 (ghkdgur01)> 좋은 스크롤
[2021-12-10 23:38:22] <+감자네감자 (ghkdgur01)> 떴다
[2021-12-10 23:38:29] <xcv1082> 그거랑 베놈아우라조합 좋은데
[2021-12-10 23:38:31] <+감자네감자 (ghkdgur01)> 2초간
[2021-12-10 23:38:39] <오디03 (kwj69025)> 넘모 아프다
[2021-12-10 23:38:39] <박하맛_ (dudeoji07)> 화염열광 버리죠
[2021-12-10 23:38:40] <$알보칠맛사탕 (kdh1994)> 화염열광라서 ㅋㅋㅋ
[2021-12-10 23:38:41] <appleben02> 화상 ㄷㄷ
[2021-12-10 23:38:49] <메론맛징어 (ekdl324)> 화염 열광 스크롤드셔서 ㅋㅋㅋㅋㅋ
[2021-12-10 23:38:53] <xcv1082> 스크롤때문이죠
[2021-12-10 23:38:54] <%ccne3> 화영열광효과
[2021-12-10 23:38:54] <똘메타_연구원 (frozen_quinn)> 화염열광이라 ㅋㅋㅋㅋㅋㅋㅋㅋㅋㅋ
[2021-12-10 23:39:04] <박하맛_ (dudeoji07)> 스크롤 하나 버려야 할거 같아요
[2021-12-10 23:39:13] <죽음을다스리는자 (ksu1086)> 누가 피찬다했는데
[2021-12-10 23:39:13] <%회색태양 (graysun4)> 쿠나이랑 안맞네 ㅋㅋㅋ
[2021-12-10 23:39:15] <박하맛_ (dudeoji07)> 그게 화염때는 때리면 피가 차요
[2021-12-10 23:39:16] <%_꾸까_ (cuka____)> 넹
[2021-12-10 23:39:18] <하늘드로니 (vvt528)> 너도나도
[2021-12-10 23:39:18] <귀한손 (o67890)> 번역이 좀 이해안가게 되있긴 함
[2021-12-10 23:39:18] <햇살_시도 (5k7k)> 피는 차는데 불타요
[2021-12-10 23:39:18] <4bdr> 피가 차도 깎이는건 깎에요
[2021-12-10 23:39:19] <%$잘잔다 (ksds7445)> 그 화상상태일때 면역이없어서
[2021-12-10 23:39:21] <appleben02> 피흡이라는뜻
[2021-12-10 23:39:21] <시청자181 (dankal05539)> ㅈㄴ조금차나보다ㅣㄱㅋ
[2021-12-10 23:39:22] <%$잘잔다 (ksds7445)> 아파요
[2021-12-10 23:39:23] <%ccne3> 화댐만 피흡
[2021-12-10 23:39:31] <+감자네감자 (ghkdgur01)> 있으면 좋긴 한데
[2021-12-10 23:39:35] <%$잘잔다 (ksds7445)> 화염뎀지 면역때만 좋을듯
[2021-12-10 23:39:35] <+감자네감자 (ghkdgur01)> 화염무기있으면
[2021-12-10 23:39:40] <appleben02> 손맛이 있네
[2021-12-10 23:39:42] <죽음을다스리는자 (ksu1086)> 국밥이네
[2021-12-10 23:39:42] <%내방문 (sihwa95)> 뭐야 ㅋㅋㅋㅋㅋㅋㅋㅋㅋ
[2021-12-10 23:39:43] <$상냥한악마 (erendina)> 좋구만
[2021-12-10 23:39:44] <%여기레옹 (soskorea9)> 누가 아이번 쓰례기래 ㅋ
[2021-12-10 23:39:46] <체셔교수 (professorches)> 화염 무기 위주로 가면 나중에 좋아요
[2021-12-10 23:39:49] <%holidayyy555> 타격감 ㄷ
[2021-12-10 23:39:51] <%ccne3> 초반1탑
[2021-12-10 23:39:56] <appleben02> ㅋㅋㅋㅋㅋㅋㅋㅋㅋㅋ
[2021-12-10 23:39:59] <오디03 (kwj69025)> 일단 라이플 좋은 것 같네용
[2021-12-10 23:40:00] <박하맛_ (dudeoji07)> 산성 + 화염에 시너지가 있습니다
[2021-12-10 23:40:00] <%$잘잔다 (ksds7445)> 일단 일반엔 몇무기빼고 다좋아여 ..
[2021-12-10 23:40:03] <xcv1082> 날쎈손놀림이 워낙좋아서
[2021-12-10 23:40:16] <체셔교수 (professorches)> 이게 화둔??
[2021-12-10 23:40:26] <$놀러와수완 (k1k123k)> 모션이 약간 젠야타 같다 ㅋㅋㅋ
[2021-12-10 23:40:28] <$상냥한악마 (erendina)> 겐지 느낌이다
[2021-12-10 23:40:45] <똘메타_연구원 (frozen_quinn)> 스나나왔다
[2021-12-10 23:40:47] <%ccne3> 뒤에 탕크 약점
[2021-12-10 23:40:56] <%똘시티즌 (ddolcitizen)> 에임 근데 진짜 좋긴 하다
[2021-12-10 23:40:57] <죽음을다스리는자 (ksu1086)> SMG가 확실히 느낌좋네
[2021-12-10 23:41:07] <오디03 (kwj69025)> 어우 화상
[2021-12-10 23:41:20] <appleben02> 얇다 ㅋㅋ
[2021-12-10 23:41:26] <똘메타_연구원 (frozen_quinn)> 뒤에 스나총있어요
[2021-12-10 23:41:29] <%회색태양 (graysun4)> 스킬쓰고 떄리면 첫타 300퍼 데미지에요'
[2021-12-10 23:41:36] <LazyBd> 스나있어요
[2021-12-10 23:41:37] <%ccne3> >>>>>>
[2021-12-10 23:41:38] <piter_piter_> 겐지 겁나 못하실듯
[2021-12-10 23:41:41] <박하맛_ (dudeoji07)> 22222
[2021-12-10 23:41:43] <메론맛징어 (ekdl324)> 보물방에 말같이 생긴그림은 엘리트에요
[2021-12-10 23:41:45] <%_꾸까_ (cuka____)> 원소이상면역이면 화염열광 쓸만한데
[2021-12-10 23:41:45] <죽음을다스리는자 (ksu1086)> 이거 여러명이서 하면 몹 더 많이나오나??
[2021-12-10 23:41:45] <%ccne3> 비밀방
[2021-12-10 23:41:53] <박하맛_ (dudeoji07)> 네
[2021-12-10 23:42:00] <사로_0711 (dbql1001)> 옿
[2021-12-10 23:42:01] <죽음을다스리는자 (ksu1086)> 혼자할때랑 같이 할때랑 나오는 몹이 비슷하나?
[2021-12-10 23:42:10] <체셔교수 (professorches)> 괜찮네요
[2021-12-10 23:42:12] <%ccne3> 3번총알
[2021-12-10 23:42:14] <오디03 (kwj69025)> 스나인데 기초데미지 약한 거 아니에요?
[2021-12-10 23:42:18] <박하맛_ (dudeoji07)> 엘리트네요
[2021-12-10 23:42:19] <4bdr> 첫 스나가 솔라였구나
[2021-12-10 23:42:29] <똘메타_연구원 (frozen_quinn)> 머리 맞춰야지 쎄요 ㅎㅎ
[2021-12-10 23:42:31] <$알보칠맛사탕 (kdh1994)> 스나 헤드까셔야 ㅋㅋㅋ
[2021-12-10 23:42:32] <오디03 (kwj69025)> 헤드 한정 데미지 4배라 그런가봐요
[2021-12-10 23:42:33] <사로_0711 (dbql1001)> ㅋㅋㅋㅋㅋㅋㅋㅋㅋㅋㅋㅋㅋㅋ
[2021-12-10 23:42:34] <체셔교수 (professorches)> ㅋㅋㅋㅋㅋㅋㅋㅋㅋㅋㅋㅋㅋ
[2021-12-10 23:42:35] <%$잘잔다 (ksds7445)> 약점쳐야져 ㅋㅋ
[2021-12-10 23:42:35] <메론맛징어 (ekdl324)> 약한 스나긴 해요..
[2021-12-10 23:42:40] <똘메타_연구원 (frozen_quinn)> 무조건 헤드 까야됨
[2021-12-10 23:42:41] <%ccne3> 헤드샷
[2021-12-10 23:42:41] <박하맛_ (dudeoji07)> 스나는 약점 노려야 해요 ㅋㅋ
[2021-12-10 23:43:07] <%ccne3> 데빌 ㅋㅋ
[2021-12-10 23:43:15] <오디03 (kwj69025)> 라이플로 몸샷 쏘는게 훨 날 듯 ㅋㅋㅋㅋ
[2021-12-10 23:43:17] <햇살_시도 (5k7k)> 스나라서
[2021-12-10 23:43:17] <%회색태양 (graysun4)> 저거 쉴드를 못까서 그럴텐데
[2021-12-10 23:43:18] <$알보칠맛사탕 (kdh1994)> 사실 스나캐릭이 따로 있긴해요
[2021-12-10 23:43:22] <똘메타_연구원 (frozen_quinn)> 우클릭하면 폭탄
[2021-12-10 23:43:30] <박하맛_ (dudeoji07)> 슈류탄
[2021-12-10 23:43:36] <4bdr> 저거 총알삭제총인데
[2021-12-10 23:43:38] <appleben02> 폭탄이네
[2021-12-10 23:43:43] <appleben02> 총알이 ??
[2021-12-10 23:43:45] <체셔교수 (professorches)> 탄창 살살 녹는다 ㅋㅋㅋㅋㅋ
[2021-12-10 23:43:49] <사로_0711 (dbql1001)> ㅋㅋㅋㅋㅋㅋㅋㅋㅋㅋㅋ
[2021-12-10 23:43:52] <박하맛_ (dudeoji07)> 스나로 잡아야죠
[2021-12-10 23:43:52] <%ccne3> ㅇㅇ
[2021-12-10 23:43:52] <메론맛징어 (ekdl324)> 항아리
[2021-12-10 23:43:56] <메론맛징어 (ekdl324)> 깨면 총알줘요
[2021-12-10 23:43:57] <%$잘잔다 (ksds7445)> 스나로 바꾸죠
[2021-12-10 23:43:57] <%회색태양 (graysun4)> 권총런
[2021-12-10 23:44:04] <귀한손 (o67890)> ㅋㅋㅋㅋㅋ
[2021-12-10 23:44:10] <%$잘잔다 (ksds7445)> 스나가 있잖아여
[2021-12-10 23:44:16] <%$잘잔다 (ksds7445)> ㅋㅋㅋㅋ
[2021-12-10 23:44:17] <귀한손 (o67890)> 지금 떨어져있는무기잠깐들면
[2021-12-10 23:44:22] <4bdr> 다행이 이겜은 기본 총도 강화한 총 따라가서
[2021-12-10 23:44:25] <박하맛_ (dudeoji07)> ㅅㅅ
[2021-12-10 23:44:26] <사로_0711 (dbql1001)> ㅋㅋㅋㅋㅋㅋㅋㅋㅋ
[2021-12-10 23:44:27] <오디03 (kwj69025)> 테슬라?
[2021-12-10 23:44:27] <사로_0711 (dbql1001)> ㅅㅅ
[2021-12-10 23:44:28] <huuuuuuuuuuuuuuman> 화승?
[2021-12-10 23:44:28] <%ccne3> 기총도 좋아요
[2021-12-10 23:44:29] <오디03 (kwj69025)> ㅋㅋㅋㅋㅋㅋㅋㅋㅋㅋㅋㅋ
[2021-12-10 23:44:30] <appleben02> 와!!
[2021-12-10 23:44:31] <%회색태양 (graysun4)> 독총이네
[2021-12-10 23:44:32] <똘메타_연구원 (frozen_quinn)> 기본총은 들고있는 총 평균딜일거에요
[2021-12-10 23:44:34] <네치킨 (todht2002)> 화성 갈끄니까!
[2021-12-10 23:44:39] <%회색태양 (graysun4)> 전기구나
[2021-12-10 23:44:43] <%_꾸까_ (cuka____)> 차징
[2021-12-10 23:44:51] <강제영창 (98gusxo)> 쉴드 무시네
[2021-12-10 23:44:52] <%ccne3> 모으기
[2021-12-10 23:44:59] <똘메타_연구원 (frozen_quinn)> 이 총은 파란색 쉴드를 께요
[2021-12-10 23:44:59] <%내방문 (sihwa95)> 록맨인가
[2021-12-10 23:44:59] <appleben02> 탄2개 소모하네
[2021-12-10 23:44:59] <죽음을다스리는자 (ksu1086)> 오
[2021-12-10 23:44:59] <4bdr> 2발밖에 안 쓰는 폭발탄
[2021-12-10 23:45:03] <%회색태양 (graysun4)> 파란쉴드무시인가
[2021-12-10 23:45:05] <죽음을다스리는자 (ksu1086)> 근데 탄이 적네
[2021-12-10 23:45:11] <체셔교수 (professorches)> 탄속은 약간 느리네요
[2021-12-10 23:45:19] <박하맛_ (dudeoji07)> 대신 관통해서
[2021-12-10 23:45:19] <오디03 (kwj69025)> 기본 400?
[2021-12-10 23:45:25] <%회색태양 (graysun4)> 위도우메이커 느낌이네
[2021-12-10 23:45:29] <메론맛징어 (ekdl324)> 강화 하면 오르긴 홰요 공격력
[2021-12-10 23:45:30] <빡빡빡 (lkm931030)> 줌하면 게이지 차는데 2배까지 증가하네요
[2021-12-10 23:45:33] <박하맛_ (dudeoji07)> 일자열일때 좋아요
[2021-12-10 23:45:36] <%_꾸까_ (cuka____)> 갈끄니까
[2021-12-10 23:45:38] <%holidayyy555> ㅋㅋㅋㅋㅋㅋㅋ
[2021-12-10 23:45:40] <%ccne3> 조준하고 기다려야해요
[2021-12-10 23:45:41] <오디03 (kwj69025)> 역시 테슬라 전기로 총 쏘네 ㅋㅋㅋㅋ
[2021-12-10 23:45:42] <11prime> 테슬라 주인 똘킹
[2021-12-10 23:45:45] <donsa_> 오 꼭 보더랜드같다
[2021-12-10 23:45:45] <%내친구는바보야 (qnrpwjd9)> 테슬라는 못참지
[2021-12-10 23:45:49] <체셔교수 (professorches)> 화성 갈끄니까
[2021-12-10 23:45:53] <4bdr> 테슬라 정말 좋은 총이죠
[2021-12-10 23:45:56] <%_꾸까_ (cuka____)> 크
[2021-12-10 23:45:59] <박하맛_ (dudeoji07)> 333333333
[2021-12-10 23:46:01] <%$잘잔다 (ksds7445)> 어 추진장치 ..
[2021-12-10 23:46:02] <$알보칠맛사탕 (kdh1994)> 페이백
[2021-12-10 23:46:02] <%회색태양 (graysun4)> 돌진3번 괜춘한데?
[2021-12-10 23:46:04] <%ccne3> 1111
[2021-12-10 23:46:05] <짜구리 (jjagury)> 오
[2021-12-10 23:46:07] <똘메타_연구원 (frozen_quinn)> 1111
[2021-12-10 23:46:10] <체셔교수 (professorches)> 셋다 괜찮네요
[2021-12-10 23:46:11] <박하맛_ (dudeoji07)> 33333333
[2021-12-10 23:46:13] <죽음을다스리는자 (ksu1086)> 회피기 3번이면...
[2021-12-10 23:46:19] <박하맛_ (dudeoji07)> 강화비용 줄어들어요
[2021-12-10 23:46:22] <%ccne3> 추진이 젤
[2021-12-10 23:46:23] <시청자181 (dankal05539)> 돌진할때 돈써요?
[2021-12-10 23:46:24] <%mahuraA> 무기업글가능
[2021-12-10 23:46:28] <죽음을다스리는자 (ksu1086)> 와
[2021-12-10 23:46:28] <똘메타_연구원 (frozen_quinn)> 이번 보스 간다면 1번이 제일 좋아요
[2021-12-10 23:46:32] <오디03 (kwj69025)> 트레이서 ㅋㅋㅋㅋ
[2021-12-10 23:46:33] <%ccne3> 못먹어도추진
[2021-12-10 23:46:34] <죽음을다스리는자 (ksu1086)> 충전은 되긴하네
[2021-12-10 23:46:39] <%holidayyy555> 트레 ㅋㅋㅋㅋㅋㅋㅋㅋ
[2021-12-10 23:46:49] <%$잘잔다 (ksds7445)> 나중에 충전시간 절반스크롤 뜨실거에여
[2021-12-10 23:46:53] [Notification] 네즈코짱다이스키 subscribed at Tier 1. They've subscribed for 23 months! [23]
[2021-12-10 23:46:57] <%내친구는바보야 (qnrpwjd9)> 가즈아
[2021-12-10 23:47:01] <nams5759> 똘하
[2021-12-10 23:47:02] <@^싹둑 (ssakdook)> 똘킹 하이 ~ >_< 👑
[2021-12-10 23:47:05] <appleben02> 우욱
[2021-12-10 23:47:11] <%holidayyy555> 오
[2021-12-10 23:47:17] <%내친구는바보야 (qnrpwjd9)> 쎄다
[2021-12-10 23:47:26] <햇살_시도 (5k7k)> 오올
[2021-12-10 23:47:30] <햇살_시도 (5k7k)> 화성가겠는데~?
[2021-12-10 23:47:38] <%내친구는바보야 (qnrpwjd9)> 근데 정통으로 맞춰야하네
[2021-12-10 23:47:40] <짜구리 (jjagury)> 탄속도 좋다
[2021-12-10 23:47:45] <%회색태양 (graysun4)> 준수하다
[2021-12-10 23:47:46] <%_꾸까_ (cuka____)> 실드를 아예 지우는거라
[2021-12-10 23:47:50] <%jinjjij> 제이스같당
[2021-12-10 23:47:56] <냠냠쿼카 (rkqksk3070)> 실드 무시가 너무 좋다
[2021-12-10 23:48:06] <똘메타_연구원 (frozen_quinn)> 파란색 쉴드만 지우니깐 노란쉴드 적 조심해야되요
[2021-12-10 23:48:18] <%회색태양 (graysun4)> 전기라서 쉴드 엄청 잘까이네
[2021-12-10 23:48:30] <%holidayyy555> ㄹㅇ
[2021-12-10 23:48:42] <appleben02> 막 은신하네
[2021-12-10 23:48:42] <햇살_시도 (5k7k)> 무적기로 씹었다 AI성능
[2021-12-10 23:48:57] <donsa_> 뭔가 스피디 하네여
[2021-12-10 23:49:11] <박하맛_ (dudeoji07)> 큰거온다
[2021-12-10 23:49:12] <시청자181 (dankal05539)> 쉴드량ㄷㄷ
[2021-12-10 23:49:23] <%내친구는바보야 (qnrpwjd9)> ㅋㅋㅋㅋㅋㅋㅋ
[2021-12-10 23:49:23] <%_꾸까_ (cuka____)> 등뒤가 약점
[2021-12-10 23:49:23] <햇살_시도 (5k7k)> ㅋㅋㅋㅋ
[2021-12-10 23:49:26] <햇살_시도 (5k7k)> 찐텐 놀람이다
[2021-12-10 23:49:31] <오디03 (kwj69025)> 근데 쉴드가 파랑이 아니면 테슬라 적용 안 되네용
[2021-12-10 23:49:33] <똘메타_연구원 (frozen_quinn)> 테슬라가 초반에 좋음
[2021-12-10 23:49:33] <$상냥한악마 (erendina)> 나 은근 강할지도
[2021-12-10 23:49:40] <appleben02> 오오
[2021-12-10 23:49:44] <%holidayyy555> 역시 겜잘스
[2021-12-10 23:49:46] <4bdr> 엘리트다
[2021-12-10 23:49:53] <박하맛_ (dudeoji07)> 역시 화승이야
[2021-12-10 23:49:54] <짜구리 (jjagury)> 떡상 가즈아
[2021-12-10 23:49:55] <appleben02> ㄹㅇㅋㅋ
[2021-12-10 23:49:59] <%회색태양 (graysun4)> 오
[2021-12-10 23:50:01] <똘메타_연구원 (frozen_quinn)> 원래 여기까지 올라면 5번은 죽어야 정상인데 역시 겜잘스
[2021-12-10 23:50:10] <오디03 (kwj69025)> 이제 1렙이넹
[2021-12-10 23:50:10] <메론맛징어 (ekdl324)> 넹
[2021-12-10 23:50:11] <박하맛_ (dudeoji07)> 네
[2021-12-10 23:50:18] <햇살_시도 (5k7k)> 깡딜
[2021-12-10 23:50:24] <%회색태양 (graysun4)> 거리두고 싸울거면 2고 붙어서싸우면 1이네
[2021-12-10 23:50:26] <책읽기좋은시간 (ilikenovel)> 보스데미지
[2021-12-10 23:50:29] <추석송편약탈자 (zest0314)> 깡딜
[2021-12-10 23:50:30] <%ccne3> 2번이...
[2021-12-10 23:50:33] <감이_ (gam2_)> 보스보면 1번
[2021-12-10 23:50:33] <책읽기좋은시간 (ilikenovel)> 보스살아남으려면
[2021-12-10 23:50:34] <죽음을다스리는자 (ksu1086)> 보스전 생각하면
[2021-12-10 23:50:38] <박하맛_ (dudeoji07)> 지금 테슬라도 좋으니 1번으로 가죠
[2021-12-10 23:50:39] <%jinjjij> 1이면 보스 쉡겠넹
[2021-12-10 23:50:42] <메론맛징어 (ekdl324)> 보스까지 생각하면 1이죠
[2021-12-10 23:50:46] <%하이곤 (gksel1234)> 11
[2021-12-10 23:50:46] <짜구리 (jjagury)> 오 보스전
[2021-12-10 23:50:49] <체셔교수 (professorches)> 방어도 있고 하니까 1번이 더 좋은거 같아요
[2021-12-10 23:50:50] <죽음을다스리는자 (ksu1086)> 1대1은 할만하겠다
[2021-12-10 23:50:55] <오디03 (kwj69025)> 뎀증은 항상 좋았지
[2021-12-10 23:50:58] <%여기레옹 (soskorea9)> 테슬라~
[2021-12-10 23:51:04] <죽음을다스리는자 (ksu1086)> 강화 한번더?
[2021-12-10 23:51:05] <%여기레옹 (soskorea9)> \ㄱㄱㄱㄱㄱㄱㄱㄱㄱㄱㄱㄱ
[2021-12-10 23:51:06] <박하맛_ (dudeoji07)> 화승가나요?
[2021-12-10 23:51:07] <4bdr> 비밀방 가시죠
[2021-12-10 23:51:08] <%jinjjij> 킹슬라
[2021-12-10 23:51:08] <죽음을다스리는자 (ksu1086)> 한번더??
[2021-12-10 23:51:09] <%ccne3> 강화는 보류가
[2021-12-10 23:51:09] <%$잘잔다 (ksds7445)> 혹시 보물방 가셧나요 ㅇ?
[2021-12-10 23:51:10] <메론맛징어 (ekdl324)> ㅋㅋㅋㅋㅋㅋ
[2021-12-10 23:51:11] <죽음을다스리는자 (ksu1086)> 비밀방
[2021-12-10 23:51:11] <시청자181 (dankal05539)> 보물방가시나?
[2021-12-10 23:51:12] <4bdr> 비밀방!!
[2021-12-10 23:51:12] <%여기레옹 (soskorea9)> ㄱㄱㄱㄱㄱㄱㄱㄱㄱㄱㄱㄱㄱㄱㄱㄱ
[2021-12-10 23:51:12] <%회색태양 (graysun4)> 비밀방
[2021-12-10 23:51:12] <귀한손 (o67890)> 고고
[2021-12-10 23:51:13] <곪팡이 (ekfflrl110)> ㄱㄱㄱㄱㄱ
[2021-12-10 23:51:13] <짜구리 (jjagury)> 화성 가즈아
[2021-12-10 23:51:15] <체셔교수 (professorches)> 보물의 방
[2021-12-10 23:51:16] <오디03 (kwj69025)> 화성 갈끄니까!ㅏ!!!!!!
[2021-12-10 23:51:18] <%ccne3> 비방
[2021-12-10 23:51:19] <%holidayyy555> ㅋㅋㅋㅋㅋㅋㅋㅋㅋㅋㅋㅋㅋㅋㅋㅋ
[2021-12-10 23:51:20] <%여기레옹 (soskorea9)> 화성 가즈아
[2021-12-10 23:51:23] <박하맛_ (dudeoji07)> 네
[2021-12-10 23:51:24] <죽음을다스리는자 (ksu1086)> 비밀방갔다가 함더?
[2021-12-10 23:51:27] <%태현킴 (taehyunkim328)> 화성 갈끄니까아~
[2021-12-10 23:51:29] <햇살_시도 (5k7k)> 엘리트방
[2021-12-10 23:51:33] <체셔교수 (professorches)> 스페이스 X 가즈아
[2021-12-10 23:51:35] <%내친구는바보야 (qnrpwjd9)> 와 겁나쎄졌다
[2021-12-10 23:51:36] <%holidayyy555> 와우
[2021-12-10 23:51:39] <시청자181 (dankal05539)> 아끼똥이여
[2021-12-10 23:51:46] <%ccne3> ㅋㅋ 고통의방
[2021-12-10 23:51:58] <오디03 (kwj69025)> 근데 몬스터들 약점이 항상 머리는 아니네용
[2021-12-10 23:51:58] <%내친구는바보야 (qnrpwjd9)> 탄속이 겁나 빨라졌네
[2021-12-10 23:52:12] <appleben02> 탄크기가 좀 큼
[2021-12-10 23:52:13] <햇살_시도 (5k7k)> 레이저가 조준점
[2021-12-10 23:52:34] <%여기레옹 (soskorea9)> 화성뎀쥐
[2021-12-10 23:52:37] <%회색태양 (graysun4)> 테슬라가 노란보호막을 잘 못깨네
[2021-12-10 23:52:39] <LazyBd> 이겜하다보면 딴겜할때도 헤드노림
[2021-12-10 23:52:47] <박하맛_ (dudeoji07)> 연막깔아야합니다
[2021-12-10 23:52:50] <똘메타_연구원 (frozen_quinn)> 노란색 쉴드는 부식데미지에 취약해요
[2021-12-10 23:52:51] <%회색태양 (graysun4)> 저거 독무기가 잘 깔거에요
[2021-12-10 23:53:12] <%_꾸까_ (cuka____)> ? 노란색쉴드는 화염취약임
[2021-12-10 23:53:15] <%jinjjij> 지금 무기조합이 진짜 좋긴하네
[2021-12-10 23:53:30] <오디03 (kwj69025)> dps 안 나오는 건 아쉽긴 하네요
[2021-12-10 23:53:32] <죽음을다스리는자 (ksu1086)> 엔젤이 깡딜은 쎈거같은데
[2021-12-10 23:53:32] <%$잘잔다 (ksds7445)> 사격속도 올라갓다는대
[2021-12-10 23:53:34] <%$잘잔다 (ksds7445)> 확인해보져 ?
[2021-12-10 23:53:39] <오디03 (kwj69025)> 어?
[2021-12-10 23:53:41] <%회색태양 (graysun4)> 화염은 생체취약 아닌가요?
[2021-12-10 23:53:42] <짜구리 (jjagury)> 어?
[2021-12-10 23:53:45] <박하맛_ (dudeoji07)> 노란색은 화염에 약해요
[2021-12-10 23:53:46] <똘메타_연구원 (frozen_quinn)> 노란색은 부식취약이고 화염은 깡체력 취약이에요
[2021-12-10 23:53:52] <%ccne3> 222
[2021-12-10 23:53:54] <오디03 (kwj69025)> 양날의 검 그런거 디버프 없어지는 걸까요?
[2021-12-10 23:53:54] <4bdr> 보스전 생각하셔야 되요
[2021-12-10 23:53:54] <짜구리 (jjagury)> 2번은 잘쓰면 좋을꺼 같다
[2021-12-10 23:54:00] <햇살_시도 (5k7k)> 노랑은 독이고 화염이 빨간 체력 추가딜
[2021-12-10 23:54:01] <체셔교수 (professorches)> 총알은행이 더 좋아요
[2021-12-10 23:54:03] <%_꾸까_ (cuka____)> 번개가 파랑인가?
[2021-12-10 23:54:04] <소설조아 (lgfkjh)> 노란쉴드 독으로 까는거맞음 화염은 걍 딜이 센거고
[2021-12-10 23:54:06] <%ccne3> 퇴마좋아요
[2021-12-10 23:54:10] <메론맛징어 (ekdl324)> 2번은 전설상자 같은거 뽑을때 좋아요
[2021-12-10 23:54:12] <박하맛_ (dudeoji07)> 산성이 노란색 쉴드에 약함
[2021-12-10 23:54:14] <짜구리 (jjagury)> 양날의검에 저거면 사기네
[2021-12-10 23:54:14] <죽음을다스리는자 (ksu1086)> 저번에 먹은 그건가?
[2021-12-10 23:54:16] <%ccne3> 222
[2021-12-10 23:54:17] <$알보칠맛사탕 (kdh1994)> 2번 주워놓고 나중보셔도됨
[2021-12-10 23:54:30] <죽음을다스리는자 (ksu1086)> 저주의 스크롤은 뭐지?
[2021-12-10 23:54:41] <박하맛_ (dudeoji07)> 패널티같은 스크롤이에요
[2021-12-10 23:54:44] <네치킨 (todht2002)> 스크롤에있는 디버프들
[2021-12-10 23:54:44] <죽음을다스리는자 (ksu1086)> 강화 한번더 못하는게 아쉽네
[2021-12-10 23:54:46] <4bdr> 지금 절반 쓰신거 아닌가요?
[2021-12-10 23:54:48] <오디03 (kwj69025)> 필요없는 총 갈면 총알 줬음 좋겠당
[2021-12-10 23:54:56] <%ccne3> 2번 미래지향
[2021-12-10 23:54:57] <%$잘잔다 (ksds7445)> 나중에 특성에
[2021-12-10 23:55:03] <%$잘잔다 (ksds7445)> 필없는총 파는거잇음
[2021-12-10 23:55:17] <appleben02> 레이저 대미지는 없어용
[2021-12-10 23:55:20] <책읽기좋은시간 (ilikenovel)> 조준하는거...
[2021-12-10 23:55:25] <appleben02> 저격조준임여
[2021-12-10 23:55:27] <%$잘잔다 (ksds7445)> 그걸로 강화 겁나함 ㅋㅋ
[2021-12-10 23:55:28] <체셔교수 (professorches)> 스나이퍼라서
[2021-12-10 23:55:30] <책읽기좋은시간 (ilikenovel)> 레이저가 타겟조준....
[2021-12-10 23:55:33] <%회색태양 (graysun4)> 속성 추뎀이 달라요
[2021-12-10 23:55:33] <강제영창 (98gusxo)> 파랑색이 테슬라로 때리면 좋네
[2021-12-10 23:55:37] <%jinjjij> 테슬라는 파랑쉴드인가
[2021-12-10 23:55:49] <%_꾸까_ (cuka____)> 상태이상이요
[2021-12-10 23:55:51] <%회색태양 (graysun4)> 탄보단 속성이요
[2021-12-10 23:55:51] <박하맛_ (dudeoji07)> 그건 아니에요
[2021-12-10 23:55:58] <소설조아 (lgfkjh)> 파란쉴드는 전기로 부수는거고 노란쉴드는 독으루 부수는거 이거 속성개념이 되게 중요해서 ㅇㅇ;
[2021-12-10 23:55:59] <똘메타_연구원 (frozen_quinn)> 총에 있는 전기 화염데미지가 있어요
[2021-12-10 23:56:00] <%ccne3> 아님
[2021-12-10 23:56:03] <%회색태양 (graysun4)> 전기 화염 부식같은거
[2021-12-10 23:56:19] <%ccne3> 걍  엘리몹
[2021-12-10 23:56:23] <메론맛징어 (ekdl324)> 위에 비밀방이요
[2021-12-10 23:56:27] <%$잘잔다 (ksds7445)> 보물방이여
[2021-12-10 23:56:30] <똘메타_연구원 (frozen_quinn)> 똘킹님은 Q가 부식이라서 노란색 쉴드는 Q뿌리고 쏘면 잘 녹긴해요
[2021-12-10 23:56:32] <4bdr> 위 바위에 비밀방이요
[2021-12-10 23:56:41] <%$잘잔다 (ksds7445)> 함정방이있어요
[2021-12-10 23:56:43] <박하맛_ (dudeoji07)> ㄴㄴ 충분히 잘하셔서 가능해요
[2021-12-10 23:56:44] <죽음을다스리는자 (ksu1086)> 강화 보는맛이 있네
[2021-12-10 23:56:52] <죽음을다스리는자 (ksu1086)> 엔젤 최대 강화가 몇일까?
[2021-12-10 23:57:08] <%회색태양 (graysun4)> 죽이면 몹까는 맵이네
[2021-12-10 23:57:14] <오디03 (kwj69025)> 평소에 돌땐 테슬라 나쁘지 않은 듯
[2021-12-10 23:57:17] <소설조아 (lgfkjh)> ㅇㅇ 맞아용
[2021-12-10 23:57:21] <%회색태양 (graysun4)> 전기는 파랑거 추뎀이에요
[2021-12-10 23:57:21] <박하맛_ (dudeoji07)> 맞습니다
[2021-12-10 23:57:26] <강제영창 (98gusxo)> 테슬라가 파랑무시인가?
[2021-12-10 23:57:29] <똘메타_연구원 (frozen_quinn)> 테슬라가 전기 중에 한번에 터트리는거라 효율은 제일 좋아요
[2021-12-10 23:57:33] <죽음을다스리는자 (ksu1086)> 강화금액 맞추겠는데요?
[2021-12-10 23:57:36] <박하맛_ (dudeoji07)> 테슬라가 쉴드무시에요
[2021-12-10 23:57:39] <appleben02> 파랑을 아예 깨뜨리는듯
[2021-12-10 23:58:11] <소설조아 (lgfkjh)> 지금 데미지가 강해서 그렇게보임
[2021-12-10 23:58:14] <appleben02> 투명화 머지
[2021-12-10 23:58:28] <%회색태양 (graysun4)> 50퍼 추뎀인가 그랬던거같은데
[2021-12-10 23:58:39] <똘메타_연구원 (frozen_quinn)> 진짜 겜잘스
[2021-12-10 23:58:39] <짜구리 (jjagury)> 이야
[2021-12-10 23:58:39] <죽음을다스리는자 (ksu1086)> 오 500원
[2021-12-10 23:58:40] <appleben02> 와
[2021-12-10 23:58:44] <죽음을다스리는자 (ksu1086)> 강화 가시나연?
[2021-12-10 23:58:53] <appleben02> 다른분들은 계속 죽던데
[2021-12-10 23:58:53] <%회색태양 (graysun4)> 수류탄이요
[2021-12-10 23:58:54] <박하맛_ (dudeoji07)> 슈류탄
[2021-12-10 23:58:55] <%_꾸까_ (cuka____)> 수류탄 부식
[2021-12-10 23:58:55] <강제영창 (98gusxo)> q
[2021-12-10 23:58:55] <$알보칠맛사탕 (kdh1994)> 수류탄
[2021-12-10 23:58:55] <%여기레옹 (soskorea9)> 수류탄
[2021-12-10 23:58:56] <박하맛_ (dudeoji07)> q에 있어요
[2021-12-10 23:58:56] <똘메타_연구원 (frozen_quinn)> Q가 부식이에요
[2021-12-10 23:58:56] <메론맛징어 (ekdl324)> 수류탄!
[2021-12-10 23:58:58] <%$잘잔다 (ksds7445)> 연막탄
[2021-12-10 23:59:02] <4bdr> 네
[2021-12-10 23:59:07] <체셔교수 (professorches)> 일단 먹으면 좋죠
[2021-12-10 23:59:11] <죽음을다스리는자 (ksu1086)> 이속 까는건가?
[2021-12-10 23:59:18] <죽음을다스리는자 (ksu1086)> 강화 함더?
[2021-12-10 23:59:19] <강제영창 (98gusxo)> 갑옷이 아까 노란쉴드네
[2021-12-10 23:59:19] <%회색태양 (graysun4)> 부식이 노란쉴드 잘깝니다
[2021-12-10 23:59:20] <%ccne3> 먹으면 좋음
[2021-12-10 23:59:21] <11prime> 이틀 전 서든으로 단련하셔서 그런가 왤케 잘하시나요
[2021-12-10 23:59:22] <똘메타_연구원 (frozen_quinn)> 노란색 쉴드가 부식에 추가뎀
[2021-12-10 23:59:23] <박하맛_ (dudeoji07)> 네 가져가도 나쁠껀 없어요
[2021-12-10 23:59:26] <%ccne3> ㅇㅇ
[2021-12-10 23:59:43] <%_꾸까_ (cuka____)> 왜 번역이 갈수록 퇴화하지
[2021-12-10 23:59:45] <%회색태양 (graysun4)> 아직
[2021-12-10 23:59:47] <%회색태양 (graysun4)> 한마리
[2021-12-10 23:59:48] <%_꾸까_ (cuka____)> 전엔 저정도는아니었는데
[2021-12-10 23:59:51] <4bdr> 문장이 있으면 막힌 벽입니다
[2021-12-11 00:00:06] <오디03 (kwj69025)> 미니맵 보는거 중요한 듯
[2021-12-11 00:00:13] <죽음을다스리는자 (ksu1086)> 우리 엔젤이 ㅠㅠ
[2021-12-11 00:00:28] <@^Nightbot> @똘킹 -> A 180s commercial has been started.
[2021-12-11 00:00:32] <죽음을다스리는자 (ksu1086)> 600원 될거같은데요?
[2021-12-11 00:00:33] <오디03 (kwj69025)> 타이무 스또뿌 하면 받뎀증인가봐요
[2021-12-11 00:00:38] <%회색태양 (graysun4)> 샷건이네
[2021-12-11 00:00:38] <체셔교수 (professorches)> 엔젤이 갈아치울때인가
[2021-12-11 00:00:55] <xcv1082> 일루전 괜찮긴한데
[2021-12-11 00:01:00] <%회색태양 (graysun4)> 전기 중첩되는데
[2021-12-11 00:01:01] <죽음을다스리는자 (ksu1086)> 엔젤이 아직 현역아닌감 ㅠ
[2021-12-11 00:01:02] <강철부리 (yomang095)> 일루전이 dps 는 쎈편인데
[2021-12-11 00:01:24] <오디03 (kwj69025)> 근데 청란은 보스 특화인 것 같아서
[2021-12-11 00:01:24] <짜구리 (jjagury)> 아직은 그대로 가는게 나을라나
[2021-12-11 00:01:31] <%ccne3> 스타이터도 특수기능 있을건데
[2021-12-11 00:01:34] <시청자181 (dankal05539)> 권총딜도 제법쎄네요
[2021-12-11 00:01:47] <체셔교수 (professorches)> 나중에 더 좋은게 있을거 같아요
[2021-12-11 00:01:51] <짜구리 (jjagury)> 테슬라가 좋당
[2021-12-11 00:02:43] <%인지생랄 (poii0924)> ㅋㅋㅋㅋㅋㅋㅋㅋㅋㅋ
[2021-12-11 00:02:45] <짜구리 (jjagury)> ㅋㅋㅋㅋㅋㅋㅋㅋ
[2021-12-11 00:02:46] <귀한손 (o67890)> 수류탄없넹
[2021-12-11 00:02:49] <강철부리 (yomang095)> 약점이 등인 아이들
[2021-12-11 00:02:50] <우물메딕 (jwy0936)> 재네 등떄리면 아파해요
[2021-12-11 00:02:55] <똘메타_연구원 (frozen_quinn)> Q
[2021-12-11 00:02:55] <%회색태양 (graysun4)> 부식이요
[2021-12-11 00:02:55] <강제영창 (98gusxo)> 부식
[2021-12-11 00:02:56] <박하맛_ (dudeoji07)> 노랑은 부식
[2021-12-11 00:03:09] Viewerstats (23:32-00:03): avg:707 min:697 max:716 [17/707+0+0+8+0+0-18+0+0+0+10+0+9+0+0-13+0]
[2021-12-11 00:03:14] <짜구리 (jjagury)> 공속뭐야
[2021-12-11 00:03:15] <박하맛_ (dudeoji07)> 오
[2021-12-11 00:03:21] <죽음을다스리는자 (ksu1086)> 엔젤에 화염이나 부식속성 넣을수있나?
[2021-12-11 00:03:25] <nams5759> 오
[2021-12-11 00:03:29] <%인지생랄 (poii0924)> 오
[2021-12-11 00:03:34] <짜구리 (jjagury)> 오
[2021-12-11 00:03:44] <박하맛_ (dudeoji07)> 좋은 발견이네요
[2021-12-11 00:03:44] <오디03 (kwj69025)> 폭발뎀지 쎈 것 같은데요?
[2021-12-11 00:03:48] <박하맛_ (dudeoji07)> 1111111
[2021-12-11 00:03:50] <냠냠쿼카 (rkqksk3070)> 폭팔이 더 큰거같은데요
[2021-12-11 00:03:50] <체셔교수 (professorches)> 나선환 ㅋㅋㅋㅋ
[2021-12-11 00:03:52] <똘메타_연구원 (frozen_quinn)> 과연 2스테이지 보스 깰수있을지 ㅋㅋㅋㅋㅋㅋㅋㅋㅋㅋㅋㅋㅋ
[2021-12-11 00:04:01] <%회색태양 (graysun4)> 부식무기쓸때 좋음
[2021-12-11 00:04:03] <강철부리 (yomang095)> 베놈 아우라 나와주라
[2021-12-11 00:04:05] <죽음을다스리는자 (ksu1086)> 강화?
[2021-12-11 00:04:12] <죽음을다스리는자 (ksu1086)> 강화 하고가시나요?
[2021-12-11 00:04:15] <%ccne3> ㅋㅋㅋ
[2021-12-11 00:04:16] <%여기레옹 (soskorea9)> 아직목숨있지 않아염?
[2021-12-11 00:04:17] <papaappla> ㄹㅇ 저피로
[2021-12-11 00:04:20] <박하맛_ (dudeoji07)> 지금 엄청 잘하고 있어요
[2021-12-11 00:04:22] <똘메타_연구원 (frozen_quinn)> 똘킹님 대단하신게 여기까지 오기까지 3번밖에 안죽음 ㅋㅋㅋㅋㅋㅋㅋㅋㅋㅋㅋㅋㅋ
[2021-12-11 00:04:24] <귀한손 (o67890)> 보스방에서 할수있을텐데
[2021-12-11 00:04:32] <4bdr> 다음 보스 아닌가요
[2021-12-11 00:04:33] <강철부리 (yomang095)> 2스테이지 보스가 누구일려나
[2021-12-11 00:04:35] <%ccne3> 그래두 2스테는 쉬움
[2021-12-11 00:04:39] <짜구리 (jjagury)> ㅋㅋㅋㅋㅋㅋㅋㅋㅋㅋㅋㅋㅋㅋㅋ
[2021-12-11 00:04:47] <%인지생랄 (poii0924)> 보스방에 상점이랑 대장장이 다 있지않나
[2021-12-11 00:04:50] <%ccne3> 물고기
[2021-12-11 00:04:58] <%ccne3> 그게 좋아요
[2021-12-11 00:04:59] <강철부리 (yomang095)> 앗....
[2021-12-11 00:05:00] <4bdr> 상점에서 수류탄 사시죠
[2021-12-11 00:05:03] <햇살_시도 (5k7k)> 공식 샌드백 왔다
[2021-12-11 00:05:17] <강철부리 (yomang095)> 초반 브레스만 잘 피하면 승산있다
[2021-12-11 00:05:27] <오디03 (kwj69025)> 보스 상대는 테슬라보다 라이플 같은뎅
[2021-12-11 00:05:28] <$알보칠맛사탕 (kdh1994)> 끔살만 안당하면 깨실듯
[2021-12-11 00:05:30] <%인지생랄 (poii0924)> 드가자
[2021-12-11 00:05:32] <%회색태양 (graysun4)> 여기보스 노란쉴드아닌가
[2021-12-11 00:05:37] <%ccne3> 물고기
[2021-12-11 00:05:39] <박하맛_ (dudeoji07)> 어이어이 그앞은 지옥이라구
[2021-12-11 00:05:41] <%_꾸까_ (cuka____)> 이야 하필
[2021-12-11 00:05:43] <똘메타_연구원 (frozen_quinn)> 사막은 샌드웜이지~
[2021-12-11 00:05:46] <%인지생랄 (poii0924)> 렉사이다 렉사이
[2021-12-11 00:05:50] <4bdr> 몰드래곸ㅋㅋㅋㅋㅋ
[2021-12-11 00:06:00] <박하맛_ (dudeoji07)> 가까이 붙어야 해요
[2021-12-11 00:06:09] <강철부리 (yomang095)> 입안이 약점이에요
[2021-12-11 00:06:17] <%인지생랄 (poii0924)> 속박을 걍 푸네
[2021-12-11 00:06:19] <똘메타_연구원 (frozen_quinn)> Q는 지형에 맞춰야 터지기때문에 땅에 터트리는게 좋아요 ㅎㅎ
[2021-12-11 00:06:21] <박하맛_ (dudeoji07)> 회전반경이 짧아져서 가까이 있으면피하기 편해요
[2021-12-11 00:06:31] <%회색태양 (graysun4)> 오 쉽게 잡으시겠는데?
[2021-12-11 00:06:35] <dkemf02> 입속이 약점이에요
[2021-12-11 00:06:45] <강철부리 (yomang095)> 탄환이....
[2021-12-11 00:06:54] <죽음을다스리는자 (ksu1086)> 오
[2021-12-11 00:06:56] <appleben02> 동구녕 ㄷㄷ
[2021-12-11 00:06:57] <죽음을다스리는자 (ksu1086)> 엔젤이 국밥
[2021-12-11 00:07:00] <$상냥한악마 (erendina)> ㅋㅋㅋㅋㅋㅋㅋㅋㅋ
[2021-12-11 00:07:00] <박하맛_ (dudeoji07)> 꼬리에서 독나올때 q로 한번에 터트릴 수 있어요
[2021-12-11 00:07:05] <%ccne3> 산성 무효
[2021-12-11 00:07:06] <야옹하는어치 (gjgjggj96)> 테슬라 떡락
[2021-12-11 00:07:09] <4bdr> 엔젤이 보스 전용이라..
[2021-12-11 00:07:11] <%ccne3> 개이득
[2021-12-11 00:07:16] <햇살_시도 (5k7k)> 미니맵에 보여요
[2021-12-11 00:07:21] <죽음을다스리는자 (ksu1086)> 강화 끝까지하면 좋아지나?
[2021-12-11 00:07:30] <강철부리 (yomang095)> 보스는 아주 살짝 되요
[2021-12-11 00:07:32] <똘메타_연구원 (frozen_quinn)> 보스는 속박 저항있어서 여러번 맞추면 저항해요
[2021-12-11 00:08:01] <수성력 (swleesam0502)> 탄이 좀 녹네
[2021-12-11 00:08:01] <%_꾸까_ (cuka____)> 3트에 3라운드를 가네
[2021-12-11 00:08:13] <짜구리 (jjagury)> ㄷㄷ
[2021-12-11 00:08:15] <시청자181 (dankal05539)> 오우
[2021-12-11 00:08:19] <강철부리 (yomang095)> 생각보다 더 잘하는데....?
[2021-12-11 00:08:27] <%회색태양 (graysun4)> 이야
[2021-12-11 00:08:29] <똘메타_연구원 (frozen_quinn)> 아니 진짜 잘하네 ㅋㅋㅋㅋㅋㅋㅋㅋㅋㅋㅋㅋㅋㅋㅋㅋㅋㅋㅋㅋㅋㅋ
[2021-12-11 00:08:30] <%_꾸까_ (cuka____)> 3트에 3라운드..?
[2021-12-11 00:08:30] <햇살_시도 (5k7k)> 자란다자라낟
[2021-12-11 00:08:33] <짜구리 (jjagury)> 이야
[2021-12-11 00:08:34] <박하맛_ (dudeoji07)> 잘하신다
[2021-12-11 00:08:35] <%내방문 (sihwa95)> 테슬라 보스에서는 별로넹
[2021-12-11 00:08:36] <$알보칠맛사탕 (kdh1994)> 지렁이 컷
[2021-12-11 00:08:37] <죽음을다스리는자 (ksu1086)> 엔젤이 가족이죠? 안버릴거죠??
[2021-12-11 00:08:37] <시청자181 (dankal05539)> 엔젤이가 효지네
[2021-12-11 00:08:38] <귀한손 (o67890)> 와우
[2021-12-11 00:08:38] <오디03 (kwj69025)> 확실히 라이플 dps 지린다
[2021-12-11 00:08:38] <%회색태양 (graysun4)> 이게 겜잘스?
[2021-12-11 00:08:39] <%ccne3> 마의3스테
[2021-12-11 00:08:41] <nams5759> 와
[2021-12-11 00:08:45] <%_꾸까_ (cuka____)> 어 원소다
[2021-12-11 00:08:48] <dealwithit555> 한번도 안 맞은거 아닌가?
[2021-12-11 00:08:49] <똘메타_연구원 (frozen_quinn)> 이게... 겜잘스?
[2021-12-11 00:08:50] <$알보칠맛사탕 (kdh1994)> 오 굿
[2021-12-11 00:08:59] <햇살_시도 (5k7k)> 상태이상 확률 100퍼
[2021-12-11 00:09:02] <체셔교수 (professorches)> 이번엔 특성 잊지마셔유!
[2021-12-11 00:09:03] <소설조아 (lgfkjh)> 효과 미적용
[2021-12-11 00:09:04] <%회색태양 (graysun4)> 안터지죠?
[2021-12-11 00:09:06] <박하맛_ (dudeoji07)> 발동 안 돼요
[2021-12-11 00:09:07] <햇살_시도 (5k7k)> 있는 총으로 때려야죠
[2021-12-11 00:09:10] <%ccne3> 녹돌이
[2021-12-11 00:09:11] <죽음을다스리는자 (ksu1086)> 엔젤이 가족이죠? 안버릴거죠?
[2021-12-11 00:09:15] <appleben02> 카멜레온 ㅋㅋ
[2021-12-11 00:09:17] <%회색태양 (graysun4)> 불도마뱀 ㅋㅋㅋ
[2021-12-11 00:09:26] <$알보칠맛사탕 (kdh1994)> 맞음 ㅋㅋㅋㅋ
[2021-12-11 00:09:28] <짜구리 (jjagury)> ?
[2021-12-11 00:09:29] <%회색태양 (graysun4)> 유탄
[2021-12-11 00:09:29] <%김사강 (smallraccoon02)> ㅋㅋㅋㅋㅋㅋ
[2021-12-11 00:09:33] <냠냠쿼카 (rkqksk3070)> 젓디
[2021-12-11 00:09:44] <$상냥한악마 (erendina)> 재장전 모션이 ㅋㅋㅋㅋㅋ
[2021-12-11 00:09:48] <소설조아 (lgfkjh)> 그건 댕댕이아니면 아무도 안씀 ㅋㅋ
[2021-12-11 00:09:49] <햇살_시도 (5k7k)> 걔도 어울리는 캐릭이 있긴해요
[2021-12-11 00:09:55] <체셔교수 (professorches)> 둘다 유탄이네
[2021-12-11 00:09:56] <풀잎9999 (tae8989)> 아니 무슨 끝까지 굴러가네 ㅋㅋ
[2021-12-11 00:10:03] <똘메타_연구원 (frozen_quinn)> 철기사 효과 좋아요
[2021-12-11 00:10:05] <%회색태양 (graysun4)> 점사총
[2021-12-11 00:10:10] <죽음을다스리는자 (ksu1086)> 엔젤이 가족이잖아요 ㅠㅠㅠ
[2021-12-11 00:10:10] <박하맛_ (dudeoji07)> 그거 b한번 눌러보세요
[2021-12-11 00:10:11] <강철부리 (yomang095)> b 누르면 전자동에서 바뀌어요
[2021-12-11 00:10:14] <햇살_시도 (5k7k)> 앨리스
[2021-12-11 00:10:15] <짜구리 (jjagury)> 오
[2021-12-11 00:10:23] <박하맛_ (dudeoji07)> 철기사 b눌러보세요
[2021-12-11 00:10:28] <죽음을다스리는자 (ksu1086)> 엔젤이 가족이죠? 안버릴거죠?
[2021-12-11 00:10:29] <%똘시티즌 (ddolcitizen)> 오옹
[2021-12-11 00:10:32] <짜구리 (jjagury)> 보스 중간보스용으로 괜찮다 ㅋㅋㅋ
[2021-12-11 00:10:33] <체셔교수 (professorches)> 치명타에 부식뎀도 좋네요
[2021-12-11 00:10:39] <냠냠쿼카 (rkqksk3070)> 철기사 b누르면 바뀐대요
[2021-12-11 00:10:41] <풀잎9999 (tae8989)> 가족 버려?
[2021-12-11 00:10:42] <%여기레옹 (soskorea9)> 엔젤님 버리나여 ㅠ?
[2021-12-11 00:10:43] <%인지생랄 (poii0924)> 철기사 b눌러보래요
[2021-12-11 00:10:48] <%회색태양 (graysun4)> 범위무시 좋은거같기도한데
[2021-12-11 00:10:49] <%ccne3> ㅇㅇ
[2021-12-11 00:10:54] <%인지생랄 (poii0924)> 오
[2021-12-11 00:10:57] <%인지생랄 (poii0924)> ?
[2021-12-11 00:11:02] <똘메타_연구원 (frozen_quinn)> 마우스 꾹누르냐 마느냐 차이임 ㅋㅋ
[2021-12-11 00:11:03] <$알보칠맛사탕 (kdh1994)> 사실 크게안다름
[2021-12-11 00:11:05] <박하맛_ (dudeoji07)> 연발 3점사랑
[2021-12-11 00:11:07] <%ccne3> 거기서 거기
[2021-12-11 00:11:07] <4bdr> 3점사 연발
[2021-12-11 00:11:10] <박하맛_ (dudeoji07)> 단발 3점사
[2021-12-11 00:11:11] <%회색태양 (graysun4)> 느낌이 거시기한데
[2021-12-11 00:11:20] <%여기레옹 (soskorea9)> 엔젤
[2021-12-11 00:11:23] <강철부리 (yomang095)> 3번째가 무조건 치명타라 철기사가 딜은 좋아요
[2021-12-11 00:11:26] <귀한손 (o67890)> 가족
[2021-12-11 00:11:29] <죽음을다스리는자 (ksu1086)> 엔젤이 ㅠ 잘가 고마웠어ㅠㅠ
[2021-12-11 00:11:36] <오디03 (kwj69025)> 테슬라 아직 좋아 보이는데?
[2021-12-11 00:11:39] <%ccne3> 로드호그
[2021-12-11 00:11:42] <오디03 (kwj69025)> 쉴드까는게 좋아보여용
[2021-12-11 00:11:44] <appleben02> 아닌듯
[2021-12-11 00:11:48] <죽음을다스리는자 (ksu1086)> 엔젤이 가족이 아니였네...
[2021-12-11 00:11:48] <똘메타_연구원 (frozen_quinn)> 다음라운드 파란쉴드 몹 많아서 테슬라 가져가는게 좋아요
[2021-12-11 00:11:51] <%여기레옹 (soskorea9)> 엔젤 ~~~~~~~~ 빠빠
[2021-12-11 00:12:01] <감이_ (gam2_)> 고마웠어~~
[2021-12-11 00:12:04] <풀잎9999 (tae8989)> 1초뒤 후회 준비중
[2021-12-11 00:12:10] <박하맛_ (dudeoji07)> 3트에 여기까지 오신것도 잘하는거
[2021-12-11 00:12:11] <%여기레옹 (soskorea9)> ㅋㅋㅋㅋㅋㅋㅋㅋㅋㅋㅋㅋ
[2021-12-11 00:12:13] <%ccne3> 마지막 스테이지
[2021-12-11 00:12:13] <오디03 (kwj69025)> 어우 딴딴한 것봐
[2021-12-11 00:12:19] <%여기레옹 (soskorea9)> 엔젤
[2021-12-11 00:12:19] <%회색태양 (graysun4)> 어라
[2021-12-11 00:12:24] <%회색태양 (graysun4)> 느낌이 별론데
[2021-12-11 00:12:29] <%똘시티즌 (ddolcitizen)> 오 별론데
[2021-12-11 00:12:35] <%5학년4반최인혁 (coreyshin)> 어우 쉬워해
[2021-12-11 00:12:37] <4bdr> 화성 갈끄니까
[2021-12-11 00:12:37] <오디03 (kwj69025)> 일반 맵에선 테슬라가 훨씬 좋아보이네요
[2021-12-11 00:12:37] <%ccne3> 고통의 마지막 스테이지
[2021-12-11 00:12:38] <강철부리 (yomang095)> 똘킹님이 말하니까 회사이름 같애 ㅋㅋㅋㅋ
[2021-12-11 00:12:43] <$알보칠맛사탕 (kdh1994)> 문어여자 ㅋㅋㅋ
[2021-12-11 00:12:44] <%sealdance97> 무너무너
[2021-12-11 00:12:49] <%하이곤 (gksel1234)> 노란쉴드는 일반탄이 좋은거같은대요?
[2021-12-11 00:12:49] <똘똘복 (details33)> 일라오이 왔다
[2021-12-11 00:12:50] <appleben02> 무너무너~~
[2021-12-11 00:12:52] <똘메타_연구원 (frozen_quinn)> Q쓰고 철기사
[2021-12-11 00:12:54] <ghdgusdn51> 캐리머신 일라오이네요
[2021-12-11 00:12:57] <appleben02> 휴
[2021-12-11 00:13:00] <%내방문 (sihwa95)> 노란색 쉴드가 안까지넹
[2021-12-11 00:13:04] <오디03 (kwj69025)> 엘리트몬스터는 철기사 써보죠? 30% 뎀증이던데
[2021-12-11 00:13:15] <똘메타_연구원 (frozen_quinn)> 특성 덜찍은 상태에서는 Q 의존도가 엄청 높아요
[2021-12-11 00:13:18] <%회색태양 (graysun4)> 살살녹는다
[2021-12-11 00:13:18] <4bdr> 3스테부턴 무기가 쌍둥이 각인 박혀 나오던가
[2021-12-11 00:13:27] <$상냥한악마 (erendina)> 철기사가 손맛이 있네
[2021-12-11 00:13:37] <박하맛_ (dudeoji07)> 2스테이지 보스아이템부터 쌍둥이 나와요
[2021-12-11 00:13:41] <짜구리 (jjagury)> 테슬라 실드 까는게 좋다
[2021-12-11 00:13:43] <오디03 (kwj69025)> 테슬라 떡상~
[2021-12-11 00:13:44] <귀한손 (o67890)> 크으
[2021-12-11 00:13:45] <%회색태양 (graysun4)> 크
[2021-12-11 00:13:48] <풀잎9999 (tae8989)> 속이 뻥~
[2021-12-11 00:13:50] <appleben02> 파랑 한정 일진 ㅋㅋ
[2021-12-11 00:13:51] <강철부리 (yomang095)> 너무 옛날이라 특성 찍어야 쌍각인 나오는건지 모르겠네
[2021-12-11 00:13:51] <%하이곤 (gksel1234)> 밥도둑
[2021-12-11 00:13:55] <똘메타_연구원 (frozen_quinn)> 팁 주자면 Q는 지형에 맞아야 터져요 몹에 맞처도 안터져요 ㅎㅎ
[2021-12-11 00:13:56] <박하맛_ (dudeoji07)> 기모아서 구체 던지는 동작이에요
[2021-12-11 00:14:02] <감이_ (gam2_)> 관심주세요~~~
[2021-12-11 00:14:12] <$알보칠맛사탕 (kdh1994)> 튕김 몹맞으면
[2021-12-11 00:14:20] <오디03 (kwj69025)> 약간 갠지상대로 맥크리가 연막 쓰듯이?
[2021-12-11 00:14:41] <4bdr> 몹에 맞아도 터지는데...?
[2021-12-11 00:14:43] <%회색태양 (graysun4)> 든든하다
[2021-12-11 00:14:52] <짜구리 (jjagury)> 가져온게 다행
[2021-12-11 00:15:00] <appleben02> 애기 궁사 궁사는 애기야
[2021-12-11 00:15:05] <4bdr> 6강부터는 강화비 안 늘어요
[2021-12-11 00:15:09] <감이_ (gam2_)> 여기부터 쌍둥이나오나
[2021-12-11 00:15:31] <박하맛_ (dudeoji07)> q!
[2021-12-11 00:15:36] <오디03 (kwj69025)> 무너는 철기사가 좋은 듯
[2021-12-11 00:15:39] <appleben02> 무너여자
[2021-12-11 00:15:39] <%똘시티즌 (ddolcitizen)> 와 근데 진짜 잘하신다
[2021-12-11 00:15:47] <%회색태양 (graysun4)> 철기사에 몹 죽이면 부식터지는거있지않나
[2021-12-11 00:16:04] <appleben02> ㄹㅇㅋㅋ
[2021-12-11 00:16:06] <박하맛_ (dudeoji07)> qq
[2021-12-11 00:16:08] <감이_ (gam2_)> 2판에 3스?
[2021-12-11 00:16:11] <햇살_시도 (5k7k)> 술탄ㄱㄱ
[2021-12-11 00:16:16] <appleben02> 부식?
[2021-12-11 00:16:28] <소설조아 (lgfkjh)> 근데 테슬라 각인이 안좋아서 끝까지 가져가는거 비추천이요 ㅇㅇ;
[2021-12-11 00:16:34] <죽음을다스리는자 (ksu1086)> 엔젤이 그립읍니다
[2021-12-11 00:16:39] <%ccne3> 헤드노리셔야...
[2021-12-11 00:16:42] <박하맛_ (dudeoji07)> 22222222
[2021-12-11 00:16:50] <오디03 (kwj69025)> 원소데미지 강화?
[2021-12-11 00:16:50] <%권경 (kwon0707)> 정령 가즈아!!
[2021-12-11 00:16:51] <%회색태양 (graysun4)> 종뷴
[2021-12-11 00:16:52] <%_꾸까_ (cuka____)> 빨간상자중에 각인바꾸는것도 있긴 함
[2021-12-11 00:16:53] <%회색태양 (graysun4)> 정분
[2021-12-11 00:17:03] <4bdr> 300퍼인데요?
[2021-12-11 00:17:04] <appleben02> 정분.. ㅗㅜㅑ
[2021-12-11 00:17:22] <강철부리 (yomang095)> 엘리트 스테이지
[2021-12-11 00:17:23] <4bdr> 아 하나 찍으셨나
[2021-12-11 00:17:24] <%ccne3> 고통의방
[2021-12-11 00:17:50] <감이_ (gam2_)> 노랑실드 깡패
[2021-12-11 00:17:54] <appleben02> 무너무너;;
[2021-12-11 00:17:57] <짜구리 (jjagury)> 무너무너
[2021-12-11 00:18:04] <appleben02> 캬
[2021-12-11 00:18:06] <강철부리 (yomang095)> 백상어가 좀 힘들지
[2021-12-11 00:18:07] <박하맛_ (dudeoji07)> 로드호그다 ㅋㅋ
[2021-12-11 00:18:11] <귀한손 (o67890)> 로드호그네
[2021-12-11 00:18:11] <appleben02> ㅋㅋㅋㅋㅋㅋㅋㅋ
[2021-12-11 00:18:15] <짜구리 (jjagury)> 호그다 ㅋㅋㅋㅋ
[2021-12-11 00:18:15] <$미다그 (yy794422)> 와 딜 ㄷㄷㄷㄷ
[2021-12-11 00:18:15] <%회색태양 (graysun4)> 와씨
[2021-12-11 00:18:15] <4bdr> 마잌ㅋㅋㅋㅋㅋㅋ
[2021-12-11 00:18:16] <4bdr> 마이닼ㅋㅋ
[2021-12-11 00:18:17] <%똘시티즌 (ddolcitizen)> 로드호그 ㄷㄷ
[2021-12-11 00:18:19] <불편하면자세를고치자 (molyjelly)> 로드호그 ㄷㄷㄷ
[2021-12-11 00:18:19] <초록빛와인 (knh8023)> ㅋㅋㅋ
[2021-12-11 00:18:21] <똘메타_연구원 (frozen_quinn)> 무사나왔네 ㅋㅋㅋㅋㅋㅋㅋ
[2021-12-11 00:18:21] <야옹하는어치 (gjgjggj96)> ㅋㅋㅋㅋㅋㅋㅋㅋㅋ
[2021-12-11 00:18:23] <%holidayyy555> ㅋㅋㅋㅋㅋㅋㅋㅋㅌㅌ
[2021-12-11 00:18:27] <nams5759> ㅁㅊㅋㅋㅋㅋㅋㅋ
[2021-12-11 00:18:29] <appleben02> 제너럴 랍스터 ㄷㄷㄷㄷㄷ
[2021-12-11 00:18:29] <귀한손 (o67890)> ㅋㅋㅋㅋㅋㅋㅋㅋㅋㅋㅋㅋㅋㅋ
[2021-12-11 00:18:40] <귀한손 (o67890)> 갑자기 죽을라그러네
[2021-12-11 00:18:42] <%여기레옹 (soskorea9)> 뿌옹뿌옹뿌옹
[2021-12-11 00:18:46] <박하맛_ (dudeoji07)> 가도센 ㅎㄷㄷ
[2021-12-11 00:18:47] <햇살_시도 (5k7k)> 인간은 죽을 위기에 처하면 미친 능력을 발휘한다더니
[2021-12-11 00:18:47] <똘메타_연구원 (frozen_quinn)> 벽력일섬?
[2021-12-11 00:18:48] <$알보칠맛사탕 (kdh1994)> ㅋㅋㅋㅋㅋ
[2021-12-11 00:18:49] <appleben02> ㅋㅋㅋㅋㅋㅋㅋㅋㅋㅋㅋㅋㅋ
[2021-12-11 00:18:50] <야옹하는어치 (gjgjggj96)> 빨라
[2021-12-11 00:18:50] <%_꾸까_ (cuka____)> 개멋있네 ㄷㄷ
[2021-12-11 00:18:51] <강철부리 (yomang095)> 노 수류탄
[2021-12-11 00:18:51] <%ccne3> 제법 쉬운놈
[2021-12-11 00:18:52] <nams5759> ㅋㅋㅋㅋㅋㅋㅋㅋㅋㅋ
[2021-12-11 00:18:55] <%holidayyy555> ㅋㅋㅋㅋㅋㅋㅋㅋㅋㅋㅋㅋ
[2021-12-11 00:18:58] <%똘시티즌 (ddolcitizen)> 마이였어
[2021-12-11 00:19:00] <소설조아 (lgfkjh)> 헤키렛키잇센 ㅋㅋ
[2021-12-11 00:19:01] <야옹하는어치 (gjgjggj96)> ㅋㅋㅋㅋㅋㅋㅋㅋㅋㅋ
[2021-12-11 00:19:01] <appleben02> 아니 요네야?
[2021-12-11 00:19:01] <짜구리 (jjagury)> 아고
[2021-12-11 00:19:02] <귀한손 (o67890)> 부활가능
[2021-12-11 00:19:03] <nams5759> 아...
[2021-12-11 00:19:04] <차오쮸 (jjusin52)> 마이 블랭 로밍왔네
[2021-12-11 00:19:04] <11prime> 까비
[2021-12-11 00:19:06] <불편하면자세를고치자 (molyjelly)> ㄲㅂ
[2021-12-11 00:19:07] <감이_ (gam2_)> ㄲㅂ
[2021-12-11 00:19:10] <appleben02> 부활이다 이건
[2021-12-11 00:19:12] <귀한손 (o67890)> 그래도 수류탄은없네
[2021-12-11 00:19:20] <appleben02> 왜안맞지
[2021-12-11 00:19:30] <야옹하는어치 (gjgjggj96)> 둥글게 둥글게
[2021-12-11 00:19:34] <귀한손 (o67890)> 오오
[2021-12-11 00:19:38] <appleben02> 바보도ㅐㅆ네
[2021-12-11 00:19:40] <똘메타_연구원 (frozen_quinn)> ㅋㅋㅋㅋㅋㅋㅋㅋㅋㅋㅋㅋ
[2021-12-11 00:19:42] <%holidayyy555> ㅋㅋㅋㅌㅌㅌㅌㅌㅋㅌㅋㅋㅋㅋㅋㅋㅋ
[2021-12-11 00:19:42] <짜구리 (jjagury)> ㅋㅋㅋㅋㅋㅋㅋㅋㅋㅋ
[2021-12-11 00:19:43] <$알보칠맛사탕 (kdh1994)> ㅋㅋㅋㅋㅋㅋ
[2021-12-11 00:19:50] <강철부리 (yomang095)> 티모 부쉬에 숨듯이~
[2021-12-11 00:19:51] <appleben02> ㅋㅋㅋㅋㅋㅋㅋㅋㅋ
[2021-12-11 00:19:53] <%똘시티즌 (ddolcitizen)> 졸렬킹
[2021-12-11 00:20:02] <체셔교수 (professorches)> 졸렬한 사람만이 승리한다
[2021-12-11 00:20:05] <$알보칠맛사탕 (kdh1994)> 오 일루전 좋다
[2021-12-11 00:20:13] <re2roy> 이거 라쳇머시기랑 비슷하네 너트 줍고
[2021-12-11 00:20:17] <누룽지___ (cms3564)> 일루젼 야무지죠
[2021-12-11 00:20:19] <감이_ (gam2_)> 테슬라 보내주죠
[2021-12-11 00:20:26] <%회색태양 (graysun4)> 화성못갔네
[2021-12-11 00:20:29] <%ccne3> 샷건이라서
[2021-12-11 00:20:36] <오디03 (kwj69025)> 철기사는 계속 쓰이려나요?
[2021-12-11 00:20:38] <%내방문 (sihwa95)> 보스가 파랑쉴드라면??
[2021-12-11 00:20:39] <%_꾸까_ (cuka____)> 이게 다 나오긴 나오네
[2021-12-11 00:20:39] <$미다그 (yy794422)> 오 일루전 화염데미지
[2021-12-11 00:20:40] <똘메타_연구원 (frozen_quinn)> 화염조각이랑 화염열광이랑 시너지 있어요
[2021-12-11 00:20:42] <박하맛_ (dudeoji07)> 그게 화염열광하고 시너지가 좋아요
[2021-12-11 00:20:42] <체셔교수 (professorches)> 일루전 꾹누르면 공속 빨라져요
[2021-12-11 00:20:42] <짜구리 (jjagury)> 아하
[2021-12-11 00:20:43] <똘메타_연구원 (frozen_quinn)> 네
[2021-12-11 00:20:45] <햇살_시도 (5k7k)> 이게 시너지인데
[2021-12-11 00:20:45] <nams5759> 일루전 화염ㄷ
[2021-12-11 00:20:48] <%여기레옹 (soskorea9)> 님아 테슬라는 미래를 보는건데
[2021-12-11 00:20:51] <누룽지___ (cms3564)> 멀티하면 서로 저런거 나눠줌
[2021-12-11 00:20:56] <초록빛와인 (knh8023)> 화염열광이랑 시너지하면..
[2021-12-11 00:20:57] <햇살_시도 (5k7k)> 근데 이거 나올 줄알고 가져갈거였음 점집을 했지
[2021-12-11 00:21:01] <%회색태양 (graysun4)> 수류탄
[2021-12-11 00:21:02] <박하맛_ (dudeoji07)> q
[2021-12-11 00:21:02] <강철부리 (yomang095)> 넵
[2021-12-11 00:21:02] <$미다그 (yy794422)> 수류탄
[2021-12-11 00:21:02] <4bdr> 네
[2021-12-11 00:21:03] <소설조아 (lgfkjh)> ㅇㅇ
[2021-12-11 00:21:03] <$미다그 (yy794422)> 네
[2021-12-11 00:21:04] <박하맛_ (dudeoji07)> 네
[2021-12-11 00:21:07] <초록빛와인 (knh8023)> 네
[2021-12-11 00:21:10] <귀한손 (o67890)> 12초 50%면 에바네
[2021-12-11 00:21:10] <%회색태양 (graysun4)> 최소 12초요
[2021-12-11 00:21:12] <%ccne3> 네
[2021-12-11 00:21:18] <$알보칠맛사탕 (kdh1994)> 최소 맞아요
[2021-12-11 00:21:20] <%회색태양 (graysun4)> 수류탄 채워져도 12초 유지된다는뜻
[2021-12-11 00:21:25] <박하맛_ (dudeoji07)> 3도 좋아요
[2021-12-11 00:21:31] <체셔교수 (professorches)> 다 괜찮아요
[2021-12-11 00:21:37] <$알보칠맛사탕 (kdh1994)> 3좋긴한데
[2021-12-11 00:21:38] <박하맛_ (dudeoji07)> 네
[2021-12-11 00:21:39] <소설조아 (lgfkjh)> 네
[2021-12-11 00:21:41] <초록빛와인 (knh8023)> 네
[2021-12-11 00:21:42] <소설조아 (lgfkjh)> 보조스킬이라서
[2021-12-11 00:21:44] <%ccne3> 네
[2021-12-11 00:21:44] <$미다그 (yy794422)> 보조 스킬이니까 그럴듯?
[2021-12-11 00:21:46] <초록빛와인 (knh8023)> 스류탄도 보조스킬판정이라
[2021-12-11 00:21:51] <%+오라이광 (seaisred)> 왠지 2도 좋아보이는데...
[2021-12-11 00:21:58] <뇨올 (rpdla4792)> 2도 좋아보이는데
[2021-12-11 00:21:59] <%ccne3> 나도3이나은듯
[2021-12-11 00:22:02] <짜구리 (jjagury)> 굳굳
[2021-12-11 00:22:04] <%회색태양 (graysun4)> 원하시는대로
[2021-12-11 00:22:11] <박하맛_ (dudeoji07)> 원하시는 대로
[2021-12-11 00:22:13] <소설조아 (lgfkjh)> ㅇㅇ 저거 수류탄빌드아니면 별로임
[2021-12-11 00:22:17] <%내친구는바보야 (qnrpwjd9)> 테슬라 ㅂㅇㅂㅇ
[2021-12-11 00:22:18] <짜구리 (jjagury)> 고점에 팔즈아
[2021-12-11 00:22:23] <귀한손 (o67890)> ㅋㅋㅋ
[2021-12-11 00:22:28] <4bdr> 에너지 오브가 메인 스킬 수류탄이 보조 스킬...
[2021-12-11 00:22:30] <강철부리 (yomang095)> 화성....갈.....
[2021-12-11 00:22:30] <%내방문 (sihwa95)> 철기사 버리고 테슬라?
[2021-12-11 00:22:34] <appleben02> 바이바이내이쁜테슬라야..
[2021-12-11 00:22:40] <귀한손 (o67890)> 야차가 둘이나
[2021-12-11 00:22:42] <%회색태양 (graysun4)> 다 노란쉴드네
[2021-12-11 00:22:44] <박하맛_ (dudeoji07)> 아차~!
[2021-12-11 00:22:45] <%ccne3> 여기 막보가 근거리로 안돼요
[2021-12-11 00:22:48] <초록빛와인 (knh8023)> 보물방도있네
[2021-12-11 00:22:59] <박하맛_ (dudeoji07)> 3하면 무기 강화 가능
[2021-12-11 00:23:00] <%_꾸까_ (cuka____)> 잡다가 만두 나오면 하시죠
[2021-12-11 00:23:04] <appleben02> 악마상자네
[2021-12-11 00:23:11] <체셔교수 (professorches)> 헌혈이네 ㅋㅋㅋㅋㅋㅋㅋ
[2021-12-11 00:23:15] <appleben02> 좀..센데?
[2021-12-11 00:23:25] <%회색태양 (graysun4)> 슬라형 그립습니다
[2021-12-11 00:23:29] <%내방문 (sihwa95)> 다시가서 테슬라 가져와야겠네 ㅋㅋ
[2021-12-11 00:23:30] <강철부리 (yomang095)> 죽겠는데
[2021-12-11 00:23:37] <오디03 (kwj69025)> 갠적으로 철기사버리고 테슬라 챙겼으면...?
[2021-12-11 00:23:38] <강제영창 (98gusxo)> 보물방 ㄱ/
[2021-12-11 00:23:38] <wasdwasd2323> dh
[2021-12-11 00:23:43] <wasdwasd2323> 오
[2021-12-11 00:23:45] <wasdwasd2323> 뭔게임임?
[2021-12-11 00:23:53] <감이_ (gam2_)> 이제 보물방가면 죽겠는데요?
[2021-12-11 00:23:56] <귀한손 (o67890)> 위험위험
[2021-12-11 00:23:59] <뇨올 (rpdla4792)> 테슬라 그립읍니다
[2021-12-11 00:24:00] <강제영창 (98gusxo)> 쉴드 깔수 있는 수단이 없네
[2021-12-11 00:24:03] <짜구리 (jjagury)> 테슬라 그립네
[2021-12-11 00:24:13] <뇨올 (rpdla4792)> 벌써 그립네 ㅋㅋ
[2021-12-11 00:24:15] <똘메타_연구원 (frozen_quinn)> 화성 못 갈끄니깐~
[2021-12-11 00:24:16] <강철부리 (yomang095)> 초집중
[2021-12-11 00:24:17] <귀한손 (o67890)> 근데 이거 보스 깰수있을까모르겠네
[2021-12-11 00:24:19] <%회색태양 (graysun4)> 비밀방?
[2021-12-11 00:24:22] <초록빛와인 (knh8023)> 보물방!
[2021-12-11 00:24:32] <소설조아 (lgfkjh)> 돈 아끼죠
[2021-12-11 00:24:35] <%ccne3> >>>>비방
[2021-12-11 00:24:38] <강제영창 (98gusxo)> 보물방 가면 죽겠는데
[2021-12-11 00:24:43] <%_꾸까_ (cuka____)> 가면 죽을듯 ㅋㅋ
[2021-12-11 00:24:43] <똘메타_연구원 (frozen_quinn)> 보물방 함정방 뜨면 참 좋을텐데
[2021-12-11 00:24:48] <감이_ (gam2_)> 보물가면 죽을거같은데
[2021-12-11 00:24:51] <%회색태양 (graysun4)> 위험하겠는데 ㅋㅋㅋ
[2021-12-11 00:24:54] <귀한손 (o67890)> ㅋㅋㅋㅋ
[2021-12-11 00:24:55] <뇨올 (rpdla4792)> 못먹어도 고
[2021-12-11 00:24:56] <짜구리 (jjagury)> 가즈아
[2021-12-11 00:24:57] <강철부리 (yomang095)> 이건 그냥 잡몹 스테이지
[2021-12-11 00:24:59] <소설조아 (lgfkjh)> ㄱㄱㄱ
[2021-12-11 00:24:59] <4bdr> 안가시는게 좋을듯
[2021-12-11 00:25:03] <똘메타_연구원 (frozen_quinn)> 점프맵이면 개이득인데
[2021-12-11 00:25:03] <%여기레옹 (soskorea9)> 안가즈아~
[2021-12-11 00:25:03] <$알보칠맛사탕 (kdh1994)> 여긴 엘리트안나옴
[2021-12-11 00:25:06] <초록빛와인 (knh8023)> 잡몹보물방이라
[2021-12-11 00:25:08] <%ccne3> 굿럭
[2021-12-11 00:25:11] <달빛_울타리 (anscogur06)> 아니ㅣㅣㅣㅣㅣㅣㅣㅣㅣㅣㅣㅣㅣㅣ
[2021-12-11 00:25:12] <nams5759> 아니ㅣㅣㅣㅣㅣㅣㅣㅣㅣㅣ
[2021-12-11 00:25:14] <appleben02> 보물방 너만오면 ㄱ
[2021-12-11 00:25:46] <강철부리 (yomang095)> 애증의 보물방 될것 같은데
[2021-12-11 00:25:55] <%하이곤 (gksel1234)> 개쎄네
[2021-12-11 00:26:00] <귀한손 (o67890)> 테슬라 떡락
[2021-12-11 00:26:02] <냠냠쿼카 (rkqksk3070)> 테슬라 팔고나서 떡상중
[2021-12-11 00:26:03] <appleben02> 딜 너무셈
[2021-12-11 00:26:06] <%내친구는바보야 (qnrpwjd9)> ㅋㅋㅋㅋㅋㅋㅋㅋㅋ
[2021-12-11 00:26:07] <짜구리 (jjagury)> 아 저점이었어
[2021-12-11 00:26:07] <nams5759> 일루전 총알 살살 녹네
[2021-12-11 00:26:08] <%회색태양 (graysun4)> 그리습니다...
[2021-12-11 00:26:10] <감이_ (gam2_)> ㅋㅋㅋㅋㅋㅋㅋ
[2021-12-11 00:26:13] <야옹하는어치 (gjgjggj96)> 테슬라 ㅋㅋㅋ
[2021-12-11 00:26:13] <%내방문 (sihwa95)> 테슬라 다시 주으러 가죠
[2021-12-11 00:26:14] <강철부리 (yomang095)> 똘킹님이 팔아버리자 바로 떡상하는 테슬라 주식
[2021-12-11 00:26:19] <소설조아 (lgfkjh)> 꽃이 지고나서야 봄인줄 알았습니다..
[2021-12-11 00:26:22] <appleben02> 테슬라 손절후 갑자기 떡상 ㅋㅋㅋㅋㅋ
[2021-12-11 00:26:24] <달빛_울타리 (anscogur06)> 테슬라 떡상
[2021-12-11 00:26:29] <짜구리 (jjagury)> 다시 돌아가면 있을라나
[2021-12-11 00:26:30] <귀한손 (o67890)> ㅋㅋㅋㅋㅋㅋㅋㅋㅋㅋ
[2021-12-11 00:26:32] <%회색태양 (graysun4)> 슬라형이면 1방컷인데 ㅋㅋㅋ
[2021-12-11 00:26:33] <dealwithit555> ㅋㅋㅋㅋㅋㅋㅋ
[2021-12-11 00:26:35] <야옹하는어치 (gjgjggj96)> 갈끄라고 했잖아 ㅋㅋㅋㅋ
[2021-12-11 00:26:37] <감이_ (gam2_)> ㅋㅋㅋㅋㅋㅋㅋㅋㅋㅋㅋㅋ
[2021-12-11 00:26:38] <appleben02> 파랑쉴드 생각도못했네 ㅋㅋㅋㅋㅋㅋㅋ
[2021-12-11 00:26:38] <nams5759> 에라이ㅋㅋㅋㅋㅋㅋㅋㅋ
[2021-12-11 00:26:45] <4bdr> 수류탄 다 쓰셔서 배수의 진 발동 시키시죠
[2021-12-11 00:26:45] <귀한손 (o67890)> 더나왔네
[2021-12-11 00:26:52] <강철부리 (yomang095)> 화성 가다가 도중 하차하셨기에 우주에서 사망
[2021-12-11 00:26:53] <햇살_시도 (5k7k)> 죽는 미래가 보인다
[2021-12-11 00:27:12] <감이_ (gam2_)> 가겠는데..?
[2021-12-11 00:27:13] <체셔교수 (professorches)> 우주미아 되셨네 ㅋㅋ
[2021-12-11 00:27:24] <nams5759> 쉴드 다 파래ㅋㅋㅋ
[2021-12-11 00:27:26] <강제영창 (98gusxo)> 중간중간 회복약 나오나?
[2021-12-11 00:27:35] <햇살_시도 (5k7k)> 거의 다 잡았는데
[2021-12-11 00:27:42] <귀한손 (o67890)> 와
[2021-12-11 00:27:53] <야옹하는어치 (gjgjggj96)> 쫄도 단단해 ㅋㅋㅋ
[2021-12-11 00:28:05] <%여기레옹 (soskorea9)> 주식은 함부러 파는게 아니란걸 또 배우고 갑니다.
[2021-12-11 00:28:07] <똘메타_연구원 (frozen_quinn)> ㅋㅋㅋㅋㅋㅋㅋㅋㅋㅋㅋㅋㅋㅋㅋㅋㅋㅋㅋㅋㅋㅋㅋㅋㅋㅋㅋㅋㅋㅋㅋㅋㅋㅋ
[2021-12-11 00:28:08] <박하맛_ (dudeoji07)> ㄲㄲ
[2021-12-11 00:28:08] <%내친구는바보야 (qnrpwjd9)> ㅋㅋㅋㅋㅋㅋㅋㅋㅋ
[2021-12-11 00:28:08] <%회색태양 (graysun4)> 으악
[2021-12-11 00:28:08] <nams5759> 아
[2021-12-11 00:28:09] <강제영창 (98gusxo)> ㅋㅋㅋㅋㅋㅋㅋㅋㅋㅋㅋㅋㅋ
[2021-12-11 00:28:09] <귀한손 (o67890)> 아ㅏㅏㅏㅏㅏ
[2021-12-11 00:28:09] <뇨올 (rpdla4792)> ㅋㅋㅋㅋㅋㅋㅋㅋㅋㅋㅋ
[2021-12-11 00:28:09] <소설조아 (lgfkjh)> 안돼 ㅜㅜ
[2021-12-11 00:28:10] <11prime> ㅋㅋㅋㅋㅋㅋㅋㅋㅋ
[2021-12-11 00:28:11] <햇살_시도 (5k7k)> 피할 수 없는 운명
[2021-12-11 00:28:12] <감이_ (gam2_)> 가제장군 겁나쌔다
[2021-12-11 00:28:13] <dealwithit555> 앗 ㅋㅋㅋㅋㅋㅋㅋ
[2021-12-11 00:28:13] <nams5759> ㄲㅂ
[2021-12-11 00:28:16] <짜구리 (jjagury)> ㅋㅋㅋㅋㅋㅋㅋㅋㅋㅋㅋㅋㅋ
[2021-12-11 00:28:16] <appleben02> 제너럴 랍스터;;
[2021-12-11 00:28:16] <초록빛와인 (knh8023)> ㅋㅋㅋㅋ
[2021-12-11 00:28:19] <%회색태양 (graysun4)> 테슬라 안버렸다면 ㅋㅋㅋㅋ
[2021-12-11 00:28:21] <%지주랑 (wlghjiho)> 이건 테슬라가 ㅋㅋㅋㅋ
[2021-12-11 00:28:21] <오디03 (kwj69025)> 테슬라 왜 버렸냐구~ ㅋㅋㅋㅋㅋ
[2021-12-11 00:28:23] <%똘시티즌 (ddolcitizen)> 철퇴??
[2021-12-11 00:28:23] <똘메타_연구원 (frozen_quinn)> 떡상코인 탈주했네 ㅋㅋㅋㅋㅋㅋㅋㅋ
[2021-12-11 00:28:28] <초록빛와인 (knh8023)> 13000...
[2021-12-11 00:28:29] <짜구리 (jjagury)> 재밌다
[2021-12-11 00:28:29] <11prime> 괜히 테슬라 메도했네...
[2021-12-11 00:28:32] <햇살_시도 (5k7k)> 크...그래도 많이 버셨네
[2021-12-11 00:28:34] <11prime> 매도
[2021-12-11 00:28:35] <불편하면자세를고치자 (molyjelly)> ㅋㅋ
[2021-12-11 00:28:36] <nams5759> 저점에 팔아치운 자의 최후
[2021-12-11 00:28:42] <야옹하는어치 (gjgjggj96)> 갈끄라고 했잖어
[2021-12-11 00:28:42] <%ccne3> 오4스 생겼네
[2021-12-11 00:28:43] <햇살_시도 (5k7k)> 매도해서 200원 범
[2021-12-11 00:28:44] <짜구리 (jjagury)> 역시 똘킹식 매매법
[2021-12-11 00:28:52] <4bdr> 캐릭터 마다 달라요
[2021-12-11 00:29:04] <강철부리 (yomang095)> 똘킹님도 당한 "내가 팔고나면 왜 오를까"
[2021-12-11 00:29:05] <박하맛_ (dudeoji07)> 네
[2021-12-11 00:29:06] <똘메타_연구원 (frozen_quinn)> 완전 달라요 ㅎㅎ
[2021-12-11 00:29:08] <초록빛와인 (knh8023)> 달라요 ㅋㅋ
[2021-12-11 00:29:09] <%_꾸까_ (cuka____)> 전용각인
[2021-12-11 00:29:17] <짜구리 (jjagury)> 캐릭터는 어케 얻음??
[2021-12-11 00:29:17] <%ccne3> 영웅은 무조건 찍어줘야해요
[2021-12-11 00:29:22] <똘메타_연구원 (frozen_quinn)> 무기마다 전용 특성이있어요
[2021-12-11 00:29:26] <pop2717> 캐릭 영웅각인빼고 다 똑같아요
[2021-12-11 00:29:32] <$알보칠맛사탕 (kdh1994)> 처음에 무기주는거요
[2021-12-11 00:29:33] <%ccne3> 캐릭 열렸을건데요
[2021-12-11 00:29:35] <%_꾸까_ (cuka____)> 그게 시작시 상자
[2021-12-11 00:29:35] <강제영창 (98gusxo)> 웨폰서포트가 아까 시작할 때 있는 무기상자네
[2021-12-11 00:29:46] <초록빛와인 (knh8023)> 어차피 다 찍어야해서..
[2021-12-11 00:29:52] <박하맛_ (dudeoji07)> 1개는 가성비가 좋긴해요
[2021-12-11 00:29:57] <pop2717> 초반 파밍을 위해 탐색부터 많이 찍어요
[2021-12-11 00:30:06] <강철부리 (yomang095)> 베놈 나왔다
[2021-12-11 00:30:12] <%돌뇨 (vvnfdkdl)> 40시간했는데 만랩 못찍음
[2021-12-11 00:30:22] <초록빛와인 (knh8023)> 미해금..
[2021-12-11 00:30:22] <박하맛_ (dudeoji07)> 네
[2021-12-11 00:30:23] <소설조아 (lgfkjh)> 네
[2021-12-11 00:30:24] <%회색태양 (graysun4)> 다 달라요
[2021-12-11 00:30:24] <똘메타_연구원 (frozen_quinn)> 레벨 올릴수록 아니면 정수로 사서 할수도있어요
[2021-12-11 00:30:24] <누룽지___ (cms3564)> 네
[2021-12-11 00:30:26] <짜구리 (jjagury)> 토끼 귀엽다
[2021-12-11 00:30:28] <강철부리 (yomang095)> 네 다들 스킬 다르고, 그래서 포지셔닝이랑 다 달라요
[2021-12-11 00:30:30] <%ccne3> 네
[2021-12-11 00:30:35] <$알보칠맛사탕 (kdh1994)> 할거 되게많음
[2021-12-11 00:30:37] <누룽지___ (cms3564)> 빌드도 다다르고
[2021-12-11 00:30:38] <appleben02> 퍼리 ㄷㄷ
[2021-12-11 00:30:39] <%ccne3> 스타일리 새
[2021-12-11 00:30:42] <체셔교수 (professorches)> 스킬이랑 빌드다 달라요
[2021-12-11 00:30:42] <강철부리 (yomang095)> 얘는 약간 저격
[2021-12-11 00:30:44] <우물메딕 (jwy0936)> 시참하시면 렙업빨리하실듯
[2021-12-11 00:30:49] <4bdr> 참고로 지금 캐릭터는 속성딜 홀딩 특화입니다
[2021-12-11 00:30:52] <박하맛_ (dudeoji07)> ㄴㄴ
[2021-12-11 00:30:52] <강철부리 (yomang095)> ㄴㄴ 공유되요
[2021-12-11 00:30:53] <짜구리 (jjagury)> 앗
[2021-12-11 00:30:53] <백향과9 (back_9999)> ㄴㄴㄴ
[2021-12-11 00:30:53] <누룽지___ (cms3564)> ㄴㄴ
[2021-12-11 00:30:54] <4bdr> 아뇨
[2021-12-11 00:30:55] <%_꾸까_ (cuka____)> 영웅전용만 다시찍으면 되요
[2021-12-11 00:30:56] <짜구리 (jjagury)> 휴
[2021-12-11 00:30:57] <박하맛_ (dudeoji07)> 캐릭터 특성만 찍으면 되여
[2021-12-11 00:30:58] <귀한손 (o67890)> 오른쪽에있는거
[2021-12-11 00:30:59] <누룽지___ (cms3564)> 오른쪽거만이요'
[2021-12-11 00:31:00] <%돌뇨 (vvnfdkdl)> 맨오른쪽만 뺴고
[2021-12-11 00:31:01] <오디03 (kwj69025)> 그건 잘 만들었넹
[2021-12-11 00:31:02] <똘메타_연구원 (frozen_quinn)> 캐릭터 특성이 따로있어요 제일 오른쪽
[2021-12-11 00:31:02] <초록빛와인 (knh8023)> 영웅특성만 다시찍는거고 나머진 공유
[2021-12-11 00:31:05] <박하맛_ (dudeoji07)> 네넹
[2021-12-11 00:31:05] <강철부리 (yomang095)> 정확
[2021-12-11 00:31:05] <%ccne3> 네
[2021-12-11 00:31:06] <누룽지___ (cms3564)> 네네
[2021-12-11 00:31:07] <체셔교수 (professorches)> 전용 특성만 따로 찍어야해요
[2021-12-11 00:31:20] <appleben02> 로그라이트 특
[2021-12-11 00:31:27] <똘메타_연구원 (frozen_quinn)> 플레이타임 30시간 이제야 거의 다찍어감 ㅋㅋ
[2021-12-11 00:31:29] <강철부리 (yomang095)> 이겜 합방하면 되게 재밌어요 ㅋㅋ
[2021-12-11 00:31:35] <%돌뇨 (vvnfdkdl)> 40시간했는데 아직 못합 ㅋㅋㅋ
[2021-12-11 00:31:38] <오디03 (kwj69025)> 이거 다 해금하고 하면 얼마나 다를 까
[2021-12-11 00:31:39] <%ccne3> 총도 먹는조건있어요
[2021-12-11 00:31:41] <똘메타_연구원 (frozen_quinn)> 시참?
[2021-12-11 00:31:43] <초록빛와인 (knh8023)> 혼자보단 둘이재밌..
[2021-12-11 00:31:55] <오디03 (kwj69025)> 일단 토끼가 좀 꼴리네요
[2021-12-11 00:32:03] <누룽지___ (cms3564)> 맞아요
[2021-12-11 00:32:03] <불편하면자세를고치자 (molyjelly)> ㄹㅇ
[2021-12-11 00:32:04] <체셔교수 (professorches)> 여차하면 내일 또 하죠
[2021-12-11 00:32:06] <똘메타_연구원 (frozen_quinn)> 버스가 출동함 ㅋㅋ
[2021-12-11 00:32:06] <박하맛_ (dudeoji07)> 근데 그만큼 빨리 렙업 가능
[2021-12-11 00:32:07] <짜구리 (jjagury)> 버스 타는건 좀
[2021-12-11 00:32:09] <햇살_시도 (5k7k)> 새로 만들어서 할 수있어요
[2021-12-11 00:32:10] <초록빛와인 (knh8023)> 그쵸..ㅋㅋ
[2021-12-11 00:32:13] <%ccne3> 똑같아요
[2021-12-11 00:32:13] <%회색태양 (graysun4)> 스트리머분이랑 하는게 좋겠다
[2021-12-11 00:32:16] <체셔교수 (professorches)> 아니면 타스분들이랑?
[2021-12-11 00:32:18] <11prime> 에렝님 꼬셔서 두분이서 ㄱ?
[2021-12-11 00:32:29] <똘메타_연구원 (frozen_quinn)> 에렝님 멀미때문에 못함
[2021-12-11 00:32:31] <오디03 (kwj69025)> 저런
[2021-12-11 00:32:33] <11prime> 맞다 그랬지...
[2021-12-11 00:32:43] <초록빛와인 (knh8023)> 3D멀미 있는동생 이거 그래도 간간히 하던데
[2021-12-11 00:32:44] <4bdr> 그럼 아구이뽀님?
[2021-12-11 00:32:48] <초록빛와인 (knh8023)> 정도차이려나
[2021-12-11 00:32:50] <햇살_시도 (5k7k)> 3스랑 1스 역체감 되시나요?
[2021-12-11 00:32:53] [Notification] suyu36 subscribed at Tier 1. They've subscribed for 5 months, currently on a 5 month streak!
[2021-12-11 00:32:58] <박하맛_ (dudeoji07)> 네
[2021-12-11 00:33:01] <강철부리 (yomang095)> 넹
[2021-12-11 00:33:01] <누룽지___ (cms3564)> 네
[2021-12-11 00:33:02] <%회색태양 (graysun4)> 각인차이
[2021-12-11 00:33:03] <똘메타_연구원 (frozen_quinn)> 무기의 특성 개수가 달라요
[2021-12-11 00:33:03] <초록빛와인 (knh8023)> 옵션이 달라요
[2021-12-11 00:33:04] <박하맛_ (dudeoji07)> 오히려 후자가 좋아요
[2021-12-11 00:33:06] <%ccne3> 네
[2021-12-11 00:33:09] <햇살_시도 (5k7k)> 옵션이 훨씬 좋죠
[2021-12-11 00:33:10] <4bdr> 기본총은 들고 있는 무기중 낮은 무기 따라 갑니다
[2021-12-11 00:33:12] <초록빛와인 (knh8023)> 보물방
[2021-12-11 00:33:17] Viewerstats (00:05-00:33): avg:673 min:615 max:703 [15/703-18+0+17+0+0-21+0+0-15+0-8+0-43+0]
[2021-12-11 00:33:19] <$루비제마 (iepsj3110)> 각인 차이가 커요
[2021-12-11 00:33:23] <강철부리 (yomang095)> 뭐가 많이 해금되네
[2021-12-11 00:33:25] <박하맛_ (dudeoji07)> 나중에 7강 주워서 무기강화 하는게 좋죠
[2021-12-11 00:33:31] <appleben02> 뭔가.. 뭔가 많아
[2021-12-11 00:33:33] <%ccne3> 옵에 따라 성능이 천지차
[2021-12-11 00:33:35] <강철부리 (yomang095)> 저거 저격이랑 시너지 좋은데
[2021-12-11 00:33:49] <강철부리 (yomang095)> 보물방 ㄱ?
[2021-12-11 00:33:54] <오디03 (kwj69025)> 근데 특수탄
[2021-12-11 00:33:56] <짜구리 (jjagury)> 저팔계?
[2021-12-11 00:33:57] <%ccne3> 로켓런쳐
[2021-12-11 00:34:01] <4bdr> 탄속이 느려서 좀 힘들어요
[2021-12-11 00:34:10] <초록빛와인 (knh8023)> 고양이는 속성빌드도 좋아서..
[2021-12-11 00:34:15] <appleben02> 이번엔 원소?
[2021-12-11 00:34:27] <짜구리 (jjagury)> 와우
[2021-12-11 00:34:37] <%회색태양 (graysun4)> 역시 바주카
[2021-12-11 00:34:37] <초록빛와인 (knh8023)> 타이거캐논이 초반 딜 좋죠 ㅋㅋ
[2021-12-11 00:34:38] <$루비제마 (iepsj3110)> 노말에서는 연막빌드도 괜찮더라구요
[2021-12-11 00:34:38] <%ccne3> 특수탄 원츄
[2021-12-11 00:34:38] <豆유키 (xxdpoxx)> 시원시원하네
[2021-12-11 00:34:42] <%여기레옹 (soskorea9)> 볼보네요
[2021-12-11 00:34:50] <4bdr> 저거 버리는 스크롤
[2021-12-11 00:34:51] <강철부리 (yomang095)> 이건 기관총 아니면 쓰레기
[2021-12-11 00:34:54] <%ccne3> 좋은거
[2021-12-11 00:34:55] <초록빛와인 (knh8023)> 적 때리는동안 탄재생
[2021-12-11 00:35:03] <햇살_시도 (5k7k)> 데미지 주면 총알 획득 아니면 총알 손실 지속적으로
[2021-12-11 00:35:03] <$알보칠맛사탕 (kdh1994)> 안때리면 총알이 버려짐
[2021-12-11 00:35:03] <%회색태양 (graysun4)> 탄 환원해주는거 아닌가
[2021-12-11 00:35:05] <appleben02> 암튼 좋음 ㅋㅋ
[2021-12-11 00:35:07] <%ccne3> 거내이 맞추면
[2021-12-11 00:35:11] <초록빛와인 (knh8023)> 안때리면 탄손실
[2021-12-11 00:35:12] <박하맛_ (dudeoji07)> 4초간 딜을 계속해야해요
[2021-12-11 00:35:15] <짜구리 (jjagury)> 으엑
[2021-12-11 00:35:16] <불편하면자세를고치자 (molyjelly)> ㅋㅋㅋㅋㅋㅋㅋㅋㅋㅋㅋ
[2021-12-11 00:35:18] <%ccne3> 무한 총알
[2021-12-11 00:35:23] <햇살_시도 (5k7k)> 쉴새없이 때려야해서
[2021-12-11 00:35:27] <해핀_ (jieun54400)> 탄 녹는시간보다 차는게 많아서 좋아요
[2021-12-11 00:35:42] <초록빛와인 (knh8023)> 탄창에 재생이라
[2021-12-11 00:35:47] <박하맛_ (dudeoji07)> 네
[2021-12-11 00:35:53] <%ccne3> ㅇㅇ
[2021-12-11 00:35:55] [Notification] jjassim subscribed at Tier 1. They've subscribed for 25 months, currently on a 6 month streak! [얍 !]
[2021-12-11 00:35:57] <강철부리 (yomang095)> 전판 엔젤이가 그립다
[2021-12-11 00:36:09] <%ccne3> 연사랑 잘맞음
[2021-12-11 00:36:25] <%하이곤 (gksel1234)> 시원하네
[2021-12-11 00:36:27] <강철부리 (yomang095)> 뭐가 많이 해금되네 ㅋㅋ
[2021-12-11 00:36:27] <$알보칠맛사탕 (kdh1994)> 먼 해금이 ㅋㅋㅋ
[2021-12-11 00:36:28] <똘똘복 (details33)> 무쌍찍네 ㅋㅋㅋㅋ
[2021-12-11 00:36:28] <appleben02> ㅋㅋㅋ
[2021-12-11 00:36:29] <豆유키 (xxdpoxx)> 이거지~
[2021-12-11 00:36:33] <4bdr> 오 라이트닝 블래스트
[2021-12-11 00:36:35] <%ccne3> 밍어랑 이거랑 있음 끝가지간다
[2021-12-11 00:36:36] <짜구리 (jjagury)> ?
[2021-12-11 00:36:41] <박하맛_ (dudeoji07)> 15%확률입니다
[2021-12-11 00:36:42] <appleben02> 올림인가?
[2021-12-11 00:36:44] <%회색태양 (graysun4)> 탄 빠진다
[2021-12-11 00:36:44] <강제영창 (98gusxo)> 탄 계속 줄어든다
[2021-12-11 00:36:45] <똘똘복 (details33)> 탄깎인다
[2021-12-11 00:36:45] <$알보칠맛사탕 (kdh1994)> 총알 나간다~ ㅋㅋㅋ
[2021-12-11 00:36:48] <%ccne3> 그스킬 좋아요
[2021-12-11 00:36:53] <햇살_시도 (5k7k)> 총까이는 중
[2021-12-11 00:36:53] <오디03 (kwj69025)> 초당 1개씩 까인당
[2021-12-11 00:36:58] <강철부리 (yomang095)> 일반탄 까이는 중 ㅋㅋㅋ
[2021-12-11 00:37:05] <소설조아 (lgfkjh)> 그 스크롤 상술이에요 ㅋㅋ
[2021-12-11 00:37:07] <appleben02> 까이네 ㅋㅋ
[2021-12-11 00:37:08] <박하맛_ (dudeoji07)> 잠깐 버려둬요
[2021-12-11 00:37:19] <%ccne3> 고양이는 원소 가야함
[2021-12-11 00:37:28] <소설조아 (lgfkjh)> 조각이랑 같이먹어야함
[2021-12-11 00:37:30] <강철부리 (yomang095)> 다른 스크롤 하나 더 주우면 시너지 나오긴 하는데
[2021-12-11 00:37:32] <소설조아 (lgfkjh)> 전기조각
[2021-12-11 00:37:35] <%ccne3> 열광은 버리는거
[2021-12-11 00:37:36] <초록빛와인 (knh8023)> 저거도 전기조각이랑 같이먹으면..
[2021-12-11 00:37:37] <%회색태양 (graysun4)> 정령들어가면 보통 상태이상 관련이에요
[2021-12-11 00:37:39] <%여기레옹 (soskorea9)> 테슬라
[2021-12-11 00:37:40] <소설조아 (lgfkjh)> 제이스 e임
[2021-12-11 00:37:41] <강철부리 (yomang095)> 그거 뒤에서 총 갈기면 번개 속성
[2021-12-11 00:37:44] <4bdr> 무기도 설명 있어요
[2021-12-11 00:37:44] <$알보칠맛사탕 (kdh1994)> 비티스트 임
[2021-12-11 00:37:46] <박하맛_ (dudeoji07)> 제이스 E같은거
[2021-12-11 00:37:46] <%ccne3> 쉴드
[2021-12-11 00:37:49] <똘메타_연구원 (frozen_quinn)> 거기 뒤에서 총쏘면 추가데
[2021-12-11 00:37:57] <%회색태양 (graysun4)> 씨데발씨오!
[2021-12-11 00:37:57] <4bdr> 쟤만요
[2021-12-11 00:37:57] <강철부리 (yomang095)> 걔도 ㅇㅇ
[2021-12-11 00:37:58] <appleben02> 바티스트네
[2021-12-11 00:37:59] <똘메타_연구원 (frozen_quinn)> 다른 무기도 쌔쟈요
[2021-12-11 00:38:01] <$알보칠맛사탕 (kdh1994)> 걔만
[2021-12-11 00:38:03] <소설조아 (lgfkjh)> 걔만
[2021-12-11 00:38:11] <뇨올 (rpdla4792)> ㅋㅋㅋㅋㅋㅋㅋㅋㅋㅋㅋ
[2021-12-11 00:38:11] <오디03 (kwj69025)> ㄹㅇㅋㅋ
[2021-12-11 00:38:12] <%ccne3> ㄴㄴ
[2021-12-11 00:38:12] <햇살_시도 (5k7k)> ㅋㅋㅋㅋ다들 그 무기를 안 써서요
[2021-12-11 00:38:16] <소설조아 (lgfkjh)> 근데 그 무기자체가 별로임
[2021-12-11 00:38:16] <%ccne3> 개만
[2021-12-11 00:38:17] <강철부리 (yomang095)> 사실 안쓰는 총이라
[2021-12-11 00:38:20] <豆유키 (xxdpoxx)> 몰?루
[2021-12-11 00:38:24] <박하맛_ (dudeoji07)> 111111111
[2021-12-11 00:38:33] <초록빛와인 (knh8023)> 지형무시도 좋은데..바인드지형무시..
[2021-12-11 00:38:39] <강제영창 (98gusxo)> 뒤에 빛나는 상자는 뭔가요?
[2021-12-11 00:38:43] <%똘킹손가락 (ddolkingssukmaneul)> ㄹㅇㅋㅋ...
[2021-12-11 00:38:44] <강철부리 (yomang095)> 조각이랑 뜨면 좋아요
[2021-12-11 00:38:47] <$알보칠맛사탕 (kdh1994)> 면역 스크롤을 들어야됨
[2021-12-11 00:38:51] <소설조아 (lgfkjh)> ㅇㅇ
[2021-12-11 00:38:52] <박하맛_ (dudeoji07)> 전기가 일어나면 푸른실드 깨기는 좋아요
[2021-12-11 00:38:54] <appleben02> 뒤에문장이
[2021-12-11 00:38:56] <햇살_시도 (5k7k)> 안 좋으니까 넣어놨죠 로그라이크니까요
[2021-12-11 00:38:57] <%ccne3> 안좋던데
[2021-12-11 00:38:57] <papaappla> ㅇㅇ
[2021-12-11 00:38:58] <%회색태양 (graysun4)> 시너지템이죠 뭐
[2021-12-11 00:39:00] <강철부리 (yomang095)> 그럼 한동안은 전기 무기 못 쓰죠
[2021-12-11 00:39:01] <$루비제마 (iepsj3110)> 전기면역 스크롤이랑 같이 쓰면 좋음
[2021-12-11 00:39:16] <소설조아 (lgfkjh)> 자기 컨셉 맞춰서 미래지향적으로 주워놓는거
[2021-12-11 00:39:26] <박하맛_ (dudeoji07)> 1
[2021-12-11 00:39:26] <강철부리 (yomang095)> 갓챠?
[2021-12-11 00:39:34] <%회색태양 (graysun4)> 초반 갓챠?
[2021-12-11 00:39:35] <초록빛와인 (knh8023)> 초반은 회복할 기회가 많아서..
[2021-12-11 00:39:35] <박하맛_ (dudeoji07)> 네
[2021-12-11 00:39:36] <해핀_ (jieun54400)> 필드에 만두떨어진거 먹으면 참
[2021-12-11 00:39:37] <뇨올 (rpdla4792)> 어차피 초반 쉬운데 하져
[2021-12-11 00:39:39] <%ccne3> 그래도1
[2021-12-11 00:39:39] <짜구리 (jjagury)> ㄱ?
[2021-12-11 00:39:40] <papaappla> hp템 주뱐에 있으면
[2021-12-11 00:39:46] <강철부리 (yomang095)> 오?
[2021-12-11 00:39:48] <박하맛_ (dudeoji07)> 굿
[2021-12-11 00:39:49] <appleben02> 못먹어도 ㄱ ㅋㅋ
[2021-12-11 00:39:51] <체셔교수 (professorches)> 야수의 심장!
[2021-12-11 00:39:53] <뇨올 (rpdla4792)> ㅋㅋㅋㅋㅋㅋㅋㅋㅋㅋㅋ
[2021-12-11 00:39:53] <초록빛와인 (knh8023)> 낫베드
[2021-12-11 00:39:58] <박하맛_ (dudeoji07)> 연사총이면 좋ㅈㅅ
[2021-12-11 00:39:59] <%권경 (kwon0707)> 우리 재장전 안하잖슴
[2021-12-11 00:39:59] <강제영창 (98gusxo)> 보물방ㄱ?
[2021-12-11 00:40:00] <짜구리 (jjagury)> 기관총 셋이네 ㅋㅋ
[2021-12-11 00:40:01] <dealwithit555> ㅋㅋㅋㅋㅋㅋㅋㅋ
[2021-12-11 00:40:04] <박하맛_ (dudeoji07)> 보방!
[2021-12-11 00:40:04] <체셔교수 (professorches)> 연사총일때 좋네요
[2021-12-11 00:40:07] <%ccne3> 연사총 빌드
[2021-12-11 00:40:07] <%회색태양 (graysun4)> 비밀방 안가셨다
[2021-12-11 00:40:12] <박하맛_ (dudeoji07)> 보방 안 갔어 ㅠ
[2021-12-11 00:40:13] <초록빛와인 (knh8023)> 보물방 또있네
[2021-12-11 00:40:15] <%권경 (kwon0707)> 순리역행이니
[2021-12-11 00:40:18] <%하이곤 (gksel1234)> 오
[2021-12-11 00:40:22] <%하이곤 (gksel1234)> 좋은듯
[2021-12-11 00:40:41] <강제영창 (98gusxo)> 장전안하면 첫탄창 데미지 증가 안먹는거 아닌가?
[2021-12-11 00:40:47] <강철부리 (yomang095)> 어 베놈이다
[2021-12-11 00:41:02] <강철부리 (yomang095)> 으악
[2021-12-11 00:41:03] <%하이곤 (gksel1234)> 3000딜이네
[2021-12-11 00:41:56] <강철부리 (yomang095)> 이건 취향
[2021-12-11 00:42:00] <%ccne3> 333
[2021-12-11 00:42:00] <박하맛_ (dudeoji07)> 2, 3
[2021-12-11 00:42:02] <박하맛_ (dudeoji07)> 취향 ㄱㄱ
[2021-12-11 00:42:24] <박하맛_ (dudeoji07)> 보방 ㅠ
[2021-12-11 00:42:25] <appleben02> ㅋㅋㅋ
[2021-12-11 00:42:35] <appleben02> 오 쉬리커
[2021-12-11 00:42:42] <%똘킹손가락 (ddolkingssukmaneul)> 폭풍함같이 생겼다
[2021-12-11 00:42:44] <%똘킹손가락 (ddolkingssukmaneul)> 프로토스
[2021-12-11 00:42:44] <%ccne3> 게이지
[2021-12-11 00:42:50] <햇살_시도 (5k7k)> 쉬리커 나쁘지 않지
[2021-12-11 00:42:52] <%여기레옹 (soskorea9)> 하프라이프 그총인듯
[2021-12-11 00:42:58] <해핀_ (jieun54400)> 코코볼 쏨
[2021-12-11 00:43:07] <%하이곤 (gksel1234)> 둘다 특수탄
[2021-12-11 00:43:08] <짜구리 (jjagury)> 둘다 특수네
[2021-12-11 00:43:11] <햇살_시도 (5k7k)> 걔도 특탄
[2021-12-11 00:43:21] <appleben02> 바주카 버리자
[2021-12-11 00:43:22] <%회색태양 (graysun4)> 폭발범위는 바주카가 더 클거에요
[2021-12-11 00:43:45] <appleben02> 역시 특수탄
[2021-12-11 00:43:52] <%하이곤 (gksel1234)> 기동성 업
[2021-12-11 00:43:54] <소설조아 (lgfkjh)> 투사체속도도 쉬리커가 더 좋긴함
[2021-12-11 00:43:56] <짜구리 (jjagury)> 만두 안나오나
[2021-12-11 00:43:59] <%ccne3> 그거 전기인거 같은데
[2021-12-11 00:44:14] <%ccne3> 아니네...
[2021-12-11 00:44:18] <박하맛_ (dudeoji07)> 접니다 ㅋㅅㅋ
[2021-12-11 00:44:19] <%하이곤 (gksel1234)> 지리네
[2021-12-11 00:44:23] <뚜룻뚜빠랍빠 (tonystark0508)> 걍 다 원콤이네ㅋㅋㅋㅋ
[2021-12-11 00:44:29] <레드벨벳마카롱 (ababbgame)> 4천까지 찍네
[2021-12-11 00:44:29] <%똘킹손가락 (ddolkingssukmaneul)> 에임이 상당히 좋으시네용
[2021-12-11 00:44:30] <강제영창 (98gusxo)> 보물방 ㄱ?
[2021-12-11 00:44:30] <짜구리 (jjagury)> 무한 총알 ㅋㅋ
[2021-12-11 00:44:38] <4bdr> 걷는 시간이 더 길어서 결국 탄이 깎이긴 하네요
[2021-12-11 00:44:40] <박하맛_ (dudeoji07)> 33333
[2021-12-11 00:44:49] <appleben02> 8?
[2021-12-11 00:44:53] <%ccne3> 수리는 게사기 스크롤
[2021-12-11 00:44:54] <%회색태양 (graysun4)> 이거 아까도 들었던거
[2021-12-11 00:44:56] <해핀_ (jieun54400)> 일단 속성류가 좋아요
[2021-12-11 00:45:06] <소설조아 (lgfkjh)> 결국 무기데미지가중요함
[2021-12-11 00:45:06] <박하맛_ (dudeoji07)> 부식은 언제나 옳아서
[2021-12-11 00:45:08] <소설조아 (lgfkjh)> 2번 ㄱㄱ
[2021-12-11 00:45:11] <똘똘복 (details33)> 웨지감자
[2021-12-11 00:45:11] <해핀_ (jieun54400)> ㅔ
[2021-12-11 00:45:12] <박하맛_ (dudeoji07)> q는 자주사용해서 그래요
[2021-12-11 00:45:14] <%회색태양 (graysun4)> 원하시는걸로
[2021-12-11 00:45:14] <닐마 (neelma)> 하고싶은겨 혀요 어차피 다 쓰임ㅋㅋ
[2021-12-11 00:45:16] <appleben02> 수류탄이
[2021-12-11 00:45:16] <papaappla> 전2
[2021-12-11 00:45:19] <appleben02> 부식..
[2021-12-11 00:45:19] <지농쓰 (sddmjn4)> 끌리는거 해보시는게
[2021-12-11 00:45:21] <%ccne3> 속성이 종음
[2021-12-11 00:45:21] <%하이곤 (gksel1234)> 지금무기랑 좋을듯
[2021-12-11 00:45:36] <%내친구는바보야 (qnrpwjd9)> 후반가면 또 모름
[2021-12-11 00:45:40] <%ccne3> 미시카 가져가세요
[2021-12-11 00:45:50] <브러츠 (ihazun01)> 여기서 제이스 e 써주세요
[2021-12-11 00:45:52] <해핀_ (jieun54400)> 65당
[2021-12-11 00:45:53] <dealwithit555> 화성 가나?
[2021-12-11 00:45:53] <%회색태양 (graysun4)> 빛검이랑 시너지 좋을듯
[2021-12-11 00:45:59] <%ccne3> 미식가...
[2021-12-11 00:46:03] <%여기레옹 (soskorea9)> 방어막이
[2021-12-11 00:46:04] <%여기레옹 (soskorea9)> .........
[2021-12-11 00:46:07] <레드벨벳마카롱 (ababbgame)> 1만2천?
[2021-12-11 00:46:09] <%인지생랄 (poii0924)> ??
[2021-12-11 00:46:20] <해핀_ (jieun54400)> 쉬리커 짧아유~
[2021-12-11 00:46:22] <%인지생랄 (poii0924)> dhk
[2021-12-11 00:46:22] <박하맛_ (dudeoji07)> 사거리가 짧아서
[2021-12-11 00:46:23] <짜구리 (jjagury)> ?
[2021-12-11 00:46:24] <%인지생랄 (poii0924)> 와
[2021-12-11 00:46:25] <%5학년4반최인혁 (coreyshin)> 와 뎀지
[2021-12-11 00:46:27] <%여기레옹 (soskorea9)> 와
[2021-12-11 00:46:31] <11prime> ㅋㅋㅋㅋㅋㅋ
[2021-12-11 00:46:33] <%인지생랄 (poii0924)> ㅋㅋㅋㅋㅋㅋㅋㅋㅋㅋㅋㅋㅋㅋㅋ
[2021-12-11 00:46:34] <appleben02> 와ㅣㅇ
[2021-12-11 00:46:35] <dealwithit555> ㅋㅋㅋㅋㅋㅋㅋㅋ
[2021-12-11 00:46:38] <체셔교수 (professorches)> 녹네 녹아
[2021-12-11 00:46:41] <시청자181 (dankal05539)> 제이스야?ㅋㅋㅋㅋ
[2021-12-11 00:46:41] <햇살_시도 (5k7k)> 그 총을 안써봐서;;
[2021-12-11 00:46:44] <%회색태양 (graysun4)> ㄴㄴ 특성
[2021-12-11 00:46:46] <%5학년4반최인혁 (coreyshin)> 가속관문 ㅋㅋㅋ
[2021-12-11 00:46:46] <햇살_시도 (5k7k)> 저도 첨 암
[2021-12-11 00:46:48] <%하이곤 (gksel1234)> 겜잘스~
[2021-12-11 00:46:52] <%내친구는바보야 (qnrpwjd9)> ㅋㅋㅋㅋㅋㅋ
[2021-12-11 00:46:56] <짜구리 (jjagury)> 이야
[2021-12-11 00:46:56] <appleben02> ㅋㅋㅋㅋㅋㅋㅋㅋ
[2021-12-11 00:46:59] <%여기레옹 (soskorea9)> 222222222222
[2021-12-11 00:47:00] <강제영창 (98gusxo)> 빛검?
[2021-12-11 00:47:03] <4bdr> 저 총 자체가 구려서 잘 안 써서..큼큼..
[2021-12-11 00:47:05] <짜구리 (jjagury)> 전기 데미지!
[2021-12-11 00:47:12] <%ccne3> 2번가자
[2021-12-11 00:47:16] <appleben02> 못참치
[2021-12-11 00:47:16] <%회색태양 (graysun4)> 쿠너이네
[2021-12-11 00:47:18] <박하맛_ (dudeoji07)> 네
[2021-12-11 00:47:25] <appleben02> 구데기..
[2021-12-11 00:47:33] <%찐이야_ (dlwlsgks431)> 근데 3번 들어도 탄알 빠져요?
[2021-12-11 00:47:35] <%권경 (kwon0707)> 오른쪽에 상자 아니였나?
[2021-12-11 00:47:39] <박하맛_ (dudeoji07)> 회복?!
[2021-12-11 00:47:39] <짜구리 (jjagury)> 진짜 제이스네
[2021-12-11 00:47:48] <appleben02> 제이스 ㄹㅇ
[2021-12-11 00:47:48] <시청자181 (dankal05539)> 피안채우
[2021-12-11 00:47:48] <4bdr> 엇 회복 하고 가시지..
[2021-12-11 00:47:48] <개근상근 (kimpik0721)> 똘하
[2021-12-11 00:47:49] <%하이곤 (gksel1234)> 치트키네
[2021-12-11 00:47:49] <@^싹둑 (ssakdook)> 똘킹 하이 ~ >_< 👑
[2021-12-11 00:47:55] <체셔교수 (professorches)> 제이스메타 ㅋㅋㅋㅋ
[2021-12-11 00:48:07] <똘똘복 (details33)> 방금 1만? ㅋㅋㅋㅋㅋ
[2021-12-11 00:48:16] <%하이곤 (gksel1234)> 초반에 빌빌댔는대 삭제시키네
[2021-12-11 00:48:30] <죽음을다스리는자 (ksu1086)> 벌써 고이셨네
[2021-12-11 00:48:30] <박하맛_ (dudeoji07)> 상인
[2021-12-11 00:48:34] <강제영창 (98gusxo)> 보물방 자주들어가서 스크롤 얻는게 중요하겠네요 이젠
[2021-12-11 00:48:41] <해핀_ (jieun54400)> 스노빌 좋아유
[2021-12-11 00:48:43] <%회색태양 (graysun4)> 좋네
[2021-12-11 00:48:44] <%5학년4반최인혁 (coreyshin)> 파워슬램~
[2021-12-11 00:48:49] <박하맛_ (dudeoji07)> 안 사도 ㄱㅊ아요
[2021-12-11 00:48:50] <시청자181 (dankal05539)> 스크롤인가
[2021-12-11 00:48:50] <강철부리 (yomang095)> 국밥 부츠
[2021-12-11 00:48:57] <박하맛_ (dudeoji07)> 낮은 던전이라 함정이 많이 없음
[2021-12-11 00:49:01] <%회색태양 (graysun4)> 디버프 없음 일단 좋음
[2021-12-11 00:49:08] <%여기레옹 (soskorea9)> 결말 보는것 아님?
[2021-12-11 00:49:16] <똘똘복 (details33)> ㅋㅋㅋㅋㅋㅋㅋㅋ
[2021-12-11 00:49:17] <박하맛_ (dudeoji07)> 파워쉨 ㅋㅋㅋㅋㅋㅋㅋ
[2021-12-11 00:49:19] <똘똘복 (details33)> 날라가는거뭐야
[2021-12-11 00:49:20] <appleben02> ㅋㅋㅋㅋㅋㅋㅋㅋㅋㅋㅋㅋㅋ
[2021-12-11 00:49:22] <4bdr> 무한 지속은 아닙니다
[2021-12-11 00:49:22] <$상냥한악마 (erendina)> 앱도적이네
[2021-12-11 00:49:26] <4bdr> 그래도 오래는 갑니다
[2021-12-11 00:49:29] <%5학년4반최인혁 (coreyshin)> 겜 재밋게 하시네 ㅋㅋㅋ
[2021-12-11 00:49:37] <똘똘복 (details33)> 이게 맞나 시프요
[2021-12-11 00:49:39] <%하이곤 (gksel1234)> 관문 통해서오는 적탄은 안쎄지겠죠?
[2021-12-11 00:49:49] <%회색태양 (graysun4)> 전판이랑같은 맵 맞나?
[2021-12-11 00:49:52] <고노방구미와 (jih402)> 똘하
[2021-12-11 00:49:52] <@^싹둑 (ssakdook)> 똘킹 하이 ~ >_< 👑
[2021-12-11 00:50:00] <죽음을다스리는자 (ksu1086)> 이총 강화 되나요??
[2021-12-11 00:50:16] <죽음을다스리는자 (ksu1086)> 여기서 더 강화하면 ㄷㄷㄷ
[2021-12-11 00:50:27] <symnbolw> 이거이거 킹님이 이 겜에대해서 젤 잘알잖아?
[2021-12-11 00:50:29] <%+김더건 (1thegun1020)> 제이스 ㄷㄷ
[2021-12-11 00:50:41] <똘똘복 (details33)> ㅋㅋㅋㅋㅋㅋㅋㅋㅋㅋㅋㅋㅋㅋ
[2021-12-11 00:50:41] <%+김더건 (1thegun1020)> ㅋㅋㅋㅋ
[2021-12-11 00:50:51] <해핀_ (jieun54400)> 럭키샷이에요
[2021-12-11 00:50:55] <해핀_ (jieun54400)> 헤드샷이랑 다른거
[2021-12-11 00:50:58] <%5학년4반최인혁 (coreyshin)> 라쳇앤클랭크같다 ㅋㅋㅋㅋ
[2021-12-11 00:51:12] <해핀_ (jieun54400)> 헤드샷은 노란색인데 럭키샷은 주황색입니다
[2021-12-11 00:51:12] <%여기레옹 (soskorea9)> ㅋㅋㅋㅋㅋㅋ데미지 10만 가보즈아
[2021-12-11 00:51:12] <appleben02> 오오
[2021-12-11 00:51:13] <%하이곤 (gksel1234)> 죽창빌드네 완전
[2021-12-11 00:51:15] <%밈듀 (mindole94)> 겜자체가 좀 쉬워보이긴한다
[2021-12-11 00:51:24] <죽음을다스리는자 (ksu1086)> 강화만 하면 ㄷㄷ
[2021-12-11 00:51:24] <박하맛_ (dudeoji07)> 333333333
[2021-12-11 00:51:25] <papaappla> ㄹㅇㅋㅋ
[2021-12-11 00:51:25] <%하이곤 (gksel1234)> 또 빛검
[2021-12-11 00:51:27] <강제영창 (98gusxo)> 빛검3ㅋㅋㅋㅋㅋ
[2021-12-11 00:51:33] <%회색태양 (graysun4)> 3빛검 ㅋㅋㅋ
[2021-12-11 00:51:34] <appleben02> 빛검 ㅋㅋㅋㅋㅋ
[2021-12-11 00:51:36] <짜구리 (jjagury)> 이야
[2021-12-11 00:51:37] <야옹하는어치 (gjgjggj96)> 죽창 ㅋㅋㅋㅋ
[2021-12-11 00:51:39] <11prime> ㅋㅋㅋㅋㅋㅋ
[2021-12-11 00:51:41] <appleben02> 죽창메타 ㄷㄷ
[2021-12-11 00:51:49] <%내친구는바보야 (qnrpwjd9)> 최고의 방어는 공격이다
[2021-12-11 00:51:49] <야옹하는어치 (gjgjggj96)> 뎀지 ㄷㄷ
[2021-12-11 00:51:50] <체셔교수 (professorches)> 만렙빌드 나왓다 ㅋㅋ
[2021-12-11 00:52:03] <%하이곤 (gksel1234)> 너무쉬운대
[2021-12-11 00:52:17] <sangnyang2> 탄 1개로 유지못하나
[2021-12-11 00:52:32] <똘똘복 (details33)> ?????
[2021-12-11 00:52:33] <appleben02> ㅋㅋㅋㅋㅋㅋㅋㅋㅋㅋㅋ
[2021-12-11 00:52:33] <야옹하는어치 (gjgjggj96)> 쉴드 의미 없네 ㅋㅋㅋㅋ
[2021-12-11 00:52:38] <%회색태양 (graysun4)> 광역딜도 들어가서 쎄다 ㅋㅋㅋㅋ
[2021-12-11 00:52:39] <강제영창 (98gusxo)> 비밀방있다
[2021-12-11 00:52:47] <%5학년4반최인혁 (coreyshin)> 이게 게임이지 ㅋ
[2021-12-11 00:53:00] <%하이곤 (gksel1234)> ;;;
[2021-12-11 00:53:01] <豆유키 (xxdpoxx)> ?
[2021-12-11 00:53:03] <%여기레옹 (soskorea9)> ㅌㅌㅌㅋㅋㅋㅋㅋㅋㅋㅋㅋㅋㅋㅋㅋㅋㅋㅋㅋ
[2021-12-11 00:53:04] <박하맛_ (dudeoji07)> 2만 5천 ㅋㅋㅋㅋㅋㅋㅋㅋㅋ
[2021-12-11 00:53:06] <똘똘복 (details33)> 편안
[2021-12-11 00:53:08] <$상냥한악마 (erendina)> 이게 겜이지
[2021-12-11 00:53:10] <appleben02> 버근가 ㅋㅋㅋㅋㅋㅋㅋㅋㅋ
[2021-12-11 00:53:13] <강제영창 (98gusxo)> ㅋㅋㅋㅋㅋㅋㅋㅋㅋㅋㅋㅋㅋㅋ
[2021-12-11 00:53:15] <%회색태양 (graysun4)> 어라
[2021-12-11 00:53:15] <죽음을다스리는자 (ksu1086)> ???
[2021-12-11 00:53:15] <%여기레옹 (soskorea9)> ??????????
[2021-12-11 00:53:15] <豆유키 (xxdpoxx)> ㅋㅋㅋㅋㅋ
[2021-12-11 00:53:16] <박하맛_ (dudeoji07)> 사라졋(내가)
[2021-12-11 00:53:17] <짜구리 (jjagury)> ?
[2021-12-11 00:53:18] <뚜룻뚜빠랍빠 (tonystark0508)> ㅋㅋㅋㅋㅋㅋㅋㅋㅋㅋ
[2021-12-11 00:53:18] <초록빛와인 (knh8023)> 사라짐 당함..
[2021-12-11 00:53:18] <%밈듀 (mindole94)> ???
[2021-12-11 00:53:19] <시청자181 (dankal05539)> ㅋㅋㅋㅋㅋ
[2021-12-11 00:53:19] <%여기레옹 (soskorea9)> 사라져
[2021-12-11 00:53:21] <뇨올 (rpdla4792)> 방심은 금물
[2021-12-11 00:53:22] <%여기레옹 (soskorea9)> 사라져ㅛ!!!!
[2021-12-11 00:53:22] <%하이곤 (gksel1234)> 안일사
[2021-12-11 00:53:23] <%5학년4반최인혁 (coreyshin)> 상대도 세네
[2021-12-11 00:53:25] <뚜룻뚜빠랍빠 (tonystark0508)> 딜뽕에 취하다 사망
[2021-12-11 00:53:25] <똘똘복 (details33)> 이게 너도한방 나도한방?
[2021-12-11 00:53:27] <appleben02> 내가 사려져엇~!
[2021-12-11 00:53:34] <%내친구는바보야 (qnrpwjd9)> 딜뽕에 너무취했네
[2021-12-11 00:53:39] <%회색태양 (graysun4)> 딜뽕사
[2021-12-11 00:53:41] <초록빛와인 (knh8023)> 저 돌진하는친구는 등뒤에 X표시가 약점..
[2021-12-11 00:53:44] <짜구리 (jjagury)> 극딜 제이스라 그런가 ㄷㄷ
[2021-12-11 00:53:44] <해핀_ (jieun54400)> 개같이부활
[2021-12-11 00:53:45] <책읽기좋은시간 (ilikenovel)> 도마뱀 대포 3방맞음
[2021-12-11 00:53:46] <dealwithit555> 뒤 잡혔네 ㅋㅋㅋ
[2021-12-11 00:53:59] <강제영창 (98gusxo)> 보물ㄹ방 ㄱ?
[2021-12-11 00:54:02] <책읽기좋은시간 (ilikenovel)> 옆치기
[2021-12-11 00:54:06] <시청자181 (dankal05539)> 비밀방
[2021-12-11 00:54:13] <%곰마곰 (jij1102)> 잘크면 던지는게 이런건가ㅋㅋㅋㅋㅋㅋㅋ
[2021-12-11 00:54:20] <%내친구는바보야 (qnrpwjd9)> 맨두
[2021-12-11 00:54:29] <박하맛_ (dudeoji07)> 엘리트다
[2021-12-11 00:54:31] <%회색태양 (graysun4)> 엘리트방이다
[2021-12-11 00:54:50] <짜구리 (jjagury)> ㄷㄷ
[2021-12-11 00:54:55] <appleben02> 나왔다
[2021-12-11 00:54:59] <%ccne3> 엘리트방
[2021-12-11 00:55:02] <해핀_ (jieun54400)> 우리 건파리 많은사랑~
[2021-12-11 00:55:14] <4bdr> 실드인데 라이트닝으로 한발 쏘시죠
[2021-12-11 00:55:20] <%곰마곰 (jij1102)> 이제 테슬라는 생각도 안날듯ㅋㅋㅋㅋ
[2021-12-11 00:55:22] <짜구리 (jjagury)> 오 만두
[2021-12-11 00:55:34] <박하맛_ (dudeoji07)> E쓰고 편타 쓰면 2만 5천 기본으로 뜨네
[2021-12-11 00:55:34] <%ccne3> 유도탄
[2021-12-11 00:55:38] <해핀_ (jieun54400)> 우클릭으로 포인트 꼽고
[2021-12-11 00:55:42] <%회색태양 (graysun4)> 저거 옛날 시메트라 무기
[2021-12-11 00:55:43] <체셔교수 (professorches)> 옛날 시메트라에요
[2021-12-11 00:55:43] <해핀_ (jieun54400)> 거기에 유도레이져
[2021-12-11 00:56:02] <4bdr> 헤드 맞춰놓고 오토 헤드샷 하는 용도로 써요
[2021-12-11 00:56:09] <강제영창 (98gusxo)> 오 ㅋㅋㅋㅋㅋㅋ
[2021-12-11 00:56:09] <%ccne3> 머리꽃으면 무조건 헤드
[2021-12-11 00:56:10] <appleben02> 가속관문 버려도될듯..
[2021-12-11 00:56:13] <짜구리 (jjagury)> ㅋㅋㅋㅋㅋㅋ
[2021-12-11 00:56:25] <박하맛_ (dudeoji07)> 2, 3
[2021-12-11 00:56:40] <박하맛_ (dudeoji07)> 그나마 2?
[2021-12-11 00:56:42] <%ccne3> 2'3
[2021-12-11 00:57:10] <박하맛_ (dudeoji07)> 22222
[2021-12-11 00:57:15] <%회색태양 (graysun4)> 오
[2021-12-11 00:57:24] <보노멜린 (bonomellie)> 똘하
[2021-12-11 00:57:25] <@^싹둑 (ssakdook)> 똘킹 하이 ~ >_< 👑
[2021-12-11 00:57:36] <%곰마곰 (jij1102)> 이제 탱좀 올리셔야…
[2021-12-11 00:57:37] <짜구리 (jjagury)> ㄷㄷㄷㄷ
[2021-12-11 00:57:37] <해핀_ (jieun54400)> 수류탄만 던저도 부식 상태이상이라 좋아요
[2021-12-11 00:57:40] <시청자181 (dankal05539)> 몸이 약하겠다ㅋㅋ
[2021-12-11 00:57:43] <+건즈로드 (gunslord2)> 딜뽕에 취하네 ㅎㅎ
[2021-12-11 00:57:55] <박하맛_ (dudeoji07)> 사격속도 거의 반이나 증가하는거라
[2021-12-11 00:58:01] <%회색태양 (graysun4)> ㅋㅋㅋㅋㅋ
[2021-12-11 00:58:07] <%인지생랄 (poii0924)> ㅋㅋㅋㅋㅋㅋㅋㅋㅋ
[2021-12-11 00:58:08] <%회색태양 (graysun4)> 전전여친...
[2021-12-11 00:58:08] <박하맛_ (dudeoji07)> 어째서... 눈물이...?
[2021-12-11 00:58:09] <4bdr> 방금 전용각인..
[2021-12-11 00:58:11] <%곰마곰 (jij1102)> 킹님 가속관문때매 무빙을 못하시네
[2021-12-11 00:58:21] <똘똘복 (details33)> 딜은 진짜 찢어진다
[2021-12-11 00:58:22] <강제영창 (98gusxo)> 빛검이 필드정리 진짜 좋다
[2021-12-11 00:58:24] <%여기레옹 (soskorea9)> E스킬 쿨타임 줄여주는 특성나오면 개꿀이겠네
[2021-12-11 00:58:42] <박하맛_ (dudeoji07)> 맞아요
[2021-12-11 00:58:47] <%회색태양 (graysun4)> 쟤 등짝이 약점이에요
[2021-12-11 00:59:15] <박하맛_ (dudeoji07)> 등에 x자 표시가 있어요
[2021-12-11 00:59:17] <짜구리 (jjagury)> 히히 등짝을 보자
[2021-12-11 00:59:56] <뚜룻뚜빠랍빠 (tonystark0508)> ㅋㅋㅋㅋㅋㅋㅋㅋ
[2021-12-11 00:59:58] <메론맛보틀 (oxalis28)> ㅋㅋㅋㅋㅋㅋㅋㅋㅋ
[2021-12-11 01:00:29] <@^Nightbot> @똘킹 -> A 180s commercial has been started.
[2021-12-11 01:00:55] <박하맛_ (dudeoji07)> ㅅㅅ
[2021-12-11 01:01:01] <짜구리 (jjagury)> 데미지 ㄷㄷ
[2021-12-11 01:01:09] <4bdr> 자기장 땅에 대고 쏘실 필요 없어요
[2021-12-11 01:01:27] <%여기레옹 (soskorea9)> 선제공격 특성은 없나
[2021-12-11 01:01:33] <시청자181 (dankal05539)> 실드도 슬슬 챙겨야
[2021-12-11 01:01:33] <appleben02> 22
[2021-12-11 01:01:47] <박하맛_ (dudeoji07)> 아래에 있어요
[2021-12-11 01:01:56] <죽음을다스리는자 (ksu1086)> 돈쓸일이없어서?
[2021-12-11 01:02:03] <%ccne3> 1
[2021-12-11 01:02:04] <보노멜린 (bonomellie)> 자기장 효과 뭐예요?
[2021-12-11 01:02:06] <박하맛_ (dudeoji07)> 네
[2021-12-11 01:02:10] <짜구리 (jjagury)> 리세?
[2021-12-11 01:02:15] <%ccne3> 네
[2021-12-11 01:02:15] <박하맛_ (dudeoji07)> 리셋 ㄱㄱ
[2021-12-11 01:02:16] <똘똘복 (details33)> 리롤 ㅋㅋ
[2021-12-11 01:02:20] <박하맛_ (dudeoji07)> e에 쉴드 차서
[2021-12-11 01:02:24] <appleben02> 원하시는대로
[2021-12-11 01:02:25] <짜구리 (jjagury)> 아 갓챠는 못참지 ㅋㅋ
[2021-12-11 01:02:34] <박하맛_ (dudeoji07)> 계단쪽
[2021-12-11 01:02:53] <시청자181 (dankal05539)> 딜터진다ㅋㅋㅋ
[2021-12-11 01:03:24] Viewerstats (00:35-01:03): avg:614 min:604 max:630 [15/615+10+0-10+0-9+0+24+0-26+0+0+7+0+0]
[2021-12-11 01:03:57] <똘똘복 (details33)> 와우
[2021-12-11 01:04:03] <+건즈로드 (gunslord2)> ????
[2021-12-11 01:04:52] <박하맛_ (dudeoji07)> 클`
[2021-12-11 01:05:03] <박하맛_ (dudeoji07)> ㅇㅈ
[2021-12-11 01:05:17] <짜구리 (jjagury)> ㄲㅂ
[2021-12-11 01:05:25] <똘똘복 (details33)> 총알이 복사가 된다구
[2021-12-11 01:05:30] <4bdr> 영혼도 주으셨으니 이득
[2021-12-11 01:05:39] <%여기레옹 (soskorea9)> 2트 3방컷
[2021-12-11 01:05:41] <%여기레옹 (soskorea9)> ㄱㄱ
[2021-12-11 01:05:53] <똘똘복 (details33)> 보오스
[2021-12-11 01:06:11] <박하맛_ (dudeoji07)> 가까이 가서
[2021-12-11 01:06:18] <짜구리 (jjagury)> 헉
[2021-12-11 01:06:18] <%여기레옹 (soskorea9)> ?????
[2021-12-11 01:06:20] <똘똘복 (details33)> 갔다
[2021-12-11 01:06:20] <appleben02> ??
[2021-12-11 01:06:22] <박하맛_ (dudeoji07)> 회전방향과 반대로
[2021-12-11 01:06:23] <%회색태양 (graysun4)> 어라?
[2021-12-11 01:06:23] <메론맛보틀 (oxalis28)> ㅋㅋㅋㅋㅋㅋㅋㅋ
[2021-12-11 01:06:25] <%여기레옹 (soskorea9)> ???????????
[2021-12-11 01:06:26] <짜구리 (jjagury)> ?????
[2021-12-11 01:06:29] <체셔교수 (professorches)> ㅋㅋㅋㅋㅋㅋㅋㅋㅋㅋㅋㅋㅋ
[2021-12-11 01:06:30] <%회색태양 (graysun4)> 총이 너무 좋으면....
[2021-12-11 01:06:30] <%하이곤 (gksel1234)> 이걸못깨네
[2021-12-11 01:06:31] <불편하면자세를고치자 (molyjelly)> ㅋㅋㅋㅋㅋㅋ
[2021-12-11 01:06:32] <박하맛_ (dudeoji07)> 가까이 가서 회전방향과 반대로...
[2021-12-11 01:06:34] <책읽기좋은시간 (ilikenovel)> 대쉬무적아니에요
[2021-12-11 01:06:37] <%ccne3> 반대로가야함
[2021-12-11 01:06:38] <$상냥한악마 (erendina)> ??: x밥이자나
[2021-12-11 01:06:45] <appleben02> 그러게요
[2021-12-11 01:06:48] <체셔교수 (professorches)> 아깐 대쉬 3번이어서 그런거 같아요
[2021-12-11 01:06:54] <%ccne3> 그땐 3대쉬
[2021-12-11 01:06:56] <책읽기좋은시간 (ilikenovel)> 피한게아니라 방어때문에 피가 덜단거
[2021-12-11 01:06:59] <박하맛_ (dudeoji07)> 멀리가있으면 그만큼 회전 길이가 늘어나서 피하기 힘들어요
[2021-12-11 01:07:11] <appleben02> 체력 올리죠 이제
[2021-12-11 01:07:24] <박하맛_ (dudeoji07)> 그래도 점점 좋아지네요
[2021-12-11 01:07:29] <죽음을다스리는자 (ksu1086)> 나중에 친구 모아서 해보시죠
[2021-12-11 01:07:33] <%회색태양 (graysun4)> 뽕맛을 너무 보셨어 ㅋㅋㅋㅋ
[2021-12-11 01:07:38] <dkemf02> 담엔 시참하쉴?
[2021-12-11 01:07:38] <%+_시아님_ (siasia160)> 굿굿
[2021-12-11 01:07:42] <appleben02> 똘바?
[2021-12-11 01:07:44] <박하맛_ (dudeoji07)> ㄹㅇ;
[2021-12-11 01:07:51] <짜구리 (jjagury)> 극딜 제이스 뽕맛 아쉽다
[2021-12-11 01:07:53] <죽음을다스리는자 (ksu1086)> 지누님도 이게임 좋아하시던데
[2021-12-11 01:07:56] <박하맛_ (dudeoji07)> 도감보시면 몬스터 약점 나와있을거에요
[2021-12-11 01:08:25] <완자김밥 (scarytajoal)> 대쉬3번이 사기였던것 ㅋㅋ
[2021-12-11 01:08:29] <박하맛_ (dudeoji07)> ㄹㅇ버스 ㅋㅋㅋㅋ
[2021-12-11 01:08:36] <11prime> 응원단장 똘킹
[2021-12-11 01:08:37] <%sealdance97> ddolkingSugo ddolkingSugo ddolkingSugo ddolkingSugo ddolkingSugo
[2021-12-11 01:08:38] <똘메타_연구원 (frozen_quinn)> 시참해서 레벨작하죠?
[2021-12-11 01:08:39] <%ccne3> 절대노
[2021-12-11 01:08:40] <%내친구는바보야 (qnrpwjd9)> ㅋㅋㅋ
[2021-12-11 01:08:43] <차오쮸 (jjusin52)> 트수를 과대평가 하지말라구
[2021-12-11 01:08:43] <누룽지___ (cms3564)> 노가다만?
[2021-12-11 01:08:45] <박하맛_ (dudeoji07)> 맞아요, 처음엔 기사있는게 편해요
[2021-12-11 01:08:47] <짜구리 (jjagury)> 레벨작만?
[2021-12-11 01:08:47] <%회색태양 (graysun4)> 멀티난이도되서 그리 쉽진않을껄요
[2021-12-11 01:08:53] <짜구리 (jjagury)> 벅벅
[2021-12-11 01:08:58] <%sealdance97> 해줘
[2021-12-11 01:08:58] <dealwithit555> 그러면 케릭터도 해금하고
[2021-12-11 01:09:04] <%ccne3> 차이가 많이는 안나요
[2021-12-11 01:09:05] <누룽지___ (cms3564)> 저 잘할자신있습니다
[2021-12-11 01:09:26] <%+_시아님_ (siasia160)> 똘킹님 플스 아직 있나요?
[2021-12-11 01:09:27] <완자김밥 (scarytajoal)> 스크롤 몰아주기 가능 ㅋㅋ
[2021-12-11 01:09:29] <짜구리 (jjagury)> 난이도 올라가는거보다 고인물이 더 쎌거 같긴함 ㅋㅋ
[2021-12-11 01:09:43] <%내친구는바보야 (qnrpwjd9)> 굿
[2021-12-11 01:09:46] <~%똘킹 (ddolking555)> ddolkingSugo ddolkingSugo ddolkingSugo
[2021-12-11 01:09:47] <박하맛_ (dudeoji07)> 똘바~
[2021-12-11 01:09:48] <%스컬피쉬 (hagorim)> ddolkingSugo ddolkingSugo ddolkingSugo
[2021-12-11 01:09:48] <썬더라니 (jjung12)> 똘바
[2021-12-11 01:09:49] <%회색태양 (graysun4)> ddolkingSugo ddolkingSugo
[2021-12-11 01:09:50] <명시되지않았습니다 (dilon801)> ㅅㄱ!
[2021-12-11 01:09:50] <$알보칠맛사탕 (kdh1994)> ㅅㄱ!
[2021-12-11 01:09:50] <%sealdance97> ddolkingSugo ddolkingSugo ddolkingSugo
[2021-12-11 01:09:51] <11prime> ㅅㄱ~
[2021-12-11 01:09:51] <%내친구는바보야 (qnrpwjd9)> 수고하셨어요
[2021-12-11 01:09:51] <짜구리 (jjagury)> ㅅㄱ!
[2021-12-11 01:09:52] <누룽지___ (cms3564)> 수고!
[2021-12-11 01:09:52] <%럭클리 (luckly6)> ddolkingSugo ddolkingSugo
[2021-12-11 01:09:53] <%찐이야_ (dlwlsgks431)> ddolkingSugo ddolkingSugo ddolkingSugo ddolkingSugo ddolkingSugo
[2021-12-11 01:09:53] <슬비는귀여워 (tjrqhddkshfwk)> 수고!
[2021-12-11 01:09:54] <지농쓰 (sddmjn4)> ㅅㄱ!
[2021-12-11 01:09:56] <chs8714> ㅅㄱ!
[2021-12-11 01:09:58] <%ccne3> ddolkingSugo ddolkingSugo ddolkingSugo ddolkingSugo ddolkingSugo
[2021-12-11 01:10:00] <2nde2dn> ddolkingSugo
[2021-12-11 01:10:03] <홍동현123 (tkdwkdgoal)> ㅅㄱ
[2021-12-11 01:10:03] <%밈듀 (mindole94)> 오늘도 재밋었어요
[2021-12-11 01:10:05] <$코파이 (wjswhdgh2002)> ㅅㄱ!
[2021-12-11 01:10:06] <%내친구는바보야 (qnrpwjd9)> ddolkingSugo
[2021-12-11 01:10:06] <%밈듀 (mindole94)> ddolkingSugo ddolkingSugo ddolkingSugo
[2021-12-11 01:10:07] <뚜룻뚜빠랍빠 (tonystark0508)> ㅅㄱ!
[2021-12-11 01:10:13] <%밈듀 (mindole94)> 주말뱅 기원 1분차
[2021-12-11 01:10:15] <에이스사가_ (lhc1206)> ㅅㄱ
[2021-12-11 01:10:21] [Info] Now hosting 에렌디라.
[2021-12-11 01:12:05] ~Stream offline~
[2021-12-11 01:20:16] You have left #ddolking555
[2021-12-11 01:20:16] Viewerstats (01:05-01:09): avg:603 min:599 max:611 [3/611-12+0_]
# Log closed: 2021-12-11 01:20:16 +0900
-
