# Log started: 2021-12-10 21:54:37 +0900
[2021-12-10 21:54:37] #dlffpdlwp 채널 입장 중입니다
[2021-12-10 21:54:37] #dlffpdlwp 채널에 입장했습니다
[2021-12-10 21:54:37] ~크리스마스 정말 기대안된다 (Just Chatting)~
[2021-12-10 21:55:10] <%gazel913> 개어려워 ㅋㅋㅋㅋ
[2021-12-10 21:55:41] <노브리 (noblesse_kr)> 산타 가죽을 벗겨서 입고계시넹
[2021-12-10 21:56:26] <노브리 (noblesse_kr)> 이걸 어케 해..
[2021-12-10 21:56:30] <%gazel913> ㅋ
[2021-12-10 21:56:36] <%언제나라강의구멍난스타킹 (antogul)> 삐빅 정상입니다
[2021-12-10 21:57:36] <김캄파 (gim_campa)> ㄲㅂ
[2021-12-10 21:57:46] <%gazel913> 못깨고 가겠구만 ㅎ
[2021-12-10 21:58:18] <%언제나라강의구멍난스타킹 (antogul)> ㅋㅋㅋㅋㅋ
[2021-12-10 21:58:19] <@^싹둑 (ssakdook)> ㅋㅋㅋㅋㅋ
[2021-12-10 21:58:24] <%언제나라강의구멍난스타킹 (antogul)> 응 안돼 돌아가
[2021-12-10 21:59:29] <김캄파 (gim_campa)> 아 이걸 ㅋㅋㅋ
[2021-12-10 21:59:29] <%gazel913> 캬
[2021-12-10 21:59:33] <%gazel913> 어려운거 다 지나고
[2021-12-10 21:59:35] <%언제나라강의구멍난스타킹 (antogul)> 집가라는 계시죠
[2021-12-10 21:59:37] <%gazel913> 아
[2021-12-10 21:59:40] <%gazel913> 세이브 에반데
[2021-12-10 21:59:40] <김캄파 (gim_campa)> 유종의 미를 못거뒀네
[2021-12-10 21:59:55] <sich7> ResidentSleeper
[2021-12-10 22:00:15] <%언제나라강의구멍난스타킹 (antogul)> 퉷
[2021-12-10 22:00:17] <%gazel913> 쳇
[2021-12-10 22:00:18] <%리겐 (kkhkk25)> 라하
[2021-12-10 22:00:18] <@^싹둑 (ssakdook)> 라하~ (라강 하이라는 뜻)
[2021-12-10 22:00:23] <%언제나라강의구멍난스타킹 (antogul)> 못깨고 가야했는데
[2021-12-10 22:00:37] <%지르놈 (zir_0016)> 자 이제 발로 깨고 가시면됩니다
[2021-12-10 22:00:57] <비싸기만함 (mymy4372)> ㅋㅋㅋ
[2021-12-10 22:01:43] <@^싹둑 (ssakdook)> 라강의 인스타그램 : https://www.instagram.com/ra_kang_cosplay
[2021-12-10 22:02:43] <%gazel913> ㅋㅋㅋㅋㅋㅋㅋㅋㅋㅋ
[2021-12-10 22:02:47] <용자동방선생 (donghoun86)> ㅋㅋㅋㅋㅋㅋㅋㅋ
[2021-12-10 22:02:51] <%언제나라강의구멍난스타킹 (antogul)> HahaPoint HahaPoint HahaPoint HahaPoint HahaPoint
[2021-12-10 22:02:54] <김캄파 (gim_campa)> 아쟁총각 ㄷㄷㄷ
[2021-12-10 22:02:57] <%언제나라강의구멍난스타킹 (antogul)> 아랫집 올라온다
[2021-12-10 22:02:59] <%언제나라강의구멍난스타킹 (antogul)> dlffpdBonoblack dlffpdBonoblack dlffpdBonoblack
[2021-12-10 22:03:11] <%gazel913> 광기
[2021-12-10 22:03:22] <용자동방선생 (donghoun86)> 이것이 고막파괴술인가
[2021-12-10 22:03:23] <지갑털린카노니컬 (resefe92)> 귀아파...
[2021-12-10 22:03:41] <김캄파 (gim_campa)> 그러게 잘하지 그랬어
[2021-12-10 22:03:47] <김캄파 (gim_campa)> 낄낄
[2021-12-10 22:08:05] <김캄파 (gim_campa)> 오 빡집중했네
[2021-12-10 22:08:09] <김캄파 (gim_campa)> ㅋㅋㅋㅋㅋㅋㅋㅋㅋㅋㅋㅋ
[2021-12-10 22:09:35] <김캄파 (gim_campa)> 허허 언제 깨십니까 선생님
[2021-12-10 22:09:52] <김캄파 (gim_campa)> 튜토리얼을 소홀히 한 대가
[2021-12-10 22:12:17] <노브리 (noblesse_kr)> 혼이 나가셨네
[2021-12-10 22:13:34] <용자동방선생 (donghoun86)> 퇴근 못하겠네
[2021-12-10 22:13:57] <절_오빠 (gun_224)> 글럿다 ㅋㅋㅋㅋ
[2021-12-10 22:14:32] <절_오빠 (gun_224)> ?????
[2021-12-10 22:15:04] <%언제나라강의구멍난스타킹 (antogul)> dlffpdDoraemon1 dlffpdDoraemon1 dlffpdDoraemon1 dlffpdDoraemon1
[2021-12-10 22:15:08] <김캄파 (gim_campa)> 고생했다
[2021-12-10 22:15:22] <김캄파 (gim_campa)> 이제 배속해야지 ^^
[2021-12-10 22:15:22] <용자동방선생 (donghoun86)> ㅋㅋㅋㅋ
[2021-12-10 22:15:25] <%언제나라강의구멍난스타킹 (antogul)> 켠왕각이였는데
[2021-12-10 22:15:28] <%언제나라강의구멍난스타킹 (antogul)> 까비...
[2021-12-10 22:15:28] <@^싹둑 (ssakdook)> [팁] 라강을 팔로우를 하면 화질이 좀 더 좋아질수도...?
[2021-12-10 22:15:46] <%지르놈 (zir_0016)> 발뻗고 자려면 발로해야지
[2021-12-10 22:15:54] <김캄파 (gim_campa)> 배속들 목표치만큼 깨야 3번째 곡 나옴
[2021-12-10 22:17:18] <용자동방선생 (donghoun86)> 밑장 빼는거임?
[2021-12-10 22:17:18] <%언제나라강의구멍난스타킹 (antogul)> ㅋㅋㅋㅋㅋ
[2021-12-10 22:17:19] <@^싹둑 (ssakdook)> ㅋㅋㅋㅋㅋ
[2021-12-10 22:17:54] <용자동방선생 (donghoun86)> ㅋㅋㅋㅋㅋ
[2021-12-10 22:17:55] <@^싹둑 (ssakdook)> ㅋㅋㅋㅋㅋ
[2021-12-10 22:18:32] <%에링따응 (shlove0306)> 외 손으로 하고잇어
[2021-12-10 22:18:45] <%에링따응 (shlove0306)> 쫄?
[2021-12-10 22:18:55] <%에링따응 (shlove0306)> ㅋㅋㅋㅋ
[2021-12-10 22:18:56] <용자동방선생 (donghoun86)> 라바
[2021-12-10 22:18:57] <@^싹둑 (ssakdook)> 라바~ (라강 바이라는 뜻)
[2021-12-10 22:19:16] <%gazel913> 라바
[2021-12-10 22:19:17] <%지르놈 (zir_0016)> ㅂㅂ
[2021-12-10 22:19:18] <@^싹둑 (ssakdook)> 라바~ (라강 바이라는 뜻)
[2021-12-10 22:19:20] <절_오빠 (gun_224)> ㅃㅃ~
[2021-12-10 22:19:24] <%에링따응 (shlove0306)> 기왕한게
[2021-12-10 22:19:28] <%에링따응 (shlove0306)> 2시간만더하자
[2021-12-10 22:19:29] <%언제나라강의구멍난스타킹 (antogul)> 라바
[2021-12-10 22:19:30] <%에링따응 (shlove0306)> 아
[2021-12-10 22:19:30] <@^싹둑 (ssakdook)> 라바~ (라강 바이라는 뜻)
[2021-12-10 22:19:51] <腿王 (m6882590)> Bye
[2021-12-10 22:20:56] <@^싹둑 (ssakdook)> 라강의 인스타그램 : https://www.instagram.com/ra_kang_cosplay
[2021-12-10 22:21:35] ~Stream offline~
[2021-12-10 22:22:49] You have left #dlffpdlwp
[2021-12-10 22:22:49] Viewerstats (21:54-22:18): avg:43 min:41 max:46 [14/46+0+0-5+0+2+0+1+0-3+1+0+2+0_]
# Log closed: 2021-12-10 22:22:49 +0900
-
