# Log started: 2021-12-10 21:59:53 +0900
[2021-12-10 21:59:53] #flowergam0326 채널 입장 중입니다
[2021-12-10 21:59:53] #flowergam0326 채널에 입장했습니다
[2021-12-10 21:59:53] <@%머진강호 (gangho1999)> 안돼네
[2021-12-10 21:59:53] ~[V] sing ♡✧( ु•⌄• ) (Just Chatting)~
[2021-12-10 21:59:56] <%4_원소 (4elementar)> 오
[2021-12-10 21:59:57] <%카론カロン (k_karon)> 오
[2021-12-10 22:00:02] <%4_원소 (4elementar)> ㄴㅇㅅ
[2021-12-10 22:00:03] <제이감귤 (jtmjeremy)> 꽃히
[2021-12-10 22:00:04] <%카론カロン (k_karon)> flower0326Nice flower0326Nice
[2021-12-10 22:00:05] <제이감귤 (jtmjeremy)> 꽃하
[2021-12-10 22:00:06] <@^싹둑 (ssakdook)> 제이감귤 님 트하 ♥ flower39Gamhi
[2021-12-10 22:00:13] <크라임보스 (pastjer)> 꽃하
[2021-12-10 22:00:18] <%4_원소 (4elementar)> ㅋㅋㅋㅋㅋㅋㅋㅋ
[2021-12-10 22:00:20] <%카론カロン (k_karon)> ㅋㅋㅋㅋㅋㅋㅋ
[2021-12-10 22:00:20] <quq12312> 꽃하
[2021-12-10 22:00:21] <크라임보스 (pastjer)> ㅋㅋㅋㅋㅋㅋㅋㅋㅋㅋ
[2021-12-10 22:00:22] <@^싹둑 (ssakdook)> quq12312 님 트하 ♥ flower39Gamhi
[2021-12-10 22:00:24] <%jamalee> ㅋㅋㅋㅋㅋㅋㅋㅋㅋ
[2021-12-10 22:00:31] <그리무아르 (wert12946)> 오 저 미션 걸었는데 가능한가요??
[2021-12-10 22:00:41] <quq12312> 팔로우!
[2021-12-10 22:00:41] <그리무아르 (wert12946)> ㅋㅋㅋ
[2021-12-10 22:00:43] <@^싹둑 (ssakdook)> ♥ 팔로우 해주세요 ♥
[2021-12-10 22:00:43] <%4_원소 (4elementar)> ㅋㅋㅋㅋㅋㅋ
[2021-12-10 22:01:07] <%4_원소 (4elementar)> ㅋㅋㅋㅋㅋㅋㅋㅋㅋ
[2021-12-10 22:01:11] <violetvia0308> !팔로우
[2021-12-10 22:01:12] <@^싹둑 (ssakdook)> 그런거 없다 그냥 팔로우해라
[2021-12-10 22:01:14] <%카론カロン (k_karon)> ㅋㅋㅋ
[2021-12-10 22:01:23] <%담현__ (damhyeon742)> ㅋㅋㅋㅋ
[2021-12-10 22:01:23] <마미타 (gnaslip56)> ㅋㅋㅋㅋㅋㅋㅋ
[2021-12-10 22:01:24] <violetvia0308> ㅋㅋㅋㅋㅋ
[2021-12-10 22:01:25] <그리무아르 (wert12946)> 방플은 안하죵 ㅋㅋ
[2021-12-10 22:01:25] <quq12312> 업타임!
[2021-12-10 22:01:26] <신판식 (shin_pandol)> ㅋㅋㅋ
[2021-12-10 22:01:30] <크라임보스 (pastjer)> ㅋㅋㅋㅋ
[2021-12-10 22:01:30] <델헌 (delheon1253)> 꽃하
[2021-12-10 22:01:31] <@^싹둑 (ssakdook)> 델헌 님 트하 ♥ flower39Gamhi
[2021-12-10 22:01:31] <%4_원소 (4elementar)> 10마넌이면 킹정이지 ㅋㅋ
[2021-12-10 22:01:38] <그리무아르 (wert12946)> 아 15일 기다리세요
[2021-12-10 22:01:47] <그리무아르 (wert12946)> 그낭 월급 80이에요
[2021-12-10 22:02:07] <그리무아르 (wert12946)> 라구할뻔~~
[2021-12-10 22:02:21] <%4_원소 (4elementar)> ㄷㄷ
[2021-12-10 22:02:26] <그리무아르 (wert12946)> 미션만 걸어야징
[2021-12-10 22:02:51] <%4_원소 (4elementar)> ㄴㅇㅅ
[2021-12-10 22:02:54] <%카론カロン (k_karon)> ㄴㅇㅅ
[2021-12-10 22:02:57] <%hershey0914> ㄴㅇㅅ
[2021-12-10 22:03:02] <%하루_하루__ (ha_r_u)> 글쎄요
[2021-12-10 22:03:06] <%하루_하루__ (ha_r_u)> 트수도 몰?루
[2021-12-10 22:03:08] <%강서구_노예트수 (nicholas06122)> 꽃하
[2021-12-10 22:03:09] <@^싹둑 (ssakdook)> 강서구_노예트수 님 트하 ♥ flower39Gamhi
[2021-12-10 22:03:20] <%4_원소 (4elementar)> ㅋㅋㅋㅋㅋㅋㅋ
[2021-12-10 22:03:21] <꽃들만보는자 (emblem32)> 꽃하
[2021-12-10 22:03:24] <%_로어_ (asj055148)> ㅋㅋㅋㅋㅋㅋㅋㅋㅋ
[2021-12-10 22:03:24] <@^싹둑 (ssakdook)> 꽃들만보는자 님 트하 ♥ flower39Gamhi
[2021-12-10 22:03:24] <그리무아르 (wert12946)> 라떼?
[2021-12-10 22:03:38] <%하루_하루__ (ha_r_u)> ㅋㅋㅋㅋㅋㅋㅋㅋㅋㅋㅋ
[2021-12-10 22:03:39] <%강서구_노예트수 (nicholas06122)> !멤버
[2021-12-10 22:03:40] <@^싹둑 (ssakdook)> 가이코 연다 포요 단즈
[2021-12-10 22:03:45] <%4_원소 (4elementar)> ㅋㅋㅋㅋㅋㅋㅋㅋㅋ
[2021-12-10 22:03:46] <%카론カロン (k_karon)> ㅋㅋㅋㅋㅋㅋㅋ
[2021-12-10 22:03:47] <%하루_하루__ (ha_r_u)> ㅋㅋㅋㅋㅋㅋㅋㅋㅋ
[2021-12-10 22:03:59] <도안임 (doan_im)> ㅋㅋㅋㅋㅋㅋㅋㅋ
[2021-12-10 22:03:59] <%강서구_노예트수 (nicholas06122)> ㅋㅋㅋㅋㅋㅋㅋㅋㅋ
[2021-12-10 22:04:10] <@%머진강호 (gangho1999)> 갓데드 입니다.
[2021-12-10 22:04:13] <%하루_하루__ (ha_r_u)> 세이지도 좀 치는데?
[2021-12-10 22:04:14] <%4_원소 (4elementar)> ㄲㅂ
[2021-12-10 22:04:22] <%4_원소 (4elementar)> ㅋㅋㅋㅋㅋㅋㅋ
[2021-12-10 22:04:23] <%하루_하루__ (ha_r_u)> ㅋㅋㅋㅋㅋㅋㅋㅋㅋㅋㅋㅋㅋㅋㅋㅋ
[2021-12-10 22:04:23] <%카론カロン (k_karon)> ㅋㅋㅋㅋ
[2021-12-10 22:04:35] <%강서구_노예트수 (nicholas06122)> ㅋㅋㅋㅋㅋㅋㅋㅋㅋㅋㅋㅋㅋㅋ
[2021-12-10 22:04:39] <그리무아르 (wert12946)> 감님은 아침에 핫초코 드시지 않나?
[2021-12-10 22:04:40] <%4_원소 (4elementar)> ㅋㅋㅋㅋㅋㅋㅋㅋㅋㅋ
[2021-12-10 22:04:41] <여리여리하미 (ghkdwoals7)> 꽃하
[2021-12-10 22:04:42] <@^싹둑 (ssakdook)> 여리여리하미 님 트하 ♥ flower39Gamhi
[2021-12-10 22:04:43] <%카론カロン (k_karon)> ㅋㅋㅋㅋㅋ
[2021-12-10 22:04:52] <%4_원소 (4elementar)> ㅋㅋㅋㅋㅋㅋㅋㅋㅋㅋㅋㅋ
[2021-12-10 22:04:53] <척접박사동섹가 (alcudy428)> 변명거리...
[2021-12-10 22:04:53] <%강서구_노예트수 (nicholas06122)> ㅋㅋㅋㅋㅋㅋ
[2021-12-10 22:04:53] <마이너901 (taehyun901)> 꽃하
[2021-12-10 22:04:54] <%하루_하루__ (ha_r_u)> 남탓
[2021-12-10 22:04:54] <@^싹둑 (ssakdook)> 마이너901 님 트하 ♥ flower39Gamhi
[2021-12-10 22:04:54] <%카론カロン (k_karon)> ㅋㅋㅋㅋㅋㅋㅋㅋㅋㅋ
[2021-12-10 22:04:56] <%하루_하루__ (ha_r_u)> ㅋㅋㅋㅋㅋㅋㅋ
[2021-12-10 22:05:02] <%hershey0914> ㅋㅋㅋㅋㅋㅋㅋㅋ
[2021-12-10 22:05:04] <%강서구_노예트수 (nicholas06122)> ㅋㅋㅋㅋㅋㅋㅋㅋㅋㅋㅋㅋㅋㅋㅋㅋㅋ
[2021-12-10 22:05:04] <%하루_하루__ (ha_r_u)> ?
[2021-12-10 22:05:06] <%4_원소 (4elementar)> ㄷㄷ
[2021-12-10 22:05:16] <%카론カロン (k_karon)> ㄷㄷ
[2021-12-10 22:05:17] <그리무아르 (wert12946)> 샷건에 죽으면 저는 곡예사 부르는뎁
[2021-12-10 22:05:17] <%4_원소 (4elementar)> ㅋㅋㅋㅋㅋㅋㅋㅋ
[2021-12-10 22:05:18] <%하루_하루__ (ha_r_u)> ???
[2021-12-10 22:05:20] <%하루_하루__ (ha_r_u)> ㅋㅋㅋㅋㅋㅋㅋㅋㅋㅋㅋ
[2021-12-10 22:05:21] <%카론カロン (k_karon)> ㅋㅋㅋ
[2021-12-10 22:05:21] <%에임미스 (ams0127)> ㅋㅋㅋㅋㅋㅋ
[2021-12-10 22:05:32] <TmDdN1206> 야발ㅋㅋ
[2021-12-10 22:05:32] <제이감귤 (jtmjeremy)> ㅋㅋㅋ;
[2021-12-10 22:05:58] <%하루_하루__ (ha_r_u)> ㄴㅇㅅ
[2021-12-10 22:06:11] <그리무아르 (wert12946)> 오히려 잡은게 독이 댔는뎅?
[2021-12-10 22:06:16] <그리무아르 (wert12946)> 둔화땜에
[2021-12-10 22:06:17] <%4_원소 (4elementar)> ㅋㅋㅋㅋㅋㅋㅋ
[2021-12-10 22:06:22] <%하루_하루__ (ha_r_u)> ㅋㅋㅋㅋㅋㅋㅋㅋㅋㅋㅋㅋㅋㅋㅋㅋㅋㅋ
[2021-12-10 22:06:24] <크라임보스 (pastjer)> ㅋㅋㅋㅋㅋㅋㅋㅋㅋㅋㅋㅋㅋㅋ
[2021-12-10 22:06:27] <%_봉빙 (bongbing_0514)> 꽃하
[2021-12-10 22:06:27] <트위치도글스 (ehrmftm)> 꽃하
[2021-12-10 22:06:27] <@^싹둑 (ssakdook)> _봉빙 님 트하 ♥ flower39Gamhi
[2021-12-10 22:06:34] <%하루_하루__ (ha_r_u)> 힐없?어
[2021-12-10 22:06:48] <그리무아르 (wert12946)> 그러고보니 레이나가 모기니까
[2021-12-10 22:06:52] <그리무아르 (wert12946)> 모기꽃감?
[2021-12-10 22:07:02] <%4_원소 (4elementar)> ㄲㅂ
[2021-12-10 22:07:03] <제이감귤 (jtmjeremy)> 와
[2021-12-10 22:07:04] <%하루_하루__ (ha_r_u)> 아
[2021-12-10 22:07:04] <%에임미스 (ams0127)> ㄲㅂ
[2021-12-10 22:07:05] <%카론カロン (k_karon)> ㄲ
[2021-12-10 22:07:07] <제이감귤 (jtmjeremy)> ㄲㅂ
[2021-12-10 22:07:09] <%4_원소 (4elementar)> ㅋㅋㅋㅋㅋㅋㅋㅋ
[2021-12-10 22:07:10] <%카론カロン (k_karon)> 까빙
[2021-12-10 22:07:10] <shadow2345poi> ㄲㅂ
[2021-12-10 22:07:11] <%에임미스 (ams0127)> ㅋㅋㅋㅋㅋㅋㅋㅋㅋ
[2021-12-10 22:07:12] <제이감귤 (jtmjeremy)> ㅋㅋㅋㅋㅋㅋ
[2021-12-10 22:07:14] <%카론カロン (k_karon)> ㅋㅋㅋㅋ
[2021-12-10 22:07:16] <%하루_하루__ (ha_r_u)> ㅋㅋㅋㅋㅋㅋㅋㅋㅋㅋㅋ
[2021-12-10 22:07:19] <%4_원소 (4elementar)> 와
[2021-12-10 22:07:28] <그리무아르 (wert12946)> 데드님이 정치 당하시네 ㅋㅋ
[2021-12-10 22:07:30] <%$black1_21> ㅋㅋㅋㅋㅋㅋㅋ
[2021-12-10 22:07:31] <%4_원소 (4elementar)> ㅋㅋㅋㅋㅋㅋㅋ
[2021-12-10 22:07:32] <%카론カロン (k_karon)> ㅋㅋㅋㅋㅋ
[2021-12-10 22:07:35] <제이감귤 (jtmjeremy)> 정치 지리네
[2021-12-10 22:07:36] <제이감귤 (jtmjeremy)> ㅋㅋㅋㅋㅋㅋㅋㅋㅋㅋㅋㅋㅋㅋㅋㅋㅋㅋㅋㅋㅋㅋㅋㅋ
[2021-12-10 22:07:43] <%하루_하루__ (ha_r_u)> ㅋㅋㅋㅋㅋㅋㅋㅋ
[2021-12-10 22:07:46] <%4_원소 (4elementar)> 엌
[2021-12-10 22:07:49] <%하루_하루__ (ha_r_u)> ㅋㅋㅋㅋㅋㅋㅋㅋㅋㅋㅋㅋ
[2021-12-10 22:07:51] <%카론カロン (k_karon)> ㅋㅋㅋㅋㅋㅋㅋㅋㅋ
[2021-12-10 22:07:52] <%4_원소 (4elementar)> ㅋㅋㅋㅋㅋㅋㅋㅋㅋ
[2021-12-10 22:07:55] <violetvia0308> ㅋㅋㅋㅋㅋㅋㅋㅋㅋ
[2021-12-10 22:07:56] <%하루_하루__ (ha_r_u)> ㅋㅋㅋㅋㅋㅋㅋㅋㅋㅋㅋㅋㅋㅋ
[2021-12-10 22:07:57] <%하루_하루__ (ha_r_u)> 오
[2021-12-10 22:07:57] <오_프 (dh_vm)> ㅋㅋㅋㅋㅋㅋㅋㅋㅋㅋㅋㅋㅋㅋㅋㅋㅋㅋ
[2021-12-10 22:07:58] <꽃들만보는자 (emblem32)> ㅋㅋㅋㅋㅋ
[2021-12-10 22:08:04] <%하루_하루__ (ha_r_u)> ㄲㅂ
[2021-12-10 22:08:13] <_기동 (kidong_92)> !티어
[2021-12-10 22:08:38] <%4_원소 (4elementar)> ㄴㅇㅅ
[2021-12-10 22:08:40] <%카론カロン (k_karon)> ㄴㅇㅅ
[2021-12-10 22:08:49] <@%머진강호 (gangho1999)> 다이아 1 입니다.
[2021-12-10 22:09:04] <espior_08> 오 잘하셔
[2021-12-10 22:09:12] <%4_원소 (4elementar)> ㅋㅋㅋㅋㅋㅋㅋㅋ
[2021-12-10 22:09:14] <%담현__ (damhyeon742)> ㅋㅋㅋㅋ
[2021-12-10 22:09:19] <%jamalee> ㅋㅋㅋㅋㅋㅋㅋㅋ
[2021-12-10 22:09:19] <%카론カロン (k_karon)> ㅋㅋ
[2021-12-10 22:09:39] <%4_원소 (4elementar)> ㅋㅋㅋㅋㅋㅋㅋㅋㅋㅋㅋ
[2021-12-10 22:09:39] <우진0124 (woojin10a)> !팔로우
[2021-12-10 22:09:40] <@^싹둑 (ssakdook)> 그런거 없다 그냥 팔로우해라
[2021-12-10 22:09:41] <%하루_하루__ (ha_r_u)> ㅋㅋㅋㅋㅋㅋㅋㅋㅋㅋㅋㅋㅋㅋㅋㅋㅋㅋ
[2021-12-10 22:09:42] <%카론カロン (k_karon)> ㅋㅋㅋㅋㅋ
[2021-12-10 22:09:43] <%하루_하루__ (ha_r_u)> ㅋㅋㅋㅋㅋㅋㅋㅋㅋㅋㅋㅋㅋㅋㅋㅋㅋㅋㅋㅋㅋㅋㅋㅋ
[2021-12-10 22:09:44] <%abcdefghijklmn1111> ㅋ
[2021-12-10 22:09:44] <%하루_하루__ (ha_r_u)> ㅋㅋㅋㅋㅋㅋㅋㅋㅋㅋㅋㅋㅋㅋㅋㅋ
[2021-12-10 22:09:45] <그리무아르 (wert12946)> 꽃감 다이아인데 레이나 들고 꼴등 노란이 되어..
[2021-12-10 22:09:47] <크라임보스 (pastjer)> 어케 살았누 ㅋㅋㅋㅋㅋ
[2021-12-10 22:09:48] <%하루_하루__ (ha_r_u)> ㅇ0ㅇ
[2021-12-10 22:09:48] <%4_원소 (4elementar)> 와우
[2021-12-10 22:09:51] [Notification] jamalee subscribed at Tier 1. They've subscribed for 2 months! [꽃감님 화이팅!]
[2021-12-10 22:09:56] <그리무아르 (wert12946)> 놀란
[2021-12-10 22:09:59] <goldhat1> 아파서 그래요
[2021-12-10 22:10:00] <%4_원소 (4elementar)> ㄴㅇㅅ
[2021-12-10 22:10:10] <espior_08> 웃으실때 왤캐 귀엽냐요ㅠ
[2021-12-10 22:10:22] <@^싹둑 (ssakdook)> ♥ 팔로우 해주세요 ♥
[2021-12-10 22:10:24] <%담현__ (damhyeon742)> ㄴㅋㅋㅋㅋㅋㅋ
[2021-12-10 22:10:24] <%jamalee> ㅋㅋㅋㅋㅋㅋㅋ
[2021-12-10 22:10:24] <%4_원소 (4elementar)> ?
[2021-12-10 22:10:25] <%abcdefghijklmn1111> ㅋㅋㅋㅋ ㅋㅋㅋㅋ
[2021-12-10 22:10:26] <%카론カロン (k_karon)> flower0326Eeee
[2021-12-10 22:10:27] <shadow2345poi> ?
[2021-12-10 22:10:27] <척접박사동섹가 (alcudy428)> ㅋㅋㅋㅋㅋㅋㅋ
[2021-12-10 22:10:28] <goldhat1> ??
[2021-12-10 22:10:30] <%wwgads> ?
[2021-12-10 22:10:31] <%jamalee> ??
[2021-12-10 22:10:32] <%카론カロン (k_karon)> ㅋㅋㅋㅋ
[2021-12-10 22:10:33] <%4_원소 (4elementar)> 헤드셋인데
[2021-12-10 22:10:35] <%jamalee> ㅋㅋㅋㅋㅋㅋㅋㅋㅋㅋ
[2021-12-10 22:10:36] <%4_원소 (4elementar)> ㅋㅋㅋㅋㅋ
[2021-12-10 22:10:38] <제이감귤 (jtmjeremy)> ㅋㅋㅋㅋㅋㅋㅋ
[2021-12-10 22:10:40] <그리무아르 (wert12946)> 와 지츠로 두개
[2021-12-10 22:10:41] <%leesungh0213> ㅋㅋㅋㅋㅋㅋㅋ
[2021-12-10 22:10:47] <그리무아르 (wert12946)> 지프로 2개
[2021-12-10 22:10:48] <%4_원소 (4elementar)> 엌
[2021-12-10 22:10:56] <%4_원소 (4elementar)> ㄷㄷ
[2021-12-10 22:10:56] <espior_08> 마우스ㅋㅋㅋ
[2021-12-10 22:10:56] <%담현__ (damhyeon742)> 오
[2021-12-10 22:10:57] <%jamalee> 오
[2021-12-10 22:10:58] <%하루_하루__ (ha_r_u)> ㅋㅋㅋㅋㅋㅋㅋㅋ
[2021-12-10 22:11:00] <%트리아__ (xmfldk11)> ㅋㅋㅋㅋ
[2021-12-10 22:11:05] <%4_원소 (4elementar)> 까까 ㅋㅋㅋㅋ
[2021-12-10 22:11:05] <Eunki1119> 꽃하
[2021-12-10 22:11:06] <@^싹둑 (ssakdook)> Eunki1119 님 트하 ♥ flower39Gamhi
[2021-12-10 22:11:06] <%하루_하루__ (ha_r_u)> 구구가가?
[2021-12-10 22:11:09] <그리무아르 (wert12946)> 머리에 로지텍 지츠로 2개 달고하시네 ㅋㅋ
[2021-12-10 22:11:10] <%하루_하루__ (ha_r_u)> ?
[2021-12-10 22:11:17] <그리무아르 (wert12946)> 지프로인데 자쑤 오타가..
[2021-12-10 22:11:25] <%4_원소 (4elementar)> ㄴㅇㅅ
[2021-12-10 22:11:45] <%4_원소 (4elementar)> ㅋㅋㅋㅋㅋㅋㅋㅋ
[2021-12-10 22:11:49] <%jamalee> ㅋㅋㅋㅋㅋㅋㅋㅋㅋ
[2021-12-10 22:11:49] <%카론カロン (k_karon)> ㅋㅋ
[2021-12-10 22:11:50] <%wwgads> ㅋㅋㅋㅋㅋㅋㅋㅋㅋㅋㅋ
[2021-12-10 22:11:56] <huk7785> !모니터
[2021-12-10 22:12:09] <%4_원소 (4elementar)> 엌
[2021-12-10 22:12:09] <%하루_하루__ (ha_r_u)> ?
[2021-12-10 22:12:14] <%하루_하루__ (ha_r_u)> 헤븐에 방금 3명이 있었는데
[2021-12-10 22:12:18] <온라인수업중에몰컴중 (jhduasj)> !맴버
[2021-12-10 22:12:25] <%4_원소 (4elementar)> ㅇㄹㄹ?
[2021-12-10 22:12:33] <@%머진강호 (gangho1999)> 갓데드 입니다,.
[2021-12-10 22:12:43] <%하루_하루__ (ha_r_u)> 세이지 레이즈 아스트라...
[2021-12-10 22:12:43] <%$장미이한 (f48286941)> 꽃하
[2021-12-10 22:12:43] <@^싹둑 (ssakdook)> 장미이한 님 트하 ♥ flower39Gamhi
[2021-12-10 22:12:55] <%$장미이한 (f48286941)> flower0326HI
[2021-12-10 22:12:55] <%4_원소 (4elementar)> ㅋㅋㅋㅋㅋㅋ
[2021-12-10 22:13:03] <%하루_하루__ (ha_r_u)> ?
[2021-12-10 22:13:23] <%4_원소 (4elementar)> ㅋㅋㅋㅋㅋㅋㅋㅋ
[2021-12-10 22:13:24] <%카론カロン (k_karon)> ㅋㅋㅋ
[2021-12-10 22:13:26] <csk0310> !멤버
[2021-12-10 22:13:27] <@^싹둑 (ssakdook)> 가이코 연다 포요 단즈
[2021-12-10 22:13:32] <@%머진강호 (gangho1999)> 갓데드 이빈다,.
[2021-12-10 22:13:47] <%하루_하루__ (ha_r_u)> 이빈다...
[2021-12-10 22:14:14] <@%머진강호 (gangho1999)> 입니다.
[2021-12-10 22:14:19] <욕못하는선비 (dksktlq5)> 꽃하~
[2021-12-10 22:14:22] <꽃냠 (ljw0609)> 꽃하
[2021-12-10 22:14:22] <@^싹둑 (ssakdook)> 꽃냠 님 트하 ♥ flower39Gamhi
[2021-12-10 22:14:32] <%하루_하루__ (ha_r_u)> ㅋㅋㅋㅋㅋㅋㅋㅋㅋㅋㅋ
[2021-12-10 22:14:36] <%4_원소 (4elementar)> ㄲㅂ
[2021-12-10 22:14:37] <%카론カロン (k_karon)> ㄲㅂ
[2021-12-10 22:14:40] [Notification] 흰설기 subscribed at Tier 1. They've subscribed for 8 months! [8]
[2021-12-10 22:14:43] <%하루_하루__ (ha_r_u)> 오오오오오
[2021-12-10 22:14:49] <나이록4789 (naerok4789)> !멤버
[2021-12-10 22:14:49] <@^싹둑 (ssakdook)> 가이코 연다 포요 단즈
[2021-12-10 22:14:53] <%4_원소 (4elementar)> ㅋㅋㅋㅋㅋㅋㅋㅋ
[2021-12-10 22:14:53] <%하루_하루__ (ha_r_u)> 이걸..
[2021-12-10 22:14:55] <%카론カロン (k_karon)> ㅋㅋㅋ
[2021-12-10 22:14:59] <%하루_하루__ (ha_r_u)> ㄹㅇㅋㅋ
[2021-12-10 22:15:00] <욕못하는선비 (dksktlq5)> 캐릭 진짜 이쁘덩
[2021-12-10 22:15:03] <%하루_하루__ (ha_r_u)> 강약약강인가?
[2021-12-10 22:15:05] <@%머진강호 (gangho1999)> 갓데드 입니다.
[2021-12-10 22:15:08] <아주좋아용 (ddhun12345)> !발로 감도
[2021-12-10 22:15:09] <%4_원소 (4elementar)> ㅋㅋㅋㅋㅋㅋ
[2021-12-10 22:15:20] <@%머진강호 (gangho1999)> 800 dpi ㅐ.23
[2021-12-10 22:15:27] <그리무아르 (wert12946)> 데드님 마이 죽었네 비젼 연승 끊을때 글케 잘하시더니
[2021-12-10 22:15:36] <%하루_하루__ (ha_r_u)> ㅋㅋㅋㅋㅋㅋㅋ
[2021-12-10 22:15:50] <%4_원소 (4elementar)> ㄷㄷ
[2021-12-10 22:15:57] <%카론カロン (k_karon)> flower0326POPcorn
[2021-12-10 22:15:57] <%하루_하루__ (ha_r_u)> 과연...
[2021-12-10 22:16:00] <hugh7098> !티어
[2021-12-10 22:16:00] <%카론カロン (k_karon)> 엌
[2021-12-10 22:16:00] <%4_원소 (4elementar)> 와
[2021-12-10 22:16:02] <%하루_하루__ (ha_r_u)> ?
[2021-12-10 22:16:05] <%하루_하루__ (ha_r_u)> 이걸 따네
[2021-12-10 22:16:10] <shadow2345poi> 와
[2021-12-10 22:16:14] <@%머진강호 (gangho1999)> 다이아 1입니다,
[2021-12-10 22:16:27] <%카론カロン (k_karon)> 오
[2021-12-10 22:16:28] <%하루_하루__ (ha_r_u)> 오
[2021-12-10 22:16:48] <%하루_하루__ (ha_r_u)> 과연?
[2021-12-10 22:16:56] <%4_원소 (4elementar)> ㅂㅇㅈㄴ?
[2021-12-10 22:16:56] <%카론カロン (k_karon)> 와
[2021-12-10 22:16:56] <%하루_하루__ (ha_r_u)> 오멘은
[2021-12-10 22:16:59] <%하루_하루__ (ha_r_u)> 보여줄것인가?!
[2021-12-10 22:16:59] <%카론カロン (k_karon)> flower0326POPcorn flower0326POPcorn
[2021-12-10 22:17:02] <shadow2345poi> 이걸?
[2021-12-10 22:17:04] <%4_원소 (4elementar)> ㄲㅂ
[2021-12-10 22:17:06] <%하루_하루__ (ha_r_u)> ㄲㅂ~
[2021-12-10 22:17:06] <%카론カロン (k_karon)> 와 까비
[2021-12-10 22:17:06] <shadow2345poi> ㄲㅂ
[2021-12-10 22:17:08] <%abcdefghijklmn1111> ㄲㅂ
[2021-12-10 22:17:15] <%4_원소 (4elementar)> ㅋㅋㅋㅋㅋㅋㅋ
[2021-12-10 22:17:16] <%카론カロン (k_karon)> ㅋㅋㅋ
[2021-12-10 22:17:28] <%담현__ (damhyeon742)> ㅋㅋㅋㅋ
[2021-12-10 22:17:29] <%4_원소 (4elementar)> flower0326GG flower0326GG
[2021-12-10 22:17:33] <그리무아르 (wert12946)> 연장 ㅋㅋㅋ
[2021-12-10 22:17:33] <%abcdefghijklmn1111> flower0326GG flower0326GG flower0326GG flower0326GG
[2021-12-10 22:17:37] <%하루_하루__ (ha_r_u)> 아깝다
[2021-12-10 22:17:41] <공히어로 (heroball1)> ㅈㅈ
[2021-12-10 22:17:41] <%카론カロン (k_karon)> flower0326GG
[2021-12-10 22:17:43] <%jamalee> flower0326GG flower0326GG flower0326GG
[2021-12-10 22:17:44] <%4_원소 (4elementar)> 까까킹덤
[2021-12-10 22:17:46] <%하루_하루__ (ha_r_u)> ㅁ?ㄹ
[2021-12-10 22:17:47] <%4_원소 (4elementar)> ㅋㅋㅋㅋㅋㅋㅋ
[2021-12-10 22:17:48] <%하루_하루__ (ha_r_u)> ㅋㅋㅋㅋㅋㅋㅋㅋㅋㅋ
[2021-12-10 22:17:48] <@%머진강호 (gangho1999)> 까비여
[2021-12-10 22:17:48] <%jamalee> ㅋㅋㅋㅋㅋㅋ
[2021-12-10 22:17:49] <%카론カロン (k_karon)> ㅋㅋㅋ
[2021-12-10 22:17:51] <%무능한무능인 (wkrhtlvek0759)> flower0326GG flower0326GG
[2021-12-10 22:17:53] <%에임미스 (ams0127)> ㅋㅋㅋㅋㅋㅋㅋㅋ
[2021-12-10 22:17:56] <가우왕녀 (mulbumkawai)> sing이라는 방제와는다른 발로란트
[2021-12-10 22:18:01] <violetvia0308> ㅋㅋㅋㅋ
[2021-12-10 22:18:01] <그리무아르 (wert12946)> 갔냐??
[2021-12-10 22:18:07] <%에임미스 (ams0127)> 이제 뭐하지
[2021-12-10 22:18:08] <그리무아르 (wert12946)> 야 야야 갔다.
[2021-12-10 22:18:09] <%hershey0914> 까까킹덤 업데이트 끝났나?
[2021-12-10 22:18:11] <%4_원소 (4elementar)> 코코아 세팅 하신다고 하시지 않았나
[2021-12-10 22:18:11] <dheb0342> 탁도윤 서울대 합격 기원합니다
[2021-12-10 22:18:16] BAN: dheb0342 (600s)
[2021-12-10 22:18:19] <goldhat1> 이제 쉬어
[2021-12-10 22:18:20] <%하루_하루__ (ha_r_u)> 까까런 업데이트 됐나?
[2021-12-10 22:18:41] <%4_원소 (4elementar)> ㅔㅔ
[2021-12-10 22:18:46] <%하루_하루__ (ha_r_u)> ㅔㅔ
[2021-12-10 22:18:48] <violetvia0308> ㅖㅔ
[2021-12-10 22:18:55] <%에임미스 (ams0127)> 와 3연승
[2021-12-10 22:18:56] ~[V] ♡✧( ु•⌄• ) (Just Chatting)~
[2021-12-10 22:19:12] <%4_원소 (4elementar)> flower0326POPcorn flower0326POPcorn
[2021-12-10 22:19:13] <%담현__ (damhyeon742)> 와 많다
[2021-12-10 22:19:21] <%에임미스 (ams0127)> 저 위에 때껄룩 이름이 뭔가요
[2021-12-10 22:19:22] <%hershey0914> 뭐이리 많어 ㅋㅋㅋ
[2021-12-10 22:19:24] <%유주니__ (yu_jun1005)> 와
[2021-12-10 22:19:27] <%담현__ (damhyeon742)> 발로 더 하시나요?
[2021-12-10 22:19:32] <%카론カロン (k_karon)> flower0326POPcorn flower0326POPcorn
[2021-12-10 22:19:36] <%하루_하루__ (ha_r_u)> 아
[2021-12-10 22:19:39] <%하루_하루__ (ha_r_u)> 이때 이거구나
[2021-12-10 22:19:44] <%4_원소 (4elementar)> ㅔㅔ
[2021-12-10 22:19:47] <%카론カロン (k_karon)> 와
[2021-12-10 22:19:48] <%하루_하루__ (ha_r_u)> 보여줬어요
[2021-12-10 22:19:49] <%에임미스 (ams0127)> 와
[2021-12-10 22:19:51] <공히어로 (heroball1)> 옹
[2021-12-10 22:19:51] <%4_원소 (4elementar)> 지난번에 본듯
[2021-12-10 22:19:52] <그리무아르 (wert12946)> 봤어
[2021-12-10 22:19:53] <%담현__ (damhyeon742)> 본거 같아요
[2021-12-10 22:19:53] <오_프 (dh_vm)> 보긴 했는데 너무 잘했으니까 한번 더보죠
[2021-12-10 22:19:56] <공히어로 (heroball1)> 이야
[2021-12-10 22:19:59] <%에임미스 (ams0127)> 이것도 본거갔고
[2021-12-10 22:20:00] <%하루_하루__ (ha_r_u)> 저지들고 궁안에서 3킬하는거랑
[2021-12-10 22:20:03] <%4_원소 (4elementar)> ㅋㅋㅋㅋㅋㅋ
[2021-12-10 22:20:03] <%하루_하루__ (ha_r_u)> 1ㄷ3 클러치
[2021-12-10 22:20:04] <%에임미스 (ams0127)> ㅋㅋㅋㅋㅋㅋ
[2021-12-10 22:20:04] <%카론カロン (k_karon)> ㅋㅋ
[2021-12-10 22:20:12] <%하루_하루__ (ha_r_u)> ㄹㅇ
[2021-12-10 22:20:13] <공히어로 (heroball1)> ㅋㅋㅋㅋㅋㅋ
[2021-12-10 22:20:15] <%4_원소 (4elementar)> 캬
[2021-12-10 22:20:16] <%카론カロン (k_karon)> 이야
[2021-12-10 22:20:19] <violetvia0308> 와..
[2021-12-10 22:20:20] <%유주니__ (yu_jun1005)> 미쵸
[2021-12-10 22:20:21] <ㅇㅅㅇ임 (seongbin3848)> 꽃하
[2021-12-10 22:20:23] <@^싹둑 (ssakdook)> ㅇㅅㅇ임 님 트하 ♥ flower39Gamhi
[2021-12-10 22:20:26] <그리무아르 (wert12946)> 봐5어요 쳤는데 요가 안붙었네요 죄송해요 ㅠ
[2021-12-10 22:20:27] <shadow2345poi> 와
[2021-12-10 22:20:28] <%하루_하루__ (ha_r_u)> ㄹㅇ ㅋㅋ
[2021-12-10 22:20:29] <%4_원소 (4elementar)> 지렸지
[2021-12-10 22:20:30] <@^싹둑 (ssakdook)> ♥ 팔로우 해주세요 ♥
[2021-12-10 22:20:31] <%담현__ (damhyeon742)> 궁 안속 저지
[2021-12-10 22:20:34] <%하루_하루__ (ha_r_u)> 개지렸지 ㄹㅇ....
[2021-12-10 22:20:36] <%에임미스 (ams0127)> 와
[2021-12-10 22:20:41] <%카론カロン (k_karon)> 와
[2021-12-10 22:20:43] <%4_원소 (4elementar)> 와
[2021-12-10 22:20:44] <%하루_하루__ (ha_r_u)> ㄴㅇㅅ~
[2021-12-10 22:20:44] <%카론カロン (k_karon)> 지려따
[2021-12-10 22:20:50] <%4_원소 (4elementar)> 레게노
[2021-12-10 22:20:51] <%하루_하루__ (ha_r_u)> 진짜 지렸으...
[2021-12-10 22:21:00] <%하루_하루__ (ha_r_u)> 이건 어케땄누
[2021-12-10 22:21:21] <로로프 (sunwootk)> !업타임
[2021-12-10 22:21:23] <@^싹둑 (ssakdook)> 방송 업타임: 1 시간 13 분 51 초
[2021-12-10 22:21:23] <%4_원소 (4elementar)> ㄹㅇ
[2021-12-10 22:21:25] <%에임미스 (ams0127)> ㄹㅇ
[2021-12-10 22:21:27] <%하루_하루__ (ha_r_u)> Fps는 안하면 확내려가니까...
[2021-12-10 22:21:29] <%abcdefghijklmn1111> ㄹㅇ
[2021-12-10 22:21:45] <%에임미스 (ams0127)> 마치 수능 본 이후로 뇌가 굳어가는 느낌?
[2021-12-10 22:21:59] <ㅇㅅㅇ임 (seongbin3848)> ㄹㅇ
[2021-12-10 22:22:05] <그리무아르 (wert12946)> 그래서 전 안하더라도 들가서 사격연습은 하는편이에요
[2021-12-10 22:22:16] <%4_원소 (4elementar)> ㅋㅋㅋㅋㅋㅋㅋ
[2021-12-10 22:22:18] <%카론カロン (k_karon)> ㅋㅋㅋㅋ
[2021-12-10 22:22:18] <%에임미스 (ams0127)> ㅋㅋㅋㅋㅋㅋ
[2021-12-10 22:22:20] <%하루_하루__ (ha_r_u)> 몰?루
[2021-12-10 22:22:20] <오_프 (dh_vm)> ㅋㅋㅋㅋㅋㅋㅋㅋㅋㅋㅋ
[2021-12-10 22:22:22] <혀눙2381 (shieldhero9778)> ㅋㅋㅋㅋㅋㅋㅋㅋ.
[2021-12-10 22:22:24] <%abcdefghijklmn1111> ㅋㅋㅋㅋ
[2021-12-10 22:22:32] <%에임미스 (ams0127)> 어ㅣ
[2021-12-10 22:22:33] <%에임미스 (ams0127)> 와
[2021-12-10 22:22:35] <%하루_하루__ (ha_r_u)> 아냐~
[2021-12-10 22:22:41] <1998년생 (red5514)> 와
[2021-12-10 22:22:42] <%하루_하루__ (ha_r_u)> 뭐지
[2021-12-10 22:22:44] <%하루_하루__ (ha_r_u)> 어딨지!!
[2021-12-10 22:22:46] <오_프 (dh_vm)> 아니야~
[2021-12-10 22:22:47] <%4_원소 (4elementar)> 오
[2021-12-10 22:22:47] <%준마도 (ksh807)> 레전드 하나있는데 뭐였지
[2021-12-10 22:22:51] <포데슈 (posday)> 귀여워
[2021-12-10 22:23:06] <%4_원소 (4elementar)> ㅋㅋㅋㅋㅋㅋㅋ
[2021-12-10 22:23:07] <엘렌냥 (gmk54609)> 꽃하
[2021-12-10 22:23:08] <@^싹둑 (ssakdook)> 엘렌냥 님 트하 ♥ flower39Gamhi
[2021-12-10 22:23:08] <%카론カロン (k_karon)> ㅋㅋ
[2021-12-10 22:23:11] <%하루_하루__ (ha_r_u)> QQ는 못해도
[2021-12-10 22:23:14] <%하루_하루__ (ha_r_u)> 에임으로 팬다는 마인드
[2021-12-10 22:23:15] <%하루_하루__ (ha_r_u)> 좋아요
[2021-12-10 22:23:15] <%에임미스 (ams0127)> 와
[2021-12-10 22:23:33] <%4_원소 (4elementar)> 오
[2021-12-10 22:23:34] <%하루_하루__ (ha_r_u)> 오
[2021-12-10 22:23:35] <%카론カロン (k_karon)> 와
[2021-12-10 22:23:36] <%담현__ (damhyeon742)> 와
[2021-12-10 22:23:37] <%4_원소 (4elementar)> ㄷㄷ
[2021-12-10 22:23:39] <이걸도네해 (wodlf0613)> 와아
[2021-12-10 22:23:39] <goldhat1> 와우
[2021-12-10 22:23:40] <오_프 (dh_vm)> 와
[2021-12-10 22:23:42] <엘렌냥 (gmk54609)> 와우...
[2021-12-10 22:23:43] <%abcdefghijklmn1111> 와
[2021-12-10 22:23:59] <%4_원소 (4elementar)> 화ㅏㅏㅏㅏ
[2021-12-10 22:24:05] <%4_원소 (4elementar)> ㅔㅔ
[2021-12-10 22:24:14] <엘렌냥 (gmk54609)> 지렸어여
[2021-12-10 22:24:20] <vntm1029> 끌어치기 지렸다
[2021-12-10 22:24:23] <akwlals0928> !팔로우
[2021-12-10 22:24:24] <@^싹둑 (ssakdook)> 그런거 없다 그냥 팔로우해라
[2021-12-10 22:24:30] <%하루_하루__ (ha_r_u)> FPS를 꾸준히 해야하는 이유...
[2021-12-10 22:24:31] <akwlals0928> !능지
[2021-12-10 22:24:41] <%4_원소 (4elementar)> 대회땐 하루 10시간씩 연습 하셨으니 좋을 수밖에 없었음
[2021-12-10 22:24:44] <%하루_하루__ (ha_r_u)> 슬프네요
[2021-12-10 22:24:46] <goldhat1> 훈련장 난이도 어려움임?
[2021-12-10 22:24:47] <akwlals0928> 꽃하
[2021-12-10 22:24:48] <@^싹둑 (ssakdook)> akwlals0928 님 트하 ♥ flower39Gamhi
[2021-12-10 22:24:54] <그리무아르 (wert12946)> 시간 없더라도  그냥 에임연습만하고 꺼도 폼 안줄어들거에요
[2021-12-10 22:24:55] <%하루_하루__ (ha_r_u)> ;ㅅ;
[2021-12-10 22:25:00] <akwlals0928> !능지
[2021-12-10 22:25:11] <김이월진짜잘생겼네 (cool_n_sexy)> 저 어려움 5 개 쳐요 괜춘
[2021-12-10 22:25:16] <%4_원소 (4elementar)> ㄹㅇ
[2021-12-10 22:25:37] <goldhat1> 그건 못 치겠던데
[2021-12-10 22:25:39] <%4_원소 (4elementar)> flower0326Sad
[2021-12-10 22:25:41] <%카론カロン (k_karon)> flower0326Sad
[2021-12-10 22:25:42] <%담현__ (damhyeon742)> 골드감으로 돌아와주세요
[2021-12-10 22:25:43] <김이월진짜잘생겼네 (cool_n_sexy)> 경쟁은 진짜 멘탈 싸움이라
[2021-12-10 22:25:43] <%jamalee> flower0326Sad
[2021-12-10 22:26:05] <재천이_ (haha24555)> !티어
[2021-12-10 22:26:05] <Twipkr>* ♥ 고양이 배 말랑말랑님1,500 ♥
[2021-12-10 22:26:06] <그리무아르 (wert12946)> 저 사격장 어려움 키고 안에 들어가서 이동하면서 브레이킹 걸고ㅠ치는거 12개요
[2021-12-10 22:26:13] <%4_원소 (4elementar)> 영도다
[2021-12-10 22:26:15] <%에임미스 (ams0127)> 영도?
[2021-12-10 22:26:18] <%4_원소 (4elementar)> ㅋㅋㅋㅋㅋㅋㅋㅋ
[2021-12-10 22:26:20] <%에임미스 (ams0127)> ㅋㅋㅋㅋㅋㅋㅋㅋㅋ
[2021-12-10 22:26:22] <%카론カロン (k_karon)> ㄱㅇㅇ
[2021-12-10 22:26:24] <%4_원소 (4elementar)> ㄱㅇㅇ
[2021-12-10 22:26:24] <@%머진강호 (gangho1999)> 아 귀여워 ㅋㅋㅋ
[2021-12-10 22:26:24] <오_프 (dh_vm)> ㅋㅋㅋㅋㅋㅋㅋㅋㅋㅋㅋㅋㅋㅋㅋㅋㅋ
[2021-12-10 22:26:25] <%하루_하루__ (ha_r_u)> ㅋㅋㅋㅋㅋㅋㅋㅋㅋㅋㅋㅋㅋㅋㅋ
[2021-12-10 22:26:25] <%카론カロン (k_karon)> ㅋㅋㅋ
[2021-12-10 22:26:26] <violetvia0308> ㄱㅇㅇ
[2021-12-10 22:26:30] <%4_원소 (4elementar)> ㅋㅋㅋㅋㅋㅋㅋ
[2021-12-10 22:26:30] <%에임미스 (ams0127)> 말랑말랑말랑말랑말랑
[2021-12-10 22:26:32] <%하루_하루__ (ha_r_u)> ㄱㅇㅇ
[2021-12-10 22:26:32] <%강서구_노예트수 (nicholas06122)> ㅋㅋㅋㅋㅋㅋㅋㅋㅋㅋㅋ
[2021-12-10 22:26:38] <%트리아__ (xmfldk11)> ㄱㅇㅇ
[2021-12-10 22:26:40] <%에임미스 (ams0127)> 도망갔어 ㅋㅋㅋ
[2021-12-10 22:27:05] <그리무아르 (wert12946)> 저 절궈도 배우는곳 앞에 길고양이만 6마리에요
[2021-12-10 22:27:10] <그리무아르 (wert12946)> 절권도
[2021-12-10 22:27:12] <%4_원소 (4elementar)> ㅋㅋㅋㅋㅋㅋㅋㅋㅋㅋㅋ
[2021-12-10 22:27:14] <%카론カロン (k_karon)> ㅋㅋㅋㅋ
[2021-12-10 22:27:17] <%abcdefghijklmn1111> ㅋㅋㅋㅋㅋㅋㅋ ㅋㅋㅋㅋ
[2021-12-10 22:27:27] <꼬마프리 (dwldj31)> ㅋㅋㅋㅋㅋㅋㅋ
[2021-12-10 22:27:43] <%하루_하루__ (ha_r_u)> 사람마다 맞는거 있고
[2021-12-10 22:27:43] <그리무아르 (wert12946)> 쓰지마요 ㅋㅋㅋ
[2021-12-10 22:27:45] <%하루_하루__ (ha_r_u)> 안맞는거 있던데
[2021-12-10 22:27:46] <재천이_ (haha24555)> 스킨 많으시넹...
[2021-12-10 22:27:46] <%에임미스 (ams0127)> 저거 체임버 계약 무기인가
[2021-12-10 22:27:54] <%4_원소 (4elementar)> ㅋㅋㅋㅋㅋㅋㅋ
[2021-12-10 22:27:56] <%하루_하루__ (ha_r_u)> ㅋㅋㅋㅋㅋㅋㅋㅋㅋ
[2021-12-10 22:27:56] <%에임미스 (ams0127)> ㅋㅋㅋㅋㅋㅋ
[2021-12-10 22:27:56] <그리무아르 (wert12946)> 근데 이쁨 ㅋㅋ
[2021-12-10 22:27:57] <%하루_하루__ (ha_r_u)> ㄹㅇ....
[2021-12-10 22:27:58] <%jamalee> ㅋㅋㅋㅋㅋㅋㅋ
[2021-12-10 22:28:01] <%4_원소 (4elementar)> 노래 좋긴 함
[2021-12-10 22:28:16] <%4_원소 (4elementar)> 몰?루
[2021-12-10 22:28:17] <%하루_하루__ (ha_r_u)> 몰?루
[2021-12-10 22:28:25] <%하루_하루__ (ha_r_u)> ㅋㅋㅋㅋㅋㅋㅋㅋ
[2021-12-10 22:28:26] <오_프 (dh_vm)> ㅋㅋㅋㅋㅋㅋㅋㅋㅋ
[2021-12-10 22:28:28] <%하루_하루__ (ha_r_u)> 뺏겼어
[2021-12-10 22:28:30] <%4_원소 (4elementar)> 엌
[2021-12-10 22:28:31] <%하루_하루__ (ha_r_u)> ㅋㅋㅋㅋㅋㅋㅋㅋㅋㅋㅋ
[2021-12-10 22:28:35] <혀눙2381 (shieldhero9778)> ㅋㅋㅋㅋㅋ
[2021-12-10 22:28:41] <%4_원소 (4elementar)> ㄲㅂㅇ
[2021-12-10 22:28:47] <%하루_하루__ (ha_r_u)> ㄲㅂ~
[2021-12-10 22:28:57] <%찬양해꽃감이 (4asenal)> 꽃하!
[2021-12-10 22:29:05] <하프04 (halfo81o)> 일본서버
[2021-12-10 22:29:08] <하프04 (halfo81o)> ?
[2021-12-10 22:29:19] <%4_원소 (4elementar)> ㅋㅋㅋㅋㅋㅋㅋㅋㅋ
[2021-12-10 22:29:21] <%카론カロン (k_karon)> ㅋㅋㅋㅋㅋ
[2021-12-10 22:29:22] <오_프 (dh_vm)> ㅋㅋㅋㅋㅋㅋㅋㅋㅋㅋㅋㅋㅋㅋㅋ
[2021-12-10 22:29:22] <@%머진강호 (gangho1999)> 한국서버입니다,.
[2021-12-10 22:29:25] <%4_원소 (4elementar)> ㅋㅋㅋㅋㅋㅋㅋㅋ
[2021-12-10 22:29:26] <%강서구_노예트수 (nicholas06122)> ㄴㅋㅋㅋㅋㅋㅋㅋㅋㅋ
[2021-12-10 22:29:29] <%jamalee> ㅋㅋㅋㅋㅋㅋㅋㅋ
[2021-12-10 22:29:30] <오_프 (dh_vm)> 정말 멋진 아다리
[2021-12-10 22:29:40] <%4_원소 (4elementar)> 오
[2021-12-10 22:29:46] <두현__ (rlaengus______)> 캬
[2021-12-10 22:29:51] <%4_원소 (4elementar)> ㄲㅂ
[2021-12-10 22:29:54] <%카론カロン (k_karon)> ㅋㅋㅋㅋ
[2021-12-10 22:29:56] <오_프 (dh_vm)> ㅋㅋㅋㅋㅋㅋㅋ ㄲㅂ
[2021-12-10 22:29:57] <%하루_하루__ (ha_r_u)> ㅋㅋㅋㅋㅋㅋㅋㅋㅋㅋㅋㅋㅋㅋ
[2021-12-10 22:30:00] <%bugatti_tjsp> ㅋㅋㅋㅋㅋㅋㅋㅋㅋㅋㅋㅋㅋㅋㅋㅋㅋㅋ
[2021-12-10 22:30:00] <%강서구_노예트수 (nicholas06122)> ㅋㅋㅋㅋㅋㅋㅋㅋㅋㅋㅋ
[2021-12-10 22:30:12] <%4_원소 (4elementar)> ㅋㅋㅋㅋㅋㅋㅋㅋ
[2021-12-10 22:30:14] <%하루_하루__ (ha_r_u)> ㅋㅋㅋㅋㅋㅋㅋㅋㅋ
[2021-12-10 22:30:15] <재천이_ (haha24555)> !멤버
[2021-12-10 22:30:15] <@^싹둑 (ssakdook)> 가이코 연다 포요 단즈
[2021-12-10 22:30:23] <@^싹둑 (ssakdook)> ♥ 팔로우 해주세요 ♥
[2021-12-10 22:30:26] <%4_원소 (4elementar)> ㅋㅋㅋㅋㅋㅋㅋ
[2021-12-10 22:30:27] <규카츠가너무좋아 (gyukatsu04)> !마우스
[2021-12-10 22:30:28] <%카론カロン (k_karon)> ㅋㅋㅋ
[2021-12-10 22:30:28] <%찬양해꽃감이 (4asenal)> ㅋㅋㅋㅋㅋㅋㅋㅋㅋ
[2021-12-10 22:30:34] <%강서구_노예트수 (nicholas06122)> ㅋㅋㅋㅋㅋㅋㅋㅋㅋㅋ
[2021-12-10 22:30:35] <%4_원소 (4elementar)> 오
[2021-12-10 22:30:36] <@%머진강호 (gangho1999)> 지슈라 입니다.
[2021-12-10 22:30:37] <%담현__ (damhyeon742)> 저분은 누군가요?
[2021-12-10 22:30:37] <@%머진강호 (gangho1999)> 마우스
[2021-12-10 22:30:38] <%하루_하루__ (ha_r_u)> 오오
[2021-12-10 22:30:47] <%4_원소 (4elementar)> 킹덤 설치 됐네
[2021-12-10 22:30:55] <%카론カロン (k_karon)> ㅋㅋㅋㅋ
[2021-12-10 22:30:55] <%4_원소 (4elementar)> ㅋㅋㅋㅋㅋㅋㅋㅋㅋㅋ
[2021-12-10 22:30:56] <%하루_하루__ (ha_r_u)> ㅋㅋㅋㅋㅋㅋㅋㅋㅋㅋㅋㅋㅋㅋㅋ
[2021-12-10 22:30:57] Viewerstats (21:59-22:30): avg:736 min:636 max:812 [17/731+0+0-23+0+0-72+120+0-36+39+0+0+53+0-97+0]
[2021-12-10 22:30:58] <오_프 (dh_vm)> ㅋㅋㅋㅋㅋㅋㅋㅋㅋㅋㅋㅋㅋㅋㅋㅋㅋㅋ
[2021-12-10 22:30:58] <violetvia0308> ㅋㅋㅋㅋㅋㅋㅋㅋ
[2021-12-10 22:31:03] <%찬양해꽃감이 (4asenal)> ㅋㅋㅋㅋㅋㅋㅋㅋㅋㅋ
[2021-12-10 22:31:06] <%4_원소 (4elementar)> ㅋㅋㅋㅋㅋㅋㅋ
[2021-12-10 22:31:07] <혀눙2381 (shieldhero9778)> ㅋㅋㅋㅋㅋㅋㅋ
[2021-12-10 22:31:08] <%카론カロン (k_karon)> ㅋㅋㅋㅋㅋㅋㅋ
[2021-12-10 22:31:08] <데리루_ (04deriru)> ㅋㅋㅋㅋㅋㅋㅋㅋㅋㅋㅋㅋ
[2021-12-10 22:31:12] <신판식 (shin_pandol)> ㅋㅋㅋㅋㅋㅋㅋㅋㅋㅋ
[2021-12-10 22:31:13] <%강서구_노예트수 (nicholas06122)> ㅋㅋㅋㅋㅋㅋㅋㅋㅋㅋㅋㅋ
[2021-12-10 22:31:13] <%하루_하루__ (ha_r_u)> 님 좀 쩌는 듯
[2021-12-10 22:31:15] <%하루_하루__ (ha_r_u)> ㅋㅋ
[2021-12-10 22:31:17] <바보갈 (abcdef_u)> !나이
[2021-12-10 22:31:40] <그리무아르 (wert12946)> 경쟁에서 요루?
[2021-12-10 22:31:55] <%강서구_노예트수 (nicholas06122)> 지난히즌 225등 ㄷㄷ
[2021-12-10 22:32:00] <%강서구_노예트수 (nicholas06122)> 235
[2021-12-10 22:32:06] <%하루_하루__ (ha_r_u)> 235등이 낮다구요?
[2021-12-10 22:32:16] <%4_원소 (4elementar)> ㅋㅋㅋㅋㅋㅋㅋㅋ
[2021-12-10 22:32:21] <오_프 (dh_vm)> ㅋㅋㅋㅋㅋㅋㅋㅋㅋㅋㅋㅋㅋ
[2021-12-10 22:32:26] <%카론カロン (k_karon)> ㅋㅋㅋㅋ
[2021-12-10 22:32:27] <%강서구_노예트수 (nicholas06122)> ㅋㅋㅋㅋㅋㅋㅋㅋㅋㅋㅋㅋㅋ
[2021-12-10 22:32:28] <%4_원소 (4elementar)> 아니 ㅋㅋㅋㅋㅋㅋ
[2021-12-10 22:32:28] <하프04 (halfo81o)> !멤버
[2021-12-10 22:32:29] <@^싹둑 (ssakdook)> 가이코 연다 포요 단즈
[2021-12-10 22:32:31] <%하루_하루__ (ha_r_u)> ㅋㅋㅋㅋㅋㅋㅋㅋㅋ
[2021-12-10 22:32:33] <%찬양해꽃감이 (4asenal)> ㅋㅋㅋㅋㅋㅋㅋㅋㅋㅋ
[2021-12-10 22:32:35] <%소라소리 (thfl313)> ㅋㅋㅋㅋㅋㅋㅋㅋㅋㅋ
[2021-12-10 22:32:36] <%4_원소 (4elementar)> 기--만
[2021-12-10 22:32:40] <%hershey0914> ㅋㅋㅋㅋㅋㅋㅋ
[2021-12-10 22:32:44] <%강서구_노예트수 (nicholas06122)> 네 그렇다네요
[2021-12-10 22:32:46] <%abcdefghijklmn1111> 와
[2021-12-10 22:32:53] <%hershey0914> 와
[2021-12-10 22:32:55] <%카론カロン (k_karon)> ㄷㄷ
[2021-12-10 22:32:57] <hawooz> !멤버
[2021-12-10 22:32:57] <@^싹둑 (ssakdook)> 가이코 연다 포요 단즈
[2021-12-10 22:32:57] <%4_원소 (4elementar)> 와
[2021-12-10 22:32:58] <%찬양해꽃감이 (4asenal)> 와 ㄷㄷ
[2021-12-10 22:33:00] <%hershey0914> ㄷㄷ
[2021-12-10 22:33:01] <%하루_하루__ (ha_r_u)> ㄷㄷ
[2021-12-10 22:33:01] <오_프 (dh_vm)> ㅋㅋㅋㅋㅋㅋㅋㅋㅋㅋㅋㅋ
[2021-12-10 22:33:03] <%4_원소 (4elementar)> 이미 프로인듯
[2021-12-10 22:33:05] <%hershey0914> ㅋㅋㅋㅋㅋㅋㅋㅋ
[2021-12-10 22:33:07] <%하루_하루__ (ha_r_u)> 17살 프로....
[2021-12-10 22:33:07] <@%머진강호 (gangho1999)> 프로네
[2021-12-10 22:33:08] <%하루_하루__ (ha_r_u)> 와....
[2021-12-10 22:33:08] <%카론カロン (k_karon)> ㅋㅋㅋㅋㅋ
[2021-12-10 22:33:13] <%강서구_노예트수 (nicholas06122)> 꽃감님이랑 겜을 하는방법 = 겜을잘한다 랭커이면 된다
[2021-12-10 22:33:15] <오_프 (dh_vm)> 다이아시면 잘하시는건데 뭐...
[2021-12-10 22:33:21] <violetvia0308> 꼬깜님도 잘하시잖아요
[2021-12-10 22:33:30] <%4_원소 (4elementar)> ㅋㅋㅋㅋㅋㅋㅋㅋㅋ
[2021-12-10 22:33:34] <%강서구_노예트수 (nicholas06122)> ㅋㅋㅋㅋㅋㅋㅋ
[2021-12-10 22:33:35] <%hershey0914> ㅋㅋㅋㅋㅋㅋㅋㅋㅋㅋㅋ
[2021-12-10 22:33:35] <@%머진강호 (gangho1999)> ㅋㅋㅋㅋㅋㅋㅋㅋㅋㅋㅋㅋ
[2021-12-10 22:33:37] <%abcdefghijklmn1111> ㅋㅋㅋㅋㅋㅋㅋ
[2021-12-10 22:33:37] <violetvia0308> ㅋㅋㅋㅋ
[2021-12-10 22:33:38] <%4_원소 (4elementar)> ㄹㅇㅋㅋ
[2021-12-10 22:33:40] <%카론カロン (k_karon)> ㅋㅋㅋㅋㅋㅋㅋㅋ
[2021-12-10 22:33:40] <%하루_하루__ (ha_r_u)> ㅋㅋㅋㅋㅋㅋㅋㅋㅋㅋㅋ
[2021-12-10 22:33:41] <오_프 (dh_vm)> ㅋㅋㅋㅋㅋㅋㅋㅋㅋㅋㅋㅋ
[2021-12-10 22:33:42] <%hershey0914> ㄹㅇㅋㅋ
[2021-12-10 22:33:43] <%강서구_노예트수 (nicholas06122)> ㅋㅋㅋㅋㅋㅋㅋㅋㅋㅋㅋㅋㅋㅋㅋ
[2021-12-10 22:33:43] <도안임 (doan_im)> ㅋㅋㅋㅋㅋㅋㅋㅋㅋㅋ
[2021-12-10 22:33:46] <혀눙2381 (shieldhero9778)> ㅋㅋㅋㅋㅋ
[2021-12-10 22:33:55] <%4_원소 (4elementar)> 맞지맞지
[2021-12-10 22:33:56] <%_로어_ (asj055148)> ㅋㅋㅋㅋㅋㅋㅋㅋㅋ
[2021-12-10 22:34:05] <%_로어_ (asj055148)> 흐매 이미 프로아닌가아~
[2021-12-10 22:34:08] <%하루_하루__ (ha_r_u)> 요즘
[2021-12-10 22:34:09] <%하루_하루__ (ha_r_u)> 다이아보다
[2021-12-10 22:34:12] <재천이_ (haha24555)> 실버는 잘하는 건가요?
[2021-12-10 22:34:12] <%하루_하루__ (ha_r_u)> 골플이 더 어렵던데
[2021-12-10 22:34:13] <%4_원소 (4elementar)> ㅋㅋㅋㅋㅋㅋㅋㅋ
[2021-12-10 22:34:15] <%_호킨 (spon25)> ㅋㅋㅋ
[2021-12-10 22:34:17] <%hershey0914> ㅋㅋㅋㅋㅋㅋㅋㅋㅋㅋㅋㅋㅋ
[2021-12-10 22:34:18] <%카론カロン (k_karon)> ㅋㅋㅋㅋ
[2021-12-10 22:34:21] <%_로어_ (asj055148)> ㅋㅋㅋㅋㅋㅋㅋㅋ
[2021-12-10 22:34:27] <%4_원소 (4elementar)> 엌
[2021-12-10 22:34:28] <@%머진강호 (gangho1999)> 골플 수문장이 많아서
[2021-12-10 22:34:32] <%하루_하루__ (ha_r_u)> ㅋㅋㅋㅋㅋㅋㅋㅋㅋㅋㅋ
[2021-12-10 22:34:37] <%4_원소 (4elementar)> ㅋㅋㅋㅋㅋㅋㅋ
[2021-12-10 22:34:43] <%_로어_ (asj055148)> 게임잘하는건 옵션이군요
[2021-12-10 22:35:05] <%하루_하루__ (ha_r_u)> 이벤트로
[2021-12-10 22:35:07] <%하루_하루__ (ha_r_u)> 줄걸요?
[2021-12-10 22:35:29] <%_로어_ (asj055148)> ㅋㅋㅋㅋㅋㅋ
[2021-12-10 22:35:49] <%4_원소 (4elementar)> ㅋㅋㅋㅋㅋㅋ
[2021-12-10 22:35:54] <@%머진강호 (gangho1999)> ㅋㅋㅋㅋㅋㅋㅋㅋㅋㅋㅋ
[2021-12-10 22:35:55] <%카론カロン (k_karon)> ㅋㅋㅋ
[2021-12-10 22:35:59] <%_로어_ (asj055148)> 데미지가영;;;
[2021-12-10 22:36:13] <%4_원소 (4elementar)> ㅋㅋㅋㅋㅋㅋㅋㅋㅋㅋ
[2021-12-10 22:36:15] <%청백매화__ (white_plum_blossoms)> 꽃하
[2021-12-10 22:36:17] <@^싹둑 (ssakdook)> 청백매화__ 님 트하 ♥ flower39Gamhi
[2021-12-10 22:36:26] <달솔_ (dalsor_)> 꽃하
[2021-12-10 22:36:27] <@^싹둑 (ssakdook)> 달솔_ 님 트하 ♥ flower39Gamhi
[2021-12-10 22:36:29] <아니뭐어쩌라고21 (ao0226)> 한섭인가요?
[2021-12-10 22:36:44] <kmjqpw> 누나 저 불1승급전지고 지금270점정도 태웠어요 ㅠㅠㅠ
[2021-12-10 22:36:59] <%4_원소 (4elementar)> ㅋㅋㅋㅋㅋㅋㅋㅋ
[2021-12-10 22:37:10] <아주좋아용 (ddhun12345)> !감도
[2021-12-10 22:37:13] <달솔_ (dalsor_)> ㅋㅋㅋㅋㅋ
[2021-12-10 22:37:14] <%카론カロン (k_karon)> ㅋㅋㅋㅋ
[2021-12-10 22:37:17] <달솔_ (dalsor_)> 레디언트...
[2021-12-10 22:37:21] <스토리우스_ (werty5372)> 감님 다2 올라오면 저정도는 그냥 보여요
[2021-12-10 22:37:28] <%4_원소 (4elementar)> ㅋㅋㅋㅋㅋㅋㅋㅋㅋ
[2021-12-10 22:37:28] <%카론カロン (k_karon)> ㅋㅋㅋㅋㅋㅋㅋㅋ
[2021-12-10 22:37:40] <@%머진강호 (gangho1999)> 800dpi 0.23
[2021-12-10 22:37:46] <%담현__ (damhyeon742)> 딸기 사이에 포도인가요?
[2021-12-10 22:37:55] <%4_원소 (4elementar)> 몰?루
[2021-12-10 22:38:00] <%카론カロン (k_karon)> ㅋㅋㅋㅋ
[2021-12-10 22:38:09] <오_프 (dh_vm)> 먹는거? ㅋㅋㅋㅋㅋㅋㅋㅋㅋㅋㅋㅋ
[2021-12-10 22:38:20] <leere_77> 꽃하
[2021-12-10 22:38:21] <@^싹둑 (ssakdook)> leere_77 님 트하 ♥ flower39Gamhi
[2021-12-10 22:38:25] <%4_원소 (4elementar)> ㅋㅋㅋㅋㅋㅋㅋ
[2021-12-10 22:38:32] <%카론カロン (k_karon)> ㅋㅋㅋㅋㅋ
[2021-12-10 22:38:34] <%jamalee> ㅋㅋㅋㅋㅋㅋㅋ
[2021-12-10 22:38:37] <%찬양해꽃감이 (4asenal)> ㅋㅋㅋㅋㅋㅋㅋㅋ
[2021-12-10 22:38:51] <%4_원소 (4elementar)> ㄲㅂ
[2021-12-10 22:39:01] <%_로어_ (asj055148)> ㅋㅋㅋㅋㅋㅋㅋㅋ
[2021-12-10 22:39:01] <leere_77> ㄲㅂㄲㅂ
[2021-12-10 22:39:20] <kmjqpw> 누나 왜케 귀여워
[2021-12-10 22:39:22] <%junlee4485> !멤버
[2021-12-10 22:39:23] <@^싹둑 (ssakdook)> 가이코 연다 포요 단즈
[2021-12-10 22:39:26] <아주좋아용 (ddhun12345)> 꽃감이님
[2021-12-10 22:39:28] <아주좋아용 (ddhun12345)> 감도가
[2021-12-10 22:39:29] <kmjqpw> 저 움직이는 캐릭터가
[2021-12-10 22:39:31] <아주좋아용 (ddhun12345)> 뭐예요?
[2021-12-10 22:39:38] <@%머진강호 (gangho1999)> 800dpi 0.23
[2021-12-10 22:39:44] <kmjqpw> !감도
[2021-12-10 22:39:48] <아주좋아용 (ddhun12345)> ㅇㅎ
[2021-12-10 22:39:50] <아주좋아용 (ddhun12345)> 감사합니다
[2021-12-10 22:40:24] <@^싹둑 (ssakdook)> ♥ 팔로우 해주세요 ♥
[2021-12-10 22:40:45] <%하루_하루__ (ha_r_u)> zzzzzzzz
[2021-12-10 22:41:06] <%4_원소 (4elementar)> ㅋㅋㅋㅋㅋㅋㅋㅋㅋ
[2021-12-10 22:41:12] <%강서구_노예트수 (nicholas06122)> ㅋㅋㅋㅋㅋㅋㅋㅋㅋㅋㅋ
[2021-12-10 22:41:13] <leere_77> ㅋㅋㅋㅋㅋ
[2021-12-10 22:41:16] <도안임 (doan_im)> ㅋㅋㅋㅋㅋㅋㅋ
[2021-12-10 22:41:18] <애플0902 (apple0809_)> 꽃하
[2021-12-10 22:41:18] <@^싹둑 (ssakdook)> 애플0902 님 트하 ♥ flower39Gamhi
[2021-12-10 22:41:54] <%강서구_노예트수 (nicholas06122)> ㅋㅋㅋㅋㅋㅋㅋㅋ
[2021-12-10 22:41:56] <$__히유리 (heeyuri0108)> 꽃하
[2021-12-10 22:41:57] <@^싹둑 (ssakdook)> __히유리 님 트하 ♥ flower39Gamhi
[2021-12-10 22:42:05] <재천이_ (haha24555)> !팔로우
[2021-12-10 22:42:06] <@^싹둑 (ssakdook)> 그런거 없다 그냥 팔로우해라
[2021-12-10 22:42:31] <%4_원소 (4elementar)> 앗
[2021-12-10 22:43:41] <%4_원소 (4elementar)> 오
[2021-12-10 22:43:56] <%강서구_노예트수 (nicholas06122)> 오
[2021-12-10 22:44:05] <%4_원소 (4elementar)> ㄴㅇㅅ
[2021-12-10 22:44:07] <goldhat1> 와
[2021-12-10 22:44:15] <chanyoung516> 꽃하
[2021-12-10 22:44:17] <%양건시 (sheepgunce)> flower0326Nice
[2021-12-10 22:44:17] <@^싹둑 (ssakdook)> chanyoung516 님 트하 ♥ flower39Gamhi
[2021-12-10 22:44:19] <%4_원소 (4elementar)> 캐리
[2021-12-10 22:44:19] <%강서구_노예트수 (nicholas06122)> 와우
[2021-12-10 22:44:23] <ugddtyh> 꽃하
[2021-12-10 22:44:24] <%강서구_노예트수 (nicholas06122)> flower0326Nice flower0326Nice
[2021-12-10 22:44:35] <%강서구_노예트수 (nicholas06122)> ㅋㅋㅋㅋㅋㅋㅋ
[2021-12-10 22:44:38] <욕못하는선비 (dksktlq5)> 쫄깃쫄깃~
[2021-12-10 22:44:49] <박낭군 (eles666)> 근데 이거 일섭이에요?
[2021-12-10 22:44:57] <네핑 (hd43430)> 친구들이 상대팀이 스트리머라고 해서 보러 왔습니다....엄청 잘한다고 가보라고 하더라고요
[2021-12-10 22:45:07] <goldhat1> 방플 ㄴ
[2021-12-10 22:45:13] <주승_ (didwntmd105)> !티어
[2021-12-10 22:45:18] <네핑 (hd43430)> 방플은 아니예요 ㅋㅋ 전 걔들 지는거 보고 싶어서
[2021-12-10 22:45:22] <김이월진짜잘생겼네 (cool_n_sexy)> 다이아 1
[2021-12-10 22:45:35] <%hershey0914> 꽃바ㅏㅏ
[2021-12-10 22:45:49] <%4_원소 (4elementar)> ㅋㅋㅋㅋㅋㅋ
[2021-12-10 22:45:53] <%찬양해꽃감이 (4asenal)> ㅋㅋㅋㅋㅋㅋ
[2021-12-10 22:45:55] <%강서구_노예트수 (nicholas06122)> ㅋㅋㅋㅋㅋㅋㅋㅋ
[2021-12-10 22:45:55] <네핑 (hd43430)> 그친구들 방플같은 지저분한짓 안해요 ㅋㅋ
[2021-12-10 22:46:17] <dynlul> im looking for a waifu to duo with
[2021-12-10 22:46:17] <%4_원소 (4elementar)> ㄲㅂ
[2021-12-10 22:46:18] <%카론カロン (k_karon)> ㄲㅂ
[2021-12-10 22:46:20] <%강서구_노예트수 (nicholas06122)> 까비
[2021-12-10 22:46:22] <jnazzf> 꽃하ㅏ
[2021-12-10 22:46:23] <ugddtyh> 까비
[2021-12-10 22:46:33] <dynlul> im radiant number 1.
[2021-12-10 22:46:37] <%_로어_ (asj055148)> ㅋㅋㅋㅋㅋㅋㅋㅋㅋㅋ
[2021-12-10 22:46:39] <dynlul> please <3
[2021-12-10 22:47:48] <네핑 (hd43430)> 저지 아깝다 야무지게 박힌거 같았는데
[2021-12-10 22:47:56] <%4_원소 (4elementar)> ㄲㅂ
[2021-12-10 22:47:57] <cheongaa0731> 꽃하
[2021-12-10 22:47:57] <@^싹둑 (ssakdook)> cheongaa0731 님 트하 ♥ flower39Gamhi
[2021-12-10 22:48:10] <psb37527> 꽃하
[2021-12-10 22:48:11] <@^싹둑 (ssakdook)> psb37527 님 트하 ♥ flower39Gamhi
[2021-12-10 22:48:12] BAN: dynlul
[2021-12-10 22:48:35] <%븐틴 (find_cut)> 파이팅!!
[2021-12-10 22:48:41] <치류길761 (dhandud2007)> 꽃하
[2021-12-10 22:48:42] <@^싹둑 (ssakdook)> 치류길761 님 트하 ♥ flower39Gamhi
[2021-12-10 22:48:46] <%강서구_노예트수 (nicholas06122)> 와우
[2021-12-10 22:49:16] <%4_원소 (4elementar)> ㄴㅇㅅ
[2021-12-10 22:49:22] <%강서구_노예트수 (nicholas06122)> flower0326Nice
[2021-12-10 22:49:23] <네핑 (hd43430)> 역전의 발판 가즈아
[2021-12-10 22:49:30] <진코리아 (kbhmono0705)> 영우보다 잘쏘시는데
[2021-12-10 22:49:46] <푸린의검 (seoulmake)> !멤버
[2021-12-10 22:49:47] <@^싹둑 (ssakdook)> 가이코 연다 포요 단즈
[2021-12-10 22:50:12] <로시____ (rothy_vlrt)> 건코리아
[2021-12-10 22:50:18] <로시____ (rothy_vlrt)> 아니구나..
[2021-12-10 22:50:23] <@^싹둑 (ssakdook)> ♥ 팔로우 해주세요 ♥
[2021-12-10 22:50:48] <%포인트릭 (pointrick)> 와..
[2021-12-10 22:51:52] <%하루_하루__ (ha_r_u)> 오
[2021-12-10 22:51:52] <goldhat1> ㄴㅇㅅ
[2021-12-10 22:51:53] <네핑 (hd43430)> 와 깔끔하게 잘쏘시네요
[2021-12-10 22:52:04] <kmjqpw> 오옹 콫감 잘쏘네
[2021-12-10 22:52:05] <%포인트릭 (pointrick)> ㄲㅂ
[2021-12-10 22:52:17] <로시____ (rothy_vlrt)> !티어
[2021-12-10 22:52:21] <kmjqpw> !나이
[2021-12-10 22:52:57] <네핑 (hd43430)> ㄲㅂ
[2021-12-10 22:53:08] <mnzxqw135> 꽃하
[2021-12-10 22:53:10] <@^싹둑 (ssakdook)> mnzxqw135 님 트하 ♥ flower39Gamhi
[2021-12-10 22:54:21] <@%머진강호 (gangho1999)> 다이아 1이구요 17세 입니다.
[2021-12-10 22:55:17] <ufo5689> !멤버
[2021-12-10 22:55:17] <@^싹둑 (ssakdook)> 가이코 연다 포요 단즈
[2021-12-10 22:55:25] <아니뭐어쩌라고21 (ao0226)> 9ㄷ3이면 가능해!!!
[2021-12-10 22:55:44] <네핑 (hd43430)> 원래 공격맵이니까 할만하지 않을까요?
[2021-12-10 22:56:32] <%4_원소 (4elementar)> 와
[2021-12-10 22:56:56] <%4_원소 (4elementar)> ㄴㅇㅅ
[2021-12-10 22:57:02] <아니뭐어쩌라고21 (ao0226)> 킹만하다
[2021-12-10 22:57:04] <%강서구_노예트수 (nicholas06122)> 킹만해!
[2021-12-10 22:57:11] <%강서구_노예트수 (nicholas06122)> ㅋㅋㅋㅋㅋㅋㅋㅋ
[2021-12-10 22:57:13] <아니뭐어쩌라고21 (ao0226)> 9대3 저주도 잇잖아요~
[2021-12-10 22:57:13] <네핑 (hd43430)> 원래 발로는 극한역전 가능한 게임이니 ㅆㄱㄴ합니다 !
[2021-12-10 22:57:16] <네핑 (hd43430)> 킹만킹만
[2021-12-10 22:57:41] <%4_원소 (4elementar)> ㅎㅇㅌ
[2021-12-10 22:57:43] <rkddptjr> !멤버
[2021-12-10 22:57:44] <@^싹둑 (ssakdook)> 가이코 연다 포요 단즈
[2021-12-10 22:57:49] <%카론カロン (k_karon)> flower0326YEAH
[2021-12-10 22:58:10] <네핑 (hd43430)> ㄴㅇㅅ
[2021-12-10 22:58:38] <네핑 (hd43430)> 오옹
[2021-12-10 22:58:40] <%4_원소 (4elementar)> 와
[2021-12-10 22:58:42] <goldhat1> 오
[2021-12-10 22:58:46] <%4_원소 (4elementar)> ㅋㅋㅋㅋㅋㅋㅋ
[2021-12-10 22:58:50] <%강서구_노예트수 (nicholas06122)> ㅋㅋㅋㅋㅋㅋㅋㅋㅋㅋㅋ
[2021-12-10 22:58:54] <%jamalee> ㅋㅋㅋㅋㅋㅋㅋㅋ
[2021-12-10 22:59:06] <아니뭐어쩌라고21 (ao0226)> ㅋㅋㅋㅋㅋㅋㅋ
[2021-12-10 22:59:08] <%4_원소 (4elementar)> 몰?루
[2021-12-10 22:59:10] <아니뭐어쩌라고21 (ao0226)> 몰?루
[2021-12-10 22:59:13] <그리무아르 (wert12946)> 오우 약밴 버릴까요 사격장 어려움 최대 23개인데 19개만 연속으로 치네요..
[2021-12-10 22:59:14] <%jamalee> 몰?루
[2021-12-10 22:59:33] <%4_원소 (4elementar)> ㄷㄷ
[2021-12-10 22:59:37] <%강서구_노예트수 (nicholas06122)> ㅋㅋㅋㅋㅋㅋㅋㅋㅋㅋ
[2021-12-10 22:59:39] <아니뭐어쩌라고21 (ao0226)> ㅋㅋㅋㅋㅋ와중에 c무엇
[2021-12-10 22:59:39] <%jamalee> ㅋㅋㅋ
[2021-12-10 22:59:57] <럭자루 (ruck_sack_)> 꽃하
[2021-12-10 22:59:58] <@^싹둑 (ssakdook)> 럭자루 님 트하 ♥ flower39Gamhi
[2021-12-10 23:00:09] <%4_원소 (4elementar)> 이러다 다 주거
[2021-12-10 23:00:11] <%강서구_노예트수 (nicholas06122)> ㅋㅋㅋㅋㅋㅋ
[2021-12-10 23:00:17] <23시에웃는사람 (manwholaughat2300)> ㅋㅋㅋㅋㅋㅋㅋㅋㅋㅋㅋ
[2021-12-10 23:00:35] <@^싹둑 (ssakdook)> ♥ 팔로우 해주세요 ♥
[2021-12-10 23:01:07] Viewerstats (22:32-23:01): avg:730 min:673 max:764 [15/673+0+0+60+0+10+0+9+0-14+0+0+26+0-24]
[2021-12-10 23:01:23] <%4_원소 (4elementar)> ㄲㅂ
[2021-12-10 23:01:26] <%강서구_노예트수 (nicholas06122)> ㄲㅂ
[2021-12-10 23:01:26] <네핑 (hd43430)> 제바알 ㅜ 까비용...
[2021-12-10 23:01:46] <_한일_ (hanil716)> 꽃히
[2021-12-10 23:01:51] <%4_원소 (4elementar)> 몰?루
[2021-12-10 23:02:12] <로시____ (rothy_vlrt)> 몰루 ?
[2021-12-10 23:02:12] <돌_담_ (defy_the_limits)> !티어
[2021-12-10 23:02:32] <%4_원소 (4elementar)> ㄷㄷ
[2021-12-10 23:02:58] <네핑 (hd43430)> 어엌ㅋㅋㅋㅋ
[2021-12-10 23:03:12] <크레이야 (lasikiss)> 꽃하
[2021-12-10 23:03:13] <@^싹둑 (ssakdook)> 크레이야 님 트하 ♥ flower39Gamhi
[2021-12-10 23:03:17] <@%머진강호 (gangho1999)> 다이아 1입니다.
[2021-12-10 23:03:34] <berry1515b> konnbannwa~~!
[2021-12-10 23:03:37] <로시____ (rothy_vlrt)> !듀오
[2021-12-10 23:04:14] <%4_원소 (4elementar)> 오
[2021-12-10 23:04:16] <네핑 (hd43430)> 오오오오오
[2021-12-10 23:04:17] <%4_원소 (4elementar)> ㄲㅂ
[2021-12-10 23:04:18] <네핑 (hd43430)> 아 ㅜㅜ
[2021-12-10 23:04:21] <네핑 (hd43430)> 대박샷이었는데
[2021-12-10 23:04:31] <%4_원소 (4elementar)> ㅋㅋㅋㅋㅋㅋ
[2021-12-10 23:04:33] <seojun6960> 꽃하
[2021-12-10 23:04:34] <@^싹둑 (ssakdook)> seojun6960 님 트하 ♥ flower39Gamhi
[2021-12-10 23:04:53] <나는_문어11 (p35799)> !티어
[2021-12-10 23:05:20] <%블루찬_ (bluechan0425)> 꽃하
[2021-12-10 23:05:20] <@^싹둑 (ssakdook)> 블루찬_ 님 트하 ♥ flower39Gamhi
[2021-12-10 23:05:29] <네핑 (hd43430)> ?이게??
[2021-12-10 23:05:33] <아니뭐어쩌라고21 (ao0226)> ㅌㅋㅋㅋㅋㅋㅋ
[2021-12-10 23:05:38] <공주년 (gainagain13)> 꽃하
[2021-12-10 23:05:40] <@^싹둑 (ssakdook)> 공주년 님 트하 ♥ flower39Gamhi
[2021-12-10 23:05:46] <%4_원소 (4elementar)> ㄲㅂ
[2021-12-10 23:05:48] <아니뭐어쩌라고21 (ao0226)> ㅈㅈ
[2021-12-10 23:05:51] <네핑 (hd43430)> 아깝다 ㅜㅜ
[2021-12-10 23:05:52] <%강서구_노예트수 (nicholas06122)> 진짜까비....
[2021-12-10 23:05:53] <Sol_Ta_> 이게 죽에
[2021-12-10 23:05:55] <%강서구_노예트수 (nicholas06122)> flower0326GG flower0326GG flower0326Sad flower0326Sad
[2021-12-10 23:05:57] <%4_원소 (4elementar)> ㅈㅈ
[2021-12-10 23:06:04] <Sol_Ta_> 까비
[2021-12-10 23:06:09] <%4_원소 (4elementar)> ㄹㅇㅋㅋ
[2021-12-10 23:06:15] <kunek6401> !멤버
[2021-12-10 23:06:15] <로시____ (rothy_vlrt)> ㅋㅋㅋ
[2021-12-10 23:06:16] <@^싹둑 (ssakdook)> 가이코 연다 포요 단즈
[2021-12-10 23:06:34] <%4_원소 (4elementar)> ㅌㅋㅋㅋㅋㅋㅋ
[2021-12-10 23:07:03] <%강서구_노예트수 (nicholas06122)> 키야
[2021-12-10 23:07:04] <로시____ (rothy_vlrt)> 엥 요거 무슨프로그램으로 하셨어요 ???
[2021-12-10 23:07:10] <로시____ (rothy_vlrt)> 이런게있구나
[2021-12-10 23:07:17] <%4_원소 (4elementar)> ㅋㅋㅋㅋㅋㅋㅋ
[2021-12-10 23:07:18] [Notification] 패르 subscribed at Tier 1. They've subscribed for 4 months, currently on a 4 month streak! [와! 언제 이만큼이나.....?]
[2021-12-10 23:07:25] <%4_원소 (4elementar)> 와
[2021-12-10 23:07:25] <goldhat1> 캬
[2021-12-10 23:07:28] <@%머진강호 (gangho1999)> 진짜 잘했다
[2021-12-10 23:07:28] <%카론カロン (k_karon)> 이야
[2021-12-10 23:07:29] <%강서구_노예트수 (nicholas06122)> 캬아
[2021-12-10 23:07:39] <%jaemin119112> 와
[2021-12-10 23:07:42] <%4_원소 (4elementar)> 바이퍼 장인 ㄷㄷ
[2021-12-10 23:08:23] <%강서구_노예트수 (nicholas06122)> ㅋㅋㅋㅋㅋㅋㅋㅋ왜 확신을 못해..
[2021-12-10 23:08:36] <%4_원소 (4elementar)> ㅋㅋㅋㅋㅋㅋㅋㅋ
[2021-12-10 23:08:45] <%nmsbt> 꽃ㅎ파
[2021-12-10 23:09:04] <!%치킨치즈볼 (syeam3)> 꽃하
[2021-12-10 23:09:04] <@^싹둑 (ssakdook)> 치킨치즈볼 님 트하 ♥ flower39Gamhi
[2021-12-10 23:09:06] <@%머진강호 (gangho1999)> ㅋㅋㅋㅋㅋㅋㅋ
[2021-12-10 23:09:11] <%4_원소 (4elementar)> ㅋㅋㅋㅋㅋㅋ
[2021-12-10 23:09:16] <%강서구_노예트수 (nicholas06122)> 보여주는거야!!!
[2021-12-10 23:09:18] <%+lego419> ㅋㅋㅋㅂㄱ
[2021-12-10 23:09:21] <%강서구_노예트수 (nicholas06122)> ㅋㅋㅋㅋㅋㅋㅋㅋㅋㅋㅋㅋㅋㅋㅋㅋ
[2021-12-10 23:15:07] <%4_원소 (4elementar)> ㄹㅇ
[2021-12-10 23:16:11] <@%머진강호 (gangho1999)> 와 저거면
[2021-12-10 23:16:43] <@%머진강호 (gangho1999)> 힘들지
