# Log started: 2021-12-10 23:30:35 +0900
[2021-12-10 23:30:35] #flowergam0326 채널 입장 중입니다
[2021-12-10 23:30:35] #flowergam0326 채널에 입장했습니다
[2021-12-10 23:30:35] ~[V] ♡✧( ु•⌄• ) (Just Chatting)~
[2021-12-10 23:30:39] <@%머진강호 (gangho1999)> 음
[2021-12-10 23:30:46] <%4_원소 (4elementar)> ㄲㅂ
[2021-12-10 23:30:51] <아니뭐어쩌라고21 (ao0226)> ㄲㅂ
[2021-12-10 23:31:02] <시안여우 (lym051209)> 상대 갑자기 빡집중하나벼
[2021-12-10 23:31:09] <%4_원소 (4elementar)> ㅋㅋㅋㅋㅋㅋ
[2021-12-10 23:31:11] <%+lego419> ㅋㅋㅋㅋㅋㅋㅋㅋㅋ
[2021-12-10 23:31:12] <아니뭐어쩌라고21 (ao0226)> ㅋㅋㅋㅋㅋ자신감지켜!!!
[2021-12-10 23:31:24] <%강서구_노예트수 (nicholas06122)> 서...윗?
[2021-12-10 23:31:24] <syycuc> !티어
[2021-12-10 23:31:25] <@%머진강호 (gangho1999)> 파이팅 김꽃감!
[2021-12-10 23:31:27] <%호두망고 (j5610)> ?
[2021-12-10 23:31:28] <@%머진강호 (gangho1999)> 다이아 1 입니다.
[2021-12-10 23:31:35] <minjun0577> 오
[2021-12-10 23:31:44] <minjun0577> 티엌
[2021-12-10 23:32:10] <%4_원소 (4elementar)> 오
[2021-12-10 23:32:12] <사신강림_ (sasin_ganrim)> 오
[2021-12-10 23:32:17] <%4_원소 (4elementar)> ㅋㅋㅋㅋㅋㅋㅋㅋ
[2021-12-10 23:32:18] <minjun0577> 눈총깔고가자
[2021-12-10 23:32:22] <yuron_1103> 꽃하
[2021-12-10 23:32:24] <@^싹둑 (ssakdook)> yuron_1103 님 트하 ♥ flower39Gamhi
[2021-12-10 23:32:28] <%+lego419> 4명이 딸피야 ㅋㅋㅋㅋㅋㅋ
[2021-12-10 23:32:30] <%강서구_노예트수 (nicholas06122)> 어케살았누
[2021-12-10 23:32:35] <시안여우 (lym051209)> 오옹
[2021-12-10 23:32:37] <아니뭐어쩌라고21 (ao0226)> 피빨려고 점프할때 3명보인거 레전드
[2021-12-10 23:32:38] <%호두망고 (j5610)> flower0326GG
[2021-12-10 23:32:42] <시안여우 (lym051209)> 오오
[2021-12-10 23:32:42] <minjun0577> ?
[2021-12-10 23:32:45] <minjun0577> ㅋ
[2021-12-10 23:33:01] <감바라 (warr_1001)> !멤버
[2021-12-10 23:33:03] <@^싹둑 (ssakdook)> 가이코 연다 포요 단즈
[2021-12-10 23:33:03] <yuron_1103> !팔로우
[2021-12-10 23:33:04] <@^싹둑 (ssakdook)> 그런거 없다 그냥 팔로우해라
[2021-12-10 23:33:12] BITS: nohackmin (145)
[2021-12-10 23:33:12] <nohackmin> Cheer145
[2021-12-10 23:33:28] <아니뭐어쩌라고21 (ao0226)> 아니...피킹ㅋㅋㅋㅋ
[2021-12-10 23:33:30] <아니뭐어쩌라고21 (ao0226)> 레전드
[2021-12-10 23:33:41] <kmjqpw> 누나 벤달스킨추천좀
[2021-12-10 23:33:54] <kmjqpw> ㅇㅋ 없다
[2021-12-10 23:33:58] <kmjqpw> 다른거
[2021-12-10 23:33:58] <%강서구_노예트수 (nicholas06122)> ㅋㅋㅋㅋㅋㅋㅋ 고민 ㄴ
[2021-12-10 23:34:01] <%강서구_노예트수 (nicholas06122)> ㅋㅋㅋ
[2021-12-10 23:34:10] <minjun0577> 실레별로인줄알았는데 볼수록잘하네요
[2021-12-10 23:34:11] <@%머진강호 (gangho1999)> 그냥 포세이큰 사서 쓰시레요
[2021-12-10 23:34:24] <kmjqpw> ㅇㅋ
[2021-12-10 23:34:36] <바지케이즈케 (sehyun12254)> 꽃하
[2021-12-10 23:34:38] <@^싹둑 (ssakdook)> 바지케이즈케 님 트하 ♥ flower39Gamhi
[2021-12-10 23:34:42] <@%머진강호 (gangho1999)> 어서오세요
[2021-12-10 23:34:46] <유아랑061 (arang_061)> 꽃하
[2021-12-10 23:34:49] <아니뭐어쩌라고21 (ao0226)> 꺅
[2021-12-10 23:34:49] <@%머진강호 (gangho1999)> 와 저지 억까ㅣ
[2021-12-10 23:34:52] <%4_원소 (4elementar)> ㄲㅂ
[2021-12-10 23:34:52] <아니뭐어쩌라고21 (ao0226)> 저지
[2021-12-10 23:34:57] <%찬양해꽃감이 (4asenal)> '저'
[2021-12-10 23:35:05] <김진원 (ekfhsl1122)> 저지가 좀 더럽네
[2021-12-10 23:35:06] <minjun0577> ㅋ
[2021-12-10 23:35:15] <유아랑061 (arang_061)> 버츄얼 이뻐요!!
[2021-12-10 23:35:19] <김이르 (ilree2)> 저지를 저지해~
[2021-12-10 23:35:28] <minjun0577> 눈총 거리가 아깝게 않보이는거리
[2021-12-10 23:35:31] <로러 (roshekq0323)> 경쟁?
[2021-12-10 23:35:42] <로오지텍 (srok0721)> !티어
[2021-12-10 23:35:47] <%강서구_노예트수 (nicholas06122)> 다이아 1 입니다.
[2021-12-10 23:35:51] <$nohackmin> 얼공해주세요
[2021-12-10 23:36:16] <@%머진강호 (gangho1999)> 아이고
[2021-12-10 23:36:19] <아니뭐어쩌라고21 (ao0226)> 다 너무 잘해...ㅋㅋ
[2021-12-10 23:36:23] <강도단123 (jinu1587)> 꽃하
[2021-12-10 23:36:25] <@^싹둑 (ssakdook)> 강도단123 님 트하 ♥ flower39Gamhi
[2021-12-10 23:36:32] <@%머진강호 (gangho1999)> 캠방 잘 안합니다.
[2021-12-10 23:36:37] <아니뭐어쩌라고21 (ao0226)> 다이아가 버티기엔 힘든것이엇다...ㅜ
[2021-12-10 23:36:46] <%4_원소 (4elementar)> ㅎㅇㅌ
[2021-12-10 23:36:48] <@%머진강호 (gangho1999)> 하긴 불멸구간이다보니
[2021-12-10 23:36:56] <minjun0577> 에임이만좀더좋으면 더잘할듯
[2021-12-10 23:37:51] <minjun0577> 눈총
[2021-12-10 23:37:54] <@%머진강호 (gangho1999)> 어우 무섭다
[2021-12-10 23:37:57] <%4_원소 (4elementar)> 아이고
[2021-12-10 23:37:58] <아니뭐어쩌라고21 (ao0226)> 흐앙...
[2021-12-10 23:37:59] <@%머진강호 (gangho1999)> 까비
[2021-12-10 23:38:09] <아니뭐어쩌라고21 (ao0226)> 지금 너무 긴장햇는데 일단
[2021-12-10 23:38:15] <jean246810> 오 생방송 처음 와봐요
[2021-12-10 23:38:17] <아니뭐어쩌라고21 (ao0226)> 쫄지마요 꽃감쎄
[2021-12-10 23:38:44] <minjun0577> 눈총가까이 깔죵
[2021-12-10 23:38:58] <%유주니__ (yu_jun1005)> ㄴㅇㅅ
[2021-12-10 23:38:59] <%4_원소 (4elementar)> ㄴㅇㅅ
[2021-12-10 23:39:00] <@%머진강호 (gangho1999)> 나이스
[2021-12-10 23:39:02] <아니뭐어쩌라고21 (ao0226)> 이게 답이엇다..
[2021-12-10 23:39:03] <%유주니__ (yu_jun1005)> ㅋㅋㅋㅋ
[2021-12-10 23:39:08] <seungmin0221> !맴버
[2021-12-10 23:39:26] <Belo_09> 궁으로 상대를 위협했죠 ㅋㅋㅋ
[2021-12-10 23:39:35] <@%머진강호 (gangho1999)> 오 포오스 이건가
[2021-12-10 23:39:50] <minjun0577> 눈총쓰면 3각이있을때 계속멀리 써서 1쪽 각이 않됨 ㅋ
[2021-12-10 23:40:01] <%4_원소 (4elementar)> 오
[2021-12-10 23:40:07] <%유주니__ (yu_jun1005)> ㄴㅇㅅ
[2021-12-10 23:40:10] <아니뭐어쩌라고21 (ao0226)> 오
[2021-12-10 23:40:14] <minjun0577> 활팅
[2021-12-10 23:40:21] <%4_원소 (4elementar)> 3킬 ㄷㄷ
[2021-12-10 23:40:22] <@^싹둑 (ssakdook)> ♥ 팔로우 해주세요 ♥
[2021-12-10 23:40:22] <%+lego419> 캐리
[2021-12-10 23:40:29] <%유주니__ (yu_jun1005)> 오
[2021-12-10 23:40:30] <%4_원소 (4elementar)> ㄴㅇㅅ
[2021-12-10 23:40:32] <아니뭐어쩌라고21 (ao0226)> 오오ㅗ오옹
[2021-12-10 23:40:33] <minjun0577> 오
[2021-12-10 23:40:34] <%jaemin119112> ㄴㅇㅅ
[2021-12-10 23:40:35] <seungmin0221> !맴버
[2021-12-10 23:40:36] <%4_원소 (4elementar)> 캐리
[2021-12-10 23:40:37] <%유주니__ (yu_jun1005)> 너무 조아따
[2021-12-10 23:40:46] <%4_원소 (4elementar)> 굿굿
[2021-12-10 23:40:47] <minjun0577> ㅁㅊ 와
[2021-12-10 23:40:50] <%+lego419> 이번라 혼자 90퍼했다
[2021-12-10 23:40:56] <김이월진짜잘생겼네 (cool_n_sexy)> !멤버
[2021-12-10 23:40:57] <@^싹둑 (ssakdook)> 가이코 연다 포요 단즈
[2021-12-10 23:41:07] <아니뭐어쩌라고21 (ao0226)> 자신감가져요
[2021-12-10 23:41:09] <%유주니__ (yu_jun1005)> 어엇
[2021-12-10 23:41:11] <minjun0577> 방금에임
[2021-12-10 23:41:13] <아니뭐어쩌라고21 (ao0226)> ㅋㅋㅋㅋㅋㅋㅋㅋ
[2021-12-10 23:41:21] <22_etws> 꽃바
[2021-12-10 23:41:21] <아니뭐어쩌라고21 (ao0226)> 너무 기쁜나머지
[2021-12-10 23:41:28] <아니뭐어쩌라고21 (ao0226)> 갑을안사버리넼ㅋㅋ
[2021-12-10 23:41:47] <%4_원소 (4elementar)> 와
[2021-12-10 23:41:55] <@%머진강호 (gangho1999)> 아이고
[2021-12-10 23:41:58] <minjun0577> 이걸
[2021-12-10 23:42:02] <minjun0577> ㄲㅂ
[2021-12-10 23:42:05] <%유주니__ (yu_jun1005)> ㄲㅂ
[2021-12-10 23:42:05] <%4_원소 (4elementar)> ㅆㅂ
[2021-12-10 23:42:07] <%4_원소 (4elementar)> ㄲㅂ
[2021-12-10 23:42:08] <@%머진강호 (gangho1999)> 까비
[2021-12-10 23:42:14] <%4_원소 (4elementar)> ㅋㅋㅋㅋㅋ
[2021-12-10 23:42:15] <%유주니__ (yu_jun1005)> ㅋㅋㅋㅋㅋㅋㅋㅋㅋㅋㅋ
[2021-12-10 23:42:18] <%jamalee> ㅋㅋㅋㅋㅋㅋ
[2021-12-10 23:42:23] <@%머진강호 (gangho1999)> 기쁨의 춤!
[2021-12-10 23:42:26] <콧구멍큰사람제일싫어 (rlaaudwns3746)> !티어
[2021-12-10 23:42:31] <치킨이는귀여워 (chicken_got)> 꽃하
[2021-12-10 23:42:33] <@^싹둑 (ssakdook)> 치킨이는귀여워 님 트하 ♥ flower39Gamhi
[2021-12-10 23:42:44] <@%머진강호 (gangho1999)> 다이아 1입니다.
[2021-12-10 23:42:55] <엔돌2 (enddl32)> 꽃하
[2021-12-10 23:42:57] <@^싹둑 (ssakdook)> 엔돌2 님 트하 ♥ flower39Gamhi
[2021-12-10 23:42:59] <cyan0727> !듀오
[2021-12-10 23:43:44] <%유주니__ (yu_jun1005)> ㄲㅂ
[2021-12-10 23:43:45] <%4_원소 (4elementar)> ㄲㅂ
[2021-12-10 23:43:48] <아니뭐어쩌라고21 (ao0226)> 아 이건
[2021-12-10 23:43:52] <%_시가 (lhg0602)> ㄲㅂ ㄲㅂ
[2021-12-10 23:43:52] <아니뭐어쩌라고21 (ao0226)> 어쩔수엊ㅅ지
[2021-12-10 23:43:52] <%유주니__ (yu_jun1005)> 저지당했다
[2021-12-10 23:44:07] <minjun0577> ㄲㅂ
[2021-12-10 23:44:16] <마무뭉 (yejoon8867)> !멤버
[2021-12-10 23:44:18] <@^싹둑 (ssakdook)> 가이코 연다 포요 단즈
[2021-12-10 23:44:18] <으29 (lm5869)> 왜 일본섭에서하세요?
[2021-12-10 23:44:32] <minjun0577> 일본어연습하는거래요
[2021-12-10 23:44:35] <으29 (lm5869)> 그렇군요.
[2021-12-10 23:44:36] <%폴룹 (plkgty675)> 꽃하
[2021-12-10 23:44:37] <%4_원소 (4elementar)> 아이고
[2021-12-10 23:44:37] <@^싹둑 (ssakdook)> 폴룹 님 트하 ♥ flower39Gamhi
[2021-12-10 23:44:39] <%유주니__ (yu_jun1005)> 소바 개사기
[2021-12-10 23:44:46] <minjun0577> 왼쪽아래
[2021-12-10 23:44:51] <minjun0577> 나옴
[2021-12-10 23:45:00] <%4_원소 (4elementar)> ㄲㅂ
[2021-12-10 23:45:02] <%유주니__ (yu_jun1005)> 진짜 저지 ㅋㅋㅋ
[2021-12-10 23:45:08] <%+lego419> 저지 숨막히네
[2021-12-10 23:45:16] <@%머진강호 (gangho1999)> 그러네요
[2021-12-10 23:45:20] <%4_원소 (4elementar)> ㄹㅇㅋㅋ
[2021-12-10 23:45:37] <김이르 (ilree2)> 칼스킨 추천해주세용
[2021-12-10 23:46:16] <%유주니__ (yu_jun1005)> ㄲㅂ
[2021-12-10 23:46:25] <%유주니__ (yu_jun1005)> ㅋㅋㅋㅋㅋㅋㅋㅋ
[2021-12-10 23:46:25] <%4_원소 (4elementar)> ㅋㅋㅋㅋㅋㅋ
[2021-12-10 23:46:29] <아니뭐어쩌라고21 (ao0226)> 공격이 ㄹㅇ 숨막히네
[2021-12-10 23:46:43] <%유주니__ (yu_jun1005)> ㅋㅋㅋㅋ
[2021-12-10 23:46:49] <%4_원소 (4elementar)> 몰?루
[2021-12-10 23:46:50] <김이르 (ilree2)> 최애 칼스킨 뭐셔요?
[2021-12-10 23:46:55] <minjun0577> 요루가 문제임
[2021-12-10 23:47:04] <%유주니__ (yu_jun1005)> 오
[2021-12-10 23:47:05] <%4_원소 (4elementar)> ?
[2021-12-10 23:47:08] <%jaemin119112> 오
[2021-12-10 23:47:09] <%4_원소 (4elementar)> 어케 맞혔누
[2021-12-10 23:47:09] <오_프 (dh_vm)> 어라
[2021-12-10 23:47:09] <%유주니__ (yu_jun1005)> ?
[2021-12-10 23:47:11] <%+lego419> ?
[2021-12-10 23:47:12] <%유주니__ (yu_jun1005)> ??????
[2021-12-10 23:47:12] <%_시가 (lhg0602)> ?
[2021-12-10 23:47:13] <%4_원소 (4elementar)> ??
[2021-12-10 23:47:14] <minjun0577> 저지에 저주
[2021-12-10 23:47:14] <%시베리아통 (pjspjh1029)> ?
[2021-12-10 23:47:16] <%유주니__ (yu_jun1005)> ?
[2021-12-10 23:47:16] <%4_원소 (4elementar)> 이걸?
[2021-12-10 23:47:17] <%_시가 (lhg0602)> ??
[2021-12-10 23:47:18] <%jaemin119112> 이걸!!!
[2021-12-10 23:47:18] <%유주니__ (yu_jun1005)> 미춌다
[2021-12-10 23:47:19] <%4_원소 (4elementar)> 쌉캐리 ㄷㄷ
[2021-12-10 23:47:20] <%시베리아통 (pjspjh1029)> 켯네
[2021-12-10 23:47:21] <minjun0577> ?ㅋ
[2021-12-10 23:47:23] <김이르 (ilree2)> ?
[2021-12-10 23:47:23] <fourem144> !명령어
[2021-12-10 23:47:23] <오_프 (dh_vm)> 이걸 어떻게..
[2021-12-10 23:47:24] <%유주니__ (yu_jun1005)> 개잘핵
[2021-12-10 23:47:27] <minjun0577> ㅋ
[2021-12-10 23:47:30] <%+lego419> 상대 현실샷건쳤겠는데?
[2021-12-10 23:47:30] <%유주니__ (yu_jun1005)> ㅋㅋㅋㅋㅋㅋㅋㅋㅋㅋㅋㅋ
[2021-12-10 23:47:32] <%4_원소 (4elementar)> ㅋㅋㅋㅋㅋㅋ
[2021-12-10 23:47:32] <%_시가 (lhg0602)> 뭐지?ㅋㅌㅋㅋㅋㅋ
[2021-12-10 23:47:34] <%유주니__ (yu_jun1005)> 뭐여
[2021-12-10 23:47:39] <%4_원소 (4elementar)> 몰?루
[2021-12-10 23:47:46] <김이르 (ilree2)> 최애 칼스킨 뭐에요??
[2021-12-10 23:47:46] <%유주니__ (yu_jun1005)> 바로 개잘핵이넹
[2021-12-10 23:47:49] <오_프 (dh_vm)> 다이아가 땅을 쳐다보더니 핵이 되었어요!
[2021-12-10 23:47:54] <%4_원소 (4elementar)> ㅋㅋㅋㅋㅋㅋㅋ
[2021-12-10 23:47:56] <%정상적이름 (dkdlfjstlqkf)> 꽃하
[2021-12-10 23:47:57] <@^싹둑 (ssakdook)> 정상적이름 님 트하 ♥ flower39Gamhi
[2021-12-10 23:47:58] <%유주니__ (yu_jun1005)> ㅋㅋㅋㅋㅋㅋㅋㅋ
[2021-12-10 23:48:03] <킬각천사 (gak1n)> !멤버
[2021-12-10 23:48:04] <@^싹둑 (ssakdook)> 가이코 연다 포요 단즈
[2021-12-10 23:48:07] <minjun0577> 사람이 어쩔때 위험을느끼먼몸이 반응한데요 ㅋ 미라클에힘
[2021-12-10 23:48:29] <%4_원소 (4elementar)> 오
[2021-12-10 23:48:36] <%정상적이름 (dkdlfjstlqkf)> 오
[2021-12-10 23:48:36] <신해인 (shi1588)> 까비
[2021-12-10 23:48:40] <아니뭐어쩌라고21 (ao0226)> 아ㅜㅜㅜ 피빨기 아깝다
[2021-12-10 23:48:43] <아니뭐어쩌라고21 (ao0226)> 무시...
[2021-12-10 23:49:16] <%유주니__ (yu_jun1005)> ㄲㅂ
[2021-12-10 23:49:16] <%4_원소 (4elementar)> ㄲㅂ
[2021-12-10 23:49:20] <오_프 (dh_vm)> ㄱㅂ
[2021-12-10 23:49:23] <%정상적이름 (dkdlfjstlqkf)> ㄲㅂ
[2021-12-10 23:50:16] <%4_원소 (4elementar)> 오오
[2021-12-10 23:50:20] <%유주니__ (yu_jun1005)> 오
[2021-12-10 23:50:21] <%4_원소 (4elementar)> ㄴㅇㅅ
[2021-12-10 23:50:21] <@^싹둑 (ssakdook)> ♥ 팔로우 해주세요 ♥
[2021-12-10 23:50:23] <%유주니__ (yu_jun1005)> ㅋㅋㅋㅋㅋㅋㅋ
[2021-12-10 23:50:25] <%4_원소 (4elementar)> 캐리
[2021-12-10 23:50:26] <%jaemin119112> ㄴㅇㅅ
[2021-12-10 23:50:27] <오_프 (dh_vm)> 와
[2021-12-10 23:50:29] <%+lego419> 치열하구만
[2021-12-10 23:50:29] <%4_원소 (4elementar)> ?
[2021-12-10 23:50:29] <%정상적이름 (dkdlfjstlqkf)> ㄴㅇㅅ
[2021-12-10 23:50:43] <Roxana28_> !감도
[2021-12-10 23:50:50] <아니뭐어쩌라고21 (ao0226)> 풀타임돌려도 6분인가?
[2021-12-10 23:51:34] <%4_원소 (4elementar)> 오
[2021-12-10 23:51:37] <solo_kyle12> 꽃하
[2021-12-10 23:51:37] <@^싹둑 (ssakdook)> solo_kyle12 님 트하 ♥ flower39Gamhi
[2021-12-10 23:52:17] <아니뭐어쩌라고21 (ao0226)> 눈총!!!!!!!!
[2021-12-10 23:52:21] <%유주니__ (yu_jun1005)> ㅋㅋㅋㅋㅋ
[2021-12-10 23:52:24] <%유주니__ (yu_jun1005)> ㄲㅂ
[2021-12-10 23:52:25] <%4_원소 (4elementar)> ㄲㅂ
[2021-12-10 23:52:29] <움파루파 (wooparupa1)> ㄲㅂ
[2021-12-10 23:52:30] <아니뭐어쩌라고21 (ao0226)> 눈총2개..ㅜㅜㅜㅜ
[2021-12-10 23:52:41] <%4_원소 (4elementar)> ㅇㅎ
[2021-12-10 23:53:04] <오_프 (dh_vm)> 투표때 무승부 투표수 보면 이번 라운드 이겨도 무승부 될거같은데..
[2021-12-10 23:53:16] <minjun0577> 보는네가 더떨리네
[2021-12-10 23:53:23] <%4_원소 (4elementar)> 앗
[2021-12-10 23:53:23] <%유주니__ (yu_jun1005)> 아이고
[2021-12-10 23:53:25] <%유주니__ (yu_jun1005)> ㅋㅋㅋㅋㅋㅋㅋ
[2021-12-10 23:53:28] <오_프 (dh_vm)> ㅋㅋㅋㅋㅋㅋㅋㅋㅋ
[2021-12-10 23:53:28] <아니뭐어쩌라고21 (ao0226)> ㅋㅋㅋㅋㅋㅋㅋㅋ
[2021-12-10 23:53:30] <신해인 (shi1588)> ㅋㅋㅋㅋ
[2021-12-10 23:53:31] <%정상적이름 (dkdlfjstlqkf)> ㅋㅋㅋㅋㅋㅋㅋㅋㅋㅋㅋㅋㅋ
[2021-12-10 23:53:35] <%유주니__ (yu_jun1005)> 많이 슬픈상황인디
[2021-12-10 23:53:37] <minjun0577> ㅋ
[2021-12-10 23:54:01] <%유주니__ (yu_jun1005)> 어?
[2021-12-10 23:54:12] <%4_원소 (4elementar)> ㅋㅋㅋㅋㅋㅋ
[2021-12-10 23:54:13] <%유주니__ (yu_jun1005)> ㅋㅋㅋㅋㅋㅋㅋ
[2021-12-10 23:54:15] <아니뭐어쩌라고21 (ao0226)> ㅋㅋㅋㅋㅋㅋㅋㅋㅋㅋ
[2021-12-10 23:54:15] <오_프 (dh_vm)> ㅋㅋㅋㅋㅋㅋㅋㅋㅋㅋㅋㅋ
[2021-12-10 23:54:16] <%유주니__ (yu_jun1005)> 이게맞지
[2021-12-10 23:54:17] <@%머진강호 (gangho1999)> 어,,,,
[2021-12-10 23:54:19] <%jaemin119112> ㅋㅋㅋㅋㅋㅋㅋㅋㅋ
[2021-12-10 23:54:21] <오_프 (dh_vm)> 이게 맞긴 하지
[2021-12-10 23:54:21] <solo_kyle12> ㅋㅋㅋㅋㅋㅋㅋ
[2021-12-10 23:54:25] <%4_원소 (4elementar)> 아이고
[2021-12-10 23:54:26] <%유주니__ (yu_jun1005)> ㄲㅂㅇ
[2021-12-10 23:54:27] <%4_원소 (4elementar)> ㅈㅈ
[2021-12-10 23:54:28] <minjun0577> ㅋ
[2021-12-10 23:54:31] <solo_kyle12> 아깝다
[2021-12-10 23:54:31] <오_프 (dh_vm)> 아 ㄲㅂ ㅈㅈ
[2021-12-10 23:54:32] <%유주니__ (yu_jun1005)> ㅈㅈ
[2021-12-10 23:54:33] <신해인 (shi1588)> 아깝다
[2021-12-10 23:54:33] <minjun0577> 제발
[2021-12-10 23:54:43] <코린이는17살__ (corin_e)> 꽃하
[2021-12-10 23:54:43] <minjun0577> ㄲㅂ
[2021-12-10 23:54:43] <@^싹둑 (ssakdook)> 코린이는17살__ 님 트하 ♥ flower39Gamhi
[2021-12-10 23:54:46] <%유주니__ (yu_jun1005)> 슬로우스타터이시네
[2021-12-10 23:54:52] <%4_원소 (4elementar)> 와
[2021-12-10 23:54:53] <minjun0577> 제 친구잘하는데
[2021-12-10 23:55:05] <아니뭐어쩌라고21 (ao0226)> 아깝다
[2021-12-10 23:55:09] <아니뭐어쩌라고21 (ao0226)> ㄹㅇ 후반에는
[2021-12-10 23:55:13] <아니뭐어쩌라고21 (ao0226)> 1인분 넘게 햇는데
[2021-12-10 23:55:14] <%4_원소 (4elementar)> ㅋㅋㅋㅋㅋㅋㅋ
[2021-12-10 23:55:16] <%유주니__ (yu_jun1005)> ㅋㅋㅋㅋㅋㅋㅋㅋㅋㅋ
[2021-12-10 23:55:17] <신해인 (shi1588)> ㅋㅋㅋㅋㅋㅋㅋㅋ
[2021-12-10 23:55:18] <%4_원소 (4elementar)> 어쩔티비
[2021-12-10 23:55:19] <%$black1_21> ㅋㅋㅋㅋㅋㅋㅋㅋ
[2021-12-10 23:55:19] <오_프 (dh_vm)> ㅋㅋㅋㅋㅋㅋㅋㅋㅋㅋㅋ
[2021-12-10 23:55:20] <567교시 (lobinoverwatch)> ㅋㅋㅋㅋㅋㅋ
[2021-12-10 23:55:22] <%강서구_노예트수 (nicholas06122)> 그니깐 자기도 아니곸ㅋㅋㅋㅋㅋㅋㅋ
[2021-12-10 23:55:23] <%jamalee> ㅋㅋㅋㅋㅌㅌㅋㅋㅋㅋㅋ
[2021-12-10 23:55:31] <%_시가 (lhg0602)> ㅋㅋㅋㅋㅋㅋㅋㅋㅋㅋㅋ
[2021-12-10 23:55:32] <%4_원소 (4elementar)> ㅋㅋㅋㅋㅋㅋㅋㅋ
[2021-12-10 23:55:37] <%유주니__ (yu_jun1005)> ㅋㅋㅋㅋㅋㅋㅋ
[2021-12-10 23:55:39] <코린이는17살__ (corin_e)> ㅋㅋㅋㅋㅋㅋㅋㅋㅋ불멸 가능!
[2021-12-10 23:55:43] <오_프 (dh_vm)> 불멸 가야죠 ㅋㅋㅋㅋㅋㅋ
[2021-12-10 23:55:46] <아니뭐어쩌라고21 (ao0226)> 아직 한달넘게 남앗어요
[2021-12-10 23:55:49] <아니뭐어쩌라고21 (ao0226)> 쌉가능이야
[2021-12-10 23:56:13] <%4_원소 (4elementar)> ㅋㅋㅋㅋㅋㅋ
[2021-12-10 23:56:25] <%유주니__ (yu_jun1005)> ㅋㅋㅋㅋㅋㅋㅋㅋㅋㅋ
[2021-12-10 23:56:29] <%4_원소 (4elementar)> 딱 1달
[2021-12-10 23:56:30] <gaiaxykr> ㅋㅋㅋㅋㅋㅋ
[2021-12-10 23:56:31] <오_프 (dh_vm)> ㅋㅋㅋㅋㅋㅋㅋㅋㅋㅋ
[2021-12-10 23:56:33] <아니뭐어쩌라고21 (ao0226)> 충분해욬ㅋㅋ
[2021-12-10 23:56:39] <코린이는17살__ (corin_e)> ㅋㅋㅋㅋㅋㅋ
[2021-12-10 23:56:41] <%4_원소 (4elementar)> 대회때처럼 하면 되긴 함
[2021-12-10 23:56:43] <아니뭐어쩌라고21 (ao0226)> 그건 맞아...ㅎ
[2021-12-10 23:56:46] <아니뭐어쩌라고21 (ao0226)> ㅎㅎㅎ
[2021-12-10 23:56:53] <코린이는17살__ (corin_e)> 대회때처럼 하시면 레디도 가능..
[2021-12-10 23:56:57] <아니뭐어쩌라고21 (ao0226)> 하루에 6시간넘게는 해야되긴함ㅋㅋㅋ
[2021-12-10 23:57:01] <%유주니__ (yu_jun1005)> 오우
[2021-12-10 23:57:06] <%강서구_노예트수 (nicholas06122)> ㄷㄷ
[2021-12-10 23:57:11] <%유주니__ (yu_jun1005)> ㅋㅋㅋㅋㅋㅋㅋㅋ
[2021-12-10 23:57:11] <%4_원소 (4elementar)> ㅋㅋㅋㅋㅋㅋ
[2021-12-10 23:57:14] <%abcdefghijklmn1111> ㅋㅋㅋㅋ
[2021-12-10 23:57:16] <아니뭐어쩌라고21 (ao0226)> ㅋㅋㅋㅋㅋㅋㅋㅋ
[2021-12-10 23:57:21] <오_프 (dh_vm)> ㅋㅋㅋㅋㅋㅋㅋㅋㅋㅋㅋㅋ
[2021-12-10 23:57:24] <아니뭐어쩌라고21 (ao0226)> 벽...
[2021-12-10 23:57:31] <%강서구_노예트수 (nicholas06122)> 그래도 주변에 레디가 있으니 그런 피드백이 가능한거죵
[2021-12-10 23:57:37] <%4_원소 (4elementar)> 엌
[2021-12-10 23:57:39] <아니뭐어쩌라고21 (ao0226)> ㅠㅠㅠㅠㅠㅠ
[2021-12-10 23:57:41] <%유주니__ (yu_jun1005)> ㅠ
[2021-12-10 23:57:41] <%이홍문 (kaas1448)> 총 이쁘네
[2021-12-10 23:57:42] <%유주니__ (yu_jun1005)> ㅋㅋㅋㅋㅋ
[2021-12-10 23:57:43] <아니뭐어쩌라고21 (ao0226)> 눙물
[2021-12-10 23:57:44] <%4_원소 (4elementar)> ㅋㅋㅋㅋㅋㅋㅋㅋㅋ
[2021-12-10 23:57:46] <%강서구_노예트수 (nicholas06122)> ㅋㅋㅋㅋㅋㅋㅋㅋㅋㅋㅋㅋㅋ
[2021-12-10 23:57:47] <%이홍문 (kaas1448)> flower0326Sad flower0326Sad flower0326Sad
[2021-12-10 23:57:51] <battle_sniper> 3시간만해도 불멸 10가능
[2021-12-10 23:57:52] <%이홍문 (kaas1448)> 안구 습기가
[2021-12-10 23:58:12] <%4_원소 (4elementar)> ㅋㅋㅋㅋㅋㅋ
[2021-12-10 23:58:16] <낮과밤을바꿔 (qkrtn306)> 죄인이 죄를 알고 잇고 방성하고 있으니 용서해주죠
[2021-12-10 23:58:34] <%4_원소 (4elementar)> 맞지
[2021-12-10 23:58:57] <오_프 (dh_vm)> 이젠 손풀렸으니까 캐리할거라고 믿어요
[2021-12-10 23:58:58] <%4_원소 (4elementar)> ㅋㅋㅋㅋㅋㅋㅋ
[2021-12-10 23:59:14] <%유주니__ (yu_jun1005)> ㅋㅋㅋㅋㅋㅋㅋㅋ
[2021-12-10 23:59:16] <오_프 (dh_vm)> ㅋㅋㅋㅋㅋㅋㅋㅋㅋㅋㅋㅋㅋㅋㅋ
[2021-12-10 23:59:18] <코린이는17살__ (corin_e)> ㅋㅋㅋㅋㅋㅋㅋㅋㅋ
[2021-12-10 23:59:18] <%4_원소 (4elementar)> 엌
[2021-12-10 23:59:54] <코린이는17살__ (corin_e)> ㅋㅋㅋㅋㅋ
[2021-12-10 23:59:54] <%유주니__ (yu_jun1005)> 하하
[2021-12-10 23:59:57] <오_프 (dh_vm)> ㅎㅎ
[2021-12-10 23:59:58] <%4_원소 (4elementar)> ㅋㅋㅋㅋㅋㅋㅋ
[2021-12-11 00:00:00] <%유주니__ (yu_jun1005)> ㅋㅋㅋㅋㅋㅋㅋㅋ
[2021-12-11 00:00:01] <오_프 (dh_vm)> ㅋㅋㅋㅋㅋㅋㅋㅋㅋㅋㅋㅋㅋㅋㅋ
[2021-12-11 00:00:02] <%4_원소 (4elementar)> 몰?루
[2021-12-11 00:00:03] <%$black1_21> ㅋㅋㅋㅋㅋㅋㅋㅋㅋ
[2021-12-11 00:00:04] <코린이는17살__ (corin_e)> 몰?루~
[2021-12-11 00:00:09] <%jamalee> 몰?루
[2021-12-11 00:00:11] <%정상적이름 (dkdlfjstlqkf)> 몰?루 ㅋㅋ
[2021-12-11 00:00:21] <%4_원소 (4elementar)> 와!
[2021-12-11 00:00:21] <%유주니__ (yu_jun1005)> ㅋㅋㅋㅋㅋㅋㅋㅋㅋㅋ
[2021-12-11 00:00:23] <코린이는17살__ (corin_e)> 와!
[2021-12-11 00:00:28] <오_프 (dh_vm)> ㅋㅋㅋㅋㅋㅋㅋㅋㅋㅋㅋㅋㅋㅋㅋㅋㅋ
[2021-12-11 00:00:30] <@^싹둑 (ssakdook)> ♥ 팔로우 해주세요 ♥
[2021-12-11 00:00:32] <%_시가 (lhg0602)> 와! 페빠
[2021-12-11 00:00:34] <%4_원소 (4elementar)> ㅋㅋㅋㅋㅋㅋㅋㅋㅋ
[2021-12-11 00:00:36] <%찬양해꽃감이 (4asenal)> ㅋㅋㅋㅋㅋㅋㅋㅋㅋㅋ
[2021-12-11 00:00:36] <%유주니__ (yu_jun1005)> ㅋㅋㅋㅋㅋㅋㅋㅋㅋㅋㅋ
[2021-12-11 00:00:36] <오_프 (dh_vm)> ㅋㅋㅋㅋㅋㅋㅋㅋㅋㅋ
[2021-12-11 00:00:37] <%$black1_21> ㅋㅋㅋㅋㅋㅋㅋㅋ
[2021-12-11 00:00:37] <강도단123 (jinu1587)> ㅋㅋㅋㅋㅋㅋㅋㅋㅋㅋㅋㅋㅋㅋㅋ
[2021-12-11 00:00:41] <%찬양해꽃감이 (4asenal)> 컨...?셉?
[2021-12-11 00:00:42] <%정상적이름 (dkdlfjstlqkf)> ㅋㅋㅋㅋㅋㅋㅋ
[2021-12-11 00:00:43] <%4_원소 (4elementar)> 오
[2021-12-11 00:00:43] <chaeha9274> ㅋㅋㅋㅋㅋㅋㅋ
[2021-12-11 00:00:44] <%_시가 (lhg0602)> 변태 세이지 페빠! ㅋㅋㅋㅋㅋㅋㅋ
[2021-12-11 00:00:45] <seungwoo26> 꽃하
[2021-12-11 00:00:46] <@^싹둑 (ssakdook)> seungwoo26 님 트하 ♥ flower39Gamhi
[2021-12-11 00:01:09] Viewerstats (23:30-00:01): avg:743 min:663 max:798 [17/704+0-41+0+72+0+17+0+0+21+0-24+0+49+0-27+0]
[2021-12-11 00:01:12] <%4_원소 (4elementar)> ㅌㅋㅋㅋㅋㅋ
[2021-12-11 00:01:32] <낮과밤을바꿔 (qkrtn306)> 이쁜말
[2021-12-11 00:01:34] <%유주니__ (yu_jun1005)> ㅋㅋㅋㅋㅋㅋㅋㅋㅋ
[2021-12-11 00:01:37] <이호식 (leehosik)> 꽃하
[2021-12-11 00:01:38] <%유주니__ (yu_jun1005)> 두근두근
[2021-12-11 00:01:39] <@^싹둑 (ssakdook)> 이호식 님 트하 ♥ flower39Gamhi
[2021-12-11 00:01:39] <오_프 (dh_vm)> 기대중 ㅋㅋㅋㅋ
[2021-12-11 00:01:40] <%4_원소 (4elementar)> 엌
[2021-12-11 00:01:47] <백호12 (erato6675)> 꽃하
[2021-12-11 00:01:48] <@^싹둑 (ssakdook)> 백호12 님 트하 ♥ flower39Gamhi
[2021-12-11 00:01:52] <오_프 (dh_vm)> 오
[2021-12-11 00:02:00] <%유주니__ (yu_jun1005)> ㅋㅋㅋㅋㅋㅋㅋㅋ
[2021-12-11 00:02:01] <%4_원소 (4elementar)> ㅋㅋㅋㅋㅋㅋㅋ
[2021-12-11 00:02:03] <오_프 (dh_vm)> ㅋㅋㅋㅋㅋㅋㅋㅋㅋㅋㅋㅋㅋㅋ
[2021-12-11 00:02:06] <%강서구_노예트수 (nicholas06122)> ㅋㅋㅋㅋㅋㅋㅋ
[2021-12-11 00:02:07] <@%머진강호 (gangho1999)> 페빠/아줄이(일반인)/콜다/준바마우스도둑/꽃감이
[2021-12-11 00:02:15] <%유주니__ (yu_jun1005)> 와 1등세이지
[2021-12-11 00:02:18] <코린이는17살__ (corin_e)> ㅋㅋㅋㅋㅋㅋㅋㅋㅋㅋ
[2021-12-11 00:02:19] <%4_원소 (4elementar)> ㅋㅋㅋㅋㅋㅋㅋㅋㅋㅋ
[2021-12-11 00:02:21] <오_프 (dh_vm)> ㅋㅋㅋㅋㅋㅋㅋㅋㅋㅋㅋㅋㅋㅋㅋㅋㅋ
[2021-12-11 00:02:24] <@%머진강호 (gangho1999)> ㅋㅋㅋㅋㅋㅋㅋㅋㅋㅋㅋ
[2021-12-11 00:02:26] <%강서구_노예트수 (nicholas06122)> ㅋㅋㅋㅋㅋㅋㅋㅋㅋㅋㅋㅋ
[2021-12-11 00:02:26] <%유주니__ (yu_jun1005)> 바로 눈깔쓰고 연막써주는 도구로 바꾸기 ㅋㅋㅋ
[2021-12-11 00:02:35] <%4_원소 (4elementar)> 맞지
[2021-12-11 00:02:36] <%+lego419> 아 ㅋㅋ 트레이드 해줄테니까 들어가라고
[2021-12-11 00:02:41] <%유주니__ (yu_jun1005)> ㅋㅋㅋㅋㅋㅋㅋㅋ
[2021-12-11 00:02:41] <%4_원소 (4elementar)> ㅋㅋㅋㅋㅋㅋㅋㅋ
[2021-12-11 00:02:55] <%강서구_노예트수 (nicholas06122)> ㅋㅋㅋㅋㅋㅋㅋㅋ
[2021-12-11 00:02:55] <%유주니__ (yu_jun1005)> ㅋㅋㅋㅋㅋㅋㅋㅋㅋㅋㅋㅋㅋㅋㅋ
[2021-12-11 00:02:56] <@%머진강호 (gangho1999)> 근데 세이지 없으면 좀 큰 판이 있음
[2021-12-11 00:02:56] <오_프 (dh_vm)> ㅋㅋㅋㅋㅋㅋㅋㅋㅋㅋㅋ\
[2021-12-11 00:03:03] <%강서구_노예트수 (nicholas06122)> 이게 세이지의 마인드다
[2021-12-11 00:03:05] <코린이는17살__ (corin_e)> 참된 마인드 배우고 갑니다
[2021-12-11 00:03:23] <%4_원소 (4elementar)> ㄹㅇ
[2021-12-11 00:03:34] <그리무아르 (wert12946)> 폐빠님 부계정 만났는데 레이나 하시던데요 ㅋㅋㅋ
[2021-12-11 00:03:37] <오_프 (dh_vm)> 아무리 봐도 못따라할거같은 느낌..
[2021-12-11 00:03:37] <%4_원소 (4elementar)> 오
[2021-12-11 00:03:54] <@%머진강호 (gangho1999)> ㅋㅋㅋㅋㅋㅋㅋㅋㅋㅋㅋㅋㅋㅋ
[2021-12-11 00:03:54] <%4_원소 (4elementar)> ㅋㅋㅋㅋㅋㅋㅋㅋㅋ
[2021-12-11 00:03:54] <백호12 (erato6675)> !티어
[2021-12-11 00:03:56] <%유주니__ (yu_jun1005)> ㅋㅋㅋㅋㅋㅋㅋㅋ
[2021-12-11 00:04:00] <@%머진강호 (gangho1999)> 다이아 1 입니다.
[2021-12-11 00:04:03] <%4_원소 (4elementar)> 와
[2021-12-11 00:04:04] <%유주니__ (yu_jun1005)> ?
[2021-12-11 00:04:07] <%abcdefghijklmn1111> 와
[2021-12-11 00:04:07] <%유주니__ (yu_jun1005)> 미쵸
[2021-12-11 00:04:09] <오_프 (dh_vm)> 어우야..
[2021-12-11 00:04:09] <%강서구_노예트수 (nicholas06122)> ?
[2021-12-11 00:04:11] <코린이는17살__ (corin_e)> 와
[2021-12-11 00:04:11] <%정상적이름 (dkdlfjstlqkf)> ??
[2021-12-11 00:04:12] <%+lego419> 현기증나네..
[2021-12-11 00:04:12] <%4_원소 (4elementar)> ㄷㄷ
[2021-12-11 00:04:12] <%강서구_노예트수 (nicholas06122)> ??????
[2021-12-11 00:04:14] <햄토냥 (hamgukbap)> !티어
[2021-12-11 00:04:15] <그리무아르 (wert12946)> 그때 친추 했는데 전적이 크흠..
[2021-12-11 00:04:15] <코린이는17살__ (corin_e)> 미쳣나바..
[2021-12-11 00:04:25] <%유주니__ (yu_jun1005)> ㅋㅋㅋㅋㅋㅋㅋㅋㅋㅋㅋㅋㅋ
[2021-12-11 00:04:30] <오_프 (dh_vm)> 이정도면 본인이 세이지 아니야...?
[2021-12-11 00:04:31] <%4_원소 (4elementar)> ㅋㅋㅋㅋㅋㅋㅋㅋ
[2021-12-11 00:04:32] <코린이는17살__ (corin_e)> ㅋㅋㅋㅋㅋㅋㅋㅋ
[2021-12-11 00:04:34] <%유주니__ (yu_jun1005)> ㅋㅋㅋㅋㅋㅋㅋㅋㅋ
[2021-12-11 00:04:35] <오_프 (dh_vm)> ㅋㅋㅋㅋㅋㅋㅋㅋㅋㅋㅋㅋㅋㅋㅋㅋ
[2021-12-11 00:04:37] <%abcdefghijklmn1111> ㅋㅋㅋㅋㅋㅋㅋ
[2021-12-11 00:04:47] <코린이는17살__ (corin_e)> 세이지님 페빠해주세요 하면 되나
[2021-12-11 00:04:57] <%4_원소 (4elementar)> 오
[2021-12-11 00:04:58] <코린이는17살__ (corin_e)> ㅇ0ㅇ
[2021-12-11 00:05:00] <오_프 (dh_vm)> 오
[2021-12-11 00:05:03] <%유주니__ (yu_jun1005)> ㅋㅋㅋㅋㅋ
[2021-12-11 00:05:04] <%4_원소 (4elementar)> ㅋㅋㅋㅋㅋㅋㅋㅋ
[2021-12-11 00:05:09] <오_프 (dh_vm)> ㅋㅋㅋㅋㅋㅋㅋㅋㅋㅋㅋㅋㅋ
[2021-12-11 00:05:14] <rkddptjr> !멤버
[2021-12-11 00:05:15] <@^싹둑 (ssakdook)> 가이코 연다 포요 단즈
[2021-12-11 00:05:35] <%유주니__ (yu_jun1005)> ㅋㅋㅋㅋㅋㅋㅋㅋ
[2021-12-11 00:05:35] <%4_원소 (4elementar)> ㅋㅋㅋㅋㅋㅋㅋㅋㅋㅋ
[2021-12-11 00:05:38] <오_프 (dh_vm)> ㅋㅋㅋㅋㅋㅋㅋㅋㅋㅋㅋㅋ
[2021-12-11 00:05:38] <%강서구_노예트수 (nicholas06122)> ㅋㅋㅋㅋㅋㅋㅋㅋ
[2021-12-11 00:05:39] <@%머진강호 (gangho1999)> 페빠/아주르(일반인)/콜다(일반인)/준바마우스도둑(일반인)/꽃감이
[2021-12-11 00:05:45] <%정상적이름 (dkdlfjstlqkf)> ㅋㅋㅋㅋㅋㅋㅋㅋㅋ
[2021-12-11 00:05:47] <%4_원소 (4elementar)> 엌
[2021-12-11 00:05:51] <그리무아르 (wert12946)> 미션 더 걸깡
[2021-12-11 00:05:58] <%4_원소 (4elementar)> ㅋㅋㅋㅋㅋㅋㅋㅋㅋ
[2021-12-11 00:05:59] <%$black1_21> ㅋㅋㅋㅋㅋㅋㅋㅋㅋㅋ
[2021-12-11 00:06:00] <코린이는17살__ (corin_e)> ㅋㅋㅋㅋㅋㅋㅋㅋㅋㅋ
[2021-12-11 00:06:00] <%강서구_노예트수 (nicholas06122)> ㅋㅋㅋㅋㅋㅋㅋㅋㅋㅋ
[2021-12-11 00:06:02] <오_프 (dh_vm)> 세이지밖에 안보여요 버그인가
[2021-12-11 00:06:03] <%+lego419> 선생님 현기증나요
[2021-12-11 00:06:04] <%찬양해꽃감이 (4asenal)> ㅋㅋㅋㅋㅋㅋㅋㅋㅋㅋㅋ
[2021-12-11 00:06:05] <%4_원소 (4elementar)> 세이지 도배 레전드
[2021-12-11 00:06:07] <%정상적이름 (dkdlfjstlqkf)> ㅋㅋㅋㅋㅋㅋㅋ
[2021-12-11 00:06:59] <누군가는잊은지섭 (darensarom)> 꽃하
[2021-12-11 00:07:00] <@^싹둑 (ssakdook)> 누군가는잊은지섭 님 트하 ♥ flower39Gamhi
[2021-12-11 00:07:02] <오_프 (dh_vm)> 이정도면 방 벽지도 세이지일거야...
[2021-12-11 00:07:07] <%4_원소 (4elementar)> ㅋㅋㅋㅋㅋㅋㅋㅋ
[2021-12-11 00:07:07] <코린이는17살__ (corin_e)> ㅋㅋㅋㅋㅋㅋㅋㅋㅋ
[2021-12-11 00:07:11] <오_프 (dh_vm)> ㅋㅋㅋㅋㅋㅋㅋㅋㅋㅋㅋㅋㅋㅋ
[2021-12-11 00:07:34] <fp1025> 꽃하
[2021-12-11 00:07:36] <@^싹둑 (ssakdook)> fp1025 님 트하 ♥ flower39Gamhi
[2021-12-11 00:07:42] <%4_원소 (4elementar)> 엌
[2021-12-11 00:07:44] <오_프 (dh_vm)> ㅋㅋㅋㅋㅋㅋㅋㅋㅋㅋㅋㅋㅋㅋㅋㅋㅋ
[2021-12-11 00:07:45] <아니뭐어쩌라고21 (ao0226)> ㅋㅋㅋㅋㅋㅋㅋㅋㅋ
[2021-12-11 00:07:47] <%찬양해꽃감이 (4asenal)> ㅋㅋㅋㅋㅋㅋㅋㅋㅋㅋ
[2021-12-11 00:07:49] <%정상적이름 (dkdlfjstlqkf)> ㅋㅋㅋㅋㅋㅋㅋㅋ
[2021-12-11 00:07:55] <%4_원소 (4elementar)> ㅋㅋㅋㅋㅋㅋㅋㅋ
[2021-12-11 00:08:03] <%찬양해꽃감이 (4asenal)> ㅋㅋㅋㅋㅋㅋㅋㅋㅋㅋㅋㅋㅋ
[2021-12-11 00:08:06] <%4_원소 (4elementar)> ㄹㅇ
[2021-12-11 00:08:11] <%강서구_노예트수 (nicholas06122)> ㄹㅇㅋㅋ
[2021-12-11 00:08:12] <오_프 (dh_vm)> ㅋㅋㅋㅋㅋㅋㅋㅋㅋㅋㅋㅋ
[2021-12-11 00:08:12] <%정상적이름 (dkdlfjstlqkf)> ㄹㅇ
[2021-12-11 00:08:13] <%찬양해꽃감이 (4asenal)> ㄷㄷㄷ
[2021-12-11 00:08:17] <낮과밤을바꿔 (qkrtn306)> 팬티도 세이지
[2021-12-11 00:08:19] <%강서구_노예트수 (nicholas06122)> 킹리적 갓심으로다가
[2021-12-11 00:08:23] <@%머진강호 (gangho1999)> ???
[2021-12-11 00:08:24] <%4_원소 (4elementar)> 오
[2021-12-11 00:08:26] <그리무아르 (wert12946)> 스테츄에요
[2021-12-11 00:08:34] <그리무아르 (wert12946)> 스테츄 나왔어요
[2021-12-11 00:08:38] <%4_원소 (4elementar)> ㄷㄷ
[2021-12-11 00:08:38] <%유주니__ (yu_jun1005)> ㄷㄷ
[2021-12-11 00:08:42] <%강서구_노예트수 (nicholas06122)> ㄷㄷ
[2021-12-11 00:08:43] <오_프 (dh_vm)> 29만...
[2021-12-11 00:08:44] <%찬양해꽃감이 (4asenal)> ㄷㄷㄷㄷ
[2021-12-11 00:08:51] <%4_원소 (4elementar)> 와
[2021-12-11 00:08:53] <데스윙크22 (ksw9688)> ㄷ
[2021-12-11 00:08:56] <%강서구_노예트수 (nicholas06122)> 30 ㄷㄷㅋㅋㅋㅋ
[2021-12-11 00:08:57] <%윤캉이 (yunkang1103)> ..ㄷ.
[2021-12-11 00:09:01] <%찬양해꽃감이 (4asenal)> 감님이라면...?
[2021-12-11 00:09:05] <%4_원소 (4elementar)> 쩔긴 한다
[2021-12-11 00:09:10] <%찬양해꽃감이 (4asenal)> ㅋㅋㅋㅋㅋㅋㅋㅋㅋ
[2021-12-11 00:09:16] <%유주니__ (yu_jun1005)> ㅋㅋㅋㅋㅋㅋㅋ
[2021-12-11 00:09:20] <%4_원소 (4elementar)> 앗
[2021-12-11 00:09:20] <오_프 (dh_vm)> ㅋㅋㅋㅋㅋㅋㅋㅋㅋㅋㅋㅋ
[2021-12-11 00:09:22] <_이원_ (dldnjs__)> ㅋㅋㅋㅋㅋㅋㅋ
[2021-12-11 00:09:26] <그리무아르 (wert12946)> 감님 이대로 2시까지 하길... 야간 알바는 웁니다...
[2021-12-11 00:09:28] <tkdkreh> !업타임
[2021-12-11 00:09:29] <@^싹둑 (ssakdook)> 방송 업타임: 3 시간 01 분 57 초
[2021-12-11 00:09:33] <%4_원소 (4elementar)> ㅋㅋㅋㅋㅋㅋㅋㅋㅋ
[2021-12-11 00:09:33] <%유주니__ (yu_jun1005)> ㅋㅋㅋㅋㅋㅋㅋㅋㅋ
[2021-12-11 00:09:35] <오_프 (dh_vm)> ㅋㅋㅋㅋㅋㅋㅋㅋㅋㅋㅋㅋㅋㅋㅋㅋㅋㅋㅋㅋ
[2021-12-11 00:09:37] <냥냥이킥복싱 (sonjihyo)> ㅋㅋㅋㅋㅋㅋㅋㅋ
[2021-12-11 00:09:37] <%_시가 (lhg0602)> ㅋㅋㅋㅋㅋㅋㅋㅋㅋㅋㅋㅋㅋㅋㅋㅋㅋㅋㅋㅋㅋㅋㅋㅋㅋ
[2021-12-11 00:09:41] <%강서구_노예트수 (nicholas06122)> ㅋㅋㅋㅋㅋㅋㅋㅋㅋㅋㅋㅋㅋㅋㅋ
[2021-12-11 00:10:03] <rexvlrt> http://stores.auction.co.kr/riotstore/List?DisplayType=None&SortType=None
[2021-12-11 00:10:04] <%4_원소 (4elementar)> ㅋㅋㅋㅋㅋ
[2021-12-11 00:10:06] <오_프 (dh_vm)> 아 ㅋㅋㅋㅋㅋㅋㅋㅋ
[2021-12-11 00:10:09] <rexvlrt> 여기가면 21만원이에요
[2021-12-11 00:10:12] <_이원_ (dldnjs__)> 발로란트GO도 큐티한디
[2021-12-11 00:10:15] <@^싹둑 (ssakdook)> ♥ 팔로우 해주세요 ♥
[2021-12-11 00:10:30] <%4_원소 (4elementar)> ㅋㅋㅋㅋㅋㅋㅋㅋㅋ
[2021-12-11 00:10:33] <낮과밤을바꿔 (qkrtn306)> 이미 사는걸 생각하고 배송을 고민해
[2021-12-11 00:10:41] <그리무아르 (wert12946)> 길면 2주?일거에요 해외
[2021-12-11 00:11:12] <코린이는17살__ (corin_e)> 요루 미션!
[2021-12-11 00:11:15] <%4_원소 (4elementar)> ㅋㅋㅋㅋㅋ
[2021-12-11 00:11:16] <_이원_ (dldnjs__)> 미션!
[2021-12-11 00:11:16] <코린이는17살__ (corin_e)> ㅋㅋㅋㅋㅋ
[2021-12-11 00:11:20] <오_프 (dh_vm)> ㅋㅋㅋㅋㅋㅋㅋㅋㅋㅋㅋㅋ
[2021-12-11 00:11:20] <그리무아르 (wert12946)> 귀칼 좋아하시나요? 귀칼 관절 피규어도ㅠ있는데
[2021-12-11 00:11:24] <%꽃눈희 (furnace0304)> !멤버
[2021-12-11 00:11:26] <@^싹둑 (ssakdook)> 가이코 연다 포요 단즈
[2021-12-11 00:11:30] <@%머진강호 (gangho1999)> 페빠/아주르(일반인)/콜다(일반인)/준바마우스도둑(일반인)/꽃감이
[2021-12-11 00:11:36] <@%머진강호 (gangho1999)> 이 멤버 입니다.
[2021-12-11 00:11:42] <그리무아르 (wert12946)> 버즈모드 귀멸의칼날 치면나와요
[2021-12-11 00:11:44] <%+lego419> 돈 많이 깨지는 취미
[2021-12-11 00:12:18] <눈눈사람사람 (jiwon6590)> !티어
[2021-12-11 00:12:36] <그리무아르 (wert12946)> 꽃감좌에게 선택받은 유튜버
[2021-12-11 00:12:50] <욕못하는선비 (dksktlq5)> ㅋㅋㅋㅋㅋㅋㅋㅋㅋ
[2021-12-11 00:12:50] <%4_원소 (4elementar)> ㅋㅋㅋㅋㅋㅋㅋ
[2021-12-11 00:12:51] <코린이는17살__ (corin_e)> ㅋㅋㅋㅋㅋㅋㅋ
[2021-12-11 00:12:56] <오_프 (dh_vm)> ㅋㅋㅋㅋㅋㅋㅋㅋㅋㅋㅋㅋㅋㅋㅋ
[2021-12-11 00:13:04] <그리무아르 (wert12946)> 감님 실제로 해보져 그 잼민 요루
[2021-12-11 00:13:25] <코린이는17살__ (corin_e)> 오
[2021-12-11 00:13:26] <욕못하는선비 (dksktlq5)> 나이수!
[2021-12-11 00:13:26] <%4_원소 (4elementar)> 오
[2021-12-11 00:13:44] <코린이는17살__ (corin_e)> 오 뭐야
[2021-12-11 00:13:45] <%abcdefghijklmn1111> 오
[2021-12-11 00:13:45] <욕못하는선비 (dksktlq5)> 오 개잘해
[2021-12-11 00:13:45] <%4_원소 (4elementar)> 와우
[2021-12-11 00:13:45] <오_프 (dh_vm)> 와
[2021-12-11 00:13:47] <오_프 (dh_vm)> 뭐야
[2021-12-11 00:13:47] <욕못하는선비 (dksktlq5)> 이게 잼민요루?
[2021-12-11 00:13:50] <코린이는17살__ (corin_e)> 에이스?
[2021-12-11 00:13:54] <%4_원소 (4elementar)> ㅋㅋㅋㅋㅋㅋ
[2021-12-11 00:14:05] <오_프 (dh_vm)> ㅋㅋㅋㅋㅋㅋㅋㅋㅋㅋㅋㅋㅋ
[2021-12-11 00:14:08] <욕못하는선비 (dksktlq5)> 악
[2021-12-11 00:14:08] <코린이는17살__ (corin_e)> ㅋㅋㅋㅋㅋㅋㅋㅋㅋㅋㅋㅋ
[2021-12-11 00:14:10] <%4_원소 (4elementar)> ㅋㅋㅋㅋㅋㅋㅋㅋㅋㅋ
[2021-12-11 00:14:11] <오_프 (dh_vm)> 어라 ㅋㅋㅋㅋㅋㅋㅋㅋㅋㅋㅋㅋ
[2021-12-11 00:14:12] <%abcdefghijklmn1111> ㄲㅂ
[2021-12-11 00:14:13] <%nmsbt> ㅋㅋㅋㅋㅋㅋㅋㅋㅋㅋ
[2021-12-11 00:14:15] <냥냥이킥복싱 (sonjihyo)> ㅋㅋㅋㅋㅋㅋ
[2021-12-11 00:14:18] <욕못하는선비 (dksktlq5)> 와
[2021-12-11 00:14:21] <%abcdefghijklmn1111> ㅋㅋㅋㅋ
[2021-12-11 00:14:24] <오_프 (dh_vm)> 와 이걸 진짜 보게되네 ㅋㅋㅋ
[2021-12-11 00:14:33] <%+lego419> 공간을 만들어내네
[2021-12-11 00:14:41] <토자카 (tojaka123)> ㅋㅋㅋㅋㅋ
[2021-12-11 00:14:49] <%4_원소 (4elementar)> ㄴㅇㅅ
[2021-12-11 00:14:50] <욕못하는선비 (dksktlq5)> 푝
[2021-12-11 00:14:51] <오_프 (dh_vm)> ㄴㅇㅅ
[2021-12-11 00:14:56] <토자카 (tojaka123)> ㄲㅂ
[2021-12-11 00:15:40] <seungmin0221> !맴버
[2021-12-11 00:15:42] <%4_원소 (4elementar)> 오
[2021-12-11 00:15:46] <오_프 (dh_vm)> 와
[2021-12-11 00:15:46] <%+lego419> 오
[2021-12-11 00:15:48] <%abcdefghijklmn1111> 오
[2021-12-11 00:15:49] <개잘못핵 (dog_hak)> 오
[2021-12-11 00:15:49] <%강서구_노예트수 (nicholas06122)> 이야
[2021-12-11 00:15:51] <%정상적이름 (dkdlfjstlqkf)> 오
[2021-12-11 00:15:55] <%4_원소 (4elementar)> 앗
[2021-12-11 00:15:57] <오_프 (dh_vm)> 진짜 멋지다
[2021-12-11 00:15:59] <%강서구_노예트수 (nicholas06122)> 엌ㅋㅋㅋ
[2021-12-11 00:16:13] <%4_원소 (4elementar)> ㄴㅇㅅ
[2021-12-11 00:16:14] <오_프 (dh_vm)> ㅋㅋㅋㅋㅋㅋㅋㅋㅋㅋㅋㅋㅋㅋㅋㅋ
[2021-12-11 00:16:20] <%abcdefghijklmn1111> 네
[2021-12-11 00:16:20] <%강서구_노예트수 (nicholas06122)> 네
[2021-12-11 00:16:31] <%4_원소 (4elementar)> ㅋㅋㅋㅋㅋㅋㅋ
[2021-12-11 00:17:02] <오_프 (dh_vm)> 쉽게 달성
[2021-12-11 00:17:02] <%강서구_노예트수 (nicholas06122)> 오
[2021-12-11 00:17:07] <오_프 (dh_vm)> ㄲㅂ
[2021-12-11 00:17:10] <%4_원소 (4elementar)> 미션 성공
[2021-12-11 00:17:11] <%강서구_노예트수 (nicholas06122)> ez
[2021-12-11 00:17:13] <%abcdefghijklmn1111> ㄴㅇㅅ
[2021-12-11 00:17:14] <그리무아르 (wert12946)> 너무 쉬웠넹..
[2021-12-11 00:17:34] <%삥끄투표 (friend3338)> 꽃감님 맵.이미지 없어졌어요
[2021-12-11 00:17:38] <그리무아르 (wert12946)> 거의 비트 코인 마냥 탕진 시키네요...
[2021-12-11 00:17:49] <%강서구_노예트수 (nicholas06122)> 내일이나 모래 영도데이 할까용?
[2021-12-11 00:18:04] <%4_원소 (4elementar)> ㄲㅂ
[2021-12-11 00:18:07] <오_프 (dh_vm)> 에고 ㄲㅂ
[2021-12-11 00:18:11] <%강서구_노예트수 (nicholas06122)> ㄲㅂ
[2021-12-11 00:18:22] <rkddptjr> 맵 이미지
[2021-12-11 00:18:29] <rkddptjr> 사라졌어여
[2021-12-11 00:18:30] <%4_원소 (4elementar)> ㅇㄱㅇ
[2021-12-11 00:18:34] <%강서구_노예트수 (nicholas06122)> ㅇㄱㅇ
[2021-12-11 00:18:48] <새배해봐라 (jmdkmj)> 퇴장.
[2021-12-11 00:18:49] <오_프 (dh_vm)> ㅋㅋㅋㅋㅋㅋㅋㅋ
[2021-12-11 00:18:52] <%_시가 (lhg0602)> ?
[2021-12-11 00:18:53] <%4_원소 (4elementar)> 오
[2021-12-11 00:18:54] <욕못하는선비 (dksktlq5)> 오우
[2021-12-11 00:18:55] <%_시가 (lhg0602)> 와?
[2021-12-11 00:18:57] <개잘못핵 (dog_hak)> ㄷㄷ
[2021-12-11 00:18:57] <오_프 (dh_vm)> 어우야..
[2021-12-11 00:18:57] <새배해봐라 (jmdkmj)> ㅗㅜ
[2021-12-11 00:18:58] <%abcdefghijklmn1111> 오
[2021-12-11 00:18:58] <%4_원소 (4elementar)> 레전드다
[2021-12-11 00:19:00] <%삥끄투표 (friend3338)> 감님 맵 안막으시나요?
[2021-12-11 00:19:00] <냥냥이킥복싱 (sonjihyo)> ㅋㅋㅋㅋㅋㅋㅋㅋ
[2021-12-11 00:19:01] <%_시가 (lhg0602)> 이게 꼬깜??
[2021-12-11 00:19:03] <캐닉_ (canic1246)> 오
[2021-12-11 00:19:06] <오_프 (dh_vm)> 이정돈 해야 다이아인가
[2021-12-11 00:19:09] <캐닉_ (canic1246)> 꽃하
[2021-12-11 00:19:09] <%4_원소 (4elementar)> 갑자기 에임 떡상중
[2021-12-11 00:19:09] <@^싹둑 (ssakdook)> 캐닉_ 님 트하 ♥ flower39Gamhi
[2021-12-11 00:19:12] <rkddptjr> 맵이여
[2021-12-11 00:19:17] <오_프 (dh_vm)> 아니 저건 뭐여..
[2021-12-11 00:19:20] <%4_원소 (4elementar)> ㅋㅋㅋㅋㅋㅋㅋㅋ
[2021-12-11 00:19:21] <%+lego419> 누가 저기 벽공사를 야무지게해놨네
[2021-12-11 00:19:21] <냥냥이킥복싱 (sonjihyo)> 벽이ㅋㅋㅋㅋㅋㅋ
[2021-12-11 00:19:24] <그리무아르 (wert12946)> 총달린 사이퍼 캠이네 ㅋㅋ
[2021-12-11 00:19:27] <캐닉_ (canic1246)> ㅋㅋㅋㅋ
[2021-12-11 00:19:33] <%4_원소 (4elementar)> ㄴㅇㅅ
[2021-12-11 00:19:34] <새배해봐라 (jmdkmj)> 보자마자 페빠님인거 바로 알았다 진짜..
[2021-12-11 00:19:35] <오_프 (dh_vm)> ㄴㅇㅅ
[2021-12-11 00:19:53] <rkddptjr> 맵 안막는건여
[2021-12-11 00:20:01] <%_시가 (lhg0602)> 역시 페빠님은..
[2021-12-11 00:20:15] <@^싹둑 (ssakdook)> ♥ 팔로우 해주세요 ♥
[2021-12-11 00:20:16] <오_프 (dh_vm)> 에고 ㄲㅂ
[2021-12-11 00:20:18] <%_시가 (lhg0602)> ㄲㅂ
[2021-12-11 00:20:18] <%4_원소 (4elementar)> ㅋㅋㅋㅋㅋㅋㅋ
[2021-12-11 00:20:33] <%_시가 (lhg0602)> ㅋㅋㅋㅋㅋㅋㅋㅋㅋ
[2021-12-11 00:20:40] <%4_원소 (4elementar)> ㄲㅂㅇ
[2021-12-11 00:20:43] <오_프 (dh_vm)> 에이스...
[2021-12-11 00:20:43] <%강서구_노예트수 (nicholas06122)> 꽃감님 에어팟 키링이 호접몽 달 퍼플 맞나요
[2021-12-11 00:20:47] <%찬양해꽃감이 (4asenal)> flower0326Nicetry
[2021-12-11 00:20:52] <%4_원소 (4elementar)> ㅋㅋㅋㅋㅋㅋㅋ
[2021-12-11 00:20:53] <%삥끄투표 (friend3338)> !후원
[2021-12-11 00:21:02] <오_프 (dh_vm)> ㅋㅋㅋㅋㅋㅋㅋㅋㅋㅋㅋㅋㅋ
[2021-12-11 00:21:52] <%강서구_노예트수 (nicholas06122)> ㅋㅋㅋㅋㅋㅋㅋ
[2021-12-11 00:21:53] <저스트1 (jeoseuteu)> 꽃하
[2021-12-11 00:21:54] <@^싹둑 (ssakdook)> 저스트1 님 트하 ♥ flower39Gamhi
[2021-12-11 00:21:55] <%하얀구름07 (flower_kim26)> ㅋㅋㅋㅋㅋ
[2021-12-11 00:21:56] <%4_원소 (4elementar)> ㄴㅇㅅ
[2021-12-11 00:21:56] <오_프 (dh_vm)> ㄴㅇㅅ
[2021-12-11 00:21:58] <@%머진강호 (gangho1999)> 오오오오오ㅗ
[2021-12-11 00:22:02] <%정상적이름 (dkdlfjstlqkf)> ㄴㅇㅅ
[2021-12-11 00:22:07] <%강서구_노예트수 (nicholas06122)> ㄷㄷ하네
[2021-12-11 00:22:07] <%4_원소 (4elementar)> ㅈㅈ
[2021-12-11 00:22:09] <@%머진강호 (gangho1999)> 아 지지
[2021-12-11 00:22:09] <헤드원탭장인 (head_onetap)> ㅈㅈ
[2021-12-11 00:22:10] <새배해봐라 (jmdkmj)> 벽.
[2021-12-11 00:22:11] <오_프 (dh_vm)> 어라 ㅈㅈ ㅋㅋㅋㅋㅋㅋㅋㅋㅋㅋㅋ
[2021-12-11 00:22:14] <%abcdefghijklmn1111> flower0326GG flower0326GG flower0326GG
[2021-12-11 00:22:14] <%이월랑 (gq670309)> 와
[2021-12-11 00:22:14] <%정상적이름 (dkdlfjstlqkf)> ㅈㅈ
[2021-12-11 00:22:14] <%4_원소 (4elementar)> 상대 벽 느꼈네
[2021-12-11 00:22:16] <@%머진강호 (gangho1999)> 페빠/아주르(일반인)/콜다(일반인)/준바마우스도둑(일반인)/꽃감이
[2021-12-11 00:22:18] <%4_원소 (4elementar)> ㅋㅋㅋㅋㅋㅋㅋ
[2021-12-11 00:22:24] <%_시가 (lhg0602)> ㅋㅋㅋㅋㅋㅋㅋㅋㅋ
[2021-12-11 00:22:24] <%이월랑 (gq670309)> 13ㄷ2레전드다
[2021-12-11 00:22:30] <오_프 (dh_vm)> 상대 세이지 벽보고 벽느꼈네
[2021-12-11 00:22:34] <%4_원소 (4elementar)> ㅋㅋㅋㅋㅋㅋㅋㅋㅋㅋ
[2021-12-11 00:22:36] <오_프 (dh_vm)> ㅋㅋㅋㅋㅋㅋㅋㅋㅋㅋㅋㅋㅋㅋ
[2021-12-11 00:22:39] <@%머진강호 (gangho1999)> 마샬 자랑~~
[2021-12-11 00:22:55] <@%머진강호 (gangho1999)> ???
[2021-12-11 00:22:58] <%강서구_노예트수 (nicholas06122)> 오늘 마샬 진짜 잘쓰네여
[2021-12-11 00:23:00] <오_프 (dh_vm)> 미션성공 자랑
[2021-12-11 00:23:04] <fl_ora1> 엌ㅋ
[2021-12-11 00:23:09] <%준마도 (ksh807)> ?
[2021-12-11 00:23:13] <@%머진강호 (gangho1999)> 와우
[2021-12-11 00:23:13] <그리무아르 (wert12946)> 저거 녹화 프로그렘이 엔비디아 익스플로러이신가?
[2021-12-11 00:23:13] <%강서구_노예트수 (nicholas06122)> ㅋㅋㅋㅋㅋㅋㅋㅋ
[2021-12-11 00:23:14] <냥냥이킥복싱 (sonjihyo)> ㅋㅋㅋㅋㅋㅋㅋ
[2021-12-11 00:23:14] <%4_원소 (4elementar)> 이거 ㄹㅇ 레전드 샷
[2021-12-11 00:23:15] <오_프 (dh_vm)> ㅋㅋㅋㅋㅋㅋㅋㅋㅋㅋㅋㅋㅋ
[2021-12-11 00:23:20] <@%머진강호 (gangho1999)> 이건 핵이다
[2021-12-11 00:23:24] <%4_원소 (4elementar)> ㅋㅋㅋㅋㅋㅋㅋ
[2021-12-11 00:23:25] <@%머진강호 (gangho1999)> 이거
[2021-12-11 00:23:31] <@%머진강호 (gangho1999)> 뱅가드 일 안하네
[2021-12-11 00:23:32] <%강서구_노예트수 (nicholas06122)> ㄴㅋㅋㅋㅋㅋㅋㅋㅋㅋㅋㅋㅋㅋㅋㅋㅋ
[2021-12-11 00:23:33] <오_프 (dh_vm)> 자연스럽게 핵쓰시네
[2021-12-11 00:23:36] <오_프 (dh_vm)> ㄹㅇ
[2021-12-11 00:23:51] <그리무아르 (wert12946)> 폐빠님은 다른의미의 핵쓰시는데
[2021-12-11 00:23:54] <그리무아르 (wert12946)> 벽핵
[2021-12-11 00:24:03] <@%머진강호 (gangho1999)> 우와
[2021-12-11 00:24:06] <%이월랑 (gq670309)> 와
[2021-12-11 00:24:12] <%4_원소 (4elementar)> ㅋㅋㅋㅋㅋㅋㅋ
[2021-12-11 00:24:12] <코린이는17살__ (corin_e)> ㅋㅋㅋㅋㅋㅋㅋㅋㅋㅋㅋ
[2021-12-11 00:24:13] <@%머진강호 (gangho1999)> 나중에 저거 영상편집 하고 싶다
[2021-12-11 00:24:15] <@%머진강호 (gangho1999)> ㅋㅋㅋㅋㅋㅋㅋㅋㅋ
[2021-12-11 00:24:15] <오_프 (dh_vm)> ㅋㅋㅋㅋㅋㅋㅋㅋㅋㅋㅋㅋㅋㅋㅋㅋㅋ
[2021-12-11 00:24:19] <%가렌포식자 (leeijun7997)> 꽃하
[2021-12-11 00:24:20] <@^싹둑 (ssakdook)> 가렌포식자 님 트하 ♥ flower39Gamhi
[2021-12-11 00:24:21] <카이카이123 (ka2ka2)> 와...클립
[2021-12-11 00:24:24] <%4_원소 (4elementar)> 꽃및데
[2021-12-11 00:24:28] <%강서구_노예트수 (nicholas06122)> ㅋㅋㅋㅋㅋㅋㅋㅋㅋ
[2021-12-11 00:24:29] <%4_원소 (4elementar)> ㅋㅋㅋㅋㅋㅋㅋㅋㅋ
[2021-12-11 00:24:31] <@%머진강호 (gangho1999)> ㅋㅋㅋㅋㅋㅋㅋㅋㅋㅋㅋㅋㅋㅋㅋ
[2021-12-11 00:24:32] <오_프 (dh_vm)> ㅋㅋㅋㅋㅋㅋㅋㅋㅋㅋㅋㅋㅋㅋㅋ
[2021-12-11 00:24:33] <%하얀구름07 (flower_kim26)> ㅋㅋㅋㅋㅋㅋㅋㅋ
[2021-12-11 00:24:34] <%가렌포식자 (leeijun7997)> ㅋㅋㅋㅋㅋㅋㅋㅋㅋㅋ
[2021-12-11 00:24:48] <%4_원소 (4elementar)> 대회 시절 레전드였지
[2021-12-11 00:24:55] <%강서구_노예트수 (nicholas06122)> ㅋㅋㅋㅋㅋ?
[2021-12-11 00:24:57] <%정상적이름 (dkdlfjstlqkf)> ㅋㅋㅋㅋㅋㅋㅋㅋㅋ
[2021-12-11 00:25:01] <%4_원소 (4elementar)> 와
[2021-12-11 00:25:10] <%강서구_노예트수 (nicholas06122)> ㅋㅋㅋㅋㅋㅋㅋㅋㅋ
[2021-12-11 00:25:29] <@%머진강호 (gangho1999)> 날라다녔을때 레디였던 것
[2021-12-11 00:25:29] <%4_원소 (4elementar)> ㅋㅋㅋㅋㅋㅋㅋㅋㅋ
[2021-12-11 00:25:31] <%찬양해꽃감이 (4asenal)> ㅋㅋㅋㅋㅋㅋㅋㅋㅋㅋㅋㅋ
[2021-12-11 00:25:32] <%강서구_노예트수 (nicholas06122)> ㅋㅋㅋㅋㅋㅋㅋㅋㅋㅋㅋㅋㅋㅋㅋㅋ
[2021-12-11 00:25:32] <오_프 (dh_vm)> ㅋㅋㅋㅋㅋㅋㅋㅋㅋㅋㅋㅋㅋㅋㅋㅋㅋ
[2021-12-11 00:25:35] <공히어로 (heroball1)> ㅋㅋㅋㅋㅋㅋㅋㅋㅋ
[2021-12-11 00:25:40] <그리무아르 (wert12946)> 버즈모드 귀멸의칼날 쳐보시면 멋있는거 나와영
[2021-12-11 00:25:47] <오_프 (dh_vm)> 나도 몰랐지만 사실 내 본티어는 레디언트
[2021-12-11 00:25:56] <@%머진강호 (gangho1999)> 방송 외 이야기는 자제해 주세요
[2021-12-11 00:26:24] <%4_원소 (4elementar)> 거의 레디 급이지
[2021-12-11 00:26:35] <%abcdefghijklmn1111> ㅁㅈㅁㅈ
[2021-12-11 00:26:48] <%4_원소 (4elementar)> ㅋㅋㅋㅋㅋㅋㅋㅋ
[2021-12-11 00:26:50] <%abcdefghijklmn1111> ㅋㅋㅋㅋ
[2021-12-11 00:26:52] <그리무아르 (wert12946)> 일진이였네
[2021-12-11 00:26:54] <오_프 (dh_vm)> ㅋㅋㅋㅋㅋㅋㅋㅋㅋㅋㅋㅋㅋ
[2021-12-11 00:26:56] <베리아_ (berria_127)> !멤버
[2021-12-11 00:26:57] <@^싹둑 (ssakdook)> 가이코 연다 포요 단즈
[2021-12-11 00:26:59] <그리무아르 (wert12946)> 기억에 각인시킬정도면
[2021-12-11 00:27:04] <%_시가 (lhg0602)> ㅋㅋㅋㅋㅋㅋㅋㅋㅋㅋㅋㅋ
[2021-12-11 00:27:17] <%이월랑 (gq670309)> 역시 비전꽃감!!
[2021-12-11 00:27:21] <%4_원소 (4elementar)> ㅋㅋㅋㅋㅋㅋㅋㅋㅋㅋ
[2021-12-11 00:27:25] <크라임보스 (pastjer)> ㅋㅋㅋㅋㅋㅋㅋㅋ
[2021-12-11 00:27:26] <오_프 (dh_vm)> ㅋㅋㅋㅋㅋㅋㅋㅋㅋㅋㅋㅋㅋㅋㅋㅋㅋㅋ
[2021-12-11 00:27:28] <%강서구_노예트수 (nicholas06122)> ㅋㅋㅋㅋㅋㅋㅋㅋㅋㅋㅋㅋㅋㅋㅋㅋㅋㅋㅋ
[2021-12-11 00:27:54] <오_프 (dh_vm)> 역시 비전의 꽃감님
[2021-12-11 00:28:26] <%강서구_노예트수 (nicholas06122)> 3티어 상승 ㅎㄷㄷ
[2021-12-11 00:28:26] <오_프 (dh_vm)> 바로 다이아까지..
[2021-12-11 00:29:00] <%4_원소 (4elementar)> ㅋㅋㅋㅋㅋㅋㅋ
[2021-12-11 00:29:02] <오_프 (dh_vm)> ㅋㅋㅋㅋㅋㅋㅋㅋㅋㅋㅋㅋ
[2021-12-11 00:29:05] <%하얀구름07 (flower_kim26)> ㅋㅋㅋㅋㅋㅋㅋㅋㅋㅋ
[2021-12-11 00:30:21] <@^싹둑 (ssakdook)> ♥ 팔로우 해주세요 ♥
[2021-12-11 00:30:21] <%4_원소 (4elementar)> 와
[2021-12-11 00:30:25] <%강서구_노예트수 (nicholas06122)> ㅋㅋㅋㅋㄷㄷ하네여
[2021-12-11 00:30:26] <오_프 (dh_vm)> ㅋㅋㅋㅋㅋㅋㅋㅋㅋ
[2021-12-11 00:30:28] <임용기입니다 (lok77990693)> !티어
[2021-12-11 00:30:32] <%4_원소 (4elementar)> ㅋㅋㅋㅋㅋㅋㅋ
[2021-12-11 00:30:48] <오_프 (dh_vm)> 사실 엄청난 재능이 잠들어있었다
[2021-12-11 00:30:57] <%하얀구름07 (flower_kim26)> 원래 위치로 온 것이 아닐까..?
[2021-12-11 00:31:08] <%4_원소 (4elementar)> 맞지
[2021-12-11 00:31:17] Viewerstats (00:03-00:31): avg:669 min:630 max:707 [15/692+0-11+0-30+10+0+46+0-69+0+47+0-55+0]
[2021-12-11 00:31:22] <%+lego419> 하루에 10시간 박을 여건이 안된다~
[2021-12-11 00:32:36] <%4_원소 (4elementar)> ㅋㅋㅋㅋㅋㅋㅋ
[2021-12-11 00:32:41] <오_프 (dh_vm)> ㅋㅋㅋㅋㅋㅋㅋㅋㅋㅋㅋㅋㅋㅋ
[2021-12-11 00:32:46] <곶감단감꽃감 (cybernexic)> 꽃하
[2021-12-11 00:32:47] <@^싹둑 (ssakdook)> 곶감단감꽃감 님 트하 ♥ flower39Gamhi
[2021-12-11 00:32:48] <%하얀구름07 (flower_kim26)> ㅋㅋㅋㅋㅋㅋㅋㅋ
[2021-12-11 00:32:51] <움파루파 (wooparupa1)> ㅋㅋㅋㅋㅋㅋㅋ
[2021-12-11 00:32:54] <%_시가 (lhg0602)> ㅋㅋㅋㅋㅋㅋㅋㅋㅋㅋㅋㅋㅋㅋ
[2021-12-11 00:32:56] <%강서구_노예트수 (nicholas06122)> ㅋㅋㅋㅋㅋㅋㅋㅋㅋㅋㅋㅋㅋㅋ
[2021-12-11 00:32:58] <%4_원소 (4elementar)> 엌
[2021-12-11 00:33:01] <코린이는17살__ (corin_e)> ㅋㅋㅋㅋㅋㅋㅋㅋㅋ
[2021-12-11 00:33:03] <%강서구_노예트수 (nicholas06122)> ㅋㅋㅋㅋㅋㅋㅋㅋㅋㅋㅋㅋㅋㅋㅋㅋㅋㅋㅋㅋㅋ
[2021-12-11 00:33:05] <%하얀구름07 (flower_kim26)> ㅋㅋㅋㅋㅋㅋㅋㅋㅋㅋㅋㅋㅋㅋ
[2021-12-11 00:33:05] <%정상적이름 (dkdlfjstlqkf)> ㅋㅋㅋㅋㅋㅋㅋㅋㅋㅋㅋㅋㅋ
[2021-12-11 00:33:07] <%+lego419> 악질이네 ㅋㅋㅋㅋ
[2021-12-11 00:33:07] <오_프 (dh_vm)> ㅋㅋㅋㅋㅋㅋㅋㅋㅋㅋㅋㅋㅋㅋㅋㅋㅋㅋㅋ
[2021-12-11 00:33:08] <움파루파 (wooparupa1)> 이걸 ㅋㅋㅋㅋㅋㅋㅋ
[2021-12-11 00:33:12] <%_시가 (lhg0602)> 아졀?
[2021-12-11 00:33:13] <%강서구_노예트수 (nicholas06122)> 착착감기네
[2021-12-11 00:33:17] <%_시가 (lhg0602)> 아절?
[2021-12-11 00:33:17] <움파루파 (wooparupa1)> 아주머니 ㅋㅋㅋㅋㅋ
[2021-12-11 00:33:20] <곶감단감꽃감 (cybernexic)> 버츄얼 귀엽다 ㅋㅋ
[2021-12-11 00:33:26] <%4_원소 (4elementar)> ㅋㅋㅋㅋㅋㅋㅋ
[2021-12-11 00:34:07] <오_프 (dh_vm)> ㅋㅋㅋㅋㅋㅋㅋㅋㅋㅋㅋㅋㅋㅋ
[2021-12-11 00:34:12] <%4_원소 (4elementar)> ㅋㅋㅋㅋㅋ
[2021-12-11 00:34:32] <%하얀구름07 (flower_kim26)> 그럼 해설분들도 다른게 부르실지도?
[2021-12-11 00:34:39] <화월이__ (whawul_2)> !티어
[2021-12-11 00:34:51] <%4_원소 (4elementar)> ㅋㅋㅋㅋㅋㅋㅋㅋㅋ
[2021-12-11 00:35:03] <칸나카무이짱 (f4qharibo)> !멤버
[2021-12-11 00:35:03] <@^싹둑 (ssakdook)> 가이코 연다 포요 단즈
[2021-12-11 00:35:04] <%하얀구름07 (flower_kim26)> ㅋㅋㅋㅋㅋㅋㅋㅋㅋ
[2021-12-11 00:35:15] <@%머진강호 (gangho1999)> 페빠/아주르(일반인)/콜다(일반인)/준바마우스도둑(일반인)/꽃감이
[2021-12-11 00:35:19] <@%머진강호 (gangho1999)> 이 멤버입니다.
[2021-12-11 00:35:28] <@%머진강호 (gangho1999)> !업타임
[2021-12-11 00:35:29] <@^싹둑 (ssakdook)> 방송 업타임: 3 시간 27 분 58 초
[2021-12-11 00:35:42] <%4_원소 (4elementar)> ㅋㅋㅋㅋㅋㅋㅋ
[2021-12-11 00:35:49] <%하얀구름07 (flower_kim26)> ㅋㅋㅋㅋㅋㅋㅋ
[2021-12-11 00:36:10] <%4_원소 (4elementar)> flower0326Baby1 flower0326Baby2
[2021-12-11 00:36:21] <%하얀구름07 (flower_kim26)> flower0326Baby1 flower0326Baby2
[2021-12-11 00:36:24] <%4_원소 (4elementar)> ㄷㄷ
[2021-12-11 00:36:28] <%하얀구름07 (flower_kim26)> ㄷㄷ
[2021-12-11 00:36:35] <%하얀구름07 (flower_kim26)> 매섭다
[2021-12-11 00:36:36] <%4_원소 (4elementar)> ㅋㅋㅋㅋㅋㅋㅋㅋ
[2021-12-11 00:36:39] <qkatoa2> !업타임
[2021-12-11 00:36:40] <@^싹둑 (ssakdook)> 방송 업타임: 3 시간 29 분 08 초
[2021-12-11 00:36:41] <%하얀구름07 (flower_kim26)> ㅋㅋㅋㅋㅋㅋㅋㅋ
[2021-12-11 00:36:48] <%4_원소 (4elementar)> ㄴㅇㅅ
[2021-12-11 00:36:55] <%하얀구름07 (flower_kim26)> 오!
[2021-12-11 00:36:57] <%정상적이름 (dkdlfjstlqkf)> ㄴㅇㅅ
[2021-12-11 00:37:12] <%+lego419> 조별과제 on
[2021-12-11 00:37:15] <%4_원소 (4elementar)> ㅋㅋㅋㅋㅋㅋㅋ
[2021-12-11 00:37:19] <오_프 (dh_vm)> ㅋㅋㅋㅋㅋㅋㅋㅋㅋㅋㅋㅋㅋㅋㅋ
[2021-12-11 00:37:44] <흰둥이다 (huindung_e)> !티어
[2021-12-11 00:38:06] <루나윕니다 (gimj50420)> flower0326What
[2021-12-11 00:38:07] <%4_원소 (4elementar)> ㄷㄷ
[2021-12-11 00:38:10] <豆힐안하는힐러충 (healerbug)> 어우 ㄷㄷ
[2021-12-11 00:38:11] <recognize123> 와 제트머야
[2021-12-11 00:38:13] <@%머진강호 (gangho1999)> 다이아 1 입니다.
[2021-12-11 00:38:24] <%4_원소 (4elementar)> ㄴㅇㅅ
[2021-12-11 00:38:28] <豆힐안하는힐러충 (healerbug)> 오우 ㄷㄷ
[2021-12-11 00:38:35] <%4_원소 (4elementar)> ㅋㅋㅋㅋㅋㅋㅋ
[2021-12-11 00:38:38] <@%머진강호 (gangho1999)> ㅋㅋㅋㅋㅋㅋㅋㅋㅋㅋㅋㅋ
[2021-12-11 00:38:47] <@%머진강호 (gangho1999)> 팬텀
[2021-12-11 00:38:49] <오_프 (dh_vm)> 팬텀
[2021-12-11 00:38:50] <@%머진강호 (gangho1999)> 가즈아!
[2021-12-11 00:38:52] <럭가1234 (luckyguy059874)> 팬
[2021-12-11 00:38:52] <아투지스 (atoozs994835)> 팬텀
[2021-12-11 00:38:56] <%4_원소 (4elementar)> 엌
[2021-12-11 00:39:01] <밀키다 (milky_31428)> 밴
[2021-12-11 00:39:07] <%4_원소 (4elementar)> 오
[2021-12-11 00:39:09] <@%머진강호 (gangho1999)> ??
[2021-12-11 00:39:10] <%abcdefghijklmn1111> 오
[2021-12-11 00:39:16] <_이원_ (dldnjs__)> 아니 개자래
[2021-12-11 00:39:21] <%4_원소 (4elementar)> ㅋㅋㅋㅋㅋㅋㅋ
[2021-12-11 00:39:22] <%+lego419> 오늘 마샬 날이네
[2021-12-11 00:39:23] <오_프 (dh_vm)> ㅋㅋㅋㅋㅋㅋㅋㅋㅋㅋㅋㅋㅋㅋㅋㅋㅋㅋㅋㅋ
[2021-12-11 00:39:24] <%abcdefghijklmn1111> ㅋㅋㅋㅋㅋㅋㅋ
[2021-12-11 00:39:25] <%찬양해꽃감이 (4asenal)> ㅋㅋㅋㅋㅋㅋㅋㅋㅋ
[2021-12-11 00:39:26] <%하얀구름07 (flower_kim26)> ㅋㅋㅋㅋㅋㅋㅋㅋㅋ
[2021-12-11 00:39:27] <%정상적이름 (dkdlfjstlqkf)> ㅋㅋㅋㅋㅋㅋ
[2021-12-11 00:39:30] <유기농아기녹차 (yejeol)> !멤버
[2021-12-11 00:39:32] <@^싹둑 (ssakdook)> 가이코 연다 포요 단즈
[2021-12-11 00:39:32] <%4_원소 (4elementar)> 와
[2021-12-11 00:39:33] <%찬양해꽃감이 (4asenal)> 오
[2021-12-11 00:39:35] <_이원_ (dldnjs__)> ㅇ???????
[2021-12-11 00:39:35] <%abcdefghijklmn1111> 와
[2021-12-11 00:39:36] <%강서구_노예트수 (nicholas06122)> 와
[2021-12-11 00:39:40] <%4_원소 (4elementar)> 마샬소녀 김꼬깜
[2021-12-11 00:39:49] <루나윕니다 (gimj50420)> flower0326What flower0326What flower0326What flower0326What
[2021-12-11 00:40:07] <%4_원소 (4elementar)> ㄷㄷ
[2021-12-11 00:40:08] <유기농아기녹차 (yejeol)> 마샬은 쓰지 마샬
[2021-12-11 00:40:09] <공히어로 (heroball1)> ㄴㅇㅅ
[2021-12-11 00:40:10] <豆힐안하는힐러충 (healerbug)> ㄷㄷ
[2021-12-11 00:40:11] <%abcdefghijklmn1111> ㄴㅇㅅ
[2021-12-11 00:40:11] <%찬양해꽃감이 (4asenal)> ㄴㅇㅅ
[2021-12-11 00:40:14] <%예랑__ (ra_t99)> ㄴㅇㅅ
[2021-12-11 00:40:14] <오_프 (dh_vm)> 어우야..
[2021-12-11 00:40:16] <@^싹둑 (ssakdook)> ♥ 팔로우 해주세요 ♥
[2021-12-11 00:40:17] <%+lego419> 진짜 마샬 날이네
[2021-12-11 00:40:20] <@%머진강호 (gangho1999)> 오늘 마샬 걸이다
[2021-12-11 00:40:23] <_이원_ (dldnjs__)> 진짜 잘쏜다 ㄷㄷ
[2021-12-11 00:40:27] <%4_원소 (4elementar)> 마샬 매드무비 시급
[2021-12-11 00:40:29] <%4_원소 (4elementar)> ㅋㅋㅋㅋㅋㅋ
[2021-12-11 00:40:30] <korea_1234567> 꽃하
[2021-12-11 00:40:31] <@^싹둑 (ssakdook)> korea_1234567 님 트하 ♥ flower39Gamhi
[2021-12-11 00:40:31] <%찬양해꽃감이 (4asenal)> ㅋㅋㅋㅋㅋㅋ
[2021-12-11 00:40:32] <냥냥이킥복싱 (sonjihyo)> ㅋㅋㅋㅋㅋㅋㅋ
[2021-12-11 00:40:32] <豆힐안하는힐러충 (healerbug)> ㅋㅋㅋㅋㅋㅋㅋ
[2021-12-11 00:40:33] <+ㅣ지나가는_행인ㅣ (passersby1221)> ㅋㅋㅋㅋㅋㅋ
[2021-12-11 00:40:34] <%강서구_노예트수 (nicholas06122)> ㅋㅋㅋㅋㅋㅋㅋㅋ
[2021-12-11 00:40:34] <%정상적이름 (dkdlfjstlqkf)> ㅋㅋㅋㅋㅋㅋㅋㅋㅋㅋㅋㅋ
[2021-12-11 00:40:39] <%abcdefghijklmn1111> ㅋㅋㅋㅋㅋㅋㅋ
[2021-12-11 00:40:41] <오_프 (dh_vm)> ㅋㅋㅋㅋㅋㅋㅋㅋㅋㅋㅋㅋㅋㅋㅋ
[2021-12-11 00:40:55] <%강서구_노예트수 (nicholas06122)> ??? : 안녕하세요. 스트리머 갓데드입니다
[2021-12-11 00:40:57] <내리음 (minj0116)> !맴버
[2021-12-11 00:40:58] <%강서구_노예트수 (nicholas06122)> ㅋㅋㅋㅋㅋㅋ
[2021-12-11 00:41:06] <@%머진강호 (gangho1999)> 페빠/아주르(일반인)/콜다(일반인)/준바마우스도둑(일반인)/꽃감이
[2021-12-11 00:41:09] <%4_원소 (4elementar)> ㅋㅋㅋㅋㅋㅋㅋ
[2021-12-11 00:41:12] <@%머진강호 (gangho1999)> 이젠 내가 봇이 됐네
[2021-12-11 00:41:13] <@%머진강호 (gangho1999)> ㅋㅋㅋㅋㅋㅋㅋ
[2021-12-11 00:41:27] <_이원_ (dldnjs__)> ㅋㅋㅋㅋㅋㅋ
[2021-12-11 00:41:28] <%4_원소 (4elementar)> ㄴㅇㅅ
[2021-12-11 00:41:31] <豆힐안하는힐러충 (healerbug)> ㄷ.ㄷ
[2021-12-11 00:41:49] <%4_원소 (4elementar)> ㅋㅋㅋㅋㅋㅋ
[2021-12-11 00:42:07] <%4_원소 (4elementar)> 와
[2021-12-11 00:42:09] <제이감귤 (jtmjeremy)> 와
[2021-12-11 00:42:11] <%하얀구름07 (flower_kim26)> ㄷㄷ
[2021-12-11 00:42:13] <제이감귤 (jtmjeremy)> 쩐당
[2021-12-11 00:42:14] <swy061121> !티어
[2021-12-11 00:42:17] <豆힐안하는힐러충 (healerbug)> 헤드라인이...ㄷㄷ
[2021-12-11 00:42:26] <제이감귤 (jtmjeremy)> ㅋㅋㅋ
[2021-12-11 00:42:30] <recognize123> 오퍽비 ㄷㄷ
[2021-12-11 00:42:35] <%하얀구름07 (flower_kim26)> ?
[2021-12-11 00:42:37] <%정상적이름 (dkdlfjstlqkf)> ?
[2021-12-11 00:42:39] <제이감귤 (jtmjeremy)> ㅋㅋㅋㅋㅋㅋㅋ
[2021-12-11 00:42:43] <제이감귤 (jtmjeremy)> 밴달 러닝샷 ㄷㄷ
[2021-12-11 00:43:06] <%4_원소 (4elementar)> ㄴㅇㅅ
[2021-12-11 00:43:16] <제이감귤 (jtmjeremy)> 아 브림 머리뚫린거에 누가 맞은건가
[2021-12-11 00:43:21] <제이감귤 (jtmjeremy)> 어시로 뜨네 ㅋㅋ
[2021-12-11 00:43:35] <woodgie25> !티어
[2021-12-11 00:44:07] <제이감귤 (jtmjeremy)> 오우
[2021-12-11 00:44:08] <%4_원소 (4elementar)> ㄷㄷ
[2021-12-11 00:44:10] <@%머진강호 (gangho1999)> 타이밍 좋구
[2021-12-11 00:44:12] <%하얀구름07 (flower_kim26)> ㅋㅋㅋㅋㅋㅋㅋ
[2021-12-11 00:44:23] <제이감귤 (jtmjeremy)> 궁 보여주나?
[2021-12-11 00:44:27] <%4_원소 (4elementar)> ㅋㅋㅋㅋㅋㅋㅋㅋㅋㅋ
[2021-12-11 00:44:28] <제이감귤 (jtmjeremy)> ㅋㅋㅋㅋㅋㅋㅋㅋㅋ
[2021-12-11 00:44:32] <recognize123> 총알은 다 쓴듯ㅋㅋ
[2021-12-11 00:44:32] <blumb0730> 급했다!
[2021-12-11 00:44:52] <제이감귤 (jtmjeremy)> ㅋㅋㅋㅋ
[2021-12-11 00:45:05] <%4_원소 (4elementar)> ㅋㅋㅋㅋㅋㅋ
[2021-12-11 00:45:31] <%강서구_노예트수 (nicholas06122)> ㅋㅋㅋㅋㅋㅋㅋㅋㅋ
[2021-12-11 00:45:39] [Notification] 일하는용형 subscribed at Tier 1. They've subscribed for 2 months! [2개워어어ㅏ]
[2021-12-11 00:45:42] <%4_원소 (4elementar)> 용하
[2021-12-11 00:45:47] <%abcdefghijklmn1111> 용하
[2021-12-11 00:45:48] <@%머진강호 (gangho1999)> 용하
[2021-12-11 00:45:52] <밀키다 (milky_31428)> 용용
[2021-12-11 00:45:58] <%강서구_노예트수 (nicholas06122)> 영하
[2021-12-11 00:46:03] <!%일하는용형 (evacc123)> 꼬감님 하이
[2021-12-11 00:46:03] <%강서구_노예트수 (nicholas06122)> 용하
[2021-12-11 00:46:15] <!%일하는용형 (evacc123)> 안녕하세요
[2021-12-11 00:46:38] <smhhbooo> !멤버
[2021-12-11 00:46:38] <@^싹둑 (ssakdook)> 가이코 연다 포요 단즈
[2021-12-11 00:47:02] <!%일하는용형 (evacc123)> 꽃감님 저 스튜디오 완공햇어요~~
[2021-12-11 00:47:11] <%4_원소 (4elementar)> 오
[2021-12-11 00:47:16] <blumb0730> 오오
[2021-12-11 00:47:25] <@%머진강호 (gangho1999)> 오오
[2021-12-11 00:47:29] <@%머진강호 (gangho1999)> 페빠/아주르(일반인)/콜다(일반인)/준바마우스도둑(일반인)/꽃감이
[2021-12-11 00:47:33] <@%머진강호 (gangho1999)> 이 멤버 입니다.
[2021-12-11 00:47:34] <%강서구_노예트수 (nicholas06122)> 오오
[2021-12-11 00:47:38] <%4_원소 (4elementar)> 미션 성공
[2021-12-11 00:47:39] <dam0923> 경쟁이에요??
[2021-12-11 00:47:48] <@%머진강호 (gangho1999)> 아닙니다.
[2021-12-11 00:47:50] <!%일하는용형 (evacc123)> 날잡아서 식사 하시러 오셔주시면 감사드려요~~
[2021-12-11 00:47:54] <dam0923> 감사함당
[2021-12-11 00:48:31] <제이감귤 (jtmjeremy)> ㅋㅋㅋㅋㅋㅋㅋ
[2021-12-11 00:48:34] <오_프 (dh_vm)> 냉장고 ㄲㅂ
[2021-12-11 00:48:47] <%정상적이름 (dkdlfjstlqkf)> 꽃바
[2021-12-11 00:49:08] <hyeonbin00> 꽃하
[2021-12-11 00:49:08] <@^싹둑 (ssakdook)> hyeonbin00 님 트하 ♥ flower39Gamhi
[2021-12-11 00:49:11] <제이감귤 (jtmjeremy)> ㅋㅋㅋ
[2021-12-11 00:49:14] <제이감귤 (jtmjeremy)> 무조건 쏘고 보네
[2021-12-11 00:49:39] <%4_원소 (4elementar)> 오
[2021-12-11 00:49:41] <오_프 (dh_vm)> 와
[2021-12-11 00:49:44] <recognize123> ㄷㄷ
[2021-12-11 00:49:50] <오_프 (dh_vm)> 세상에 이런게 다있네 참
[2021-12-11 00:49:52] <%4_원소 (4elementar)> ㅋㅋㅋㅋㅋㅋㅋㅋ
[2021-12-11 00:49:53] <%빻았다_2133 (song2133)> 이런건 어캐 생각함???
[2021-12-11 00:49:57] <%이월랑 (gq670309)> ㅋㅋㅋㅋㅋㅋㅋㅋㅋㅋㅋ
[2021-12-11 00:50:00] <%강서구_노예트수 (nicholas06122)> ㅋㅋㅋㅋㅋㅋㅋ
[2021-12-11 00:50:17] <제이감귤 (jtmjeremy)> ㄲㅂ
[2021-12-11 00:50:18] <%유주니__ (yu_jun1005)> ㄲㅂ
[2021-12-11 00:50:20] <@^싹둑 (ssakdook)> ♥ 팔로우 해주세요 ♥
[2021-12-11 00:50:21] <%유주니__ (yu_jun1005)> 오
[2021-12-11 00:50:21] <%4_원소 (4elementar)> 오
[2021-12-11 00:50:22] <제이감귤 (jtmjeremy)> ?
[2021-12-11 00:50:24] <오_프 (dh_vm)> 오
[2021-12-11 00:50:24] <%abcdefghijklmn1111> 오
[2021-12-11 00:50:24] <제이감귤 (jtmjeremy)> 오 제발
[2021-12-11 00:50:26] <제이감귤 (jtmjeremy)> ㅋㅋㅋㅋㅋㅋㅋㅋ
[2021-12-11 00:50:29] <%4_원소 (4elementar)> 클러치 ㄱㅈㅇ
[2021-12-11 00:50:34] <%이월랑 (gq670309)> 믿어요
[2021-12-11 00:50:34] <오_프 (dh_vm)> 레이즈님 진짜 믿을게요..
[2021-12-11 00:50:35] <%유주니__ (yu_jun1005)> 보여주나?
[2021-12-11 00:50:37] <%강서구_노예트수 (nicholas06122)> 클러치가자
[2021-12-11 00:50:39] <%4_원소 (4elementar)> 아 ㄲㅂ
[2021-12-11 00:50:40] <%유주니__ (yu_jun1005)> ㅋㅋㅋㅋㅋㅋㅋ
[2021-12-11 00:50:41] <%이월랑 (gq670309)> ㄲㅂ
[2021-12-11 00:50:42] <제이감귤 (jtmjeremy)> ㅋㅋㅋ
[2021-12-11 00:50:43] <오_프 (dh_vm)> 아아 ㄲㅂ
[2021-12-11 00:50:45] <%유주니__ (yu_jun1005)> ㄲㅂ
[2021-12-11 00:50:47] <%강서구_노예트수 (nicholas06122)> ㄲㅂ
[2021-12-11 00:50:49] <%abcdefghijklmn1111> ㄲㅂ
[2021-12-11 00:50:50] <%4_원소 (4elementar)> flower0326Nicetry
[2021-12-11 00:51:24] <%4_원소 (4elementar)> ㄷㄷ
[2021-12-11 00:51:24] <%유주니__ (yu_jun1005)> 와
[2021-12-11 00:51:27] <오_프 (dh_vm)> 와
[2021-12-11 00:51:44] <jisen05> 와
[2021-12-11 00:51:45] <%4_원소 (4elementar)> ㅋㅋㅋㅋㅋㅋㅋㅋ
[2021-12-11 00:51:46] <jisen05> ㄷㄷ
[2021-12-11 00:51:46] <오_프 (dh_vm)> ㅋㅋㅋㅋㅋㅋㅋㅋㅋㅋㅋㅋㅋㅋㅋㅋㅋ
[2021-12-11 00:51:47] <%유주니__ (yu_jun1005)> ㅋㅋㅋㅋㅋㅋㅋ
[2021-12-11 00:51:51] <w_ryeong07> !멤버
[2021-12-11 00:51:52] <오_프 (dh_vm)> ㅋㅋㅋㅋㅋㅋㅋㅋㅋㅋㅋㅋㅋㅋㅋㅋㅋㅋㅋㅋㅋㅋㅋ
[2021-12-11 00:51:52] <@^싹둑 (ssakdook)> 가이코 연다 포요 단즈
[2021-12-11 00:51:54] <제이감귤 (jtmjeremy)> ?ㅋㅋ
[2021-12-11 00:51:57] <%유주니__ (yu_jun1005)> ㅋㅋㅋㅋㅋㅋㅋㅋ
[2021-12-11 00:51:57] <오_프 (dh_vm)> 와 이걸 눈치채네
[2021-12-11 00:51:58] <%abcdefghijklmn1111> ㅋㅋㅋㅋㅋㅋㅋ
[2021-12-11 00:51:59] <%유주니__ (yu_jun1005)> 아앗
[2021-12-11 00:52:00] <제이감귤 (jtmjeremy)> ㅋㅋㅋㅋㅋㅋ
[2021-12-11 00:52:01] <%이월랑 (gq670309)> ㅋㅋㅋㅋㅋㅋㅋㅋㅋㅋㅋㅋ
[2021-12-11 00:52:03] <jisen05> ㅋㅋㅋㅋㅋㅋㅋㅋㅋㅋ
[2021-12-11 00:52:20] <오_프 (dh_vm)> 레이나 감 좋네
[2021-12-11 00:52:38] <%4_원소 (4elementar)> 와
[2021-12-11 00:52:39] <%유주니__ (yu_jun1005)> ㅋㅋㅋㅋㅋㅋㅋ
[2021-12-11 00:52:43] <%4_원소 (4elementar)> ㄲㅂ
[2021-12-11 00:52:47] <%강서구_노예트수 (nicholas06122)> ㅋㅋㅋㅋㅋㅋㅋㅋ
[2021-12-11 00:52:50] <제이감귤 (jtmjeremy)> ㅋㅋㅋ
[2021-12-11 00:52:50] <%4_원소 (4elementar)> ㄹㅇㅋㅋ
[2021-12-11 00:52:53] <제이감귤 (jtmjeremy)> 업글해서 쓰네 ㄹㅇㅋㅋ
[2021-12-11 00:53:19] <기수천사 (wkdqjatnyu)> 안녕하세요
[2021-12-11 00:54:17] <%4_원소 (4elementar)> ㅋㅋㅋㅋㅋㅋㅋㅋ
[2021-12-11 00:54:18] <jisen05> ㅋㅋㅋㅋㅋㅋㅋㅋㅋㅋㅋㅋㅋ
[2021-12-11 00:54:18] <제이감귤 (jtmjeremy)> ㅋㅋㅋㅋㅋㅋㅋㅋㅋㅋㅋ
[2021-12-11 00:55:02] <%4_원소 (4elementar)> 엌
[2021-12-11 00:55:05] <jisen05> ???ㅋㅋㅋㅋㅋ
[2021-12-11 00:55:11] <%유주니__ (yu_jun1005)> ㅋㅋㅋㅋㅋㅋㅋㅋ
[2021-12-11 00:55:12] <%h_app13r> ㅋㅋㅋㅋㅋㅋ
[2021-12-11 00:55:28] <@%머진강호 (gangho1999)> !수정 !멤버 페빠/아주르(일반인)/콜다(일반인)/준바마우스도둑(일반인)/꽃감이
[2021-12-11 00:55:33] <@%머진강호 (gangho1999)> 안돼네 쯥'
[2021-12-11 00:56:10] <%4_원소 (4elementar)> ㄲㅂ
[2021-12-11 00:56:15] <@%머진강호 (gangho1999)> 까비
[2021-12-11 00:57:17] <%4_원소 (4elementar)> ㅋㅋㅋㅋㅋㅋㅋ
[2021-12-11 00:57:18] <@%머진강호 (gangho1999)> ㅋㅋㅋㅋㅋㅋㅋㅋㅋ
[2021-12-11 00:57:33] <@%머진강호 (gangho1999)> 보호 쩐다
[2021-12-11 00:57:39] <@%머진강호 (gangho1999)> 엌ㅋㅋㅋㅋ
[2021-12-11 00:57:50] <%4_원소 (4elementar)> ㅋㅋㅋㅋㅋㅋㅋㅋ
[2021-12-11 00:58:24] <milk0424123> !멤버
[2021-12-11 00:58:25] <@^싹둑 (ssakdook)> 가이코 연다 포요 단즈
[2021-12-11 00:58:45] <Belo_09> 꽃감님 발로를 잘 하려면 어떻게 해야하나요?
[2021-12-11 00:58:50] <rkdhsdjwls> 오늘 오래 하시네여
[2021-12-11 00:58:51] <오_프 (dh_vm)> 페빠님이 복제가 된다고
[2021-12-11 00:58:54] <%4_원소 (4elementar)> 와
[2021-12-11 00:59:09] <%4_원소 (4elementar)> ㅁㅈㅁㅈ
[2021-12-11 00:59:44] <%하루_하루__ (ha_r_u)> ㅋㅋㅋㅋㅋㅋㅋㅋㅋㅋㅋㅋ
[2021-12-11 00:59:48] <%하루_하루__ (ha_r_u)> 맞네
[2021-12-11 00:59:52] <%하루_하루__ (ha_r_u)> 반대로 가면 끝이네...
[2021-12-11 01:00:03] <%4_원소 (4elementar)> 엇
[2021-12-11 01:00:06] <오_프 (dh_vm)> 에고
[2021-12-11 01:00:23] <@^싹둑 (ssakdook)> ♥ 팔로우 해주세요 ♥
[2021-12-11 01:00:30] <%워즌 (eric3507)> !업타임
[2021-12-11 01:00:31] <@^싹둑 (ssakdook)> 방송 업타임: 3 시간 53 분 00 초
[2021-12-11 01:00:56] <%4_원소 (4elementar)> 이걸?
[2021-12-11 01:00:58] <%하루_하루__ (ha_r_u)> ?
[2021-12-11 01:00:59] <오_프 (dh_vm)> 와 ㅋㅋㅋㅋㅋㅋㅋㅋ
[2021-12-11 01:01:03] <%_시가 (lhg0602)> ??
[2021-12-11 01:01:06] <오_프 (dh_vm)> 여기서 이렇게 볼수가 있구나
[2021-12-11 01:01:06] <%하루_하루__ (ha_r_u)> ㅋㅋㅋㅋㅋㅋㅋㅋㅋㅋㅋ
[2021-12-11 01:01:06] <%abcdefghijklmn1111> 와
[2021-12-11 01:01:09] <recognize123> 와 머야
[2021-12-11 01:01:11] <%_시가 (lhg0602)> 와 저런게 된다니 ㅋㅋㅋㅋㅋ
[2021-12-11 01:01:12] <움파루파 (wooparupa1)> 와 ㅋㅋㅋ
[2021-12-11 01:01:15] <%4_원소 (4elementar)> ㅋㅋㅋㅋㅋㅋㅋ
[2021-12-11 01:01:23] Viewerstats (00:33-01:01): avg:655 min:591 max:723 [15/591+0+76+0+0+26+30+0-51+0-8+0-46+0-16]
[2021-12-11 01:01:39] <%4_원소 (4elementar)> 썸넬각
[2021-12-11 01:03:54] <%4_원소 (4elementar)> ㄴㅇㅅ
[2021-12-11 01:04:10] <euwusuue> 일겜인가요
[2021-12-11 01:05:05] <%강서구_노예트수 (nicholas06122)> !업타임
[2021-12-11 01:05:05] <@^싹둑 (ssakdook)> 방송 업타임: 3 시간 57 분 34 초
[2021-12-11 01:05:11] <%4_원소 (4elementar)> 와
[2021-12-11 01:05:15] <쵸단의소다맛치약 (millano0408)> 와
[2021-12-11 01:05:18] <%4_원소 (4elementar)> 벽 ㄹㅇ 무쳤다
[2021-12-11 01:05:20] <오_프 (dh_vm)> 아니 뭐지?
[2021-12-11 01:05:26] <%abcdefghijklmn1111> ㅋㅋㅋㅋ
[2021-12-11 01:05:30] <%4_원소 (4elementar)> 방플이네
[2021-12-11 01:05:30] <오_프 (dh_vm)> 아네..?
[2021-12-11 01:05:31] <recognize123> ?
[2021-12-11 01:05:41] <%4_원소 (4elementar)> 이건 방플 안하면 알수가 없음
[2021-12-11 01:05:42] <%+lego419> 저 자리를 어케 찍고나옴
[2021-12-11 01:05:53] <%_시가 (lhg0602)> ㅋㅋㅋㅋㅋㅋㅋㅋㅋㅋ
[2021-12-11 01:05:53] <%4_원소 (4elementar)> ㅋㅋㅋㅋㅋㅋㅋ
[2021-12-11 01:05:55] <오_프 (dh_vm)> ㅋㅋㅋㅋㅋㅋㅋㅋㅋㅋㅋㅋㅋㅋㅋ
[2021-12-11 01:07:33] <%4_원소 (4elementar)> ㅋㅋㅋㅋㅋㅋㅋㅋㅋ
[2021-12-11 01:07:36] <오_프 (dh_vm)> ㅋㅋㅋㅋㅋㅋㅋㅋㅋㅋㅋㅋㅋㅋ
[2021-12-11 01:07:38] <오_프 (dh_vm)> 야발!
[2021-12-11 01:07:52] <eidrov08577> 시X!
[2021-12-11 01:08:06] <오_프 (dh_vm)> 아 ㄲㅂ
[2021-12-11 01:08:48] <%_시가 (lhg0602)> ㅋㅋㅋㅋㅋㅋㅋㅋ
[2021-12-11 01:09:12] <하선메 (hasunmue)> !티어
[2021-12-11 01:09:43] <%_시가 (lhg0602)> 엌엌
[2021-12-11 01:09:43] <%강서구_노예트수 (nicholas06122)> 다이아 1 입니다.
[2021-12-11 01:09:50] <%4_원소 (4elementar)> 오
[2021-12-11 01:10:12] <오_프 (dh_vm)> 에고 ㅋㅋㅋㅋㅋㅋㅋㅋㅋㅋ
[2021-12-11 01:10:15] <@^싹둑 (ssakdook)> ♥ 팔로우 해주세요 ♥
[2021-12-11 01:10:17] <solo_kyle12> 2번 죽었어 ㅋㅋㅋㅋ
[2021-12-11 01:10:37] <%4_원소 (4elementar)> ㅋㅋㅋㅋㅋㅋㅋ
[2021-12-11 01:10:39] <오_프 (dh_vm)> ㅋㅋㅋㅋㅋㅋㅋㅋㅋㅋㅋㅋㅋㅋㅋㅋ
[2021-12-11 01:10:40] <%_시가 (lhg0602)> ㅋㅋㅋㅋㅋㅋㅋㅋㅋ
[2021-12-11 01:10:41] <%이월랑 (gq670309)> ㅋㅋㅋㅋㅋㅋㅋㅋㅋㅋㅋㅋㅋ
[2021-12-11 01:10:45] <오_프 (dh_vm)> 바닥보면 각성하시던데.,.
[2021-12-11 01:11:36] <%4_원소 (4elementar)> ㅋㅋㅋㅋㅋㅋㅋㅋㅋㅋ
[2021-12-11 01:11:45] <오_프 (dh_vm)> ㅋㅋㅋㅋㅋㅋㅋㅋㅋㅋㅋㅋㅋㅋㅋ
[2021-12-11 01:11:49] <%_시가 (lhg0602)> ㅋㅋㅋㅋㅋㅋㅋ
[2021-12-11 01:11:57] <%4_원소 (4elementar)> ㄹㅇ
[2021-12-11 01:13:19] <오_프 (dh_vm)> ㄲㅂ
[2021-12-11 01:14:38] <%이월랑 (gq670309)> 오
[2021-12-11 01:14:49] <%4_원소 (4elementar)> 어?
[2021-12-11 01:14:51] <%이월랑 (gq670309)> 어?
[2021-12-11 01:14:54] <_호룡_ (dawsxcaw)> 어?
[2021-12-11 01:14:56] <오_프 (dh_vm)> 어라
[2021-12-11 01:14:57] <%+lego419> 던져버렸다
[2021-12-11 01:14:57] <%4_원소 (4elementar)> ㅇㄹㄹ?
[2021-12-11 01:14:57] <룬룬이당 (rurnrurn)> 플래그의 효과인가?
[2021-12-11 01:14:59] <%abcdefghijklmn1111> 어?
[2021-12-11 01:15:14] <%4_원소 (4elementar)> ㅋㅋㅋㅋㅋㅋㅋ
[2021-12-11 01:16:28] <%이월랑 (gq670309)> 이래도 방플의심될 상황나오면 한번 한라운드 화면 전환하고 해보심이 어떤지
[2021-12-11 01:17:03] <룬룬이당 (rurnrurn)> 이번엔 진짜 이겼다
[2021-12-11 01:17:14] <%4_원소 (4elementar)> ㅈㅈ
[2021-12-11 01:17:20] <%강서구_노예트수 (nicholas06122)> flower0326GG
[2021-12-11 01:17:21] <오_프 (dh_vm)> ㅈㅈ
[2021-12-11 01:17:21] <%abcdefghijklmn1111> flower0326GG flower0326GG flower0326GG
[2021-12-11 01:17:23] <%강서구_노예트수 (nicholas06122)> flower0326Nice flower0326Nice flower0326Nice
[2021-12-11 01:17:27] <%4_원소 (4elementar)> ㄹㅇ
[2021-12-11 01:17:41] <%강서구_노예트수 (nicholas06122)> 경이로운 수준이랄까?
[2021-12-11 01:18:29] <%강서구_노예트수 (nicholas06122)> 오늘 어느 정도까지 하실 생각있으신가요?
[2021-12-11 01:18:48] <오_프 (dh_vm)> 오히려 좋아
[2021-12-11 01:18:48] <@%머진강호 (gangho1999)> 게임 무리하지 마세요
[2021-12-11 01:18:58] <%삥끄투표 (friend3338)> 와 꽃감님 오늘 엄청 오래하시네 ㄷㄷ
[2021-12-11 01:19:02] <@%머진강호 (gangho1999)> 그러게요
[2021-12-11 01:19:04] <오_프 (dh_vm)> 꽃감님이 힘들면 쉬어야하긴 한데
[2021-12-11 01:19:08] <%강서구_노예트수 (nicholas06122)> 맞아요 매니저님 말씀처럼 너무 무리하지 마세요
[2021-12-11 01:19:24] <%강서구_노예트수 (nicholas06122)> 아직 flower0326Baby1 flower0326Baby2인데..
[2021-12-11 01:20:15] <@^싹둑 (ssakdook)> ♥ 팔로우 해주세요 ♥
[2021-12-11 01:20:27] <%4_원소 (4elementar)> ㅋㅋㅋㅋㅋㅋㅋ
[2021-12-11 01:20:36] <%4_원소 (4elementar)> 막판 화긴
[2021-12-11 01:20:59] <@%머진강호 (gangho1999)> 아주르/준바마우스/꽃감이/페빠/콜타
[2021-12-11 01:21:02] <당신의오른손 (ass200021)> 꽃감님 레디언트인가여
[2021-12-11 01:21:12] <@%머진강호 (gangho1999)> 다이아 1 입니다.
[2021-12-11 01:21:24] <당신의오른손 (ass200021)> 저는 골드인데 다이아 어캐 가나여
[2021-12-11 01:21:43] <@%머진강호 (gangho1999)> 노하우는 없고
[2021-12-11 01:22:01] <@%머진강호 (gangho1999)> 에임 보정이랑 브레이킹만 잘해도
[2021-12-11 01:22:08] <Korean_ID> !업타임
[2021-12-11 01:22:08] <@%머진강호 (gangho1999)> 플레는 갈 수 있어요
[2021-12-11 01:22:09] <@^싹둑 (ssakdook)> 방송 업타임: 4 시간 14 분 37 초
[2021-12-11 01:22:36] <%4_원소 (4elementar)> 월클감
[2021-12-11 01:22:43] <%강서구_노예트수 (nicholas06122)> 전 이만 자러 가보겠습니당 꽃바
[2021-12-11 01:22:50] <@%머진강호 (gangho1999)> 들어가세요
[2021-12-11 01:23:06] <%4_원소 (4elementar)> 아잉
[2021-12-11 01:23:09] [Notification] 스페이스4_ subscribed at Tier 1. They've subscribed for 3 months!
[2021-12-11 01:23:11] <공히어로 (heroball1)> 아잉
[2021-12-11 01:23:23] <%스페이스4_ (twitch_space4)> 꽃하
[2021-12-11 01:23:24] <@^싹둑 (ssakdook)> 스페이스4_ 님 트하 ♥ flower39Gamhi
[2021-12-11 01:23:30] <공뇽입니다 (0_nyong)> 꽃하
[2021-12-11 01:23:32] <%4_원소 (4elementar)> ㄲㅂ
[2021-12-11 01:23:37] <%4_원소 (4elementar)> ㅋㅋㅋㅋㅋㅋㅋㅋ
[2021-12-11 01:24:06] <%_시가 (lhg0602)> ㅋㅋㅋㅋㅋㅋㅋ
[2021-12-11 01:24:49] <%4_원소 (4elementar)> 오
[2021-12-11 01:24:53] <오_프 (dh_vm)> ㅋㅋㅋㅋㅋㅋㅋㅋㅋㅋㅋㅋㅋㅋ
[2021-12-11 01:26:27] <%4_원소 (4elementar)> ㄷㄷ
[2021-12-11 01:26:48] <%4_원소 (4elementar)> ㅋㅋㅋㅋㅋㅋㅋ
[2021-12-11 01:26:52] <%하얀구름07 (flower_kim26)> ㄲㅂㅇ~
[2021-12-11 01:27:28] <%유주니__ (yu_jun1005)> 몰?루
[2021-12-11 01:27:43] <Korean_ID> 꽃하
[2021-12-11 01:27:45] <%4_원소 (4elementar)> ㅋㅋㅋㅋㅋㅋ
[2021-12-11 01:27:45] <@^싹둑 (ssakdook)> Korean_ID 님 트하 ♥ flower39Gamhi
[2021-12-11 01:27:49] <%하얀구름07 (flower_kim26)> 뭐야 저건;
[2021-12-11 01:28:01] <%유주니__ (yu_jun1005)> 오우
[2021-12-11 01:28:02] <%4_원소 (4elementar)> 어이고
[2021-12-11 01:28:08] <하웨브 (gkdnpqm)> !멤버
[2021-12-11 01:28:10] <@^싹둑 (ssakdook)> 가이코 연다 포요 단즈
[2021-12-11 01:28:14] <%4_원소 (4elementar)> flower0326Nicetry
[2021-12-11 01:28:25] <@%머진강호 (gangho1999)> 아주르/준바마우스도둑/꽃감이/페빠/콜타
[2021-12-11 01:28:28] <lrladydxol> !멤버
[2021-12-11 01:28:28] <@^싹둑 (ssakdook)> 가이코 연다 포요 단즈
[2021-12-11 01:28:32] <%4_원소 (4elementar)> ㅋㅋㅋㅋㅋㅋ
[2021-12-11 01:28:32] <%유주니__ (yu_jun1005)> ㅋㅋㅋㅋㅋㅋㅋㅋㅋ
[2021-12-11 01:28:38] <%_시가 (lhg0602)> ㅋㅋㅋㅋㅋㅋㅋ
[2021-12-11 01:28:44] <@%머진강호 (gangho1999)> 아주르/준바마우스도둑/꽃감이/페빠/콜타
[2021-12-11 01:28:50] <@%머진강호 (gangho1999)> 이 멤버 입니다.
[2021-12-11 01:29:04] <%유주니__ (yu_jun1005)> ㅋㅋㅋㅋㅋㅋ
[2021-12-11 01:29:17] <%유주니__ (yu_jun1005)> 이걸 도망치네
[2021-12-11 01:29:25] <@%머진강호 (gangho1999)> 와우
[2021-12-11 01:29:44] <%4_원소 (4elementar)> ㅋㅋㅋㅋㅋㅋㅋㅋ
[2021-12-11 01:30:11] <%4_원소 (4elementar)> 어?
[2021-12-11 01:30:15] <@^싹둑 (ssakdook)> ♥ 팔로우 해주세요 ♥
[2021-12-11 01:30:16] <%_시가 (lhg0602)> ㅋㅋㅋㅋㅋㅋㅋㅋ
[2021-12-11 01:30:19] <%유주니__ (yu_jun1005)> ㅋㅋㅋㅋㅋㅋ
[2021-12-11 01:30:26] <%4_원소 (4elementar)> ㄲㅂ
[2021-12-11 01:30:48] <%유주니__ (yu_jun1005)> 체임버가 쫄아서 못잡았넹
[2021-12-11 01:30:59] <오_프 (dh_vm)> 팬텀을 많이 써서 두번쨰..
[2021-12-11 01:31:01] <Green_kimtaeil> what rank is it?)
[2021-12-11 01:31:14] <%+lego419> 팬텀 헤드 140이 세상에서 제일억울
[2021-12-11 01:31:25] <%유주니__ (yu_jun1005)> 오딘을위한 벽 ㅋㅋㅋㅋㅋㅋㅋ
[2021-12-11 01:31:29] <%4_원소 (4elementar)> ㅋㅋㅋㅋㅋㅋㅋㅋ
[2021-12-11 01:31:30] Viewerstats (01:03-01:31): avg:566 min:507 max:608 [15/602-17+0+23+0+0-62+28+0-25+0-42+0+37+0]
[2021-12-11 01:31:31] <오_프 (dh_vm)> ㅋㅋㅋㅋㅋㅋㅋㅋㅋㅋㅋㅋㅋㅋㅋㅋㅋㅋ
[2021-12-11 01:31:31] <%_시가 (lhg0602)> ㅋㅋㅋㅋㅋㅋㅋㅋㅋㅋㅋㅋㅋㅋㅋㅋㅋㅋㅋㅋ
[2021-12-11 01:31:45] <%_시가 (lhg0602)> 고였는데
[2021-12-11 01:31:52] <@%머진강호 (gangho1999)> dia 1
[2021-12-11 01:32:34] <%유주니__ (yu_jun1005)> ㄴㅇㅅ
[2021-12-11 01:32:38] <%4_원소 (4elementar)> ㄴㅇㅅ
[2021-12-11 01:32:40] <공뇽입니다 (0_nyong)> ㄴㅇㅅ
[2021-12-11 01:32:44] <%_시가 (lhg0602)> ㄴㅇㅅ
[2021-12-11 01:32:48] <아니뭐어쩌라고21 (ao0226)> 나이스 팀!!
[2021-12-11 01:32:48] <%유주니__ (yu_jun1005)> ㅋㅋㅋㅋㅋㅋㅋ
[2021-12-11 01:32:53] <공뇽입니다 (0_nyong)> ㅋㅋㅋㅋㅋㅋㅋ
[2021-12-11 01:32:55] <%4_원소 (4elementar)> ㅋㅋㅋㅋㅋㅋㅋㅋㅋㅋ
[2021-12-11 01:33:01] <@%머진강호 (gangho1999)> 아 ㅋㅋㅋㅋ
[2021-12-11 01:33:01] <%_시가 (lhg0602)> ㅋㅋㅋㅋㅋㅋㅋㅋㅋㅋ
[2021-12-11 01:33:10] <폴라베어31624 (polarbear31624)> 꽃하
[2021-12-11 01:33:11] <%_시가 (lhg0602)> 디앜ㅋㅋㅋㅋㅋㅋㅋㅋㅋ
[2021-12-11 01:33:12] <@^싹둑 (ssakdook)> 폴라베어31624 님 트하 ♥ flower39Gamhi
[2021-12-11 01:33:14] <%하얀구름07 (flower_kim26)> ㅋㅋㅋㅋㅋㅋㅋㅋ
[2021-12-11 01:33:19] <%유주니__ (yu_jun1005)> 버그네
[2021-12-11 01:33:25] <오_프 (dh_vm)> 마샬이 최고다 역시
[2021-12-11 01:33:35] <아니뭐어쩌라고21 (ao0226)> diamond니까 뭐.. 생략이라고 생각하죠ㅎ
[2021-12-11 01:33:47] <%4_원소 (4elementar)> 헤응
[2021-12-11 01:33:58] <%4_원소 (4elementar)> ㅋㅋㅋㅋㅋㅋ
[2021-12-11 01:33:58] <@%머진강호 (gangho1999)> 그렇긴 한데
[2021-12-11 01:33:59] <%유주니__ (yu_jun1005)> 위험했다
[2021-12-11 01:34:01] <오_프 (dh_vm)> ㅋㅋㅋㅋㅋㅋㅋㅋㅋㅋㅋㅋㅋㅋ
[2021-12-11 01:34:04] <@%머진강호 (gangho1999)> 어찌보면 그럴수도
[2021-12-11 01:34:22] <아니뭐어쩌라고21 (ao0226)> 자살ㅋㅋㅋㅋㅋㅋㅋ
[2021-12-11 01:34:29] <아니뭐어쩌라고21 (ao0226)> ㅠㅠㅠ궁썻는데 자살..ㅠㅠ
[2021-12-11 01:34:30] <오_프 (dh_vm)> ㅋㅋㅋㅋㅋㅋㅋㅋㅋㅋㅋㅋㅋ
[2021-12-11 01:34:32] <%유주니__ (yu_jun1005)> ㅋㅋㅋㅋㅋㅋㅋㅋㅋ
[2021-12-11 01:34:32] <%4_원소 (4elementar)> 엌
[2021-12-11 01:34:38] <%하얀구름07 (flower_kim26)> 앜
[2021-12-11 01:34:42] <오_프 (dh_vm)> 피를 저렇게 채우는건 처음봤네
[2021-12-11 01:34:43] <@%머진강호 (gangho1999)> 영미권도 줄여서 말할 때가 있어서 줄였는데 의미전달 잘못 될 수도 있겠네요
[2021-12-11 01:34:53] <%유주니__ (yu_jun1005)> ㅋㅋㅋㅋㅋㅋㅋ
[2021-12-11 01:35:27] <%4_원소 (4elementar)> 오
[2021-12-11 01:35:29] <%유주니__ (yu_jun1005)> 옹
[2021-12-11 01:35:31] <@%머진강호 (gangho1999)> 까비
[2021-12-11 01:35:31] <%4_원소 (4elementar)> ㅋㅋㅋㅋㅋㅋㅋ
[2021-12-11 01:35:32] <%유주니__ (yu_jun1005)> 미쳤다이
[2021-12-11 01:35:32] <아니뭐어쩌라고21 (ao0226)> 오우야
[2021-12-11 01:35:35] <데리루_ (04deriru)> 많네 ㅋㅋㅋㅋㅋ
[2021-12-11 01:35:54] <아니뭐어쩌라고21 (ao0226)> 원래 레이나 무시잘쓰는사람이 잘하는사람이래요
[2021-12-11 01:36:06] <%4_원소 (4elementar)> ㄲㅂ
[2021-12-11 01:36:07] <@%머진강호 (gangho1999)> 맞죠 뭐
[2021-12-11 01:36:23] <%유주니__ (yu_jun1005)> ㅋㅋㅋㅋㅋㅋㅋㅋㅋ
[2021-12-11 01:36:24] <%4_원소 (4elementar)> ㅋㅋㅋㅋㅋ
[2021-12-11 01:36:24] <봉고붕고 (yellwood)> !티오ㅓ
[2021-12-11 01:36:26] <아니뭐어쩌라고21 (ao0226)> ㅋㅋㅋㅋㅋㅋㅋㅋ
[2021-12-11 01:36:26] <봉고붕고 (yellwood)> !티어
[2021-12-11 01:36:30] <@%머진강호 (gangho1999)> 다이아 1 입니다.
[2021-12-11 01:37:03] <Twipkr>* ♥ 죽었으니까 보냄님1,000 ♥
[2021-12-11 01:37:28] <%유주니__ (yu_jun1005)> 오
[2021-12-11 01:37:35] <@%머진강호 (gangho1999)> 오오???
[2021-12-11 01:37:38] <%4_원소 (4elementar)> ㅂㅇㅈㄴ
[2021-12-11 01:37:38] <%유주니__ (yu_jun1005)> ㄲㅂ
[2021-12-11 01:37:38] <jangsky1> ㄷㄷ
[2021-12-11 01:37:39] <%4_원소 (4elementar)> ㄲㅂ
[2021-12-11 01:37:41] <@%머진강호 (gangho1999)> 하긴 다르긴 하죠
[2021-12-11 01:37:42] <%_시가 (lhg0602)> ?? 그게 달라요?
[2021-12-11 01:37:45] <@%머진강호 (gangho1999)> 다 달라요
[2021-12-11 01:37:45] <%_시가 (lhg0602)> 처음 알았네
[2021-12-11 01:37:54] <@%머진강호 (gangho1999)> 케이오 소리도 다른게요
[2021-12-11 01:38:00] <아니뭐어쩌라고21 (ao0226)> 케이오 사이퍼가 진짜 다름
[2021-12-11 01:38:05] <@%머진강호 (gangho1999)> 맞아요
[2021-12-11 01:38:17] <%_시가 (lhg0602)> 케이오만하는데 처음알았네
[2021-12-11 01:38:38] <%유주니__ (yu_jun1005)> ㅋㅋㅋㅋㅋㅋㅋㅋㅋ
[2021-12-11 01:38:39] <%4_원소 (4elementar)> ㅋㅋㅋㅋㅋㅋㅋㅋㅋ
[2021-12-11 01:38:39] <아니뭐어쩌라고21 (ao0226)> ㅋㅋㅋㅋㅋㅋㅋㅋㅋ
[2021-12-11 01:38:43] <%_시가 (lhg0602)> ㅋㅋㅋㅋㅋㅋㅋㅋㅋㅋㅋㅋㅋ
[2021-12-11 01:38:44] <아니뭐어쩌라고21 (ao0226)> 마중나가버렷넼ㅋㅋㅋㅋ
[2021-12-11 01:38:47] <%유주니__ (yu_jun1005)> 이게 브리치 궁인가
[2021-12-11 01:39:00] <아니뭐어쩌라고21 (ao0226)> 아 개웃곀ㅋㅋㅋ
[2021-12-11 01:39:19] <%4_원소 (4elementar)> ㅋㅋㅋㅋㅋㅋㅋ
[2021-12-11 01:39:23] <%_시가 (lhg0602)> ㅋㅋㅋㅋㅋㅋㅋㅋㅋㅋ
[2021-12-11 01:39:40] <%4_원소 (4elementar)> ㅋㅋㅋㅋㅋㅋㅋㅋㅋ
[2021-12-11 01:39:41] <%유주니__ (yu_jun1005)> ㅋㅋㅋㅋㅋㅋㅋ
[2021-12-11 01:40:12] <%리뮤우 (rimuo)> !멤버
[2021-12-11 01:40:14] <@^싹둑 (ssakdook)> 가이코 연다 포요 단즈
[2021-12-11 01:40:17] <@^싹둑 (ssakdook)> ♥ 팔로우 해주세요 ♥
[2021-12-11 01:40:22] <제이감귤 (jtmjeremy)> ㅋㅋ;
[2021-12-11 01:40:24] <제이감귤 (jtmjeremy)> 스킬이 몇개여
[2021-12-11 01:40:28] <@%머진강호 (gangho1999)> Diamond
[2021-12-11 01:40:30] <%4_원소 (4elementar)> 오
[2021-12-11 01:40:31] <@%머진강호 (gangho1999)> 아이거
[2021-12-11 01:40:40] <@%머진강호 (gangho1999)> 아주르/준바마우스도둑/꽃감이/페빠/콜타
[2021-12-11 01:40:45] <@%머진강호 (gangho1999)> 이 멤버입니다.
[2021-12-11 01:40:51] <%4_원소 (4elementar)> ㄴㅇㅅ
[2021-12-11 01:40:53] <%유주니__ (yu_jun1005)> ㄴㅇㅅ
[2021-12-11 01:41:09] <%4_원소 (4elementar)> 미션 ㄱㅈㅇ
[2021-12-11 01:41:25] <%4_원소 (4elementar)> ㅋㅋㅋㅋㅋㅋㅋㅋㅋ
[2021-12-11 01:41:28] <@%머진강호 (gangho1999)> ㅋㅋㅋㅋㅋㅋㅋㅋ
[2021-12-11 01:42:06] <%4_원소 (4elementar)> 엌
[2021-12-11 01:42:06] <%유주니__ (yu_jun1005)> 엇
[2021-12-11 01:42:08] <%유주니__ (yu_jun1005)> ㅋㅋㅋㅋㅋㅋㅋ
[2021-12-11 01:42:09] <아니뭐어쩌라고21 (ao0226)> 앜
[2021-12-11 01:42:15] <%유주니__ (yu_jun1005)> ㅋㅋㅋㅋㅋㅋㅋㅋㅋㅋㅋㅋㅋ
[2021-12-11 01:42:15] <화장실문지기 (smvit0602)> ㅋㅋㅋㅋㅋㅋㅋㅋㅋㅋㅋㅋ
[2021-12-11 01:42:17] <jangsky1> ㅋㅋㅋㅋㅋㅋㅋㅋㅋㅋ
[2021-12-11 01:42:24] <%4_원소 (4elementar)> ㅋㅋㅋㅋㅋㅋㅋㅋㅋㅋㅋㅋ
[2021-12-11 01:42:25] <아니뭐어쩌라고21 (ao0226)> ㄲㅂ...
[2021-12-11 01:42:33] <@%머진강호 (gangho1999)> 그럴 수 있죠
[2021-12-11 01:42:43] <아니뭐어쩌라고21 (ao0226)> 레이나 궁이 원래 쏘기 힘들....어요?
[2021-12-11 01:42:49] <아니뭐어쩌라고21 (ao0226)> ㅎ
[2021-12-11 01:43:13] <%유주니__ (yu_jun1005)> 경쟁을안돌리는데 불멸....?
[2021-12-11 01:43:21] <도계_ (dogye_)> !티어
[2021-12-11 01:43:23] <%4_원소 (4elementar)> 와우
[2021-12-11 01:43:34] <%유주니__ (yu_jun1005)> ㅋㅋㅋㅋㅋㅋㅋ
[2021-12-11 01:43:34] <%4_원소 (4elementar)> ㅋㅋㅋㅋㅋㅋㅋ
[2021-12-11 01:43:35] <@%머진강호 (gangho1999)> 쩌낟
[2021-12-11 01:43:54] <%유주니__ (yu_jun1005)> ㄴㅇㅅ
[2021-12-11 01:43:58] <@%머진강호 (gangho1999)> ㄴㅇㅅ
[2021-12-11 01:44:17] <%유주니__ (yu_jun1005)> 무섭네
[2021-12-11 01:44:25] <%4_원소 (4elementar)> 매섭다
[2021-12-11 01:44:31] <아니뭐어쩌라고21 (ao0226)> 세이지 벽이 ㄹㅇ 개지린판단
[2021-12-11 01:44:42] <%4_원소 (4elementar)> 오
[2021-12-11 01:44:43] <%유주니__ (yu_jun1005)> 오
[2021-12-11 01:44:57] <나라ㅅ말싸미 (anghyeon)> !멤버
[2021-12-11 01:44:59] <@^싹둑 (ssakdook)> 가이코 연다 포요 단즈
[2021-12-11 01:45:12] <@%머진강호 (gangho1999)> 아주르/준바마우스도둑/꽃감이/페빠/콜타
[2021-12-11 01:45:19] <@%머진강호 (gangho1999)> 이 멤버입니다.
[2021-12-11 01:45:23] <%4_원소 (4elementar)> ㄴㅇㅅ
[2021-12-11 01:45:27] <%유주니__ (yu_jun1005)> ㄴㅇㅅ
[2021-12-11 01:45:33] <곶감단감꽃감 (cybernexic)> ㄴㅇㅅ
[2021-12-11 01:45:44] <tkdkreh> !업타임
[2021-12-11 01:45:44] <%4_원소 (4elementar)> ㅋㅋㅋㅋㅋㅋㅋㅋ
[2021-12-11 01:45:45] <@^싹둑 (ssakdook)> 방송 업타임: 4 시간 38 분 13 초
[2021-12-11 01:45:46] <%유주니__ (yu_jun1005)> ㅋㅋㅋㅋㅋㅋ
[2021-12-11 01:45:50] <금신입니다 (kimshin617)> eq쓴건 총 안줄려고 한거 아님? ㅋ
[2021-12-11 01:46:33] <%+masaki_99> 花ちゃんこんばんはー
[2021-12-11 01:47:05] <%4_원소 (4elementar)> 오오
[2021-12-11 01:47:07] <@%머진강호 (gangho1999)> 나이스
[2021-12-11 01:47:31] <아니뭐어쩌라고21 (ao0226)> ㅋㅋㅋㅋㅋㅋㅋ
[2021-12-11 01:47:40] <아니뭐어쩌라고21 (ao0226)> 또 1킬도 못하면 ㄹㅇ 울어야돼...
[2021-12-11 01:48:08] <%4_원소 (4elementar)> ㅋㅋㅋㅋㅋㅋㅋ
[2021-12-11 01:48:10] <아니뭐어쩌라고21 (ao0226)> ㅋㅋㅋㅋㅋㅋㅋ
[2021-12-11 01:48:19] <아니뭐어쩌라고21 (ao0226)> ㄹㅇ 1킬도 못하면...
[2021-12-11 01:48:23] <%4_원소 (4elementar)> ㅋㅋㅋㅋㅋㅋㅋㅋㅋㅋㅋㅋ
[2021-12-11 01:48:24] <아니뭐어쩌라고21 (ao0226)> 울어야겟네
[2021-12-11 01:48:24] <금신입니다 (kimshin617)> 얼음
[2021-12-11 01:48:32] <아니뭐어쩌라고21 (ao0226)> 빨리 울어요...응애
[2021-12-11 01:48:34] <욕못하는선비 (dksktlq5)> ㅜㅜㅜㅜㅜㅜㅜㅜ
[2021-12-11 01:48:35] <데리루_ (04deriru)> 이걸 다 잡아버렸네
[2021-12-11 01:48:38] <%유주니__ (yu_jun1005)> ㅠㅠ
[2021-12-11 01:48:48] <욕못하는선비 (dksktlq5)> 운다
[2021-12-11 01:48:53] <%4_원소 (4elementar)> ㅋㅋㅋㅋㅋㅋㅋㅋ
[2021-12-11 01:49:04] <%유주니__ (yu_jun1005)> ㅋㅋㅋㅋㅋㅋ
[2021-12-11 01:49:05] <욕못하는선비 (dksktlq5)> ?
[2021-12-11 01:49:16] <비부야 (beebooya1020)> !업타임
[2021-12-11 01:49:17] <@^싹둑 (ssakdook)> 방송 업타임: 4 시간 41 분 45 초
[2021-12-11 01:49:40] <%유주니__ (yu_jun1005)> ㅋㅋㅋㅋㅋㅋㅋㅋ
[2021-12-11 01:49:41] <%4_원소 (4elementar)> ㅋㅋㅋㅋㅋㅋㅋㅋㅋ
[2021-12-11 01:49:45] <@%머진강호 (gangho1999)> 아이고;;;
[2021-12-11 01:49:45] <비부야 (beebooya1020)> ㅋㅋㅋㅋㅋ
[2021-12-11 01:49:58] <%4_원소 (4elementar)> ㅌㅋㅋㅋㅋㅋㅋㅋㅋ
[2021-12-11 01:50:01] <아니뭐어쩌라고21 (ao0226)> 킬해야
[2021-12-11 01:50:03] <아니뭐어쩌라고21 (ao0226)> 궁차는데
[2021-12-11 01:50:05] <움파루파 (wooparupa1)> 아이오아이오
[2021-12-11 01:50:06] <아니뭐어쩌라고21 (ao0226)> 킬도 못해
[2021-12-11 01:50:09] <아니뭐어쩌라고21 (ao0226)> 궁켜도 못해
[2021-12-11 01:50:13] <아니뭐어쩌라고21 (ao0226)> 아무것도 못해
[2021-12-11 01:50:17] <@^싹둑 (ssakdook)> ♥ 팔로우 해주세요 ♥
[2021-12-11 01:50:40] <@%머진강호 (gangho1999)> 이거 방플 좀 심하네
[2021-12-11 01:51:07] <@%머진강호 (gangho1999)> 아이고;;
[2021-12-11 01:51:10] <%4_원소 (4elementar)> 와
[2021-12-11 01:51:11] <욕못하는선비 (dksktlq5)> 풀썩
[2021-12-11 01:51:20] <%유주니__ (yu_jun1005)> 선넘넹
[2021-12-11 01:51:21] <@%머진강호 (gangho1999)> 이거 몇판만
[2021-12-11 01:51:25] <@%머진강호 (gangho1999)> 가리죠
[2021-12-11 01:51:28] <%4_원소 (4elementar)> ㅋㅋㅋㅋㅋㅋㅋㅋㅋㅋ
[2021-12-11 01:51:30] <jangsky1> 허허
[2021-12-11 01:51:30] <움파루파 (wooparupa1)> ㅋㅋㅋㅋㅋㅋㅋㅋㅋㅋㅋㅋㅋ
[2021-12-11 01:51:32] <%유주니__ (yu_jun1005)> ㅋㅋㅋㅋㅋㅋㅋ
[2021-12-11 01:51:36] <%하얀구름07 (flower_kim26)> 너무하네~
[2021-12-11 01:51:40] <욕못하는선비 (dksktlq5)> g
[2021-12-11 01:51:43] <%4_원소 (4elementar)> ㅋㅋㅋㅋㅋㅋㅋㅋ
[2021-12-11 01:51:54] <mirrr007> ㅋㅋㅋㅋㅋㅋㅋㅋㅋㅋㅋㅋㅋ
[2021-12-11 01:51:55] <아니뭐어쩌라고21 (ao0226)> 진짜 못던져..ㅠㅠㅠ
[2021-12-11 01:51:55] <그리무아르 (wert12946)> 농구 따라하기가 휴지통에 총 넣는건가요?
[2021-12-11 01:51:56] <움파루파 (wooparupa1)> 오?
[2021-12-11 01:51:56] <욕못하는선비 (dksktlq5)> 점프하고 g?
[2021-12-11 01:52:03] <%유주니__ (yu_jun1005)> ㅋㅋㅋㅋ
[2021-12-11 01:52:05] <욕못하는선비 (dksktlq5)> ㅋㅋㅋㅋㅋㅋㅋㅋㅋㅋㅋㅋㅋㅋ
[2021-12-11 01:52:09] <jangsky1> gous ㄷㄷ
[2021-12-11 01:52:16] <%4_원소 (4elementar)> ㅋㅋㅋㅋㅋㅋㅋㅋ
[2021-12-11 01:52:18] <움파루파 (wooparupa1)> ㅋㅋㅋㅋㅋㅋㅋㅋㅋㅋ
[2021-12-11 01:52:20] <%유주니__ (yu_jun1005)> ㅋㅋㅋㅋㅋ
[2021-12-11 01:52:29] <움파루파 (wooparupa1)> 오
[2021-12-11 01:52:31] <욕못하는선비 (dksktlq5)> 까비
[2021-12-11 01:52:34] <%4_원소 (4elementar)> ㅋㅋㅋㅋㅋㅋㅋㅋㅋㅋㅋ
[2021-12-11 01:52:41] <아니뭐어쩌라고21 (ao0226)> 이것마저 재능인가...
[2021-12-11 01:52:47] <who_dans> 안녕하세요
[2021-12-11 01:52:54] <움파루파 (wooparupa1)> 상대는 지금 뭐할까
[2021-12-11 01:53:00] <욕못하는선비 (dksktlq5)> 30초남았는데?
[2021-12-11 01:53:02] <%유주니__ (yu_jun1005)> ㅘ
[2021-12-11 01:53:02] <%4_원소 (4elementar)> ㅋㅋㅋㅋㅋㅋ
[2021-12-11 01:53:03] <움파루파 (wooparupa1)> 와!
[2021-12-11 01:53:04] <욕못하는선비 (dksktlq5)> ㅋㅋㅋㅋㅋㅋㅋㅋㅋㅋ
[2021-12-11 01:53:06] <아니뭐어쩌라고21 (ao0226)> 바로 달려야돼ㅋㅋㅋㅋㅋ
[2021-12-11 01:53:06] <_설탕 (sugar42)> ㅘ
[2021-12-11 01:53:07] <%하얀구름07 (flower_kim26)> ㅋㅋㅋㅋㅋㅋㅋㅋ
[2021-12-11 01:53:09] <%+lego419> 무지성푸시
[2021-12-11 01:53:10] <%하얀구름07 (flower_kim26)> 달려~
[2021-12-11 01:53:10] <움파루파 (wooparupa1)> 15초 남았는데 ㅋㅋㅋㅋ
[2021-12-11 01:53:14] <욕못하는선비 (dksktlq5)> 구슬먹자
[2021-12-11 01:53:14] <%유주니__ (yu_jun1005)> 멈추면진다
[2021-12-11 01:53:21] <%유주니__ (yu_jun1005)> ㅋㅋㅋㅋㅋㅋㅋㅋㅋ
[2021-12-11 01:53:26] <%4_원소 (4elementar)> ㅋㅋㅋㅋㅋㅋㅋㅋㅋ
[2021-12-11 01:53:27] <욕못하는선비 (dksktlq5)> ㅋㅋㅋㅋㅋㅋㅋㅋㅋㅋㅋㅋㅋㅋㅋㅋㅋㅋㅋㅋㅋ
[2021-12-11 01:53:29] <데리루_ (04deriru)> ㅋㅋㅋㅋㅋ-ㅋㅋㅋㅋㅋㅋㅋㅋ
[2021-12-11 01:53:31] <%하얀구름07 (flower_kim26)> ㅋㅋㅋㅋㅋㅋ
[2021-12-11 01:53:31] <아니뭐어쩌라고21 (ao0226)> ㅋㅋㅋㅋㅋㅋ3000원 벌려곸ㅋㅋㅋㅋ
[2021-12-11 01:53:33] <움파루파 (wooparupa1)> ㅋㅋㅋㅋㅋㅋㅋㅋㅋㅋㅋㅋㅋㅋㅋㅋ
[2021-12-11 01:53:39] <아니뭐어쩌라고21 (ao0226)> 50초가량을ㅋㅋㅋㅋ
[2021-12-11 01:53:41] <%4_원소 (4elementar)> 미션 성공
[2021-12-11 01:54:03] <%유주니__ (yu_jun1005)> 포로
[2021-12-11 01:54:06] <@%머진강호 (gangho1999)> 포로
[2021-12-11 01:54:10] <Twipkr>* ♥ ㅇㅇ님1,000 ♥
[2021-12-11 01:54:14] <%_시가 (lhg0602)> ㅋㅋㅋㅋㅋㅋ
[2021-12-11 01:54:20] <%4_원소 (4elementar)> ㅋㅋㅋㅋㅋㅋㅋ
[2021-12-11 01:54:22] <공히어로 (heroball1)> ㅋㅋㅋㅋㅋㅋㅋ
[2021-12-11 01:54:32] <금신입니다 (kimshin617)> 게임에 정채성이... ㅋㅋㅋ
[2021-12-11 01:54:43] <죠스_바_ (hoon081)> !티어
[2021-12-11 01:54:58] <%4_원소 (4elementar)> 엌
[2021-12-11 01:55:00] <욕못하는선비 (dksktlq5)> 러닝건 무섭네
[2021-12-11 01:55:04] <@%머진강호 (gangho1999)> 다이아 1 입니다ㅡ
[2021-12-11 01:55:08] <아니뭐어쩌라고21 (ao0226)> ㅋㅋㅋㅋㅋㅋㅋㅋㅋㅋ
[2021-12-11 01:55:08] <%유주니__ (yu_jun1005)> ㅋㅋㅋㅋㅋㅋㅋㅋㅋ
[2021-12-11 01:55:09] <%4_원소 (4elementar)> ㅋㅋㅋㅋㅋㅋㅋ
[2021-12-11 01:55:12] <마이어니 (m_fe_)> ㅋㅋㅋㅋㅋㅋㅋㅋㅋㅋ
[2021-12-11 01:55:13] <%하얀구름07 (flower_kim26)> ㅋㅋㅋㅋㅋㅋㅋㅋ
[2021-12-11 01:55:18] <아니뭐어쩌라고21 (ao0226)> 궁 4킬부터 일단ㅋㅋㅋ
[2021-12-11 01:56:16] <%+lego419> 좀 심하긴하네
[2021-12-11 01:56:26] <%4_원소 (4elementar)> ㅋㅋㅋㅋㅋ
[2021-12-11 01:56:44] <%유주니__ (yu_jun1005)> ㄴㅇㅅ
[2021-12-11 01:56:45] <%4_원소 (4elementar)> 2킬 적립
[2021-12-11 01:56:48] <%유주니__ (yu_jun1005)> ㅋㅋㅋㅋㅋㅋ
[2021-12-11 01:56:48] <@%머진강호 (gangho1999)> 2킬 남았다
[2021-12-11 01:56:54] <%4_원소 (4elementar)> ㅋㅋㅋㅋㅋㅋㅋㅋ
[2021-12-11 01:57:03] <데리루_ (04deriru)> 발로란트에서 나서스하네 ㅋㅋㅋㅋㅋㅋㅋ
[2021-12-11 01:57:04] <아니뭐어쩌라고21 (ao0226)> 킬을 많이 하면됨
[2021-12-11 01:57:18] <아니뭐어쩌라고21 (ao0226)> 에이스가자
[2021-12-11 01:57:40] <그리무아르 (wert12946)> 감님 쉬운 방법 스돌가서 궁구슬만먹고 킬해요 ㅋㅋ 아 이건 안됄라나
[2021-12-11 01:57:52] <%4_원소 (4elementar)> 냠
[2021-12-11 01:58:01] <@%머진강호 (gangho1999)> 하긴 일반이라고 명칭이 없으니
[2021-12-11 01:58:09] <%4_원소 (4elementar)> 엌
[2021-12-11 01:58:18] <gamhee0248> 꽃하
[2021-12-11 01:58:18] <@^싹둑 (ssakdook)> gamhee0248 님 트하 ♥ flower39Gamhi
[2021-12-11 01:58:28] <%4_원소 (4elementar)> ㄴㅇㅅ
[2021-12-11 01:58:28] <%유주니__ (yu_jun1005)> ㄴㅇㅅ
[2021-12-11 01:58:34] <gamhee0248> ㄴㅇㅅ
[2021-12-11 01:58:37] <욕못하는선비 (dksktlq5)> 시장에가면~ 레이나도있고~
[2021-12-11 01:58:48] <@%머진강호 (gangho1999)> 제트도 있고~
[2021-12-11 01:59:12] <욕못하는선비 (dksktlq5)> 나이수
[2021-12-11 01:59:25] <그리무아르 (wert12946)> 바위게도 있고~
[2021-12-11 02:00:08] <%유주니__ (yu_jun1005)> ㄴㅇㅅ
[2021-12-11 02:00:10] <%유주니__ (yu_jun1005)> 아
[2021-12-11 02:00:11] <%4_원소 (4elementar)> 엌
[2021-12-11 02:00:13] <@%머진강호 (gangho1999)> 아
[2021-12-11 02:00:13] <%유주니__ (yu_jun1005)> 아ㅏㅏㅏㅏ
[2021-12-11 02:00:14] <데리루_ (04deriru)> 엌
[2021-12-11 02:00:14] <아니뭐어쩌라고21 (ao0226)> 페빠상...
[2021-12-11 02:00:15] <%4_원소 (4elementar)> ㅋㅋㅋㅋㅋㅋㅋㅋㅋㅋ
[2021-12-11 02:00:15] <@^싹둑 (ssakdook)> ♥ 팔로우 해주세요 ♥
[2021-12-11 02:00:15] <움파루파 (wooparupa1)> 아...
[2021-12-11 02:00:17] <gamhee0248> 앗
[2021-12-11 02:00:17] <%유주니__ (yu_jun1005)> 선넘.....
[2021-12-11 02:00:17] <%_시가 (lhg0602)> 엌
[2021-12-11 02:00:18] <@%머진강호 (gangho1999)> 어니
[2021-12-11 02:00:18] <%_시가 (lhg0602)> ㅋㅋㅋㅋㅋㅋㅋㅋㅋㅋㅋ
[2021-12-11 02:00:20] <데리루_ (04deriru)> 농사 시작
[2021-12-11 02:00:21] <@%머진강호 (gangho1999)> 선넘
[2021-12-11 02:00:22] <%4_원소 (4elementar)> 매치포인트인데?
[2021-12-11 02:00:23] <아니뭐어쩌라고21 (ao0226)> 페빠상....
[2021-12-11 02:00:26] <%+lego419> 앗
[2021-12-11 02:00:27] <%4_원소 (4elementar)> ㅋㅋㅋㅋㅋㅋㅋㅋㅋㅋㅋㅋ
[2021-12-11 02:00:30] <그리무아르 (wert12946)> ㅋㅋㅋ
[2021-12-11 02:00:31] <%유주니__ (yu_jun1005)> 아......
[2021-12-11 02:00:33] <%4_원소 (4elementar)> 단 1킬
[2021-12-11 02:00:35] <키드_1412 (kidlhj)> !멤버
[2021-12-11 02:00:35] <%유주니__ (yu_jun1005)> 이건.......
[2021-12-11 02:00:36] <@^싹둑 (ssakdook)> 가이코 연다 포요 단즈
[2021-12-11 02:00:38] <@%머진강호 (gangho1999)> 이거....킹부러??
[2021-12-11 02:00:40] <%4_원소 (4elementar)> ㅋㅋㅋㅋㅋㅋㅋㅋㅋㅋㅋㅋㅋ
[2021-12-11 02:00:40] <%유주니__ (yu_jun1005)> ㅋㅋㅋㅋㅋㅋㅋ
[2021-12-11 02:00:41] <@%머진강호 (gangho1999)> 아주르/준바마우스도둑/꽃감이/페빠/콜타
[2021-12-11 02:00:46] <%4_원소 (4elementar)> ㅋㅋㅋㅋㅋㅋㅋㅋ
[2021-12-11 02:00:48] <%이월랑 (gq670309)> ㅋㅋㅋㅋㅋㅋㅋㅋㅋ
[2021-12-11 02:00:50] <%하얀구름07 (flower_kim26)> ㅋㅋㅋㅋㅋㅋㅋ
[2021-12-11 02:01:00] <%_시가 (lhg0602)> 실수로 ㅋㅋㅋㅋ
[2021-12-11 02:01:02] <움파루파 (wooparupa1)> ㅋㅋㅋㅋㅋㅋㅋㅋ
[2021-12-11 02:01:05] <%4_원소 (4elementar)> 오
[2021-12-11 02:01:12] <%abcdefghijklmn1111> 오
[2021-12-11 02:01:13] <%유주니__ (yu_jun1005)> 오
[2021-12-11 02:01:16] <%abcdefghijklmn1111> 오오
[2021-12-11 02:01:17] <%유주니__ (yu_jun1005)> ㄲㅂ
[2021-12-11 02:01:18] <움파루파 (wooparupa1)> ㄲㅂ
[2021-12-11 02:01:22] <%abcdefghijklmn1111> ㄲㅂ
[2021-12-11 02:01:24] <@%머진강호 (gangho1999)> 그래도 3카운트
[2021-12-11 02:01:25] <gamhee0248> ㄲㅂ
[2021-12-11 02:01:38] <%유주니__ (yu_jun1005)> ㅋㅋㅋㅋㅋㅋ
[2021-12-11 02:01:39] Viewerstats (01:33-02:01): avg:527 min:505 max:550 [15/505+0+17+0+8+0+0+6+0-14+0+28+0-22+0]
[2021-12-11 02:01:39] <%4_원소 (4elementar)> ㅋㅋㅋㅋㅋㅋ
[2021-12-11 02:01:40] <%유주니__ (yu_jun1005)> 이길뻔
[2021-12-11 02:01:44] <아니뭐어쩌라고21 (ao0226)> 자 가보자
[2021-12-11 02:01:44] <움파루파 (wooparupa1)> 아 ㄲㅂ ㅋㅋ
[2021-12-11 02:01:53] <아니뭐어쩌라고21 (ao0226)> 궁먹다 죽지만 않으면 가능
[2021-12-11 02:01:57] <%_시가 (lhg0602)> ㅋㅋㅋㅋㅋㅋㅋ
[2021-12-11 02:02:10] <%유주니__ (yu_jun1005)> ㅋㅋㅋㅋㅋㅋ
[2021-12-11 02:02:18] <그리무아르 (wert12946)> 방플이있다면 눈치있게 죽이지 말거라
[2021-12-11 02:02:24] <%4_원소 (4elementar)> ㅋㅋㅋㅋㅋㅋㅋㅋ
[2021-12-11 02:02:36] <%4_원소 (4elementar)> 냠
[2021-12-11 02:02:40] <움파루파 (wooparupa1)> 냐미
[2021-12-11 02:02:46] <%유주니__ (yu_jun1005)> ㅋㅋㅋㅋㅋㅋ
[2021-12-11 02:02:52] <그리무아르 (wert12946)> 레이나 공주
[2021-12-11 02:02:55] <@%머진강호 (gangho1999)> 미션을 위해!!!
[2021-12-11 02:02:55] <아니뭐어쩌라고21 (ao0226)> 경호원 지리네
[2021-12-11 02:02:55] <그리무아르 (wert12946)> 겅듀
[2021-12-11 02:02:57] <아니뭐어쩌라고21 (ao0226)> ㄹㅇ
[2021-12-11 02:02:59] <공히어로 (heroball1)> 꽃바
[2021-12-11 02:03:06] <%유주니__ (yu_jun1005)> 아
[2021-12-11 02:03:07] <아니뭐어쩌라고21 (ao0226)> 아ㅜㅠㅠㅠㅜ
[2021-12-11 02:03:08] <%4_원소 (4elementar)> ㅋㅋㅋㅋㅋㅋㅋ
[2021-12-11 02:03:08] <%유주니__ (yu_jun1005)> ㅋㅋㅋㅋㅋㅋㅋㅋㅋ
[2021-12-11 02:03:09] <@%머진강호 (gangho1999)> 대참사
[2021-12-11 02:03:14] <%_시가 (lhg0602)> ㅋㅋㅋㅋㅋㅋㅋㅋㅋㅋ
[2021-12-11 02:03:15] <@%머진강호 (gangho1999)> 진심 나쁜 ㅅ....
[2021-12-11 02:03:16] <움파루파 (wooparupa1)> ㅋㅋㅋㅋㅋㅋㅋㅋ
[2021-12-11 02:03:16] <%하얀구름07 (flower_kim26)> 안 돼~
[2021-12-11 02:03:18] <%_시가 (lhg0602)> 야발ㅋㅋㅋㅋ
[2021-12-11 02:03:31] <그리무아르 (wert12946)> 감님 빨 스돌 돌려욤 거기서 궁구슬만 먹고 킬해요!!
[2021-12-11 02:03:40] <아니뭐어쩌라고21 (ao0226)> 아니 근데 삥잌ㅋㅋ
[2021-12-11 02:04:03] <%4_원소 (4elementar)> ㄴㅇㅅ
[2021-12-11 02:04:03] <%유주니__ (yu_jun1005)> 오
[2021-12-11 02:04:04] <%유주니__ (yu_jun1005)> ㄴㅇㅅ
[2021-12-11 02:04:05] <@%머진강호 (gangho1999)> 오오오오
[2021-12-11 02:04:05] <%_시가 (lhg0602)> 와
[2021-12-11 02:04:06] <움파루파 (wooparupa1)> 오
[2021-12-11 02:04:06] <데리루_ (04deriru)> ㄴㅇㅅ
[2021-12-11 02:04:06] <%4_원소 (4elementar)> ㅈㅈ
[2021-12-11 02:04:07] <아니뭐어쩌라고21 (ao0226)> 지렷다리
[2021-12-11 02:04:09] <%_시가 (lhg0602)> 오
[2021-12-11 02:04:09] <%하얀구름07 (flower_kim26)> 오~
[2021-12-11 02:04:13] <@%머진강호 (gangho1999)> 지렸다리 오졌다
[2021-12-11 02:04:13] <%_시가 (lhg0602)> 미쳤다
[2021-12-11 02:04:14] <움파루파 (wooparupa1)> 지려따
[2021-12-11 02:04:18] <%4_원소 (4elementar)> 이것이 프로
[2021-12-11 02:04:29] <%4_원소 (4elementar)> ㅋㅋㅋㅋㅋㅋ
[2021-12-11 02:04:31] <%이월랑 (gq670309)> ㄴㅇㅅ
[2021-12-11 02:04:35] <%4_원소 (4elementar)> 수고하셨습니다
[2021-12-11 02:04:36] <@%머진강호 (gangho1999)> 까비여
[2021-12-11 02:04:41] <@%머진강호 (gangho1999)> 고생하셨습니다.
[2021-12-11 02:04:41] <움파루파 (wooparupa1)> 수고하셨습니다
[2021-12-11 02:04:41] <%유주니__ (yu_jun1005)> 수고하셨슴둥
[2021-12-11 02:04:42] <%abcdefghijklmn1111> 수고하셨습니다
[2021-12-11 02:04:43] <%4_원소 (4elementar)> 꽃바
[2021-12-11 02:04:46] <%유주니__ (yu_jun1005)> 꽃바 꽃바
[2021-12-11 02:04:46] <아니뭐어쩌라고21 (ao0226)> 꽃바
[2021-12-11 02:04:47] <mirrr007> 수고하셧어용
[2021-12-11 02:04:47] <%이월랑 (gq670309)> 수고하셨습니다
[2021-12-11 02:04:47] <움파루파 (wooparupa1)> 꽃바
[2021-12-11 02:04:48] <악질미스 (tapi1111)> 꽃바~
[2021-12-11 02:04:48] <%_시가 (lhg0602)> 꽃바
[2021-12-11 02:04:48] <%abcdefghijklmn1111> 꽃바
[2021-12-11 02:04:49] <%하얀구름07 (flower_kim26)> 꽃바~
[2021-12-11 02:04:49] <데리루_ (04deriru)> 꽃바
[2021-12-11 02:04:49] <%이월랑 (gq670309)> 꽃바
[2021-12-11 02:04:50] <%_시가 (lhg0602)> 꽃바~
[2021-12-11 02:04:51] <%삥끄투표 (friend3338)> 꽃바~
[2021-12-11 02:04:51] <%+lego419> 고생하셨습니다
[2021-12-11 02:04:51] <호찬이_ (ho_chan0212)> 꽃바
[2021-12-11 02:04:53] <@%머진강호 (gangho1999)> 꽃바
[2021-12-11 02:04:53] <_이디언 (idion063)> 수고하셔씀다
[2021-12-11 02:04:54] <데리루_ (04deriru)> 수고하셨습니다
[2021-12-11 02:04:57] <그리무아르 (wert12946)> 슈거 많으셨습니다.
[2021-12-11 02:04:58] <움파루파 (wooparupa1)> 5시간 수고하셨어요
[2021-12-11 02:04:59] <루루07 (runes_00)> 수고하셨습니다
[2021-12-11 02:04:59] <%4_원소 (4elementar)> 호스팅각
[2021-12-11 02:05:01] <@%머진강호 (gangho1999)> 어??
[2021-12-11 02:05:01] <데리루_ (04deriru)> 꽃바
[2021-12-11 02:05:01] <신해인 (shi1588)> 고생하셨습니다
[2021-12-11 02:05:01] <%유주니__ (yu_jun1005)> ㅋㅋㅋㅋㅋㅋㅋㅋㅋㅋ
[2021-12-11 02:05:01] <%소라소리 (thfl313)> 꽃바
[2021-12-11 02:05:02] <%4_원소 (4elementar)> ㅋㅋㅋㅋㅋㅋㅋ
[2021-12-11 02:05:03] <@%머진강호 (gangho1999)> ㅋㅋㅋㅋㅋㅋㅋㅋ
[2021-12-11 02:05:04] <mirrr007> ㅋㅋㅋㅋㅋㅋㅋㅋㅋㅋㅋㅋㅋㅋㅋㅋ
[2021-12-11 02:05:05] <%유주니__ (yu_jun1005)> 호스팅 호스팅각인가
[2021-12-11 02:05:07] <%4_원소 (4elementar)> ㅋㅋㅋㅋㅋㅋㅋㅋㅋㅋ
[2021-12-11 02:05:07] <움파루파 (wooparupa1)> ㅋㅋㅋㅋㅋㅋㅋㅋㅋㅋㅋㅋㅋㅋㅋ
[2021-12-11 02:05:07] <데리루_ (04deriru)> ㅋㅋㅋㅋㅋㅋㅋㅋㅋㅋㅋㅋ
[2021-12-11 02:05:08] <%이월랑 (gq670309)> 수고많으셨습니다
[2021-12-11 02:05:10] <mirrr007> ㅋㅋㅋㅋㅋㅋㅋㅋㅋㅋㅋㅋㅋㅋㅋㅋㅋㅋㅋㅋㅋㅋ
[2021-12-11 02:05:10] <%_시가 (lhg0602)> flower0326Ouyaaa flower0326Ouyaaa
[2021-12-11 02:05:12] <%abcdefghijklmn1111> ㅋㅋㅋㅋ
[2021-12-11 02:05:13] <%_시가 (lhg0602)> ㅋㅋㅋㅋㅋㅋㅋ
[2021-12-11 02:05:13] <@%머진강호 (gangho1999)> 고생하셨어용
[2021-12-11 02:05:14] <데리루_ (04deriru)> 꽃바
[2021-12-11 02:05:14] <mirrr007> 꽃바
[2021-12-11 02:05:15] <%유주니__ (yu_jun1005)> ㅋㅋㅋㅋㅋㅋㅋ
[2021-12-11 02:05:16] <%4_원소 (4elementar)> 오뱅알 오뱅수
[2021-12-11 02:05:16] <%유주니__ (yu_jun1005)> 꽃바
[2021-12-11 02:05:17] <%이월랑 (gq670309)> 꽃바
[2021-12-11 02:05:17] <그리무아르 (wert12946)> 강제 방송 하게 만드시네 ㅋㅋㅋ
[2021-12-11 02:05:17] <%_시가 (lhg0602)> 수고하셨습니다
[2021-12-11 02:05:19] <%_시가 (lhg0602)> 꽃바~
[2021-12-11 02:05:19] <%4_원소 (4elementar)> ㅂㅂㄹ~
[2021-12-11 02:05:20] <$박후디 (p_hoodie)> 꽃바
[2021-12-11 02:05:22] <%이월랑 (gq670309)> 꽃바꽃바
[2021-12-11 02:05:23] <%유주니__ (yu_jun1005)> ㅇㅂㅇㅇㅂㅅ
[2021-12-11 02:05:23] <_이디언 (idion063)> 꽃바
[2021-12-11 02:05:24] <tkdkreh> 꽃바
[2021-12-11 02:05:24] <그리무아르 (wert12946)> 꽃바~~
[2021-12-11 02:05:25] <%4_원소 (4elementar)> 수고하셨습니다
[2021-12-11 02:05:25] <trytrytry1234098> 나왜 방종때오냐
[2021-12-11 02:05:27] <%유주니__ (yu_jun1005)> ㅋㅋㅋㅋㅋㅋㅋㅋㅋㅋㅋㅋ
[2021-12-11 02:05:27] <%이월랑 (gq670309)> 수고하셨어요
[2021-12-11 02:05:27] <움파루파 (wooparupa1)> 꽃바꽃바
[2021-12-11 02:05:27] <%4_원소 (4elementar)> ㅋㅋㅋㅋㅋㅋ
[2021-12-11 02:05:27] <%삥끄투표 (friend3338)> 꽃바
[2021-12-11 02:05:28] <@%머진강호 (gangho1999)> 네엡
[2021-12-11 02:05:29] <%이월랑 (gq670309)> 꽃바
[2021-12-11 02:05:29] <_이디언 (idion063)> ㅋㅋㅋㅋㅋㅋ
[2021-12-11 02:05:29] <%유주니__ (yu_jun1005)> 너무 죠아따
[2021-12-11 02:05:31] <tkdkreh> 꽃바꽃바
[2021-12-11 02:05:32] <trytrytry1234098> 꽃바꽃바
[2021-12-11 02:05:32] <움파루파 (wooparupa1)> 잘 쉬세요
[2021-12-11 02:05:32] <%abcdefghijklmn1111> ㅂㅂㄹ
[2021-12-11 02:05:33] <%4_원소 (4elementar)> 내일 봅시다
[2021-12-11 02:05:34] <@%머진강호 (gangho1999)> 고생하셨어요
[2021-12-11 02:05:34] <데리루_ (04deriru)> 수고하셨습니다
[2021-12-11 02:05:35] <_이디언 (idion063)> 꽃바
[2021-12-11 02:05:37] <데리루_ (04deriru)> 꽃바
[2021-12-11 02:05:38] <tkdkreh> 꼬 바
[2021-12-11 02:05:38] <mirrr007> ㅃㅃ
[2021-12-11 02:05:39] <%4_원소 (4elementar)> ㅔㅔ
[2021-12-11 02:05:39] <%_시가 (lhg0602)> 꽃바
[2021-12-11 02:05:40] <%4_원소 (4elementar)> 오
[2021-12-11 02:05:40] <%유주니__ (yu_jun1005)> 와!
[2021-12-11 02:05:41] <%하얀구름07 (flower_kim26)> 꽃바~
[2021-12-11 02:05:41] <움파루파 (wooparupa1)> 오
[2021-12-11 02:05:41] <@%머진강호 (gangho1999)> ???
[2021-12-11 02:05:42] <%이월랑 (gq670309)> 오
[2021-12-11 02:05:43] <데리루_ (04deriru)> 오
[2021-12-11 02:05:43] <mirrr007> 옹
[2021-12-11 02:05:43] <%_시가 (lhg0602)> 오
[2021-12-11 02:05:43] <%유주니__ (yu_jun1005)> 화긴
[2021-12-11 02:05:44] <%4_원소 (4elementar)> ㅇㄱㅇ
[2021-12-11 02:05:44] <%abcdefghijklmn1111> 오
[2021-12-11 02:05:45] <@%머진강호 (gangho1999)> 확인했습니다ㅡ
[2021-12-11 02:05:47] <%+lego419> ㅇㄱㅇ
[2021-12-11 02:05:47] [Info] Now hosting 페빠님.
[2021-12-11 02:05:48] <움파루파 (wooparupa1)> 꽃바
[2021-12-11 02:05:48] <%유주니__ (yu_jun1005)> 수고하셨슴둥
[2021-12-11 02:05:48] <tkdkreh> 꽃바
[2021-12-11 02:05:49] <%_시가 (lhg0602)> 오 재밌겠다
[2021-12-11 02:05:49] <%이월랑 (gq670309)> 꽃바
[2021-12-11 02:05:50] <mirrr007> ㅃㅃ
[2021-12-11 02:05:53] <%4_원소 (4elementar)> flower0326Sleep flower0326Sleep
[2021-12-11 02:07:11] <trytrytry1234098> ㅈ
[2021-12-11 02:07:16] <trytrytry1234098> 오
[2021-12-11 02:08:05] ~Stream offline~
[2021-12-11 02:08:34] You have left #flowergam0326
[2021-12-11 02:08:34] Viewerstats (02:03-02:05): avg:475 min:475 max:475 [2/475+0_]
# Log closed: 2021-12-11 02:08:34 +0900
-
