# Log started: 2021-12-10 23:28:24 +0900
[2021-12-10 23:28:24] #gilyoung8 채널 입장 중입니다
[2021-12-10 23:28:24] #gilyoung8 채널에 입장했습니다
[2021-12-10 23:28:25] ~<1주년 빠밤..♡ 고맙습니다~♥> (Just Chatting)~
[2021-12-10 23:28:26] <%하비어314 (feels2239)> 아 이걸 들키네 젠장
[2021-12-10 23:28:33] <%+아조시손 (ajs_hand)> ㅋㅋㅋㅋㅋㅋㅋㅋㅋ
[2021-12-10 23:28:34] <%아라훔쳐보는관음증익명인 (whsic)> 아오 ㅋㅋㅋㅋㅋㅋ
[2021-12-10 23:28:34] <%길영이복스련인거너만아라 (inquinans)> ㅋㅋㅋㅋㅋㅋㅋㅋㅋ
[2021-12-10 23:28:37] <%아라의단백질도둑 (dudgnsxla)> 과거의 아라였던것
[2021-12-10 23:28:40] <%창문밖대기조 (outwindowwaiter)> 와
[2021-12-10 23:28:57] <%하비어314 (feels2239)> 블라블라
[2021-12-10 23:29:08] <%창문밖대기조 (outwindowwaiter)> 따랑해
[2021-12-10 23:29:29] <%lul0222> 오늘 뭐드셨나여?
[2021-12-10 23:29:32] <%아라의단백질도둑 (dudgnsxla)> 비가왓다~
[2021-12-10 23:29:34] <%+아조시손 (ajs_hand)> ㅋㅋㅋㅋㅋㅋㅋㅋ
[2021-12-10 23:29:34] <%별빛시인 (sternglanzpoet)> 일기?
[2021-12-10 23:29:37] <%아라훔쳐보는관음증익명인 (whsic)> ㅋㅋㅋㅋㅋㅋㅋㅋㅋㅋㅋㅋ
[2021-12-10 23:29:39] <%길영이복스련인거너만아라 (inquinans)> ㅋㅋㅋㅋㅋㅋㅋㅋ
[2021-12-10 23:29:40] <%하비어314 (feels2239)> 맞어
[2021-12-10 23:29:41] <%별빛시인 (sternglanzpoet)> 네!
[2021-12-10 23:29:42] <%창문밖대기조 (outwindowwaiter)> ㅇㅇ
[2021-12-10 23:29:42] <%+아조시손 (ajs_hand)> ㅇㅇ
[2021-12-10 23:29:43] <%창문밖대기조 (outwindowwaiter)> 맞아
[2021-12-10 23:29:44] <%lul0222> 술 안드세여?
[2021-12-10 23:29:46] <%별빛시인 (sternglanzpoet)> 한잔하면서 보면 되겠어요!
[2021-12-10 23:29:46] <%패러디라인 (suyoungj5a)> ㅇㅇㅇ
[2021-12-10 23:29:47] <%lul0222> 갑시다
[2021-12-10 23:29:48] <%__다락방 (limlet1)> ㅇㅇ
[2021-12-10 23:29:48] <@^빵_떡 (bbangddeock)> 채팅을 안쳐도 항상 봐주시는 여러분들까지도 감사합니다✨
[2021-12-10 23:29:49] <%창문밖대기조 (outwindowwaiter)> 그래그래
[2021-12-10 23:29:50] <%뉴이는뉴이뉴이 (leekk3523)> 선생님 도박 정산좀도 좀 하시죠
[2021-12-10 23:29:50] <%아이코라_ (aikora)> ㅋㅋㅋㅋ
[2021-12-10 23:29:56] <%길영이복스련인거너만아라 (inquinans)> ㅋㅋㅋㅋㅋㅋㅋㅋㅋㅋ
[2021-12-10 23:29:56] <crimson_cd> ㅋㅋㅋㅋ
[2021-12-10 23:29:59] <%+아조시손 (ajs_hand)> ㅋㅋㅋㅋㅋㅋㅋㅋㅋㅋㅋㅋㅋㅋ
[2021-12-10 23:29:59] <%창문밖대기조 (outwindowwaiter)> ㅋㅋㄱㅋㅋㄱㄱㅋㄱ
[2021-12-10 23:29:59] <%하비어314 (feels2239)> 나만 솔직할 순 없지
[2021-12-10 23:30:02] <%__다락방 (limlet1)> 쥬지14
[2021-12-10 23:30:04] <%패러디라인 (suyoungj5a)> ㅋㅋㅋㅋㅋㅋㅋㅋ
[2021-12-10 23:30:04] <%창문밖대기조 (outwindowwaiter)> 변탱
[2021-12-10 23:30:05] <%__다락방 (limlet1)> 나와라
[2021-12-10 23:30:24] <%하비어314 (feels2239)> 뭐야 ㄹㄷ 민낯이네?
[2021-12-10 23:30:48] <%하비어314 (feels2239)> 오늘은 늦어서 마스크팩을 해야겠다..
[2021-12-10 23:30:53] <%아라훔쳐보는관음증익명인 (whsic)> ??
[2021-12-10 23:30:55] <%아라훔쳐보는관음증익명인 (whsic)> 그거 지난번에
[2021-12-10 23:30:59] <%아라훔쳐보는관음증익명인 (whsic)> 산다더니 안 샀어요?
[2021-12-10 23:31:02] <%뉴이는뉴이뉴이 (leekk3523)> 숟갈로 따쟈 ㅋㅋ
[2021-12-10 23:31:04] <%길영이복스련인거너만아라 (inquinans)> 숟가락으로 따시죠 ㅋㅋ
[2021-12-10 23:31:06] <%+아조시손 (ajs_hand)> 그거 그냥
[2021-12-10 23:31:09] <%+아조시손 (ajs_hand)> 숟가락으로
[2021-12-10 23:31:10] <%별빛시인 (sternglanzpoet)> 숟가락으로 되긴하는데.. 할줄 아시려낭..
[2021-12-10 23:31:15] <%아라훔쳐보는관음증익명인 (whsic)> 숟가락 딸줄 몰라서
[2021-12-10 23:31:16] <%별빛시인 (sternglanzpoet)> 다칠까봐 걱정됩니닷
[2021-12-10 23:31:18] <%별빛시인 (sternglanzpoet)> 흠..
[2021-12-10 23:31:20] <%아라훔쳐보는관음증익명인 (whsic)> 못 할텐데
[2021-12-10 23:31:25] <%별빛시인 (sternglanzpoet)> 지렛대처럼 쓰는건데
[2021-12-10 23:31:31] <%하비어314 (feels2239)> 아픈이유가 보통 넘어져서라던데 사실인가
[2021-12-10 23:31:38] <%창문밖대기조 (outwindowwaiter)> 얍!하면되는뎅
[2021-12-10 23:31:40] <%별빛시인 (sternglanzpoet)> 손가락을 지렛대 삼아 한번에 땅!
[2021-12-10 23:31:41] <%길영이복스련인거너만아라 (inquinans)> 지렛대의 원리!
[2021-12-10 23:31:45] <%아라훔쳐보는관음증익명인 (whsic)> 그렇게
[2021-12-10 23:31:46] <%아라의단백질도둑 (dudgnsxla)> 치아로 하세요 그럼 더잘돼요
[2021-12-10 23:31:48] <%아라훔쳐보는관음증익명인 (whsic)> 하면 안됨
[2021-12-10 23:31:51] <%아라훔쳐보는관음증익명인 (whsic)> 방법을 모르니
[2021-12-10 23:31:56] <%별빛시인 (sternglanzpoet)> 오!
[2021-12-10 23:31:59] <%별빛시인 (sternglanzpoet)> 가위!
[2021-12-10 23:32:00] <%별빛시인 (sternglanzpoet)> 있어요?
[2021-12-10 23:32:02] <%하비어314 (feels2239)> 오프너라도 하죠
[2021-12-10 23:32:10] <%길영이복스련인거너만아라 (inquinans)> 주방가위는 있으시네
[2021-12-10 23:32:19] <%하비어314 (feels2239)> 요즘은 그런가위 없을텐데
[2021-12-10 23:32:23] <%아라훔쳐보는관음증익명인 (whsic)> 가위가 있는게 중요한게 아니라
[2021-12-10 23:32:25] <%아라훔쳐보는관음증익명인 (whsic)> 가위에
[2021-12-10 23:32:26] <%+아조시손 (ajs_hand)> ㅇㅇ
[2021-12-10 23:32:27] <%아라훔쳐보는관음증익명인 (whsic)> 톱니
[2021-12-10 23:32:30] <%별빛시인 (sternglanzpoet)> 손잡이에 톱날모양 있어요?
[2021-12-10 23:32:31] <%길영이복스련인거너만아라 (inquinans)> ㅋㅋㅋㅋㅋㅋㅋㅋ
[2021-12-10 23:32:32] <%별빛시인 (sternglanzpoet)> 어떠한가요?
[2021-12-10 23:32:35] <%__다락방 (limlet1)> ?
[2021-12-10 23:32:41] <%하비어314 (feels2239)> 어휴..
[2021-12-10 23:32:43] <%__다락방 (limlet1)> 그걸 왜 돌리냐
[2021-12-10 23:32:44] <%하비어314 (feels2239)> 저러다 다친다
[2021-12-10 23:32:49] <%뉴이는뉴이뉴이 (leekk3523)> 어우 왜케 불안하게 하냐
[2021-12-10 23:32:51] <%별빛시인 (sternglanzpoet)> 톱날모양 있어요?
[2021-12-10 23:32:51] <%+아조시손 (ajs_hand)> 그거 맞음
[2021-12-10 23:32:52] <%아라훔쳐보는관음증익명인 (whsic)> 역시 아라양에겐 무리야
[2021-12-10 23:32:57] <%별빛시인 (sternglanzpoet)> 없는거 같은데
[2021-12-10 23:32:57] <%__다락방 (limlet1)> 글케 잡고 하는거 맞아
[2021-12-10 23:33:01] <%lul0222> 손다친다
[2021-12-10 23:33:04] <%__다락방 (limlet1)> 비스듬히 끼고
[2021-12-10 23:33:05] <%봄홀릭 (funny707)> 반만 걸쳐요
[2021-12-10 23:33:08] <%하비어314 (feels2239)> 하 답답
[2021-12-10 23:33:20] <%격치 (cloudwalker77)> 그 상태로 꽉
[2021-12-10 23:33:20] <%+아조시손 (ajs_hand)> 그리고 제껴
[2021-12-10 23:33:20] <%격치 (cloudwalker77)> 잡아
[2021-12-10 23:33:20] <%아이코라_ (aikora)> 조심해요!
[2021-12-10 23:33:20] <%격치 (cloudwalker77)> 반대로
[2021-12-10 23:33:22] <%격치 (cloudwalker77)> 올려야져
[2021-12-10 23:33:29] <%하비어314 (feels2239)> 집중해요 위험하니
[2021-12-10 23:33:30] <%봄홀릭 (funny707)> 병따개 몰라요?
[2021-12-10 23:33:30] <%격치 (cloudwalker77)> 아니
[2021-12-10 23:33:36] <%격치 (cloudwalker77)> 수평으로 해야져
[2021-12-10 23:33:39] <%별빛시인 (sternglanzpoet)> 유튜브 영상 없을까여?
[2021-12-10 23:33:41] <%오리쉑 (ducky_shake)> 켠왕 ㄷㄷ
[2021-12-10 23:33:42] <%+아조시손 (ajs_hand)> 직각으로 되게
[2021-12-10 23:33:43] <%별빛시인 (sternglanzpoet)> 영상보면 아실듯한데
[2021-12-10 23:33:45] <%아라훔쳐보는관음증익명인 (whsic)> 지렛대 원리를
[2021-12-10 23:33:45] <%지니미이 (oyoy7738)> 도네유도??ㅋㅋ
[2021-12-10 23:33:47] <%아라훔쳐보는관음증익명인 (whsic)> 생각해봐요
[2021-12-10 23:33:47] <%__다락방 (limlet1)> 머리는 장식이냐
[2021-12-10 23:33:49] <%it_s__okay> 도르래의 원리로 하면 따져요
[2021-12-10 23:33:50] <%길영이복스련인거너만아라 (inquinans)> ㅋㅋㅋㅋㅋㅋㅋㅋㅋㅋㅋㅋㅋㅋㅋ
[2021-12-10 23:33:51] <%어어으으엉 (imharyong)> 이게 만물의 영장?
[2021-12-10 23:33:53] <%티치안 (crownup)> ㅋㅋㅋㅋ
[2021-12-10 23:34:03] <%봄홀릭 (funny707)> 병따개라고 생각하삼
[2021-12-10 23:34:06] <%격치 (cloudwalker77)> 그상태로 들어올려여
[2021-12-10 23:34:16] <%격치 (cloudwalker77)> 지렛대 안써봄?
[2021-12-10 23:34:17] <%아라훔쳐보는관음증익명인 (whsic)> 술 주신게 다 병따개식인가?
[2021-12-10 23:34:19] <%__다락방 (limlet1)> 힘으로 하지 말고
[2021-12-10 23:34:24] <%창문밖대기조 (outwindowwaiter)> 저따구로 쓰는데 저걸 도구라고 부를수 있을까
[2021-12-10 23:34:31] <%격치 (cloudwalker77)> 아니
[2021-12-10 23:34:35] <%하비어314 (feels2239)> 운동하면 뭐해...힘을 못써..
[2021-12-10 23:34:45] <%아라훔쳐보는관음증익명인 (whsic)> 살살 그러다 또 옷에 쏟는다
[2021-12-10 23:34:48] <%길영이복스련인거너만아라 (inquinans)> ㅋㅋㅋㅋㅋㅋㅋㅋ
[2021-12-10 23:34:58] <%하비어314 (feels2239)> 병을 딸려면 전완근이 주동근인데
[2021-12-10 23:35:15] <%격치 (cloudwalker77)> 저거 옆으로 비틀고 있는거 아니지?
[2021-12-10 23:35:20] <%__다락방 (limlet1)> 아니
[2021-12-10 23:35:22] <%격치 (cloudwalker77)> 아니
[2021-12-10 23:35:24] <%it_s__okay> 숟가락없어요?
[2021-12-10 23:35:25] <%봄홀릭 (funny707)> 아니여 ㅋㅋ
[2021-12-10 23:35:27] <%지니미이 (oyoy7738)> 유투브보고하죠
[2021-12-10 23:35:28] <%하비어314 (feels2239)> 아...킹받아...
[2021-12-10 23:35:29] <%격치 (cloudwalker77)> 수평으로 딱 맞추라고
[2021-12-10 23:35:30] <%__다락방 (limlet1)> 어 그렇게
[2021-12-10 23:35:33] <%별빛시인 (sternglanzpoet)> 영상으로 바바여
[2021-12-10 23:35:33] <%지니미이 (oyoy7738)> 글로는 힘들어요
[2021-12-10 23:35:34] <%어어으으엉 (imharyong)> 저거
[2021-12-10 23:35:34] <%봄홀릭 (funny707)> 병뚜껑 위에 걸쳐요
[2021-12-10 23:35:36] <%__다락방 (limlet1)> 방금 전
[2021-12-10 23:35:38] <%아라훔쳐보는관음증익명인 (whsic)> 아라씨
[2021-12-10 23:35:38] <%어어으으엉 (imharyong)> 가위 날에 따는거 있네
[2021-12-10 23:35:40] <%아라훔쳐보는관음증익명인 (whsic)> 천천히
[2021-12-10 23:35:41] <%격치 (cloudwalker77)> 그상태로 들어올려
[2021-12-10 23:35:41] <%어어으으엉 (imharyong)> 가위 날
[2021-12-10 23:35:44] <%어어으으엉 (imharyong)> 날부분 봐요
[2021-12-10 23:35:49] <%격치 (cloudwalker77)> 저거 가위날 부분 아님?
[2021-12-10 23:35:51] <%하비어314 (feels2239)> 잠깐 바람 좀 쐬고올게요..허허
[2021-12-10 23:35:52] <%__다락방 (limlet1)> 되겠냐
[2021-12-10 23:35:54] <%격치 (cloudwalker77)> 날 부분이 따개 잇는거 아님?
[2021-12-10 23:35:55] <%길영이복스련인거너만아라 (inquinans)> ㅋㅋㅋㅋㅋㅋㅋㅋㅋㅋㅋㅋㅋㅋㅋ
[2021-12-10 23:35:56] <%__다락방 (limlet1)> 아니
[2021-12-10 23:36:02] <%어어으으엉 (imharyong)> 날부분에 따는거 있구만
[2021-12-10 23:36:17] <%봄홀릭 (funny707)> 그러네
[2021-12-10 23:36:17] <%lul0222> 지하철에서 보기가...ㅋㅋㄱㅋㅋㄱㅋ
[2021-12-10 23:36:19] <%어어으으엉 (imharyong)> 저기 있네
[2021-12-10 23:36:20] <%__다락방 (limlet1)> ?
[2021-12-10 23:36:21] <%격치 (cloudwalker77)> 가운데 없잖아
[2021-12-10 23:36:22] <%아라훔쳐보는관음증익명인 (whsic)> 좀 뒤로
[2021-12-10 23:36:25] <%격치 (cloudwalker77)> 아니 날 부분에
[2021-12-10 23:36:26] <%아라훔쳐보는관음증익명인 (whsic)> 아라씨 쪽으로
[2021-12-10 23:36:26] <%창문밖대기조 (outwindowwaiter)> 있네
[2021-12-10 23:36:26] <%어어으으엉 (imharyong)> 가위날 쓰세요
[2021-12-10 23:36:27] <%별빛시인 (sternglanzpoet)> 있다!
[2021-12-10 23:36:32] <%격치 (cloudwalker77)> 날 부분에
[2021-12-10 23:36:33] <%하비어314 (feels2239)> 가위나 칼은 독일산이 ㄹㅇ 좋아요
[2021-12-10 23:36:34] <%미러이미지 (ngre77)> 맞네.. 이걸...
[2021-12-10 23:36:39] <%어어으으엉 (imharyong)> 갸아악
[2021-12-10 23:36:41] <%it_s__okay> ?
[2021-12-10 23:36:43] [Notification] 비모엄 subscribed at Tier 1. They've subscribed for 7 months! [7]
[2021-12-10 23:36:55] <%하비어314 (feels2239)> 독일산 가위 ㄹㅇ 너무 좋음...
[2021-12-10 23:37:00] <%__다락방 (limlet1)> 근데 왜 병ㅇ로 샀음?
[2021-12-10 23:37:08] <%아라훔쳐보는관음증익명인 (whsic)> 산게 아니라 선물이라
[2021-12-10 23:37:09] <%격치 (cloudwalker77)> 아니
[2021-12-10 23:37:10] <%어어으으엉 (imharyong)> 아ㅏㅏㅏㅏㅏㅏ
[2021-12-10 23:37:10] <%아라훔쳐보는관음증익명인 (whsic)> 그런거에요
[2021-12-10 23:37:16] <%it_s__okay> 손잡이쪽 말고 날쪽에요
[2021-12-10 23:37:20] <%하비어314 (feels2239)> 묵직한데 모든걸 스무스하게 자르고 스텐이라 위생도 걱정없음...
[2021-12-10 23:37:27] <%길영이복스련인거너만아라 (inquinans)> ㅋㅋㅋㅋㅋㅋㅋㅋㅋㅋㅋㅋ
[2021-12-10 23:37:31] <%it_s__okay> ?
[2021-12-10 23:37:32] <%격치 (cloudwalker77)> 아니!
[2021-12-10 23:37:35] <%어어으으엉 (imharyong)> 아
[2021-12-10 23:37:36] <%길영이복스련인거너만아라 (inquinans)> 그게 아닌데
[2021-12-10 23:37:37] <%뉴이는뉴이뉴이 (leekk3523)> 날잡는거 위험해요
[2021-12-10 23:37:38] <%it_s__okay> 선생님 손다쳐요
[2021-12-10 23:37:40] <%아라훔쳐보는관음증익명인 (whsic)> ㄴㄴ
[2021-12-10 23:37:43] <%어어으으엉 (imharyong)> 킹부러 저러나
[2021-12-10 23:37:49] <%모아가의은밀한빼빼로 (ykimee2989)> 아니 손잡이부분을 잡고
[2021-12-10 23:37:49] <%아라훔쳐보는관음증익명인 (whsic)> 아라양
[2021-12-10 23:37:51] <%아라훔쳐보는관음증익명인 (whsic)> 일단 멈추고
[2021-12-10 23:37:53] <%지니미이 (oyoy7738)> 걍 하나 사오죠 편의점에사
[2021-12-10 23:37:55] <%아라훔쳐보는관음증익명인 (whsic)> 유투브같은 영상 좀 보고 해요
[2021-12-10 23:37:55] <%it_s__okay> 날부분에 <렇게 들어간부분을 병따개처럼 쓰시면되요
[2021-12-10 23:37:55] <%모아가의은밀한빼빼로 (ykimee2989)> 손잡이 사이에 끼워서 돌려야지!!
[2021-12-10 23:37:59] <%뉴이는뉴이뉴이 (leekk3523)> 선생님 그냥 숟갈이 쉽겟음 ;;
[2021-12-10 23:38:07] <%봄홀릭 (funny707)> zzanicOyaddd
[2021-12-10 23:38:08] <%어어으으엉 (imharyong)> ㅋㅋㅋㅋㅋㅋㅋㅋㅋㅋㅋ
[2021-12-10 23:38:08] <%it_s__okay> ????
[2021-12-10 23:38:12] <%봄홀릭 (funny707)> ㅋㅋㅋ
[2021-12-10 23:38:15] <%하비어314 (feels2239)> 제발 오프너를 준비해주세요...
[2021-12-10 23:38:18] <%모아가의은밀한빼빼로 (ykimee2989)> 손잡이를 잡으셔야 ㅠㅠㅠㅠ
[2021-12-10 23:38:24] <%it_s__okay> 머리가 나쁘면 몸이 좋으면 되긴해요
[2021-12-10 23:38:27] <%아라훔쳐보는관음증익명인 (whsic)> ㅇㅇ
[2021-12-10 23:38:31] <%아라훔쳐보는관음증익명인 (whsic)> 차라리 찾아보고
[2021-12-10 23:38:34] <%아라훔쳐보는관음증익명인 (whsic)> 하셈
[2021-12-10 23:38:44] <%__다락방 (limlet1)> 숟가락 없지
[2021-12-10 23:38:45] <%하비어314 (feels2239)> 물론 저는 나무젓가락으로도 딸 수있지만
[2021-12-10 23:38:54] <%__다락방 (limlet1)> 라이터로도 돼
[2021-12-10 23:39:03] <%지니미이 (oyoy7738)> 핸드폰으로 해요
[2021-12-10 23:39:05] <%아라훔쳐보는관음증익명인 (whsic)> 손가락 잘못하면 다치니
[2021-12-10 23:39:06] <%sen_labot> ...
[2021-12-10 23:39:07] <%아라훔쳐보는관음증익명인 (whsic)> 조심
[2021-12-10 23:39:12] <%미러이미지 (ngre77)> 학교 다닐때는 라이터로 많이 했지.
[2021-12-10 23:39:13] <%아라훔쳐보는관음증익명인 (whsic)> ㅇㅇ
[2021-12-10 23:39:13] <%아라훔쳐보는관음증익명인 (whsic)> 땄단 소리네
[2021-12-10 23:39:26] <%it_s__okay> ㅋㅋㅋㅋㅋㅋㅋㅋㅋㅋㅋ
[2021-12-10 23:39:29] <%어어으으엉 (imharyong)> 아
[2021-12-10 23:39:29] <%오리쉑 (ducky_shake)> ㅋㅋㅋㅋ
[2021-12-10 23:39:30] <%하비어314 (feels2239)> 지룃대 원리
[2021-12-10 23:39:32] <%모아가의은밀한빼빼로 (ykimee2989)> ㅋㅋㅋㅋㅋ
[2021-12-10 23:39:35] <%봄홀릭 (funny707)> ㅋㅋㅋ
[2021-12-10 23:39:35] <%it_s__okay> 그림후원 채신기술 최고다!
[2021-12-10 23:39:36] <%뉴이는뉴이뉴이 (leekk3523)> 미챠 ㅋㅋ
[2021-12-10 23:39:37] <%티치안 (crownup)> ㅋㅋㅋㅋㅋㅋ
[2021-12-10 23:39:37] <%Arisya777> ㅋㅋㅋㅋㅋ
[2021-12-10 23:39:40] <%창문밖대기조 (outwindowwaiter)> 개답답 ㅋㅋㅋ
[2021-12-10 23:39:46] <%어어으으엉 (imharyong)> 정말 똑똑하십니다
[2021-12-10 23:39:46] <%패러디라인 (suyoungj5a)> ㅋㅋㅋㅋㅋㅋㅋ
[2021-12-10 23:39:49] <%아라훔쳐보는관음증익명인 (whsic)> 영상
[2021-12-10 23:39:52] <%아라훔쳐보는관음증익명인 (whsic)> 천천히 다시 보고
[2021-12-10 23:39:54] <%모아가의은밀한빼빼로 (ykimee2989)> ㅇㅅㅇ
[2021-12-10 23:39:54] <%아라훔쳐보는관음증익명인 (whsic)> 시도
[2021-12-10 23:39:55] <%뉴이는뉴이뉴이 (leekk3523)> 아니 오프너처럼 걸어야지
[2021-12-10 23:39:57] <%it_s__okay> 수직으로
[2021-12-10 23:39:57] <%어어으으엉 (imharyong)> 아
[2021-12-10 23:39:58] <%모아가의은밀한빼빼로 (ykimee2989)> 수평말고 수직으로 끼워서!!!
[2021-12-10 23:39:59] <%+아조시손 (ajs_hand)> 그건
[2021-12-10 23:40:01] <%+아조시손 (ajs_hand)> 세워서...
[2021-12-10 23:40:02] <%하비어314 (feels2239)> ㄹㄷ 킹받..아니 침착하자
[2021-12-10 23:40:04] <%__다락방 (limlet1)> 거기로도 할 수 있는거 맞음
[2021-12-10 23:40:05] <%길영이복스련인거너만아라 (inquinans)> ㅋㅋㅋㅋㅋㅋㅋㅋㅋㅋ
[2021-12-10 23:40:05] <%it_s__okay> 수평말고 90도로
[2021-12-10 23:40:07] <%neocrap> 눈나....
[2021-12-10 23:40:07] <%지니미이 (oyoy7738)> 아이고
[2021-12-10 23:40:07] <%뉴이는뉴이뉴이 (leekk3523)> 땃네 드디어 ㅋㅋ
[2021-12-10 23:40:08] <%it_s__okay> ??
[2021-12-10 23:40:10] <%모아가의은밀한빼빼로 (ykimee2989)> 아 내이빨
[2021-12-10 23:40:11] <%Arisya777> ㅋㅋㅋㅋㅋㅋㅋ
[2021-12-10 23:40:11] <%미러이미지 (ngre77)> ???
[2021-12-10 23:40:11] <%아라훔쳐보는관음증익명인 (whsic)> ㅋㅋ
[2021-12-10 23:40:12] <%티치안 (crownup)> ㅉㅉㅉㅉ
[2021-12-10 23:40:13] <%패러디라인 (suyoungj5a)> 근데 아또흘 이거 언제 결정남?
[2021-12-10 23:40:13] <%오리쉑 (ducky_shake)> picnicWin picnicWin
[2021-12-10 23:40:14] <%아라훔쳐보는관음증익명인 (whsic)> 고생했다
[2021-12-10 23:40:21] <%뉴이는뉴이뉴이 (leekk3523)> 어금니 나갈뻔했네
[2021-12-10 23:40:25] <%봄홀릭 (funny707)> ㅋㅋㅋㅋ
[2021-12-10 23:40:29] <%창문밖대기조 (outwindowwaiter)> 에잉 ㅋㅋㅋ
[2021-12-10 23:40:33] <%패러디라인 (suyoungj5a)> ㅋㅋㅋㅋㅋㅋ
[2021-12-10 23:40:36] <%길영이복스련인거너만아라 (inquinans)> ㅋㅋㅋㅋㅋㅋㅋ
[2021-12-10 23:40:36] <%봄홀릭 (funny707)> ㄲㅂ
[2021-12-10 23:40:39] <%하비어314 (feels2239)> 하...알면서 속아줬어요..
[2021-12-10 23:40:39] <%__다락방 (limlet1)> 내 영도는 언제 나옴
[2021-12-10 23:40:59] <%패러디라인 (suyoungj5a)> ㅋㅋㅋㅋㅋㅋㅋㅋ
[2021-12-10 23:41:05] ~<술방 1주년 빠밤..♡ 고맙습니다~♥> (Just Chatting)~
[2021-12-10 23:41:21] <%별빛시인 (sternglanzpoet)> 턱받이 ㅋ
[2021-12-10 23:41:21] <%창문밖대기조 (outwindowwaiter)> Kreygasm Kreygasm
[2021-12-10 23:41:23] <%하비어314 (feels2239)> 약간 킹받아서 채팅치게하는 뭔가가 있어..휴
[2021-12-10 23:41:28] <%__다락방 (limlet1)> 저거 은근 커여운 킬포가 많음
[2021-12-10 23:41:32] <%아라훔쳐보는관음증익명인 (whsic)> 천천히 드세요
[2021-12-10 23:41:34] <%창문밖대기조 (outwindowwaiter)> 신음퀸
[2021-12-10 23:41:38] <%뉴이는뉴이뉴이 (leekk3523)> 봉다리 앞치마 ㅋㅋ
[2021-12-10 23:41:38] <%창문밖대기조 (outwindowwaiter)> ㅋㅋㅋㅋ
[2021-12-10 23:41:38] <%길영이복스련인거너만아라 (inquinans)> ㅋㅋㅋㅋㅋㅋㅋㅋ
[2021-12-10 23:41:43] <%it_s__okay> gilyouF gilyouZz
[2021-12-10 23:41:50] <%아라훔쳐보는관음증익명인 (whsic)> ㅋㅋㅋㅋㅋㅋㅋㅋㅋㅋㅋ
[2021-12-10 23:41:52] <%패러디라인 (suyoungj5a)> ㅋㅋㅋㅋㅋㅋㅋㅋㅋ
[2021-12-10 23:41:53] <%티치안 (crownup)> ㅋㅋㅋㅋㅋ
[2021-12-10 23:41:58] <%__다락방 (limlet1)> 귀 빨개진거 커엽
[2021-12-10 23:42:10] <%어어으으엉 (imharyong)> ㅋㅋㅋㅋㅋㅋㅋㅋㅋ
[2021-12-10 23:42:11] <%별빛시인 (sternglanzpoet)> 혹시 크로마키도 끄셨나용?
[2021-12-10 23:42:15] <%lul0222> 아니 지하철에서 보는데 소리뭐야
[2021-12-10 23:42:36] <%아라훔쳐보는관음증익명인 (whsic)> 뭐 같이 먹을껀 가져왔어요?
[2021-12-10 23:42:43] <%하비어314 (feels2239)> 뭔가 속은 느낌이야...
[2021-12-10 23:43:00] <%별빛시인 (sternglanzpoet)> 색깔이 딸기맛일거 같네요
[2021-12-10 23:43:01] <%아라훔쳐보는관음증익명인 (whsic)> 그래요 그럼 ㅋㅋ
[2021-12-10 23:43:10] <%어어으으엉 (imharyong)> 갓겜됐네
[2021-12-10 23:43:17] <%별빛시인 (sternglanzpoet)> 아하~
[2021-12-10 23:43:32] <%별빛시인 (sternglanzpoet)> 트게더 탐방이요
[2021-12-10 23:43:33] <%창문밖대기조 (outwindowwaiter)> 트게더
[2021-12-10 23:43:35] <%별빛시인 (sternglanzpoet)> 예전 일기 ㅋㅋ
[2021-12-10 23:43:35] <%어어으으엉 (imharyong)> 트게더 가는김에 다시그린 팬아트나 봐줘요
[2021-12-10 23:43:38] <%아라훔쳐보는관음증익명인 (whsic)> 사이다류라 아주 드링킹만 안하면 ㅋㅋ
[2021-12-10 23:43:50] <%하비어314 (feels2239)> 검은 장막을 둘러쓴 마녀같아요!
[2021-12-10 23:44:07] <%창문밖대기조 (outwindowwaiter)> 트위치의 벼룩시장이 저기임
[2021-12-10 23:44:16] <%길영이복스련인거너만아라 (inquinans)> ㅋㅋㅋㅋㅋㅋㅋ
[2021-12-10 23:44:38] <%창문밖대기조 (outwindowwaiter)> 힘든곳이지 저기도
[2021-12-10 23:44:49] <%길영이복스련인거너만아라 (inquinans)> ㅋㅋㅋㅋㅋㅋㅋㅋㅋㅋㅋㅋㅋㅋㅋㅋㅋㅋ
[2021-12-10 23:44:50] <%창문밖대기조 (outwindowwaiter)> 이 하트꾼 ㅋㄱㅋㅋㅋ
[2021-12-10 23:44:51] <%티치안 (crownup)> ㅋㅋㅋㅋㅋㅋ
[2021-12-10 23:44:52] <%lul0222> 음?
[2021-12-10 23:44:54] <%아라훔쳐보는관음증익명인 (whsic)> ㅋㅋㅋㅋㅋㅋㅋㅋ
[2021-12-10 23:44:54] <%뉴이는뉴이뉴이 (leekk3523)> 하꼬는 서러워요
[2021-12-10 23:44:55] <%하비어314 (feels2239)> ??
[2021-12-10 23:44:55] <%어어으으엉 (imharyong)> ㅋㅋㅋㅋㅋ
[2021-12-10 23:44:56] <%별빛시인 (sternglanzpoet)> gilyouCry gilyouCry gilyouCry
[2021-12-10 23:44:59] <%Arisya777> ㅋㅋㅋㅋㅋㅋ
[2021-12-10 23:44:59] <%__다락방 (limlet1)> ㅋㅋㅋㅋㅋㅋㅋㅋㅋㅋㅋㅋㅋㅋㅋㅋㅋㅋㅋㅋㅋㅋㅋㅋ
[2021-12-10 23:45:03] <%창문밖대기조 (outwindowwaiter)> 하꼬는 서러워요 TearGlove TearGlove TearGlove
[2021-12-10 23:45:05] <%너만가만히 (fasterheehee)> gilyouHh
[2021-12-10 23:45:08] <%하비어314 (feels2239)> 조급한 하트가 연달아
[2021-12-10 23:45:33] <%별빛시인 (sternglanzpoet)> 와 NCS 좋네요
[2021-12-10 23:45:40] <%아라훔쳐보는관음증익명인 (whsic)> ??
[2021-12-10 23:45:44] <%어어으으엉 (imharyong)> 왜냐하면 당신이 푸리미엄이 아니기때문이지
[2021-12-10 23:45:55] <%하비어314 (feels2239)> 아직도 유튜브 프리미엄을 가입안했다구?
[2021-12-10 23:45:56] <%아라훔쳐보는관음증익명인 (whsic)> 그냥 애드블락을 깔아버리는게?
[2021-12-10 23:46:16] <%아라훔쳐보는관음증익명인 (whsic)> ㅎㅎ
[2021-12-10 23:46:16] <%길영이복스련인거너만아라 (inquinans)> 왜 지웠어요
[2021-12-10 23:46:23] <%길영이복스련인거너만아라 (inquinans)> ㅋㅋㅋㅋㅋㅋ
[2021-12-10 23:46:26] <%별빛시인 (sternglanzpoet)> 그럴 수 있죠 ㅋ
[2021-12-10 23:46:30] <%아라훔쳐보는관음증익명인 (whsic)> 그치
[2021-12-10 23:46:32] <%lul0222> 10포씩 날라가여
[2021-12-10 23:46:36] <%하비어314 (feels2239)> 오구오구...
[2021-12-10 23:47:02] <%오쟁_ (dhwd1346)> 크라이머시즌....
[2021-12-10 23:47:03] <%아라훔쳐보는관음증익명인 (whsic)> 거의 매일 썼나보네?
[2021-12-10 23:47:09] <%앤써토커 (junt85)> 진짜 열심히하셨지
[2021-12-10 23:47:09] <%길영이복스련인거너만아라 (inquinans)> ㅋㅋㅋㅋㅋㅋㅋ
[2021-12-10 23:47:18] <%창문밖대기조 (outwindowwaiter)> 열심히했지
[2021-12-10 23:47:28] <%하비어314 (feels2239)> 홍보란 뭔가 임팩트가 있거나 엄청나게 신비롭거나
[2021-12-10 23:47:40] <%길영이복스련인거너만아라 (inquinans)> ㅋㅋㅋㅋㅋㅋㅋㅋ
[2021-12-10 23:47:52] <%창문밖대기조 (outwindowwaiter)> 개서러워 BibleThump
[2021-12-10 23:47:56] <%관이입니다01 (byongg_ww)> 저렇게 올리셨었구나
[2021-12-10 23:48:08] <%앤써토커 (junt85)> ㅋㅋㅋㅋㅋㅋㅋㅋㅋㅋㅋㅋ
[2021-12-10 23:48:11] <%길영이복스련인거너만아라 (inquinans)> ㅋㅋㅋㅋㅋㅋㅋㅋㅋㅋㅋ
[2021-12-10 23:48:14] <%관이입니다01 (byongg_ww)> BibleThump BibleThump
[2021-12-10 23:48:34] <%너만가만히 (fasterheehee)> SirSad
[2021-12-10 23:48:39] <%관이입니다01 (byongg_ww)> ㅋㅋㅋㅋㅋㅋ
[2021-12-10 23:48:46] <%길영이복스련인거너만아라 (inquinans)> ㅋㅋㅋㅋㅋㅋㅋㅋ
[2021-12-10 23:48:47] <%아라훔쳐보는관음증익명인 (whsic)> ㅋㅋ
[2021-12-10 23:48:56] <%아라훔쳐보는관음증익명인 (whsic)> 99년 정지인 정지기간도 웃기네
[2021-12-10 23:48:57] <%창문밖대기조 (outwindowwaiter)> ㅋㅋㅋㅋ
[2021-12-10 23:48:58] <%길영이복스련인거너만아라 (inquinans)> ㅋㅋㅋㅋㅋㅋㅋㅋㅋㅋㅋㅋㅋ
[2021-12-10 23:49:00] <%어어으으엉 (imharyong)> ㅋㅋㅋㅋㅋㅋㅋ
[2021-12-10 23:49:01] <%관이입니다01 (byongg_ww)> ㅋㅋㅋㅋㅋㅋㅋ
[2021-12-10 23:49:04] <%창문밖대기조 (outwindowwaiter)> 뭐가 나빠 ㅋㅋㅋㄱ 그럴수도 있지
[2021-12-10 23:49:08] <%창문밖대기조 (outwindowwaiter)> 국룰인데
[2021-12-10 23:49:14] <%관이입니다01 (byongg_ww)> 달달 소통러 ㅋㅋㅋ
[2021-12-10 23:49:17] <%창문밖대기조 (outwindowwaiter)> 정답 사기
[2021-12-10 23:49:19] <%별빛시인 (sternglanzpoet)> 목소리 좋아영~
[2021-12-10 23:49:23] <%창문밖대기조 (outwindowwaiter)> 허위매물이었어 BibleThump BibleThump
[2021-12-10 23:49:28] <%길영이복스련인거너만아라 (inquinans)> ㅋㅋㅋㅋㅋㅋ
[2021-12-10 23:49:38] <%창문밖대기조 (outwindowwaiter)> 삘받았나봐
[2021-12-10 23:49:41] <%오쟁_ (dhwd1346)> ㅋㅋㅋㅋㅋㅋㅋㅋㅋㅋㅋㅋ
[2021-12-10 23:49:41] <%아라훔쳐보는관음증익명인 (whsic)> ㅋㅋ
[2021-12-10 23:49:42] <%하비어314 (feels2239)> 흠
[2021-12-10 23:50:04] <%길영이복스련인거너만아라 (inquinans)> ㅋㅋㅋㅋㅋㅋ
[2021-12-10 23:50:05] <%티치안 (crownup)> ㅋㅋㅋㅋㅋ
[2021-12-10 23:50:07] <%+아조시손 (ajs_hand)> 저거 예전에 다 눌렀지
[2021-12-10 23:50:07] <%아라훔쳐보는관음증익명인 (whsic)> ㅋㅋㅋ
[2021-12-10 23:50:09] <%하비어314 (feels2239)> 21시즌 늦은 포텐
[2021-12-10 23:50:16] <%오쟁_ (dhwd1346)> 즐겁다
[2021-12-10 23:50:27] <%+아조시손 (ajs_hand)> ㅋㅋㅋㅋㅋㅋㅋㅋㅋㅋㅋㅋ
[2021-12-10 23:50:31] <%+아조시손 (ajs_hand)> 하트 꼭 붙여야됨
[2021-12-10 23:50:36] <%길영이복스련인거너만아라 (inquinans)> 하트 ㅋㅋㅋㅋ
[2021-12-10 23:50:38] <%하비어314 (feels2239)> 개인차가 있겠죠 포텐이 터지는 시기가??
[2021-12-10 23:50:58] <%+아조시손 (ajs_hand)> ㅋㅋㅋㅋㅋㅋㅋㅋㅋ
[2021-12-10 23:51:08] <%lul0222> 하꼬셨구나~
[2021-12-10 23:51:11] <%창문밖대기조 (outwindowwaiter)> 열심히살았어
[2021-12-10 23:51:13] <%앤써토커 (junt85)> 아고 ㅋㅋㅋㅋㅋㅋㅋㅋ
[2021-12-10 23:51:14] <%아라훔쳐보는관음증익명인 (whsic)> 그래도
[2021-12-10 23:51:15] <%오쟁_ (dhwd1346)> 열심히 살았네요....
[2021-12-10 23:51:19] <%+아조시손 (ajs_hand)> ㅋㅋㅋㅋㅋㅋㅋㅋㅋㅋ
[2021-12-10 23:51:20] <%길영이복스련인거너만아라 (inquinans)> ㅋㅋㅋㅋㅋㅋㅋ
[2021-12-10 23:51:20] <%아라훔쳐보는관음증익명인 (whsic)> 글이 한 3월까지만 있네
[2021-12-10 23:51:20] <%앤써토커 (junt85)> 진짜 열심히해찌
[2021-12-10 23:51:29] <%아라훔쳐보는관음증익명인 (whsic)> 5월도 있구나
[2021-12-10 23:51:30] <%아라훔쳐보는관음증익명인 (whsic)> ㅋㅋ
[2021-12-10 23:51:37] <%어어으으엉 (imharyong)> ㅋㅋㅋㅋㅋㅋㅋ
[2021-12-10 23:51:40] <%아라훔쳐보는관음증익명인 (whsic)> 저 이후로는 그래도 좀 안정기가 된건가
[2021-12-10 23:51:44] <%하비어314 (feels2239)> 무슨 스트리머 통합채널이었나 트게더가
[2021-12-10 23:52:14] <%뉴이는뉴이뉴이 (leekk3523)> 서럽..
[2021-12-10 23:52:18] <%길영이복스련인거너만아라 (inquinans)> 저때쯤 즐찾한것 같은데
[2021-12-10 23:52:21] <%하비어314 (feels2239)> 음...
[2021-12-10 23:52:24] <%하비어314 (feels2239)> 아...
[2021-12-10 23:52:26] <%하비어314 (feels2239)> 오...
[2021-12-10 23:52:27] <%아라훔쳐보는관음증익명인 (whsic)> 뭐 지금이야 ㅋㅋ
[2021-12-10 23:52:28] <%하비어314 (feels2239)> 예...
[2021-12-10 23:53:07] <%별빛시인 (sternglanzpoet)> 버그인가요?
[2021-12-10 23:53:16] <%별빛시인 (sternglanzpoet)> 아~
[2021-12-10 23:53:21] <%뉴이는뉴이뉴이 (leekk3523)> 병나발 ㅋㅋ
[2021-12-10 23:53:26] <%지니미이 (oyoy7738)> 안주는 안드세여?
[2021-12-10 23:53:26] <%+아조시손 (ajs_hand)> ㅋㅋㅋㅋㅋㅋㅋㅋㅋ
[2021-12-10 23:53:28] <%아라훔쳐보는관음증익명인 (whsic)> ㅋㅋ
[2021-12-10 23:53:30] <%아라훔쳐보는관음증익명인 (whsic)> 지금은 쓰면 좀
[2021-12-10 23:53:31] <%오쟁_ (dhwd1346)> "쓸필요가 없으니까"
[2021-12-10 23:53:32] <%아라훔쳐보는관음증익명인 (whsic)> 그렇지 ㅋㅋ
[2021-12-10 23:53:33] <%lul0222> 병나발 되셨네...
[2021-12-10 23:53:59] <%아라훔쳐보는관음증익명인 (whsic)> ㅋㅋㅋㅋㅋㅋㅋ
[2021-12-10 23:54:01] <%길영이복스련인거너만아라 (inquinans)> ㅋㅋㅋㅋㅋㅋㅋ
[2021-12-10 23:54:04] <%어어으으엉 (imharyong)> ㅋㅋㅋㅋㅋㅋㅋㅋ
[2021-12-10 23:54:05] <%아라훔쳐보는관음증익명인 (whsic)> 취하겠다 너
[2021-12-10 23:54:16] <%아라훔쳐보는관음증익명인 (whsic)> ??
[2021-12-10 23:54:16] <%+아조시손 (ajs_hand)> 중이지
[2021-12-10 23:54:18] <%지니미이 (oyoy7738)> 강소기업
[2021-12-10 23:54:19] <%아라훔쳐보는관음증익명인 (whsic)> 님 중인데?
[2021-12-10 23:54:20] <%+아조시손 (ajs_hand)> 몰매맞는다
[2021-12-10 23:54:25] <%창문밖대기조 (outwindowwaiter)> 너정도면 그래도 동네대형마트는 되지 임마
[2021-12-10 23:54:32] <%아라훔쳐보는관음증익명인 (whsic)> 요즘 새로 시작하는 사람들 많아서
[2021-12-10 23:54:36] <%아라훔쳐보는관음증익명인 (whsic)> 중정도됩니다 이젠
[2021-12-10 23:54:37] <%길영이복스련인거너만아라 (inquinans)> ㅋㅋㅋㅋㅋㅋㅋ
[2021-12-10 23:54:42] <%어어으으엉 (imharyong)> 소상공인 합시다
[2021-12-10 23:54:44] <%창문밖대기조 (outwindowwaiter)> 홈플러스
[2021-12-10 23:54:45] <%별빛시인 (sternglanzpoet)> 채팅창 화력은 그 어디에도 밀리지 않을 것입니다.
[2021-12-10 23:54:48] <%지니미이 (oyoy7738)> 소상공인
[2021-12-10 23:54:49] <%하비어314 (feels2239)> 처음 보다 더 힘들텐데 각오가??
[2021-12-10 23:55:07] <%앤써토커 (junt85)> ㅋㅋㅋㅋㅋㅋㅋㅋㅋㅋㅋㅋㅋㅋㅋ
[2021-12-10 23:55:08] <%창문밖대기조 (outwindowwaiter)> 너 진짜 돌맞마
[2021-12-10 23:55:10] <%앤써토커 (junt85)> ㄹㅇ
[2021-12-10 23:55:16] <%길영이복스련인거너만아라 (inquinans)> ㅋㅋㅋㅋㅋㅋㅋㅋ
[2021-12-10 23:55:17] <%아라훔쳐보는관음증익명인 (whsic)> 주정 타임인거야??? 이제 본격 주정이야??
[2021-12-10 23:55:18] <%앤써토커 (junt85)> 돌만맞으면 다행인데
[2021-12-10 23:55:19] <%아라훔쳐보는관음증익명인 (whsic)> ㅋㅋㅋㅋㅋㅋ
[2021-12-10 23:55:19] <%하비어314 (feels2239)> 아조씨 목소린데
[2021-12-10 23:55:31] <%지니미이 (oyoy7738)> 대부분 100인근부터 중소입문 아닌가요?
[2021-12-10 23:55:32] <%아라훔쳐보는관음증익명인 (whsic)> ??
[2021-12-10 23:55:32] <%앤써토커 (junt85)> 예쁘시기만 하구만 뭘
[2021-12-10 23:55:32] <%lul0222> 이상해여
[2021-12-10 23:55:32] <%창문밖대기조 (outwindowwaiter)> 항상 이뻐서 gilyouDbgn
[2021-12-10 23:55:35] <%아라훔쳐보는관음증익명인 (whsic)> 괜찮은데?
[2021-12-10 23:55:43] <%lul0222> 말했습니다
[2021-12-10 23:55:48] <%창문밖대기조 (outwindowwaiter)> 아이코스
[2021-12-10 23:55:50] <%아라훔쳐보는관음증익명인 (whsic)> ??
[2021-12-10 23:55:51] <%하비어314 (feels2239)> 걱정이...잘은 모르지만
[2021-12-10 23:55:53] <%아라훔쳐보는관음증익명인 (whsic)> 혀가 좀 꼬였나?
[2021-12-10 23:55:59] <%오쟁_ (dhwd1346)> 응애들은 그런거 몰라잉
[2021-12-10 23:55:59] <%아라훔쳐보는관음증익명인 (whsic)> 설마 벌써?
[2021-12-10 23:56:03] <%__다락방 (limlet1)> 않이
[2021-12-10 23:56:04] <%lul0222> 취하셨나여?
[2021-12-10 23:56:20] <%창문밖대기조 (outwindowwaiter)> ㅋㅋㄱㅋㅋㅋ
[2021-12-10 23:56:25] <%길영이복스련인거너만아라 (inquinans)> ㅋㅋㅋㅋㅋㅋㅋ
[2021-12-10 23:56:26] <%아라훔쳐보는관음증익명인 (whsic)> 님 평청자 요즘 그래도 백은 거뜬히 넘잖음
[2021-12-10 23:56:28] <%하비어314 (feels2239)> 왕관을 쓰려는 자 그 무게를 견디라는 말이 있죠...
[2021-12-10 23:56:31] <%__다락방 (limlet1)> 예쁜거 보내줘?
[2021-12-10 23:56:41] <%격치 (cloudwalker77)> 힘줬는데 왜 가림..
[2021-12-10 23:56:52] <%격치 (cloudwalker77)> 아 방이 추운가?
[2021-12-10 23:56:56] <%앤써토커 (junt85)> ㅋㅋㅋㅋㅋㅋㅋㅋㅋㅋㅋㅋ
[2021-12-10 23:56:58] <%+아조시손 (ajs_hand)> ?
[2021-12-10 23:56:59] <%앤써토커 (junt85)> ?
[2021-12-10 23:57:02] <%앤써토커 (junt85)> 아니 저기요?
[2021-12-10 23:57:02] <%아라훔쳐보는관음증익명인 (whsic)> ?????????
[2021-12-10 23:57:04] <%앤써토커 (junt85)> 저는요?
[2021-12-10 23:57:05] <%창문밖대기조 (outwindowwaiter)> 우리는 다 너를 위해서 권해준건데
[2021-12-10 23:57:15] <%아라훔쳐보는관음증익명인 (whsic)> 디아랑 퍼피 권한 나에게 그런 말을?ㅋㅋ
[2021-12-10 23:57:15] <%하비어314 (feels2239)> 조사 후에 아니면 바로 손절
[2021-12-10 23:57:19] <%lul0222> 안믿군여 아라님 천제에여
[2021-12-10 23:57:21] <%앤써토커 (junt85)> 난 분명
[2021-12-10 23:57:25] <%창문밖대기조 (outwindowwaiter)> 다 너를 위해서 머기업관문 점프킹 닼소 앙빅 권해줬는데 BibleThump TearGlove BibleThump TearGlove BibleThump TearGlove
[2021-12-10 23:57:25] <%앤써토커 (junt85)> 좋아하는게임도 선물해줬는데 억울하다
[2021-12-10 23:57:26] <%길영이복스련인거너만아라 (inquinans)> ㅋㅋㅋㅋㅋ
[2021-12-10 23:57:30] <%아라훔쳐보는관음증익명인 (whsic)> ㅋㅋㅋ
[2021-12-10 23:57:31] <%뉴이는뉴이뉴이 (leekk3523)> ㅉ~
[2021-12-10 23:57:34] <%어어으으엉 (imharyong)> 병나발 ㄷㄷ
[2021-12-10 23:57:39] <%아라훔쳐보는관음증익명인 (whsic)> 술 못 마시는게 아쉽네
[2021-12-10 23:57:41] <%창문밖대기조 (outwindowwaiter)> 앙~코올띠
[2021-12-10 23:57:46] <%길영이복스련인거너만아라 (inquinans)> 한병 금방 바시겠네요 ㅋㅋㅋ
[2021-12-10 23:57:57] <%별빛시인 (sternglanzpoet)> 도수는 낮은 맥주인가보군요
[2021-12-10 23:58:02] <%하비어314 (feels2239)> 겨우 맥주 한병에?
[2021-12-10 23:58:07] <%아라훔쳐보는관음증익명인 (whsic)> 원래 취한애들이 안 취했다해
[2021-12-10 23:58:08] <%앤써토커 (junt85)> 아라양은 주량이
[2021-12-10 23:58:12] <%앤써토커 (junt85)> 맥주한캔될까말까해요
[2021-12-10 23:58:27] <%별빛시인 (sternglanzpoet)> 오아시스네요!
[2021-12-10 23:58:28] <%__다락방 (limlet1)> 커엽자나
[2021-12-10 23:58:36] <%격치 (cloudwalker77)> 오 ㅋㅋㅋ
[2021-12-10 23:58:48] <%kartikeya167> speak england squad
[2021-12-10 23:58:59] <%별빛시인 (sternglanzpoet)> ㅋㅋㅋㅋ
[2021-12-10 23:59:00] <%아라훔쳐보는관음증익명인 (whsic)> 취했네
[2021-12-10 23:59:02] <%아라훔쳐보는관음증익명인 (whsic)> ㅋㅋㅋㅋㅋㅋ
[2021-12-10 23:59:04] <%티치안 (crownup)> ㅋㅋㅋ
[2021-12-10 23:59:08] <%별빛시인 (sternglanzpoet)> 세상이 빙글빙글~
[2021-12-10 23:59:09] Viewerstats (23:28-23:59): avg:131 min:124 max:137 [17/137+0+0-3+0+0+2+0+0-10+0+0-2+0+0+9+0]
[2021-12-10 23:59:14] <%오리쉑 (ducky_shake)> 아 ㅋ
[2021-12-10 23:59:19] <%하비어314 (feels2239)> 아...
[2021-12-10 23:59:28] <%하비어314 (feels2239)> 목소리 ㄹㅇ 킹받네
[2021-12-10 23:59:30] <%길영이복스련인거너만아라 (inquinans)> ㅋㅋㅋㅋㅋㅋㅋㅋ
[2021-12-10 23:59:32] <%티치안 (crownup)> ㅋㅋㅋㅋㅋ
[2021-12-10 23:59:32] <%Arisya777> ㅋㅋㅋㅋㅋㅋㅋ
[2021-12-10 23:59:35] <%아라훔쳐보는관음증익명인 (whsic)> 저기는 점이 있는데 여깄는 아라씬 없네
[2021-12-10 23:59:36] <%__다락방 (limlet1)> ㅇ0ㅇ
[2021-12-10 23:59:40] <%아라훔쳐보는관음증익명인 (whsic)> 잘 가렸네 ㅋㅋㅋ
[2021-12-10 23:59:48] <@^빵_떡 (bbangddeock)> 채팅을 안쳐도 항상 봐주시는 여러분들까지도 감사합니다✨
[2021-12-10 23:59:51] <%__다락방 (limlet1)> 점 있는거 좋은데
[2021-12-11 00:00:00] <%창문밖대기조 (outwindowwaiter)> 오히려 점 좋던데
[2021-12-11 00:00:06] <%어어으으엉 (imharyong)> 아 점 빼먹었네
[2021-12-11 00:00:07] <%창문밖대기조 (outwindowwaiter)> 실물 점 오히려 매력있던뎅
[2021-12-11 00:00:11] <%하비어314 (feels2239)> 쟤 점을 좀 가져가세요
[2021-12-11 00:00:13] <%__다락방 (limlet1)> 코딱지다
[2021-12-11 00:00:14] <%아라훔쳐보는관음증익명인 (whsic)> ㅇㅇ
[2021-12-11 00:00:14] <%뉴이는뉴이뉴이 (leekk3523)> 그러네 ㅋ
[2021-12-11 00:00:16] <%__다락방 (limlet1)> 꺄르륵
[2021-12-11 00:00:16] <%아라훔쳐보는관음증익명인 (whsic)> 가운데
[2021-12-11 00:00:20] <%아라훔쳐보는관음증익명인 (whsic)> 앎
[2021-12-11 00:00:25] <%창문밖대기조 (outwindowwaiter)> 토막상식 길영이 캐릭터에도 점이 있다
[2021-12-11 00:00:36] <%하비어314 (feels2239)> 저는 눈밑 코 입술까지 점이 있는데
[2021-12-11 00:00:50] <%아라훔쳐보는관음증익명인 (whsic)> 달달하니
[2021-12-11 00:00:52] <%아라훔쳐보는관음증익명인 (whsic)> 도수가 약해서
[2021-12-11 00:00:55] <%아라훔쳐보는관음증익명인 (whsic)> 마실만 한가 보네
[2021-12-11 00:01:11] <%__다락방 (limlet1)> 근데 진짜 순수하게 예쁜 클립이 하나도 없네
[2021-12-11 00:01:14] <%별빛시인 (sternglanzpoet)> 병따는법은 이제 확실히 습득하셨으려나요
[2021-12-11 00:01:19] <%길영이복스련인거너만아라 (inquinans)> ㅋㅋㅋㅋㅋㅋ
[2021-12-11 00:01:24] <%아라훔쳐보는관음증익명인 (whsic)> 순수한 장면은 많은데
[2021-12-11 00:01:27] <%아라훔쳐보는관음증익명인 (whsic)> 굳이 안 따주니 ㅋㅋ
[2021-12-11 00:01:45] <%별빛시인 (sternglanzpoet)> 예쁜 클립은 따려고해도 저작권에 싹 다 잘려나가서 딸 수가 없더라고요..
[2021-12-11 00:01:49] <%아라훔쳐보는관음증익명인 (whsic)> 그때 몇병 선물 받은거지
[2021-12-11 00:01:53] <%__다락방 (limlet1)> 채널에 클립 전체로 보면 나오긴 할텐데 제가 딴 것 중에는 특별히 없네요
[2021-12-11 00:01:54] <%아라훔쳐보는관음증익명인 (whsic)> 5병 정도였나
[2021-12-11 00:02:12] <%창문밖대기조 (outwindowwaiter)> 간만에 블루비키니 상영회 하자하면 안해주겠지
[2021-12-11 00:02:15] <%별빛시인 (sternglanzpoet)> 예쁜것도 많은데 그보다 웃긴게 너무 압도적이라 ㅋㅋ
[2021-12-11 00:02:24] <%별빛시인 (sternglanzpoet)> 이번엔 무슨맛이에여~~?
[2021-12-11 00:02:37] <%길영이복스련인거너만아라 (inquinans)> ㅋㅋㅋㅋㅋㅋ
[2021-12-11 00:02:47] <%아라훔쳐보는관음증익명인 (whsic)> 오늘 기분이 많이 좋나
[2021-12-11 00:02:48] <%별빛시인 (sternglanzpoet)> 색깔 연두색 같던데
[2021-12-11 00:02:49] <%길영이복스련인거너만아라 (inquinans)> 초록색은 사과맛
[2021-12-11 00:02:52] <%하비어314 (feels2239)> 전에 비해 확실히 뭔가 화려해진 느낌은 있는듯...
[2021-12-11 00:02:55] <%아라훔쳐보는관음증익명인 (whsic)> 좀 급하게 마시는 느낌인듯한 느낌 ㅋㅋ
[2021-12-11 00:03:00] <%아라훔쳐보는관음증익명인 (whsic)> 다음 병은 잘 딸려나?
[2021-12-11 00:03:04] <%별빛시인 (sternglanzpoet)> 오
[2021-12-11 00:03:13] <%아라훔쳐보는관음증익명인 (whsic)> ㅇㅇ
[2021-12-11 00:03:16] <%아라훔쳐보는관음증익명인 (whsic)> 사이다맥주라
[2021-12-11 00:03:17] <%별빛시인 (sternglanzpoet)> 탄산도 약하고 도수도 낮나보네요
[2021-12-11 00:03:18] <%아라훔쳐보는관음증익명인 (whsic)> 그런거에요
[2021-12-11 00:03:25] <%어어으으엉 (imharyong)> 불 안붙으면 술이 아닙니다
[2021-12-11 00:03:33] <%길영이복스련인거너만아라 (inquinans)> ㅋㅋㅋㅋㅋㅋ
[2021-12-11 00:03:35] <%하비어314 (feels2239)> 내가 실수 한건가...
[2021-12-11 00:03:44] <%창문밖대기조 (outwindowwaiter)> 엄맘마
[2021-12-11 00:03:45] <%아라훔쳐보는관음증익명인 (whsic)> ??
[2021-12-11 00:03:46] <%별빛시인 (sternglanzpoet)> 와 오랜만에 놀라는모습 ㅠㅠ
[2021-12-11 00:03:47] <%별빛시인 (sternglanzpoet)> 그리웠어요
[2021-12-11 00:03:50] <%별빛시인 (sternglanzpoet)> ㅠㅠㅠ
[2021-12-11 00:03:51] <%아라훔쳐보는관음증익명인 (whsic)> 얜 시도때도없이 놀라더라 ㅋㅋ
[2021-12-11 00:03:59] <%__다락방 (limlet1)> 옛날엔 도네가 하도 없어서...
[2021-12-11 00:04:03] <%__다락방 (limlet1)> 천원에도 넘어지고 그랬는데..
[2021-12-11 00:04:12] <%아라훔쳐보는관음증익명인 (whsic)> ????
[2021-12-11 00:04:12] <%__다락방 (limlet1)> ㅈ때따
[2021-12-11 00:04:14] <%아라훔쳐보는관음증익명인 (whsic)> X됐다
[2021-12-11 00:04:15] <%길영이복스련인거너만아라 (inquinans)> ㅋㅋㅋㅋㅋㅋ
[2021-12-11 00:04:23] <%아라훔쳐보는관음증익명인 (whsic)> ㅋㅋㅋㅋㅋㅋㅋㅋ
[2021-12-11 00:04:25] <%__다락방 (limlet1)> 맨날 울어.. ㅠㅠ
[2021-12-11 00:04:26] <%아라훔쳐보는관음증익명인 (whsic)> 현타 씨게 옴?ㅋㅋ
[2021-12-11 00:04:33] <%__다락방 (limlet1)> 복받치는 나
[2021-12-11 00:04:43] <%길영이복스련인거너만아라 (inquinans)> ㅋㅋㅋㅋㅋㅋㅋㅋㅋ
[2021-12-11 00:04:47] <%__다락방 (limlet1)> 스물일곱에 말투로 혼나는 나 ㅠㅠ
[2021-12-11 00:04:57] <%어어으으엉 (imharyong)> ㅋㅋㅋㅋㅋㅋㅋㅋ
[2021-12-11 00:04:59] <%뉴이는뉴이뉴이 (leekk3523)> ㅋㅋㅋ
[2021-12-11 00:04:59] <%길영이복스련인거너만아라 (inquinans)> 며칠뒤에 면담하지 않음? ㅋㅋㅋ
[2021-12-11 00:05:07] <%__다락방 (limlet1)> 지금은 믿음?
[2021-12-11 00:05:17] <%아라훔쳐보는관음증익명인 (whsic)> 아
[2021-12-11 00:05:20] <%__다락방 (limlet1)> 잘 챙겨드려
[2021-12-11 00:05:21] <%아라훔쳐보는관음증익명인 (whsic)> 가족 외식은 잘 함?
[2021-12-11 00:05:35] <%길영이복스련인거너만아라 (inquinans)> ㅋㅋㅋㅋㅋㅋㅋㅋㅋ
[2021-12-11 00:05:35] <%별빛시인 (sternglanzpoet)> ㅋㅋㅋ
[2021-12-11 00:05:54] <%아라훔쳐보는관음증익명인 (whsic)> 자취 기간이 기네요?
[2021-12-11 00:05:56] <%하비어314 (feels2239)> 이해는 하는데...\
[2021-12-11 00:06:02] <%__다락방 (limlet1)> 모험하고 울고..
[2021-12-11 00:06:28] <%아라훔쳐보는관음증익명인 (whsic)> ㅋㅋㅋㅋㅋ 사회가 일단 안정적이 바탕이 되어야 하니깐 어느정돈
[2021-12-11 00:06:35] <%__다락방 (limlet1)> 제성해요... 공무원... ㅈ같죠
[2021-12-11 00:06:37] <%아라훔쳐보는관음증익명인 (whsic)> 나도 집에서 백수처럼 재택하니깐 안 좋게 보심
[2021-12-11 00:06:45] <%하비어314 (feels2239)> 자식 이기는 부모는 없다고하는데 걱정해서 하는말인듯...
[2021-12-11 00:06:50] <%토링김을좋아하는트수한명 (chooini___)> 아라님 공무원하고싶음?
[2021-12-11 00:06:58] <%별빛시인 (sternglanzpoet)> 음~
[2021-12-11 00:06:59] <%아라훔쳐보는관음증익명인 (whsic)> ㅇㅇ?
[2021-12-11 00:07:02] <%아라훔쳐보는관음증익명인 (whsic)> 전혀 뭐 없음
[2021-12-11 00:07:04] <%별빛시인 (sternglanzpoet)> ㅋㅋㅋ
[2021-12-11 00:07:05] <%__다락방 (limlet1)> 머래
[2021-12-11 00:07:07] <%어어으으엉 (imharyong)> 불상한 사람들임....
[2021-12-11 00:07:08] <%__다락방 (limlet1)> ㅋㅋㅋㅋㅋㅋㅋㅋㅋㅋ
[2021-12-11 00:07:08] <%아라훔쳐보는관음증익명인 (whsic)> 24시간 모니터 보는게 뭐 좋다고
[2021-12-11 00:07:21] <%별빛시인 (sternglanzpoet)> 멋있지만 배우진 않겠다 ㅋ
[2021-12-11 00:07:23] <%앤써토커 (junt85)> ㅋㅋㅋ
[2021-12-11 00:07:26] <%아라훔쳐보는관음증익명인 (whsic)> 나 아라씨 방송 안 보면 하루종일 해 뜨는지 모르게 코딩만 함
[2021-12-11 00:07:37] <%지니미이 (oyoy7738)> ㅋㅋㅋㅋㅋ
[2021-12-11 00:07:48] <%아라훔쳐보는관음증익명인 (whsic)> 오
[2021-12-11 00:07:48] <%길영이복스련인거너만아라 (inquinans)> ㅋㅋㅋㅋㅋㅋㅋ
[2021-12-11 00:07:50] <%별빛시인 (sternglanzpoet)> 오! 이제 한번에!
[2021-12-11 00:07:51] <%아라훔쳐보는관음증익명인 (whsic)> 이제 잘하네
[2021-12-11 00:07:51] <%별빛시인 (sternglanzpoet)> ㅊㅊㅊ
[2021-12-11 00:07:52] <%아라의단백질도둑 (dudgnsxla)> 드디어 능지상승
[2021-12-11 00:07:53] <%별빛시인 (sternglanzpoet)> 잘했어요 ㅋ
[2021-12-11 00:07:55] <%하비어314 (feels2239)> 앗....
[2021-12-11 00:07:57] <%__다락방 (limlet1)> 걍 길영이는 기회될 떄 오프너를 따로 따
[2021-12-11 00:07:58] <%__다락방 (limlet1)> 사
[2021-12-11 00:08:01] <%어어으으엉 (imharyong)> 점점 홍익인간이 된다
[2021-12-11 00:08:02] <%__다락방 (limlet1)> 불안불안하다
[2021-12-11 00:08:07] <%별빛시인 (sternglanzpoet)> 이렇게 또 하나 배웠네요!
[2021-12-11 00:08:12] <%별빛시인 (sternglanzpoet)> 생활+1 획득
[2021-12-11 00:08:12] <%아라훔쳐보는관음증익명인 (whsic)> 그러게 와인이랑 맥주 오프너는 술 안마셔도 집에 구비해 놓으면 좋음
[2021-12-11 00:08:20] <%__다락방 (limlet1)> 싸이다
[2021-12-11 00:08:21] <%별빛시인 (sternglanzpoet)> 사과맛!
[2021-12-11 00:08:39] <%아라훔쳐보는관음증익명인 (whsic)> ??
[2021-12-11 00:08:44] <%아라훔쳐보는관음증익명인 (whsic)> 갑자기 서러움 폭발?
[2021-12-11 00:08:47] <%별빛시인 (sternglanzpoet)> 아하~ 알림음 ㅋㅋ
[2021-12-11 00:08:54] <%오리쉑 (ducky_shake)> ㅋㅋㅋ
[2021-12-11 00:08:55] <%아라훔쳐보는관음증익명인 (whsic)> ㅋㅋㅋㅋㅋㅋㅋㅋㅋㅋㅋㅋㅋㅋ
[2021-12-11 00:08:56] <%길영이복스련인거너만아라 (inquinans)> ㅋㅋㅋㅋㅋㅋ
[2021-12-11 00:08:57] <%별빛시인 (sternglanzpoet)> 어? 투네 안돼요?
[2021-12-11 00:09:00] <%아라훔쳐보는관음증익명인 (whsic)> 아 놀라고 싶은데
[2021-12-11 00:09:03] <%뉴이는뉴이뉴이 (leekk3523)> 킹치만 투네만 쓰는걸
[2021-12-11 00:09:03] <%neocrap> 바꾸면됩니다
[2021-12-11 00:09:04] <%아라훔쳐보는관음증익명인 (whsic)> 안 놀란다?
[2021-12-11 00:09:05] <%아라훔쳐보는관음증익명인 (whsic)> ㅋㅋㅋㅋㅋ
[2021-12-11 00:09:09] <%어어으으엉 (imharyong)> 슬슬 주사나온다
[2021-12-11 00:09:12] <탐스러운아라빵댕이두둠치 (dudumchi1)> 거적대기 쳐내
[2021-12-11 00:09:15] <%__다락방 (limlet1)> ㅠㅠ
[2021-12-11 00:09:22] <%너만가만히 (fasterheehee)> 난 굳이 쓴다면 트윕
[2021-12-11 00:09:23] <탐스러운아라빵댕이두둠치 (dudumchi1)> ㅗㅜㅑ ㅗㅜㅑ
[2021-12-11 00:09:28] <%__다락방 (limlet1)> 난방 켜
[2021-12-11 00:09:36] <%하비어314 (feels2239)> 김나박이
[2021-12-11 00:09:43] <%하비어314 (feels2239)> 그렇구나
[2021-12-11 00:09:44] <%__다락방 (limlet1)> 광고인가
[2021-12-11 00:09:51] <%__다락방 (limlet1)> 쨘
[2021-12-11 00:09:57] <탐스러운아라빵댕이두둠치 (dudumchi1)> 길영이 고생했어...앞으로도 화이팅 ! 충전하기 귀차나서   ㅋ
[2021-12-11 00:10:17] <%__다락방 (limlet1)> 충전해 이 양반아.. ㅠㅠ
[2021-12-11 00:10:32] <탐스러운아라빵댕이두둠치 (dudumchi1)> 이양반아 나 5병 마시고와써
[2021-12-11 00:10:36] <%__다락방 (limlet1)> 와 근데 김범수 정말 못생겼다
[2021-12-11 00:10:38] <%하비어314 (feels2239)> 비쥬얼 가수 김범수
[2021-12-11 00:10:50] <%__다락방 (limlet1)> 5병 마신거 치곤 점잖네요
[2021-12-11 00:10:57] <%__다락방 (limlet1)> 캠 켜 ㅠㅠ
[2021-12-11 00:11:05] <%아라훔쳐보는관음증익명인 (whsic)> ㅋㅋㅋ
[2021-12-11 00:11:10] <%너만가만히 (fasterheehee)> 아라 갔네
[2021-12-11 00:11:11] <%하비어314 (feels2239)> 비쥬얼 꿈나무
[2021-12-11 00:11:23] <%__다락방 (limlet1)> 진짜 vogo싶다네
[2021-12-11 00:11:23] <%너만가만히 (fasterheehee)> 다시 왔다
[2021-12-11 00:11:33] <%길영이복스련인거너만아라 (inquinans)> 짠~
[2021-12-11 00:11:36] <탐스러운아라빵댕이두둠치 (dudumchi1)> 안대
[2021-12-11 00:11:37] <%__다락방 (limlet1)> 쨩
[2021-12-11 00:11:41] <%별빛시인 (sternglanzpoet)> PROST !
[2021-12-11 00:11:43] <%길영이복스련인거너만아라 (inquinans)> kkangmJj kkangmJj kkangmJj
[2021-12-11 00:11:43] <%아라훔쳐보는관음증익명인 (whsic)> ㅋㅋㅋㅋㅋ
[2021-12-11 00:11:45] <탐스러운아라빵댕이두둠치 (dudumchi1)> 내일 주말이야
[2021-12-11 00:11:50] <%지니미이 (oyoy7738)> 12+5는 인정이지
[2021-12-11 00:11:57] <%__다락방 (limlet1)> 어차피 격리 ㅋ
[2021-12-11 00:12:04] <탐스러운아라빵댕이두둠치 (dudumchi1)> 주말에 난 죽어
[2021-12-11 00:12:09] <%아라훔쳐보는관음증익명인 (whsic)> 취했어 ㅋㅋ
[2021-12-11 00:12:11] <%__다락방 (limlet1)> 이게 보고싶다지
[2021-12-11 00:12:14] <%별빛시인 (sternglanzpoet)> 12분전이요
[2021-12-11 00:12:15] <%별빛시인 (sternglanzpoet)> 후후
[2021-12-11 00:12:16] <%길영이복스련인거너만아라 (inquinans)> ㅋㅋㅋㅋㅋㅋㅋ
[2021-12-11 00:12:19] <탐스러운아라빵댕이두둠치 (dudumchi1)> 그렉형
[2021-12-11 00:12:33] <%너만가만히 (fasterheehee)> 소울로 부르는 사람이다ㅋ
[2021-12-11 00:12:37] <%아라훔쳐보는관음증익명인 (whsic)> 야 술 맛있게 마신다
[2021-12-11 00:12:42] <%아라훔쳐보는관음증익명인 (whsic)> 주사만 아녔어도 맥주 마시는데
[2021-12-11 00:12:44] <%하비어314 (feels2239)> 역시 보컬리스트 박효신
[2021-12-11 00:13:03] <%__다락방 (limlet1)> 와 근데 노래는 끝장나게 잘 부르네
[2021-12-11 00:13:33] <%하비어314 (feels2239)> 응?이학년?
[2021-12-11 00:13:43] <%지니미이 (oyoy7738)> 이양념??
[2021-12-11 00:14:17] <%__다락방 (limlet1)> 저 봐 저 봐
[2021-12-11 00:14:22] <%길영이복스련인거너만아라 (inquinans)> ㅋㅋㅋㅋㅋㅋㅋ
[2021-12-11 00:14:43] <%__다락방 (limlet1)> 자연스럽게 천원 씹혔네요..
[2021-12-11 00:14:45] <%격치 (cloudwalker77)> 음 저 아무것도 안했는데
[2021-12-11 00:14:55] <%격치 (cloudwalker77)> 돌려주 세여
[2021-12-11 00:15:18] <%앤써토커 (junt85)> ㅋㅋㅋㅋㅋㅋㅋㅋㅋ
[2021-12-11 00:15:24] <%아라훔쳐보는관음증익명인 (whsic)> ㅋㅋㅋㅋㅋㅋ
[2021-12-11 00:15:24] <%관이입니다01 (byongg_ww)> 대선이나 진로는 안드시나요
[2021-12-11 00:15:28] <%별빛시인 (sternglanzpoet)> 귀가 빨개요
[2021-12-11 00:15:28] <%하비어314 (feels2239)> 헐
[2021-12-11 00:15:30] <%별빛시인 (sternglanzpoet)> 슬슬 올라오신듯
[2021-12-11 00:15:32] <%__다락방 (limlet1)> 그래도 격리되서 간만에 인방도 느긋하게 보고 길영이 1주년 방송도 자리 지켰네
[2021-12-11 00:15:39] <%__다락방 (limlet1)> 원래 오늘 야근이었는데
[2021-12-11 00:15:43] <%어어으으엉 (imharyong)> 홍익인간이 되고있는데?
[2021-12-11 00:15:51] <%아라의단백질도둑 (dudgnsxla)> 저런저런..
[2021-12-11 00:15:56] <%관이입니다01 (byongg_ww)> ㅋㅋㅋ
[2021-12-11 00:16:04] [Notification] 탐스러운아라빵댕이두둠치 subscribed at Tier 1. They've subscribed for 5 months! [내돈주고 처음하는 길영이 구독?!충전하긴 귀차나]
[2021-12-11 00:16:06] <%뉴이는뉴이뉴이 (leekk3523)> 슬슬 발음 꼬이네 ㅋㅋ
[2021-12-11 00:16:12] <%하비어314 (feels2239)> 절때 마지막 까지 못가게 할꺼같은데
[2021-12-11 00:16:13] <%__다락방 (limlet1)> 가부키 됨
[2021-12-11 00:16:14] <%아라의단백질도둑 (dudgnsxla)> 안 취..취했다!
[2021-12-11 00:16:14] <%너만가만히 (fasterheehee)> 이제 곰보 겜하나요?
[2021-12-11 00:16:19] <%__다락방 (limlet1)> 감사합니다
[2021-12-11 00:16:24] <%__다락방 (limlet1)> 그 밤~
[2021-12-11 00:16:30] <%아라의단백질도둑 (dudgnsxla)> 아라님 하루 지났는데 셀카룰렛좀 열러주세요
[2021-12-11 00:16:31] <%길영이복스련인거너만아라 (inquinans)> ㅋㅋㅋㅋㅋㅋㅋ
[2021-12-11 00:16:33] <%너만가만히 (fasterheehee)> gilyouNuna gilyouHh gilyouHh gilyouHh
[2021-12-11 00:16:35] <%패러디라인 (suyoungj5a)> ㅋㅋㅋㅋㅋㅋㅋ
[2021-12-11 00:16:38] <%탐스러운아라빵댕이두둠치 (dudumchi1)> 별 장전해
[2021-12-11 00:16:39] <%__다락방 (limlet1)> 근데 저거 다 예쁜거만 모은거임
[2021-12-11 00:16:45] <%아라의단백질도둑 (dudgnsxla)> 아니 운이없는걸 ㅜㅜ
[2021-12-11 00:16:50] <%패러디라인 (suyoungj5a)> 근데 웃는 예쁜 모습만 모았네
[2021-12-11 00:16:52] <%하비어314 (feels2239)> 뭐야 사랑스러운 모습만 편집한 이 느낌은 뭐지
[2021-12-11 00:16:58] <%__다락방 (limlet1)> 후렴에서 변화구라 그렇지
[2021-12-11 00:17:01] <%탐스러운아라빵댕이두둠치 (dudumchi1)> 별은?
[2021-12-11 00:17:04] <%아라훔쳐보는관음증익명인 (whsic)> ㅋㅋㅋㅋㅋㅋ
[2021-12-11 00:17:05] <%길영이복스련인거너만아라 (inquinans)> ㅋㅋㅋㅋㅋㅋㅋ
[2021-12-11 00:17:06] <%티치안 (crownup)> ㅋㅋㅋㅋㅋ 󠀀
[2021-12-11 00:17:06] <%아라의단백질도둑 (dudgnsxla)> 우츠동도 저정도는 입못벌린다..!
[2021-12-11 00:17:14] <%패러디라인 (suyoungj5a)> 우츠동 변화구는 좀 그래 ㅋㅋㅋㅋ
[2021-12-11 00:17:33] <%__다락방 (limlet1)> ㅇ0ㅇ
[2021-12-11 00:17:49] <%__다락방 (limlet1)> 미성년자 신가바요
[2021-12-11 00:17:51] <%관이입니다01 (byongg_ww)> '-'
[2021-12-11 00:17:57] <%탐스러운아라빵댕이두둠치 (dudumchi1)> 구독은 안했지만 도네는 했다구
[2021-12-11 00:18:03] <%창문밖대기조 (outwindowwaiter)> 얘!여긴 뭐 환불되고 그런곳이 아니란다
[2021-12-11 00:18:10] <%아라의단백질도둑 (dudgnsxla)> 이제 미성년자가 돈주면 환불해줘야한다던데
[2021-12-11 00:18:15] <%탐스러운아라빵댕이두둠치 (dudumchi1)> 저 술찌
[2021-12-11 00:18:18] <%길영이복스련인거너만아라 (inquinans)> ㅋㅋㅋㅋㅋㅋㅋㅋ
[2021-12-11 00:18:19] <%__다락방 (limlet1)> 선생님 달다고 홀짝 홀짝 마시지 말고
[2021-12-11 00:18:22] <%__다락방 (limlet1)> 천천히 마셔요
[2021-12-11 00:18:24] <%관이입니다01 (byongg_ww)> 안주는 없나요
[2021-12-11 00:18:27] <%뉴이는뉴이뉴이 (leekk3523)> 안취하긴 ㅋ
[2021-12-11 00:18:29] <%아라의단백질도둑 (dudgnsxla)> 먹자! 맘것!
[2021-12-11 00:18:29] <%하비어314 (feels2239)> 우와 병나발...
[2021-12-11 00:18:32] <%창문밖대기조 (outwindowwaiter)> ㅋ
[2021-12-11 00:18:35] <%길영이복스련인거너만아라 (inquinans)> 3도라도 많이먹으면 취해요 ㅋㅋㅋ
[2021-12-11 00:18:35] <%아라훔쳐보는관음증익명인 (whsic)> 아라씨
[2021-12-11 00:18:40] <%아라훔쳐보는관음증익명인 (whsic)> 지난번 마실때보다 근데
[2021-12-11 00:18:44] <%아라훔쳐보는관음증익명인 (whsic)> 급하게 마시곤 있음
[2021-12-11 00:18:44] <%아라의단백질도둑 (dudgnsxla)> ?
[2021-12-11 00:18:44] <%탐스러운아라빵댕이두둠치 (dudumchi1)> 술취한 사람이 취했다고 하겠니?
[2021-12-11 00:18:44] <%창문밖대기조 (outwindowwaiter)> 그래
[2021-12-11 00:18:46] <%별빛시인 (sternglanzpoet)> 그래욤~
[2021-12-11 00:18:47] <%아라의단백질도둑 (dudgnsxla)> 12분남았다고..?
[2021-12-11 00:18:51] <%별빛시인 (sternglanzpoet)> 천천히 마셔요~
[2021-12-11 00:19:00] <%청소하는청설모 (joonryan97)> 12분간 술 벼락치기하시네
[2021-12-11 00:19:04] <%하비어314 (feels2239)> 맥주에 안주는...
[2021-12-11 00:19:17] <%길영이복스련인거너만아라 (inquinans)> ㅋㅋㅋㅋㅋㅋㅋㅋ
[2021-12-11 00:19:42] <%지니미이 (oyoy7738)> 랩퍼??
[2021-12-11 00:19:48] <%길영이복스련인거너만아라 (inquinans)> ㅋㅋㅋㅋㅋㅋㅋㅋㅋㅋ
[2021-12-11 00:19:50] <%__다락방 (limlet1)> 저 노래를 왜 아는 거지
[2021-12-11 00:19:54] <%__다락방 (limlet1)> 내 때 노래인데
[2021-12-11 00:19:56] <%창문밖대기조 (outwindowwaiter)> 요즘 트위치에 랩준비하는 많네
[2021-12-11 00:19:57] <%아라훔쳐보는관음증익명인 (whsic)> 웃긴건데 취해서 웃질 못하시네 ㅋㅋ
[2021-12-11 00:20:07] <%내가찢어줄게 (yuna1203)> 와이거 ㄹㅇ 오랜만
[2021-12-11 00:20:10] <%뉴이는뉴이뉴이 (leekk3523)> 어휴 저건 나도 어릴때 노래인데
[2021-12-11 00:20:13] <%__다락방 (limlet1)> 네
[2021-12-11 00:20:13] <%지니미이 (oyoy7738)> ㅔ
[2021-12-11 00:20:17] <%아라훔쳐보는관음증익명인 (whsic)> ㅇㅇ
[2021-12-11 00:20:21] <%어어으으엉 (imharyong)> 누가봐도 범죄의 표적입니다
[2021-12-11 00:20:22] <%창문밖대기조 (outwindowwaiter)> 거리의시인들ㅋㅋㅋㅋ
[2021-12-11 00:20:22] <%앤써토커 (junt85)> 예 좀
[2021-12-11 00:20:25] <%앤써토커 (junt85)> 취기가도시는듯
[2021-12-11 00:20:25] <%하비어314 (feels2239)> 표현력이 대단...
[2021-12-11 00:20:27] <%창문밖대기조 (outwindowwaiter)> 언제적노래를 ㅋㅋㅋ
[2021-12-11 00:20:29] <%__다락방 (limlet1)> 내가 더 귀여움
[2021-12-11 00:20:30] <%__다락방 (limlet1)> 흥
[2021-12-11 00:20:33] <%+쏘른 (startjdwl)> 구연동화냐구
[2021-12-11 00:20:51] <%하비어314 (feels2239)> 진짜 취한거에요>
[2021-12-11 00:20:51] <%창문밖대기조 (outwindowwaiter)> 도수가 낮아도 얘 간이 더 낮음
[2021-12-11 00:20:58] <%하비어314 (feels2239)> 빨개지긴했는데
[2021-12-11 00:21:03] <%아라훔쳐보는관음증익명인 (whsic)> 그때
[2021-12-11 00:21:07] <%아라훔쳐보는관음증익명인 (whsic)> 앱솔 마실때처럼 진짜
[2021-12-11 00:21:09] <%창문밖대기조 (outwindowwaiter)> 빨개지긴했는데 사실 캠으로는 고만고만해
[2021-12-11 00:21:10] <%아라훔쳐보는관음증익명인 (whsic)> 아에 몇시간 두고 천천히 마시면
[2021-12-11 00:21:12] <%어어으으엉 (imharyong)> 아라님 술이 많이 약하신가봐요
[2021-12-11 00:21:12] <%너만가만히 (fasterheehee)> 간 기능이 안좋네 술은 안되겠네
[2021-12-11 00:21:12] <%탐스러운아라빵댕이두둠치 (dudumchi1)> 야이
[2021-12-11 00:21:13] <%아라훔쳐보는관음증익명인 (whsic)> 괜찮은데
[2021-12-11 00:21:16] <%탐스러운아라빵댕이두둠치 (dudumchi1)> 손 조심
[2021-12-11 00:21:17] <%__다락방 (limlet1)> ㅗㅜㅑ
[2021-12-11 00:21:19] <%지니미이 (oyoy7738)> 막걸리 드셔야겠네요
[2021-12-11 00:21:19] <%아라훔쳐보는관음증익명인 (whsic)> 오늘은 좀 빨라서 많이
[2021-12-11 00:21:20] <%탐스러운아라빵댕이두둠치 (dudumchi1)> 어허
[2021-12-11 00:21:38] <%길영이복스련인거너만아라 (inquinans)> ㅋㅋㅋㅋㅋㅋㅋ
[2021-12-11 00:21:41] <%__다락방 (limlet1)> 이상한데 꽂혔네
[2021-12-11 00:21:46] <%하비어314 (feels2239)> 이 정도면 몸에서 술이 거부하는건데...
[2021-12-11 00:21:54] <%창문밖대기조 (outwindowwaiter)> 장인어른 왜
[2021-12-11 00:21:56] <%__다락방 (limlet1)> 아빠한테 어른스러워지라고 혼남
[2021-12-11 00:22:01] <%길영이복스련인거너만아라 (inquinans)> ㅋㅋㅋㅋㅋㅋ
[2021-12-11 00:22:03] <%어어으으엉 (imharyong)> 저저저 주정한다
[2021-12-11 00:22:34] <%아라의단백질도둑 (dudgnsxla)> 10만원 ㅎㄷㄷ
[2021-12-11 00:22:36] <%하비어314 (feels2239)> 겨우 100원이라니
[2021-12-11 00:22:37] <%__다락방 (limlet1)> 십만원에 곰보겜 1개 입니다
[2021-12-11 00:22:39] <%아라훔쳐보는관음증익명인 (whsic)> 취했네
[2021-12-11 00:22:41] <%아라의단백질도둑 (dudgnsxla)> 10만원어치 리액션 ㄱㄱ
[2021-12-11 00:22:41] <%+아조시손 (ajs_hand)> 취했네
[2021-12-11 00:22:43] <%아라훔쳐보는관음증익명인 (whsic)> ㅋㅋㅋㅋㅋㅋㅋㅋㅋㅋㅋㅋㅋ
[2021-12-11 00:22:53] <%__다락방 (limlet1)> 20이네요 곰보겜 2개네요
[2021-12-11 00:22:54] <%별빛시인 (sternglanzpoet)> 영도에요~ㅎㅎ
[2021-12-11 00:23:03] <%+아조시손 (ajs_hand)> 오
[2021-12-11 00:23:05] <%티치안 (crownup)> 오오
[2021-12-11 00:23:05] <%+아조시손 (ajs_hand)> 팬영상
[2021-12-11 00:23:05] <%길영이복스련인거너만아라 (inquinans)> 오
[2021-12-11 00:23:07] <%__다락방 (limlet1)> 만들어 오셨네
[2021-12-11 00:23:08] <%너만가만히 (fasterheehee)> 정신 차려어어
[2021-12-11 00:23:13] <%길영이복스련인거너만아라 (inquinans)> 새로 만드셨네
[2021-12-11 00:23:17] <%아이코라_ (aikora)> gilyouHaddo gilyouCheer
[2021-12-11 00:23:19] <%어어으으엉 (imharyong)> 오
[2021-12-11 00:23:21] <%너만가만히 (fasterheehee)> gilyouNuna gilyouNuna gilyouHh gilyouHh gilyouHh
[2021-12-11 00:23:21] <%아라의단백질도둑 (dudgnsxla)> 걱정마!
[2021-12-11 00:23:22] <%아라훔쳐보는관음증익명인 (whsic)> ㅋㅋㅋㅋㅋㅋㅋㅋ
[2021-12-11 00:23:23] <%창문밖대기조 (outwindowwaiter)> 오
[2021-12-11 00:23:25] <%아라의단백질도둑 (dudgnsxla)> 내가 이기게해줄께!
[2021-12-11 00:23:32] <%너만가만히 (fasterheehee)> u0419Bongbong
[2021-12-11 00:23:32] <%탐스러운아라빵댕이두둠치 (dudumchi1)> 야 우냐?
[2021-12-11 00:23:40] <%하비어314 (feels2239)> 이건 못이긴다
[2021-12-11 00:23:42] <%+아조시손 (ajs_hand)> 역순인가
[2021-12-11 00:23:51] <%아라의단백질도둑 (dudgnsxla)> gilyouHaddo gilyouHaddo gilyouHaddo gilyouHaddo
[2021-12-11 00:24:00] <%길영이복스련인거너만아라 (inquinans)> 노가다 많이 하셨겠네
[2021-12-11 00:24:02] <%아라훔쳐보는관음증익명인 (whsic)> ㅋㅋㅋㅋㅋㅋㅋㅋㅋㅋㅋ
[2021-12-11 00:24:07] <%__다락방 (limlet1)> ㅠㅠ
[2021-12-11 00:24:07] <%아라의단백질도둑 (dudgnsxla)> 운다 ㅜㅜ 우리 찐따 ㅜㅜ
[2021-12-11 00:24:08] <%아라훔쳐보는관음증익명인 (whsic)> 바보네
[2021-12-11 00:24:09] <%아이코라_ (aikora)> gilyouHaddo gilyouHaddo gilyouHaddo gilyouHaddo gilyouHaddo
[2021-12-11 00:24:09] <%별빛시인 (sternglanzpoet)> 앗..
[2021-12-11 00:24:11] <%탐스러운아라빵댕이두둠치 (dudumchi1)> 야 쟤 운다
[2021-12-11 00:24:12] <%어어으으엉 (imharyong)> 울디마ㅠ
[2021-12-11 00:24:12] <%별빛시인 (sternglanzpoet)> 어머..
[2021-12-11 00:24:15] <%길영이복스련인거너만아라 (inquinans)> ㅋㅋㅋㅋㅋㅋ
[2021-12-11 00:24:17] <%+쏘른 (startjdwl)> ㅋㅋㅋㅋㅋㅋ
[2021-12-11 00:24:21] <%+미스터애쉬 (mrashhhh)> 울고 싶으면 울어
[2021-12-11 00:24:26] <%+미스터애쉬 (mrashhhh)> happy tears
[2021-12-11 00:24:27] <%__다락방 (limlet1)> ㅋㅋㅋㅋㅋㅋㅋㅋㅋㅋㅋㅋㅋㅋㅋㅋㅋ
[2021-12-11 00:24:31] <%아라의단백질도둑 (dudgnsxla)> 술마시면서 운다 ㅜㅜ
[2021-12-11 00:24:32] <%너만가만히 (fasterheehee)> 술먹고 우는거 아니야ㅋㅋ
[2021-12-11 00:24:34] <%아라의단백질도둑 (dudgnsxla)> 야 우냐 울어 ㅜ?
[2021-12-11 00:24:48] <%탐스러운아라빵댕이두둠치 (dudumchi1)> 안좋은곳에 발모 예정
[2021-12-11 00:25:08] <%아라의단백질도둑 (dudgnsxla)> ㅋㅋㅋㅋㅋㅋㅋ
[2021-12-11 00:25:11] <%아라훔쳐보는관음증익명인 (whsic)> ㅋㅋㅋㅋㅋㅋㅋㅋ
[2021-12-11 00:25:14] <릴펄의귓밥모음집 (lay0508)> 우왕 1주년 축하드려용
[2021-12-11 00:25:14] <%아라의단백질도둑 (dudgnsxla)> 촉촉하네
[2021-12-11 00:25:17] <%아라훔쳐보는관음증익명인 (whsic)> 왜 울어
[2021-12-11 00:25:26] <%it_s__okay> ㅠㅠ
[2021-12-11 00:25:27] <%하비어314 (feels2239)> 이 정도는 울어도 인정...
[2021-12-11 00:25:35] <%아라훔쳐보는관음증익명인 (whsic)> 1년 고생했어
[2021-12-11 00:25:40] <%어어으으엉 (imharyong)> 언니 울디마ㅠㅠ
[2021-12-11 00:25:44] <%it_s__okay> 감수성이 풍부해 ㅠㅠ
[2021-12-11 00:25:45] <%아이코라_ (aikora)> and it's just the beginning gilyouHaddo
[2021-12-11 00:25:47] <릴펄의귓밥모음집 (lay0508)> ㅋㅋㅋㅋㅋㅋ
[2021-12-11 00:25:54] <%아라의단백질도둑 (dudgnsxla)> ㅋㅋㅋㅋㅋㅋㅋㅋ
[2021-12-11 00:25:57] <%지니미이 (oyoy7738)> ㅋㅌㅌㅌ
[2021-12-11 00:25:57] <%길영이복스련인거너만아라 (inquinans)> BibleThump BibleThump BibleThump BibleThump BibleThump
[2021-12-11 00:25:58] <%아라훔쳐보는관음증익명인 (whsic)> 그래
[2021-12-11 00:25:59] <%아라의단백질도둑 (dudgnsxla)> 그거 취해서 시점이 흐린거에요
[2021-12-11 00:26:02] <%아라훔쳐보는관음증익명인 (whsic)> 저기 아이코라가 맞는 말 하네
[2021-12-11 00:26:05] <%아라훔쳐보는관음증익명인 (whsic)> 이제 시작일 뿐이야
[2021-12-11 00:26:07] <%it_s__okay> gilyouHh gilyouHh
[2021-12-11 00:26:09] <%아라훔쳐보는관음증익명인 (whsic)> 근데 벌써 울면 어쩌냐
[2021-12-11 00:26:09] <%너만가만히 (fasterheehee)> gilyouHh gilyouHh
[2021-12-11 00:26:24] <%__다락방 (limlet1)> 갬동
[2021-12-11 00:26:34] <%앤써토커 (junt85)> 아고 울땐울어요 그냥.
[2021-12-11 00:26:35] <%__다락방 (limlet1)> 침 떨어질 거 같아요 선생님
[2021-12-11 00:26:35] <%창문밖대기조 (outwindowwaiter)> 짱이다
[2021-12-11 00:26:41] <%하비어314 (feels2239)> 갬동..
[2021-12-11 00:26:44] <%+미스터애쉬 (mrashhhh)> gilyouHaddo gilyouHh
[2021-12-11 00:26:45] <%아라의단백질도둑 (dudgnsxla)> 울보
[2021-12-11 00:26:45] <%어어으으엉 (imharyong)> 흑흑
[2021-12-11 00:26:48] <%길영이복스련인거너만아라 (inquinans)> ㅠㅠㅠ
[2021-12-11 00:26:52] <%창문밖대기조 (outwindowwaiter)> 이럴때 아니면 언제우냐
[2021-12-11 00:27:01] <%앤써토커 (junt85)> 오 라이브다 트수선생님
[2021-12-11 00:27:08] <%아이코라_ (aikora)> gilyouHh gilyouHh gilyouHh gilyouHh gilyouHh
[2021-12-11 00:27:11] <%하비어314 (feels2239)> 아니 이 노랜
[2021-12-11 00:27:17] <%길영이복스련인거너만아라 (inquinans)> 가끔씩 불러주던 노래네요
[2021-12-11 00:27:27] <%창문밖대기조 (outwindowwaiter)> 길영이 기분좋을때 방종곡이다
[2021-12-11 00:27:36] <%하비어314 (feels2239)> 들 숨이 아니
[2021-12-11 00:27:39] <%+아조시손 (ajs_hand)> ㅋㅋㅋㅋㅋㅋㅋㅋㅋㅋㅋ
[2021-12-11 00:27:43] <%길영이복스련인거너만아라 (inquinans)> ㅋㅋㅋㅋㅋㅋㅋㅋ
[2021-12-11 00:27:44] <%창문밖대기조 (outwindowwaiter)> ㅋㅋㅋㅋ
[2021-12-11 00:27:45] <%아라훔쳐보는관음증익명인 (whsic)> ㅋㅋ
[2021-12-11 00:27:46] <%아라훔쳐보는관음증익명인 (whsic)> 그럴만해
[2021-12-11 00:27:48] <%__다락방 (limlet1)> 그것도 어려워
[2021-12-11 00:27:51] <%별빛시인 (sternglanzpoet)> 아이고.. 우실줄은 몰랐는데 ㅠㅠ
[2021-12-11 00:27:57] <%창문밖대기조 (outwindowwaiter)> 와
[2021-12-11 00:28:01] <%아라의단백질도둑 (dudgnsxla)> ㅋㅋㅋㅋㅋㅋㅋㅋㅋ
[2021-12-11 00:28:03] <%__다락방 (limlet1)> 땡기셨네
[2021-12-11 00:28:05] <%길영이복스련인거너만아라 (inquinans)> ㅋㅋㅋㅋㅋㅋㅋㅋㅋ
[2021-12-11 00:28:10] <%창문밖대기조 (outwindowwaiter)> 야 좋은날이다
[2021-12-11 00:28:11] <%__다락방 (limlet1)> 선 긋네.. ㅠㅠ
[2021-12-11 00:28:13] <%아라의단백질도둑 (dudgnsxla)> 까비 ..천만원으로 보시지
[2021-12-11 00:28:14] <%길영이복스련인거너만아라 (inquinans)> gilyouFox gilyouFox gilyouFox gilyouFox
[2021-12-11 00:28:16] <%+쏘른 (startjdwl)> 장난도 못치겠네~ ^^
[2021-12-11 00:28:19] <%+아조시손 (ajs_hand)> 환불 타이밍 보소
[2021-12-11 00:28:26] <%창문밖대기조 (outwindowwaiter)> 정신차려 너 이제 1주년 지났어ㅋㅋㄱㅋㄱ
[2021-12-11 00:28:26] <%하비어314 (feels2239)> 악질은 100달러
[2021-12-11 00:28:30] <%별빛시인 (sternglanzpoet)> 영상 거의 못보셨쬬 ㅠ
[2021-12-11 00:28:48] <%아라의단백질도둑 (dudgnsxla)> gilyouCheer
[2021-12-11 00:28:49] <%__다락방 (limlet1)> 내가 봄
[2021-12-11 00:28:53] <%__다락방 (limlet1)> 나도 해줘 ㅠㅠ
[2021-12-11 00:28:56] <%창문밖대기조 (outwindowwaiter)> 나는
[2021-12-11 00:28:56] <%그러다한대마자용 (mazayonghe)> 와.. 뭐지
[2021-12-11 00:28:58] <%아라의단백질도둑 (dudgnsxla)> ㅋㅋㅋㅋㅋㅋㅋㅋㅋㅋㅋㅋ
[2021-12-11 00:29:00] <%길영이복스련인거너만아라 (inquinans)> ㅋㅋㅋㅋㅋㅋㅋㅋ
[2021-12-11 00:29:09] <%창문밖대기조 (outwindowwaiter)> 야 너 뭔가 눈이 촉촉하니까 섹시하다?
[2021-12-11 00:29:16] Viewerstats (00:01-00:29): avg:122 min:113 max:131 [15/124+2+0+5+0+0-4+0-7-2+0-5+0+0+3]
[2021-12-11 00:29:18] <%__다락방 (limlet1)> 결국 충전하셨네.. ㅠㅠ
[2021-12-11 00:29:22] <%오리쉑 (ducky_shake)> ㅋㅋㅋㅋ
[2021-12-11 00:29:34] <%창문밖대기조 (outwindowwaiter)> ㅋㅋㄱㅋㅋㅋ
[2021-12-11 00:29:35] <%아라의단백질도둑 (dudgnsxla)> ㅋㅋㅋㅋㅋㅋㅋ
[2021-12-11 00:29:35] <%앤써토커 (junt85)> ㅋㅋㅋㅋㅋㅋㅋㅋㅋㅋㅋㅋㅋㅋㅋ
[2021-12-11 00:29:37] <%티치안 (crownup)> ㅋㅋㅋㅋㅋㅋ
[2021-12-11 00:29:39] <%창문밖대기조 (outwindowwaiter)> 병나발
[2021-12-11 00:29:43] <%너만가만히 (fasterheehee)> orstenHh
[2021-12-11 00:29:48] <@^빵_떡 (bbangddeock)> 채팅을 안쳐도 항상 봐주시는 여러분들까지도 감사합니다✨
[2021-12-11 00:29:48] <%탐스러운아라빵댕이두둠치 (dudumchi1)> 충전은 이미 되있었어
[2021-12-11 00:29:50] <%하비어314 (feels2239)> 육회!
[2021-12-11 00:29:50] <%아라의단백질도둑 (dudgnsxla)> 빨리 다들 사랑한다고 고백하세요!
[2021-12-11 00:29:55] <%창문밖대기조 (outwindowwaiter)> ㅋㅋㄱㅋㅋ
[2021-12-11 00:29:57] <%그러다한대마자용 (mazayonghe)> 너무 이쁘자너 왜 이제봤지ㅋㅋㅋㅋ
[2021-12-11 00:29:58] <%하비어314 (feels2239)> 헐
[2021-12-11 00:30:00] <%오리쉑 (ducky_shake)> ㅃㅃㅉ
[2021-12-11 00:30:01] <%하비어314 (feels2239)> 이 노래
[2021-12-11 00:30:05] <%아라의단백질도둑 (dudgnsxla)> 모니터에 들이박아!
[2021-12-11 00:30:14] <%탐스러운아라빵댕이두둠치 (dudumchi1)> 길영이 딱밤 꼭 때릴거야
[2021-12-11 00:30:18] <%지니미이 (oyoy7738)> 잘쉬세요
[2021-12-11 00:30:22] <%하비어314 (feels2239)> 정말 맥주 두병에 이런다구??
[2021-12-11 00:30:32] <%창문밖대기조 (outwindowwaiter)> ㅋ
[2021-12-11 00:30:35] <%창문밖대기조 (outwindowwaiter)> ㅋㅋㅋ
[2021-12-11 00:30:39] <%아라훔쳐보는관음증익명인 (whsic)> 취했네
[2021-12-11 00:30:43] <%탐스러운아라빵댕이두둠치 (dudumchi1)> 술찌맞음
[2021-12-11 00:30:45] <%앤써토커 (junt85)> 1주년이니까 버티는거같음
[2021-12-11 00:30:48] <%아라훔쳐보는관음증익명인 (whsic)> 원래 쿨도네 했는데
[2021-12-11 00:30:49] <%창문밖대기조 (outwindowwaiter)> 술방송은 ㄹㅇ 보기힘듬
[2021-12-11 00:30:50] <%별빛시인 (sternglanzpoet)> 일년에 거의 보기힘든 술방인지라
[2021-12-11 00:30:58] <%__다락방 (limlet1)> 성인 그거 힘들다.. ㅠㅠ
[2021-12-11 00:31:02] <%하비어314 (feels2239)> 그러게요...괜한말을 했었네 ..
[2021-12-11 00:31:11] <%길영이복스련인거너만아라 (inquinans)> ㅋㅋㅋㅋㅋㅋㅋ
[2021-12-11 00:31:13] <%Arisya777> ㅋㅋㅋㅋ
[2021-12-11 00:31:20] <%어어으으엉 (imharyong)> 역시 인간 마라탕
[2021-12-11 00:31:21] <%아라훔쳐보는관음증익명인 (whsic)> 니 마라탕이 내 폐지 백장이란다 ㅋㅋㅋㅋ
[2021-12-11 00:31:27] <%아라훔쳐보는관음증익명인 (whsic)> 백장 넘을려나 ㅋㅋㅋㅋㅋㅋ
[2021-12-11 00:31:39] <%__다락방 (limlet1)> 애기지
[2021-12-11 00:31:49] <%창문밖대기조 (outwindowwaiter)> 애기여애기
[2021-12-11 00:31:54] <%아라훔쳐보는관음증익명인 (whsic)> ㅋㅋㅋㅋㅋㅋㅋㅋ
[2021-12-11 00:31:55] <%별빛시인 (sternglanzpoet)> 마이엔젤 듣고싶어요~
[2021-12-11 00:31:58] <%별빛시인 (sternglanzpoet)> 오랜만에요~
[2021-12-11 00:31:59] <%하비어314 (feels2239)> 백예린 -한계
[2021-12-11 00:32:01] <%아라의단백질도둑 (dudgnsxla)> 마이엔젤 좋을듯한데?
[2021-12-11 00:32:02] <%__다락방 (limlet1)> 왜 이렇게 다운 되이써~
[2021-12-11 00:32:13] <%하비어314 (feels2239)> 어제부터 빠진 노래
[2021-12-11 00:32:18] <%아라훔쳐보는관음증익명인 (whsic)> 더 늦게까지 데리고 있을려다 보내준다
[2021-12-11 00:32:21] <%격치 (cloudwalker77)> 마이 엔젤 머 스토리 있는 노래인가여?
[2021-12-11 00:32:31] <%아라훔쳐보는관음증익명인 (whsic)> 생각보다 일찍 금방 취해서
[2021-12-11 00:32:35] <%아라훔쳐보는관음증익명인 (whsic)> 언능 귀가시켜야겠네
[2021-12-11 00:32:43] <%창문밖대기조 (outwindowwaiter)> ㅇㅇ
[2021-12-11 00:32:45] <%길영이복스련인거너만아라 (inquinans)> ㅋㅋㅋㅋㅋㅋㅋ
[2021-12-11 00:32:45] <%하비어314 (feels2239)> 훈훈..
[2021-12-11 00:32:56] <%__다락방 (limlet1)> ㅋㅋㅋㅋㅋㅋㅋㅋㅋㅋㅋㅋㅋㅋㅋㅋㅋㅋㅋㅋㅋㅋㅋㅋ
[2021-12-11 00:32:56] <%아라훔쳐보는관음증익명인 (whsic)> ㅋㅋㅋㅋㅋㅋㅋ
[2021-12-11 00:32:57] <%오리쉑 (ducky_shake)> ㅋㅋㅋ
[2021-12-11 00:32:58] <%티치안 (crownup)> ㅋㅋㅋㅋㅋ
[2021-12-11 00:32:58] <%길영이복스련인거너만아라 (inquinans)> ㅋㅋㅋㅋㅋㅋㅋㅋㅋㅋㅋㅋㅋㅋㅋㅋㅋ
[2021-12-11 00:33:00] <%별빛시인 (sternglanzpoet)> 잘했어요~
[2021-12-11 00:33:01] <%창문밖대기조 (outwindowwaiter)> ㅋㅋㄱㅋㅋㄱ
[2021-12-11 00:33:03] <%창문밖대기조 (outwindowwaiter)> 잘했어
[2021-12-11 00:33:04] <%아라훔쳐보는관음증익명인 (whsic)> 트수한테 주정해보렴 그래 어디
[2021-12-11 00:33:06] <%아라훔쳐보는관음증익명인 (whsic)> ㅋㅋㅋㅋㅋㅋ
[2021-12-11 00:33:07] <%아라의단백질도둑 (dudgnsxla)> 예전엔 .. 공겜도 많이하고 그러셨지..
[2021-12-11 00:33:07] <%그러다한대마자용 (mazayonghe)> ㅋㅋㅋㅋㅋ
[2021-12-11 00:33:11] <%창문밖대기조 (outwindowwaiter)> 잘버티면서 올라왔잖니
[2021-12-11 00:33:13] <%그러다한대마자용 (mazayonghe)> 종겜스자너
[2021-12-11 00:33:15] <%별빛시인 (sternglanzpoet)> 애썼습니다~
[2021-12-11 00:33:16] <%창문밖대기조 (outwindowwaiter)> 기특해
[2021-12-11 00:33:28] <%창문밖대기조 (outwindowwaiter)> ㅋㅋㅋㅋㅋㅋㅋ
[2021-12-11 00:33:32] <%길영이복스련인거너만아라 (inquinans)> ㅋㅋㅋㅋㅋㅋㅋㅋㅋㅋㅋㅋㅋㅋ
[2021-12-11 00:33:32] <%그러다한대마자용 (mazayonghe)> ㅋㅋㅋㅋㅋㅋㅋㅋㅋㅋㅋㅋㅋㅋㅋㅋㅋㅋㅋㅋ
[2021-12-11 00:33:32] <%Arisya777> ㅋㅋㅋㅋㅋㅋ
[2021-12-11 00:33:33] <%티치안 (crownup)> ㅋㅋㅋㅋㅋㅋㅋㅋ
[2021-12-11 00:33:34] <%아라훔쳐보는관음증익명인 (whsic)> ㅋㅋㅋㅋㅋㅋㅋㅋㅋㅋㅋㅋ
[2021-12-11 00:33:35] <%어어으으엉 (imharyong)> ㅋㅋㅋㅋㅋㅋㅋㅋㅋ
[2021-12-11 00:33:36] <%__다락방 (limlet1)> BibleThump BibleThump BibleThump
[2021-12-11 00:33:37] <%오리쉑 (ducky_shake)> 테헤에에엥
[2021-12-11 00:33:40] <%__다락방 (limlet1)> 나한테만 머라 그래
[2021-12-11 00:33:43] <%하비어314 (feels2239)> 다들 착해..
[2021-12-11 00:33:47] <%창문밖대기조 (outwindowwaiter)> ㅋㅋㅋㅋ
[2021-12-11 00:34:01] <%+미스터애쉬 (mrashhhh)> 울고 싶으면 울어 gilyouHaddo
[2021-12-11 00:34:02] <%아라훔쳐보는관음증익명인 (whsic)> 1주년 방송 다 모와서 하이라이트 만들었으면
[2021-12-11 00:34:06] <%아라훔쳐보는관음증익명인 (whsic)> 아주 대성통곡 했겠어
[2021-12-11 00:34:15] <%너만가만히 (fasterheehee)> 코 먹네 ㅋㅋ
[2021-12-11 00:34:15] <%__다락방 (limlet1)> ㅋㅋㅋㅋㅋㅋㅋㅋㅋㅋㅋㅋㅋㅋㅋ
[2021-12-11 00:34:17] <%아라의단백질도둑 (dudgnsxla)> ㅋㅋㅋㅋㅋㅋㅋㅋㅋㅋㅋ
[2021-12-11 00:34:19] <%창문밖대기조 (outwindowwaiter)> 1년동안 정말고생했어
[2021-12-11 00:34:28] <%창문밖대기조 (outwindowwaiter)> 또 1년 새롭게 힘내보자
[2021-12-11 00:34:34] <%아라훔쳐보는관음증익명인 (whsic)> 이제
[2021-12-11 00:34:36] <%아라의단백질도둑 (dudgnsxla)> 콧물도좀 나오는거같..
[2021-12-11 00:34:36] <%별빛시인 (sternglanzpoet)> 네~ 2주년도 기대할게요~
[2021-12-11 00:34:36] <%아라훔쳐보는관음증익명인 (whsic)> 시작일뿐이야
[2021-12-11 00:34:37] <%하비어314 (feels2239)> 왜??
[2021-12-11 00:34:38] <%별빛시인 (sternglanzpoet)> ㅎㅎㅎ
[2021-12-11 00:34:38] <%지니미이 (oyoy7738)> ㅋㅋㅋㅋ
[2021-12-11 00:34:41] <%+쏘른 (startjdwl)> ㅋㅋㅋㅋㅋㅋㅋ
[2021-12-11 00:34:42] <%탐스러운아라빵댕이두둠치 (dudumchi1)> 울지말라고
[2021-12-11 00:34:43] <%창문밖대기조 (outwindowwaiter)> 그래
[2021-12-11 00:34:43] <%너만가만히 (fasterheehee)> 1년 고생했네ㅋㅋ
[2021-12-11 00:34:45] <%길영이복스련인거너만아라 (inquinans)> ㅋㅋㅋㅋㅋㅋㅋㅋ
[2021-12-11 00:34:48] <%하비어314 (feels2239)> 내일 곰보겜 취소 가능
[2021-12-11 00:34:48] <%아라훔쳐보는관음증익명인 (whsic)> ㅋㅋㅋㅋㅋㅋㅋㅋ
[2021-12-11 00:34:50] <%별빛시인 (sternglanzpoet)> 아주 잘 해오셨어요~
[2021-12-11 00:35:02] <%아라훔쳐보는관음증익명인 (whsic)> ㅇㅇ
[2021-12-11 00:35:07] <%아라훔쳐보는관음증익명인 (whsic)> 아까 본 영상들이 다 말해주는건데 뭘
[2021-12-11 00:35:28] <%별빛시인 (sternglanzpoet)> ㅇㅇ 지이이인짜로 쉬운게 아님..
[2021-12-11 00:35:34] <%창문밖대기조 (outwindowwaiter)> 그치
[2021-12-11 00:35:38] <%아라훔쳐보는관음증익명인 (whsic)> 그래서 지나번에 그랬잖아
[2021-12-11 00:35:47] <%아라훔쳐보는관음증익명인 (whsic)> 무슨 자신감으로 그렇게 뛰어들어서 열심으로 했냐고
[2021-12-11 00:35:53] <%아라의단백질도둑 (dudgnsxla)> 맞음 무지 어렵죠..
[2021-12-11 00:35:55] <%아라훔쳐보는관음증익명인 (whsic)> 고생했어
[2021-12-11 00:36:02] <%+쏘른 (startjdwl)> 내가 봤을땐 한창 방송 욕심 많을때였는디 ㅋㅋㅋ
[2021-12-11 00:36:03] <%창문밖대기조 (outwindowwaiter)> 너보러와서 우는 트순이도 있는데 열심히 해야지
[2021-12-11 00:36:04] <%하비어314 (feels2239)> 그 용기와 끈기에 박수를..
[2021-12-11 00:36:23] <%창문밖대기조 (outwindowwaiter)> 넌 운보다는 진짜 노력으로 올라왔지
[2021-12-11 00:36:33] <%아라훔쳐보는관음증익명인 (whsic)> 행복하다 했으니
[2021-12-11 00:36:34] <%아라훔쳐보는관음증익명인 (whsic)> 행복하지
[2021-12-11 00:36:38] <%아라훔쳐보는관음증익명인 (whsic)> 더 행복해져야지
[2021-12-11 00:36:51] <%별빛시인 (sternglanzpoet)> 저분이 성장하는과정 쭉 봐오셨을듯 하군요 ㅎ
[2021-12-11 00:36:54] <%길영이복스련인거너만아라 (inquinans)> ㅋㅋㅋㅋㅋㅋㅋㅋㅋㅋ
[2021-12-11 00:37:09] <%창문밖대기조 (outwindowwaiter)> 그래 너 커가는거보면 우리도 뿌듯해
[2021-12-11 00:37:21] <%길영이복스련인거너만아라 (inquinans)> ㅋㅋㅋㅋㅋㅋㅋㅋㅋㅋㅋ
[2021-12-11 00:37:26] <%창문밖대기조 (outwindowwaiter)> 그치
[2021-12-11 00:37:28] <%neocrap> gilyouHh gilyouHh gilyouHh
[2021-12-11 00:37:35] <%하비어314 (feels2239)> 우는거 직접 보고 싶진 않았는데
[2021-12-11 00:37:36] <%그러다한대마자용 (mazayonghe)> 마자용
[2021-12-11 00:37:52] <%길영이복스련인거너만아라 (inquinans)> ㅋㅋㅋㅋㅋㅋㅋㅋㅋ
[2021-12-11 00:37:55] <%아라훔쳐보는관음증익명인 (whsic)> 근데
[2021-12-11 00:37:59] <%아라훔쳐보는관음증익명인 (whsic)> 또 어찌보면 이제 시작이야
[2021-12-11 00:38:06] <%나비의고인명치땀핥개 (binbinronin)> gilyouHh gilyouHh gilyouHh gilyouHh gilyouHh
[2021-12-11 00:38:06] <%창문밖대기조 (outwindowwaiter)> ㅋㅋㅋㅋㅋ
[2021-12-11 00:38:10] <%창문밖대기조 (outwindowwaiter)> 와
[2021-12-11 00:38:12] <%아라훔쳐보는관음증익명인 (whsic)> 더 힘내서 견디며 나가야해
[2021-12-11 00:38:18] <%별빛시인 (sternglanzpoet)> 저 TTS는 뭐지 ㅋ
[2021-12-11 00:38:19] <%아라의단백질도둑 (dudgnsxla)> 외국인이 한국어 하는거같네 ㅋㅋㅋㅋ
[2021-12-11 00:38:33] <%창문밖대기조 (outwindowwaiter)> 그래 임마 잘하는 애가 걱정을 그리 많이해
[2021-12-11 00:38:33] <%별빛시인 (sternglanzpoet)> 맞아요.  1년 못버티고 접은분도 봤어요 ㅠㅠㅠ
[2021-12-11 00:38:45] <%별빛시인 (sternglanzpoet)> 정말루 잘 해오셨어요 ㅠ
[2021-12-11 00:38:45] <%아라훔쳐보는관음증익명인 (whsic)> ㅋㅋㅋㅋㅋ
[2021-12-11 00:38:48] <%창문밖대기조 (outwindowwaiter)> ㅋㅋㅋㅋㄱㄱ
[2021-12-11 00:38:49] <%아라훔쳐보는관음증익명인 (whsic)> 망상 탔다 표정이 ㅋㅋㅋㅋㅋㅋㅋ
[2021-12-11 00:38:57] <%길영이복스련인거너만아라 (inquinans)> ㅋㅋㅋㅋㅋㅋㅋ
[2021-12-11 00:38:59] <%아라훔쳐보는관음증익명인 (whsic)> ㅋㅋㅋㅋㅋ
[2021-12-11 00:39:05] <%아라훔쳐보는관음증익명인 (whsic)> 에 모르겠다
[2021-12-11 00:39:06] <%길영이복스련인거너만아라 (inquinans)> ㅋㅋㅋㅋㅋ
[2021-12-11 00:39:10] <%아라훔쳐보는관음증익명인 (whsic)> 아무튼 1년 고생했어
[2021-12-11 00:39:18] <%+미스터애쉬 (mrashhhh)> gilyouHh
[2021-12-11 00:39:20] <%별빛시인 (sternglanzpoet)> ㅠㅠㅠ
[2021-12-11 00:39:20] <%창문밖대기조 (outwindowwaiter)> 분위기 좋은데 덕담이나 좀 해봐요
[2021-12-11 00:39:20] <%하비어314 (feels2239)> 응??
[2021-12-11 00:39:25] <%__다락방 (limlet1)> 거만해졌네..
[2021-12-11 00:39:26] <%별빛시인 (sternglanzpoet)> 너무나도 잘해왔어요.~ㅎ
[2021-12-11 00:39:27] <%__다락방 (limlet1)> ㅠㅠ
[2021-12-11 00:39:27] <%길영이복스련인거너만아라 (inquinans)> ㅋㅋㅋㅋㅋㅋㅋㅋㅋ
[2021-12-11 00:39:30] <%창문밖대기조 (outwindowwaiter)> ㅋㅋㅋㅋㅋㅋ
[2021-12-11 00:39:32] <%아라의단백질도둑 (dudgnsxla)> ㅋㅋㅋㅋㅋㅋㅋㅋㅋㅋㅋ
[2021-12-11 00:39:40] <%아라훔쳐보는관음증익명인 (whsic)> 저기 트수가 주정 듣고 싶다는데 주정 해볼래??
[2021-12-11 00:39:48] <%창문밖대기조 (outwindowwaiter)> 우리도 정전났을때 충신으로 남을려고 악착같았어 TearGlove TearGlove
[2021-12-11 00:39:50] <%하비어314 (feels2239)> 꾸준함이 어려움
[2021-12-11 00:39:56] <%별빛시인 (sternglanzpoet)> .. 우리 다 졸업이려냐..ㅠ
[2021-12-11 00:39:57] <김마법사 (kimmagician0203)> 너하
[2021-12-11 00:39:57] <@^싹둑 (ssakdook)> 김마법사 님 방가룽~٩(ˊᗜˋ*)و
[2021-12-11 00:39:58] <%별빛시인 (sternglanzpoet)> 머기업가면 ㅠ
[2021-12-11 00:40:07] <김마법사 (kimmagician0203)> 와 벌써 1주년이시라니 정말 축하드려여
[2021-12-11 00:40:18] <%탐스러운아라빵댕이두둠치 (dudumchi1)> ㄹㅇ
[2021-12-11 00:40:20] <%헐숭이 (sosact)> 이누나 왜 글썽임
[2021-12-11 00:40:25] <%하비어314 (feels2239)> 브라운 아이즈 벌써인년 신청
[2021-12-11 00:40:30] <%길영이복스련인거너만아라 (inquinans)> ㅋㅋㅋㅋㅋㅋㅋㅋ
[2021-12-11 00:40:31] <%창문밖대기조 (outwindowwaiter)> 길영이가 소고기 사준다했음
[2021-12-11 00:40:35] <%__다락방 (limlet1)> 그때 동창 좀 불러도 됨?
[2021-12-11 00:40:43] <%창문밖대기조 (outwindowwaiter)> ㅋㅋㅋㄱㅋㄱ
[2021-12-11 00:40:46] <김마법사 (kimmagician0203)> ㅋㅋㅋ
[2021-12-11 00:40:46] <%__다락방 (limlet1)> 오랜만에 보고 반갑자나..
[2021-12-11 00:40:48] <%창문밖대기조 (outwindowwaiter)> 겸사겸사
[2021-12-11 00:40:50] <%아라훔쳐보는관음증익명인 (whsic)> ㅋㅋㅋㅋㅋㅋ
[2021-12-11 00:40:57] <%아라의단백질도둑 (dudgnsxla)> 그때 좀 3일 굶고 가야지
[2021-12-11 00:41:01] <%봄홀릭 (funny707)> ㅋㅋㅋ
[2021-12-11 00:41:04] <%어어으으엉 (imharyong)> 호호호
[2021-12-11 00:41:06] <%아라훔쳐보는관음증익명인 (whsic)> 저게 맞지
[2021-12-11 00:41:07] <%별빛시인 (sternglanzpoet)> 정말요?
[2021-12-11 00:41:08] <%창문밖대기조 (outwindowwaiter)> 귀엽누 ㅋㄱㅋ
[2021-12-11 00:41:08] <%아라훔쳐보는관음증익명인 (whsic)> 아라가 크면
[2021-12-11 00:41:10] <%별빛시인 (sternglanzpoet)> 와 ㅠㅠ
[2021-12-11 00:41:11] <%아라훔쳐보는관음증익명인 (whsic)> 다른데 또 가야지
[2021-12-11 00:41:11] <김마법사 (kimmagician0203)> 어멋 박력잇어
[2021-12-11 00:41:13] <%지니미이 (oyoy7738)> 저희가 없어요
[2021-12-11 00:41:16] <%별빛시인 (sternglanzpoet)> 다 데리고 간다니
[2021-12-11 00:41:22] <%아라훔쳐보는관음증익명인 (whsic)> 아라주변엔 또 다른 사람들로 가득 채워질텐데
[2021-12-11 00:41:23] <%창문밖대기조 (outwindowwaiter)> 동네대형마트에서 코스트코 되야지
[2021-12-11 00:41:29] <%아라의단백질도둑 (dudgnsxla)> 머기업가면 .. 나도 모르겠군 사실 시간이 그만큼 흐른거니깐
[2021-12-11 00:41:29] <%아라훔쳐보는관음증익명인 (whsic)> 박수칠때 떠나는거야 원래 ㅋㅋㅋ
[2021-12-11 00:41:33] <%창문밖대기조 (outwindowwaiter)> ㄹㅇㅋㅋㅋ
[2021-12-11 00:41:39] <%하비어314 (feels2239)> 애기인줄 알았는데 많은 걸 배우네요 덕분에
[2021-12-11 00:41:44] <%별빛시인 (sternglanzpoet)> 노래듣고싶지만 오늘 힘드실듯해요 ㅠ
[2021-12-11 00:41:46] <%__다락방 (limlet1)> 노력은 배신하지 않는다!
[2021-12-11 00:41:48] <%탐스러운아라빵댕이두둠치 (dudumchi1)> ㅋㅋㅋㅋㅋㅋㅋㅋㅋㅋㅋㅋㅋㅋ
[2021-12-11 00:41:48] <%창문밖대기조 (outwindowwaiter)> ㄴㄹㅇ ㅂㅅㅎㅅ ㅇㄴㄷ
[2021-12-11 00:41:50] <%길영이복스련인거너만아라 (inquinans)> ㅋㅋㅋㅋㅋㅋㅋㅋㅋ
[2021-12-11 00:41:50] <%+아조시손 (ajs_hand)> ㅋㅋㅋㅋㅋㅋㅋㅋㅋㅋㅋㅋㅋㅋㅋㅋ
[2021-12-11 00:41:52] <%오리쉑 (ducky_shake)> ㅋㅋㅋㅋㅋㅋ
[2021-12-11 00:41:53] <%창문밖대기조 (outwindowwaiter)> ㄱㄱㅋㅋㅋㅋㄱㅋㄱ
[2021-12-11 00:41:55] <%티치안 (crownup)> ㅋㅋㅋㅋㅋ
[2021-12-11 00:41:57] <%창문밖대기조 (outwindowwaiter)> 희대의 명짤
[2021-12-11 00:41:59] <%지니미이 (oyoy7738)> ㄴㄹㅇㅂㅅㅎㅈㅇㄴㄷ
[2021-12-11 00:41:59] <%+아조시손 (ajs_hand)> 아라방송 켜고 잘라고 했는데
[2021-12-11 00:42:02] <%+아조시손 (ajs_hand)> 왤케 웃기냐 ㅋㅋ
[2021-12-11 00:42:03] <%아라훔쳐보는관음증익명인 (whsic)> ㅋㅋㅋㅋㅋㅋ
[2021-12-11 00:42:04] <%창문밖대기조 (outwindowwaiter)> 그래
[2021-12-11 00:42:06] <%아라의단백질도둑 (dudgnsxla)> 노력은 배신하지않는다 ....☆
[2021-12-11 00:42:16] <%탐스러운아라빵댕이두둠치 (dudumchi1)> 야 그게 술이냐? ㅋㅋ
[2021-12-11 00:42:16] <%길영이복스련인거너만아라 (inquinans)> ㅋㅋㅋㅋㅋㅋㅋㅋㅋㅋ
[2021-12-11 00:42:17] <%neocrap> BibleThump BibleThump
[2021-12-11 00:42:19] <%김너리 (3chamcham2)> gilyouHh gilyouNuna gilyouHaddo gilyouHaddo gilyouHaddo gilyouHaddo gilyouAjrwk gilyouZz
[2021-12-11 00:42:21] <%어어으으엉 (imharyong)> 알콜은 배신하지 않는다
[2021-12-11 00:42:21] <%아라훔쳐보는관음증익명인 (whsic)> ㅋㅋㅋㅋㅋㅋㅋㅋㅋㅋㅋㅋ
[2021-12-11 00:42:21] <%__다락방 (limlet1)> 배신하지 않는다!
[2021-12-11 00:42:21] <%헐숭이 (sosact)> 취했네 취했어
[2021-12-11 00:42:25] <%__다락방 (limlet1)> 잘 될꺼다!
[2021-12-11 00:42:25] <%봄홀릭 (funny707)> !클립
[2021-12-11 00:42:25] <@^싹둑 (ssakdook)> $makeclip
[2021-12-11 00:42:26] <@^빵_떡 (bbangddeock)> [클립생성] 클립 생성이 진행중입니다. 클립 생성에 약 5초 정도 소요됩니다.
[2021-12-11 00:42:27] <%__다락방 (limlet1)> 걱정마라!
[2021-12-11 00:42:29] <%아라의단백질도둑 (dudgnsxla)> 트수는 배신한다!
[2021-12-11 00:42:31] <@^빵_떡 (bbangddeock)> [클립생성] @봄홀릭 클립이 생성되었습니니다. 클립 주소 : https://clips.twitch.tv/SpeedyMotionlessBatteryPeanutButterJellyTime-t2Jz488antHTeYuu
[2021-12-11 00:42:34] <%하비어314 (feels2239)> 헐
[2021-12-11 00:42:39] <%창문밖대기조 (outwindowwaiter)> ?
[2021-12-11 00:42:40] <%탐스러운아라빵댕이두둠치 (dudumchi1)> 내 노랜데?
[2021-12-11 00:42:44] <%봄홀릭 (funny707)> 취한거에요?
[2021-12-11 00:42:44] <%창문밖대기조 (outwindowwaiter)> 니가 맨날 술은 아니지
[2021-12-11 00:42:46] <%하비어314 (feels2239)> 그 노래 생각했었느데
[2021-12-11 00:42:56] <%아라훔쳐보는관음증익명인 (whsic)> ㅋㅋㅋ
[2021-12-11 00:42:59] <%창문밖대기조 (outwindowwaiter)> ㅋㅋㅋㄱㅋㅋ
[2021-12-11 00:43:03] <%어어으으엉 (imharyong)> 마! 인제 자라!
[2021-12-11 00:43:05] <%아라훔쳐보는관음증익명인 (whsic)> 술 마셨으니 꿀잠 자겠따
[2021-12-11 00:43:08] <%창문밖대기조 (outwindowwaiter)> 드가라
[2021-12-11 00:43:09] <%아라훔쳐보는관음증익명인 (whsic)> 푹 쉬어
[2021-12-11 00:43:14] <%아라훔쳐보는관음증익명인 (whsic)> 낼 곰보겜은 농담이고
[2021-12-11 00:43:14] <%하비어314 (feels2239)> 벌써일년
[2021-12-11 00:43:15] <%탐스러운아라빵댕이두둠치 (dudumchi1)> 진짜감 ㅅㄱ 그만 울고 방종잘하셔
[2021-12-11 00:43:18] <%어어으으엉 (imharyong)> 남행열차
[2021-12-11 00:43:19] <%창문밖대기조 (outwindowwaiter)> 몽키매직이요
[2021-12-11 00:43:22] <%아라훔쳐보는관음증익명인 (whsic)> 스위치 설치해서 링피트 하자
[2021-12-11 00:43:27] <%오리쉑 (ducky_shake)> 오 ㅋㅋ
[2021-12-11 00:43:35] <%아라훔쳐보는관음증익명인 (whsic)> 벌써 행복하지?
[2021-12-11 00:43:37] <%아라훔쳐보는관음증익명인 (whsic)> ㅋㅋㅋㅋㅋㅋㅋㅋ
[2021-12-11 00:43:39] <%하비어314 (feels2239)> 처음이라 그래
[2021-12-11 00:43:45] <%아라훔쳐보는관음증익명인 (whsic)> ㅋㅋㅋㅋㅋㅋㅋㅋㅋㅋㅋㅋ
[2021-12-11 00:43:48] <%아라의단백질도둑 (dudgnsxla)> 더폭스요!
[2021-12-11 00:43:49] <%별빛시인 (sternglanzpoet)> 부르기 편한거 아무거나 불러주세요~
[2021-12-11 00:43:50] <%__다락방 (limlet1)> 빠른 판단 존중합니다
[2021-12-11 00:43:51] <%neocrap> 마음
[2021-12-11 00:43:54] <%아라훔쳐보는관음증익명인 (whsic)> 저런거 보면
[2021-12-11 00:43:55] <%아라훔쳐보는관음증익명인 (whsic)> 안 취했네
[2021-12-11 00:43:58] <%__다락방 (limlet1)> 선생님 좀 코를 풀어요
[2021-12-11 00:43:58] <%아라훔쳐보는관음증익명인 (whsic)> 저렇게 빠르게 쳐내는거 보면
[2021-12-11 00:44:05] <%아라의단백질도둑 (dudgnsxla)> ㅋㅋㅋㅋㅋㅋ
[2021-12-11 00:44:07] <%별빛시인 (sternglanzpoet)> 이거 이별노래 아닌가..ㅠ
[2021-12-11 00:44:08] <%__다락방 (limlet1)> 맨날 먹어
[2021-12-11 00:44:10] <%아라의단백질도둑 (dudgnsxla)> 코 맛있겠당..
[2021-12-11 00:44:10] <%별빛시인 (sternglanzpoet)> 슬프던데
[2021-12-11 00:44:13] <%__다락방 (limlet1)> ㄹㅇ 이별 노래
[2021-12-11 00:44:15] <%아라훔쳐보는관음증익명인 (whsic)> 이야 언제적 노래냐
[2021-12-11 00:44:20] <%하비어314 (feels2239)> 아 그런가
[2021-12-11 00:44:23] <%아라의단백질도둑 (dudgnsxla)> 왜 매일 아라님만 아라코먹어요?!
[2021-12-11 00:44:25] <%별빛시인 (sternglanzpoet)> 와~ 소녀시대!
[2021-12-11 00:44:25] <%하비어314 (feels2239)> 이별 노래 가사였구나
[2021-12-11 00:44:26] <%아라훔쳐보는관음증익명인 (whsic)> ㅋㅋㅋㅋㅋㅋㅋㅋㅋㅋ
[2021-12-11 00:44:31] <%취미는사랑_ (shl167)> 1년동안 고생 많으셨고, 정말 잘하고 계셔요~! 내년에도 화이팅!!!
[2021-12-11 00:44:31] <%lul0222> 벌써가여...?
[2021-12-11 00:44:40] <%하비어314 (feels2239)> 김동률의 출발
[2021-12-11 00:44:41] <%아라훔쳐보는관음증익명인 (whsic)> 오 닉 멋지다
[2021-12-11 00:44:43] <%__다락방 (limlet1)> 걍 불렀으면 재밌을텐데
[2021-12-11 00:44:43] <%아라훔쳐보는관음증익명인 (whsic)> 취미는사랑
[2021-12-11 00:44:44] <%아라훔쳐보는관음증익명인 (whsic)> ㅋㅋ
[2021-12-11 00:44:49] <%아라훔쳐보는관음증익명인 (whsic)> 아쉽
[2021-12-11 00:45:03] <%창문밖대기조 (outwindowwaiter)> 그래그래
[2021-12-11 00:45:03] <%별빛시인 (sternglanzpoet)> 넴~ 잘가요~
[2021-12-11 00:45:05] <%__다락방 (limlet1)> 항상 수고했어
[2021-12-11 00:45:10] <%창문밖대기조 (outwindowwaiter)> 고생했어
[2021-12-11 00:45:12] <%아라의단백질도둑 (dudgnsxla)> 잘자요~ 꼭 트수꿈꿔요~
[2021-12-11 00:45:13] <%앤써토커 (junt85)> 고생했어요
[2021-12-11 00:45:13] <%lul0222> 아바ㅜㅜ
[2021-12-11 00:45:16] <%앤써토커 (junt85)> 푹자고
[2021-12-11 00:45:16] <%봄홀릭 (funny707)> 수고하셨어요 잘자여
[2021-12-11 00:45:16] <%__다락방 (limlet1)> 강아라 ㅎㅇㅌ
[2021-12-11 00:45:18] <%앤써토커 (junt85)> 토요일에뵈요
[2021-12-11 00:45:18] <%창문밖대기조 (outwindowwaiter)> 푹쉬고 이쁘게 또 보자
[2021-12-11 00:45:19] <%길영이복스련인거너만아라 (inquinans)> gilyouHh gilyouHh gilyouHh gilyouHh gilyouHh gilyouHh
[2021-12-11 00:45:19] <%Arisya777> 고생하셧어요
[2021-12-11 00:45:19] <%티치안 (crownup)> 잘가요 고생했어요
[2021-12-11 00:45:21] <%별빛시인 (sternglanzpoet)> 정리는 내일 하시고 오늘은 그냥 씻고 바로 주무시는게 좋을것 같군여
[2021-12-11 00:45:24] <%오리쉑 (ducky_shake)> ㅃㅃㅉ
[2021-12-11 00:45:24] <%lul0222> 다시보기 볼게여ㅜㅜ
[2021-12-11 00:45:24] <%__다락방 (limlet1)> 2주년 때 축배를 들자
[2021-12-11 00:45:25] <%창문밖대기조 (outwindowwaiter)> 화이팅
[2021-12-11 00:45:27] <%아라훔쳐보는관음증익명인 (whsic)> 원래 퇴근은 칼퇴 하는건데
[2021-12-11 00:45:33] <%__다락방 (limlet1)> 님 원래 차이 없음
[2021-12-11 00:45:33] <%창문밖대기조 (outwindowwaiter)> ㅇㅇ
[2021-12-11 00:45:36] <%창문밖대기조 (outwindowwaiter)> ㅋㅋㅋㅋㄱ
[2021-12-11 00:45:40] <%하비어314 (feels2239)> 오늘 가장 예뻐요 이런 말 잘 안하지만
[2021-12-11 00:45:40] <%+아조시손 (ajs_hand)> 목만 봐도 빨감
[2021-12-11 00:45:41] <%lul0222> 기름기가
[2021-12-11 00:45:43] <%__다락방 (limlet1)> 진짜 미세해
[2021-12-11 00:45:49] <%뉴이는뉴이뉴이 (leekk3523)> 뭐 똑같이 예쁘구만
[2021-12-11 00:45:51] <%아라훔쳐보는관음증익명인 (whsic)> 근데
[2021-12-11 00:45:54] <%아라훔쳐보는관음증익명인 (whsic)> 피부톤은 별로 차이 없음
[2021-12-11 00:45:55] <%아라훔쳐보는관음증익명인 (whsic)> 미세함
[2021-12-11 00:46:00] <%+아조시손 (ajs_hand)> ㅋㅋㅋㅋㅋㅋㅋㅋ
[2021-12-11 00:46:01] <%아라훔쳐보는관음증익명인 (whsic)> ㅇㅇ
[2021-12-11 00:46:02] <%lul0222> ㅋㅋㅋ
[2021-12-11 00:46:09] <%아라의단백질도둑 (dudgnsxla)> 셀카 룰렛 열어 ㅜ
[2021-12-11 00:46:15] <%아라훔쳐보는관음증익명인 (whsic)> ㅋㅋㅋㅋㅋㅋㅋㅋㅋㅋㅋ
[2021-12-11 00:46:17] <%창문밖대기조 (outwindowwaiter)> ㅋㅋㄱㅋㄱㅋㅋㄱㄱ
[2021-12-11 00:46:17] <%lul0222> ㅋㅋㅋㅋㅋㄱㄲㅋㅋ
[2021-12-11 00:46:17] <%아라훔쳐보는관음증익명인 (whsic)> 아빠딸
[2021-12-11 00:46:17] <%+아조시손 (ajs_hand)> ㅋㅋㅋㅋㅋㅋㅋㅋㅋㅋㅋㅋㅋㅋㅋㅋㅋㅋㅋㅋㅋㅋㅋ
[2021-12-11 00:46:19] <%아라훔쳐보는관음증익명인 (whsic)> 유행어 되겠어 진짜
[2021-12-11 00:46:20] <%창문밖대기조 (outwindowwaiter)> 어우 시끄러 ㅋㅋㅋㅋ
[2021-12-11 00:46:21] <%+아조시손 (ajs_hand)> 갑자기 효녀네
[2021-12-11 00:46:23] <%길영이복스련인거너만아라 (inquinans)> ㅋㅋㅋㅋㅋㅋㅋ
[2021-12-11 00:46:24] <%티치안 (crownup)> ㅋㅋㅋㅋㅋ
[2021-12-11 00:46:25] <%__다락방 (limlet1)> 저러니 아버님한테 혼나지..
[2021-12-11 00:46:34] <%__다락방 (limlet1)> 울지마
[2021-12-11 00:46:35] <%아라훔쳐보는관음증익명인 (whsic)> 얘 술 버릇이 주정이랑 고성방가였네
[2021-12-11 00:46:36] <%lul0222> 울지말고이야기해여...
[2021-12-11 00:46:37] <%__다락방 (limlet1)> 왜 또 우니
[2021-12-11 00:46:42] <%별빛시인 (sternglanzpoet)> ㅠㅠㅠ
[2021-12-11 00:46:44] <%창문밖대기조 (outwindowwaiter)> 빠이
[2021-12-11 00:46:45] <%별빛시인 (sternglanzpoet)> 잘가요`
[2021-12-11 00:46:48] <%아라의단백질도둑 (dudgnsxla)> 잘가요 ㅜㅜ
[2021-12-11 00:46:48] <%아라훔쳐보는관음증익명인 (whsic)> ㅋㅋㅋㅋㅋㅋㅋㅋ 농담인거 알죠?
[2021-12-11 00:46:49] <%어어으으엉 (imharyong)> 내일봐용
[2021-12-11 00:46:50] <%플루미챔프 (reigning_champ1)> magent5Cry
[2021-12-11 00:46:51] <%창문밖대기조 (outwindowwaiter)> 잘 들어가서 쉬렴
[2021-12-11 00:46:51] <%별빛시인 (sternglanzpoet)> 영통 이제 끌 시간이군요
[2021-12-11 00:46:53] <%lul0222> 아바ㅜㅜ
[2021-12-11 00:46:54] <%너만가만히 (fasterheehee)> 아바
[2021-12-11 00:46:55] <%지니미이 (oyoy7738)> gilyouHi
[2021-12-11 00:46:55] <%앤써토커 (junt85)> 아바
[2021-12-11 00:46:56] <@^싹둑 (ssakdook)> 나 도망갈게~ ｡°(っ°´o`°ｃ)°｡
[2021-12-11 00:46:58] <%lul0222> midong1B midong1B midong1B midong1B midong1B
[2021-12-11 00:46:59] <%별빛시인 (sternglanzpoet)> ㅠㅠㅠㅠ
[2021-12-11 00:46:59] <%Arisya777> 아바
[2021-12-11 00:46:59] <%그러다한대마자용 (mazayonghe)> 나중에봐용
[2021-12-11 00:47:01] <%별빛시인 (sternglanzpoet)> 그냥 가요 ㅠ
[2021-12-11 00:47:02] <%뉴이는뉴이뉴이 (leekk3523)> ㅋㅋㅋ
[2021-12-11 00:47:02] <%창문밖대기조 (outwindowwaiter)> ㅋㅋㅋㅋㅋ
[2021-12-11 00:47:02] <%티치안 (crownup)> 잘가요
[2021-12-11 00:47:03] <%별빛시인 (sternglanzpoet)> ㅠㅠㅠㅠㅠㅠㅠㅠㅠㅠ
[2021-12-11 00:47:03] <%+아조시손 (ajs_hand)> ㅋㅋㅋㅋㅋㅋ
[2021-12-11 00:47:03] <%지니미이 (oyoy7738)> 가요 ㅋㅋㅋㅋ
[2021-12-11 00:47:04] <%별빛시인 (sternglanzpoet)> ㅠㅠㅠㅠㅠㅠㅠㅠ
[2021-12-11 00:47:05] <%아라훔쳐보는관음증익명인 (whsic)> ㅋㅋㅋㅋㅋㅋㅋㅋ
[2021-12-11 00:47:06] <%봄홀릭 (funny707)> 아바
[2021-12-11 00:47:07] <%어어으으엉 (imharyong)> ㅋㅋㅋㅋㅋㅋㅋㅋㅋ
[2021-12-11 00:47:07] <%하비어314 (feels2239)> 하지마..제발
[2021-12-11 00:47:08] <@^싹둑 (ssakdook)> 나 도망갈게~ ｡°(っ°´o`°ｃ)°｡
[2021-12-11 00:47:08] <%+미스터애쉬 (mrashhhh)> ㅂㅂ
[2021-12-11 00:47:08] <%창문밖대기조 (outwindowwaiter)> 뭐라는겨 ㅋㅋㄱㅋ
[2021-12-11 00:47:11] <%너만가만히 (fasterheehee)> 걍 가셔
[2021-12-11 00:47:11] <%창문밖대기조 (outwindowwaiter)> ㅋㅋㄱㅋㅋㅋ
[2021-12-11 00:47:11] <%아라훔쳐보는관음증익명인 (whsic)> 자라 그냥
[2021-12-11 00:47:13] <%__다락방 (limlet1)> 난 본명으로 불러줘.. ㅠㅠ
[2021-12-11 00:47:14] <%아라의단백질도둑 (dudgnsxla)> 꾸
[2021-12-11 00:47:15] <%길영이복스련인거너만아라 (inquinans)> gilyouHh gilyouHh gilyouHh gilyouHh gilyouHh gilyouHh gilyouHh gilyouHh
[2021-12-11 00:47:15] <%lul0222> midong1B midong1B midong1B midong1B midong1B midong1B midong1B midong1B midong1B midong1B
[2021-12-11 00:47:15] <%별빛시인 (sternglanzpoet)> 잘보시는뎅 ㅋ
[2021-12-11 00:47:16] <%neocrap> gilyouHaddo
[2021-12-11 00:47:18] <%아라의단백질도둑 (dudgnsxla)> 나도 해줘!
[2021-12-11 00:47:18] <%너만가만히 (fasterheehee)> ㅋㅋㅋ
[2021-12-11 00:47:22] <%패러디라인 (suyoungj5a)> 아바
[2021-12-11 00:47:23] <@^싹둑 (ssakdook)> 나 도망갈게~ ｡°(っ°´o`°ｃ)°｡
[2021-12-11 00:47:23] <%$ValentineDownBad> ㅂㅂ
[2021-12-11 00:47:23] <%그러다한대마자용 (mazayonghe)> ㅋㅋㅋㅋㅋ
[2021-12-11 00:47:24] <%Arisya777> ㅋㅋㅋㅋㅋ
[2021-12-11 00:47:26] <%헐숭이 (sosact)> 들킴
[2021-12-11 00:47:27] <%+쏘른 (startjdwl)> ㅋㅋㅋㅋㅋㅋㅋㅋ
[2021-12-11 00:47:27] <%아라훔쳐보는관음증익명인 (whsic)> ㅋㅋㅋㅋㅋㅋㅋ
[2021-12-11 00:47:27] <%길영이복스련인거너만아라 (inquinans)> ㅋㅋㅋㅋㅋㅋㅋㅋ
[2021-12-11 00:47:28] <%__다락방 (limlet1)> 부검해
[2021-12-11 00:47:29] <%어어으으엉 (imharyong)> 김도보러 갈거야!
[2021-12-11 00:47:31] <%__다락방 (limlet1)> 누구냐
[2021-12-11 00:47:33] <%lul0222> 아바...
[2021-12-11 00:47:33] <%나비의고인명치땀핥개 (binbinronin)> gilyouHh gilyouHh gilyouHh gilyouHh gilyouHh
[2021-12-11 00:47:36] <%아라훔쳐보는관음증익명인 (whsic)> 난 교수님에게 갈란다
[2021-12-11 00:47:43] <%아라의단백질도둑 (dudgnsxla)> 나 안불러줫어 ㅜㅜ 나도 해줘
[2021-12-11 00:47:43] <%아라훔쳐보는관음증익명인 (whsic)> 교수님 신겜 하시네
[2021-12-11 00:47:48] <%__다락방 (limlet1)> 잘 자
[2021-12-11 00:47:50] <%별빛시인 (sternglanzpoet)> 잘자요~
[2021-12-11 00:47:51] <%별빛시인 (sternglanzpoet)> ㅠㅠㅠㅠ
[2021-12-11 00:47:51] <%그러다한대마자용 (mazayonghe)> 아라만한 퐉스는 없지..
[2021-12-11 00:47:53] <%플루미챔프 (reigning_champ1)> gilyouHh gilyouHh gilyouHh
[2021-12-11 00:47:53] <%길영이복스련인거너만아라 (inquinans)> ㅂㅂ
[2021-12-11 00:47:54] <%+쏘른 (startjdwl)> 잘 쉬소~
[2021-12-11 00:47:55] <%너만가만히 (fasterheehee)> ㅂㅇㅂㅇ
[2021-12-11 00:47:55] <%패러디라인 (suyoungj5a)> 아바
[2021-12-11 00:47:56] <@^싹둑 (ssakdook)> 나 도망갈게~ ｡°(っ°´o`°ｃ)°｡
[2021-12-11 00:47:56] <%별빛시인 (sternglanzpoet)> 행복하세요`
[2021-12-11 00:47:57] <%__다락방 (limlet1)> 1주년 축하해
[2021-12-11 00:47:57] <%창문밖대기조 (outwindowwaiter)> 빠빠이
[2021-12-11 00:48:00] <%어어으으엉 (imharyong)> 내일봐용
[2021-12-11 00:48:01] <%별빛시인 (sternglanzpoet)> 잘가요 ~ㅠ
[2021-12-11 00:48:02] <%__다락방 (limlet1)> 2주년도 같이 축하하자
[2021-12-11 00:48:05] <하고싶은말다함 (freemouth)> 방장님
[2021-12-11 00:48:08] <%너만가만히 (fasterheehee)> orstenHh
[2021-12-11 00:48:08] <%아라의단백질도둑 (dudgnsxla)> 잘가여~! 내일 공겜으로 찾아봐요~
[2021-12-11 00:48:14] <하고싶은말다함 (freemouth)> 가기전에
[2021-12-11 00:48:18] <%길영이복스련인거너만아라 (inquinans)> ㅋㅋㅋㅋㅋㅋㅋㅋ
[2021-12-11 00:48:19] <%티치안 (crownup)> ㅋㅋㅋ
[2021-12-11 00:48:22] <%뉴이는뉴이뉴이 (leekk3523)> ㅋㅋㅋ
[2021-12-11 00:48:23] <%그러다한대마자용 (mazayonghe)> 아누가 이시간에
[2021-12-11 00:48:23] <하고싶은말다함 (freemouth)> 1주년인데 돌잡이 안함?
[2021-12-11 00:48:24] <%그러다한대마자용 (mazayonghe)> ㅋㅋㅋㅋㅋㅋㅋㅋㅋㅋㅋ
[2021-12-11 00:48:25] <%아라훔쳐보는관음증익명인 (whsic)> ㅇㅇ
[2021-12-11 00:48:25] <%아라의단백질도둑 (dudgnsxla)> 거절은 칼각이네
[2021-12-11 00:48:26] <%아라의단백질도둑 (dudgnsxla)> ㅋㅋㅋㅋㅋ
[2021-12-11 00:48:27] <%앤써토커 (junt85)> ㅋㅋㅋㅋㅋㅋㅋㅋㅋㅋㅋㅋㅋ
[2021-12-11 00:48:27] <%너만가만히 (fasterheehee)> heeheeMM
[2021-12-11 00:48:27] <%아라훔쳐보는관음증익명인 (whsic)> 잘가
[2021-12-11 00:48:28] <%패러디라인 (suyoungj5a)> 솔직히 벨소리 기다렸다 yes or no?
[2021-12-11 00:48:28] <%나비의고인명치땀핥개 (binbinronin)> PrideLaugh
[2021-12-11 00:48:30] <%별빛시인 (sternglanzpoet)> 통화종료~
[2021-12-11 00:48:46] <%__다락방 (limlet1)> ?
[2021-12-11 00:48:46] <%아라의단백질도둑 (dudgnsxla)> 다른 여캠으로 우리좀 호스트 보내줘요.. 걸어가기 귀찮아요..
[2021-12-11 00:48:48] <%뉴이는뉴이뉴이 (leekk3523)> 뉴인데여
[2021-12-11 00:48:49] <%오리쉑 (ducky_shake)> ㅋㅋㅋㅋ
[2021-12-11 00:48:50] <%__다락방 (limlet1)> 있는 양반 아님?
[2021-12-11 00:48:54] <%__다락방 (limlet1)> 저 양반 아녀.
[2021-12-11 00:49:01] <%Arisya777> ㅋㅋㅋㅋㅋ
[2021-12-11 00:49:05] <%아라훔쳐보는관음증익명인 (whsic)> ㅋㅋㅋㅋㅋㅋㅋㅋㅋㅋㅋㅋㅋㅋㅋㅋ
[2021-12-11 00:49:10] <%뉴이는뉴이뉴이 (leekk3523)> 능지가...
[2021-12-11 00:49:11] <%아라훔쳐보는관음증익명인 (whsic)> 새로운 유입이 만원 준줄 알고
[2021-12-11 00:49:14] <%아라훔쳐보는관음증익명인 (whsic)> 기뻤다 급 실망?
[2021-12-11 00:49:20] <%길영이복스련인거너만아라 (inquinans)> ㅋㅋㅋㅋㅋㅋㅋㅋㅋㅋㅋ
[2021-12-11 00:49:22] <%아라의단백질도둑 (dudgnsxla)> 유입만 취급하고 ㅜ
[2021-12-11 00:49:23] <%별빛시인 (sternglanzpoet)> 어서 가보셔요 ㅠㅠ
[2021-12-11 00:49:26] <%뉴이는뉴이뉴이 (leekk3523)> 잘자요 ~
[2021-12-11 00:49:28] <%별빛시인 (sternglanzpoet)> 잘자요 ㅠ
[2021-12-11 00:49:28] <%__다락방 (limlet1)> ㄱㄴ?
[2021-12-11 00:49:36] <%__다락방 (limlet1)> 갔네
[2021-12-11 00:49:36] <%패러디라인 (suyoungj5a)> ㄱㄴ???
[2021-12-11 00:49:36] <%너만가만히 (fasterheehee)> 뿅
[2021-12-11 00:49:43] <%우리존재홧팅 (rla20000)> ㅂㅂ
[2021-12-11 00:49:43] <%청소하는청설모 (joonryan97)> 오뱅알
[2021-12-11 00:49:44] <%아라의단백질도둑 (dudgnsxla)> 행복했떠여~
[2021-12-11 00:49:55] <%__다락방 (limlet1)> 네
[2021-12-11 00:49:57] <%__다락방 (limlet1)> 올릴게요
[2021-12-11 00:49:57] <%veron_________> bye bye gilyouHaddo
[2021-12-11 00:49:58] <%lul0222> 아바
[2021-12-11 00:49:59] <@^싹둑 (ssakdook)> 나 도망갈게~ ｡°(っ°´o`°ｃ)°｡
[2021-12-11 00:49:59] <%오리쉑 (ducky_shake)> ludanim7 ludanim7
[2021-12-11 00:49:59] <%아라의단백질도둑 (dudgnsxla)> 안당첨됏는데
[2021-12-11 00:50:01] <%아라의단백질도둑 (dudgnsxla)> 올려도될까요
[2021-12-11 00:50:03] <%아라훔쳐보는관음증익명인 (whsic)> 네네네네네
[2021-12-11 00:50:03] <%__다락방 (limlet1)> 네
[2021-12-11 00:50:03] <%lul0222> 저도 주세여
[2021-12-11 00:50:05] <%아라훔쳐보는관음증익명인 (whsic)> 이만 자러 가세요
[2021-12-11 00:50:09] <%어어으으엉 (imharyong)> ㅋㅋㅋㅋㅋㅋㅋㅋㅋ
[2021-12-11 00:50:12] <%Arisya777> 아바
[2021-12-11 00:50:12] <@^싹둑 (ssakdook)> 나 도망갈게~ ｡°(っ°´o`°ｃ)°｡
[2021-12-11 00:50:13] <%루이_너스 (clessalvein)> 오뱅알!
[2021-12-11 00:50:15] <%별빛시인 (sternglanzpoet)> ㅠㅠㅠ
[2021-12-11 00:50:15] <%아라의단백질도둑 (dudgnsxla)> 아바~
[2021-12-11 00:50:19] <%뉴이는뉴이뉴이 (leekk3523)> 아바 아바
[2021-12-11 00:50:19] <%애잔한_밍구리 (pitiful_minguri)> 아바
[2021-12-11 00:50:20] <%__다락방 (limlet1)> 옷은 갈아입고 자
[2021-12-11 00:50:21] <%티치안 (crownup)> 잘가요
[2021-12-11 00:50:26] <%__다락방 (limlet1)> !클립
[2021-12-11 00:50:27] <@^빵_떡 (bbangddeock)> [클립생성] 클립 생성이 진행중입니다. 클립 생성에 약 5초 정도 소요됩니다.
[2021-12-11 00:50:27] <@^싹둑 (ssakdook)> $makeclip
[2021-12-11 00:50:31] <%__다락방 (limlet1)> 이거 따였다
[2021-12-11 00:50:32] <%길영이복스련인거너만아라 (inquinans)> ㅋㅋㅋㅋㅋㅋㅋㅋ
[2021-12-11 00:50:32] <@^빵_떡 (bbangddeock)> [클립생성] @__다락방 클립이 생성되었습니니다. 클립 주소 : https://clips.twitch.tv/SaltyCrazyPistachioTTours-xXANO4eB4KGUZHYZ
[2021-12-11 00:50:34] <%아라의단백질도둑 (dudgnsxla)> gilyouHaddo gilyouHaddo gilyouHaddo gilyouHaddo gilyouHaddo gilyouHaddo gilyouHaddo gilyouHaddo gilyouHaddo gilyouHaddo gilyouHaddo
[2021-12-11 00:50:36] <%lul0222> 아바
[2021-12-11 00:50:36] <@^싹둑 (ssakdook)> 나 도망갈게~ ｡°(っ°´o`°ｃ)°｡
[2021-12-11 00:50:38] <%아라훔쳐보는관음증익명인 (whsic)> 갔냐?
[2021-12-11 00:50:41] <%앤써토커 (junt85)> 갔다
[2021-12-11 00:50:42] <%너만가만히 (fasterheehee)> 갔다ㅋ
[2021-12-11 00:50:42] <%+미스터애쉬 (mrashhhh)> 사랑해 gilyouHh
[2021-12-11 00:50:42] <%아라훔쳐보는관음증익명인 (whsic)> 갔냐??
[2021-12-11 00:50:43] <%뉴이는뉴이뉴이 (leekk3523)> 갔네 갔어
[2021-12-11 00:50:43] <%neocrap> 연모 보다와서 그런가 머리 묶으니까 눈나 박은빈 느낌있는거같아
[2021-12-11 00:50:51] <%아라훔쳐보는관음증익명인 (whsic)> ㅎㅎㅎㅎㅎㅎ
[2021-12-11 00:51:04] <%__다락방 (limlet1)> 아 끝에 짤렸네
[2021-12-11 00:51:06] <%앤써토커 (junt85)> 반응보니까
[2021-12-11 00:51:06] <%아라훔쳐보는관음증익명인 (whsic)> 눈팅말고 푸욱 쉬세요~
[2021-12-11 00:51:14] <%별빛시인 (sternglanzpoet)> ㅠㅠㅠㅠ
[2021-12-11 00:51:16] <%앤써토커 (junt85)> 저번에 1주년때 바쁘다는거 마음에 담고있던거같던데
[2021-12-11 00:51:22] <%아라훔쳐보는관음증익명인 (whsic)> 그나저나 다음달 카드값 보면 허리 휘겠다
[2021-12-11 00:51:28] <%별빛시인 (sternglanzpoet)> 외강내유의 스머 ㅠ
[2021-12-11 00:51:32] <%아라훔쳐보는관음증익명인 (whsic)> 그냥 너무 놀렸어서
[2021-12-11 00:51:51] ~Stream offline~
[2021-12-11 00:51:53] <%아라훔쳐보는관음증익명인 (whsic)> 애처럼 순수하게 1주년 기대하는게 다 티가 엄청 나는데 어떻게 그냥 지나갈 수가 있겠습니까 다들
[2021-12-11 00:51:57] <%아라훔쳐보는관음증익명인 (whsic)> 그러니 뭐 ㅋㅋ
[2021-12-11 00:51:58] <%앤써토커 (junt85)> 그렇죠 뭐 ㅋㅋㅋㅋㅋㅋㅋ
[2021-12-11 00:52:17] <%앤써토커 (junt85)> 하지만 저는이번에도 개인정보를 올리지않읍읍
[2021-12-11 00:52:25] <%아라훔쳐보는관음증익명인 (whsic)> ㅋㅋㅋㅋㅋㅋㅋ
[2021-12-11 00:52:28] <%뉴이는뉴이뉴이 (leekk3523)> ㅋㅋㅋㅋ
[2021-12-11 00:52:29] <%별빛시인 (sternglanzpoet)> 팬심으로 보내달라고 하세여
[2021-12-11 00:52:37] <%그러다한대마자용 (mazayonghe)> 알찬방송이었다..
[2021-12-11 00:52:44] <%vynrial> gilyouCry
[2021-12-11 00:52:46] <%+아조시손 (ajs_hand)> 아까 볼링쳐서 딴 돈
[2021-12-11 00:52:48] <%아라훔쳐보는관음증익명인 (whsic)> 저도 안 올릴까 했지만 그래도 뭐 또 받아야 마음이 편하실테니 아라양이
[2021-12-11 00:52:50] <%뉴이는뉴이뉴이 (leekk3523)> 길영이 가니까 또 할게 없다.....
[2021-12-11 00:52:52] <%+아조시손 (ajs_hand)> 고스란히 도네로 들어가긴 했는데
[2021-12-11 00:52:55] <%+아조시손 (ajs_hand)> 오늘 볼링 잘갔네
[2021-12-11 00:53:01] <%앤써토커 (junt85)> ㅋㅋㅋㅋㅋㅋㅋㅋㅋㅋ
[2021-12-11 00:53:04] <%앤써토커 (junt85)> 볼링으로따시다니 ㄷ
[2021-12-11 00:53:17] <~%너만아라 (gilyoung8)> 사랑해요 하트단들
[2021-12-11 00:53:18] <%뉴이는뉴이뉴이 (leekk3523)> 다음엔 당구내기로 벌어오세요 ㅋㅋ
[2021-12-11 00:53:21] <~%너만아라 (gilyoung8)> 너네가 최고야 !
[2021-12-11 00:53:22] <%+아조시손 (ajs_hand)> 안갔네
[2021-12-11 00:53:22] <%아라훔쳐보는관음증익명인 (whsic)> 당분간 외출금지다.....
[2021-12-11 00:53:23] <%+아조시손 (ajs_hand)> 어려 가
[2021-12-11 00:53:24] <%별빛시인 (sternglanzpoet)> 머양 안가셨엉
[2021-12-11 00:53:25] <~%너만아라 (gilyoung8)> 뿅
[2021-12-11 00:53:25] <%+아조시손 (ajs_hand)> 어여 가
[2021-12-11 00:53:28] <%뉴이는뉴이뉴이 (leekk3523)> ㅋㅋ
[2021-12-11 00:53:28] <%+미스터애쉬 (mrashhhh)> 사랑해 gilyouHh
[2021-12-11 00:53:30] <%아라훔쳐보는관음증익명인 (whsic)> 어디 돈 벌데 없나
[2021-12-11 00:53:31] <crimson_cd> 고생하셨습니다
[2021-12-11 00:53:35] <%아라훔쳐보는관음증익명인 (whsic)> 추워 겨울 ㅋㅋㅋㅋㅋ
[2021-12-11 00:53:42] <%아라훔쳐보는관음증익명인 (whsic)> 자요 좀
[2021-12-11 00:53:49] <%앤써토커 (junt85)> 어라 안가셨네
[2021-12-11 00:53:49] <%+아조시손 (ajs_hand)> 빨리 딴데 취직을 해야겠네
[2021-12-11 00:53:52] <%+미스터애쉬 (mrashhhh)> 여러분 오늘은 수고했어요 ThankEgg
[2021-12-11 00:53:54] <%앤써토커 (junt85)> 가셨다
[2021-12-11 00:53:59] <%앤써토커 (junt85)> 애쉬도 고생했어요
[2021-12-11 00:54:03] <%뉴이는뉴이뉴이 (leekk3523)> 모두 뜨밤 보내시길~
[2021-12-11 00:54:10] <%앤써토커 (junt85)> 모두 좋은밤 되시길바랍니다~
[2021-12-11 00:55:52] <%별빛시인 (sternglanzpoet)> BibleThump BibleThump BibleThump
[2021-12-11 00:55:57] <%별빛시인 (sternglanzpoet)> NotLikeThis NotLikeThis NotLikeThis
[2021-12-11 00:59:22] Viewerstats (00:31-00:49): avg:120 min:116 max:124 [10/116+8-6+0+2+0+0+2+0-2_]
[2021-12-11 00:59:48] <@^빵_떡 (bbangddeock)> 채팅을 안쳐도 항상 봐주시는 여러분들까지도 감사합니다✨
[2021-12-11 01:05:42] <%별빛시인 (sternglanzpoet)> alles misliegen
[2021-12-11 01:07:56] <%티치안 (crownup)> misliegen? 그나저나 영상은 너무 대단해요! 잘 했어요!
[2021-12-11 01:11:28] <%별빛시인 (sternglanzpoet)> Sie konnte nicht das Video sehen.
[2021-12-11 01:12:55] <%티치안 (crownup)> achso (misslungen). Sie wird es bestimmt nochmal ansehen...
[2021-12-11 01:13:15] <%별빛시인 (sternglanzpoet)> Ara weinte. T_T
[2021-12-11 01:14:08] <%티치안 (crownup)> das waren doch emotionale fröhliche tränen^^
[2021-12-11 01:15:04] <%별빛시인 (sternglanzpoet)> Ja vielleicht. :)
[2021-12-11 01:21:44] You have left #gilyoung8
# Log closed: 2021-12-11 01:21:44 +0900
-
