# Log started: 2021-12-10 21:52:04 +0900
[2021-12-10 21:52:04] #god25lita 채널 입장 중입니다
[2021-12-10 21:52:04] #god25lita 채널에 입장했습니다
[2021-12-10 21:52:04] ~[2021.12.10] 가터 입어봤습니다ㄷㄷ (Just Chatting)~
[2021-12-10 21:52:07] <unknown_nine> 저 온라인 마작 하고있어요
[2021-12-10 21:52:22] <고양이2호 (osaka1341)> 마작을 용과같이로 배웠는데 하다보면 재밌긴 하더라요 ㅋㅋ
[2021-12-10 21:52:23] <unknown_nine> 사키 ㅂㄷㅂㄷ..... 초능력계 ㅠㅠ
[2021-12-10 21:52:45] <%대깨갓 (eororkt)> 온라인이 접근하기 쉽긴해
[2021-12-10 21:52:48] <unknown_nine> 마작 만화 좋아하면 아카기도 있어요
[2021-12-10 21:52:56] <unknown_nine> 아카기는 초능력계가 아니라서
[2021-12-10 21:53:05] <%대깨갓 (eororkt)> 근데 마작은 뭔가 봐도 잘 모르겠음
[2021-12-10 21:53:15] <unknown_nine> 그림체가 좀 아쉬운데 재미는 있어요
[2021-12-10 21:53:23] <unknown_nine> 그림체 ㄹㅇ 마음이 아파욬ㅋㅋ
[2021-12-10 21:53:27] <%대깨갓 (eororkt)> ㅋㅋㅋㅋㅋ
[2021-12-10 21:53:31] <unknown_nine> 근데 마작만화중에서 가장 유명해요
[2021-12-10 21:53:32] <%대깨갓 (eororkt)> 이거 그 무슨 도박만화 비슷한데
[2021-12-10 21:53:36] <%대깨갓 (eororkt)> 이름이뭐였지
[2021-12-10 21:53:41] <코담코담 (djrmfoqksrkqek)> 카이지 작가임
[2021-12-10 21:53:43] <버즘 (needle892)> ㅋㅋㅋㅋㅋㅋㅋㅋㅋㅋㅋㅋㅋㅋㅋ
[2021-12-10 21:53:47] <버즘 (needle892)> 아론
[2021-12-10 21:53:47] <unknown_nine> 도박묵시록 카이지
[2021-12-10 21:53:53] <%대깨갓 (eororkt)> 아 맞다 카이지랑 비슷하네 그림체
[2021-12-10 21:53:55] <unknown_nine> 아카기도 카이지도 유명하지...
[2021-12-10 21:54:02] <%대깨갓 (eororkt)> 같은작가인가
[2021-12-10 21:54:10] <버즘 (needle892)> 와 코 ㅋㅋㅋㅋㅋㅋㅋㅋ
[2021-12-10 21:54:25] <고양이2호 (osaka1341)> 그림체가 중요하구나요 ㅋㅋㅋ
[2021-12-10 21:54:25] <unknown_nine> 근데 아카기 마작만화중에 가장 유명하더라구요 그림체빼고는 괜찮아요
[2021-12-10 21:54:28] <%대깨갓 (eororkt)> ㅋㅋㅋㅋㅋ
[2021-12-10 21:54:37] <%대깨갓 (eororkt)> 저것도 매니아층 많던데
[2021-12-10 21:54:41] <unknown_nine> 아 그거 인정 ㅠㅠ
[2021-12-10 21:54:48] <unknown_nine> 저도 그런 그림체 안좋아하는데
[2021-12-10 21:54:54] <%대깨갓 (eororkt)> PridePog PridePog
[2021-12-10 21:54:54] <unknown_nine> 아카기랑 카이지 2개만 유일하게 봄
[2021-12-10 21:55:13] <%대깨갓 (eororkt)> ㅋㅋㅋㅋㅋ
[2021-12-10 21:55:16] <unknown_nine> 아..... 나는 일반인이 아니었다... 오타쿠였구나....
[2021-12-10 21:55:28] <%대깨갓 (eororkt)> 앗
[2021-12-10 21:55:49] <%대깨갓 (eororkt)> ㅋㅋㅋㅋㅋ
[2021-12-10 21:55:51] <%대깨갓 (eororkt)> 비틀비틀 머야
[2021-12-10 21:55:55] <unknown_nine> 발전화기 드는날?
[2021-12-10 21:55:59] <%대깨갓 (eororkt)> 오
[2021-12-10 21:56:01] <%대깨갓 (eororkt)> 넥스트레벨
[2021-12-10 21:56:07] <%대깨갓 (eororkt)> 6개?
[2021-12-10 21:56:34] <%대깨갓 (eororkt)> PrideLaugh PrideLaugh
[2021-12-10 21:56:42] <%대깨갓 (eororkt)> 메뉴추가온다
[2021-12-10 21:56:57] <%대깨갓 (eororkt)> god25lSnssk god25lSnssk
[2021-12-10 21:57:07] <%대깨갓 (eororkt)> ptildaPopcorn ptildaPopcorn ptildaPopcorn ptildaPopcorn
[2021-12-10 21:57:17] <%wzmind> 넥스트 레빌~
[2021-12-10 21:57:25] <%대깨갓 (eororkt)> 뚜핫뚜핫~
[2021-12-10 21:57:30] <%대깨갓 (eororkt)> 큰거온다
[2021-12-10 21:57:38] <찌쀼삐뿌 (spacemanx79)> ㄷ
[2021-12-10 21:57:51] <%대깨갓 (eororkt)> 넥슽~레블~
[2021-12-10 21:58:10] <%대깨갓 (eororkt)> hamzzi1Sing hamzzi1Sing hamzzi1Sing
[2021-12-10 21:58:11] <버즘 (needle892)> 술먹고 어째춰  토쏠릴듯
[2021-12-10 21:58:17] <찌쀼삐뿌 (spacemanx79)> TakeNRG GivePLZ
[2021-12-10 21:58:30] <%대깨갓 (eororkt)> god25lSnssk god25lSnssk god25lSnssk
[2021-12-10 21:58:53] <%대깨갓 (eororkt)> hamzzi1Sing hamzzi1Sing hamzzi1Sing hamzzi1Sing
[2021-12-10 21:59:11] <너겟킹 (jina3613)> 오우
[2021-12-10 21:59:17] <%대깨갓 (eororkt)> ptildaHaeung ptildaHaeung
[2021-12-10 21:59:44] <%대깨갓 (eororkt)> 뚜핫뚜핫
[2021-12-10 22:00:06] <%대깨갓 (eororkt)> hamzzi1Sing hamzzi1Sing hamzzi1Sing
[2021-12-10 22:00:28] <너겟킹 (jina3613)> LUL
[2021-12-10 22:00:33] <%대깨갓 (eororkt)> lunadd55 lunadd55 lunadd55
[2021-12-10 22:00:37] <찌쀼삐뿌 (spacemanx79)> SeemsGood
[2021-12-10 22:00:44] <%대깨갓 (eororkt)> ㅋㅋㅋㅋㅋ
[2021-12-10 22:00:55] <%대깨갓 (eororkt)> 잘췄다에요~
[2021-12-10 22:01:21] <%대깨갓 (eororkt)> ??? : 나 하나도 안취해써
[2021-12-10 22:01:46] <%대깨갓 (eororkt)> misola1Misonyang misola1Misonyang misola1Misonyang misola1Misonyang
[2021-12-10 22:02:12] <%대깨갓 (eororkt)> ptildaPopcorn ptildaPopcorn ptildaPopcorn
[2021-12-10 22:02:22] <버즘 (needle892)> 같이 술도먹어주고 춤도춰주고 개꿀이다 트위치
[2021-12-10 22:02:26] <찌쀼삐뿌 (spacemanx79)> 커여워용
[2021-12-10 22:02:39] <jerry_0526> <3
[2021-12-10 22:02:55] <%대깨갓 (eororkt)> hamzzi1Sing hamzzi1Sing hamzzi1Sing hamzzi1Sing
[2021-12-10 22:03:31] <%대깨갓 (eororkt)> GivePLZ GivePLZ GivePLZ TakeNRG TakeNRG TakeNRG
[2021-12-10 22:03:59] <%대깨갓 (eororkt)> 원래 이 속도 아님?
[2021-12-10 22:04:01] <찌쀼삐뿌 (spacemanx79)> GivePLZ <3 TakeNRG
[2021-12-10 22:04:15] <%대깨갓 (eororkt)> ㅋㅋㅋㅋ
[2021-12-10 22:04:23] <%대깨갓 (eororkt)> 이게 파트너지
[2021-12-10 22:04:25] <%wzmind> ㄱㅋㅋㄱ
[2021-12-10 22:04:51] <%대깨갓 (eororkt)> 취해서 더 빨라진듯ㅋㅋㅋ
[2021-12-10 22:04:59] <찌쀼삐뿌 (spacemanx79)> StinkyGlitch
[2021-12-10 22:05:11] <%wzmind> ㅋㄱㄱㅋ
[2021-12-10 22:05:14] <%대깨갓 (eororkt)> 평소엔 거뜬했는데
[2021-12-10 22:05:19] <roid0204> ㄷㄷ
[2021-12-10 22:05:22] <巴答 (lemonade9536)> 풉
[2021-12-10 22:05:22] <@^빵_떡 (bbangddeock)> 巴答님이 10번이나 비웃었습니다. bbangd1Pubb
[2021-12-10 22:05:28] <%대깨갓 (eororkt)> 4개
[2021-12-10 22:05:43] <%대깨갓 (eororkt)> ㅘ 간만에 에이쎕
[2021-12-10 22:06:09] <%대깨갓 (eororkt)> hamzzi1Sing hamzzi1Sing hamzzi1Sing hamzzi1Sing
[2021-12-10 22:06:27] <%대깨갓 (eororkt)> god25lSnssk god25lSnssk god25lSnssk
[2021-12-10 22:06:47] <%대깨갓 (eororkt)> god25lGpddd god25lGpddd god25lGpddd god25lGpddd
[2021-12-10 22:06:48] <@^빵_떡 (bbangddeock)> 투네주소 https://toon.at/donate/6374235100039137
[2021-12-10 22:06:56] <%대깨갓 (eororkt)> ㄹㄹㄹㄹㄹㄹ
[2021-12-10 22:07:24] <%대깨갓 (eororkt)> ptildaHaeung ptildaHaeung ptildaHaeung
[2021-12-10 22:07:48] <%대깨갓 (eororkt)> ㅋㅋㅋ
[2021-12-10 22:08:10] <%대깨갓 (eororkt)> lunadd9 lunadd9 lunadd9
[2021-12-10 22:08:27] <%wzmind> god25lSnssk god25lGpddd god25lSnssk god25lGpddd
[2021-12-10 22:08:37] <%wzmind> god25lSnssk <3 god25lGpddd
[2021-12-10 22:08:42] <%대깨갓 (eororkt)> ㅋㅋㅋㅋㅋㅋ
[2021-12-10 22:08:55] <%대깨갓 (eororkt)> 술먹고 춤추니까 더 올라오나보네
[2021-12-10 22:09:06] <%대깨갓 (eororkt)> asap
[2021-12-10 22:09:22] <%대깨갓 (eororkt)> 엽떼영?
[2021-12-10 22:09:27] <%+퍼일퍼일_ (firstelectro36)> 짝짝짝
[2021-12-10 22:09:46] <%대깨갓 (eororkt)> god25lSnssk god25lSnssk god25lSnssk
[2021-12-10 22:10:09] <%대깨갓 (eororkt)> hamzzi1Sing hamzzi1Sing hamzzi1Sing
[2021-12-10 22:10:12] [Usernotice] 자드래곤 is gifting 10 Tier 1 Subs to 갓리타_'s community! They've gifted a total of 10 in the channel!
[2021-12-10 22:10:14] [Notification] 자드래곤 gifted a Tier 1 sub to 세젤예수련수련!
[2021-12-10 22:10:14] [Notification] 자드래곤 gifted a Tier 1 sub to 두솜이!
[2021-12-10 22:10:14] [Notification] 자드래곤 gifted a Tier 1 sub to 뚱뚜루루!
[2021-12-10 22:10:14] [Notification] 자드래곤 gifted a Tier 1 sub to yuiopwe1!
[2021-12-10 22:10:14] [Notification] 자드래곤 gifted a Tier 1 sub to 巴答! 巴答 has subscribed for 2 months!
[2021-12-10 22:10:14] [Notification] 자드래곤 gifted a Tier 1 sub to 행복이더해!
[2021-12-10 22:10:14] [Notification] 자드래곤 gifted a Tier 1 sub to 桐可可!
[2021-12-10 22:10:14] [Notification] 자드래곤 gifted a Tier 1 sub to why10065!
[2021-12-10 22:10:14] [Notification] 자드래곤 gifted a Tier 1 sub to SSS_on!
[2021-12-10 22:10:14] [Notification] 자드래곤 gifted a Tier 1 sub to 민태이!
[2021-12-10 22:10:17] <%대깨갓 (eororkt)> ㅘ
[2021-12-10 22:10:19] <%대깨갓 (eororkt)> 산타!
[2021-12-10 22:10:26] <마녀사냥쿤 (manyang2)> 아니 아직 크리스마스아닌ㄴ데
[2021-12-10 22:10:27] <%wzmind> 와~산타타님
[2021-12-10 22:10:34] <마녀사냥쿤 (manyang2)> 무빙 저렸구연
[2021-12-10 22:10:42] <%대깨갓 (eororkt)> god25lGhdpdpd god25lGhdpdpd god25lGhdpdpd
[2021-12-10 22:10:53] <%대깨갓 (eororkt)> 산타님이 크리스마스 선물을~
[2021-12-10 22:11:11] <%대깨갓 (eororkt)> ㅋㅋㅋㅋㅋ
[2021-12-10 22:11:17] <마녀사냥쿤 (manyang2)> GD가 올리없자나
[2021-12-10 22:11:18] <%巴答 (lemonade9536)> wow
[2021-12-10 22:11:25] <%+퍼일퍼일_ (firstelectro36)> 잘못 본 나
[2021-12-10 22:11:31] <자드래곤 (7627)> 형들 화이팅
[2021-12-10 22:11:31] <%巴答 (lemonade9536)> jd라고
[2021-12-10 22:11:40] <%대깨갓 (eororkt)> PrideLaugh PrideLaugh
[2021-12-10 22:11:43] <kamil78> try hear music lalisa money and dance
[2021-12-10 22:11:49] <%巴答 (lemonade9536)> jd형 고마워요
[2021-12-10 22:11:57] <마녀사냥쿤 (manyang2)> ㅗㅜㅑ
[2021-12-10 22:12:05] <%wzmind> ㅗㅜㅑ
[2021-12-10 22:12:08] <%대깨갓 (eororkt)> ㅋㅋㅋㅋㅋ
[2021-12-10 22:12:11] <%대깨갓 (eororkt)> 트월킹머야
[2021-12-10 22:12:28] <%대깨갓 (eororkt)> ㅋㅋㅋㅋㅋㅋ
[2021-12-10 22:12:31] <kamil78> sheke body
[2021-12-10 22:12:33] <%巴答 (lemonade9536)> 벌써 3시인가?
[2021-12-10 22:12:35] <%wzmind> ㄱㅋㄱㅋㄱㅋ
[2021-12-10 22:12:55] <%대깨갓 (eororkt)> 불금on ㄷㄷ
[2021-12-10 22:12:55] <%wzmind> 알콜과 산타의 조합이란~
[2021-12-10 22:13:05] <%대깨갓 (eororkt)> 발음이 이상해요
[2021-12-10 22:13:12] <자드래곤 (7627)> ㄴㄴ 없음 하고싶은거하셈
[2021-12-10 22:13:29] <%대깨갓 (eororkt)> ㅋㅋㅋㅋㅋ
[2021-12-10 22:13:39] <%대깨갓 (eororkt)> 많이추긴했어
[2021-12-10 22:13:57] <%대깨갓 (eororkt)> 앗
[2021-12-10 22:14:03] <%대깨갓 (eororkt)> god25lWnajr god25lWnajr
[2021-12-10 22:14:20] <%대깨갓 (eororkt)> 어허
[2021-12-10 22:14:41] <%대깨갓 (eororkt)> 새로운거 도전하죠
[2021-12-10 22:15:04] <%대깨갓 (eororkt)> 세비지?
[2021-12-10 22:15:27] <%대깨갓 (eororkt)> ㅋㅋㅋㅋㅋ
[2021-12-10 22:15:51] <%대깨갓 (eororkt)> 춤 스캔 ㄷㄷ
[2021-12-10 22:16:28] <%대깨갓 (eororkt)> god25lSnssk BibleThump god25lSnssk BibleThump god25lSnssk BibleThump
[2021-12-10 22:16:46] <iptime7676> ㅗㅜㅑ
[2021-12-10 22:16:48] <%대깨갓 (eororkt)> ㅋㅋㅋㅋㅋ
[2021-12-10 22:17:11] <%대깨갓 (eororkt)> 발전화기 1시간전
[2021-12-10 22:17:31] <%대깨갓 (eororkt)> god25lSnssk god25lSnssk god25lSnssk god25lSnssk
[2021-12-10 22:17:35] <%대깨갓 (eororkt)> ㅘ 섹시댄스 ㄷㄷ
[2021-12-10 22:17:48] <%대깨갓 (eororkt)> god25lGpddd god25lGpddd god25lGpddd god25lGpddd
[2021-12-10 22:18:00] <%대깨갓 (eororkt)> ptilda0o0 ptilda0o0
[2021-12-10 22:18:20] <%대깨갓 (eororkt)> 눈나 나주거
[2021-12-10 22:18:41] <%대깨갓 (eororkt)> ptildaOuya ptildaOuya
[2021-12-10 22:19:24] <%대깨갓 (eororkt)> ㅋㅋㅋㅋㅋ
[2021-12-10 22:19:47] <%대깨갓 (eororkt)> ㅔ
[2021-12-10 22:20:12] <%대깨갓 (eororkt)> ㅋㅋㅋㅋ
[2021-12-10 22:20:20] <%대깨갓 (eororkt)> 멀쩡해보이는데
[2021-12-10 22:20:26] <%+퍼일퍼일_ (firstelectro36)> 짠
[2021-12-10 22:20:26] <%대깨갓 (eororkt)> 어노잉오렌지
[2021-12-10 22:20:35] <%뚱뚜루루 (ggang211)> 와 잠시 딴거 하는 사이 구독권 받았네
[2021-12-10 22:20:48] <@^빵_떡 (bbangddeock)> 트윕주소https://twip.kr/god25lita
[2021-12-10 22:20:55] <%대깨갓 (eororkt)> 산타왔다가셨다에요
[2021-12-10 22:20:57] <%+퍼일퍼일_ (firstelectro36)> 저거 위스키로 칵테일 해먹으면 꿀맛일지도
[2021-12-10 22:21:07] <%뚱뚜루루 (ggang211)> 현생은 살아야죠 ㅠ
[2021-12-10 22:21:18] <%대깨갓 (eororkt)> PrideLaugh PrideLaugh
[2021-12-10 22:21:25] <%대깨갓 (eororkt)> ㅋㅋㅋㅋㅋ
[2021-12-10 22:21:33] <%뚱뚜루루 (ggang211)> 나도 트생만 살고 싶다 ㅠ
[2021-12-10 22:21:34] <%대깨갓 (eororkt)> 퇴사해?
[2021-12-10 22:21:52] <%대깨갓 (eororkt)> ㅋㅋㅋㅋㅋ
[2021-12-10 22:22:06] <%巴答 (lemonade9536)> 그러고 20시간 자느라 안오고
[2021-12-10 22:22:12] <%대깨갓 (eororkt)> 난가?
[2021-12-10 22:22:26] <%뚱뚜루루 (ggang211)> 그러니까 퇴근했는데 전화 하는 놈이 있어 ㅠ
[2021-12-10 22:22:31] <%대깨갓 (eororkt)> ㅋㅋㅋㅋㅋㅋ
[2021-12-10 22:22:57] Viewerstats (21:52-22:22): avg:208 min:192 max:230 [17/200+0-8+0+7+0+15+0+0-11+0+6+0+21+0-9+0]
[2021-12-10 22:23:13] <%대깨갓 (eororkt)> 마신거 잭다 반절뿐이없지않나
[2021-12-10 22:23:30] <%뚱뚜루루 (ggang211)> 밖에 나가서 창피한짓 하고 오면 됨
[2021-12-10 22:23:31] <%巴答 (lemonade9536)> 입에 염증나서 알콜 혈관에 때려박힌듯
[2021-12-10 22:23:31] <%대깨갓 (eororkt)> 짬뽕탕 시키죠
[2021-12-10 22:23:34] <%대깨갓 (eororkt)> ㅋㅋㅋㅋㅋ
[2021-12-10 22:23:40] <%대깨갓 (eororkt)> ㅂ줃안 ㅋㅋㅋ
[2021-12-10 22:24:15] <%뚱뚜루루 (ggang211)> 술로 마취된건가?
[2021-12-10 22:24:17] <%巴答 (lemonade9536)> ㅋㅋㅋ
[2021-12-10 22:24:25] <%대깨갓 (eororkt)> 다음날 다 터져있을수도
[2021-12-10 22:24:29] <%대깨갓 (eororkt)> ㅋㅋㅋㅋ
[2021-12-10 22:24:41] <%대깨갓 (eororkt)> ?
[2021-12-10 22:24:41] <@^빵_떡 (bbangddeock)> bbangd1Un
[2021-12-10 22:24:43] <%+퍼일퍼일_ (firstelectro36)> ?
[2021-12-10 22:24:57] ~[2021.12.10] ㅂ줃안 취합니다 사ㅣㄹ랴주세요 (Just Chatting)~
[2021-12-10 22:24:57] <%대깨갓 (eororkt)> 맥락을 모르네
[2021-12-10 22:25:06] <뭔가좀그래 (oyc9991)> 많이 취하셨는갑다 딴말한다
[2021-12-10 22:25:14] <%대깨갓 (eororkt)> ㅋㅋㅋㅋㅋㅋ
[2021-12-10 22:25:27] <%뚱뚜루루 (ggang211)> 알보칠 발라
[2021-12-10 22:25:34] <%巴答 (lemonade9536)> ㅇㅉㄹㄱ
[2021-12-10 22:25:56] <%뚱뚜루루 (ggang211)> 어멋!
[2021-12-10 22:25:59] <%대깨갓 (eororkt)> god25lGpddd god25lGpddd
[2021-12-10 22:26:00] <%+퍼일퍼일_ (firstelectro36)> ㅋㅋㅋㅋㅋㅋㅋㅋㅋㅋㅋㅋㅋㅋㅋㅋㅋ
[2021-12-10 22:26:11] <%대깨갓 (eororkt)> ㅋㅋㅋㅋㅋㅋㅋㅋ
[2021-12-10 22:26:13] <%巴答 (lemonade9536)> 녀자력 -10점 드리겠습니다
[2021-12-10 22:26:18] <%뚱뚜루루 (ggang211)> ㅋㅋㅋㅋㅋㅋㅋㅋㅋㅋ
[2021-12-10 22:26:36] <%뚱뚜루루 (ggang211)> 내 신부감 탈락
[2021-12-10 22:26:55] <%巴答 (lemonade9536)> 나도 이쁘다고 해줘
[2021-12-10 22:26:59] <%대깨갓 (eororkt)> ㅋㅋㅋㅋㅋ
[2021-12-10 22:27:08] <%대깨갓 (eororkt)> 찌찌게이지는 다 참?
[2021-12-10 22:27:16] <%巴答 (lemonade9536)> ㅋㅋㅋ
[2021-12-10 22:27:17] <%대깨갓 (eororkt)> 앗
[2021-12-10 22:27:18] <%巴答 (lemonade9536)> 우냐?
[2021-12-10 22:27:22] <%대깨갓 (eororkt)> god25lWnajr god25lWnajr
[2021-12-10 22:27:22] <%뚱뚜루루 (ggang211)> 앗
[2021-12-10 22:27:31] <%대깨갓 (eororkt)> 그게 무슨 말이야
[2021-12-10 22:27:53] <%대깨갓 (eororkt)> 살 찌운다매
[2021-12-10 22:27:58] <%대깨갓 (eororkt)> 비듬아님?
[2021-12-10 22:28:06] <뭔가좀그래 (oyc9991)> 비듬
[2021-12-10 22:28:14] <%대깨갓 (eororkt)> ㅋㅋㅋㅋㅋㅋ
[2021-12-10 22:28:21] <%巴答 (lemonade9536)> 코딱지 묻었네
[2021-12-10 22:28:27] <%대깨갓 (eororkt)> 눈나가 많이 안먹잖아
[2021-12-10 22:28:28] <%뚱뚜루루 (ggang211)> 먹어야 찌죠
[2021-12-10 22:28:30] <%+퍼일퍼일_ (firstelectro36)> 비듬이슈
[2021-12-10 22:28:37] <%뚱뚜루루 (ggang211)> 맨날 한끼도 간단한걸로 때우고
[2021-12-10 22:28:42] <%巴答 (lemonade9536)> 최대가 B입니다 선생님 ㅠㅠ
[2021-12-10 22:28:44] <오늘도수고했어 (sprite1004)> 살이 없는데 슴가만 크면 이상한데
[2021-12-10 22:28:45] <ssanati> 가슴 만지는거 왜케 웃기냐 ㅋㅋ
[2021-12-10 22:28:54] <%뚱뚜루루 (ggang211)> ㄹㅇㅋㅋ
[2021-12-10 22:28:59] <%대깨갓 (eororkt)> 우붑..
[2021-12-10 22:29:01] <%뚱뚜루루 (ggang211)> 안좋아해도 먹어야지
[2021-12-10 22:29:10] <%대깨갓 (eororkt)> 존맛인데
[2021-12-10 22:29:13] <%뚱뚜루루 (ggang211)> 살찌기가 쉬운줄 알아?
[2021-12-10 22:29:16] <%대깨갓 (eororkt)> 피자치킨먹고 자야됌
[2021-12-10 22:29:36] <%대깨갓 (eororkt)> ㅋㅋㅋㅋ
[2021-12-10 22:29:41] <%뚱뚜루루 (ggang211)> 한판 다먹고 치킨에 콜라 먹어야 살이 찌지
[2021-12-10 22:29:41] BAN: ggang211 (600s)
[2021-12-10 22:29:41] <@^빵_떡 (bbangddeock)> 뚱뚜루루 --> 선넘네?
[2021-12-10 22:29:43] <%대깨갓 (eororkt)> 앗
[2021-12-10 22:29:44] <ssanati> 치킨 한마리보다 치파 한판이 더 쉬운데 ㅎ
[2021-12-10 22:29:50] <%대깨갓 (eororkt)> 목짤렸다에요
[2021-12-10 22:30:25] <%대깨갓 (eororkt)> ㅋㅋㅋㅋㅋ
[2021-12-10 22:30:26] <%뚱뚜루루 (ggang211)> 숨셔야겠다
[2021-12-10 22:30:27] <%뚱뚜루루 (ggang211)> 후욱후욱
[2021-12-10 22:30:31] <%대깨갓 (eororkt)> 김치만두개주세요
[2021-12-10 22:30:35] <ssanati> 보형물 다 겨드랑이로 넣어요?
[2021-12-10 22:30:42] <%뚱뚜루루 (ggang211)> ㅠㅠ
[2021-12-10 22:30:54] <%巴答 (lemonade9536)> 우냐?
[2021-12-10 22:31:02] <%巴答 (lemonade9536)> 꼽으면 먹던가
[2021-12-10 22:31:07] <%대깨갓 (eororkt)> 근데 머라안해도 눈나가 없다하잖음
[2021-12-10 22:31:20] <%대깨갓 (eororkt)> 앗
[2021-12-10 22:31:29] <%뚱뚜루루 (ggang211)> 평소에 트수가 놀린적도 없잖아
[2021-12-10 22:31:29] <%+퍼일퍼일_ (firstelectro36)> 아앗
[2021-12-10 22:31:35] <%대깨갓 (eororkt)> ㅋㅋㅋㅋㅋㅋㅋㅋㅋ
[2021-12-10 22:31:51] <%巴答 (lemonade9536)> 안되는건 포기하고 골반을 키우자 누나
[2021-12-10 22:32:00] <오늘도수고했어 (sprite1004)> 운동으로 키우자
[2021-12-10 22:32:03] <lcis> 옷이뻐요
[2021-12-10 22:32:04] <%뚱뚜루루 (ggang211)> 뽕넣어
[2021-12-10 22:32:06] <%대깨갓 (eororkt)> BibleThump BibleThump BibleThump
[2021-12-10 22:32:10] <%뚱뚜루루 (ggang211)> ㄷㄷㄷㄷㄷ
[2021-12-10 22:32:13] <%巴答 (lemonade9536)> 응 모니터 가드
[2021-12-10 22:32:22] <ssanati> 일단 상담 받아봐요 ㅠ
[2021-12-10 22:32:25] <%대깨갓 (eororkt)> ptildaWhatTV ptildaWhatTV ptildaWhatTV
[2021-12-10 22:32:48] <%대깨갓 (eororkt)> 눈나가 자느라 찌찌상담 안받은거잖아
[2021-12-10 22:32:50] <%巴答 (lemonade9536)> 누나를 위해 미국 의료용 3d 프린터에 투자하고 있어 누나 ㅠㅠ
[2021-12-10 22:32:55] <abcmart1111> 비싸다던데
[2021-12-10 22:32:56] <%巴答 (lemonade9536)> 10년만 기다려봐
[2021-12-10 22:33:01] <abcmart1111> 찌찌수술한 사람한테 들어보니
[2021-12-10 22:33:12] <오늘도수고했어 (sprite1004)> 그럼 한쪽먼저 하고 나머지는 나중에 하자!
[2021-12-10 22:33:14] <고양이맛다시다 (lim4002)> 살을 찌우자!
[2021-12-10 22:33:16] <abcmart1111> 아니면 협찬 받아서 합시다
[2021-12-10 22:33:17] <%뚱뚜루루 (ggang211)> ㅋㅋㅋㅋㅋㅋㅋㅋㅋㅋㅋ
[2021-12-10 22:33:30] <%뚱뚜루루 (ggang211)> 그건 좀./...
[2021-12-10 22:33:31] <%대깨갓 (eororkt)> 실리콘찌찌차면 옷입으면 티안남
[2021-12-10 22:33:32] <뭔가좀그래 (oyc9991)> 그럼 갑바를 키워보자
[2021-12-10 22:33:40] <%뚱뚜루루 (ggang211)> 푸쉬업해
[2021-12-10 22:33:53] <%巴答 (lemonade9536)> 화장으로 가리면 되지
[2021-12-10 22:33:55] <%대깨갓 (eororkt)> 피부색 비슷한거하면 차이안나던데
[2021-12-10 22:33:55] <%뚱뚜루루 (ggang211)> 벤치 좀 들고 ㅍ쉬업 좀 해
[2021-12-10 22:34:15] <abcmart1111> 찾아보긴 했네..?
[2021-12-10 22:34:15] <ssanati> 살 찌우려면 운동도 해야지
[2021-12-10 22:34:15] <%대깨갓 (eororkt)> ㅋㅋㅋㅋㅋ
[2021-12-10 22:34:21] <%巴答 (lemonade9536)> 수술은 힘들꺼 같으니까 헐리우드 특수분장 학원 다니자
[2021-12-10 22:34:37] <%대깨갓 (eororkt)> 근데 살찌면 찌찌커지지않음?
[2021-12-10 22:34:39] <%뚱뚜루루 (ggang211)> 나 c컵임
[2021-12-10 22:34:39] <abcmart1111> 운동하기 싫어하는 사람들이겠지
[2021-12-10 22:34:52] <%대깨갓 (eororkt)> 짠
[2021-12-10 22:34:53] <ssanati> 아니 건강해야 수술도 하지 ㅋㅋㅋ
[2021-12-10 22:34:54] <마초겨털힑쨕 (tapioka__1)> c컵 좋겠다
[2021-12-10 22:35:00] <버즘 (needle892)> 찌찌야 미아내
[2021-12-10 22:35:00] <%+퍼일퍼일_ (firstelectro36)> 짠
[2021-12-10 22:35:04] <마초겨털힑쨕 (tapioka__1)> 그거 남자들은 ㅈㄴ 뚱뚱해져야지 가능한거 아녀
[2021-12-10 22:35:07] <%뚱뚜루루 (ggang211)> 근데 c컵이 어느정도임?
[2021-12-10 22:35:12] <마초겨털힑쨕 (tapioka__1)> ㅈㄴ 좋겠다야
[2021-12-10 22:35:12] <%대깨갓 (eororkt)> ?
[2021-12-10 22:35:13] <@^빵_떡 (bbangddeock)> bbangd1Un
[2021-12-10 22:35:13] <abcmart1111> 나도 요즘 살찌면서 계속 가슴이 커 지는거 같아
[2021-12-10 22:35:21] <%대깨갓 (eororkt)> ㅋㅋㅋㅋㅋ
[2021-12-10 22:35:24] <abcmart1111> ㅋㅋㅋㅋㅋㅋㅋㅋㅋㅋ
[2021-12-10 22:35:32] <ssanati> 여유증인 분들 가슴 좀 나눔해주세요
[2021-12-10 22:35:33] <%巴答 (lemonade9536)> 콜라 왜 안섞음?
[2021-12-10 22:35:34] <%대깨갓 (eororkt)> 소주먹긴 힘드네
[2021-12-10 22:35:35] <몰라버린 (marinezle123)> 이분 왜케 이쁘심
[2021-12-10 22:35:39] <마초겨털힑쨕 (tapioka__1)> 식도가 어떻게 생겼는지 알수있는 술
[2021-12-10 22:35:47] <abcmart1111> 쌩양주 ㄷㄷ
[2021-12-10 22:35:48] <@^빵_떡 (bbangddeock)> 팔로우 부탁해요 °˖✧◝(⁰▿⁰)◜✧˖°
[2021-12-10 22:35:59] <%대깨갓 (eororkt)> ㅋㅋㅋㅋㅋ
[2021-12-10 22:36:04] <%巴答 (lemonade9536)> 생긴건 찐따인데 술은 완전 수컷냄새나게 마시네
[2021-12-10 22:36:07] <우현짱777 (0attackx)> 담배랑 과일 그거랑 같이하면 뭔맛인가요  ? ㄷㄷ
[2021-12-10 22:36:12] <%뚱뚜루루 (ggang211)> ㅋㅋㅋㅋㅋㅋㅋ 일주일에 한번 네일 교육도 함니다
[2021-12-10 22:36:21] <%대깨갓 (eororkt)> 네일아트 공부하시는분들도 와주세요~
[2021-12-10 22:36:27] <abcmart1111> 톰하디여
[2021-12-10 22:36:30] <abcmart1111> 양주마시는 폼이
[2021-12-10 22:36:35] <%대깨갓 (eororkt)> ㅋㅋㅋㅋㅋ
[2021-12-10 22:36:43] <%巴答 (lemonade9536)> 옆에가면 오크통 냄새 오지게 날듯
[2021-12-10 22:36:47] <%대깨갓 (eororkt)> ??
[2021-12-10 22:36:48] <@^빵_떡 (bbangddeock)> 투네주소 https://toon.at/donate/6374235100039137
[2021-12-10 22:36:49] <%대깨갓 (eororkt)> 2주간다매 눈나
[2021-12-10 22:36:58] <ssanati> 발가락도하세요?
[2021-12-10 22:37:05] <%뚱뚜루루 (ggang211)> ??
[2021-12-10 22:37:12] <%뚱뚜루루 (ggang211)> 얼마전에 알리에서 택배 잔뜩 오지 않음?
[2021-12-10 22:37:17] <%대깨갓 (eororkt)> 눈나 쇼핑하면 씹덕물건만 잔뜩사오잖아
[2021-12-10 22:37:32] <%뚱뚜루루 (ggang211)> 또 네일해?
[2021-12-10 22:37:39] <abcmart1111> 오 뭔가 간지나보이는데 통이
[2021-12-10 22:37:43] <%대깨갓 (eororkt)> 이번에 온게 네일용품이 10개임?
[2021-12-10 22:37:46] <%대깨갓 (eororkt)> 핑크
[2021-12-10 22:37:52] <%뚱뚜루루 (ggang211)> 1주일에 한번씩 네일하면 손톱 멀쩡하기는 한가??
[2021-12-10 22:38:03] <뭔가좀그래 (oyc9991)> 시멘트색
[2021-12-10 22:38:19] <%대깨갓 (eororkt)> 약간 잼민이 매니큐어 갬성이네
[2021-12-10 22:38:34] <새벽7시 (dawntown7)> 콩순이 네일
[2021-12-10 22:38:36] <%뚱뚜루루 (ggang211)> 우리동네 초딩이 저런색 하고 있던데
[2021-12-10 22:38:47] <%대깨갓 (eororkt)> ㅋㅋㅋㅋ
[2021-12-10 22:39:02] <%대깨갓 (eororkt)> 빨간약임?
[2021-12-10 22:39:08] <ssanati> 나때는 붕숭아로 했는데
[2021-12-10 22:39:15] <뭔가좀그래 (oyc9991)> 자꾸 엎을꺼같어
[2021-12-10 22:39:33] <%대깨갓 (eororkt)> 빨간색이 왜 2개야 누나
[2021-12-10 22:39:49] <%대깨갓 (eororkt)> 은색
[2021-12-10 22:39:54] <abcmart1111> 초점 잘잡노
[2021-12-10 22:40:07] <unknown_nine> 펄?
[2021-12-10 22:40:09] <unknown_nine> 퍼어헐~?
[2021-12-10 22:40:24] <unknown_nine> 밤하늘의 퍼어헐~
[2021-12-10 22:40:37] <%대깨갓 (eororkt)> ??
[2021-12-10 22:40:40] <ssanati> 돈없으면 찌찌수술 어떻게해요
[2021-12-10 22:40:57] <%대깨갓 (eororkt)> 못해서까지는거쥬?
[2021-12-10 22:41:22] <%대깨갓 (eororkt)> ㅋㅋㅋㅋㅋ
[2021-12-10 22:41:29] <%대깨갓 (eororkt)> ㅔ
[2021-12-10 22:41:45] <abcmart1111> 찌술 하면 여기서 얼마나 더 개쩔어지는거야 ㄷㄷ
[2021-12-10 22:42:14] <금빛참수도룡뇽 (califfaa)> 방장님 어디가셨나여
[2021-12-10 22:42:24] <hjk1118> 난 작은 찌찌가 더 좋은뎅 ㅜ
[2021-12-10 22:42:53] <abcmart1111> 전 찌찌 안보고 골반봄
[2021-12-10 22:43:01] <%대깨갓 (eororkt)> BibleThump BibleThump
[2021-12-10 22:43:04] <금빛참수도룡뇽 (califfaa)> !업타임
[2021-12-10 22:43:04] <@^Nightbot> 방송시간: 4 hours 8 minutes 37 seconds
[2021-12-10 22:43:04] <@^빵_떡 (bbangddeock)> 방송 시간 : 4시간 8분 37초
[2021-12-10 22:43:21] <%대깨갓 (eororkt)> 장실갔어요
[2021-12-10 22:43:32] <abcmart1111> ㅋㅋㅋㅋㅋㅋㅋㅋ
[2021-12-10 22:43:41] <금빛참수도룡뇽 (califfaa)> 아하
[2021-12-10 22:43:43] <%wzmind> ㅎㅎ
[2021-12-10 22:43:45] <새벽7시 (dawntown7)> 술됐네
[2021-12-10 22:43:46] <금빛참수도룡뇽 (califfaa)> 안녕하세요 갓리타님
[2021-12-10 22:43:49] <%대깨갓 (eororkt)> ㅋㅋㅋㅋㅋ
[2021-12-10 22:43:56] <%wzmind> 눈나..율동하고 물대신 술 마시니깐 훅 취하징..
[2021-12-10 22:44:07] <%+퍼일퍼일_ (firstelectro36)> 술에 많이 취한 나
[2021-12-10 22:44:14] <%대깨갓 (eororkt)> 이게 정녕 와인 반절먹은 사람인가?
[2021-12-10 22:44:17] <%대깨갓 (eororkt)> 2개
[2021-12-10 22:44:27] <금빛참수도룡뇽 (califfaa)> 키위 맛있겠다
[2021-12-10 22:44:34] <%wzmind> ㅎㅎ
[2021-12-10 22:44:46] <%대깨갓 (eororkt)> ㅋㅋㅋㅋㅋ
[2021-12-10 22:44:47] <%wzmind> 넘어지지만 말자에오~
[2021-12-10 22:44:52] <%대깨갓 (eororkt)> 2개 다 디져다
[2021-12-10 22:45:01] <%대깨갓 (eororkt)> god25lSnssk god25lSnssk god25lSnssk
[2021-12-10 22:45:02] <unknown_nine> 이건 아까 말한 더 취한척일까.... 찐취해가는 과정일까...
[2021-12-10 22:45:04] <%wzmind> god25lSnssk <3 god25lGpddd
[2021-12-10 22:45:05] <abcmart1111> ㅗㅜㅑ
[2021-12-10 22:45:09] <%대깨갓 (eororkt)> 와 이건 처음이네
[2021-12-10 22:45:11] <abcmart1111> yu2beeMe yu2beeJu yu2beeGugu
[2021-12-10 22:45:16] <%대깨갓 (eororkt)> god25lSnssk god25lSnssk god25lSnssk god25lSnssk god25lSnssk
[2021-12-10 22:45:18] <abcmart1111> juzzinCheerR yu2beeMe juzzinCheerL yu2beeJu juzzinCheerR yu2beeGugu juzzinCheerL
[2021-12-10 22:45:21] <%wzmind> god25lSnssk god25lGpddd god25lSnssk god25lGpddd
[2021-12-10 22:45:26] <%뚱뚜루루 (ggang211)> 오 리액션 추가 했네
[2021-12-10 22:45:29] <abcmart1111> juzzinCheerR juzzinCheerL juzzinCheerR juzzinCheerL juzzinCheerR juzzinCheerL
[2021-12-10 22:45:35] <%뚱뚜루루 (ggang211)> god25lSnssk
[2021-12-10 22:45:37] <abcmart1111> juzzinCheerL juzzinCheerL juzzinCheerL juzzinCheerL juzzinCheerL
[2021-12-10 22:45:43] <%뚱뚜루루 (ggang211)> god25lSnssk god25lSnssk god25lSnssk god25lSnssk god25lSnssk
[2021-12-10 22:45:45] <abcmart1111> juzzinCheerR juzzinCheerR juzzinCheerR juzzinCheerR juzzinCheerR
[2021-12-10 22:45:50] <abcmart1111> juzzinCheerL juzzinCheerL juzzinCheerL juzzinCheerL juzzinCheerL
[2021-12-10 22:45:54] <abcmart1111> juzzinCheerR juzzinCheerR juzzinCheerR juzzinCheerR juzzinCheerR
[2021-12-10 22:46:06] <%대깨갓 (eororkt)> hamzzi1Sing hamzzi1Sing hamzzi1Sing hamzzi1Sing hamzzi1Sing
[2021-12-10 22:46:21] <%대깨갓 (eororkt)> god25lSnssk god25lGpddd god25lSnssk god25lGpddd god25lSnssk god25lGpddd god25lSnssk god25lGpddd
[2021-12-10 22:46:28] <abcmart1111> yu2beeMe yu2beeJu yu2beeGugu
[2021-12-10 22:46:31] <%대깨갓 (eororkt)> 눈나!!
[2021-12-10 22:46:49] <%대깨갓 (eororkt)> ptilda0o0 ptilda0o0 ptilda0o0 ptilda0o0
[2021-12-10 22:46:50] <%wzmind> god25lSnssk 나죽어 god25lDpdy
[2021-12-10 22:47:10] <%대깨갓 (eororkt)> god25lGpddd god25lGpddd god25lGpddd god25lGpddd
[2021-12-10 22:47:32] <%뚱뚜루루 (ggang211)> god25lGpddd god25lGpddd god25lGpddd
[2021-12-10 22:47:35] <%대깨갓 (eororkt)> ㅋㅋㅋㅋㅋ
[2021-12-10 22:47:55] <%대깨갓 (eororkt)> 알콜 가성비 ㅆㅅㅌㅊ
[2021-12-10 22:47:57] <%wzmind> ㄱㅋㄱㅋㅋㄱ
[2021-12-10 22:48:34] <%대깨갓 (eororkt)> 반병으로 이렇게 취하는사람이있다?
[2021-12-10 22:48:47] <%wzmind> ㅗㅜㅑ
[2021-12-10 22:48:59] <%wzmind> 눈나 무기 들었다 돔황챠
[2021-12-10 22:49:00] <%대깨갓 (eororkt)> god25lSnssk ptilda0o0 god25lSnssk ptilda0o0 god25lSnssk ptilda0o0
[2021-12-10 22:49:06] <%대깨갓 (eororkt)> 채찍녀 ㅗㅜㅑ
[2021-12-10 22:49:29] <%대깨갓 (eororkt)> god25lGpddd god25lGpddd god25lGpddd god25lGpddd
[2021-12-10 22:49:39] <%wzmind> 타격무기 1타 강사급
[2021-12-10 22:50:03] <%대깨갓 (eororkt)> ptildaOuya ptildaOuya ptildaOuya
[2021-12-10 22:50:06] <%wzmind> god25lSnssk <3 god25lGpddd god25lSnssk <3 god25lGpddd
[2021-12-10 22:50:28] <%대깨갓 (eororkt)> ptildaPopcorn ptildaPopcorn ptildaPopcorn ptildaPopcorn ptildaPopcorn
[2021-12-10 22:50:47] <%wzmind> god25lSnssk god25lGpddd god25lSnssk god25lGpddd god25lSnssk
[2021-12-10 22:51:03] <%대깨갓 (eororkt)> ㅗㅜㅑㅗㅜㅑ
[2021-12-10 22:51:21] <%wzmind> ㅋㄱㅋㄱ
[2021-12-10 22:51:27] <새벽7시 (dawntown7)> 혀꼬인거봐
[2021-12-10 22:51:37] <%wzmind> 나중엔 쌍절곤 돌릴거 같앙~무투가눈나
[2021-12-10 22:51:44] <%대깨갓 (eororkt)> ㅋㅋㅋㅋㅋ
[2021-12-10 22:51:54] <unknown_nine> 이미 집인데...
[2021-12-10 22:52:02] <%대깨갓 (eororkt)> PrideLaugh PrideLaugh
[2021-12-10 22:52:03] <새벽7시 (dawntown7)> 진한 헛개수가 17개 ㄷㄷ
[2021-12-10 22:52:03] <%巴答 (lemonade9536)> ㅋㅋㅋ
[2021-12-10 22:52:16] <%대깨갓 (eororkt)> ㅇㅇ
[2021-12-10 22:52:25] <%대깨갓 (eororkt)> ㅋㅋㅋㅋㅋㅋ
[2021-12-10 22:52:29] <%대깨갓 (eororkt)> 4시간만에 댄스청산!!
[2021-12-10 22:52:34] <%wzmind> ㅋㄱㄱㅋㅋㄱ
[2021-12-10 22:52:39] <%wzmind> 짝짝짝~대단해
[2021-12-10 22:53:00] <%巴答 (lemonade9536)> 이게 되네
[2021-12-10 22:53:02] <%대깨갓 (eororkt)> 4시간지났는데 샤인머스켓 5알 키위 반쪽남은거 실화냐
[2021-12-10 22:53:03] Viewerstats (22:24-22:53): avg:203 min:194 max:220 [15/195+0+6+0+0+4+0-11+0+4+0+22+0-8+0]
[2021-12-10 22:53:10] <%wzmind> ㅋㄱㄱㅋㄱㅋ
[2021-12-10 22:53:28] <%wzmind> 억
[2021-12-10 22:53:33] <%대깨갓 (eororkt)> 안찔수밖에없는 구도임
[2021-12-10 22:53:43] <unknown_nine> 근데 방송타이틀 뭐라쓴거임?
[2021-12-10 22:53:44] <나는곽두팔 (hwan0884)> 찌는게 더 힘듦
[2021-12-10 22:54:00] <%대깨갓 (eororkt)> 준나 취합니다 살려주세요
[2021-12-10 22:54:05] <unknown_nine> ㅋㅋㅋㅋㅋㅋㅋㅋㅋㅋㅋㅋㅋㅋㅋㅋ
[2021-12-10 22:54:16] <%wzmind> 술 안 취합니다. 살려주세요?
[2021-12-10 22:54:19] <%巴答 (lemonade9536)> 자기전에 물 1L씩 먹고 자면 위 늘어나서 잘먹을 수 있음
[2021-12-10 22:54:24] <%대깨갓 (eororkt)> ㅋㅋㅋㅋㅋㅋ
[2021-12-10 22:54:26] <%대깨갓 (eororkt)> 또 오타 ㅋㅋㅋㅋ
[2021-12-10 22:54:59] <%wzmind> 부럽다에오
[2021-12-10 22:55:02] <Caron59> 누나 술냄새나요
[2021-12-10 22:55:05] ~[2021.12.10] 술 추ㅣ 합니더ㅏ 사ㅣㄹ렺두새ㅔ여 (Just Chatting)~
[2021-12-10 22:55:26] <%대깨갓 (eororkt)> ㅋㅋㅋㅋ
[2021-12-10 22:55:27] <%wzmind> ㄱㅋㅋㄱㄱㅋ
[2021-12-10 22:55:37] <%wzmind> 건식 사우나
[2021-12-10 22:55:39] <%대깨갓 (eororkt)> 요즘날씨에 보일러 풀로틀면 ㄹㅇ땀남
[2021-12-10 22:56:07] <%대깨갓 (eororkt)> ㅋㅋㅋㅋㅋ
[2021-12-10 22:56:22] <%wzmind> 근육 벌크업뿐..
[2021-12-10 22:56:28] <%대깨갓 (eororkt)> 간식으로 햄버거 한개씩먹고 자면 살찜
[2021-12-10 22:57:33] <%대깨갓 (eororkt)> 많이먹지는않아도 꾸준히먹으면 님 점점 위양 느는데 잔다고 10몇시간 사이로 쥐똥만큼 먹어서그럼
[2021-12-10 22:58:15] <%대깨갓 (eororkt)> BibleThump BibleThump
[2021-12-10 22:58:16] <%wzmind> ㅎㅎ
[2021-12-10 22:58:23] <뭔가좀그래 (oyc9991)> 그대와 먹는 양이 다르다오
[2021-12-10 22:58:28] <unknown_nine> 이러다 울겠다
[2021-12-10 22:58:33] <abcmart1111> 진짜 안쪄서 답답한가보다
[2021-12-10 22:58:38] <%wzmind> 눈나 살크업하면 마음은 안커지고 배만 뽈록 나온다에오
[2021-12-10 22:58:57] <새벽7시 (dawntown7)> ㄹㅇ 취기에 울기 직전 ㅋㅋ
[2021-12-10 22:59:00] <%巴答 (lemonade9536)> 아 다른거 하다 못봤네
[2021-12-10 22:59:07] <abcmart1111> 근데 체질상 안찌는 사람은 진짜 때려죽어도 안찌더라
[2021-12-10 22:59:15] <%wzmind> ㄱㅋㄱㅋ
[2021-12-10 22:59:20] <뭔가좀그래 (oyc9991)> 탄산음료같은거라도 많이 드셔보면?
[2021-12-10 22:59:26] <%대깨갓 (eororkt)> ㅋㅋㅋㅋㅋㅋ
[2021-12-10 22:59:37] <%대깨갓 (eororkt)> 탄산음료 많이먹어서 밥을 안먹음
[2021-12-10 22:59:42] <마녀사냥쿤 (manyang2)> 담배끊으면 살찐다며 담배피는만큼 뭘자꾸 군것질해봐요
[2021-12-10 22:59:44] <%wzmind> 대신 밥을 안먹음
[2021-12-10 22:59:47] <abcmart1111> ㅋㅋㅋㅋㅋㅋㅋㅋㅋㅋ
[2021-12-10 22:59:48] <뭔가좀그래 (oyc9991)> 10캔 도전
[2021-12-10 22:59:51] <abcmart1111> 꾸준한 군것질
[2021-12-10 23:00:03] <%wzmind> ㅔ
[2021-12-10 23:00:11] <%wzmind> 담배 대신 단걸 먹거든요
[2021-12-10 23:00:14] <마녀사냥쿤 (manyang2)> 그래 끊을수없으면 담배필떄마다 뭘 먹어보라고
[2021-12-10 23:00:16] <%대깨갓 (eororkt)> 3끼 챙겨먹으면됨
[2021-12-10 23:00:18] <마녀사냥쿤 (manyang2)> 군것질해
[2021-12-10 23:00:19] <abcmart1111> 일단 자기전에 먹고 자면
[2021-12-10 23:00:24] <abcmart1111> 살 잘찝니다 경험담임
[2021-12-10 23:00:27] <unknown_nine> 우선 댄스 리액션 없애면 더더욱 가능성 오를듯
[2021-12-10 23:00:27] <%대깨갓 (eororkt)> ㅋㅋㅋㅋㅋ
[2021-12-10 23:00:32] <rakim720> 구충제 드셔보세요 기생충들이 밥 대신먹구 있을수도
[2021-12-10 23:00:40] <마녀사냥쿤 (manyang2)> 먹고 바로눕는거안좋아 식도염걸려
[2021-12-10 23:00:41] <%wzmind> 와 부러웡
[2021-12-10 23:01:00] <마녀사냥쿤 (manyang2)> 먹고 바로 디비눕는다고 찌는게 아니지 ㅋㅋㅋ
[2021-12-10 23:01:03] <%대깨갓 (eororkt)> ㅋㅋㅋㅋㅋㅋ
[2021-12-10 23:01:03] <unknown_nine> 기생충 무게가 빠져나갔다
[2021-12-10 23:01:21] <%대깨갓 (eororkt)> 기생충 죽어서 1키로 빠졌네
[2021-12-10 23:01:24] <rakim720> 아니 연비 겁나 떨어지네
[2021-12-10 23:01:33] <abcmart1111> ㅋㅋㅋㅋㅋㅋㅋㅋㅋㅋㅋㅋㅋㅋㅋ
[2021-12-10 23:01:36] <%대깨갓 (eororkt)> ㅋㅋㅋㅋㅋㅋ
[2021-12-10 23:01:37] <%대깨갓 (eororkt)> 개웃기네
[2021-12-10 23:01:40] <마녀사냥쿤 (manyang2)> ㅋㅋㅋㅋㅋㅋㅋㅋㅋㅋㅋ아니 뭐하냐곸ㅋㅋㅋㅋㅋ
[2021-12-10 23:01:41] <abcmart1111> 아니 돌아서 보던가 ㅋㅋㅋ
[2021-12-10 23:01:41] <몰라버린 (marinezle123)> ㄷㄷㄷ;;;;
[2021-12-10 23:01:42] <%wzmind> (많이) 먹고 바로 자면 살찜..
[2021-12-10 23:01:45] <dodoseda> ㅋㅋㅋㅋ
[2021-12-10 23:01:49] <%wzmind> ㅎㅎ
[2021-12-10 23:01:50] <abcmart1111> 뒤돌아서 보던가 ㅋㅋㅋㅋ
[2021-12-10 23:01:53] <%대깨갓 (eororkt)> ㅋㅋㅋㅋㅋㅋ
[2021-12-10 23:01:59] <마녀사냥쿤 (manyang2)> 술들어가니까 ㅈㄴ 골떄리넼ㅋㅋㅋㅋㅋㅋㅋㅋ
[2021-12-10 23:02:02] <%wzmind> ㅋㄱㅋㄱㅋㄱ
[2021-12-10 23:02:16] <%wzmind> 없다 있으니깐~응?
[2021-12-10 23:02:17] <abcmart1111> 계속 팔짱을 끼고있자
[2021-12-10 23:02:21] <%wzmind> ㄱㅋㄱㅋㄱㅋ
[2021-12-10 23:02:21] <뭔가좀그래 (oyc9991)> 인터넷에 인간사료 검색해서 그거라도 먹어보자
[2021-12-10 23:02:36] <ssanati> 엄청 커보이네 ㅋㅋㅋㅋ
[2021-12-10 23:02:38] <%wzmind> 섬넬 사기~ㅋ
[2021-12-10 23:02:39] <마녀사냥쿤 (manyang2)> ㅋㅋㅋㅋㅋㅋㅋㅋㅋㅋㅋㅋㅋㅋㅋㅋㅋㅋㅋㅋㅋㅋㅋㅋㅋㅋㅋㅋ
[2021-12-10 23:02:41] <abcmart1111> 거의 구속된거 아니냐고
[2021-12-10 23:02:42] <unknown_nine> ㅋㅋㅋㅋㅋㅋㅋㅋㅋㅋㅋㅋㅋ
[2021-12-10 23:02:47] <%wzmind> 이게 그 표지사기..ㅋㄱㄱㄱ
[2021-12-10 23:02:48] <%巴答 (lemonade9536)> 추하다 술끊자
[2021-12-10 23:02:55] <%대깨갓 (eororkt)> ㅋㅋㅋㅋㅋㅋ
[2021-12-10 23:02:57] <rakim720> X
[2021-12-10 23:02:58] <abcmart1111> 지금 연행당하는중 아니냐고 ㅋㅋㅋ
[2021-12-10 23:02:59] <unknown_nine> 저거 팔 저상태로 뒤로해서 묶으면 흉악범인데?
[2021-12-10 23:03:10] <%wzmind> ㅎㅎ
[2021-12-10 23:03:15] <마녀사냥쿤 (manyang2)> 저 자의 두팔을 한데 모아 묶어라!! ㅋㅋㅋㅋ
[2021-12-10 23:03:20] <unknown_nine> 브라 안에 뽕 3개 넣자
[2021-12-10 23:03:25] <너는나의짝궁너는짝궁뎅이 (rnehrrhkwhgdkdy)> 좋은데
[2021-12-10 23:03:25] <몰라버린 (marinezle123)> 굳이왜 모아영..ㄷㄷ
[2021-12-10 23:03:26] <ssanati> 가리고 뽕 넣어 ㅠ
[2021-12-10 23:03:28] <%대깨갓 (eororkt)> 앗
[2021-12-10 23:03:34] <너는나의짝궁너는짝궁뎅이 (rnehrrhkwhgdkdy)> 흠
[2021-12-10 23:03:39] <너는나의짝궁너는짝궁뎅이 (rnehrrhkwhgdkdy)> 안모아도 좋은디
[2021-12-10 23:03:42] <%wzmind> 괜차나 눈나~세상엔 취햐은 참 다양해..ㅋ
[2021-12-10 23:03:44] <마녀사냥쿤 (manyang2)> 아니 상관없잖아 굳이그렇게 기강잡을필요는 ㅋㅋㅋ
[2021-12-10 23:03:49] <%巴答 (lemonade9536)> 누나 통장잔고 5만원 있는데 짝퉁 명품백 들고다니는거 같아 ㅠㅠ
[2021-12-10 23:03:49] <abcmart1111> 리타님 게이너 보충제를 먹어봅시다
[2021-12-10 23:03:49] <마녀사냥쿤 (manyang2)> 춤만춰도 기강잡히는데
[2021-12-10 23:03:49] <%wzmind> ㅋㄱㅋㄱㄱㅋ
[2021-12-10 23:03:52] <%대깨갓 (eororkt)> 헤으응 의상으로만으로 가능하다에요
[2021-12-10 23:03:59] <rakim720> 네 저희가 죄송합니다..
[2021-12-10 23:04:02] <%wzmind> 눈나..울어?ㅋ
[2021-12-10 23:04:02] <마녀사냥쿤 (manyang2)> 야야 얘 혼자 운다 ㅋㅋㅋㅋㅋㅋㅋㅋ
[2021-12-10 23:04:06] <abcmart1111> 벌크업하는데는 게이너지
[2021-12-10 23:04:07] <엔엘리차파 (nleboom)> ㅋㅋ18살
[2021-12-10 23:04:09] <abcmart1111> 게이너 보충제 드셔보십쇼
[2021-12-10 23:04:19] <주____인 (xhxogur07)> 38?
[2021-12-10 23:04:19] <몰라버린 (marinezle123)> 18살인데 이런방송이면 못보는걸..
[2021-12-10 23:04:24] <abcmart1111> 그거 운동하는 사람들이 살 찔 때 먹는거에요
[2021-12-10 23:04:30] <ssanati> 탄수화물이랑 같이 들어있는 프로틴
[2021-12-10 23:04:37] <너는나의짝궁너는짝궁뎅이 (rnehrrhkwhgdkdy)> 다른건 모아도 그것만은 모을 수 없는 여자....
[2021-12-10 23:04:40] <%wzmind> ㅋㄱㄱㅋㄱㅋ
[2021-12-10 23:04:40] <%대깨갓 (eororkt)> ㅋㅋㅋㅋㅋㅋ
[2021-12-10 23:04:43] <마녀사냥쿤 (manyang2)> ?
[2021-12-10 23:04:43] <@^빵_떡 (bbangddeock)> bbangd1Un
[2021-12-10 23:04:48] <%巴答 (lemonade9536)> 3분할로 울어주세요
[2021-12-10 23:04:48] <%대깨갓 (eororkt)> ?
[2021-12-10 23:04:49] <@^빵_떡 (bbangddeock)> bbangd1Un
[2021-12-10 23:04:49] <%wzmind> 우당탕
[2021-12-10 23:04:55] <%대깨갓 (eororkt)> ㅋㅋㅋㅋㅋㅋ
[2021-12-10 23:04:59] <ssanati> 코르셋으로 모으고 오자 ㅋㅋㅋ
[2021-12-10 23:05:09] <%wzmind> 저러다 담오면 재밌겠다
[2021-12-10 23:05:11] <자드래곤 (7627)> ㄱㅊ 60에 a도 있음 긁지않은 복권임
[2021-12-10 23:05:15] <마녀사냥쿤 (manyang2)> 안그래도되.. 춤추고 노래부르는것만봐도 기강잡혀
[2021-12-10 23:05:20] <abcmart1111> 갓리타(97년생) 연행당하는중
[2021-12-10 23:05:27] <%대깨갓 (eororkt)> 앗
[2021-12-10 23:05:28] <%wzmind> ㄱㅋㅋㄱㄱㅋ
[2021-12-10 23:05:30] <abcmart1111> 앗
[2021-12-10 23:05:31] <너는나의짝궁너는짝궁뎅이 (rnehrrhkwhgdkdy)> 십자가가 되게 자유분방하네요
[2021-12-10 23:05:35] <개쎄게리기 (prinsex6)> 지금이 2015년인가요?
[2021-12-10 23:05:36] <%대깨갓 (eororkt)> 누구야
[2021-12-10 23:05:39] <여정훈1 (chimpan0801)> 누나 죄송해요 왜 오자마자그러세요
[2021-12-10 23:05:47] <%巴答 (lemonade9536)> ㄳ : 죽여줘...
[2021-12-10 23:05:49] <@^빵_떡 (bbangddeock)> 트윕주소https://twip.kr/god25lita
[2021-12-10 23:05:49] <unknown_nine> 꼭 그러고 있어
[2021-12-10 23:05:50] <%wzmind> ㅋㄱㄱㅋㄱㅋ
[2021-12-10 23:05:50] <%대깨갓 (eororkt)> 게임은 어떻게하죠?
[2021-12-10 23:05:54] <마녀사냥쿤 (manyang2)> 그러다가 담 온다 ㅋㅋ
[2021-12-10 23:05:56] <ssanati> 담배도 못피뎄네 ㅋㅋㅋ
[2021-12-10 23:06:01] <너는나의짝궁너는짝궁뎅이 (rnehrrhkwhgdkdy)> 목걸이도 가두고 스스로 구속 되는건가요?
[2021-12-10 23:06:03] <%대깨갓 (eororkt)> ㅋㅋㅋㅋㅋㅋ
[2021-12-10 23:06:04] <dodoseda> ㅋㅋㅋ
[2021-12-10 23:06:11] <%wzmind> ㄱㅋㄱㅋㅋㄱㄱㅋ
[2021-12-10 23:06:14] <%wzmind> 세상에
[2021-12-10 23:06:14] <%대깨갓 (eororkt)> ㅋㅋㅋㅋㅋ
[2021-12-10 23:06:24] <마녀사냥쿤 (manyang2)> 점점 눈가가 촉촉해진다 ㅋㅋㅋㅋㅋㅋㅋㅋㅋㅋㅋㅋ
[2021-12-10 23:06:25] <%巴答 (lemonade9536)> ㅋㅋㅋㅋ
[2021-12-10 23:06:27] <unknown_nine> 꼭 그랬으면 좋겠다 ㅎㅎ
[2021-12-10 23:06:30] <%wzmind> 편히 살아 눈나
[2021-12-10 23:06:35] <abcmart1111> 펀딩합시다
[2021-12-10 23:06:35] <%巴答 (lemonade9536)> 끔찍한 혼종이다
[2021-12-10 23:06:35] <여정훈1 (chimpan0801)> 울때 3분할
[2021-12-10 23:06:35] <마녀사냥쿤 (manyang2)> 그러지맠ㅋㅋㅋㅋㅋ
[2021-12-10 23:06:37] <unknown_nine> 울어? 울어?
[2021-12-10 23:06:41] <ssanati> 작아도 이뻐요 눈나 파이팅
[2021-12-10 23:06:41] <unknown_nine> 오히려 좋아
[2021-12-10 23:06:42] <%대깨갓 (eororkt)> BibleThump BibleThump
[2021-12-10 23:06:46] <%wzmind> 없어도 이쁘면 된거징~
[2021-12-10 23:06:48] <@^빵_떡 (bbangddeock)> 투네주소 https://toon.at/donate/6374235100039137
[2021-12-10 23:06:49] <%대깨갓 (eororkt)> 야 우냐?
[2021-12-10 23:06:49] <rakim720> 우린 모르지
[2021-12-10 23:06:55] <%巴答 (lemonade9536)> 원피스를 버리고 이쁘고 편한 박스티로 갈아타자
[2021-12-10 23:06:55] <개쎄게리기 (prinsex6)> 쇄골은 왜케 또렷하신가요
[2021-12-10 23:06:57] <unknown_nine> 작아서 이쁘다고 해주자
[2021-12-10 23:07:07] <여정훈1 (chimpan0801)> ㅋㅋㅋㅋㅋㅋㅋ
[2021-12-10 23:07:08] <%wzmind> ㅎㅎ
[2021-12-10 23:07:10] <%대깨갓 (eororkt)> ㅋㅋㅋㅋㅋ
[2021-12-10 23:07:21] <ssanati> 연체동물도 아니고 ㅋㅋㅋㅋ
[2021-12-10 23:07:22] <%대깨갓 (eororkt)> 없으면 팔 작동안함
[2021-12-10 23:07:22] <%wzmind> ㄹㅇ
[2021-12-10 23:07:23] <마녀사냥쿤 (manyang2)> ㄹㅇㅋㅋ
[2021-12-10 23:07:32] <너는나의짝궁너는짝궁뎅이 (rnehrrhkwhgdkdy)> 슴크업 해보죠
[2021-12-10 23:07:34] <%대깨갓 (eororkt)> 그래서 상담은 언제받으시나요
[2021-12-10 23:07:46] <몰라버린 (marinezle123)> 안대 ㅠㅠ
[2021-12-10 23:07:55] <여정훈1 (chimpan0801)> 물방울수술상담받아요?
[2021-12-10 23:07:55] <%대깨갓 (eororkt)> ㅋㅋㅋㅋㅋ
[2021-12-10 23:07:59] <ssanati> 상담 받은 썰 기다리겠습니다
[2021-12-10 23:08:00] <너는나의짝궁너는짝궁뎅이 (rnehrrhkwhgdkdy)> 오
[2021-12-10 23:08:06] <개쎄게리기 (prinsex6)> 성형하시고 갓미시로 바뀌는거보단 나은디
[2021-12-10 23:08:10] <unknown_nine> 상담 받는거 야방가자
[2021-12-10 23:08:11] <너는나의짝궁너는짝궁뎅이 (rnehrrhkwhgdkdy)> 끼인 목걸이 이방에서도 볼수 있는건가요?
[2021-12-10 23:08:15] <%wzmind> 아 하지마루요ㅠ
[2021-12-10 23:08:27] <마녀사냥쿤 (manyang2)> 이쁜모습은 이번달이마지막이네
[2021-12-10 23:08:34] <dodoseda> ㅋㅋ
[2021-12-10 23:08:42] <unknown_nine> 빨리 수술하고 츠나데 코스프레 하자
[2021-12-10 23:08:48] <%巴答 (lemonade9536)> 수술후 팔로워 1만 예상
[2021-12-10 23:08:52] <여정훈1 (chimpan0801)> 갓찌찌
[2021-12-10 23:08:52] <너는나의짝궁너는짝궁뎅이 (rnehrrhkwhgdkdy)> 근데 물방울이여도 어차피 자기 만족이라
[2021-12-10 23:09:00] <%대깨갓 (eororkt)> PrideLaugh PrideLaugh
[2021-12-10 23:09:06] <너는나의짝궁너는짝궁뎅이 (rnehrrhkwhgdkdy)> 찌찌타
[2021-12-10 23:09:10] <몰라버린 (marinezle123)> 갓ㅉㅉ
[2021-12-10 23:09:12] <ssanati> 짭리타
[2021-12-10 23:09:12] <%대깨갓 (eororkt)> 닉넹미 왠만하면 유지하는게 낫긴한데
[2021-12-10 23:09:16] <마녀사냥쿤 (manyang2)> ㅋㅋㅋㅋㅋㅋㅋㅋㅋㅋㅋ
[2021-12-10 23:09:16] <%대깨갓 (eororkt)> ㅋㅋㅋㅋㅋ
[2021-12-10 23:09:18] <%대깨갓 (eororkt)> 갖찌찌
[2021-12-10 23:09:20] <unknown_nine> 갓쭈
[2021-12-10 23:09:23] <abcmart1111> 갓래머로 바꿔야될듯
[2021-12-10 23:09:23] <엔엘리차파 (nleboom)> ㅋㅋ
[2021-12-10 23:09:23] <마녀사냥쿤 (manyang2)> 갓눈나
[2021-12-10 23:09:24] <abcmart1111> 이름따라가는듯한..
[2021-12-10 23:12:40] <%巴答 (lemonade9536)> 솔직히 가슴큰 누나 많아서 작은게 더 가치있는데
[2021-12-10 23:15:08] <너는나의짝궁너는짝궁뎅이 (rnehrrhkwhgdkdy)> 갓슈벨?
[2021-12-10 23:16:38] <rakim720> 솔직히 짭탱 티 존나남
[2021-12-10 23:16:43] <%巴答 (lemonade9536)> 큰 리타
[2021-12-10 23:16:57] <뭔가좀그래 (oyc9991)> 갓김치
[2021-12-10 23:17:04] <dodoseda> ㅋㅋㅋㅋ
[2021-12-10 23:17:12] <%대깨갓 (eororkt)> ㅋㅋㅋㅋ
[2021-12-10 23:17:14] <마녀사냥쿤 (manyang2)> 갓김칰ㅋㅋㅋㅋㅋㅋㅋㅋㅋㅋㅋ
[2021-12-10 23:17:19] <%巴答 (lemonade9536)> 빅리타
