# Log started: 2021-12-10 23:29:06 +0900
[2021-12-10 23:29:06] #god25lita 채널 입장 중입니다
[2021-12-10 23:29:06] #god25lita 채널에 입장했습니다
[2021-12-10 23:29:07] ~[2021.12.10] 술 추ㅣ 합니더ㅏ 사ㅣㄹ렺두새ㅔ여 (Just Chatting)~
[2021-12-10 23:29:11] <%대깨갓 (eororkt)> ㅅㅇㅇㅇ~
[2021-12-10 23:29:11] <%wzmind> 눈나~
[2021-12-10 23:29:31] <너는나의짝궁너는짝궁뎅이 (rnehrrhkwhgdkdy)> 이노래 뭐지?
[2021-12-10 23:29:34] <너는나의짝궁너는짝궁뎅이 (rnehrrhkwhgdkdy)> 많이 들어봤는데
[2021-12-10 23:29:42] <%대깨갓 (eororkt)> ㅋㅋㅋㅋㅋ
[2021-12-10 23:29:45] <%wzmind> god25lSnssk god25lGpddd god25lSnssk god25lGpddd god25lSnssk god25lGpddd
[2021-12-10 23:29:47] <dodoseda> PrideLaugh PrideLaugh
[2021-12-10 23:29:49] <%대깨갓 (eororkt)> 마음에 안드는 노래가 나오는 나
[2021-12-10 23:30:09] <%대깨갓 (eororkt)> 그거 한번 떨어지면 계속 떨어지는데
[2021-12-10 23:30:27] <%wzmind> 정수리 3분할~
[2021-12-10 23:30:38] <%대깨갓 (eororkt)> god25lSnssk god25lSnssk god25lSnssk
[2021-12-10 23:30:45] <%wzmind> ㅎㅎ
[2021-12-10 23:30:52] <%대깨갓 (eororkt)> 내일 다시 붙히는게 ㅋㅋㅋ
[2021-12-10 23:30:58] <너는나의짝궁너는짝궁뎅이 (rnehrrhkwhgdkdy)> 트월킹 보여줘요
[2021-12-10 23:31:03] <%대깨갓 (eororkt)> PrideLaugh PrideLaugh
[2021-12-10 23:31:08] <%대깨갓 (eororkt)> 뭐가 자꾸 떨어져 ㅋㅋㅋ
[2021-12-10 23:31:09] <%wzmind> 우당탕~
[2021-12-10 23:31:25] <%대깨갓 (eororkt)> 쌍둥이둥이~
[2021-12-10 23:31:26] <%巴答 (lemonade9536)> 이제 슬슬 울겠네
[2021-12-10 23:31:27] <%wzmind> 짝짝짝~
[2021-12-10 23:31:30] <unknown_nine> 몸몸몸매? 몸매?
[2021-12-10 23:31:38] <%wzmind> 입브금~ㅋㄱㄱ
[2021-12-10 23:31:45] <%대깨갓 (eororkt)> hamzzi1Sing hamzzi1Sing hamzzi1Sing hamzzi1Sing
[2021-12-10 23:31:55] <%wzmind> ㅎㅎ
[2021-12-10 23:32:04] <%wzmind> 커여운 주정뱅이다 에오
[2021-12-10 23:32:05] <너는나의짝궁너는짝궁뎅이 (rnehrrhkwhgdkdy)> 몸매하면 트월킹인데
[2021-12-10 23:32:07] <%대깨갓 (eororkt)> ㅋㅋㅋㅋㅋㅋ
[2021-12-10 23:32:10] <너는나의짝궁너는짝궁뎅이 (rnehrrhkwhgdkdy)> 이걸 안춰주넹
[2021-12-10 23:32:23] <%wzmind> ㅋㄱㅋㄱㅋ
[2021-12-10 23:32:25] <%대깨갓 (eororkt)> 또 떨어졌다 ㅋㅋㅋ
[2021-12-10 23:32:27] <%wzmind> 꿀렁꿀렁
[2021-12-10 23:32:32] <너는나의짝궁너는짝궁뎅이 (rnehrrhkwhgdkdy)> .....아닌거 같기도
[2021-12-10 23:32:44] <%대깨갓 (eororkt)> 일단 책상위에 냅두고
[2021-12-10 23:32:48] <%대깨갓 (eororkt)> 다시 붙히셈 나중에
[2021-12-10 23:33:02] <%대깨갓 (eororkt)> 그거 한번 떨어지면 계속 떨어짐
[2021-12-10 23:33:08] <뚱킹뚱이 (cowrds)> 치마에 붙은거 아님?
[2021-12-10 23:33:11] <%巴答 (lemonade9536)> 숙일때 좀 가려주세요 녀자력 -10점 드립니다
[2021-12-10 23:33:14] <%wzmind> ㅎㅎ
[2021-12-10 23:33:31] <%대깨갓 (eororkt)> ㅋㅋㅋㅋㅋ
[2021-12-10 23:33:46] <%wzmind> 흑우당했엉..
[2021-12-10 23:33:48] <%대깨갓 (eororkt)> 강력테이프특) 잘떨어짐
[2021-12-10 23:34:00] <%巴答 (lemonade9536)> 잘붙는데 만원이겠냐
[2021-12-10 23:34:10] <%wzmind> ㄱㅋㅋㄱ
[2021-12-10 23:34:11] <%대깨갓 (eororkt)> 걍 책상위에 올려놓으셈
[2021-12-10 23:34:29] <%대깨갓 (eororkt)> ㅋㅋㅋㅋ
[2021-12-10 23:34:30] <뚱킹뚱이 (cowrds)> 와 뭐야 그러고있으니까 분위기 쩔어
[2021-12-10 23:34:32] <%wzmind> ㅋㄱㅋㄱㄱㅋ
[2021-12-10 23:34:44] <%巴答 (lemonade9536)> 정육점 같아요
[2021-12-10 23:34:50] <%대깨갓 (eororkt)> 핑크색피브
[2021-12-10 23:34:51] <%wzmind> 바에서 야방하는 느낌~ㅋ
[2021-12-10 23:34:51] <%대깨갓 (eororkt)> 피부
[2021-12-10 23:34:55] <unknown_nine> 책상이 클럽같고 좋네
[2021-12-10 23:35:13] <%대깨갓 (eororkt)> ㅋㅋㅋㅋㅋㅋ
[2021-12-10 23:35:18] <뚱킹뚱이 (cowrds)> 육개월 휴방할 예정이라는건가요
[2021-12-10 23:35:31] <%대깨갓 (eororkt)> 육개장 먹방한대요
[2021-12-10 23:35:38] <%wzmind> ㅋㄱㅋㄱㅋ
[2021-12-10 23:35:44] <너는나의짝궁너는짝궁뎅이 (rnehrrhkwhgdkdy)> 없어도 이쁨
[2021-12-10 23:35:44] <%wzmind> 알리..ㅋ
[2021-12-10 23:35:48] <@^빵_떡 (bbangddeock)> 팔로우 부탁해요 °˖✧◝(⁰▿⁰)◜✧˖°
[2021-12-10 23:36:04] <%대깨갓 (eororkt)> 6개우러
[2021-12-10 23:36:05] <뚱킹뚱이 (cowrds)> ㅋㅋㅋㅋㅋㅋㅋ
[2021-12-10 23:36:08] <%巴答 (lemonade9536)> ㅈㄹㅈㄹ
[2021-12-10 23:36:16] <%巴答 (lemonade9536)> 망둥어님 나와주세요
[2021-12-10 23:36:19] <unknown_nine> 휴방함 ㄴ << 휴방 안한대요
[2021-12-10 23:36:31] <%wzmind> 국산이나 3M거를 샀어야
[2021-12-10 23:36:33] <unknown_nine> 멈춰! 망둥어 울어 ㅠㅠ
[2021-12-10 23:36:42] <%대깨갓 (eororkt)> 돈을 벌어야 찌찌수술하지
[2021-12-10 23:36:43] <뚱킹뚱이 (cowrds)> 해외여행가나요?
[2021-12-10 23:36:48] <@^빵_떡 (bbangddeock)> 투네주소 https://toon.at/donate/6374235100039137
[2021-12-10 23:37:05] <뚱킹뚱이 (cowrds)> 지금도 크구만
[2021-12-10 23:37:08] <%wzmind> 아..안커져도 이쁜데엥~
[2021-12-10 23:37:14] <너는나의짝궁너는짝궁뎅이 (rnehrrhkwhgdkdy)> 수술하면 담배도 끼울수 있겠네
[2021-12-10 23:37:16] <%巴答 (lemonade9536)> 짝퉁 명품백 따위 풉
[2021-12-10 23:37:21] <unknown_nine> J컵 정도 아니면 안놀랄듯
[2021-12-10 23:37:29] <%대깨갓 (eororkt)> ㅋㅋㅋㅋㅋ
[2021-12-10 23:37:54] <%대깨갓 (eororkt)> ㅋㅋㅋㅋㅋㅋㅋ
[2021-12-10 23:37:54] <%wzmind> ㄱㄱㅋㄱㅋ
[2021-12-10 23:38:06] <에반メ (kilik2346)> 왜요? 원양어선 타제요? 반년이면 딱 새우잡인데
[2021-12-10 23:38:21] <%wzmind> 어깨 안펴진다..
[2021-12-10 23:38:23] <뚱킹뚱이 (cowrds)> 얼굴4개정도인가
[2021-12-10 23:38:25] <%巴答 (lemonade9536)> 동대문시장표 ㅉㅉ 따위 하나도 안무섭다
[2021-12-10 23:38:31] <%대깨갓 (eororkt)> J컵이면 ㄹㅇ세최가슴 가능
[2021-12-10 23:38:32] <unknown_nine> 안놀란다는 소리지
[2021-12-10 23:38:41] <膝蓋重搥 (sb78954)> 안녕하세요
[2021-12-10 23:38:47] <에반メ (kilik2346)> 이왕 하는거 비싸고 자국티안나는걸로
[2021-12-10 23:38:52] <%대깨갓 (eororkt)> J컵이면 기네스북 올라서 바이럴 ㅆㄱㄴ이네요
[2021-12-10 23:39:10] <unknown_nine> 그건 일반적인 애니 이야기 아닐까
[2021-12-10 23:39:12] <뚱킹뚱이 (cowrds)> 씨만해도 큰데
[2021-12-10 23:39:30] <%대깨갓 (eororkt)> 넘모커도 징그럽던데
[2021-12-10 23:39:35] <%巴答 (lemonade9536)> 비만 되도 충분한데
[2021-12-10 23:39:39] <엔엘리차파 (nleboom)> 누군가 그리면 되지
[2021-12-10 23:39:51] <%대깨갓 (eororkt)> B꽉만되도 적당하지
[2021-12-10 23:40:16] <%巴答 (lemonade9536)> 그몸에 디컵이면 피들스틱이 메론 달고 다녀서 이상할거 같은데
[2021-12-10 23:40:16] <%대깨갓 (eororkt)> I컵까지면 야애니 아니냐에요
[2021-12-10 23:40:47] <뚱킹뚱이 (cowrds)> I컵 현실에 있는데
[2021-12-10 23:40:47] <엔엘리차파 (nleboom)> 너무커도 거부감들듯
[2021-12-10 23:40:49] <%대깨갓 (eororkt)> ㅋㅋㅋㅋㅋ
[2021-12-10 23:40:56] <뚱킹뚱이 (cowrds)> 가슴격파 치면 I컵 여성분 나옴
[2021-12-10 23:41:18] <뚱킹뚱이 (cowrds)> 아니 유튭에 있는데..
[2021-12-10 23:41:19] <뚱킹뚱이 (cowrds)> 시무룩..
[2021-12-10 23:41:26] <%wzmind> 그치..
[2021-12-10 23:41:27] <%대깨갓 (eororkt)> ㄹㅇㅋㅋ
[2021-12-10 23:41:28] <unknown_nine> 체형도 키우자
[2021-12-10 23:41:35] <%巴答 (lemonade9536)> 디오 오반데
[2021-12-10 23:41:41] <%巴答 (lemonade9536)> 비가 한계 아니냐고
[2021-12-10 23:41:46] <%대깨갓 (eororkt)> 해장라면 먹쥬
[2021-12-10 23:42:07] <%대깨갓 (eororkt)> ㅔ
[2021-12-10 23:42:07] <%wzmind> 고고
[2021-12-10 23:42:10] <뚱킹뚱이 (cowrds)> I컵은 수술한거긴함
[2021-12-10 23:42:12] <%대깨갓 (eororkt)> 봉지라면인가요?
[2021-12-10 23:42:18] <범인은언제나너 (92jinhl)> 뺄수있으니 최대한 크게하는게 좋은것 아닙니까
[2021-12-10 23:42:30] <%巴答 (lemonade9536)> 저렇게 음식을 버리니까 살이 안찌찌
[2021-12-10 23:42:34] <%대깨갓 (eororkt)> 라면땡긴다
[2021-12-10 23:43:05] <%대깨갓 (eororkt)> BibleThump BibleThump
[2021-12-10 23:43:11] <%wzmind> 아아..
[2021-12-10 23:43:19] <%wzmind> 라멘이 땡기는 시간..
[2021-12-10 23:43:27] <+esilder3414> 다른곳에도 송출중이신건가
[2021-12-10 23:43:33] <unknown_nine> 저렇게 남기고 내일도 살이야기 나오면 어제도 준나 먹었다고 하겠지?
[2021-12-10 23:43:43] <unknown_nine> 양주에 과일에 라면까지 먹었다면서?
[2021-12-10 23:43:57] <%대깨갓 (eororkt)> ㄹㅇㅋㅋ
[2021-12-10 23:44:06] <%대깨갓 (eororkt)> 이걸 남긴거 실환가
[2021-12-10 23:44:13] <%대깨갓 (eororkt)> 트위치뿐이안하심
[2021-12-10 23:44:46] <%wzmind> 살 안찌는 사람들은 뭐가 달라도 다르다더니..체질부터 식습관까지..달라
[2021-12-10 23:44:53] <unknown_nine> 솔직히 저 양이면 술마시면서 먹어도 30분컷 같은데
[2021-12-10 23:45:13] <unknown_nine> 라고 요즘 살 찌고있는 제가 말합니다
[2021-12-10 23:45:20] <%wzmind> 과일만 보면..식후 입가심..정도..라고핻 적은 양..
[2021-12-10 23:45:23] <%대깨갓 (eororkt)> 오히려 안주가 부족할줄알았는데
[2021-12-10 23:45:51] <%wzmind> 그래도 알콜은 나름 마시자나요..간은 건강한거 같..ㅋ
[2021-12-10 23:46:08] <%wzmind> ^^7
[2021-12-10 23:46:13] <unknown_nine> 봐봐 살찌고싶다면서 칼로리 적은 라면 들고오는거봐
[2021-12-10 23:46:19] <%wzmind> ㄱㅋㄱㄱㅋㄱㅋ
[2021-12-10 23:46:24] <범인은언제나너 (92jinhl)> ㄹㅇㅋㅋ
[2021-12-10 23:46:29] <%대깨갓 (eororkt)> ㅋㅋㅋㅋㅋ
[2021-12-10 23:46:33] <%wzmind> 왕뚜껑 정도는 들고와야
[2021-12-10 23:46:35] <unknown_nine> 진짜 개어이없다
[2021-12-10 23:46:45] <%대깨갓 (eororkt)> 살안찐다면서 다이어트라면 레전드네
[2021-12-10 23:46:52] <Barefoot_Bandit_41> GRAPE
[2021-12-10 23:46:57] <%대깨갓 (eororkt)> ㅋㅋㅋㅋㅋ
[2021-12-10 23:46:59] <%대깨갓 (eororkt)> 딸국질 커엽
[2021-12-10 23:47:01] <Paper_Cutz47> wish I were those grapes
[2021-12-10 23:47:20] <%대깨갓 (eororkt)> 딸꾹질 나오는거보니 단단히 취했네
[2021-12-10 23:47:22] <%wzmind> ㄱㅋㄱㅋㄱㅋ
[2021-12-10 23:47:26] <unknown_nine> 야옹은 쥐났을때고
[2021-12-10 23:47:26] <%wzmind> 커엽넹
[2021-12-10 23:47:27] <몰라버린 (marinezle123)> 니양??
[2021-12-10 23:47:31] <몰라버린 (marinezle123)> 냥?
[2021-12-10 23:47:37] <엔엘리차파 (nleboom)> 혓바닥 30초 땡기면 멈춤
[2021-12-10 23:47:39] <%대깨갓 (eororkt)> 물 머금고 고개숙이면 멈춤
[2021-12-10 23:47:43] <Paper_Cutz47> you good?
[2021-12-10 23:47:48] <Barefoot_Bandit_41> Ayoo?
[2021-12-10 23:47:52] <%대깨갓 (eororkt)> ㅋㅋㅋㅋㅋ
[2021-12-10 23:47:58] <%wzmind> ㅋㄱㅋㄱㅋㄱ
[2021-12-10 23:48:02] <unknown_nine> 틱?>
[2021-12-10 23:48:08] <Paper_Cutz47> yo end the stream
[2021-12-10 23:48:09] <%대깨갓 (eororkt)> 누가 딸국질을 에익에익하면서 하냐고 ㅋㅋㅋ
[2021-12-10 23:48:12] <엔엘리차파 (nleboom)> 토하겄네
[2021-12-10 23:48:16] <Paper_Cutz47> i dont want to see this shit
[2021-12-10 23:48:27] <%대깨갓 (eororkt)> 물머금고 고개숙이셈
[2021-12-10 23:48:29] <膝蓋重搥 (sb78954)> 안녕하세요
[2021-12-10 23:48:34] <unknown_nine> 저거 음료도 무설탕인가 아냐?
[2021-12-10 23:48:39] <%대깨갓 (eororkt)> ㅋㅋㅋㅋㅋㅋㅋ
[2021-12-10 23:48:41] <%wzmind> 와..저걸 진짜 하는 싸람이 있었어
[2021-12-10 23:48:45] <그거그럭개하는거아닌대 (isshobae)> 토하면 레전드
[2021-12-10 23:48:59] <%대깨갓 (eororkt)> 뜨거운물로 해야하는데
[2021-12-10 23:49:00] <%대깨갓 (eororkt)> 악
[2021-12-10 23:49:13] <君羊君羊 (youqunboy)> jj155cCl3nk4
[2021-12-10 23:49:14] <Paper_Cutz47> bruh cover your mouth
[2021-12-10 23:49:16] <%대깨갓 (eororkt)> ㅋㅋㅋㅋㅋ
[2021-12-10 23:49:26] <%wzmind> ㄱㅋㅋㄱㄱㅋ
[2021-12-10 23:49:37] <%대깨갓 (eororkt)> 하필 가져온컵라면 컵누들ㅋㅋㅋ
[2021-12-10 23:49:41] <엔엘리차파 (nleboom)> 면이 당면아님?
[2021-12-10 23:49:48] <%wzmind> 곤약아님?ㅋ
[2021-12-10 23:49:54] <%대깨갓 (eororkt)> 다 나오쥬?
[2021-12-10 23:50:11] <unknown_nine> 그럼 국물은 스프는 컵누들 하고 면은 다른 라면 뜯자
[2021-12-10 23:50:22] <엔엘리차파 (nleboom)> 라면아니네
[2021-12-10 23:50:31] <%대깨갓 (eororkt)> 90이나 120이나
[2021-12-10 23:50:41] <unknown_nine> 스프라이트 뚱캔이 160칼로리다
[2021-12-10 23:50:48] <unknown_nine> 음료수못한게 어디서
[2021-12-10 23:50:48] <@^빵_떡 (bbangddeock)> 트윕주소https://twip.kr/god25lita
[2021-12-10 23:50:58] <%대깨갓 (eororkt)> ㅋㅋㅋㅋㅋ
[2021-12-10 23:51:01] <%마이사 (daniel981025)> 댄스 2번이면 칼로리 다날라가겠네
[2021-12-10 23:51:18] <unknown_nine> 근데 오늘 춤 10번 넘게춤
[2021-12-10 23:51:26] <unknown_nine> 한마디로 지금 연비 지림
[2021-12-10 23:51:29] <%wzmind> ㅋㄱㄱㅋㄱ
[2021-12-10 23:51:29] <%대깨갓 (eororkt)> ㅋㅋㅋㅋㅋ
[2021-12-10 23:51:37] <unknown_nine> 그냥 살 찌지 마라
[2021-12-10 23:51:45] <%대깨갓 (eororkt)> 오늘 칼로리 이미 다 소모함
[2021-12-10 23:51:49] <unknown_nine> 충분히 이쁘니까
[2021-12-10 23:51:52] <키야야옹 (us1520)> 6개월 휴방하나요?
[2021-12-10 23:51:52] <Paper_Cutz47> wish I were those noodles
[2021-12-10 23:51:55] <Barefoot_Bandit_41> NOODLES
[2021-12-10 23:51:58] <unknown_nine> 안예뻣으면 오지도 않았다
[2021-12-10 23:52:03] <%대깨갓 (eororkt)> 대충 술먹고 주정하는거임
[2021-12-10 23:52:09] <%마이사 (daniel981025)> 그래 욕심을 버리자
[2021-12-10 23:52:26] <unknown_nine> 큰거 보고싶으면 내가 알아서 휴방날에 타스보고 충족할게
[2021-12-10 23:52:43] <%대깨갓 (eororkt)> ㅋㅋㅋㅋㅋㅋ
[2021-12-10 23:52:44] <%wzmind> ㅋㄱㄱㅋㄱㅋ
[2021-12-10 23:52:46] <엔엘리차파 (nleboom)> 응애
[2021-12-10 23:52:55] <%아흑어흑 (bohopaladin)> 헤응
[2021-12-10 23:52:56] <unknown_nine> 큰거는 많이 찾아놨어
[2021-12-10 23:52:56] <%대깨갓 (eororkt)> ??
[2021-12-10 23:53:01] <unknown_nine> 작은건 귀하니까 귀하게 있어줘
[2021-12-10 23:53:04] <%wzmind> 응 그거는 안쪄
[2021-12-10 23:53:13] <%마이사 (daniel981025)> 디 달면 g달고 싶어지고 g달면 i달고 싶어진다고
[2021-12-10 23:53:21] <%대깨갓 (eororkt)> 앗
[2021-12-10 23:53:25] <unknown_nine> I다음은 J맞지?
[2021-12-10 23:53:34] <%아흑어흑 (bohopaladin)> 캬
[2021-12-10 23:54:09] <ssanati> 뜨끈한 국물 먹고 싶네
[2021-12-10 23:54:09] <%대깨갓 (eororkt)> god25lWnajr god25lWnajr
[2021-12-10 23:54:15] <%아흑어흑 (bohopaladin)> 하나더가죠
[2021-12-10 23:54:24] <%wzmind> ㅋㅋㄱㅋㄱ
[2021-12-10 23:54:30] <unknown_nine> 헬스 트레이너한테 라면 정말 먹고싶다고 하나만 정해주는걸로 먹을테니 먹게해달라고 해봐
[2021-12-10 23:54:34] <unknown_nine> 그럼 컵누들 먹으라고 할거야
[2021-12-10 23:54:42] <ssanati> 컵누들 3개는 한번에 먹을듯 ㅋㅋ
[2021-12-10 23:54:45] <%대깨갓 (eororkt)> ㄹㅇㅋㅋ
[2021-12-10 23:55:05] <%대깨갓 (eororkt)> 공기밥도 하나 뚝딱하자
[2021-12-10 23:55:21] <%wzmind> 참치캔도 하나까서
[2021-12-10 23:55:22] <%대깨갓 (eororkt)> god25lWnajr god25lWnajr
[2021-12-10 23:55:23] <unknown_nine> 진짜 까탈시럽네
[2021-12-10 23:55:30] <%wzmind> 치즈도 올리고~
[2021-12-10 23:55:31] <ssanati> 살 안찌는 사람들 저렇게 먹으면서 왜 안찌는지 모름
[2021-12-10 23:55:42] <$vitovitofrommixer> Kreygasm Kreygasm Kreygasm Kreygasm Kreygasm Kreygasm Kreygasm Kreygasm Kreygasm Kreygasm Kreygasm Kreygasm Kreygasm Kreygasm Kreygasm Kreygasm Kreygasm Kreygasm Kreygasm Kreygasm
[2021-12-10 23:55:46] <%대깨갓 (eororkt)> ㄹㅇㅋㅋ
[2021-12-10 23:55:52] <%대깨갓 (eororkt)> 햄버거먹고자면 살이 알아서 오르는데
[2021-12-10 23:55:58] <%아흑어흑 (bohopaladin)> 이게 행복..?
[2021-12-10 23:56:11] <unknown_nine> 친구한테 컵누들 주면 욕하던데
[2021-12-10 23:56:16] <%대깨갓 (eororkt)> 몇시간전에 먹음?
[2021-12-10 23:56:17] <unknown_nine> 얼마나 남겼는지가 중요해
[2021-12-10 23:56:18] <ssanati> 개작은거 먹고 배불러 하자나요
[2021-12-10 23:56:24] <unknown_nine> 크기도 중요하지
[2021-12-10 23:56:30] <%대깨갓 (eororkt)> ??
[2021-12-10 23:56:32] <unknown_nine> 주먹만한거 먹었을거같은데
[2021-12-10 23:56:41] <%마이사 (daniel981025)> 컵누들 날 추을때 차로 마시는거 아니냐고
[2021-12-10 23:56:43] <%대깨갓 (eororkt)> 킹받네..
[2021-12-10 23:56:54] <엔엘리차파 (nleboom)> 그렇게 먹어도 몸이 움직이긴하네..
[2021-12-10 23:56:57] <unknown_nine> 제과점에서 파는 미니햄버거 1개만한 크기로 먹었을거같음
[2021-12-10 23:57:02] <unknown_nine> 연비 쩔어;;
[2021-12-10 23:57:07] <unknown_nine> 저런 차 있으면 무조건 산다
[2021-12-10 23:57:14] <%대깨갓 (eororkt)> ㅋㅋㅋㅋ
[2021-12-10 23:57:29] <unknown_nine> 그 과일 에피타이저밖에 안돼는 양 아니었나
[2021-12-10 23:57:34] <%마이사 (daniel981025)> 움직인걸 생각하라고
[2021-12-10 23:57:35] <ssanati> 방울로 세네 ㅋㅋ
[2021-12-10 23:57:37] <엔엘리차파 (nleboom)> 배에서 꼬르륵소리안남?
[2021-12-10 23:57:43] <%wzmind> 후식으로 쳐도 적은량..ㅋ
[2021-12-10 23:57:55] <unknown_nine> 영화보면서 샤인머스켓 먹으면 1손 먹지
[2021-12-10 23:57:57] <%대깨갓 (eororkt)> 과일양 5분이었으면 다 끝남
[2021-12-10 23:58:11] <%wzmind> ?
[2021-12-10 23:58:12] <@^빵_떡 (bbangddeock)> bbangd1Un
[2021-12-10 23:58:16] <unknown_nine> 저게 배부르다고?
[2021-12-10 23:58:17] <엔엘리차파 (nleboom)> 물배차는거아님?
[2021-12-10 23:58:18] <unknown_nine> 고문이냐?
[2021-12-10 23:58:19] <ssanati> 다른 사람은 밥먹고 후식으로 먹잖아요
[2021-12-10 23:58:26] <%wzmind> 과일먹고 배가 부르려면..수박 한통정도는 혼자 퍼먹어야..
[2021-12-10 23:58:26] <우으엑 (lmml17)> 근데 술먹으면 보통 더 많이 먹잖아요
[2021-12-10 23:58:28] <unknown_nine> 후식도 13알보단 많이먹지
[2021-12-10 23:58:31] <%마이사 (daniel981025)> 과일먹고 배불 러보고 싶다
[2021-12-10 23:58:47] <unknown_nine> 과일로 배부르려면 돈 열심히 벌어야할거같은데
[2021-12-10 23:58:48] <ssanati> ㅋㅋㅋㅋㅋㅋㅋ
[2021-12-10 23:58:53] <%wzmind> 궁물은 나트륨만 잔뜩이자네옹
[2021-12-10 23:58:56] BITS: vitovitofrommixer (200)
[2021-12-10 23:58:56] <$vitovitofrommixer> ShowLove100 ShowLove100 you are so hot ThankEgg ThankEgg ThankEgg
[2021-12-10 23:59:08] <%대깨갓 (eororkt)> PridePog PridePog
[2021-12-10 23:59:09] Viewerstats (23:29-23:59): avg:200 min:184 max:214 [16/206+0+7+0-4+0+0+5-17+0+3+0-13+0-3+0]
[2021-12-10 23:59:18] <ssanati> 먹고 춤추다가 또 멀미하는거 아님?
[2021-12-10 23:59:30] <%대깨갓 (eororkt)> 나트륨(컵누들)
[2021-12-10 23:59:35] <unknown_nine> 옛날에 집에 들어온 도깨비한테 소금뿌렸다고 하던데
[2021-12-10 23:59:46] <unknown_nine> 도깨비 하면 나트륨 다량섭취 가능
[2021-12-11 00:00:05] <%대깨갓 (eororkt)> ㅋㅋㅋㅋㅋ
[2021-12-11 00:00:15] <unknown_nine> 이제 그럼 단백질 지방 탄수화물 남은거 맞지?
[2021-12-11 00:00:22] <ssanati> 물 소금 설탕으로 사는 사람이 있다?
[2021-12-11 00:00:35] <%대깨갓 (eororkt)> ㅋㅋㅋㅋㅋㅋ
[2021-12-11 00:00:41] <unknown_nine> 살찌고싶으면 탄수화물 많이 먹자
[2021-12-11 00:01:00] <unknown_nine> 당면은 꺼지라고 하고
[2021-12-11 00:01:19] <%대깨갓 (eororkt)> ?
[2021-12-11 00:01:20] <@^빵_떡 (bbangddeock)> bbangd1Un
[2021-12-11 00:01:22] <%wzmind> 응 밀가루가 짱임
[2021-12-11 00:01:27] <%대깨갓 (eororkt)> 일반라면은 얼마였지
[2021-12-11 00:01:40] <%대깨갓 (eororkt)> 지방 0%
[2021-12-11 00:01:46] <unknown_nine> 29그램이 많은줄 아는건가
[2021-12-11 00:02:09] <unknown_nine> 스프라이트 뚱캔에 탄수화물이 40그램이다
[2021-12-11 00:02:11] <ssanati> 신라면 봉지 탄수 79g이네
[2021-12-11 00:02:25] <unknown_nine> 결론 컵누들 < 스프라이트
[2021-12-11 00:02:32] <%대깨갓 (eororkt)> 맛있으면됐어..
[2021-12-11 00:02:36] <%대깨갓 (eororkt)> 딸꾹질나온다 ㅋㅋㅋ
[2021-12-11 00:02:37] <%wzmind> 그랭..눈나가 맛있으면 된거지 뭥
[2021-12-11 00:02:44] <%wzmind> ㅋㄱㄱㅋㄱㅋ
[2021-12-11 00:02:46] <%대깨갓 (eororkt)> ?
[2021-12-11 00:02:47] <@^빵_떡 (bbangddeock)> bbangd1Un
[2021-12-11 00:02:49] <%대깨갓 (eororkt)> 기침인가
[2021-12-11 00:02:50] <ssanati> 지금 먹은거 뱉는건가요?
[2021-12-11 00:02:55] <unknown_nine> 딸꿀직이 아니라
[2021-12-11 00:02:56] <unknown_nine> 라면 코로 간듯
[2021-12-11 00:03:05] <%대깨갓 (eororkt)> ㅋㅋㅋㅋㅋ
[2021-12-11 00:03:06] <%wzmind> 코로 먹엉
[2021-12-11 00:03:45] <unknown_nine> 와 근데 진짜 연비 좋다
[2021-12-11 00:03:50] <%대깨갓 (eororkt)> 라면먹다가 사레 ㅋㅋ
[2021-12-11 00:03:51] <unknown_nine> 컵누들 저거 2젓가락도 안할거같은데
[2021-12-11 00:03:58] <%아흑어흑 (bohopaladin)> 큰거온다
[2021-12-11 00:04:19] <ssanati> 면이 계속 나와
[2021-12-11 00:04:38] <unknown_nine> 3알+1조각
[2021-12-11 00:04:45] <unknown_nine> 또 컵누들
[2021-12-11 00:04:49] <ssanati> 또누들
[2021-12-11 00:04:49] <%대깨갓 (eororkt)> ㅋㅋㅋㅋ
[2021-12-11 00:04:56] <unknown_nine> 모두가 같은생각 하고있다
[2021-12-11 00:05:06] <%wzmind> 저거..양이 저렇게 많았나..
[2021-12-11 00:05:09] <unknown_nine> 응 육개장 작은겁
[2021-12-11 00:05:09] <%대깨갓 (eororkt)> 컵누들 2컵 합친게 걍 일반  컵라면크기아님?
[2021-12-11 00:05:14] <%wzmind> 왜 아직도 먹고 있어요 눈나..ㄷㄷ
[2021-12-11 00:05:18] <unknown_nine> 저거 2젓가락이면 국물만 남지
[2021-12-11 00:05:20] <%대깨갓 (eororkt)> 배부르다 ㅋㅋㅋ
[2021-12-11 00:05:25] <ssanati> 표정은 개든든해보이는데 ㅋㅋㅋㅋㅋ
[2021-12-11 00:05:41] <unknown_nine> 이제 더 먹겠다는말 지키려고 춤추겠네
[2021-12-11 00:05:44] <unknown_nine> 소화운동 가자
[2021-12-11 00:05:47] <%대깨갓 (eororkt)> 국물으로 배부른사람
[2021-12-11 00:06:10] <%대깨갓 (eororkt)> ㅘ 완식
[2021-12-11 00:06:16] <%대깨갓 (eororkt)> ㅋㅋㅋㅋㅋㅋ
[2021-12-11 00:06:19] <ssanati> 누가보면 라맨집 도전매뉴인줄 알겠어요
[2021-12-11 00:06:26] <%wzmind> 완식!
[2021-12-11 00:06:31] <vitovitofrommixer> asasd0Z asasd0Z asasd0Z asasd0Z asasd0Z asasd0Z
[2021-12-11 00:06:43] <%마이사 (daniel981025)> 전투력 왜저럼
[2021-12-11 00:06:48] <@^빵_떡 (bbangddeock)> 투네주소 https://toon.at/donate/6374235100039137
[2021-12-11 00:07:03] <%대깨갓 (eororkt)> ㅋㅋㅋㅋㅋ
[2021-12-11 00:07:11] <%대깨갓 (eororkt)> 이미 과식했다에요
[2021-12-11 00:07:16] <범인은언제나너 (92jinhl)> ?
[2021-12-11 00:07:17] <@^빵_떡 (bbangddeock)> bbangd1Un
[2021-12-11 00:07:17] <unknown_nine> 아? 배가 너무 아파?
[2021-12-11 00:07:18] <ssanati> ?
[2021-12-11 00:07:23] <%대깨갓 (eororkt)> 배 나왔다 = 안나왔다
[2021-12-11 00:07:25] <vitovitofrommixer> Kreygasm Kreygasm Kreygasm Kreygasm Kreygasm Kreygasm Kreygasm Kreygasm Kreygasm Kreygasm Kreygasm Kreygasm Kreygasm Kreygasm
[2021-12-11 00:07:34] <%마이사 (daniel981025)> 저거 골반뼈아님?
[2021-12-11 00:07:38] <%대깨갓 (eororkt)> 아까랑 똑같은데요?
[2021-12-11 00:07:40] <ssanati> 눌러서 위로 보냅시다
[2021-12-11 00:07:51] <vitovitofrommixer> Kreygasm VoteYea Kreygasm VoteYea VoteYea
[2021-12-11 00:08:17] <%대깨갓 (eororkt)> PrideLaugh PrideLaugh
[2021-12-11 00:08:23] <%대깨갓 (eororkt)> 라면 더먹다가 체한다에요
[2021-12-11 00:08:36] <%대깨갓 (eororkt)> 꾸준히먹어야지 많이먹는게 중요한게아님
[2021-12-11 00:08:38] <%아흑어흑 (bohopaladin)> 하응
[2021-12-11 00:08:40] <vitovitofrommixer> ibabyPeach ibabyPeach ibabyPeach ibabyPeach ibabyPeach ibabyPeach ibabyPeach ibabyPeach ibabyPeach ibabyPeach
[2021-12-11 00:08:42] <ssanati> 내일 낮까지 안먹겠네
[2021-12-11 00:08:44] <%마이사 (daniel981025)> 배내미는거 하찮네
[2021-12-11 00:09:04] <%대깨갓 (eororkt)> ㅋㅋㅋㅋ
[2021-12-11 00:09:06] <%대깨갓 (eororkt)> 소화댄스
[2021-12-11 00:09:30] <unknown_nine> ㅋㅋㅋㅋㅋㅋㅋㅋㅋㅋ
[2021-12-11 00:09:44] <unknown_nine> ㄹㅇㅋㅋ 개뻔하누
[2021-12-11 00:09:49] <%대깨갓 (eororkt)> PridePog PridePog
[2021-12-11 00:09:54] <%대깨갓 (eororkt)> 브븡
[2021-12-11 00:10:02] <%아흑어흑 (bohopaladin)> 황 어
[2021-12-11 00:10:14] <%대깨갓 (eororkt)> 🐬🐬🐬🐬🐬
[2021-12-11 00:10:15] <%아흑어흑 (bohopaladin)> 짱 어
[2021-12-11 00:10:17] <vitovitofrommixer> KPOPlove KPOPlove KPOPlove KPOPlove KPOPlove KPOPlove KPOPlove KPOPlove KPOPlove KPOPlove KPOPlove KPOPlove KPOPlove KPOPlove
[2021-12-11 00:10:18] <%아흑어흑 (bohopaladin)> 대 어
[2021-12-11 00:10:28] <%대깨갓 (eororkt)> 🦈🦈🦈🦈🦈🦈🦈
[2021-12-11 00:10:43] <%대깨갓 (eororkt)> 🦈🐬🦈🐬🦈🐬🦈🐬🦈🐬🦈🐬
[2021-12-11 00:10:53] <%마이사 (daniel981025)> 살찔 시간 좀 주지 가만히 있지를 못하네
[2021-12-11 00:10:54] <vitovitofrommixer> magent5Heart magent5Heart magent5Heart magent5Heart magent5Heart magent5Heart magent5Heart magent5Heart magent5Heart magent5Heart magent5Heart magent5Heart magent5Heart magent5Heart
[2021-12-11 00:10:59] <%대깨갓 (eororkt)> ㅅㅇㄷ
[2021-12-11 00:11:04] <%대깨갓 (eororkt)> 돔황챠~
[2021-12-11 00:11:05] <Barefoot_Bandit_41> This shit goes hard
[2021-12-11 00:11:17] <%대깨갓 (eororkt)> god25lSnssk god25lSnssk god25lSnssk god25lSnssk
[2021-12-11 00:11:18] <%아흑어흑 (bohopaladin)> 이게나라다
[2021-12-11 00:11:20] <Paper_Cutz47> more like im hard
[2021-12-11 00:11:38] <%대깨갓 (eororkt)> ㅋㅋㅋㅋㅋ
[2021-12-11 00:11:51] <Barefoot_Bandit_41> GRAPE
[2021-12-11 00:12:03] <%대깨갓 (eororkt)> 취기+배부름은 못참지
[2021-12-11 00:12:18] <Paper_Cutz47> wish i was that vape
[2021-12-11 00:12:23] <%대깨갓 (eororkt)> ㅋㅋㅋㅋㅋㅋ
[2021-12-11 00:12:44] <vitovitofrommixer> is that weed or nicotine?
[2021-12-11 00:12:44] <%대깨갓 (eororkt)> 알콜 가성비 쩐다에요
[2021-12-11 00:12:59] <Barefoot_Bandit_41> have a guess
[2021-12-11 00:13:02] <Paper_Cutz47> Yeah i love koreans
[2021-12-11 00:13:05] <%대깨갓 (eororkt)> 그 실시간 번역해주는것도 있긴하던데
[2021-12-11 00:13:05] <unknown_nine> 그 전자담배가 되고싶다는거 아닌가
[2021-12-11 00:13:07] <Barefoot_Bandit_41> was just doing baby shark
[2021-12-11 00:13:15] <Barefoot_Bandit_41> high af
[2021-12-11 00:13:16] <%대깨갓 (eororkt)> ㅋㅋㅋㅋㅋㅋ
[2021-12-11 00:13:21] <Paper_Cutz47> YO DO THE BABY SHARK THING AGAIN!
[2021-12-11 00:13:24] <%대깨갓 (eororkt)> 잭다허니도 한참마신거같은데
[2021-12-11 00:13:31] <%대깨갓 (eororkt)> 드디어 다마셨네
[2021-12-11 00:13:33] <%아흑어흑 (bohopaladin)> 캬
[2021-12-11 00:13:34] <vitovitofrommixer> i dont think its weed
[2021-12-11 00:13:37] <%대깨갓 (eororkt)> 산지 오래되지않음?
[2021-12-11 00:13:56] <%대깨갓 (eororkt)> ㅋㅋㅋㅋㅋㅋ
[2021-12-11 00:14:02] <%마이사 (daniel981025)> 양주가 무슨 맥주도 아니고 2잔이면 된거 아님?
[2021-12-11 00:14:02] <Barefoot_Bandit_41> dang
[2021-12-11 00:14:02] <%대깨갓 (eororkt)> 먹기싫은 포크질
[2021-12-11 00:14:20] <%대깨갓 (eororkt)> ㅋㅋㅋㅋㅋ
[2021-12-11 00:14:26] <%+퍼일퍼일_ (firstelectro36)> 소주가 배부른 나
[2021-12-11 00:14:39] <vitovitofrommixer> at least she's got some whiskey
[2021-12-11 00:14:46] <%대깨갓 (eororkt)> 불금!
[2021-12-11 00:14:56] <%대깨갓 (eororkt)> 앗
[2021-12-11 00:15:02] <%+퍼일퍼일_ (firstelectro36)> 불금이 뭔지 잊어버렸....
[2021-12-11 00:15:04] <%대깨갓 (eororkt)> ㅋㅋㅋㅋㅋ
[2021-12-11 00:15:12] ~[2021.12.10]불금ㅇㅇㅇㅇ (Just Chatting)~
[2021-12-11 00:15:13] <%대깨갓 (eororkt)> 눈난 왜자
[2021-12-11 00:15:24] <%대깨갓 (eororkt)> ??
[2021-12-11 00:15:33] <%아흑어흑 (bohopaladin)> 우리누나 맛갓어
[2021-12-11 00:15:35] <%대깨갓 (eororkt)> 월목도 그냥 자잖아
[2021-12-11 00:15:40] <unknown_nine> 그거 맞아?>
[2021-12-11 00:15:46] <%+퍼일퍼일_ (firstelectro36)> 맛이 간 리타상....
[2021-12-11 00:15:56] <%대깨갓 (eororkt)> ㅋㅋㅋㅋㅋ
[2021-12-11 00:16:09] <%대깨갓 (eororkt)> 화장실 다녀온 순간부터 ㅋㅋㅋ
[2021-12-11 00:16:11] <%+퍼일퍼일_ (firstelectro36)> 엌ㅋㅋㅋㅋ
[2021-12-11 00:16:22] <%+퍼일퍼일_ (firstelectro36)> 혀를 꺠문 나
[2021-12-11 00:16:28] <%대깨갓 (eororkt)> ??? : 얘들아 나 말많아지지않았어? 나 취한거같아
[2021-12-11 00:16:40] <%+퍼일퍼일_ (firstelectro36)> 리찬호....
[2021-12-11 00:16:43] <%대깨갓 (eororkt)> 코일탄다에요
[2021-12-11 00:17:02] <%+퍼일퍼일_ (firstelectro36)> 코일이 타버린 나
[2021-12-11 00:17:09] <%대깨갓 (eororkt)> PrideLaugh PrideLaugh
[2021-12-11 00:17:32] <%대깨갓 (eororkt)> 눈나 기분좋아보이네
[2021-12-11 00:17:47] <%+퍼일퍼일_ (firstelectro36)> 기분이 좋은 나
[2021-12-11 00:17:49] <%대깨갓 (eororkt)> ㅋㅋㅋㅋ
[2021-12-11 00:18:10] <%대깨갓 (eororkt)> PrideLaugh PrideLaugh
[2021-12-11 00:18:18] <%+퍼일퍼일_ (firstelectro36)> 더 마시면 하루종일일 것 같....
[2021-12-11 00:18:21] <%대깨갓 (eororkt)> 머리위에 글하고 언행불일치네 ㅋㅋㅋ
[2021-12-11 00:18:33] <%대깨갓 (eororkt)> ㅋㅋㅋㅋㅋㅋㅋㅋ
[2021-12-11 00:18:35] <%아흑어흑 (bohopaladin)> 누나휴방하지마 ㅠㅠ
[2021-12-11 00:18:35] <%+퍼일퍼일_ (firstelectro36)> 6개워ㄹ ㅋㅋㅋㅋㅋㅋㅋ
[2021-12-11 00:18:39] <Barefoot_Bandit_41> yo wtf
[2021-12-11 00:18:47] <慕沐__ (jemappelleroland)> hello pretty <3
[2021-12-11 00:18:52] <Barefoot_Bandit_41> dart as well
[2021-12-11 00:18:53] <%대깨갓 (eororkt)> 아까 1시간전 리타누나가 적어놨어
[2021-12-11 00:18:53] <%+퍼일퍼일_ (firstelectro36)> 제목도 꼬인 나
[2021-12-11 00:18:56] <慕沐__ (jemappelleroland)> are u drunk?
[2021-12-11 00:19:04] <%대깨갓 (eororkt)> 컵누들 맛있긴하던데
[2021-12-11 00:19:13] <%대깨갓 (eororkt)> 당면좋아해서
[2021-12-11 00:19:13] <%+퍼일퍼일_ (firstelectro36)> 역시 밤에는 라면....
[2021-12-11 00:19:24] <Barefoot_Bandit_41> only smokes when shes pissed
[2021-12-11 00:19:27] <%대깨갓 (eororkt)> 순한맛은 별로임?
[2021-12-11 00:19:30] <Barefoot_Bandit_41> @Paper_Cutz47
[2021-12-11 00:19:39] <Paper_Cutz47> I WANNA SEE YOU EAT THAT mf GRAPE
[2021-12-11 00:19:44] <%대깨갓 (eororkt)> PrideLaugh PrideLaugh
[2021-12-11 00:19:45] <%wzmind> ㅎㅎ
[2021-12-11 00:19:58] <%+퍼일퍼일_ (firstelectro36)> 담배연기 미스트인줄
[2021-12-11 00:20:00] <Paper_Cutz47> EAT GRAPE!!!!
[2021-12-11 00:20:04] <%대깨갓 (eororkt)> ㅋㅋㅋㅋ
[2021-12-11 00:20:06] <Barefoot_Bandit_41> wish i was that dart
[2021-12-11 00:20:08] <Paper_Cutz47> PLZ
[2021-12-11 00:20:11] <unknown_nine> 샤인머스켓좀 먹어달래
[2021-12-11 00:20:31] <fordivil> 돈이나내놔
[2021-12-11 00:20:34] <%대깨갓 (eororkt)> ㅋㅋㅋㅋㅋ
[2021-12-11 00:20:34] <fordivil> 양놈쉑이야
[2021-12-11 00:20:38] <Barefoot_Bandit_41> NO you eat it
[2021-12-11 00:20:40] <%wzmind> ㅋㄱㄱ
[2021-12-11 00:20:40] <%대깨갓 (eororkt)> paypal in english only
[2021-12-11 00:20:41] <%+퍼일퍼일_ (firstelectro36)> ㅋㅋㅋㅋㅋㅋㅋㅋ
[2021-12-11 00:20:44] <fordivil> just send money
[2021-12-11 00:20:49] <fordivil> plz
[2021-12-11 00:20:54] <Barefoot_Bandit_41> what am i rich
[2021-12-11 00:20:54] <Paper_Cutz47> 그 포도를 먹다
[2021-12-11 00:20:59] <fordivil> don''t chaR ANY WORD
[2021-12-11 00:21:00] <%대깨갓 (eororkt)> ㅋㅋㅋㅋㅋㅋ
[2021-12-11 00:21:03] <%+퍼일퍼일_ (firstelectro36)> 외국은 페이팔로 도네가 가능하다에오
[2021-12-11 00:21:03] <%대깨갓 (eororkt)> 뇌정지
[2021-12-11 00:21:09] <fordivil> JHUST GIFT HER
[2021-12-11 00:21:14] <fordivil> TO MONEY
[2021-12-11 00:21:14] <dragonkiller2611> What is cipal
[2021-12-11 00:21:16] <%대깨갓 (eororkt)> 원트 페이팔
[2021-12-11 00:21:20] <%+퍼일퍼일_ (firstelectro36)> i have paypal account 이 정도?
[2021-12-11 00:21:23] [Notification] 慕沐__ subscribed at Tier 1.
[2021-12-11 00:21:32] <%대깨갓 (eororkt)> ㅋㅋㅋㅋㅋㅋ
[2021-12-11 00:21:32] <Paper_Cutz47> money? grow up
[2021-12-11 00:21:33] <%慕沐__ (jemappelleroland)> 아름다운 리타, 한국어 번역, 화내지 마
[2021-12-11 00:21:34] <%wzmind> ㅋ
[2021-12-11 00:21:36] <%대깨갓 (eororkt)> 쒜쒜
[2021-12-11 00:21:37] <Paper_Cutz47> get a job
[2021-12-11 00:21:45] <%대깨갓 (eororkt)> ㅋㅋㅋㅋㅋㅋ
[2021-12-11 00:21:56] <%+퍼일퍼일_ (firstelectro36)> 웃음치트키 구글번역기
[2021-12-11 00:22:00] <unknown_nine> @fordivil google translate
[2021-12-11 00:22:12] <fordivil> As an adult, she need money!
[2021-12-11 00:22:12] <%+퍼일퍼일_ (firstelectro36)> 구글번역기가 ㄹㅇ 웃음치트키
[2021-12-11 00:22:31] <unknown_nine> 구글 번역기
[2021-12-11 00:22:32] <%대깨갓 (eororkt)> 그쯤될듯?
[2021-12-11 00:22:43] <unknown_nine> 영어->일본어->한국어 로 번역돌리면 어순 괜찮아짐
[2021-12-11 00:22:47] <%+퍼일퍼일_ (firstelectro36)> 거의 폭탄....ㄷㄷ
[2021-12-11 00:22:56] <%대깨갓 (eororkt)> 양주제외하면 320칼로리인데요?
[2021-12-11 00:22:58] <Barefoot_Bandit_41> 지금 나를 봐
[2021-12-11 00:23:06] <%+퍼일퍼일_ (firstelectro36)> 혼자서 칼로리 폭탄을 섭취했누....
[2021-12-11 00:23:14] <%대깨갓 (eororkt)> ㅋㅋㅋㅋㅋ
[2021-12-11 00:23:30] <%+퍼일퍼일_ (firstelectro36)> ㅋㅋㅋㅋ
[2021-12-11 00:23:35] <%대깨갓 (eororkt)> 누나 너무 과식하는거 아님?
[2021-12-11 00:23:37] <unknown_nine> 항상 그정도 먹는게 문제 앙닐까
[2021-12-11 00:23:41] <fordivil> 먹고디지는게 조아
[2021-12-11 00:23:52] <%+퍼일퍼일_ (firstelectro36)> 저거 칵테일 만들 떄 칵테일 픽으로 장식으로 얹으면 개꿀
[2021-12-11 00:23:53] <%대깨갓 (eororkt)> ㅋㅋㅋㅋㅋ
[2021-12-11 00:24:15] <%+퍼일퍼일_ (firstelectro36)> 키위 장식.....참고.....
[2021-12-11 00:24:18] <Paper_Cutz47> Bruh why so many asians in here?
[2021-12-11 00:24:27] <Barefoot_Bandit_41> WOAH
[2021-12-11 00:24:31] <Barefoot_Bandit_41> ban him
[2021-12-11 00:24:34] <%대깨갓 (eororkt)> ㅋㅋㅋㅋㅋㅋ
[2021-12-11 00:24:38] <%대깨갓 (eororkt)> 무 원툴 ㄷㄷ
[2021-12-11 00:24:42] <%+퍼일퍼일_ (firstelectro36)> 치킨무하고 혼동했....
[2021-12-11 00:24:50] <Paper_Cutz47> i dont like the look of this barefoot guy
[2021-12-11 00:24:53] <Paper_Cutz47> fake fan
[2021-12-11 00:24:53] <%대깨갓 (eororkt)> 총각김치 킬러다에요
[2021-12-11 00:24:56] <%+퍼일퍼일_ (firstelectro36)> 양주엔 치즈....
[2021-12-11 00:25:09] <%+퍼일퍼일_ (firstelectro36)> 영어모른다에오
[2021-12-11 00:25:12] <%대깨갓 (eororkt)> 자기네들끼리 대화하는거임
[2021-12-11 00:25:12] <박뜰 (supmic3)> 양주 뭐뭐 좋아하세요??
[2021-12-11 00:25:16] <fordivil> he
[2021-12-11 00:25:19] <fordivil> need
[2021-12-11 00:25:47] <%대깨갓 (eororkt)> ㅋㅋㅋㅋㅋ
[2021-12-11 00:25:47] <unknown_nine> 짐빔 하이볼 맛있는데
[2021-12-11 00:25:49] <%+퍼일퍼일_ (firstelectro36)> 잭 다니엘 미국상 위스키였는지 캐나타 위스키였는지 가물가물
[2021-12-11 00:25:52] <%대깨갓 (eororkt)> 순간 필름 끊길뻔
[2021-12-11 00:26:03] <%+퍼일퍼일_ (firstelectro36)> ㅋㅋㅋㅋㅋㅋㅋ
[2021-12-11 00:26:09] <Barefoot_Bandit_41> we're talking to you
[2021-12-11 00:26:13] <unknown_nine> 잭은 콜라에....
[2021-12-11 00:26:22] <%대깨갓 (eororkt)> PrideLaugh PrideLaugh
[2021-12-11 00:26:24] <%wzmind> ㅋㄱㄱ
[2021-12-11 00:26:35] <%대깨갓 (eororkt)> 혜자방송 알찼다
[2021-12-11 00:26:38] <%+퍼일퍼일_ (firstelectro36)> 리바
[2021-12-11 00:26:47] <dragonkiller2611> I like the way u say cipal
[2021-12-11 00:26:48] <%wzmind> 알찼엉
[2021-12-11 00:26:51] <%대깨갓 (eororkt)> ㅋㅋㅋㅋㅋ
[2021-12-11 00:26:52] <Paper_Cutz47> ayo speak english?
[2021-12-11 00:26:55] <%wzmind> ㅋㄱㄱㄱ
[2021-12-11 00:27:01] <%대깨갓 (eororkt)> 숙제로 남겨둘게요
[2021-12-11 00:27:07] <Paper_Cutz47> what is this jibberish your speaking
[2021-12-11 00:27:10] <%대깨갓 (eororkt)> 눈나 소주 더마시면 울듯
[2021-12-11 00:27:19] <%+퍼일퍼일_ (firstelectro36)> 더 마시면 엉엉 울것 같
[2021-12-11 00:27:20] <%대깨갓 (eororkt)> ㅋㅋㅋㅋ
[2021-12-11 00:27:35] <%대깨갓 (eororkt)> 왜 횡설수설 하냐는데
[2021-12-11 00:27:36] <%+퍼일퍼일_ (firstelectro36)> 욕포상 ㅗㅜㅑ
[2021-12-11 00:27:42] <%대깨갓 (eororkt)> PrideLaugh PrideLaugh
[2021-12-11 00:27:43] <%+퍼일퍼일_ (firstelectro36)> 리바리바
[2021-12-11 00:27:47] <%대깨갓 (eororkt)> 로바~
[2021-12-11 00:27:47] <%wzmind> 안뇽
[2021-12-11 00:27:56] <%대깨갓 (eororkt)> ㅋㅋㅋㅋㅋ
[2021-12-11 00:27:57] <%+퍼일퍼일_ (firstelectro36)> ㅋㅋㅋㅋㅋㅋㅋㅋㅋㅋㅋㅋㅋㅋㅋㅋ
[2021-12-11 00:27:58] <%wzmind> ㅋㄱㄱ
[2021-12-11 00:28:00] <%대깨갓 (eororkt)> 커엽
[2021-12-11 00:28:04] <%+퍼일퍼일_ (firstelectro36)> 안껏다에오
[2021-12-11 00:28:06] <%대깨갓 (eororkt)> 로바~
[2021-12-11 00:28:11] <%wzmind> 눈나 자라에요
[2021-12-11 00:28:19] <%+퍼일퍼일_ (firstelectro36)> 얼른 자라에오
[2021-12-11 00:28:20] <%대깨갓 (eororkt)> 누나가 치워야지
[2021-12-11 00:28:27] <%대깨갓 (eororkt)> ㅋㅋㅋㅋㅋ
[2021-12-11 00:28:28] <%wzmind> 치워주고 싶지만 ㅋ
[2021-12-11 00:28:29] <%+퍼일퍼일_ (firstelectro36)> 아
[2021-12-11 00:28:32] <%wzmind> 앙
[2021-12-11 00:28:33] <Barefoot_Bandit_41> Grape TIME
[2021-12-11 00:28:35] <Paper_Cutz47> @대깨갓 listen here you dumb rat
[2021-12-11 00:28:36] <%대깨갓 (eororkt)> ㅋㅋㅋㅋㅋㅋ
[2021-12-11 00:28:36] <%+퍼일퍼일_ (firstelectro36)> 국물흘림이슈
[2021-12-11 00:28:37] <%wzmind> ㅋㄱㄱㄱ
[2021-12-11 00:28:38] <너는나의짝궁너는짝궁뎅이 (rnehrrhkwhgdkdy)> 잠깐 갔다왔는데 왤케 취해 보이냐
[2021-12-11 00:28:48] <%대깨갓 (eororkt)> 몰?루
[2021-12-11 00:28:56] <Paper_Cutz47> EAT THE GRAPE ALREADY
[2021-12-11 00:28:57] <%+퍼일퍼일_ (firstelectro36)> 아
[2021-12-11 00:28:57] <너는나의짝궁너는짝궁뎅이 (rnehrrhkwhgdkdy)> ㅗㅜㅑ
[2021-12-11 00:28:59] <dragonkiller2611> Oh Damn the screen block that view
[2021-12-11 00:29:00] <%대깨갓 (eororkt)> PridePog PridePog
[2021-12-11 00:29:00] <%wzmind> 앙
[2021-12-11 00:29:08] <%wzmind> 빠잉
[2021-12-11 00:29:11] <너는나의짝궁너는짝궁뎅이 (rnehrrhkwhgdkdy)> 찌바
[2021-12-11 00:29:16] Viewerstats (00:01-00:29): avg:170 min:159 max:179 [15/177+0-9+0+0+2+0+4+0+0-6+11+0-20+0]
[2021-12-11 00:29:17] <%대깨갓 (eororkt)> 불토는 해야지
[2021-12-11 00:29:18] <%wzmind> ㅋㄱㄱ
[2021-12-11 00:29:20] <%+퍼일퍼일_ (firstelectro36)> 불금 불토 불일은 진리다에오
[2021-12-11 00:29:30] <%대깨갓 (eororkt)> ㅋㅋㅋㅋㅋ
[2021-12-11 00:29:34] <%대깨갓 (eororkt)> 일요일에 네일 고친다매
[2021-12-11 00:29:34] <Paper_Cutz47> bruh this chick not speakin english
[2021-12-11 00:29:36] <%대깨갓 (eororkt)> 어제 쉬어짜나 누나
[2021-12-11 00:29:37] <Paper_Cutz47> what with that
[2021-12-11 00:29:45] <unknown_nine> 불토로 옥토패스트래블러 할거지?
[2021-12-11 00:29:57] <%+퍼일퍼일_ (firstelectro36)> 일단 자고나서 생각해도 된다에오
[2021-12-11 00:30:01] <%wzmind> 본래 서비스직은 월요일 휴일이 국룰아닝가악?ㅋ
[2021-12-11 00:30:06] <%wzmind> ㅎㅎ
[2021-12-11 00:30:06] <%대깨갓 (eororkt)> god25lWnajr god25lWnajr
[2021-12-11 00:30:11] <%wzmind> ?
[2021-12-11 00:30:11] <@^빵_떡 (bbangddeock)> bbangd1Un
[2021-12-11 00:30:13] <%+퍼일퍼일_ (firstelectro36)> ?
[2021-12-11 00:30:14] <%대깨갓 (eororkt)> 댄스 더 하면 샤워하고 자나요?
[2021-12-11 00:30:22] <너는나의짝궁너는짝궁뎅이 (rnehrrhkwhgdkdy)> 안해도 키죠
[2021-12-11 00:30:34] <너는나의짝궁너는짝궁뎅이 (rnehrrhkwhgdkdy)> 다리보여줘
[2021-12-11 00:30:35] <%대깨갓 (eororkt)> ㅋㅋㅋㅋㅋㅋ
[2021-12-11 00:30:36] <%wzmind> 아항
[2021-12-11 00:30:40] <dragonkiller2611> Lots of Korean bad at speaking eng actually
[2021-12-11 00:30:44] <Paper_Cutz47> EAT GRAPE GANG
[2021-12-11 00:30:46] <%대깨갓 (eororkt)> 생얼방송 오히려좋아
[2021-12-11 00:30:48] <%+퍼일퍼일_ (firstelectro36)> 리바리바
[2021-12-11 00:30:56] <%대깨갓 (eororkt)> PridePog PridePog PridePog
[2021-12-11 00:30:58] <%wzmind> 넹
[2021-12-11 00:31:00] <너는나의짝궁너는짝궁뎅이 (rnehrrhkwhgdkdy)> 찌바
[2021-12-11 00:31:01] <골반파천황 (kzaka88)> 오야스미
[2021-12-11 00:31:01] <%대깨갓 (eororkt)> 로바~
[2021-12-11 00:31:06] <%wzmind> 씻고 자라에오
[2021-12-11 00:31:15] <%대깨갓 (eororkt)> 갔어..
[2021-12-11 00:31:21] [Info] This room is now in emote-only mode.
[2021-12-11 00:31:24] <%대깨갓 (eororkt)> BibleThump BibleThump
[2021-12-11 00:31:35] <%wzmind> god25lSnssk god25lGhdpdpd
[2021-12-11 00:33:46] ~Stream offline~
[2021-12-11 00:34:26] You have left #god25lita
[2021-12-11 00:34:26] Viewerstats (00:31-00:31): avg:159 min:159 max:159 [1/159_]
# Log closed: 2021-12-11 00:34:26 +0900
-
