# Log started: 2021-12-10 19:37:05 +0900
[2021-12-10 19:37:05] #haena_0714 채널 입장 중입니다
[2021-12-10 19:37:05] #haena_0714 채널에 입장했습니다
[2021-12-10 19:37:06] ~나시업보에 뭐..여캠바진가 뭐시기 / !달력 (Just Chatting)~
[2021-12-10 19:37:08] <%해나품으로데굴데굴 (ddaegul2)> ㅋㅋㅋㅋㅋㅋㅋㅋㅋㅋㅋ
[2021-12-10 19:37:14] <%해나입술공칼로리 (limepep2)> 오
[2021-12-10 19:37:20] <%해나품으로데굴데굴 (ddaegul2)> ㅋㅋㅋㅋㅋ
[2021-12-10 19:37:21] <$뚱뚱했던 (raffymcfatty)> ㅋㅋㅋㅋㅋㅋ
[2021-12-10 19:37:23] <%해나입술공칼로리 (limepep2)> 운동신경이 좋음
[2021-12-10 19:37:32] <%해나만보는물소가오냐시 (wndhs01)> ㅋㅋㅋㅋㅋ
[2021-12-10 19:37:40] <%해나입술공칼로리 (limepep2)> ㅋㅋㅋㅋㅋㅋ
[2021-12-10 19:37:49] <%dh2____> 다들 어릴때네 ㅋㅋ
[2021-12-10 19:37:58] <%해나만보는물소가오냐시 (wndhs01)> 다들 아가네
[2021-12-10 19:38:28] <%커여운오리해나랑발짝짝꿍 (dydghks3673)> ㅋㅋㅋㅋㅋㅋㅋㅋㅋㅋㅋㅋㅋㅋ
[2021-12-10 19:38:29] <%해나품으로데굴데굴 (ddaegul2)> ㅋㅋㅋㅋㅋ
[2021-12-10 19:38:32] <%dh2____> 나오다 레전드
[2021-12-10 19:38:32] <%해나만보는물소가오냐시 (wndhs01)> ㅋㅋㅋㅋㅋㅋㅋㅋ
[2021-12-10 19:38:40] <%해나만보는물소가오냐시 (wndhs01)> 정형돈 폼 미쳤네 ㅋㅋㅋㅋㅋㅋ
[2021-12-10 19:38:40] <%해나품으로데굴데굴 (ddaegul2)> 어우
[2021-12-10 19:38:44] <%해나품으로데굴데굴 (ddaegul2)> ㅋㅋㅋㅋㅋㅋㅋㅋㅋㅋㅋㅋㅋㅋ
[2021-12-10 19:38:44] <%해나입술공칼로리 (limepep2)> ㅋㅋㅋㅋㅋㅋㅋ
[2021-12-10 19:38:47] <%해나입술공칼로리 (limepep2)> 끈적
[2021-12-10 19:38:47] <%첼로맨 (ghkd1212)> ㅋㅋㅋㅋㅋㅋㅋㅋㅋㅋㅋㅋ
[2021-12-10 19:39:02] <%베라쨩의찹쌀떡_사베이라 (ryufeel)> 최고다
[2021-12-10 19:39:08] <whaleour> LOL
[2021-12-10 19:39:10] <%첫사랑우한경끝사랑우한경 (galatasa_)> 유키카다
[2021-12-10 19:39:11] <%소디스_ (sss0dis)> 엇 유키카
[2021-12-10 19:39:12] <moranmarket_dog_seller> sjawhdk
[2021-12-10 19:39:14] <moranmarket_dog_seller> 유키카넘조아
[2021-12-10 19:39:32] <%소디스_ (sss0dis)> 이게 네온이었나?
[2021-12-10 19:39:34] <%해나만보는물소가오냐시 (wndhs01)> 유키카 집 돈 쥰내 많다던데
[2021-12-10 19:39:37] <%첫사랑우한경끝사랑우한경 (galatasa_)> 롤하느라 앨범안낸다는게 학계의 정설인 가수
[2021-12-10 19:39:39] <$뚱뚱했던 (raffymcfatty)> haena0Gomtaengcheer haena0Gomtaengcheer haena0Gomtaengcheer
[2021-12-10 19:39:40] <%소디스_ (sss0dis)> 맞네 네온
[2021-12-10 19:39:42] <%커여운오리해나랑발짝짝꿍 (dydghks3673)> 진짜 노래 어디서 가져오시지...
[2021-12-10 19:39:42] <moranmarket_dog_seller> 시티팝 ㅠ
[2021-12-10 19:39:46] <$뚱뚱했던 (raffymcfatty)> 오랜만에 듣는 노래다
[2021-12-10 19:39:49] <%해나입술공칼로리 (limepep2)> 유키카구나
[2021-12-10 19:39:55] <%해나품으로데굴데굴 (ddaegul2)> 우왕
[2021-12-10 19:39:57] <%첫사랑우한경끝사랑우한경 (galatasa_)> 네
[2021-12-10 19:39:58] <%소디스_ (sss0dis)> 네
[2021-12-10 19:40:04] <%해나만보는물소가오냐시 (wndhs01)> 이게 어떻게 일본인
[2021-12-10 19:40:09] <%+샤루룽 (ndi11)> 유키카....
[2021-12-10 19:40:12] <%dh2____> 유키카 덕에 그 노래 나옴: 브론즈로 내려간다
[2021-12-10 19:40:15] <%+샤루룽 (ndi11)> 게임회사에서 가수 하시는분
[2021-12-10 19:40:16] <%첫사랑우한경끝사랑우한경 (galatasa_)> 정채연 닮...
[2021-12-10 19:40:16] <%소디스_ (sss0dis)> 일본인이 한국와서 한국말로 시티팝 부르심 ㅋㅋㅋ
[2021-12-10 19:40:20] <dog111139> 처음에 볼때 아이유인줄
[2021-12-10 19:40:25] <%해나입술공칼로리 (limepep2)> 노래좋다
[2021-12-10 19:40:34] <%해나품으로데굴데굴 (ddaegul2)> 신기해 신기해
[2021-12-10 19:40:43] <%첫사랑우한경끝사랑우한경 (galatasa_)> 정채연 닮지 않았어요?
[2021-12-10 19:41:00] <%+샤루룽 (ndi11)> 유키카님 소속사는 게임회사입니다?
[2021-12-10 19:41:15] <어디서개수작 (idkabc2e8)> 레슬링 ㄷㄷ
[2021-12-10 19:41:17] <moranmarket_dog_seller> ?
[2021-12-10 19:41:17] <@%^빵_떡 (bbangddeock)> bbangd1Un
[2021-12-10 19:41:26] <moranmarket_dog_seller> 칼은?
[2021-12-10 19:41:45] <%해나입술공칼로리 (limepep2)> ㅋㅋㅋㅋㅋ
[2021-12-10 19:41:46] <%해나품으로데굴데굴 (ddaegul2)> ㅋㅋㅋㅋㅋㅋㅋㅋㅋㅋ
[2021-12-10 19:41:47] <%소디스_ (sss0dis)> ㅋㅋㅋㅋㅋ
[2021-12-10 19:41:47] <%dh2____> ㅋㅋㅋㅋㅋㅋㅋ
[2021-12-10 19:41:48] <@%^빵_떡 (bbangddeock)> TMI, 성희롱, 어그로성 채팅 금지 / 훈수금지 / 지나친 타스머 언급 금지 (해나가 말할때 적당히) / 지나친 도배 및 부탁 금지 / 간신은 1절만 / 싸우지마세요
[2021-12-10 19:41:48] <%커여운오리해나랑발짝짝꿍 (dydghks3673)> ㅋㅋㅋㅋㅋㅋㅋㅋㅋㅋㅋㅋㅋㅋㅋ
[2021-12-10 19:41:48] <$뚱뚱했던 (raffymcfatty)> ㅋㅋㅋㅋㅋㅋ
[2021-12-10 19:41:50] <moranmarket_dog_seller> ㅋㅋㅋㅋㅋㅋㅋㅋㅋㅋㅋㅋㅋㅋㅋㅋ
[2021-12-10 19:41:51] <%dh2____> 갑자기 ㅋㅋㅋ
[2021-12-10 19:41:55] <%커여운오리해나랑발짝짝꿍 (dydghks3673)> 저건 처음봤네
[2021-12-10 19:41:58] <%해나품으로데굴데굴 (ddaegul2)> ㅋㅋㅋㅋㅋㅋㅋ
[2021-12-10 19:42:03] <만들자허니문얼죽아유쨩 (earl_juk_a)> ㅋㅋㅋㅋㅋㅋㅋㅋㅋㅋㅋㅋㅋㅋㅋㅋㅋㅋㅋㅋㅋㅋㅋㅋㅋㅋㅋㅋㅋㅋ
[2021-12-10 19:42:03] <$뚱뚱했던 (raffymcfatty)> 아무도 안 물어봤다 ㅠㅠ
[2021-12-10 19:42:10] <%커여운오리해나랑발짝짝꿍 (dydghks3673)> 찹찹이 저런 리믹스를 했다니
[2021-12-10 19:42:23] <%해나입술공칼로리 (limepep2)> 주짓수도 실전에 좋죠
[2021-12-10 19:42:25] <%해나품으로데굴데굴 (ddaegul2)> MAA는 주짓수를 기본으로 배운다고 들었음
[2021-12-10 19:42:26] <%dh2____> ㅋㅋㅋㅋㅋㅋㅋㅋㅋ
[2021-12-10 19:42:34] <%해나입술공칼로리 (limepep2)> ㅋㅋㅋㅋㅋ
[2021-12-10 19:42:38] <%해나품으로데굴데굴 (ddaegul2)> 엌ㅋㅋㅋㅋㅋㅋㅋ
[2021-12-10 19:42:41] <%해나품으로데굴데굴 (ddaegul2)> 너무 끔찍해
[2021-12-10 19:42:42] <%커여운오리해나랑발짝짝꿍 (dydghks3673)> ㅋㅋㅋㅋㅋㅋㅋㅋㅋ
[2021-12-10 19:42:42] <%첼로맨 (ghkd1212)> ㅋㅋㅋㅋㅋㅋㅋㅋㅋㅋㅋㅋㅋㅋㅋㅋㅋㅋㅋㅋㅋㅋㅋ
[2021-12-10 19:42:43] <%해나입술공칼로리 (limepep2)> 기겁하는 이나영
[2021-12-10 19:42:45] <%dh2____> 길 시키면 다할때 ㅋㅋㅋㅋ
[2021-12-10 19:42:46] <만들자허니문얼죽아유쨩 (earl_juk_a)> 원빈 와이프!!!!
[2021-12-10 19:42:51] <$뚱뚱했던 (raffymcfatty)> ㅋㅋㅋㅋㅋ
[2021-12-10 19:42:52] <%해나입술공칼로리 (limepep2)> 못볼꼴
[2021-12-10 19:43:08] <%해나만보는물소가오냐시 (wndhs01)> 저렇게 이쁘면 못생김 알러지 있을수도 있지
[2021-12-10 19:43:20] <%해나품으로데굴데굴 (ddaegul2)> ㅋㅋㅋㅋㅋ
[2021-12-10 19:43:44] <%해나품으로데굴데굴 (ddaegul2)> ㅋㅋㅋㅋㅋㅋㅋㅋㅋㅋㅋㅋ
[2021-12-10 19:43:44] <%해나입술공칼로리 (limepep2)> ㅋㅋㅋㅋㅋㅋㅋ
[2021-12-10 19:43:48] <$뚱뚱했던 (raffymcfatty)> ㅇ0ㅇ
[2021-12-10 19:43:48] <%+샤루룽 (ndi11)> 뽑기전에 영도 끝나면..
[2021-12-10 19:43:49] <%해나품으로데굴데굴 (ddaegul2)> 아니 ㅋㅋㅋㅋㅋㅋㅋㅋㅋㅋㅋㅋ
[2021-12-10 19:43:50] <%+샤루룽 (ndi11)> 엌..
[2021-12-10 19:43:53] <%해나만보는물소가오냐시 (wndhs01)> 유재석 승
[2021-12-10 19:44:13] <%해나입술공칼로리 (limepep2)> 영환가
[2021-12-10 19:44:19] <%커여운오리해나랑발짝짝꿍 (dydghks3673)> 와 칼각
[2021-12-10 19:44:20] <moranmarket_dog_seller> 광고야?
[2021-12-10 19:44:26] <%해나만보는물소가오냐시 (wndhs01)> 이게 머고
[2021-12-10 19:44:33] <%해나품으로데굴데굴 (ddaegul2)> 우리나라처럼 이쁜 포카리광고가 아닌데서 오는 충격
[2021-12-10 19:44:34] <dog111139> 포카리 광고 입니다
[2021-12-10 19:44:38] <%dh2____> 병맛 광고 잘해
[2021-12-10 19:44:58] <dog111139> 실제 학생입니다
[2021-12-10 19:45:04] <%해나만보는물소가오냐시 (wndhs01)> 감성 이해가 안된다
[2021-12-10 19:45:22] <%해나입술공칼로리 (limepep2)> 마리오?
[2021-12-10 19:45:35] <%커여운오리해나랑발짝짝꿍 (dydghks3673)> 마리오광곤가?
[2021-12-10 19:45:37] <%해나만보는물소가오냐시 (wndhs01)> 오
[2021-12-10 19:45:37] <%해나품으로데굴데굴 (ddaegul2)> ㄷㄷㄷㄷ
[2021-12-10 19:45:40] <moranmarket_dog_seller> 닌텐도야?
[2021-12-10 19:45:46] <%dh2____> 들어가면 납작 해나 됨
[2021-12-10 19:45:58] <moranmarket_dog_seller> 요시 타보고 싶다
[2021-12-10 19:46:00] <%해나만보는물소가오냐시 (wndhs01)> 쩐다
[2021-12-10 19:46:00] <%해나품으로데굴데굴 (ddaegul2)> ㅋㅋㅋㅋㅋ
[2021-12-10 19:46:01] <dog111139> 오사카 마리오 월드 개봉기념으로 제작한 cm광고입니다
[2021-12-10 19:46:02] <%해나입술공칼로리 (limepep2)> 버섯먹고 커질수도
[2021-12-10 19:46:17] <%해나입술공칼로리 (limepep2)> 꽃먹고 불쏘고
[2021-12-10 19:46:19] <dog111139> 실제로 노란 박스 눌러볼수도 있습니다
[2021-12-10 19:46:23] <moranmarket_dog_seller> 오사카 마리오월드 가보고싶다 ㅠ
[2021-12-10 19:46:27] <%커여운오리해나랑발짝짝꿍 (dydghks3673)> 와 잘 만들었다
[2021-12-10 19:46:35] <%해나입술공칼로리 (limepep2)> 무적
[2021-12-10 19:46:37] <moranmarket_dog_seller> 개재밋겠다
[2021-12-10 19:46:50] <%해나품으로데굴데굴 (ddaegul2)> 와 피치공주!
[2021-12-10 19:46:53] <%해나입술공칼로리 (limepep2)> 요시도있네
[2021-12-10 19:46:54] <%커여운오리해나랑발짝짝꿍 (dydghks3673)> 카트도 있네
[2021-12-10 19:47:04] <%해나입술공칼로리 (limepep2)> 깃발잡기
[2021-12-10 19:47:08] <dog111139> 광고 음악도 galantis 와 charil xcx 공동 제작한겁니다
[2021-12-10 19:47:12] <moranmarket_dog_seller> 마리오ost 리믹스야? ㄷㄷ
[2021-12-10 19:47:30] <%해나입술공칼로리 (limepep2)> 재밌겠다
[2021-12-10 19:47:34] <moranmarket_dog_seller> 크
[2021-12-10 19:47:40] <moranmarket_dog_seller> 디즈니랜드보다 더 떙기네
[2021-12-10 19:47:55] <%커여운오리해나랑발짝짝꿍 (dydghks3673)> 오늘 영도데이 맞나보네
[2021-12-10 19:48:21] <%해나입술공칼로리 (limepep2)> jyp신인 걸그룹이요
[2021-12-10 19:48:30] <$뚱뚱했던 (raffymcfatty)> 오
[2021-12-10 19:48:32] <%해나입술공칼로리 (limepep2)> 릴리m
[2021-12-10 19:48:37] <%해나만보는물소가오냐시 (wndhs01)> 와
[2021-12-10 19:48:41] <%해나입술공칼로리 (limepep2)> 왼쪽 릴리m
[2021-12-10 19:48:42] <%해나품으로데굴데굴 (ddaegul2)> 오잉?
[2021-12-10 19:48:54] <만들자허니문얼죽아유쨩 (earl_juk_a)> 크으 곧 나올 보석함
[2021-12-10 19:49:11] <%해나만보는물소가오냐시 (wndhs01)> 영상 구성 좋다
[2021-12-10 19:49:18] <만들자허니문얼죽아유쨩 (earl_juk_a)> 그 서바이벌 나왔던 꼬마
[2021-12-10 19:49:22] <%해나품으로데굴데굴 (ddaegul2)> 오모나...
[2021-12-10 19:49:38] <$뚱뚱했던 (raffymcfatty)> haena0Gomtaengcheer haena0Gomtaengcheer
[2021-12-10 19:49:59] <%해나품으로데굴데굴 (ddaegul2)> 대단하다
[2021-12-10 19:50:03] <moranmarket_dog_seller> 크...
[2021-12-10 19:50:09] <%해나입술공칼로리 (limepep2)> 전축남자가
[2021-12-10 19:50:12] <dog111139> ㅋㅋㅋㅋㅋㅋㅋㅋㅋㅋㅋㅋㅋㅋ
[2021-12-10 19:50:14] <%해나입술공칼로리 (limepep2)> 저거 만든분인가보다
[2021-12-10 19:50:16] <%해나품으로데굴데굴 (ddaegul2)> 엉? ㅋㅋㅋㅋㅋ
[2021-12-10 19:50:28] <%커여운오리해나랑발짝짝꿍 (dydghks3673)> 캬
[2021-12-10 19:50:29] <$뚱뚱했던 (raffymcfatty)> 와
[2021-12-10 19:50:30] <dog111139> 와
[2021-12-10 19:50:31] <$뚱뚱했던 (raffymcfatty)> 노래가 좋네
[2021-12-10 19:50:38] <dog111139> ㅌㅋㅋㅋㅋㅋㅋㅋㅋㅋㅋㅋㅋ
[2021-12-10 19:50:38] <%해나품으로데굴데굴 (ddaegul2)> 흑흑
[2021-12-10 19:50:42] <moranmarket_dog_seller> 흑흑
[2021-12-10 19:50:43] <dog111139> 진짜 인재다
[2021-12-10 19:51:11] <%해나품으로데굴데굴 (ddaegul2)> 와 느낌 좋아
[2021-12-10 19:51:32] <%해나품으로데굴데굴 (ddaegul2)> 간 주 중
[2021-12-10 19:52:04] <%커여운오리해나랑발짝짝꿍 (dydghks3673)> 와
[2021-12-10 19:52:21] <%dh2____> 저 빨간 신디? 이쁘다요
[2021-12-10 19:52:33] <%해나입술공칼로리 (limepep2)> 동글동글
[2021-12-10 19:52:52] <%+샤루룽 (ndi11)> 이쁘다고 한것의 대상이 서로 달랐다...
[2021-12-10 19:53:36] <dog111139> 이 아티스트만 유독 잘 안뜨더라고요
[2021-12-10 19:53:50] <%해나입술공칼로리 (limepep2)> 봄에 어울리는 목소리
[2021-12-10 19:53:53] <%해나품으로데굴데굴 (ddaegul2)> 이런 분들 어떻게 다 알고 계시는 거예요 ㄷㄷ
[2021-12-10 19:53:54] <dog111139> 오마이걸이랑 브아걸 초기멤버일때부터 좋아했는데
[2021-12-10 19:54:00] <%커여운오리해나랑발짝짝꿍 (dydghks3673)> ㅠㅠ
[2021-12-10 19:54:13] <%해나품으로데굴데굴 (ddaegul2)> 브아걸이요?
[2021-12-10 19:54:40] <%+샤루룽 (ndi11)> ??
[2021-12-10 19:54:42] <dog111139> 브레이브 걸스요 처음 뮤비 바뀐거
[2021-12-10 19:54:49] <%+샤루룽 (ndi11)> 오마이걸 초기맴버는 아닌데
[2021-12-10 19:54:56] <%해나입술공칼로리 (limepep2)> 아 브브걸
[2021-12-10 19:55:07] <%+샤루룽 (ndi11)> 연습생이면 그럴수도 있지만..흐응
[2021-12-10 19:55:24] <%해나품으로데굴데굴 (ddaegul2)> ?
[2021-12-10 19:55:24] <@%^빵_떡 (bbangddeock)> bbangd1Un
[2021-12-10 19:55:25] <%커여운오리해나랑발짝짝꿍 (dydghks3673)> 가지마 ㅠㅠ
[2021-12-10 19:55:28] <$뚱뚱했던 (raffymcfatty)> ?
[2021-12-10 19:55:29] <dog111139> 노래 더 많지만 내일 보죵 ㅎㅎ
[2021-12-10 19:55:30] <%해나품으로데굴데굴 (ddaegul2)> 벌써 가다니 너무해요
[2021-12-10 19:55:30] <%+샤루룽 (ndi11)> 오마이걸 초기맴버였던 탈퇴맴은 진이뿐이었으니
[2021-12-10 19:55:32] <moranmarket_dog_seller> ㅠㅠㅠㅠ
[2021-12-10 19:55:32] <%+샤루룽 (ndi11)> 에에??
[2021-12-10 19:55:36] <moranmarket_dog_seller> 어딜가
[2021-12-10 19:55:37] <moranmarket_dog_seller> ㅠㅠ
[2021-12-10 19:55:38] <%+샤루룽 (ndi11)> 왜 벌써 방종이죠?
[2021-12-10 19:55:41] <%첼로맨 (ghkd1212)> 흐에엥 아쉽다
[2021-12-10 19:55:42] <%첼로맨 (ghkd1212)> 해나
[2021-12-10 19:55:44] <$뚱뚱했던 (raffymcfatty)> gilyouAnfdmavy gilyouAnfdmavy gilyouAnfdmavy
[2021-12-10 19:55:46] <%커여운오리해나랑발짝짝꿍 (dydghks3673)> 맨날 방송하면 다음날이 휴방인거 같아 ㅠㅠ
[2021-12-10 19:55:48] <%해나품으로데굴데굴 (ddaegul2)> 너무 짧은데 ㅠㅠㅠ
[2021-12-10 19:55:51] <%첼로맨 (ghkd1212)> 뭐야 눈깜짝한사이에 5시간보고있엇네
[2021-12-10 19:55:57] <moranmarket_dog_seller> ㅠㅜㅠㅜ
[2021-12-10 19:55:59] <%커여운오리해나랑발짝짝꿍 (dydghks3673)> ㅠㅠ
[2021-12-10 19:55:59] <%+샤루룽 (ndi11)> 해나 맨날 방종해...
[2021-12-10 19:56:06] <%커여운오리해나랑발짝짝꿍 (dydghks3673)> 해손실 돌려줘 ㅠㅠ
[2021-12-10 19:56:08] <%첼로맨 (ghkd1212)> 노래가즈아아
[2021-12-10 19:56:13] <$뚱뚱했던 (raffymcfatty)> 내일 기티에이 하실 거죠?
[2021-12-10 19:56:20] <%해나입술공칼로리 (limepep2)> 오
[2021-12-10 19:56:21] <dog111139> see you again
[2021-12-10 19:56:24] <%해나입술공칼로리 (limepep2)> 해레버 나온다
[2021-12-10 19:56:26] <$뚱뚱했던 (raffymcfatty)> gilyouHh gilyouHh haena0Duck haena0Gomtaengcheer
[2021-12-10 19:56:27] <%해나품으로데굴데굴 (ddaegul2)> 혼미해진다
[2021-12-10 19:56:28] <%+샤루룽 (ndi11)> 수고했어오늘ㄷ?
[2021-12-10 19:56:46] <$뚱뚱했던 (raffymcfatty)> 수금했어 오늘도 bamsikSmile
[2021-12-10 19:56:52] <%해나입술공칼로리 (limepep2)> ㅋㅋㅋㅋㅋㅋㅋㅋ
[2021-12-10 19:56:54] <%해나품으로데굴데굴 (ddaegul2)> ㅋㅋㅋㅋㅋㅋㅋㅋ
[2021-12-10 19:56:59] <%+샤루룽 (ndi11)> 엌ㅋㅋㅋㅋㅋ
[2021-12-10 19:57:01] <만들자허니문얼죽아유쨩 (earl_juk_a)> 맞다맞다. 카이 신곡 나온거 알지? 피치스도 좋은데 해나한테는 도미노가 더 어울리는거 같어. 이것도 약간 로꼬보다 스와이프가 어울리던 너낌
[2021-12-10 19:57:04] <%커여운오리해나랑발짝짝꿍 (dydghks3673)> 안녕은 영원한 헤어짐은 아니겠지여?
[2021-12-10 19:57:09] <dog111139> 헤이즈 헤픈우연
[2021-12-10 19:57:14] <만들자허니문얼죽아유쨩 (earl_juk_a)> 수금했어 오늘도~~ 아무도 너의 도네에 관심 없데도~
[2021-12-10 19:57:21] <%해나품으로데굴데굴 (ddaegul2)> ㅋㅋㅋㅋㅋㅋㅋㅋㅋ
[2021-12-10 19:57:26] <%현우0825 (ksh9737)> 안녕하세요
[2021-12-10 19:57:30] <%현우0825 (ksh9737)> !출첵
[2021-12-10 19:57:30] <@%^빵_떡 (bbangddeock)> 현우0825 --> [2021-12-10] 이 채널의 62 번째 출석체크입니다. bbangd1Love  [5연속]
[2021-12-10 19:57:31] <%해나품으로데굴데굴 (ddaegul2)> 너무 잘불러서 더 킹받네
[2021-12-10 19:57:35] <dog111139> ㅠㅠㅠ 관심없으면
[2021-12-10 19:57:41] <dog111139> 보내지 않을거야..
[2021-12-10 19:57:56] <%커여운오리해나랑발짝짝꿍 (dydghks3673)> ㅠㅠ
[2021-12-10 19:57:56] <$뚱뚱했던 (raffymcfatty)> haena0Gomtaengcheer haena0Gomtaengcheer haena0Gomtaengcheer haena0Gomtaengcheer haena0Gomtaengcheer
[2021-12-10 19:58:00] <만들자허니문얼죽아유쨩 (earl_juk_a)> 해나 헤픈우연 춤 기억나?
[2021-12-10 19:58:22] <%+샤루룽 (ndi11)> 소리 안나길래 안켠줄
[2021-12-10 19:58:25] <만들자허니문얼죽아유쨩 (earl_juk_a)> 크으~
[2021-12-10 19:58:27] <BlueGamerz05> hi there
[2021-12-10 19:58:29] <%첼로맨 (ghkd1212)> 목소리 너무달달하구..
[2021-12-10 19:58:33] <%해나품으로데굴데굴 (ddaegul2)> haena0Wow
[2021-12-10 19:58:33] <%+샤루룽 (ndi11)> 입에서 띄우면 안나는거였구나
[2021-12-10 19:58:36] <%커여운오리해나랑발짝짝꿍 (dydghks3673)> 그만가 ㅠㅠ
[2021-12-10 19:58:47] <%+샤루룽 (ndi11)> 해나 방종습관좀 고쳤으면 좋겠어요
[2021-12-10 19:58:50] <%해나입술공칼로리 (limepep2)> BibleThump
[2021-12-10 19:58:55] <%커여운오리해나랑발짝짝꿍 (dydghks3673)> 누가 제발 24시간 걸려주세요
[2021-12-10 19:59:02] <dog111139> 내일와용 🙏
[2021-12-10 19:59:12] <%해나품으로데굴데굴 (ddaegul2)> 누가 김해나 좀 마이크에다 붙여놨으면 좋겠다
[2021-12-10 19:59:15] <%해나품으로데굴데굴 (ddaegul2)> 24시간 노래부르게
[2021-12-10 19:59:16] <%해나입술공칼로리 (limepep2)> !사전 24시간
[2021-12-10 19:59:16] <@%^빵_떡 (bbangddeock)> [사전] 24시간 - 24시간 은 다음을 의미한다. 24시간제: 하루를 24개의 시간으로 나눈 것 24시간 주기 리듬 하루 24시간 서비스 24시간 (Make Some Noise): 《PRODUCE 101》의 참가자들의 미니 앨범 PRODUCE 101...
[2021-12-10 19:59:20] <%커여운오리해나랑발짝짝꿍 (dydghks3673)> ㄷㄷ
[2021-12-10 19:59:34] <%첼로맨 (ghkd1212)> 완전잘해놓고 ...
[2021-12-10 19:59:44] <dog111139> 24시간이 모자라
[2021-12-10 19:59:47] <%첼로맨 (ghkd1212)> 막곡인데 1절하고가는거 맞아~?~?
[2021-12-10 19:59:48] <%커여운오리해나랑발짝짝꿍 (dydghks3673)> 안녕은 영원한 헤어짐은 아니겠지요 ㅠㅠ
[2021-12-10 19:59:51] <흉성의애완동물머리털이니 (qudtkd123)> !출첵
[2021-12-10 19:59:51] <@%^빵_떡 (bbangddeock)> 흉성의애완동물머리털이니 --> [2021-12-10] 이 채널의 3 번째 출석체크입니다. bbangd1Love   (지난 출석일 : 2021-10-23)
[2021-12-10 19:59:52] <moranmarket_dog_seller> ㅠㅠㅠㅠㅠ
[2021-12-10 19:59:54] <%빛지마 (bitjima)> 수고했어 ㅠㅠㅠ
[2021-12-10 19:59:55] <%해나품으로데굴데굴 (ddaegul2)> 아직도요? ㅋㅋㅋㅋㅋ
[2021-12-10 19:59:55] <$뚱뚱했던 (raffymcfatty)> bamsikHI bamsikHI
[2021-12-10 19:59:56] <흉성의애완동물머리털이니 (qudtkd123)> !가위바위보 보
[2021-12-10 19:59:57] <%해나입술공칼로리 (limepep2)> 시원하겠다
[2021-12-10 19:59:59] <%+샤루룽 (ndi11)> 해나 방종 멈춰!ㅠ
[2021-12-10 20:00:04] <moranmarket_dog_seller> 나 시 조 아
[2021-12-10 20:00:05] <%dh2____> 의상비도 덜들고 좋다!
[2021-12-10 20:00:08] <%해나품으로데굴데굴 (ddaegul2)> 방종 너무 싫어
[2021-12-10 20:00:09] <%커여운오리해나랑발짝짝꿍 (dydghks3673)> 멈춰 ㅠㅠㅠ
[2021-12-10 20:00:12] <만들자허니문얼죽아유쨩 (earl_juk_a)> 아 도라에몽 죽어 ㅠㅠㅠㅠ
[2021-12-10 20:00:18] <흉성의애완동물머리털이니 (qudtkd123)> 노래만들었는데 방종이래...
[2021-12-10 20:00:23] <%+샤루룽 (ndi11)> 아참
[2021-12-10 20:00:23] <%커여운오리해나랑발짝짝꿍 (dydghks3673)> 제발 멈춰...
[2021-12-10 20:00:29] <%해나품으로데굴데굴 (ddaegul2)> 저랑 도라에몽 납치하실 분 구합니다
[2021-12-10 20:00:30] <dog111139> 안녕
[2021-12-10 20:00:31] <moranmarket_dog_seller> yu2beeMe ㅅ ㅣ rangnaKk
[2021-12-10 20:00:32] <%dh2____> 도라에몽 이 나체 고양이
[2021-12-10 20:00:35] <%+샤루룽 (ndi11)> 크리스마스 의상 준비했었던가요??
[2021-12-10 20:00:42] <만들자허니문얼죽아유쨩 (earl_juk_a)> 나체고양이 ㅋㅋㅋㅋㅋㅋㅋ
[2021-12-10 20:00:46] <%해나입술공칼로리 (limepep2)> ㅋㅋㅋㅋㅋㅋㅋㅋㅋ
[2021-12-10 20:00:52] <%커여운오리해나랑발짝짝꿍 (dydghks3673)> 야라에몽 너무 싫어...
[2021-12-10 20:00:53] <%해나품으로데굴데굴 (ddaegul2)> 앗
[2021-12-10 20:00:54] <%+샤루룽 (ndi11)> 아항
[2021-12-10 20:00:56] <%해나품으로데굴데굴 (ddaegul2)> 한번도 안나온 의상
[2021-12-10 20:01:00] <%해나품으로데굴데굴 (ddaegul2)> ㅠㅜ
[2021-12-10 20:01:04] <%+샤루룽 (ndi11)> 한번도 안입었던옷이라니 뭘까
[2021-12-10 20:01:06] <%커여운오리해나랑발짝짝꿍 (dydghks3673)> 거기선 투배럭 못 한다구...
[2021-12-10 20:01:06] <%첼로맨 (ghkd1212)> 해바..
[2021-12-10 20:01:07] <만들자허니문얼죽아유쨩 (earl_juk_a)> ㅠㅠㅠㅠㅠㅠㅠㅠㅠㅠㅠㅠㅠㅠㅠㅠㅠㅠㅠㅠㅠㅠㅠㅠ
[2021-12-10 20:01:08] <%해나품으로데굴데굴 (ddaegul2)> 칼퇴 에바야
[2021-12-10 20:01:10] <moranmarket_dog_seller> 해바...
[2021-12-10 20:01:11] <moranmarket_dog_seller> ㅠㅠㅠㅠㅠ
[2021-12-10 20:01:15] <%첼로맨 (ghkd1212)> haena0Hae haena0Na haena0Hae haena0Eung haena0Euu haena0Eung
[2021-12-10 20:01:15] <$뚱뚱했던 (raffymcfatty)> gilyouHh haena0Duck bamsikHI
[2021-12-10 20:01:15] <%해나품으로데굴데굴 (ddaegul2)> 해바
[2021-12-10 20:01:16] <@%^빵_떡 (bbangddeock)> 해나품으로데굴데굴 님 또 와줘요 고마워요 빠빠T_T
[2021-12-10 20:01:19] <%해나입술공칼로리 (limepep2)> 해바
[2021-12-10 20:01:19] <%dh2____> 해바ㅏㅏ
[2021-12-10 20:01:21] <%커여운오리해나랑발짝짝꿍 (dydghks3673)> 체굴 2배로 하고있었는데 ㅠㅠ
[2021-12-10 20:01:22] <%커여운오리해나랑발짝짝꿍 (dydghks3673)> 해바
[2021-12-10 20:01:23] <@%^빵_떡 (bbangddeock)> 커여운오리해나랑발짝짝꿍 님 또 와줘요 고마워요 빠빠T_T
[2021-12-10 20:01:23] <%+샤루룽 (ndi11)> 해바
[2021-12-10 20:01:23] <흉성의애완동물머리털이니 (qudtkd123)> 해바
[2021-12-10 20:01:24] <moranmarket_dog_seller> 해바해바
[2021-12-10 20:01:25] <%첫눈내리는날만난오리해나 (dydghks0959)> 해바
[2021-12-10 20:01:35] <%빛지마 (bitjima)> 해바해바
[2021-12-10 20:01:38] <%해나품으로데굴데굴 (ddaegul2)> 오늘 김해나 개쩔었다
[2021-12-10 20:01:47] <%+샤루룽 (ndi11)> 낼은 언제와요.ㅠㅠ
[2021-12-10 20:01:48] <@%^빵_떡 (bbangddeock)> 이 스트리머의 더 많은 영상이 궁금하다면?! https://www.youtube.com/channel/UC7fb_otyeVjt4UNPe0W5nGw
[2021-12-10 20:01:48] <오각두 (dhrkren)> 나도나도
[2021-12-10 20:01:50] <%커여운오리해나랑발짝짝꿍 (dydghks3673)> ㅠㅠ
[2021-12-10 20:01:52] <%DaddyoE7th> Gn
[2021-12-10 20:01:53] <moranmarket_dog_seller> 해바...ㅠㅠ
[2021-12-10 20:01:54] <오각두 (dhrkren)> 월급루팡중이야
[2021-12-10 20:01:58] <%해나입술공칼로리 (limepep2)> haena0Haeba
[2021-12-10 20:02:00] <$뚱뚱했던 (raffymcfatty)> 뿅~
[2021-12-10 20:02:01] <%Wiidzu> bye bye
[2021-12-10 20:02:01] <moranmarket_dog_seller> TearGlove TearGlove
[2021-12-10 20:02:02] <moranmarket_dog_seller> TearGlove TearGlove TearGlove TearGlove
[2021-12-10 20:02:04] <moranmarket_dog_seller> TearGlove TearGlove
[2021-12-10 20:02:05] <%+샤루룽 (ndi11)> 낼은 대충 언제 오나욧
[2021-12-10 20:02:06] <%커여운오리해나랑발짝짝꿍 (dydghks3673)> 기메나 체하지만 말라구 ㅠㅠ
[2021-12-10 20:02:07] <moranmarket_dog_seller> TearGlove TearGlove TearGlove TearGlove TearGlove TearGlove
[2021-12-10 20:02:11] [Info] Now hosting 리링이__.
[2021-12-10 20:02:34] <하루하루과제지옥 (dbdhmwkhl)> 해바ㅠㅠ
[2021-12-10 20:04:44] ~Stream offline~
[2021-12-10 20:08:23] Viewerstats (19:37-20:02): avg:168 min:159 max:173 [14/169+2+0-4+0+0-2+0+8+0+0-5+0-9_]
[2021-12-10 20:08:35] <~%해나 (haena_0714)> 모르고 일찍 버튼 눌러버림 ;;
[2021-12-10 20:08:38] <~%해나 (haena_0714)> 잘가트수들 낼봥
[2021-12-10 20:21:48] <@%^빵_떡 (bbangddeock)> TMI, 성희롱, 어그로성 채팅 금지 / 훈수금지 / 지나친 타스머 언급 금지 (해나가 말할때 적당히) / 지나친 도배 및 부탁 금지 / 간신은 1절만 / 싸우지마세요
[2021-12-10 21:43:48] [Info] riring2 has gone offline. Exiting host mode.
[2021-12-10 21:46:00] You have left #haena_0714
# Log closed: 2021-12-10 21:46:00 +0900
-
