# Log started: 2021-12-10 19:34:33 +0900
[2021-12-10 19:34:33] #hanny2727 채널 입장 중입니다
[2021-12-10 19:34:33] #hanny2727 채널에 입장했습니다
[2021-12-10 19:34:33] ~(유입환영) 난 너무잠이와 잠깨워줘 트수야 (Just Chatting)~
[2021-12-10 19:34:47] <미분젖분 (rockmanxg)> 근데 발바닥 왜 누렇샤
[2021-12-10 19:34:53] <개망한04년생 (jungsifighter0530)> 예쁘긴해
[2021-12-10 19:34:57] <%kakaohenry04> 로즈공듀등장
[2021-12-10 19:35:20] <미분젖분 (rockmanxg)> 투턱잡힘ㄷㄷ
[2021-12-10 19:35:21] <+beavisp> I love see you happy and smiling
[2021-12-10 19:36:18] <미분젖분 (rockmanxg)> 댄스타임
[2021-12-10 19:36:28] <%이과생123 (bbchunjae2)> 써니좀
[2021-12-10 19:36:47] <jessng999> ㅇㅇ
[2021-12-10 19:36:48] <@^빵_떡 (bbangddeock)> 어서오세요 아직 팔로우 안하셨다면 팔로우 부탁해요 °˖✧◝(⁰▿⁰)◜✧˖°
[2021-12-10 19:37:03] <%이과생123 (bbchunjae2)> 경운기?
[2021-12-10 19:38:03] <미분젖분 (rockmanxg)> 비고라이브 방송해달라고
[2021-12-10 19:38:20] <앱솔리튜드 (filious1)> 물어보지말고 들어가봐
[2021-12-10 19:38:25] <미분젖분 (rockmanxg)> 수수료 장사지 뭐
[2021-12-10 19:38:48] <앱솔리튜드 (filious1)> 하꼬니가 광고하지
[2021-12-10 19:38:55] <앱솔리튜드 (filious1)> 머기업은 돈줘야 옮기지
[2021-12-10 19:39:03] <%이과생123 (bbchunjae2)> 쨈님이 하꼬라뇨~
[2021-12-10 19:39:05] <트수추노꾼로즈쨈 (axe9854)> 오늘퇴근비나 챙켜가셔
[2021-12-10 19:39:06] <미분젖분 (rockmanxg)> 그럴걸? 비고는 그럼
[2021-12-10 19:39:08] <트수추노꾼로즈쨈 (axe9854)> 나야나
[2021-12-10 19:39:24] <트수추노꾼로즈쨈 (axe9854)> 안챙겨가면
[2021-12-10 19:39:27] <트수추노꾼로즈쨈 (axe9854)> 본인탓
[2021-12-10 19:39:29] <부활한민두순 (enghdzns)> 방장님 백신 맞으셧나요 ?
[2021-12-10 19:39:50] <개망한04년생 (jungsifighter0530)> 모더나
[2021-12-10 19:39:51] <부활한민두순 (enghdzns)> 왜 맞기로 마음 바꿧나요 ??
[2021-12-10 19:39:52] <%이과생123 (bbchunjae2)> 화
[2021-12-10 19:39:53] <트수추노꾼로즈쨈 (axe9854)> 이걸로 나중에 하겐다즈 사묵으셈
[2021-12-10 19:40:00] <%이과생123 (bbchunjae2)> 화이자
[2021-12-10 19:40:03] <미분젖분 (rockmanxg)> 스푸트니크
[2021-12-10 19:40:13] <트수추노꾼로즈쨈 (axe9854)> 10000원은 내가한거아님
[2021-12-10 19:40:30] <%이과생123 (bbchunjae2)> 써니한테 매일 하겐다즈 사줘야지
[2021-12-10 19:40:44] <미분젖분 (rockmanxg)> 화이자 모더나 택1
[2021-12-10 19:40:48] <개망한04년생 (jungsifighter0530)> 성인은 모더나
[2021-12-10 19:40:49] <%이과생123 (bbchunjae2)> 화이자
[2021-12-10 19:40:50] <트수추노꾼로즈쨈 (axe9854)> 화이자가좋지
[2021-12-10 19:40:54] <%이과생123 (bbchunjae2)> 맞으셈
[2021-12-10 19:40:58] <너도잦나무 (why0486)> 요즘 오미크론에는 화이자가 조금 더 낫다고 하네요.
[2021-12-10 19:41:01] <트수추노꾼로즈쨈 (axe9854)> 모더나 컷
[2021-12-10 19:41:03] <부활한민두순 (enghdzns)> 백신 맞기로 결심한 이유는 뭔가요 ???
[2021-12-10 19:41:05] <미분젖분 (rockmanxg)> 얀센은 델타 잘 뚫림
[2021-12-10 19:41:10] <미련남은전남친 (09_bye)> 아냐 지금 그자세 아냐 사장님
[2021-12-10 19:41:14] <미련남은전남친 (09_bye)> 지금 배 접히는거 너무 적날해
[2021-12-10 19:41:16] <미분젖분 (rockmanxg)> 모더나가 제일 잘 막고
[2021-12-10 19:41:28] <%이과생123 (bbchunjae2)> Adenoviral 계열은 다 쓰레기임
[2021-12-10 19:41:32] <미련남은전남친 (09_bye)> 성공!
[2021-12-10 19:41:36] <미분젖분 (rockmanxg)> 투턱은 잡혀도 배는 괘낞다
[2021-12-10 19:41:37] <부활한민두순 (enghdzns)> 왜 배꼽이 없음요 ??
[2021-12-10 19:41:39] <%이과생123 (bbchunjae2)> 아제 얀센이런거
[2021-12-10 19:42:12] <%이과생123 (bbchunjae2)> 그거
[2021-12-10 19:42:19] <%이과생123 (bbchunjae2)> 구강으로
[2021-12-10 19:42:22] <%이과생123 (bbchunjae2)> 해도됨
[2021-12-10 19:42:25] <미분젖분 (rockmanxg)> 진짜 집순이노
[2021-12-10 19:42:31] <%이과생123 (bbchunjae2)> 지침바뀜
[2021-12-10 19:42:31] <부활한민두순 (enghdzns)> 백신 맞기싫어서 안맞는중
[2021-12-10 19:42:32] <개망한04년생 (jungsifighter0530)> 코에 긴 면봉 넣는거 아프긴한데
[2021-12-10 19:42:40] <%이과생123 (bbchunjae2)> 모르는듯
[2021-12-10 19:42:53] <%이과생123 (bbchunjae2)> ㅜㅜ
[2021-12-10 19:42:58] <%이과생123 (bbchunjae2)> 내가 안아푸게
[2021-12-10 19:43:01] <%이과생123 (bbchunjae2)> 해줄게
[2021-12-10 19:43:20] <%이과생123 (bbchunjae2)> 나도사실
[2021-12-10 19:43:21] <미분젖분 (rockmanxg)> 지금은 신청하면 당일 될걸
[2021-12-10 19:43:25] <%이과생123 (bbchunjae2)> 무자비하게 쑤심
[2021-12-10 19:43:28] <개망한04년생 (jungsifighter0530)> 와
[2021-12-10 19:43:35] <트수추노꾼로즈쨈 (axe9854)> 쑤우우욱하고 들어가지않나
[2021-12-10 19:43:37] <트수추노꾼로즈쨈 (axe9854)> 면봉
[2021-12-10 19:43:45] <미분젖분 (rockmanxg)> 상대가 S면 쎄게 놓음
[2021-12-10 19:43:46] <%이과생123 (bbchunjae2)> 못봄
[2021-12-10 19:43:48] <개망한04년생 (jungsifighter0530)> ㅇㅇ 근데 이모ㅓ는 제외
[2021-12-10 19:43:48] <부활한민두순 (enghdzns)> ㄴㄴ 간호사가 여자라서 더 짜증내면서 쎄게 주사놓음
[2021-12-10 19:43:59] <%이과생123 (bbchunjae2)> 피살짝날수도
[2021-12-10 19:44:20] <미분젖분 (rockmanxg)> ㅋㅋㅋㅋㅋㅋㅋㅋㅋㅋㅋㅋㅋㅋㅋ
[2021-12-10 19:44:21] <개망한04년생 (jungsifighter0530)> 와
[2021-12-10 19:44:25] <%이과생123 (bbchunjae2)> 흠
[2021-12-10 19:44:27] <만두왕_ (qkrwlgma007pepe)> 봐줄거같네요!
[2021-12-10 19:44:29] <미분젖분 (rockmanxg)> 사회생활 톤 나오네
[2021-12-10 19:44:30] <부활한민두순 (enghdzns)> 미친사람 취급할수도 있어요
[2021-12-10 19:44:30] <%이과생123 (bbchunjae2)> 고민되네
[2021-12-10 19:45:17] <미분젖분 (rockmanxg)> 그래서 수박씨 박힌건가ㅋㅋㅋ
[2021-12-10 19:45:23] <%말랑말랑쿤 (ksnvssk)> 나도 빡 쑤시던데
[2021-12-10 19:45:33] <%말랑말랑쿤 (ksnvssk)> 백신 맞으셨음?
[2021-12-10 19:45:46] <%말랑말랑쿤 (ksnvssk)> 흑신은 언제 맞으시나요
[2021-12-10 19:46:04] <만두왕_ (qkrwlgma007pepe)> 백신 맞는게 낫대요
[2021-12-10 19:46:20] <만두왕_ (qkrwlgma007pepe)> 키미히 폐에 물차서 몇경기 못뛴대요
[2021-12-10 19:46:28] <%이과생123 (bbchunjae2)> ㅇㅇ
[2021-12-10 19:46:37] <suweilehlovesxiane> FEEL MY POWER
[2021-12-10 19:46:45] <만두왕_ (qkrwlgma007pepe)> 시즌아웃이네 몇경기가아니라
[2021-12-10 19:46:53] <미분젖분 (rockmanxg)> 로즈쩀 돼지코 자주 해줬었음?
[2021-12-10 19:47:05] <suweilehlovesxiane> LOVE U
[2021-12-10 19:47:10] <%말랑말랑쿤 (ksnvssk)> 방마다 분위기가 다다름
[2021-12-10 19:47:35] <만두왕_ (qkrwlgma007pepe)> 누님 자연미인 이십니까?
[2021-12-10 19:47:45] <미분젖분 (rockmanxg)> 수술 티나는데 돼지코 해달라하면 좀 짓궃긴 함
[2021-12-10 19:47:48] <만두왕_ (qkrwlgma007pepe)> 역시ㅋㅋ
[2021-12-10 19:47:53] <미분젖분 (rockmanxg)> ㅋㅋㅋㅋㅋㅋㅋ 자화자찬
[2021-12-10 19:48:11] <부활한민두순 (enghdzns)> ㅋㅋㅋㅋㅋ
[2021-12-10 19:48:19] <만두왕_ (qkrwlgma007pepe)> 수술해야돼요? ㅋㅋ
[2021-12-10 19:48:20] <부활한민두순 (enghdzns)> 돼지코 개웃기네 ㅋㅋ
[2021-12-10 19:48:28] <미분젖분 (rockmanxg)> 지금 코 예쁜데 왜 수술을ㄷㄷ
[2021-12-10 19:48:50] <만두왕_ (qkrwlgma007pepe)> 영업 잘하네 ㅋㅋ
[2021-12-10 19:48:54] <미분젖분 (rockmanxg)> 그건 자기한테 하라고 영업멘트치는 거지
[2021-12-10 19:49:05] <%말랑말랑쿤 (ksnvssk)> 성형수술 하면 얼굴 밸런스가 바뀌거나 본인도 그리 느껴서 하나 고치려다 두개가 되고 세개가 되는거임
[2021-12-10 19:49:12] <미분젖분 (rockmanxg)> 사람을 잘 믿누 몇살이누 쨈이
[2021-12-10 19:49:29] <만두왕_ (qkrwlgma007pepe)> 누님 정신연령은 10대같네요
[2021-12-10 19:49:45] <%말랑말랑쿤 (ksnvssk)> 솔직히 서울 다니면서 비슷한 얼굴 여럿 보잖아요 그 사람들은 원래 다 할려고 했던 사람만 있겠어요 하나 하니 두개 세개하는거지
[2021-12-10 19:49:45] <개망한04년생 (jungsifighter0530)> 나랑 비슷하네요 이모
[2021-12-10 19:49:51] <만두왕_ (qkrwlgma007pepe)> ㅋㅋㅋ
[2021-12-10 19:49:54] <트수추노꾼로즈쨈 (axe9854)> 좋게말하면 젊은 마인드 나쁘게말하면 철없다
[2021-12-10 19:50:04] <만두왕_ (qkrwlgma007pepe)> 수야?
[2021-12-10 19:50:05] <너도잦나무 (why0486)> 하다보면 박봄처럼 돼요
[2021-12-10 19:50:10] <부활한민두순 (enghdzns)> 누군데요 ?
[2021-12-10 19:50:17] <미분젖분 (rockmanxg)> 팬들이 코수술 반대운동해야ㅋㅋㅋ
[2021-12-10 19:50:19] <drunkenfisherman2> 얼굴 손대는 순간
[2021-12-10 19:50:26] <트수추노꾼로즈쨈 (axe9854)> 근데 누님 코수술 할꺼 없어보이는뎅
[2021-12-10 19:50:28] <drunkenfisherman2> 망하는거임
[2021-12-10 19:50:31] <트수추노꾼로즈쨈 (axe9854)> 그냥 얼굴에 건들게 없어보임
[2021-12-10 19:50:43] <drunkenfisherman2> 인조인간 로보트 되는거임
[2021-12-10 19:50:49] <만두왕_ (qkrwlgma007pepe)> 난 콧대 수술은 좀 별루더라 ㅠ
[2021-12-10 19:50:54] <개망한04년생 (jungsifighter0530)> ㄹㅇ 지금도 예쁜데
[2021-12-10 19:50:56] <부활한민두순 (enghdzns)> 왜 안좋아요 ???
[2021-12-10 19:51:00] <부활한민두순 (enghdzns)> 무슨일 생겻음 ??
[2021-12-10 19:51:00] <미분젖분 (rockmanxg)> 캠빨 받아도 로즈보다 ㅎㅌㅊ임 여캠들
[2021-12-10 19:51:02] <만두왕_ (qkrwlgma007pepe)> 분위기 좋은디여 ㅋㅋ
[2021-12-10 19:51:28] <미분젖분 (rockmanxg)> 로즈 아프리카 방송국 있던데 본인임?
[2021-12-10 19:51:33] <만두왕_ (qkrwlgma007pepe)> 늘어나여 ㅋㅋ
[2021-12-10 19:51:37] <0PRIME_IDEAL0> 얼굴에 여러군데하믄 분산되서 햇구나 하고 눈에 보이는데, 한군데하면 한군데만 보임
[2021-12-10 19:51:38] <트수추노꾼로즈쨈 (axe9854)> 더예뻐지는데 돈쓰는거야 뭐 상관없는데 본인자유니깡
[2021-12-10 19:51:39] <만두왕_ (qkrwlgma007pepe)> 코로나이후로 ㅋㅋ
[2021-12-10 19:52:09] <미분젖분 (rockmanxg)> 트위치에서 큰인물돼라 로즈야
[2021-12-10 19:52:31] <미분젖분 (rockmanxg)> 내가 아프 최근에 매일 봤는데 넘 더럽다 판이ㅋㅋㅋ
[2021-12-10 19:52:38] <만두왕_ (qkrwlgma007pepe)> 대륙엔 시청자수 적어도 회사원보단 훨 많이 벌더라구요 ㅋㅋ
[2021-12-10 19:52:42] <트수추노꾼로즈쨈 (axe9854)> 난언제나  누님이 잘됬으면 하는마음이양
[2021-12-10 19:52:56] <얼굴이전부다 (angussh31)> 그거 코로나 때문에 유흥업소 출근하던 여자들 직업 잃어서 인방으로 많이 오는거임
[2021-12-10 19:53:03] <미분젖분 (rockmanxg)> ㅇㅈㅇㅈ
[2021-12-10 19:53:07] <후루꾸루 (gnfnrnfn3759)> 아따 좋구먼
[2021-12-10 19:53:10] <트수추노꾼로즈쨈 (axe9854)> 아프리카는 정말 이제 대륙이야
[2021-12-10 19:53:19] <트수추노꾼로즈쨈 (axe9854)> 야생그자체라구
[2021-12-10 19:53:22] <미분젖분 (rockmanxg)> 여캠들 화류계 출신이 많자너
[2021-12-10 19:53:26] <만두왕_ (qkrwlgma007pepe)> 그래보이는 상이 몇 보이긴함 ㅋㅋ
[2021-12-10 19:53:42] <미분젖분 (rockmanxg)> 밝혀진 사례도 많음
[2021-12-10 19:53:46] <만두왕_ (qkrwlgma007pepe)> 실제 밝혀진 사례도 잇어 ㅋㅋ
[2021-12-10 19:53:48] <미분젖분 (rockmanxg)> 주변인 폭로
[2021-12-10 19:54:05] <트수추노꾼로즈쨈 (axe9854)> ㅇㅇ
[2021-12-10 19:54:15] <트수추노꾼로즈쨈 (axe9854)> 그 폭로때문에 날라간 여캠들 많진않은데 꽤됨
[2021-12-10 19:54:30] <미분젖분 (rockmanxg)> 아프리카는 여캠들 룰렛 유행이라서
[2021-12-10 19:54:33] <미분젖분 (rockmanxg)> 야바위 도박장임
[2021-12-10 19:54:58] <미분젖분 (rockmanxg)> 트위치도 하는구나ㅋㅋ 난 남자 방송만 봤어서
[2021-12-10 19:55:05] <미분젖분 (rockmanxg)> 아프 내가 보던 방송들은
[2021-12-10 19:55:17] <미분젖분 (rockmanxg)> 룰렛이랑 사다리만 하루종일 돌림 방송 내용이 없어
[2021-12-10 19:55:19] <트수추노꾼로즈쨈 (axe9854)> 아프리카는 ㄹㅇ 리액션하나뽑을라고 돈또라박하는사람들 엄청많을껄
[2021-12-10 19:55:26] <%레브로즈 (masterplan___1)> 잼하 쨈하
[2021-12-10 19:55:33] <트수추노꾼로즈쨈 (axe9854)> 아마 모바일겜 가챠비만큼 박지않을까
[2021-12-10 19:55:37] <트수추노꾼로즈쨈 (axe9854)> 한달계산하면
[2021-12-10 19:56:02] <미분젖분 (rockmanxg)> 여캠 주력으로 할 거면
[2021-12-10 19:56:05] <미분젖분 (rockmanxg)> 아프나 비고 괜찮지
[2021-12-10 19:56:40] <%말랑말랑쿤 (ksnvssk)> 무슨 방종하지마 %가... 20만원짜린데 꽝이 85% ㅋㅋ
[2021-12-10 19:57:00] <미분젖분 (rockmanxg)> 당첨돼도 별 거 없는 게 함정
[2021-12-10 19:57:45] <미분젖분 (rockmanxg)> 내가 보던 건 풍 한번 더 쏘기 40% 꽝 40% 나머지 20%
[2021-12-10 19:57:48] <+beavisp> do you sing?
[2021-12-10 19:58:18] <drunkenfisherman2> 짝퉁영어네
[2021-12-10 19:58:18] <%레브로즈 (masterplan___1)> 왜 도 차분쨈이에요
[2021-12-10 19:58:28] <미분젖분 (rockmanxg)> 댄스댄스
[2021-12-10 19:58:31] <drunkenfisherman2> 캔으로 시작하거나 우쥬로 시작해야지
[2021-12-10 19:58:36] <도둑야옹이 (kmuis7979)> ㅗㅜㅑ
[2021-12-10 19:58:39] <미분젖분 (rockmanxg)> 율동
[2021-12-10 19:58:47] <미분젖분 (rockmanxg)> 미국?
[2021-12-10 19:59:05] <%레브로즈 (masterplan___1)> 나도 호주 워홀다녀왔는데 영어 이제 기억 안나여
[2021-12-10 20:00:13] <미분젖분 (rockmanxg)> 양치질 리액션ㄱㄱ
[2021-12-10 20:00:15] <개망한04년생 (jungsifighter0530)> 뭐하고 놀아
[2021-12-10 20:00:16] <Mellowbeat_> 노래해줘
[2021-12-10 20:00:18] <트수추노꾼로즈쨈 (axe9854)> 양치질 ㅋㅋㅋㅋㅋㅋㅋ
[2021-12-10 20:02:24] <미분젖분 (rockmanxg)> ㅅㅅㅅㅅ
[2021-12-10 20:03:40] <+mabimoon> 잘한다
[2021-12-10 20:03:43] <jessng999> nnabiMeerkat nnabiMeerkat nnabiMeerkat
[2021-12-10 20:03:50] <我是特朗普 (happyboyyyy_)> 너였다면 can you sing this song？
[2021-12-10 20:04:18] <부활한민두순 (enghdzns)> 유튜브에 올리는 기능도 있네 ?
[2021-12-10 20:04:35] <+mabimoon> 키가 높아져서
[2021-12-10 20:05:08] <%레브로즈 (masterplan___1)> 오우 쨈며든다..
[2021-12-10 20:05:40] <+beavisp> wow awesome! you sing amazing! I did not expecting this <3 <3 <3
[2021-12-10 20:06:22] Viewerstats (19:34-20:06): avg:159 min:151 max:167 [17/167-16+0+5+0+2+0+0+8+0-5+0+3+0-5+0-8]
[2021-12-10 20:06:48] <@^빵_떡 (bbangddeock)> 어서오세요 아직 팔로우 안하셨다면 팔로우 부탁해요 °˖✧◝(⁰▿⁰)◜✧˖°
[2021-12-10 20:07:43] <jessng999> nnabiMeerkat nnabiMeerkat nnabiMeerkat
[2021-12-10 20:07:51] <%레브로즈 (masterplan___1)> BibleThump BibleThump
[2021-12-10 20:09:40] <%레브로즈 (masterplan___1)> 이거 어렵던데 이게 되네
[2021-12-10 20:09:50] <미분젖분 (rockmanxg)> 아이유 라일락
[2021-12-10 20:10:07] <미분젖분 (rockmanxg)> 잘하누ㅋㅋㅋ
[2021-12-10 20:10:09] <happytraveller84> 밤편지
[2021-12-10 20:10:26] <%레브로즈 (masterplan___1)> 들켰누
[2021-12-10 20:10:29] <미분젖분 (rockmanxg)> 낙하도 가즈아
[2021-12-10 20:10:32] <+beavisp> you reach me heart <3 <3
[2021-12-10 20:10:43] <미분젖분 (rockmanxg)> me too
[2021-12-10 20:11:46] <미분젖분 (rockmanxg)> 잘하누
[2021-12-10 20:12:11] <jessng999> ㅠㅠ
[2021-12-10 20:13:51] <+mabimoon> 우리 코인노래방 사장님 딸하고 너무 닮으셨어
[2021-12-10 20:14:14] <jessng999> nnabiMeerkat nnabiMeerkat nnabiMeerkat
[2021-12-10 20:14:36] <미분젖분 (rockmanxg)> ㅉㅉㅉㅉ
[2021-12-10 20:14:40] <이슬빛초하루 (sepiasepian)> 너무 좋아요..
[2021-12-10 20:14:45] <미분젖분 (rockmanxg)> 태연
[2021-12-10 20:14:52] <미분젖분 (rockmanxg)> rain weekend 11:!1
[2021-12-10 20:14:55] <미분젖분 (rockmanxg)> 중에 하나 가능합니까
[2021-12-10 20:15:09] <미분젖분 (rockmanxg)> ㅇㅇ
[2021-12-10 20:15:13] <+beavisp> bravo bravo <3 <3 <3 <3
[2021-12-10 20:15:27] <%말랑말랑쿤 (ksnvssk)> ㅇㅁㅇ
[2021-12-10 20:15:48] <미분젖분 (rockmanxg)> 태연 빙의ㅋㅋ
[2021-12-10 20:16:51] <이슬빛초하루 (sepiasepian)> 헤이즈꺼는요?
[2021-12-10 20:17:49] <공기업준비하는엄준식 (zktmsla6)> 저녁 드셨나요
[2021-12-10 20:18:45] <엄지로서있을게요 (jojo1818)> 어우 듣기좋아
[2021-12-10 20:19:43] <+beavisp> Thank you very much, you made me very happy with your beautiful voice
[2021-12-10 20:20:11] <+beavisp> you should record an album
[2021-12-10 20:20:46] <%말랑말랑쿤 (ksnvssk)> 내일 휴방임?
[2021-12-10 20:22:09] <죄송바람 (listenwell)> 보자보자
[2021-12-10 20:23:50] <개망한04년생 (jungsifighter0530)> 뭘 원해
[2021-12-10 20:24:15] <%말랑말랑쿤 (ksnvssk)> 리얼타임 무역이나 해볼까
[2021-12-10 20:24:39] <%말랑말랑쿤 (ksnvssk)> 잠만요 있다 해볼게요
[2021-12-10 20:25:06] <%말랑말랑쿤 (ksnvssk)> 그거
[2021-12-10 20:25:12] <미분젖분 (rockmanxg)> ㅋㅋㅋㅋㅋㅋ
[2021-12-10 20:25:19] <jessng999> ㅋㅋㅋㅋㅋ
[2021-12-10 20:25:19] <%말랑말랑쿤 (ksnvssk)> 쥬토피아 인가? 거기에 나무늘보 같음
[2021-12-10 20:25:38] <+beavisp> :)
[2021-12-10 20:25:53] <Mellowbeat_> 바나나킥이 더 좋아
[2021-12-10 20:27:27] <weetheworld> 누나 오늘은 하늘하늘하네요 넘이뻐여 ㅎㅎ
[2021-12-10 20:27:33] <%말랑말랑쿤 (ksnvssk)> 이 것이 실시간 무역
[2021-12-10 20:27:56] <weetheworld> 누나 모야모야 갑자기 ㅎㅎ
[2021-12-10 20:28:10] <%말랑말랑쿤 (ksnvssk)> 상체만 보면 찜질방 옷으로 보이긴 했음
[2021-12-10 20:28:14] <개망한04년생 (jungsifighter0530)> 말
[2021-12-10 20:28:15] <weetheworld> 개이뻫ㅎㅎㅎ
[2021-12-10 20:28:29] <%고대뼝아리의쪼코 (herdodo)> 말하라면 할거 같아요 쉬운남자 아님
[2021-12-10 20:28:32] <weetheworld> 옆집누나룩
[2021-12-10 20:28:44] <%말랑말랑쿤 (ksnvssk)> 프로그램도 있고 캠이 지원해야 될텐데
[2021-12-10 20:28:45] <개망한04년생 (jungsifighter0530)> ㅘ
[2021-12-10 20:28:47] <orian89> ㅗㅜㅑ
[2021-12-10 20:28:49] <개망한04년생 (jungsifighter0530)> yeoulNosebleed
[2021-12-10 20:29:16] <개망한04년생 (jungsifighter0530)> yeoulNosebleed yeoulNosebleed yeoulNosebleed yeoulNosebleed yeoulNosebleed
[2021-12-10 20:29:28] <개망한04년생 (jungsifighter0530)> 어딧 ㅓ배웟어요
[2021-12-10 20:30:07] <+beavisp> I have to go to sleep
[2021-12-10 20:30:12] <%kakaohenry04> 배꼽!
[2021-12-10 20:30:19] <이슬빛초하루 (sepiasepian)> ㅇ0ㅇ!
[2021-12-10 20:30:19] <+beavisp> I'm happy to found you on Twitch. You makes me feel fine.
[2021-12-10 20:30:29] <미분젖분 (rockmanxg)> ㄷㄷ
[2021-12-10 20:30:43] <%kakaohenry04> 말랐당
[2021-12-10 20:30:49] <+beavisp> You're an angel. I wish you the best in the life.
[2021-12-10 20:31:08] <개망한04년생 (jungsifighter0530)> 저게 어케 세로로 들어가...
[2021-12-10 20:31:16] <개망한04년생 (jungsifighter0530)> 난 가로로 들어가는데
[2021-12-10 20:31:23] <+beavisp> to many kisses for <3 <3 <3
[2021-12-10 20:32:29] <미분젖분 (rockmanxg)> 잘하누ㅋㅋㅋ
[2021-12-10 20:32:33] <개망한04년생 (jungsifighter0530)> 삐걱
[2021-12-10 20:32:36] <jessng999> ㅋㅋㅋㅋ
[2021-12-10 20:32:47] <개망한04년생 (jungsifighter0530)> 파닥파닥
[2021-12-10 20:34:24] <미분젖분 (rockmanxg)> 위글위글 가능?
[2021-12-10 20:34:28] <jessng999> ㅋㅋㅋㅋ
[2021-12-10 20:34:48] <미분젖분 (rockmanxg)> 헬로비너스 위글위글도 좋던데
[2021-12-10 20:35:25] <미분젖분 (rockmanxg)> 정상수 오토바이 개꿀ㅋㅋㅋ
[2021-12-10 20:36:32] Viewerstats (20:08-20:36): avg:145 min:136 max:154 [15/154+0-4+0-3-4+0+4+0+0-11+0+5+0-2]
[2021-12-10 20:36:40] <미분젖분 (rockmanxg)> 댄스ㅋㅋㅋ
[2021-12-10 20:36:48] <@^빵_떡 (bbangddeock)> 어서오세요 아직 팔로우 안하셨다면 팔로우 부탁해요 °˖✧◝(⁰▿⁰)◜✧˖°
[2021-12-10 20:37:13] <개망한04년생 (jungsifighter0530)> 저거 아무나 못추는건데
[2021-12-10 20:37:32] <개망한04년생 (jungsifighter0530)> 너무 어려움
[2021-12-10 20:37:38] <미분젖분 (rockmanxg)> 정상수는 천재라가능
[2021-12-10 20:38:04] <%말랑말랑쿤 (ksnvssk)> 드디어 출전하는구먼 ㅋㅋ
[2021-12-10 20:38:05] <미분젖분 (rockmanxg)> 롤 티어 머임?
[2021-12-10 20:39:16] <~%로즈쨈 (hanny2727)> !팔로워
[2021-12-10 20:39:17] <@^빵_떡 (bbangddeock)> 이 채널에 팔로워는 총 5,988명입니다.
[2021-12-10 20:39:31] <미분젖분 (rockmanxg)> 6000명 곧이누
[2021-12-10 20:39:34] <개망한04년생 (jungsifighter0530)> 예쁜사람 아니면 안보는데
[2021-12-10 20:40:33] ~(유입환영) 막판 이기고 감 (League of Legends)~
[2021-12-10 20:40:59] <개망한04년생 (jungsifighter0530)> 4연패가 뭐 어때서...
[2021-12-10 20:42:15] <미분젖분 (rockmanxg)> 자이라 스킨 개까리하네ㄷㄷ
[2021-12-10 20:42:51] <개망한04년생 (jungsifighter0530)> 그냥 점화들고 개패요
[2021-12-10 20:43:15] <개망한04년생 (jungsifighter0530)> 그냥 개패고 안키운단 마인드
[2021-12-10 20:44:05] <미분젖분 (rockmanxg)> 로즈 컴퓨터 본체얼마짜리샤
[2021-12-10 20:44:17] <미분젖분 (rockmanxg)> 컴터 살라고 견적 보는 중ㅋㅋ
[2021-12-10 20:45:06] <개망한04년생 (jungsifighter0530)> 올 ㅋ
[2021-12-10 20:45:12] <꿀딜러 (bspark1)> 쨈하
[2021-12-10 20:45:13] <@^빵_떡 (bbangddeock)> 반가워요 ♡
[2021-12-10 20:45:23] <꿀딜러 (bspark1)> 쨈선생님 롤하는거 오랜만에보네용
[2021-12-10 20:45:24] <개망한04년생 (jungsifighter0530)> 좀 치시네요?
[2021-12-10 20:45:38] <꿀딜러 (bspark1)> 오 서폿 와드강의인가요?
[2021-12-10 20:45:44] <한량3142 (ksdl1234)> 5할넘는데 왜 골드에요?
[2021-12-10 20:45:51] <꿀딜러 (bspark1)> 네네 메모해두겠습니당
[2021-12-10 20:47:06] <미분젖분 (rockmanxg)> 샹크스
[2021-12-10 20:47:19] <미분젖분 (rockmanxg)> 멘탈관리
[2021-12-10 20:47:23] <개망한04년생 (jungsifighter0530)> 안좋은 예를 몸소 보여주시는 스트리머...
[2021-12-10 20:47:32] <%이과생123 (bbchunjae2)> 자이라 말고 다른거는 안함?
[2021-12-10 20:47:42] <%이과생123 (bbchunjae2)> ㅁㅍ
[2021-12-10 20:48:01] <%이과생123 (bbchunjae2)> 단식ㅋㅋ
[2021-12-10 20:50:13] <개망한04년생 (jungsifighter0530)> 탈리아 ㄴㅍ
[2021-12-10 20:50:34] <꿀딜러 (bspark1)> 진 ㅋㅋㅋㅋ
[2021-12-10 20:50:36] <꿀딜러 (bspark1)> 레전드
[2021-12-10 20:51:01] <꿀딜러 (bspark1)> 라인 땡겨지니 포탑끼고 먹죠
[2021-12-10 20:51:01] <개망한04년생 (jungsifighter0530)> 다이브 당할듯한데
[2021-12-10 20:53:08] <미분젖분 (rockmanxg)> 지금 티어 어디임?
[2021-12-10 20:53:11] <미분젖분 (rockmanxg)> 아 G4
[2021-12-10 20:56:12] <개망한04년생 (jungsifighter0530)> 초반엔 개털어요
[2021-12-10 20:58:53] <미분젖분 (rockmanxg)> ㅋㅋㅋㅋㅋㅋ고통받노
[2021-12-10 20:59:56] <개망한04년생 (jungsifighter0530)> 제압 싹다 먹어보면 할만하긴 한데
[2021-12-10 21:01:26] <개망한04년생 (jungsifighter0530)> 세트가 먹으면 킬초
[2021-12-10 21:03:15] <개망한04년생 (jungsifighter0530)> 트타가 저따구로 하면 이길만한데
[2021-12-10 21:03:17] <목숨을걸고싸워라 (hanyeojin159)> 안녕하세요
[2021-12-10 21:03:24] <개망한04년생 (jungsifighter0530)> 근데 저거 딜이 레전드네
[2021-12-10 21:03:25] <목숨을걸고싸워라 (hanyeojin159)> 왜 들어오자마자 울고계신가요?
[2021-12-10 21:03:40] <%이과생123 (bbchunjae2)> 왜 삐져써
[2021-12-10 21:03:45] <%이과생123 (bbchunjae2)> 캐리해줘?
[2021-12-10 21:04:17] <개망한04년생 (jungsifighter0530)> 람머스면 짤라먹기 좋은데
[2021-12-10 21:04:34] <개망한04년생 (jungsifighter0530)> 개이득
[2021-12-10 21:05:43] <%이과생123 (bbchunjae2)> 나 일산 저라뎃이라 캐리가능
[2021-12-10 21:05:53] <개망한04년생 (jungsifighter0530)> 피오라 큰것보다 애니비아 큰게 더 크다
[2021-12-10 21:06:03] <%이과생123 (bbchunjae2)> 나도 사실운전중임 ㅎㅎ
[2021-12-10 21:06:18] <%이과생123 (bbchunjae2)> 아냐
[2021-12-10 21:06:20] <%이과생123 (bbchunjae2)> 순결한 남자임
[2021-12-10 21:06:34] <%이과생123 (bbchunjae2)> 써니 데리고 가면안되나
[2021-12-10 21:06:37] Viewerstats (20:38-21:06): avg:105 min:83 max:142 [15/139+3-20+0-10+0-13+0+0-7+0-2+0-7+0]
[2021-12-10 21:06:47] <!%+JinwooEVE> 쨈하
[2021-12-10 21:06:47] <@^빵_떡 (bbangddeock)> 반가워요 ♡
[2021-12-10 21:06:48] <@^빵_떡 (bbangddeock)> 어서오세요 아직 팔로우 안하셨다면 팔로우 부탁해요 °˖✧◝(⁰▿⁰)◜✧˖°
[2021-12-10 21:06:56] <개망한04년생 (jungsifighter0530)> 거 나에겐 로즈쩀 방송이 유흥거리야...
[2021-12-10 21:06:59] <!%+JinwooEVE> !티어
[2021-12-10 21:07:00] <@^빵_떡 (bbangddeock)> 체리장사꾼 - 솔로랭크 티어 : GOLD IV 0 (309승 289패 51.7% )
[2021-12-10 21:07:29] <목숨을걸고싸워라 (hanyeojin159)> 쨈바...
[2021-12-10 21:07:41] <개망한04년생 (jungsifighter0530)> 브실골티어는 그래도 순진해서 재밌어보이는데
[2021-12-10 21:07:42] <목숨을걸고싸워라 (hanyeojin159)> 저친구 억까네
[2021-12-10 21:07:59] <콰랑 (bwhoarang)> 쨈하
[2021-12-10 21:08:00] <@^빵_떡 (bbangddeock)> 반가워요 ♡
[2021-12-10 21:08:05] <미분젖분 (rockmanxg)> 실버 가즈아
[2021-12-10 21:08:31] <콰랑 (bwhoarang)> 나 방금왔는데!?
[2021-12-10 21:08:33] <콰랑 (bwhoarang)> 흑흑
[2021-12-10 21:08:37] ~(유입환영) 불금 뭐해? (Just Chatting)~
[2021-12-10 21:08:44] <개망한04년생 (jungsifighter0530)> 롤이 질병겜이라
[2021-12-10 21:09:28] <%이과생123 (bbchunjae2)> 가라
[2021-12-10 21:09:28] <콰랑 (bwhoarang)> 누나 써니 오늘 출근안함?
[2021-12-10 21:09:53] <콰랑 (bwhoarang)> 쭌하
[2021-12-10 21:09:58] <%이과생123 (bbchunjae2)> 써니 아프면 저한테 얘기좀요
[2021-12-10 21:10:25] <%이과생123 (bbchunjae2)> ㅇㅇ
[2021-12-10 21:10:26] <콰랑 (bwhoarang)> 젊으면
[2021-12-10 21:10:30] <콰랑 (bwhoarang)> 집에서 있을걸
[2021-12-10 21:10:32] <%이과생123 (bbchunjae2)> 수액들고감
[2021-12-10 21:10:41] <콰랑 (bwhoarang)> ㄴㄴ 치료제가 없음
[2021-12-10 21:10:44] <%이과생123 (bbchunjae2)> 나 전여친 수액놔줌
[2021-12-10 21:10:47] <콰랑 (bwhoarang)> 다같이 격리임
[2021-12-10 21:11:07] <개망한04년생 (jungsifighter0530)> ㅇㅇㅇ
[2021-12-10 21:11:10] <%이과생123 (bbchunjae2)> ㅇㅇ
[2021-12-10 21:11:15] <%이과생123 (bbchunjae2)> 바이러스라
[2021-12-10 21:11:18] <%이과생123 (bbchunjae2)> 버텨야함
[2021-12-10 21:11:24] <개망한04년생 (jungsifighter0530)> ㅇㅇㅇㅇ
[2021-12-10 21:11:29] <미분젖분 (rockmanxg)> 오미크론은 감기에 가깝다는말이많음
[2021-12-10 21:11:35] <%이과생123 (bbchunjae2)> 독감도 심하면 글케됨
[2021-12-10 21:11:36] <콰랑 (bwhoarang)> 전염력이 세고 몸이 약한사람은 골로가니까
[2021-12-10 21:11:39] <개망한04년생 (jungsifighter0530)> 그냥 독감수준 이상?
[2021-12-10 21:11:55] <%말랑말랑쿤 (ksnvssk)> 난 백신전에 독감 주사도 맞았었는데
[2021-12-10 21:12:04] <%이과생123 (bbchunjae2)> 단순감기 독감 코로나 전부다 바이러스질환임
[2021-12-10 21:12:17] <%말랑말랑쿤 (ksnvssk)> 마스크는 오는걸 막는것도 있지만 더 큰건 자기 입에서 밖으로 나가는걸 막는게 더 커요 ㅋㅋ
[2021-12-10 21:12:22] <콰랑 (bwhoarang)> 로즈누나는 맨날 눕방하잖아
[2021-12-10 21:12:26] <개망한04년생 (jungsifighter0530)> ㅋㅋㅋㅋㅋㅋㅋㅋㅋㅋㅋㅋㅋㅋㅋㅋㅋㅋㅋㅋㅋㅋㅋㅋㅋㅋㅋㅋㅋㅋㅋㅋㅋㅋㅋㅋㅋㅋㅋㅋㅋ
[2021-12-10 21:12:28] <%이과생123 (bbchunjae2)> ?
[2021-12-10 21:12:28] <@^빵_떡 (bbangddeock)> 1989 개째 갈고리 수집
[2021-12-10 21:12:43] <%이과생123 (bbchunjae2)> 손으로막아줄게
[2021-12-10 21:12:45] <%말랑말랑쿤 (ksnvssk)> 1일 1꼴 받기가 국룰이구먼
[2021-12-10 21:12:48] <%이과생123 (bbchunjae2)> ㅡㅡ
[2021-12-10 21:12:56] <콰랑 (bwhoarang)> 근데 왜 지금도 눕방해
[2021-12-10 21:12:58] <개망한04년생 (jungsifighter0530)> 안물티비
[2021-12-10 21:13:04] <개망한04년생 (jungsifighter0530)> 저쩔 인덕션
[2021-12-10 21:13:12] <콰랑 (bwhoarang)> 아이고
[2021-12-10 21:13:17] <콰랑 (bwhoarang)> 선생님..
[2021-12-10 21:13:21] <콰랑 (bwhoarang)> 그것도 유행지났스니다 선생님
[2021-12-10 21:13:27] <개망한04년생 (jungsifighter0530)> 상대가 모르는 가정기기 말하는건뎅
[2021-12-10 21:13:36] <%이과생123 (bbchunjae2)> 인생망한색
[2021-12-10 21:13:40] <%이과생123 (bbchunjae2)> 기
[2021-12-10 21:13:42] <미분젖분 (rockmanxg)> ㄷㄷ
[2021-12-10 21:13:42] <콰랑 (bwhoarang)> 입으로망한
[2021-12-10 21:13:58] <콰랑 (bwhoarang)> 쭈니는 고딩선생이고 써니는 중딩선생이야/
[2021-12-10 21:14:13] <%이과생123 (bbchunjae2)> 홀리몰리과카몰리
[2021-12-10 21:14:23] <개망한04년생 (jungsifighter0530)> 거 세대차이가 나긴해...
[2021-12-10 21:14:31] <랭그 (ejrtbd)> 방장님 프사랑 실물이 너무 다른데여;
[2021-12-10 21:14:36] <미분젖분 (rockmanxg)> 저녁먹으러가샤?
[2021-12-10 21:14:39] <콰랑 (bwhoarang)> 쭈니는 사범대고 써니는 교대구나
[2021-12-10 21:14:43] <%이과생123 (bbchunjae2)> 나 당직
[2021-12-10 21:14:53] <%이과생123 (bbchunjae2)> 당직하면서 트수짓
[2021-12-10 21:15:19] <%이과생123 (bbchunjae2)> ㅇ
[2021-12-10 21:15:40] <개망한04년생 (jungsifighter0530)> 안해
[2021-12-10 21:15:45] <%이과생123 (bbchunjae2)> 트수는 돈통으로 보갈선언
[2021-12-10 21:15:51] <개망한04년생 (jungsifighter0530)> 불공정계약이야
[2021-12-10 21:15:58] <%이과생123 (bbchunjae2)> 쨈만봐?
[2021-12-10 21:16:10] <콰랑 (bwhoarang)> (쭈니1인칭)
[2021-12-10 21:16:17] <목숨을걸고싸워라 (hanyeojin159)> 네~
[2021-12-10 21:16:31] <%이과생123 (bbchunjae2)> 시른데 ㅋ
[2021-12-10 21:16:33] <개망한04년생 (jungsifighter0530)> 도망갈래
[2021-12-10 21:16:36] <%이과생123 (bbchunjae2)> 어쩔티빜
[2021-12-10 21:16:38] <콰랑 (bwhoarang)> 근데 왜 호스팅해
[2021-12-10 21:16:56] <콰랑 (bwhoarang)> 쨈만보라면서 호스팅해 왜..
[2021-12-10 21:17:09] <%말랑말랑쿤 (ksnvssk)> 애초에 나 개굴님에게 수출한게 로즈짱인데 ㅋㅋ
[2021-12-10 21:17:17] <no_one232> heyy..how are u?
[2021-12-10 21:17:32] <%말랑말랑쿤 (ksnvssk)> 난민선 태워버리고 선장은 내렸었지 ㅋㅋ
[2021-12-10 21:17:37] <콰랑 (bwhoarang)> 나도 어제 유이비님한테 수출당했자너
[2021-12-10 21:17:40] <no_one232> u have the cutest smile ever..😅
[2021-12-10 21:18:28] <%말랑말랑쿤 (ksnvssk)> 젊은이 들이니까
[2021-12-10 21:18:33] <콰랑 (bwhoarang)> 하지만 99명이라면?
[2021-12-10 21:18:38] <no_one232> so.. how was ur day
[2021-12-10 21:18:38] <%이과생123 (bbchunjae2)> 유기 ㄴ
[2021-12-10 21:18:42] <콰랑 (bwhoarang)> 간다니까 가자너..
[2021-12-10 21:18:53] <개망한04년생 (jungsifighter0530)> 트수 책임져
[2021-12-10 21:18:54] <콰랑 (bwhoarang)> 누나 폰은 고쳤어?
[2021-12-10 21:19:01] <%말랑말랑쿤 (ksnvssk)> 앞으로는 방송시간에 쌩쌩 하려고 오늘 무리해서 안잔거지?
[2021-12-10 21:19:05] <콰랑 (bwhoarang)> 어제 폰망가지고 오늘은 지갑잃어버림? ㅋㅋㅋㅋ
[2021-12-10 21:19:25] <no_one232> i wish i could brighten up your day..😅
[2021-12-10 21:19:26] <개망한04년생 (jungsifighter0530)> ?
[2021-12-10 21:19:27] <@^빵_떡 (bbangddeock)> 1990 개째 갈고리 수집
[2021-12-10 21:19:32] <콰랑 (bwhoarang)> 누나 어차피 연락올데도 없는데..
[2021-12-10 21:20:24] <콰랑 (bwhoarang)> 어제 11시에 오라그러지않았음?
[2021-12-10 21:20:51] <콰랑 (bwhoarang)> 분-노
[2021-12-10 21:21:38] <콰랑 (bwhoarang)> 쭈굴로즈..
[2021-12-10 21:21:43] <%이과생123 (bbchunjae2)> 미친여자네
[2021-12-10 21:21:50] <미분젖분 (rockmanxg)> ㅇㅏㅍㅡㄷㅏㄱㅗ ㅎㅏㅈㅣ
[2021-12-10 21:22:14] <미분젖분 (rockmanxg)> nono good thing is not good
[2021-12-10 21:22:17] <콰랑 (bwhoarang)> 보여주십쇼 네일아트
[2021-12-10 21:22:34] <%이과생123 (bbchunjae2)> 요새 안좋은일만 ㅜ
[2021-12-10 21:22:41] <콰랑 (bwhoarang)> 어떤 트수가 주웠냐?
[2021-12-10 21:23:10] <%이과생123 (bbchunjae2)> 이뻐서 보관중
[2021-12-10 21:23:16] <콰랑 (bwhoarang)> 앞으로는 슈프림 지갑쓰자
[2021-12-10 21:23:26] <콰랑 (bwhoarang)> 샤넬지갑이니까 주워가지
[2021-12-10 21:23:43] <콰랑 (bwhoarang)> ㅜㅜ
[2021-12-10 21:23:44] <%이과생123 (bbchunjae2)> 샤넬이면 중고나라 잘찾아봐
[2021-12-10 21:23:49] <콰랑 (bwhoarang)> 미용실 가서 물어봤어?
[2021-12-10 21:24:04] <미분젖분 (rockmanxg)> 라일락ㅅㅅ
[2021-12-10 21:24:05] <콰랑 (bwhoarang)> 근데 계산하고 나왔을떄 없으면
[2021-12-10 21:24:12] <미분젖분 (rockmanxg)> 담부턴 아프다고 얘기해
[2021-12-10 21:24:12] <콰랑 (bwhoarang)> 미용실에 없긴하겠지
[2021-12-10 21:24:15] <%이과생123 (bbchunjae2)> 후기 달아주자
[2021-12-10 21:24:22] <콰랑 (bwhoarang)> 소매치기아님?
[2021-12-10 21:24:41] <미분젖분 (rockmanxg)> 개떡같이 하는 사람들은 어차피 나중에 다 알게 됨
[2021-12-10 21:24:41] <%이과생123 (bbchunjae2)> 꼬일만하지
[2021-12-10 21:25:13] <미분젖분 (rockmanxg)> ㅋㅋㅋㅋㅋㅋㅋ
[2021-12-10 21:25:16] <%이과생123 (bbchunjae2)> ㅋㅋㅋㅋㅋㅋㅋㅋㅋ
[2021-12-10 21:25:22] <%이과생123 (bbchunjae2)> 프사기
[2021-12-10 21:26:03] <0PRIME_IDEAL0> 나쁜 미용사네
[2021-12-10 21:26:07] <개망한04년생 (jungsifighter0530)> 거긴 강남이니까...
[2021-12-10 21:26:11] <%이과생123 (bbchunjae2)> 내일그만두는사람
[2021-12-10 21:26:34] <콰랑 (bwhoarang)> 누나 마곡에 두피마사지 잘해주는 미용실있음
[2021-12-10 21:26:46] <0PRIME_IDEAL0> 사장나오라고 해서 따져야 됨
[2021-12-10 21:26:51] <콰랑 (bwhoarang)> 마곡역에
[2021-12-10 21:26:58] <콰랑 (bwhoarang)> 라브릿지인가
[2021-12-10 21:27:09] <콰랑 (bwhoarang)> 레알루다가
[2021-12-10 21:27:22] <0PRIME_IDEAL0> 네, 원장
[2021-12-10 21:27:34] <콰랑 (bwhoarang)> 그 대로있는데만
[2021-12-10 21:27:35] <콰랑 (bwhoarang)> 가는구나
[2021-12-10 21:27:43] <%이과생123 (bbchunjae2)> 승무때 살앗나보네
[2021-12-10 21:27:51] <콰랑 (bwhoarang)> 나 로이드밤 건너편에 삼
[2021-12-10 21:28:06] <미분젖분 (rockmanxg)> 승무원 관련 학과 나왔샤?
[2021-12-10 21:28:07] <콰랑 (bwhoarang)> 넹
[2021-12-10 21:28:09] <%이과생123 (bbchunjae2)> 나 지금 양천향교인뎅
[2021-12-10 21:28:29] <%이과생123 (bbchunjae2)> 아니 여기사는건아니고
[2021-12-10 21:28:32] <%이과생123 (bbchunjae2)> 잠깐온거
[2021-12-10 21:28:41] <콰랑 (bwhoarang)> 그르게 마주쳤을수도있겠네
[2021-12-10 21:28:52] <%이과생123 (bbchunjae2)> 당근거래
[2021-12-10 21:28:58] <콰랑 (bwhoarang)> ?
[2021-12-10 21:28:59] <@^빵_떡 (bbangddeock)> 1991 개째 갈고리 수집
[2021-12-10 21:29:04] <콰랑 (bwhoarang)> 강서얘기하길래 마곡얘기한건데
[2021-12-10 21:29:19] <콰랑 (bwhoarang)> ㅔ
[2021-12-10 21:29:29] <%이과생123 (bbchunjae2)> 5초컷
[2021-12-10 21:29:36] <콰랑 (bwhoarang)> 나도 그냥 확인안하고 돈만 확인하고 감
[2021-12-10 21:29:39] <미분젖분 (rockmanxg)> 쿨거래하면 깍아준다해서 한 적은 있음ㅋㅋㅋ
[2021-12-10 21:29:41] <%이과생123 (bbchunjae2)> 나도 확인안했는데;
[2021-12-10 21:29:55] <콰랑 (bwhoarang)> 마곡 스타벅스 너무 많음
[2021-12-10 21:29:58] <빨로우미 (park1723)> 그거 와이프가 심부름 시킨거
[2021-12-10 21:30:01] <콰랑 (bwhoarang)> 스타벅스에 미친동네
[2021-12-10 21:30:05] <개망한04년생 (jungsifighter0530)> 아니 쓸수만 있으면 되는거 아닌가
[2021-12-10 21:30:09] <%이과생123 (bbchunjae2)> 차살때도 확인대충함
[2021-12-10 21:30:17] <%이과생123 (bbchunjae2)> 저번주에 부모님 차사줬눈데
[2021-12-10 21:30:23] <콰랑 (bwhoarang)> 사
[2021-12-10 21:30:28] <콰랑 (bwhoarang)> 써니한테 차사자고하자 그냥
[2021-12-10 21:30:29] <미분젖분 (rockmanxg)> 면허증은 따놨샤?
[2021-12-10 21:30:37] <콰랑 (bwhoarang)> ?
[2021-12-10 21:30:38] <@^빵_떡 (bbangddeock)> 1992 개째 갈고리 수집
[2021-12-10 21:30:41] <콰랑 (bwhoarang)> 차몰지말자..
[2021-12-10 21:30:41] <개망한04년생 (jungsifighter0530)> 제발
[2021-12-10 21:30:45] <%이과생123 (bbchunjae2)> ㅋㅋㅋㅋㅋㅋㅋ
[2021-12-10 21:30:47] <개망한04년생 (jungsifighter0530)> ㄴㄴㄴㄴ
[2021-12-10 21:30:51] <%이과생123 (bbchunjae2)> ㅗ
[2021-12-10 21:30:53] <개망한04년생 (jungsifighter0530)> 뒤짐 진짜로
[2021-12-10 21:30:58] <미분젖분 (rockmanxg)> 운전석에서 잘 듯ㅋㅋㅋ
[2021-12-10 21:31:01] <%이과생123 (bbchunjae2)> 목숨걸고
[2021-12-10 21:31:07] <콰랑 (bwhoarang)> ?
[2021-12-10 21:31:07] <@^빵_떡 (bbangddeock)> 1993 개째 갈고리 수집
[2021-12-10 21:31:08] <파라다이스호텔 (mmiiooo)> ?
[2021-12-10 21:31:10] <개망한04년생 (jungsifighter0530)> ㅋㅋㅋㅋㅋㅋㅋㅋㅋ
[2021-12-10 21:31:10] <콰랑 (bwhoarang)> 차몰지말자
[2021-12-10 21:31:24] <%이과생123 (bbchunjae2)> 절대
[2021-12-10 21:31:27] <%이과생123 (bbchunjae2)> 안빌려줌
[2021-12-10 21:31:27] <룡이_ (wjdwlrmaksli)> 왜 트수차야 ㅋㅋㅋ
[2021-12-10 21:31:29] <콰랑 (bwhoarang)> 쭈니한테 연수 해달라하자
[2021-12-10 21:31:32] <0PRIME_IDEAL0> 트랙 가믄 젬있겠따
[2021-12-10 21:31:37] <%이과생123 (bbchunjae2)> 나 2도어인데
[2021-12-10 21:31:43] <%이과생123 (bbchunjae2)> 님밟으면
[2021-12-10 21:31:45] <%이과생123 (bbchunjae2)> ㅈ댐
[2021-12-10 21:31:47] <콰랑 (bwhoarang)> 스포츠카처럼
[2021-12-10 21:31:49] <파라다이스호텔 (mmiiooo)> 쿠페
[2021-12-10 21:31:50] <개망한04년생 (jungsifighter0530)> 외제차
[2021-12-10 21:31:50] <콰랑 (bwhoarang)> 문 2개만있는거
[2021-12-10 21:32:02] <콰랑 (bwhoarang)> 달달달달..
[2021-12-10 21:32:03] <%이과생123 (bbchunjae2)> 3800cc임
[2021-12-10 21:32:05] <jessng999> ㅋㅋㅋㅋ
[2021-12-10 21:32:43] <콰랑 (bwhoarang)> 그래서 미니쿠퍼 좋아하자너
[2021-12-10 21:32:51] <%이과생123 (bbchunjae2)> 님도 멍청….
[2021-12-10 21:33:11] <콰랑 (bwhoarang)> 근데 왜 엑셀과 브레이크를 헷갈려요
[2021-12-10 21:33:11] <%이과생123 (bbchunjae2)> 어이쿠 강아지가 채팅을
[2021-12-10 21:33:15] <개망한04년생 (jungsifighter0530)> 근데 왜 브레이크랑 악셀을 헷갈려해..
[2021-12-10 21:33:25] <%이과생123 (bbchunjae2)> 바퀴만봐도
[2021-12-10 21:33:29] <%이과생123 (bbchunjae2)> 가능
[2021-12-10 21:33:37] <콰랑 (bwhoarang)> 근데 뒷꽁무니에 써져있잖아
[2021-12-10 21:33:47] <%이과생123 (bbchunjae2)> ㅈ댓당
[2021-12-10 21:33:57] <%이과생123 (bbchunjae2)> 구독취소
[2021-12-10 21:34:00] <%이과생123 (bbchunjae2)> 할게요
[2021-12-10 21:34:04] <콰랑 (bwhoarang)> 내가 이래서 팔로우안함
[2021-12-10 21:34:08] <파라다이스호텔 (mmiiooo)> 스틱이라 안되겠네
[2021-12-10 21:34:11] <kenji002> ㅋㅋㅋㅋㅋㅋ
[2021-12-10 21:34:24] <룡이_ (wjdwlrmaksli)> 트수 폐차예약
[2021-12-10 21:34:39] <콰랑 (bwhoarang)> 선생님 2종오토인가요?
[2021-12-10 21:34:40] <개망한04년생 (jungsifighter0530)> 왜 딴거야..
[2021-12-10 21:34:58] <미분젖분 (rockmanxg)> 원동기면허요
[2021-12-10 21:35:04] <콰랑 (bwhoarang)> 왕버스ㄷㄷ
[2021-12-10 21:35:12] <%이과생123 (bbchunjae2)> 원래그럼 그건
[2021-12-10 21:35:15] <%이과생123 (bbchunjae2)> 극복해야됨
[2021-12-10 21:35:16] <콰랑 (bwhoarang)> 쨈바
[2021-12-10 21:35:16] <룡이_ (wjdwlrmaksli)> 공격을 왜해 포켓몬이야?
[2021-12-10 21:35:19] <개망한04년생 (jungsifighter0530)> 해방이다
[2021-12-10 21:35:26] <~%로즈쨈 (hanny2727)> !시청자
[2021-12-10 21:35:27] <@^빵_떡 (bbangddeock)> 이 채널에 시청자는 총 111명입니다.
[2021-12-10 21:35:27] <콰랑 (bwhoarang)> 해방이다!
[2021-12-10 21:35:36] <콰랑 (bwhoarang)> 쨈바쨈바
[2021-12-10 21:35:43] <미분젖분 (rockmanxg)> ㅃㅃ
[2021-12-10 21:35:45] <~%로즈쨈 (hanny2727)> !시청자
[2021-12-10 21:35:45] <@^빵_떡 (bbangddeock)> 이 채널에 시청자는 총 111명입니다.
[2021-12-10 21:35:58] [Info] Now hosting 윤개굴이.
[2021-12-10 21:35:58] <%이과생123 (bbchunjae2)> 지금말하셈
[2021-12-10 21:35:59] <개망한04년생 (jungsifighter0530)> 내가 왜
[2021-12-10 21:36:03] <%이과생123 (bbchunjae2)> 몇시
[2021-12-10 21:36:05] <큐피드_ (cupid001)> 헉
[2021-12-10 21:36:06] <큐피드_ (cupid001)> 개굴
[2021-12-10 21:36:08] <~%로즈쨈 (hanny2727)> wlrmadms
[2021-12-10 21:36:09] <콰랑 (bwhoarang)> 헉
[2021-12-10 21:36:09] <~%로즈쨈 (hanny2727)> 지금은몰라
[2021-12-10 21:36:17] <큐피드_ (cupid001)> 🐸
[2021-12-10 21:36:43] Viewerstats (21:08-21:34): avg:94 min:83 max:111 [14/84+0-1+0+9+0+1+4+0+0+5+4+0+5]
[2021-12-10 21:36:48] <@^빵_떡 (bbangddeock)> 어서오세요 아직 팔로우 안하셨다면 팔로우 부탁해요 °˖✧◝(⁰▿⁰)◜✧˖°
[2021-12-10 21:37:19] ~Stream offline~
[2021-12-10 21:38:16] <미분젖분 (rockmanxg)> 오우
[2021-12-10 21:44:38] <kenji002> mimisamaPinkHeart mimisamaPinkHeart mimisamaPinkHeart
[2021-12-10 21:47:15] You have left #hanny2727
# Log closed: 2021-12-10 21:47:15 +0900
-
