# Log started: 2021-12-10 21:42:33 +0900
[2021-12-10 21:42:33] #hyoeuni 채널 입장 중입니다
[2021-12-10 21:42:33] #hyoeuni 채널에 입장했습니다
[2021-12-10 21:42:34] ~dslr캠 2일차 테니스치마♥ (Just Chatting)~
[2021-12-10 21:42:37] <%조카님재현 (kei02169)> 나 갈게 같이
[2021-12-10 21:42:56] <%조카님재현 (kei02169)> 놀이공원
[2021-12-10 21:43:13] <%냐옹이030 (030iiii)> 치마 완전 쨟당 밖에는 못입구나가겠당
[2021-12-10 21:43:39] <%조카님재현 (kei02169)> 약간 그 교복치가 같기도 하다
[2021-12-10 21:43:43] <%조카님재현 (kei02169)> 치마
[2021-12-10 21:43:48] <@%버엄키 (buuuumki)> 잘어울려~
[2021-12-10 21:43:54] <알로황 (answhdals3)> 모델이다
[2021-12-10 21:43:57] <%냐옹이030 (030iiii)> 테니스치마 조앙~
[2021-12-10 21:43:58] <@%방역최전선에서근무중 (hjy7289)> 어서오세요
[2021-12-10 21:44:02] <@%방역최전선에서근무중 (hjy7289)> !규칙
[2021-12-10 21:44:03] <@^빵_떡 (bbangddeock)> 1. 타 스트리머 및 비제이 얘기 금지2. 광고 및 도배 금지3. 롤 시참시 남탓 금지4. 욕설 및 성드립/패드립 금지5. 외모 (화장,성형,살쪄라,앞모습)등 지적 금지6. 어그로 (종교,인종차별,정치얘기,논란사항) 금지7. 트수간 지나친 친목 금지8. 지나친 게임 훈수 금지위 사항들을 어겼을 시 경고 및 심할 시 무통보 벤 입니다.
[2021-12-10 21:44:06] <@%방역최전선에서근무중 (hjy7289)> 잘읽어주시고요 필독해주셔요 잘지켜주세요
[2021-12-10 21:44:13] <%조카님재현 (kei02169)> 어차피 나한테 물어보면 답은 똑같애 ㅋㅋㅋㅋㅋㅋㅋㅋㅋ
[2021-12-10 21:44:15] <%모르겐_ (morgen_d)> PogChamp PogChamp PogChamp
[2021-12-10 21:44:17] <@%버엄키 (buuuumki)> 팔로우랑 구독부탁드려용
[2021-12-10 21:44:39] <나바예보스키 (jinwoong1009)> ㅋㅋㅋㅋㅋ
[2021-12-10 21:45:01] <@%버엄키 (buuuumki)> 되게 짧네여
[2021-12-10 21:45:05] <%조카님재현 (kei02169)> 아니 그 아침에 학교 갈려고 바쁘게 준비하면서 아침밥 먹는 고딩같애 여기서 엄마의 잔소리 위에 옷입고 밥먹어라
[2021-12-10 21:45:12] <%조카님재현 (kei02169)> 콜
[2021-12-10 21:45:15] <나바예보스키 (jinwoong1009)> 가즈아
[2021-12-10 21:45:16] <@%버엄키 (buuuumki)> 언제갈까
[2021-12-10 21:45:16] <@%버엄키 (buuuumki)> ㅎㅎ
[2021-12-10 21:45:19] <%조카님재현 (kei02169)> 가자
[2021-12-10 21:45:31] <똑고 (jjypaqxix)> 효하
[2021-12-10 21:45:31] <@^빵_떡 (bbangddeock)> 효하♥
[2021-12-10 21:45:35] <똑고 (jjypaqxix)> !출첵
[2021-12-10 21:45:35] <@^빵_떡 (bbangddeock)> 똑고 --> [2021-12-10] 이 채널의 9 번째 출석체크입니다. bbangd1Love   (지난 출석일 : 2021-12-06)
[2021-12-10 21:45:39] <똑고 (jjypaqxix)> 이뿌다
[2021-12-10 21:45:46] <%조카님재현 (kei02169)> 이쁘나 넌 주변에 벌이 많을꺼야 목소리가 꿀이라서 ㅋㅋ
[2021-12-10 21:45:48] <@^빵_떡 (bbangddeock)> 안녕하세요 팔로우 구독 부탁드려용♥이름: 윤효은 나이: 뜨무살이 8번째 반복중 >_ㅇ인스타: _hyoeunnn2 유튜브: 효은이 특징 : 외모는 고양이 속은 멍멍이 겉바속촉한 여자 한번 빠지면 못나가는 마력의 냥댕이♥ 도네사료를 주면 좋아해용 냥냥 ♥
[2021-12-10 21:46:07] <%조카님재현 (kei02169)> 나나나나
[2021-12-10 21:46:09] <@%버엄키 (buuuumki)> 아니 언제갈꺼냐고 물어봤자나
[2021-12-10 21:46:11] <똑고 (jjypaqxix)> 없어
[2021-12-10 21:46:12] <@%버엄키 (buuuumki)> ㅎㅎㅎㅎㅎㅎㅎ
[2021-12-10 21:46:13] <%조카님재현 (kei02169)> 여기 여기 여기
[2021-12-10 21:46:16] <%조카님재현 (kei02169)> 나나나나
[2021-12-10 21:46:17] <똑고 (jjypaqxix)> ㅋㅋㅋㅋㅋㅋ
[2021-12-10 21:46:18] <@%방역최전선에서근무중 (hjy7289)> 매너쳇 부탁드려요
[2021-12-10 21:46:20] <나바예보스키 (jinwoong1009)> 많은데
[2021-12-10 21:46:47] <%조카님재현 (kei02169)> 근데 진심 테니스치마가 아니라 교복치마같은데 아무리봐도
[2021-12-10 21:47:05] <%조카님재현 (kei02169)> 색깔이 그래서 그런가
[2021-12-10 21:47:09] <%조카님재현 (kei02169)> ?
[2021-12-10 21:47:09] <@^빵_떡 (bbangddeock)> bbangd1Un
[2021-12-10 21:47:17] <똑고 (jjypaqxix)> ?
[2021-12-10 21:47:17] <@^빵_떡 (bbangddeock)> bbangd1Un
[2021-12-10 21:47:22] <%조카님재현 (kei02169)> 또또또
[2021-12-10 21:47:24] <%냐옹이030 (030iiii)> ㅋㅋㅋㅋㅋㅋㅋㅋㅋ
[2021-12-10 21:47:31] <똑고 (jjypaqxix)> 역시 실망시키지 않는구먼
[2021-12-10 21:47:37] <똑고 (jjypaqxix)> 커여웡
[2021-12-10 21:47:39] <%레아나 (rapia22)> 훌라후프가 작으니까 치죠
[2021-12-10 21:47:41] <나바예보스키 (jinwoong1009)> 본성 나왔다 ㄷㄷ
[2021-12-10 21:47:44] <@%버엄키 (buuuumki)> ㅋㅋㅋㅋㅋㅋㅋㅋㅋ
[2021-12-10 21:47:48] <%냐옹이030 (030iiii)> 어제 저걸로 줄넘기하다 넘어졌자낭
[2021-12-10 21:48:05] <%조카님재현 (kei02169)> 또또또 으이구
[2021-12-10 21:48:08] <나바예보스키 (jinwoong1009)> 스카너춤 또보고싶다 ㅋㅋㅋㅋ
[2021-12-10 21:48:12] <%조카님재현 (kei02169)> 으이구
[2021-12-10 21:48:16] <%조카님재현 (kei02169)> 머리콩
[2021-12-10 21:48:22] <%냐옹이030 (030iiii)> 언니 키가 너무 커서그랭~
[2021-12-10 21:48:28] <~%효은이_ (hyoeuni)> 그럼
[2021-12-10 21:48:29] <@%버엄키 (buuuumki)> ㅋㅋㅋㅋㅋㅋㅋㅋㅋ
[2021-12-10 21:48:31] <~%효은이_ (hyoeuni)> 키몇같아?
[2021-12-10 21:48:33] <@%버엄키 (buuuumki)> !키
[2021-12-10 21:48:33] <@^빵_떡 (bbangddeock)> 162.. 작지도 크지도 않은 적당한..♥
[2021-12-10 21:48:35] <나바예보스키 (jinwoong1009)> 170?
[2021-12-10 21:48:42] <@%방역최전선에서근무중 (hjy7289)> ㅋㅋㅋㅋㅋㅋㅋㅋ
[2021-12-10 21:48:44] <%냐옹이030 (030iiii)> 164?
[2021-12-10 21:48:45] <@%버엄키 (buuuumki)> 미안..
[2021-12-10 21:48:46] <@%버엄키 (buuuumki)> ㅎㅎ
[2021-12-10 21:48:50] <%조카님재현 (kei02169)> 이쁘나 넌 주변에 벌이 많을꺼야 목소리가 꿀이라서 ㅋㅋㅋㅋㅋㅋ
[2021-12-10 21:48:57] <나바예보스키 (jinwoong1009)> 매니저 컽!
[2021-12-10 21:49:00] <똑고 (jjypaqxix)> ㅋㅋㅋㅋㅋㅋ
[2021-12-10 21:49:02] <%레아나 (rapia22)> ㅋㅋㅋㅋㅋㅋ
[2021-12-10 21:49:14] <@%버엄키 (buuuumki)> 너무 열심히해도 문제야ㅎㅎ
[2021-12-10 21:49:16] <@%방역최전선에서근무중 (hjy7289)> 누나 내년에 가고싶은 과 합격했어 나
[2021-12-10 21:49:26] <똑고 (jjypaqxix)> ㅗㅜㅑ?
[2021-12-10 21:49:30] <%레아나 (rapia22)> 조그매서 귀엽다
[2021-12-10 21:49:38] <똑고 (jjypaqxix)> 미안
[2021-12-10 21:49:51] <똑고 (jjypaqxix)> 토끼가 눈에안들어와
[2021-12-10 21:50:09] <%조카님재현 (kei02169)> 돌잡이 때 머 잡았어? 혹시 내 심장?
[2021-12-10 21:50:39] <똑고 (jjypaqxix)> 누나가 더 귀여워
[2021-12-10 21:50:56] <%조카님재현 (kei02169)> 그렇지 않고서야 날 이렇게 꽉 잡고 있지
[2021-12-10 21:50:57] <1w2e3r1> 저 자러갈께용
[2021-12-10 21:51:04] <@%방역최전선에서근무중 (hjy7289)> 들어가셔요
[2021-12-10 21:51:08] <1w2e3r1> 네
[2021-12-10 21:51:09] <@%버엄키 (buuuumki)> 조심히 들어가세요~
[2021-12-10 21:51:14] <똑고 (jjypaqxix)> ㅎㅎ
[2021-12-10 21:51:17] <%냐옹이030 (030iiii)> 벌써자면 어떠캐요
[2021-12-10 21:51:24] <나바예보스키 (jinwoong1009)> 일찍 주무시네 ㄷㄷ
[2021-12-10 21:51:36] <1w2e3r1> 매니저님 수고하셨습니다
[2021-12-10 21:51:39] <%조카님재현 (kei02169)> 아 맞다 나 낼 늦게 들어옴
[2021-12-10 21:51:45] <@%방역최전선에서근무중 (hjy7289)> 넵
[2021-12-10 21:52:01] <똑고 (jjypaqxix)> ?
[2021-12-10 21:52:01] <@^빵_떡 (bbangddeock)> bbangd1Un
[2021-12-10 21:52:05] <%조카님재현 (kei02169)> 나도 2개가 들림
[2021-12-10 21:52:05] <@%방역최전선에서근무중 (hjy7289)> 그러게요
[2021-12-10 21:52:08] <%냐옹이030 (030iiii)> 나두
[2021-12-10 21:52:11] <@%방역최전선에서근무중 (hjy7289)> 저도2개들려용
[2021-12-10 21:52:11] <%조카님재현 (kei02169)> ㅋㅋㅋㅋㅋㅋㅋ
[2021-12-10 21:52:15] <똑고 (jjypaqxix)> 어 그러넹
[2021-12-10 21:52:15] <~%효은이_ (hyoeuni)> 저거
[2021-12-10 21:52:18] <~%효은이_ (hyoeuni)> 아까 그 배경어플에서
[2021-12-10 21:52:18] <%냐옹이030 (030iiii)> 다른노래 들려요
[2021-12-10 21:52:19] <~%효은이_ (hyoeuni)> 나온거야
[2021-12-10 21:52:23] <@%방역최전선에서근무중 (hjy7289)> 아하 ㅋㅋ
[2021-12-10 21:52:27] <%조카님재현 (kei02169)> 잘해쏘 진짜로
[2021-12-10 21:52:53] <@%방역최전선에서근무중 (hjy7289)> 네
[2021-12-10 21:52:59] <%조카님재현 (kei02169)> 아 놔 진짜로 나 저 전화한통에 낚인다
[2021-12-10 21:53:13] <%조카님재현 (kei02169)> 매일 낚임
[2021-12-10 21:53:20] <%조카님재현 (kei02169)> 알면서도 낚임 ㅋㅋㅋㅋ
[2021-12-10 21:53:42] <%조카님재현 (kei02169)> 개 민망하노 ㅋㅋㅋㅋㅋㅋㅋㅋㅋㅋㅋㅋㅋㅋㅋ
[2021-12-10 21:54:33] <%조카님재현 (kei02169)> 정지화면 아닙니다
[2021-12-10 21:54:41] <%냐옹이030 (030iiii)> 0.0
[2021-12-10 21:54:50] <@%방역최전선에서근무중 (hjy7289)> 매너쳇 부탁드려요
[2021-12-10 21:54:56] <%조카님재현 (kei02169)> !규칙
[2021-12-10 21:54:56] <@^빵_떡 (bbangddeock)> 1. 타 스트리머 및 비제이 얘기 금지2. 광고 및 도배 금지3. 롤 시참시 남탓 금지4. 욕설 및 성드립/패드립 금지5. 외모 (화장,성형,살쪄라,앞모습)등 지적 금지6. 어그로 (종교,인종차별,정치얘기,논란사항) 금지7. 트수간 지나친 친목 금지8. 지나친 게임 훈수 금지위 사항들을 어겼을 시 경고 및 심할 시 무통보 벤 입니다.
[2021-12-10 21:55:28] <%조카님재현 (kei02169)> 이 규칙들 다 읽으시고 이 규칙들을 잘 준수하시면서 편하게 자판 잡아주떼여
[2021-12-10 21:55:42] <@%방역최전선에서근무중 (hjy7289)> 다들 매너쳇 부탁드려요
[2021-12-10 21:55:49] <@%방역최전선에서근무중 (hjy7289)> 새로오신분들도 필독 부탁드려용
[2021-12-10 21:56:06] <%레아나 (rapia22)> 유튜브 목소리랑 트위치 목소리가 다르네요
[2021-12-10 21:56:06] <@^빵_떡 (bbangddeock)> 네 그게 전데용~?
[2021-12-10 21:57:04] <%냐옹이030 (030iiii)> 에췽
[2021-12-10 21:57:04] <%조카님재현 (kei02169)> 아 나 저 전화에 매일 낚임 와 나 개민망 ㅋㅋㅋㅋㅋㅋㅋㅋㅋㅋ
[2021-12-10 21:57:30] <제갈량입니다만 (sinpilsu)> 효하
[2021-12-10 21:57:30] <ndkdndin> 안녕하세요~~~
[2021-12-10 21:57:31] <@^빵_떡 (bbangddeock)> 효하♥
[2021-12-10 21:57:41] <@%방역최전선에서근무중 (hjy7289)> 어서오세요
[2021-12-10 21:57:46] <이기구쉽다 (1lharrisl1)> 누나 유트브 즐겨보고잇어요
[2021-12-10 21:57:46] <@%방역최전선에서근무중 (hjy7289)> !규칙
[2021-12-10 21:57:46] <@^빵_떡 (bbangddeock)> 1. 타 스트리머 및 비제이 얘기 금지2. 광고 및 도배 금지3. 롤 시참시 남탓 금지4. 욕설 및 성드립/패드립 금지5. 외모 (화장,성형,살쪄라,앞모습)등 지적 금지6. 어그로 (종교,인종차별,정치얘기,논란사항) 금지7. 트수간 지나친 친목 금지8. 지나친 게임 훈수 금지위 사항들을 어겼을 시 경고 및 심할 시 무통보 벤 입니다.
[2021-12-10 21:57:49] <이기구쉽다 (1lharrisl1)> 이모지
[2021-12-10 21:57:50] <@%방역최전선에서근무중 (hjy7289)> 잘읽어주시고요 필독해주셔요 잘지켜주세요
[2021-12-10 21:58:18] <%동싱0217 (hyeondo_0)> 운동갔다다시옴!
[2021-12-10 21:58:35] <%조카님재현 (kei02169)> 돌잡이 때 혹시 내 심장 잡지 않았어? 그렇지 않고서야 내가 효으니한테서 못빠져 나가니까 절대로
[2021-12-10 21:58:41] <나바예보스키 (jinwoong1009)> ㅋㅋㅋㅋㅋㅋㅋㅋㅋ
[2021-12-10 21:58:46] <%동싱0217 (hyeondo_0)> 찰바..?
[2021-12-10 21:58:50] <이기구쉽다 (1lharrisl1)> 이모 고양이 보여주세용
[2021-12-10 21:59:07] <%동싱0217 (hyeondo_0)> 누나근디…오른쪽구석 화면위험한건아니지?
[2021-12-10 21:59:16] <%조카님재현 (kei02169)> 오늘 4번했다
[2021-12-10 21:59:22] <%조카님재현 (kei02169)> 사랑 드립
[2021-12-10 21:59:33] <%동싱0217 (hyeondo_0)> 찰바먹는거보면 고문이라서..운동감^^
[2021-12-10 21:59:35] <%조카님재현 (kei02169)> 오늘은 이제 그만
[2021-12-10 21:59:38] <나바예보스키 (jinwoong1009)> 유미cctv 이제 안해요?
[2021-12-10 21:59:49] <%조카님재현 (kei02169)> 아 맞다
[2021-12-10 22:00:01] <%조카님재현 (kei02169)> 나 낼 늦게 들어올게
[2021-12-10 22:00:13] <%조카님재현 (kei02169)> 보고
[2021-12-10 22:00:38] <이기구쉽다 (1lharrisl1)> !디코
[2021-12-10 22:00:38] <@^빵_떡 (bbangddeock)> https://discord.gg/jGku7NjG
[2021-12-10 22:00:51] <%조카님재현 (kei02169)> 내가 이렇게 보고 안하고 늦게 들어오면 화내고 삐질 거 같아서
[2021-12-10 22:01:23] <%조카님재현 (kei02169)> 정지화면 아니지?
[2021-12-10 22:01:24] <%냐옹이030 (030iiii)> 아침은 머것어용?
[2021-12-10 22:01:36] <@%방역최전선에서근무중 (hjy7289)> 범키님 계신가요
[2021-12-10 22:01:45] <%조카님재현 (kei02169)> 내가 이렇게 보고 안하고 늦게 들어오면 화내고 삐질 거 같아서
[2021-12-10 22:01:51] <@%방역최전선에서근무중 (hjy7289)> 범키님??
[2021-12-10 22:01:54] <랄바1 (herb0617a)> 효하~~
[2021-12-10 22:02:12] <@%버엄키 (buuuumki)> 넹
[2021-12-10 22:02:16] <%조카님재현 (kei02169)> 이쁘니 삐진 모습도 사랑스러운데
[2021-12-10 22:02:20] <랄바1 (herb0617a)> 효은님 밑은 하반심캠?
[2021-12-10 22:02:28] <@%방역최전선에서근무중 (hjy7289)> 저대신에서 잠시 혼자서 매니좀 부탁드려요 저일단 일이생겨서요
[2021-12-10 22:02:29] <%조카님재현 (kei02169)> 보고는 해야할 거 같아서
[2021-12-10 22:02:37] <랄바1 (herb0617a)> 저거 치마들쳐지면 어우
[2021-12-10 22:02:40] <%조카님재현 (kei02169)> 낼 늦게 온다고 보고함
[2021-12-10 22:02:56] <이기구쉽다 (1lharrisl1)> 오십만게 언제 모으지
[2021-12-10 22:02:58] <랄바1 (herb0617a)> 단가 확실하시네요 효은님
[2021-12-10 22:03:09] <%냐옹이030 (030iiii)> ㅋㅋㅋㅋ
[2021-12-10 22:03:18] <랄바1 (herb0617a)> 효은님을 왜 괴롭혀요
[2021-12-10 22:03:50] <이기구쉽다 (1lharrisl1)> 스카너 댄스는 모에여?
[2021-12-10 22:04:00] <@%버엄키 (buuuumki)> 제일 매력적인거 있어여
[2021-12-10 22:04:00] <@%버엄키 (buuuumki)> ㅎㅎ
[2021-12-10 22:04:06] <%냐옹이030 (030iiii)> 언니오늘 롤 할꺼에용?
[2021-12-10 22:04:08] <%조카님재현 (kei02169)> 난 저렇게 약한애를 어떻게 괴롭혀 못 괴롭혀
[2021-12-10 22:04:31] <@%버엄키 (buuuumki)> ㅋㅋㅋㅋㅋㅋㅋ
[2021-12-10 22:04:33] <happydau> 안녕하세요
[2021-12-10 22:04:58] <@%버엄키 (buuuumki)> 어서오세요~
[2021-12-10 22:05:00] <@%버엄키 (buuuumki)> !규칙
[2021-12-10 22:05:00] <@^빵_떡 (bbangddeock)> 1. 타 스트리머 및 비제이 얘기 금지2. 광고 및 도배 금지3. 롤 시참시 남탓 금지4. 욕설 및 성드립/패드립 금지5. 외모 (화장,성형,살쪄라,앞모습)등 지적 금지6. 어그로 (종교,인종차별,정치얘기,논란사항) 금지7. 트수간 지나친 친목 금지8. 지나친 게임 훈수 금지위 사항들을 어겼을 시 경고 및 심할 시 무통보 벤 입니다.
[2021-12-10 22:05:03] <%조카님재현 (kei02169)> 아님 낼 못 들어올수도 ㅋㅋㅋㅋㅋㅋ
[2021-12-10 22:05:06] <@%버엄키 (buuuumki)> 필독해주시고 팔로우랑 구독부탁드려용
[2021-12-10 22:05:20] <%조카님재현 (kei02169)> 낼 들어올 수 있음 들어올게
[2021-12-10 22:05:22] <랄바1 (herb0617a)> 전 꽝3번 걸리고 4번째에 롤친추걸려서
[2021-12-10 22:05:43] <나바예보스키 (jinwoong1009)> 구독하면 뭐가 좋은 거에요?
[2021-12-10 22:05:48] <@^빵_떡 (bbangddeock)> 뱅송시간♥ 평일 월화는10:30쯤시작 수목금은20:00쯤시작 주말은 랜덤! 휴뱅 공지는 트게더 또는 디코방(https://discord.gg/y9HHD764) 또는 트게더에 공지합니당 아마 휴방은 일주일 1-2번 정도이고 미리 공지하고 휴방할게요!!ㅎ-ㅎ
[2021-12-10 22:05:48] <@^빵_떡 (bbangddeock)> 안녕하세요 팔로우 구독 부탁드려용♥이름: 윤효은 나이: 뜨무살이 8번째 반복중 >_ㅇ인스타: _hyoeunnn2 유튜브: 효은이 특징 : 외모는 고양이 속은 멍멍이 겉바속촉한 여자 한번 빠지면 못나가는 마력의 냥댕이♥ 도네사료를 주면 좋아해용 냥냥 ♥
[2021-12-10 22:06:15] <랄바1 (herb0617a)> 20살 8번째면 28살인가?
[2021-12-10 22:06:18] <%냐옹이030 (030iiii)> 이름앞에 귀여운거
[2021-12-10 22:06:19] <@%방역최전선에서근무중 (hjy7289)> 저다시왔어요
[2021-12-10 22:06:20] <@%버엄키 (buuuumki)> 아마도..?
[2021-12-10 22:06:20] <@%버엄키 (buuuumki)> ㅎㅎ
[2021-12-10 22:06:49] <@%방역최전선에서근무중 (hjy7289)> 효은님 디코좀 잠시뵈주세용
[2021-12-10 22:07:15] <이기구쉽다 (1lharrisl1)> 롤티어 어디에요??
[2021-12-10 22:07:22] <@%버엄키 (buuuumki)> !티어
[2021-12-10 22:07:24] <@^빵_떡 (bbangddeock)> 티어 : 랭크 정보가 없습니다.
[2021-12-10 22:08:02] <%조카님재현 (kei02169)> 하 늦게 들어 온다고 해도 반응이 없는 이쁘니 금융이 필요한건가
[2021-12-10 22:08:13] <%냐옹이030 (030iiii)> 금융치료
[2021-12-10 22:08:20] <%냐옹이030 (030iiii)> 우왕 달고나다
[2021-12-10 22:08:34] <%조카님재현 (kei02169)> 난 요즘에 이쁘니한테 빠졌는데
[2021-12-10 22:08:35] <이기구쉽다 (1lharrisl1)> 네모스낵 그 초록섹 국룰인데
[2021-12-10 22:08:50] <%조카님재현 (kei02169)> 난 요즘 윤효은한테 빠졌는데
[2021-12-10 22:09:03] <%조카님재현 (kei02169)> 저거 후라이팬이나 불에 구워서 먹어봐
[2021-12-10 22:09:08] <@%버엄키 (buuuumki)> !도네
[2021-12-10 22:09:09] <@^빵_떡 (bbangddeock)> https://toon.at/donate/637725829132206594
[2021-12-10 22:09:32] <happydau> 네모스넥 계속 먹다 보면 질리던데
[2021-12-10 22:09:41] <@%버엄키 (buuuumki)> 누나는 그런거 안질려해요ㅎㅎ
[2021-12-10 22:09:55] <happydau> 그래요?
[2021-12-10 22:09:56] <%동싱0217 (hyeondo_0)> 네모스낵 칼로리 몇이에여?
[2021-12-10 22:10:00] <%조카님재현 (kei02169)> 내가 늦게 들어오거나 못 들어올 수도 있다는데 하아
[2021-12-10 22:10:13] <%더덕은산더덕 (skflaldk)> 효하
[2021-12-10 22:10:14] <@^빵_떡 (bbangddeock)> 효하♥
[2021-12-10 22:10:29] <@%버엄키 (buuuumki)> ??
[2021-12-10 22:10:51] <@%버엄키 (buuuumki)> ㅋㅋㅋㅋㅋㅋㅋㅋㅋ
[2021-12-10 22:10:52] <%조카님재현 (kei02169)> 개안아
[2021-12-10 22:10:57] <%동싱0217 (hyeondo_0)> 밥한끼 뚝딱하시네
[2021-12-10 22:10:58] <%더덕은산더덕 (skflaldk)> 오
[2021-12-10 22:11:02] <%더덕은산더덕 (skflaldk)> 오늘은 오른쪽 캠이 메인인가
[2021-12-10 22:11:05] <%조카님재현 (kei02169)> 윤효은 키우는 거 쉽네
[2021-12-10 22:11:12] <%냐옹이030 (030iiii)> 오른쪽 턱에 모 묻은거아닝가용??
[2021-12-10 22:11:32] <%더덕은산더덕 (skflaldk)> NAGA
[2021-12-10 22:11:41] <%동싱0217 (hyeondo_0)> 네모스낵10개=밥한공기
[2021-12-10 22:11:58] <%더덕은산더덕 (skflaldk)> 으구
[2021-12-10 22:12:05] <%조카님재현 (kei02169)> 난 오늘 골든글러브 봄
[2021-12-10 22:12:06] <%더덕은산더덕 (skflaldk)> 애기야 정신차려 정신 뭘묻히고먹어
[2021-12-10 22:12:29] <%더덕은산더덕 (skflaldk)> 아니
[2021-12-10 22:12:33] <%더덕은산더덕 (skflaldk)> 이제 공부하고 밥먹고 집에왔는데
[2021-12-10 22:12:54] Viewerstats (21:42-22:12): avg:74 min:67 max:87 [17/67+0+0+0+7+0-4-2+0+1+0+18+0+0-2-6+0]
[2021-12-10 22:12:59] <@%버엄키 (buuuumki)> 오 벌써??
[2021-12-10 22:12:59] <%조카님재현 (kei02169)> 올해 골든글러브는 넘 유력해서 봤는데 다 예상이 가능함
[2021-12-10 22:13:00] <%더덕은산더덕 (skflaldk)> 먹고살려고하니 하는거지
[2021-12-10 22:13:19] <%더덕은산더덕 (skflaldk)> 오
[2021-12-10 22:13:25] <%냐옹이030 (030iiii)> 아리 5555
[2021-12-10 22:13:25] <%조카님재현 (kei02169)> 내가 머 말할지는 암말 안해도 알겠지?
[2021-12-10 22:13:27] <%더덕은산더덕 (skflaldk)> 벌써 1만팔 준비하는건가
[2021-12-10 22:13:58] <%더덕은산더덕 (skflaldk)> ㅇ오옹 나이스하네
[2021-12-10 22:14:01] <sexymoira7> 효은님 피시방에서 아리 코스프레 하신거 잘봣습니다 너무 잘 어울리세요
[2021-12-10 22:14:03] <%조카님재현 (kei02169)> 이쁘니가 아리 코스프레 한다는 것에 대해 내가 무슨 말 할지 알지?
[2021-12-10 22:14:12] <woosok03> 오른쪽하단 뭐야 저거
[2021-12-10 22:14:22] <woosok03> 몰카충 시점임?
[2021-12-10 22:14:34] BAN: woosok03
[2021-12-10 22:14:34] <%동싱0217 (hyeondo_0)> !규칙
[2021-12-10 22:14:34] <@^빵_떡 (bbangddeock)> 1. 타 스트리머 및 비제이 얘기 금지2. 광고 및 도배 금지3. 롤 시참시 남탓 금지4. 욕설 및 성드립/패드립 금지5. 외모 (화장,성형,살쪄라,앞모습)등 지적 금지6. 어그로 (종교,인종차별,정치얘기,논란사항) 금지7. 트수간 지나친 친목 금지8. 지나친 게임 훈수 금지위 사항들을 어겼을 시 경고 및 심할 시 무통보 벤 입니다.
[2021-12-10 22:14:47] <@%버엄키 (buuuumki)> 난 가차없어
[2021-12-10 22:14:56] <kimminsu23> !출첵
[2021-12-10 22:14:57] <@^빵_떡 (bbangddeock)> kimminsu23 --> [2021-12-10] 이 채널의 4 번째 출석체크입니다. bbangd1Love  [2연속]
[2021-12-10 22:15:03] <~%효은이_ (hyoeuni)> !디코방
[2021-12-10 22:15:04] <@^빵_떡 (bbangddeock)> https://discord.gg/6HBQjjQA
[2021-12-10 22:15:06] <~%효은이_ (hyoeuni)> !인스타
[2021-12-10 22:15:07] <@^빵_떡 (bbangddeock)> _hyoeunnn2
[2021-12-10 22:15:10] <%조카님재현 (kei02169)> 만팔에 아리 코스프레 하는것에 대해 내가 무슨말을 할지는 알지? 따로 말 안 할게
[2021-12-10 22:15:29] <%조카님재현 (kei02169)> ㅋㅋㅋㅋㅋ
[2021-12-10 22:15:44] <happydau> 만팔 빨리 돼면 좋겠다
[2021-12-10 22:15:48] <@%방역최전선에서근무중 (hjy7289)> 다시왔어요
[2021-12-10 22:15:51] <@%버엄키 (buuuumki)> ㅋㅋㅋㅋㅋㅋㅋㅋㅋㅋ
[2021-12-10 22:15:57] <@%방역최전선에서근무중 (hjy7289)> 네
[2021-12-10 22:15:58] <%조카님재현 (kei02169)> 알자나
[2021-12-10 22:16:09] <hij1296> 안녕하새요~
[2021-12-10 22:16:15] <%더덕은산더덕 (skflaldk)> 디코
[2021-12-10 22:16:17] <%더덕은산더덕 (skflaldk)> 좋네
[2021-12-10 22:16:23] <%조카님재현 (kei02169)> 말해 뭐해
[2021-12-10 22:16:35] <%더덕은산더덕 (skflaldk)> 아근데 공지하긴 확인할대가없네
[2021-12-10 22:16:54] <%조카님재현 (kei02169)> 낼 저녁약속 있다
[2021-12-10 22:16:59] <%더덕은산더덕 (skflaldk)> 아무대나 안들어가있거든
[2021-12-10 22:17:02] <%더덕은산더덕 (skflaldk)> 그거메인인데
[2021-12-10 22:17:04] <%더덕은산더덕 (skflaldk)> 왜없애
[2021-12-10 22:17:06] <~%효은이_ (hyoeuni)> 1없 2그냥냅
[2021-12-10 22:17:06] <EWQQ0202> 없애
[2021-12-10 22:17:08] <%더덕은산더덕 (skflaldk)> 22222222222222222222
[2021-12-10 22:17:10] <katalk4> 2
[2021-12-10 22:17:12] <채원이1 (tbdlzl13)> 1
[2021-12-10 22:17:23] <j7586581> 2222222
[2021-12-10 22:17:25] <ehdals1356> 2
[2021-12-10 22:17:29] <%더덕은산더덕 (skflaldk)> ㅋㅋㅋㅋㅋㅋㅋㅋㅋㅋㅋㅋㅋ
[2021-12-10 22:17:37] <채원이1 (tbdlzl13)> 이모
[2021-12-10 22:17:40] <%더덕은산더덕 (skflaldk)> 롤친추 당하면 집착당합니다
[2021-12-10 22:17:44] <채원이1 (tbdlzl13)> 오늘은 애교뱃살 보여주네용
[2021-12-10 22:17:48] <@%버엄키 (buuuumki)> ㅋㅋㅋㅋㅋㅋㅋㅋㅋ
[2021-12-10 22:18:11] <%소희르의알잘딱깔센준희놈 (junhee4200)> 효하~
[2021-12-10 22:18:11] <채원이1 (tbdlzl13)> 믿어볼꼐용 이모
[2021-12-10 22:18:16] <%더덕은산더덕 (skflaldk)> 이야
[2021-12-10 22:18:18] <%더덕은산더덕 (skflaldk)> 해달라는소리죠?
[2021-12-10 22:18:26] <%소희르의알잘딱깔센준희놈 (junhee4200)> 안녕하세용~~
[2021-12-10 22:18:33] <%조카님재현 (kei02169)> 난 해줄게
[2021-12-10 22:18:35] <%조카님재현 (kei02169)> 백허그
[2021-12-10 22:18:41] <%더덕은산더덕 (skflaldk)> 식데하면 뒤에서 잡아다 뒤로
[2021-12-10 22:18:41] <@%방역최전선에서근무중 (hjy7289)> 누나
[2021-12-10 22:18:43] <%더덕은산더덕 (skflaldk)> 냅다던져
[2021-12-10 22:18:45] <채원이1 (tbdlzl13)> 이모전 운동가야대용
[2021-12-10 22:18:46] <%소희르의알잘딱깔센준희놈 (junhee4200)> 효하효하
[2021-12-10 22:18:52] <hij1296> 밑에 카메라 일을 잘하네
[2021-12-10 22:19:02] <%더덕은산더덕 (skflaldk)> 아안돼
[2021-12-10 22:19:03] <%조카님재현 (kei02169)> 난 해줄게 백허그
[2021-12-10 22:19:05] <%더덕은산더덕 (skflaldk)> 식데하면 럭포터해줘야해
[2021-12-10 22:19:07] <%소희르의알잘딱깔센준희놈 (junhee4200)> 오늘 넘 이쁘시네여
[2021-12-10 22:19:17] <%소희르의알잘딱깔센준희놈 (junhee4200)> 효하
[2021-12-10 22:19:17] <@^빵_떡 (bbangddeock)> 효하♥
[2021-12-10 22:19:22] <%더덕은산더덕 (skflaldk)> ㅋㅋㅋㅋㅋㅋㅋㅋㅋㅋㅋㅋㅋ
[2021-12-10 22:19:28] <%조카님재현 (kei02169)> 뒤에서 꽉 안아서 안 놔줄꺼야 절대로
[2021-12-10 22:19:47] <%더덕은산더덕 (skflaldk)> 3분 vs 30분
[2021-12-10 22:20:15] <%조카님재현 (kei02169)> 뒤에서 백허그해서 절대로 안 놔 줄꺼니까
[2021-12-10 22:20:57] <%더덕은산더덕 (skflaldk)> 요즘 고등학생도 알건다아는데
[2021-12-10 22:20:57] <@%버엄키 (buuuumki)> 17.9라..
[2021-12-10 22:20:59] <@%버엄키 (buuuumki)> ㅋㅋㅋㅋㅋㅋㅋㅋㅋ
[2021-12-10 22:21:00] <%더덕은산더덕 (skflaldk)> 다된다는말이지?
[2021-12-10 22:21:17] <나바예보스키 (jinwoong1009)> 27.9
[2021-12-10 22:21:45] <@%버엄키 (buuuumki)> 난 나중에 룰렛할래~
[2021-12-10 22:21:46] <@%버엄키 (buuuumki)> ㅋㅋㅋㅋㅋㅋㅋㅋㅋㅋ
[2021-12-10 22:21:51] <@%방역최전선에서근무중 (hjy7289)> ㅋㅋㅋㅋㅋㅋㅋㅋ
[2021-12-10 22:22:07] <@%버엄키 (buuuumki)> 카톡뜬걸 눈으로 봤잖아
[2021-12-10 22:22:07] <%더덕은산더덕 (skflaldk)> 조만간룰렛한번해야겠구만
[2021-12-10 22:22:07] <@%버엄키 (buuuumki)> ㅎㅎㅎ
[2021-12-10 22:22:11] <%더덕은산더덕 (skflaldk)> 요즘 춤이아주 늘었어
[2021-12-10 22:22:42] <%더덕은산더덕 (skflaldk)> 오 그것까지생각해?
[2021-12-10 22:23:04] <%더덕은산더덕 (skflaldk)> 준비된 스머구먼
[2021-12-10 22:23:09] <%조카님재현 (kei02169)> 이쁘나
[2021-12-10 22:23:18] <%조카님재현 (kei02169)> 난 널 가질게
[2021-12-10 22:23:35] <%조카님재현 (kei02169)> 근데 이 노래 제목이 머야?
[2021-12-10 22:23:45] <%더덕은산더덕 (skflaldk)> 이형님 사심안된다니깐 롤친추도 해달라하고 곤란합니다
[2021-12-10 22:23:56] <~%효은이_ (hyoeuni)> 6cypher
[2021-12-10 22:23:58] <~%효은이_ (hyoeuni)> 비지
[2021-12-10 22:24:06] <%조카님재현 (kei02169)> 오 땡큐
[2021-12-10 22:24:11] <%더덕은산더덕 (skflaldk)> 롤하는것도훔쳐보고
[2021-12-10 22:24:14] <%더덕은산더덕 (skflaldk)> 사심멈춰!!
[2021-12-10 22:24:21] <~%효은이_ (hyoeuni)> 님한테
[2021-12-10 22:24:23] <~%효은이_ (hyoeuni)> 사심 없는데?
[2021-12-10 22:24:25] <~%효은이_ (hyoeuni)> ㅋㅋㅋㅋㅋㅋㅋㅋㅋㅋㅋㅋㅋㅋㅋㅋ
[2021-12-10 22:24:26] <@%버엄키 (buuuumki)> ㅋㅋㅋㅋㅋㅋㅋㅋㅋㅋㅋ
[2021-12-10 22:24:27] <~%효은이_ (hyoeuni)> 김칫국 ㄴㄴ
[2021-12-10 22:24:35] <~%효은이_ (hyoeuni)> 님이 5등안에 들면
[2021-12-10 22:24:37] <~%효은이_ (hyoeuni)> 사심 생각해볼게
[2021-12-10 22:24:41] <@%버엄키 (buuuumki)> ㅋㅋㅋㅋㅋㅋㅋㅋㅋ
[2021-12-10 22:24:45] <@%버엄키 (buuuumki)> !도네
[2021-12-10 22:24:45] <@^빵_떡 (bbangddeock)> https://toon.at/donate/637725829132206594
[2021-12-10 22:24:47] <@%버엄키 (buuuumki)> 이거?
[2021-12-10 22:24:51] <~%효은이_ (hyoeuni)> 그래
[2021-12-10 22:24:56] <~%효은이_ (hyoeuni)> 범키야
[2021-12-10 22:24:58] <~%효은이_ (hyoeuni)> 회장 의 힘 보여줘바
[2021-12-10 22:24:59] <%조카님재현 (kei02169)> 난 솔직히 사심이 있지
[2021-12-10 22:24:59] <~%효은이_ (hyoeuni)> ^^
[2021-12-10 22:25:05] <%조카님재현 (kei02169)> 인정?
[2021-12-10 22:25:19] <%더덕은산더덕 (skflaldk)> ㅋㅋㅋㅋㅋㅋㅋㅋㅋ
[2021-12-10 22:25:21] <@%버엄키 (buuuumki)> ㅋㅋㅋㅋㅋㅋㅋㅋ
[2021-12-10 22:25:21] <%조카님재현 (kei02169)> ??????????/
[2021-12-10 22:25:26] <%조카님재현 (kei02169)> 허첨
[2021-12-10 22:25:27] <%더덕은산더덕 (skflaldk)> 사심멈춰!!
[2021-12-10 22:25:43] <%조카님재현 (kei02169)> 이젠 사랑이 식었네
[2021-12-10 22:25:48] <@%버엄키 (buuuumki)> 아니 운동돌려볼껄
[2021-12-10 22:25:48] <@^빵_떡 (bbangddeock)> 안녕하세요 팔로우 구독 부탁드려용♥이름: 윤효은 나이: 뜨무살이 8번째 반복중 >_ㅇ인스타: _hyoeunnn2 유튜브: 효은이 특징 : 외모는 고양이 속은 멍멍이 겉바속촉한 여자 한번 빠지면 못나가는 마력의 냥댕이♥ 도네사료를 주면 좋아해용 냥냥 ♥
[2021-12-10 22:26:06] <%조카님재현 (kei02169)> 나 마상 당함
[2021-12-10 22:26:17] <%조카님재현 (kei02169)> ㅋㅋㅋㅋㅋㅋㅋ
[2021-12-10 22:26:22] <%조카님재현 (kei02169)> 장난인거 알지
[2021-12-10 22:26:23] <%조카님재현 (kei02169)> ㅋㅋㅋㅋㅋㅋㅋㅋㅋㅋㅋ
[2021-12-10 22:26:55] <~%효은이_ (hyoeuni)> 야범키야
[2021-12-10 22:26:56] <~%효은이_ (hyoeuni)> 솔직히
[2021-12-10 22:26:57] <~%효은이_ (hyoeuni)> 좋지 이거
[2021-12-10 22:26:58] <@%버엄키 (buuuumki)> ㅋㅋㅋㅋㅋㅋㅋㅋ
[2021-12-10 22:27:00] <@%방역최전선에서근무중 (hjy7289)> ㅋㅋㅋㅋㅋㅋㅋㅋ
[2021-12-10 22:27:01] <~%효은이_ (hyoeuni)> 말해라
[2021-12-10 22:27:06] <%조카님재현 (kei02169)> 근데 저거 어제부터 은근 잘걸림
[2021-12-10 22:27:06] <@%버엄키 (buuuumki)> 난 첨떠봤는데>??
[2021-12-10 22:27:35] <%더덕은산더덕 (skflaldk)> 저건뭔디
[2021-12-10 22:27:39] <@%버엄키 (buuuumki)> 그건
[2021-12-10 22:27:40] <@%버엄키 (buuuumki)> 봤지
[2021-12-10 22:27:41] <~%효은이_ (hyoeuni)> 남친시뮬?
[2021-12-10 22:27:45] <~%효은이_ (hyoeuni)> 그거보고ㅗ
[2021-12-10 22:27:46] <~%효은이_ (hyoeuni)> 소감어떰
[2021-12-10 22:27:48] <~%효은이_ (hyoeuni)> ㅋㅋㅋㅋㅋㅋㅋㅋㅋㅋㅋㅋㅋㅋㅋㅋㅋㅋㅋㅋㅋ
[2021-12-10 22:27:50] <~%효은이_ (hyoeuni)> 오글거렸어?
[2021-12-10 22:27:51] <%더덕은산더덕 (skflaldk)> 예고편없음?
[2021-12-10 22:27:54] <%조카님재현 (kei02169)> 난 낼 저녁 약속있어서 늦게 들어올 수 있음 들어올게
[2021-12-10 22:28:02] <%더덕은산더덕 (skflaldk)> 상품을사려면 봐야지
[2021-12-10 22:28:18] <%조카님재현 (kei02169)> 낼 있다고
[2021-12-10 22:28:20] <%조카님재현 (kei02169)> 낼낼낼
[2021-12-10 22:28:24] <%조카님재현 (kei02169)> !!!
[2021-12-10 22:28:29] <@%버엄키 (buuuumki)> 음..자세히는 안본거같애ㅎ
[2021-12-10 22:28:34] <%조카님재현 (kei02169)> 거기 여자 있는데
[2021-12-10 22:28:44] <@%버엄키 (buuuumki)> 그때 화장실간듯
[2021-12-10 22:28:49] <~%효은이_ (hyoeuni)> ㅇ하필
[2021-12-10 22:28:51] <%조카님재현 (kei02169)> 아니 보고하는거야
[2021-12-10 22:28:52] <~%효은이_ (hyoeuni)> 하필?
[2021-12-10 22:28:53] <~%효은이_ (hyoeuni)> 그떄?
[2021-12-10 22:29:02] <~%효은이_ (hyoeuni)> 아니 재현아
[2021-12-10 22:29:05] <~%효은이_ (hyoeuni)> 우리가 사귀는사이도아니고
[2021-12-10 22:29:07] <~%효은이_ (hyoeuni)> ㅜㅜㅋㅋ
[2021-12-10 22:29:09] <%조카님재현 (kei02169)> 어차피 교회 사람들 모임이야
[2021-12-10 22:29:15] <~%효은이_ (hyoeuni)> 그래그래
[2021-12-10 22:29:16] <%더덕은산더덕 (skflaldk)> 말로하던지 채팅을치던지
[2021-12-10 22:29:19] <%더덕은산더덕 (skflaldk)> 한가지만하실래요?
[2021-12-10 22:29:22] <@%방역최전선에서근무중 (hjy7289)> ㅋㅋㅋㅋㅋㅋㅋㅋ
[2021-12-10 22:29:24] <~%효은이_ (hyoeuni)> 시러시럴
[2021-12-10 22:29:25] <~%효은이_ (hyoeuni)> 둘다할래
[2021-12-10 22:29:28] <~%효은이_ (hyoeuni)> 저러케말하니까
[2021-12-10 22:29:29] <~%효은이_ (hyoeuni)> 둘다하고싶네
[2021-12-10 22:29:31] <wjwjwj0> 선생님 책상밑에 몰카가 설치되잇어요
[2021-12-10 22:29:31] <~%효은이_ (hyoeuni)> 그럼
[2021-12-10 22:29:33] <~%효은이_ (hyoeuni)> 귀요송 먼저
[2021-12-10 22:29:35] <~%효은이_ (hyoeuni)> 할게요~
[2021-12-10 22:29:37] <~%효은이_ (hyoeuni)> 네네
[2021-12-10 22:29:37] <~%효은이_ (hyoeuni)> 알아요
[2021-12-10 22:29:38] <%조카님재현 (kei02169)> 사귀는 사이 ㅋㅋㅋㅋㅋㅋㅋㅋ
[2021-12-10 22:29:42] <%더덕은산더덕 (skflaldk)> NAGA
[2021-12-10 22:29:47] <%조카님재현 (kei02169)> 사람 일은 모르는 거야
[2021-12-10 22:29:48] <@%방역최전선에서근무중 (hjy7289)> 어서오세요
[2021-12-10 22:29:49] <~%효은이_ (hyoeuni)> 무지개반사
[2021-12-10 22:29:54] <@%방역최전선에서근무중 (hjy7289)> !규칙
[2021-12-10 22:29:54] <@^빵_떡 (bbangddeock)> 1. 타 스트리머 및 비제이 얘기 금지2. 광고 및 도배 금지3. 롤 시참시 남탓 금지4. 욕설 및 성드립/패드립 금지5. 외모 (화장,성형,살쪄라,앞모습)등 지적 금지6. 어그로 (종교,인종차별,정치얘기,논란사항) 금지7. 트수간 지나친 친목 금지8. 지나친 게임 훈수 금지위 사항들을 어겼을 시 경고 및 심할 시 무통보 벤 입니다.
[2021-12-10 22:29:59] <%조카님재현 (kei02169)> 무지개 반사는 어디서 나온거야?
[2021-12-10 22:30:00] <@%방역최전선에서근무중 (hjy7289)> 잘읽어주시고요 필독해주셔요 잘지켜주세요 매너쳇 부탁드려요
[2021-12-10 22:30:06] <@%버엄키 (buuuumki)> 필독해주시고 팔로우랑 구독부탁드려용
[2021-12-10 22:30:11] <%조카님재현 (kei02169)> 무지개 반사는 머야
[2021-12-10 22:30:23] <%더덕은산더덕 (skflaldk)> 어쩔티비 할때부터알아봤는데
[2021-12-10 22:30:29] <%조카님재현 (kei02169)> 우린 그냥 반사로 해
[2021-12-10 22:30:29] <@%버엄키 (buuuumki)> ㅋㅋㅋㅋㅋㅋㅋㅋ
[2021-12-10 22:30:35] <%조카님재현 (kei02169)> 아님 즐이라고 하던가
[2021-12-10 22:30:56] <%더덕은산더덕 (skflaldk)> ?
[2021-12-10 22:30:57] <@^빵_떡 (bbangddeock)> bbangd1Un
[2021-12-10 22:31:07] <%조카님재현 (kei02169)> 근데 미션하려고 화면조정하는 거 아냐?
[2021-12-10 22:31:21] <%더덕은산더덕 (skflaldk)> 효은님 오늘은 저녁 뭐드셨어요?
[2021-12-10 22:31:53] <@%버엄키 (buuuumki)> 조ㅓㅎ지
[2021-12-10 22:31:53] <@%버엄키 (buuuumki)> ㅎㅎ
[2021-12-10 22:32:00] <%조카님재현 (kei02169)> 안돼
[2021-12-10 22:32:08] <@%방역최전선에서근무중 (hjy7289)> 네
[2021-12-10 22:32:09] <%더덕은산더덕 (skflaldk)> 여기다들 좋아하는데
[2021-12-10 22:32:43] <%조카님재현 (kei02169)> 저 본인 폰 사용하는게 매일매일 봐도 신선함
[2021-12-10 22:35:27] <@%버엄키 (buuuumki)> 짝짝짝~~
[2021-12-10 22:35:28] <%더덕은산더덕 (skflaldk)> 오
[2021-12-10 22:35:30] <%조카님재현 (kei02169)> 베란다 나가실때 밑에 수면바지 있으시면 입고 위에는 롱패딩 입고 양말신고 나가셔야 되여
[2021-12-10 22:35:38] <%조카님재현 (kei02169)> 요새 베란다 넘 추워요
[2021-12-10 22:36:03] <%조카님재현 (kei02169)> 솔직히 귀요미송 안해도 귀여운데 ㅋㅋㅋㅋㅋㅋㅋ
[2021-12-10 22:37:02] <@%버엄키 (buuuumki)> ㅋㅋㅋㅋㅋㅋㅋㅋㅋ
[2021-12-10 22:37:08] <@%방역최전선에서근무중 (hjy7289)> ㅋㅋㅋㅋㅋㅋㅋㅋ
[2021-12-10 22:37:22] <@%버엄키 (buuuumki)> 광어 좋지~
[2021-12-10 22:37:38] <@%버엄키 (buuuumki)> ㅋㅋㅋㅋㅋㅋㅋㅋㅋ
[2021-12-10 22:37:43] <min_h_06> 맛있어오ㅋㅋㅋ
[2021-12-10 22:38:18] <@%버엄키 (buuuumki)> 어서오세요~
[2021-12-10 22:38:20] <@%방역최전선에서근무중 (hjy7289)> 어서오세요
[2021-12-10 22:38:20] <@%버엄키 (buuuumki)> !규칙
[2021-12-10 22:38:20] <@^빵_떡 (bbangddeock)> 1. 타 스트리머 및 비제이 얘기 금지2. 광고 및 도배 금지3. 롤 시참시 남탓 금지4. 욕설 및 성드립/패드립 금지5. 외모 (화장,성형,살쪄라,앞모습)등 지적 금지6. 어그로 (종교,인종차별,정치얘기,논란사항) 금지7. 트수간 지나친 친목 금지8. 지나친 게임 훈수 금지위 사항들을 어겼을 시 경고 및 심할 시 무통보 벤 입니다.
[2021-12-10 22:38:25] <@%버엄키 (buuuumki)> 필독해주시고 팔로우랑 구독부탁드려용
[2021-12-10 22:38:33] <@%방역최전선에서근무중 (hjy7289)> 잘읽어주시고요 필독해주셔요 잘지켜주세요
[2021-12-10 22:38:51] <~%효은이_ (hyoeuni)> ..
[2021-12-10 22:38:53] <%조카님재현 (kei02169)> 알겠어 절대로 혼자 안 내버려 둘게
[2021-12-10 22:38:56] <ddoikddo> 혹시 유튜브 하시는분인가
[2021-12-10 22:38:56] <@^빵_떡 (bbangddeock)> 네 그사람이 전데용?
[2021-12-10 22:39:01] <@%방역최전선에서근무중 (hjy7289)> 어서오세요
[2021-12-10 22:39:02] <@%버엄키 (buuuumki)> 네 맞아요
[2021-12-10 22:39:03] <@%방역최전선에서근무중 (hjy7289)> !규칙
[2021-12-10 22:39:05] <@^빵_떡 (bbangddeock)> 1. 타 스트리머 및 비제이 얘기 금지2. 광고 및 도배 금지3. 롤 시참시 남탓 금지4. 욕설 및 성드립/패드립 금지5. 외모 (화장,성형,살쪄라,앞모습)등 지적 금지6. 어그로 (종교,인종차별,정치얘기,논란사항) 금지7. 트수간 지나친 친목 금지8. 지나친 게임 훈수 금지위 사항들을 어겼을 시 경고 및 심할 시 무통보 벤 입니다.
[2021-12-10 22:39:08] <@%방역최전선에서근무중 (hjy7289)> 잘읽어주시고요 필독해주셔요 잘지켜주세요
[2021-12-10 22:39:10] <%조카님재현 (kei02169)> !유튜브
[2021-12-10 22:39:10] <@^빵_떡 (bbangddeock)> https://www.youtube.com/channel/UC0YxNG7SfBp3yAM_VtYOzqg
[2021-12-10 22:39:16] <@%방역최전선에서근무중 (hjy7289)> 매너쳇 부탁드려요
[2021-12-10 22:39:34] <%조카님재현 (kei02169)> 여기 너튭은 구독과 좋아요 알람설정까지 Gang Gang
[2021-12-10 22:39:53] <@%버엄키 (buuuumki)> ㅋㅋㅋㅋㅋㅋㅋ
[2021-12-10 22:40:02] <%조카님재현 (kei02169)> 절대로 혼자 안 내버려 둘게 절대로 약속?
[2021-12-10 22:40:03] <min_h_06> ㅋㅋㅋㅋ개귀여워요 누나...하 ㅜ
[2021-12-10 22:40:11] <@%버엄키 (buuuumki)> 당당하게해!!!!!
[2021-12-10 22:40:14] <min_h_06> 기엽당 ㅋㅋㅋ
[2021-12-10 22:40:17] <@%방역최전선에서근무중 (hjy7289)> ㅋㅋㅋㅋㅋㅋㅋㅋ
[2021-12-10 22:40:24] <%조카님재현 (kei02169)> 개이뻐
[2021-12-10 22:40:43] <%조카님재현 (kei02169)> 겁나 사랑스러워 어찌 이리도 사랑스러울까
[2021-12-10 22:40:51] <sexymoira7> 효은님 무대를 찢으셧네요 잘봣습니다
[2021-12-10 22:40:53] <@%버엄키 (buuuumki)> ㅋㅋㅋㅋㅋㅋㅋㅋㅋㅋ
[2021-12-10 22:40:54] <@%버엄키 (buuuumki)> 부럽..
[2021-12-10 22:40:56] <%조카님재현 (kei02169)> 내 입술에도 해줬음 좋겠다
[2021-12-10 22:41:27] <%조카님재현 (kei02169)> ㅋㅋㅋㅋㅋㅋ
[2021-12-10 22:41:43] <min_h_06> 나 누나 생각중
[2021-12-10 22:41:45] <%조카님재현 (kei02169)> 난 오늘 골든글러브 봤음
[2021-12-10 22:41:50] <min_h_06> 누나...왜이리 이뻐요?
[2021-12-10 22:41:59] <min_h_06> 개이쁘닼ㅋㅋㅋ
[2021-12-10 22:42:03] <min_h_06> 담에할게요 룰렛은
[2021-12-10 22:42:12] <min_h_06> 그러게요 ㅋㅋ
[2021-12-10 22:42:16] <min_h_06> 안나가고싶네욬ㅋㅋㅋ
[2021-12-10 22:42:20] <min_h_06> 네
[2021-12-10 22:42:22] <min_h_06> ㅋㅋㅋ
[2021-12-10 22:42:31] <각전 (nokgal3125)> 오랜만에 왔는데 캠바꿨넹 이모
[2021-12-10 22:42:35] <min_h_06> 전 전부터 누나 유튜브는 알고있었는데 트위터는 첨봤어요 ㅜㅜㅜ
[2021-12-10 22:42:38] <%조카님재현 (kei02169)> 전 아직도 출입구 못 찾고 있어요 그래서 지금은 안 찾고 있어요
[2021-12-10 22:42:42] <@%버엄키 (buuuumki)> 어서오세요
[2021-12-10 22:42:45] <각전 (nokgal3125)> 선명해여
[2021-12-10 22:42:47] <min_h_06> 노래 커버 하는영상 엄처좋아했어요
[2021-12-10 22:42:52] <min_h_06> 아 맞다 트위치 ㅋㅋ
[2021-12-10 22:42:57] <@%방역최전선에서근무중 (hjy7289)> 어서오세요
[2021-12-10 22:43:01] Viewerstats (22:14-22:43): avg:71 min:62 max:83 [15/79+4+0-10+0-7+0+5+0+5+0-14+0+7+0]
[2021-12-10 22:43:06] <각전 (nokgal3125)> 어느거로 하나 이쁘지만..
[2021-12-10 22:43:17] <%조카님재현 (kei02169)> 이거 조이가 불렀지?
[2021-12-10 22:43:26] <%조카님재현 (kei02169)> 이 노래 윤아버전도 있는데
[2021-12-10 22:43:28] <각전 (nokgal3125)> 대입때문에 바빴어용 ㅠ
[2021-12-10 22:43:29] <min_h_06> 누나는 어디에 살아요?
[2021-12-10 22:43:31] <%더덕은산더덕 (skflaldk)> 으
[2021-12-10 22:43:35] <%더덕은산더덕 (skflaldk)> 음 귤맛있네
[2021-12-10 22:44:02] <%더덕은산더덕 (skflaldk)> 또또
[2021-12-10 22:44:03] <min_h_06> 오 나도 코리아에 살아
[2021-12-10 22:44:07] <%더덕은산더덕 (skflaldk)> 내가먹으니 먹고싶어하는것봐라
[2021-12-10 22:44:10] <%더덕은산더덕 (skflaldk)> 사심안됩니다
[2021-12-10 22:44:11] <min_h_06> ㅋㅋㅋㅋㅋ
[2021-12-10 22:44:15] <min_h_06> 반가워~
[2021-12-10 22:44:18] <min_h_06> 넵
[2021-12-10 22:44:25] <%조카님재현 (kei02169)> 서울특별시 사랑구 사랑동에 살아요
[2021-12-10 22:44:30] <min_h_06> 오
[2021-12-10 22:44:34] <%조카님재현 (kei02169)> 이게 정답 아냐?
[2021-12-10 22:44:52] <%더덕은산더덕 (skflaldk)> 한라봉 좋아하세요?
[2021-12-10 22:45:02] <%더덕은산더덕 (skflaldk)> ??
[2021-12-10 22:45:07] <@%버엄키 (buuuumki)> ㅋㅋㅋㅋㅋㅋㅋㅋㅋㅋ
[2021-12-10 22:45:14] <%더덕은산더덕 (skflaldk)> 팬심보내줄까해서 물어본건데
[2021-12-10 22:45:16] <%더덕은산더덕 (skflaldk)> 됐어요
[2021-12-10 22:45:18] <%더덕은산더덕 (skflaldk)> 사드세요
[2021-12-10 22:45:19] <min_h_06> 누나 디엠보내면 안읽을거죵ㅋㅋㅋ 팬되고싶어요
[2021-12-10 22:45:21] <%조카님재현 (kei02169)> 먼데?
[2021-12-10 22:45:24] <%조카님재현 (kei02169)> 안 보임
[2021-12-10 22:45:24] <@%버엄키 (buuuumki)> 먼뎅?
[2021-12-10 22:45:28] <개냥이주인 (fruevi)> 안보여요
[2021-12-10 22:45:31] <%조카님재현 (kei02169)> 아하
[2021-12-10 22:45:33] <각전 (nokgal3125)> 화분물주기?
[2021-12-10 22:45:34] <%조카님재현 (kei02169)> 화분 물주기
[2021-12-10 22:45:37] <@%버엄키 (buuuumki)> 아하
[2021-12-10 22:45:42] <@%방역최전선에서근무중 (hjy7289)> 화분 물주기
[2021-12-10 22:45:48] <@^빵_떡 (bbangddeock)> 뱅송시간♥ 평일 월화는10:30쯤시작 수목금은20:00쯤시작 주말은 랜덤! 휴뱅 공지는 트게더 또는 디코방(https://discord.gg/y9HHD764) 또는 트게더에 공지합니당 아마 휴방은 일주일 1-2번 정도이고 미리 공지하고 휴방할게요!!ㅎ-ㅎ
[2021-12-10 22:45:48] <@^빵_떡 (bbangddeock)> 안녕하세요 팔로우 구독 부탁드려용♥이름: 윤효은 나이: 뜨무살이 8번째 반복중 >_ㅇ인스타: _hyoeunnn2 유튜브: 효은이 특징 : 외모는 고양이 속은 멍멍이 겉바속촉한 여자 한번 빠지면 못나가는 마력의 냥댕이♥ 도네사료를 주면 좋아해용 냥냥 ♥
[2021-12-10 22:45:48] <@%방역최전선에서근무중 (hjy7289)> 갔다오셔요
[2021-12-10 22:46:08] <min_h_06> ㅋㅋㅋㅋㅋㅋ
[2021-12-10 22:46:25] <%더덕은산더덕 (skflaldk)> 바보인거는 알아요
[2021-12-10 22:46:32] <min_h_06> LUL
[2021-12-10 22:46:57] <%더덕은산더덕 (skflaldk)> ㅋㅋㅋㅋㅋㅋㅋㅋㅋㅋㅋ
[2021-12-10 22:47:22] <%조카님재현 (kei02169)> 난 궁금한 거 있어
[2021-12-10 22:47:32] <%조카님재현 (kei02169)> ㅋㅋㅋㅋㅋㅋㅋ
[2021-12-10 22:47:35] <%조카님재현 (kei02169)> ㅋㅋㅋㅋㅋㅋㅋㅋㅋ
[2021-12-10 22:47:35] <@%버엄키 (buuuumki)> ㅋㅋㅋㅋㅋㅋㅋㅋ
[2021-12-10 22:47:37] <@%버엄키 (buuuumki)> 단호..
[2021-12-10 22:47:40] <@%방역최전선에서근무중 (hjy7289)> ㅋㅋㅋㅋㅋㅋㅋㅋ
[2021-12-10 22:47:48] <%조카님재현 (kei02169)> 하아 슬프다
[2021-12-10 22:47:50] <%조카님재현 (kei02169)> 돈 없는
[2021-12-10 22:48:03] <%조카님재현 (kei02169)> 돈 없어서 슬프다
[2021-12-10 22:48:06] <%조카님재현 (kei02169)> 나
[2021-12-10 22:48:08] <%조카님재현 (kei02169)> 손
[2021-12-10 22:48:14] <%조카님재현 (kei02169)> 그럼
[2021-12-10 22:48:15] <%조카님재현 (kei02169)> 왜
[2021-12-10 22:48:18] <%조카님재현 (kei02169)> 난 안돼
[2021-12-10 22:48:21] <~%효은이_ (hyoeuni)> 이유가있어
[2021-12-10 22:48:26] <~%효은이_ (hyoeuni)> 뭔지 오분동안
[2021-12-10 22:48:28] <~%효은이_ (hyoeuni)> 생각하고와
[2021-12-10 22:48:33] <@%방역최전선에서근무중 (hjy7289)> ㅋㅋㅋㅋㅋㅋㅋㅋ
[2021-12-10 22:48:34] <%더덕은산더덕 (skflaldk)> 내가해줄까?
[2021-12-10 22:48:35] <%조카님재현 (kei02169)> 돈이야? ㅋㅋㅋㅋㅋㅋㅋ
[2021-12-10 22:48:37] <@%방역최전선에서근무중 (hjy7289)> 손
[2021-12-10 22:48:37] <%더덕은산더덕 (skflaldk)> 됐어 안된다하겠지
[2021-12-10 22:48:46] <%조카님재현 (kei02169)> 아놔
[2021-12-10 22:48:48] <@%버엄키 (buuuumki)> ㅋㅋㅋㅋㅋㅋㅋ
[2021-12-10 22:48:55] <%조카님재현 (kei02169)> 돈이지 머
[2021-12-10 22:48:56] <%조카님재현 (kei02169)> 도네지
[2021-12-10 22:49:01] <%조카님재현 (kei02169)> 도네 하라는거지
[2021-12-10 22:49:02] <~%효은이_ (hyoeuni)> 아니야
[2021-12-10 22:49:04] <~%효은이_ (hyoeuni)> 장난임
[2021-12-10 22:49:06] <%조카님재현 (kei02169)> 그럼
[2021-12-10 22:49:06] <~%효은이_ (hyoeuni)> ㅋㅋㅋㅋㅋㅋㅋㅋㅋ
[2021-12-10 22:49:08] <@%방역최전선에서근무중 (hjy7289)> ㅋㅋㅋㅋㅋㅋㅋㅋ
[2021-12-10 22:49:12] <~%효은이_ (hyoeuni)> ㅋㅋㅋㅋㅋㅋㅋㅋㅋ
[2021-12-10 22:49:13] <~%효은이_ (hyoeuni)> 방방바
[2021-12-10 22:49:16] <%조카님재현 (kei02169)> 내가 이 돈돈돈
[2021-12-10 22:49:24] <각전 (nokgal3125)> 구독이 있었구나
[2021-12-10 22:49:25] <%더덕은산더덕 (skflaldk)> ?/?알면서  안쏘는거니??
[2021-12-10 22:49:26] [Notification] 각전 subscribed at Tier 1.
[2021-12-10 22:49:27] <~%효은이_ (hyoeuni)> 야 장재현
[2021-12-10 22:49:30] <%조카님재현 (kei02169)> ㅋㅋㅋㅋㅋㅋㅋㅋㅋ
[2021-12-10 22:49:33] <@%방역최전선에서근무중 (hjy7289)> 구독 감사드려요
[2021-12-10 22:49:37] <%조카님재현 (kei02169)> 왜
[2021-12-10 22:49:38] <~%효은이_ (hyoeuni)> 너 내 찐팬인거
[2021-12-10 22:49:39] <~%효은이_ (hyoeuni)> 인스타때부터
[2021-12-10 22:49:42] <~%효은이_ (hyoeuni)> 잘알고있다
[2021-12-10 22:49:46] <@%방역최전선에서근무중 (hjy7289)> 오
[2021-12-10 22:49:47] <%조카님재현 (kei02169)> ㅋㅋㅋㅋㅋㅋㅋㅋ
[2021-12-10 22:49:50] <@%방역최전선에서근무중 (hjy7289)> ㅋㅋㅋㅋㅋㅋㅋㅋ
[2021-12-10 22:49:51] <~%효은이_ (hyoeuni)> 내가 그래서
[2021-12-10 22:49:53] <~%효은이_ (hyoeuni)> 너 성 아는거야
[2021-12-10 22:50:02] <%조카님재현 (kei02169)> 전에도 말했어
[2021-12-10 22:50:03] <%조카님재현 (kei02169)> ㅋㅋㅋㅋㅋㅋㅋ
[2021-12-10 22:50:06] <~%효은이_ (hyoeuni)> 너 나 전계정때부터
[2021-12-10 22:50:12] <~%효은이_ (hyoeuni)> 엄청 나 찐팬이잖아
[2021-12-10 22:50:15] <%조카님재현 (kei02169)> 오
[2021-12-10 22:50:49] <@%방역최전선에서근무중 (hjy7289)> 아니요 업무중이요 ㅋㅋ
[2021-12-10 22:50:49] <@%버엄키 (buuuumki)> 먹어써여
[2021-12-10 22:51:00] <@%버엄키 (buuuumki)> 소불고기
[2021-12-10 22:51:00] <%조카님재현 (kei02169)> 와 근데 이 노래 열라 올만에 듣는다
[2021-12-10 22:51:13] <%조카님재현 (kei02169)> 트러블메이커 와 이 곡 와
[2021-12-10 22:51:20] <@%버엄키 (buuuumki)> ㅎㅎㅎㅎ
[2021-12-10 22:51:23] <%조카님재현 (kei02169)> 진심 개 올만이다
[2021-12-10 22:52:07] <%조카님재현 (kei02169)> 저거 나 침바르면 개 잘하는데
[2021-12-10 22:52:31] <%조카님재현 (kei02169)> 아니 그건 이쁘니 맘이쥐
[2021-12-10 22:52:39] <@%방역최전선에서근무중 (hjy7289)> 나올해 다른대학교 다니다가 자퇴하고 수시2차때 썼는데 가고싶은대학교 합격했어 오늘
[2021-12-10 22:52:42] <jisoo_blink11> 누나 하이여
[2021-12-10 22:52:45] <@%버엄키 (buuuumki)> 어서오세요~
[2021-12-10 22:52:47] <%조카님재현 (kei02169)> 난 잘 몰라
[2021-12-10 22:53:10] <%조카님재현 (kei02169)> 있겠지 그러니까 경찰이 단속을 하겠지?
[2021-12-10 22:53:24] <%조카님재현 (kei02169)> 나도 몰라
[2021-12-10 22:53:30] <@%방역최전선에서근무중 (hjy7289)> 어떤거요
[2021-12-10 22:53:33] <jisoo_blink11> 무슨 얘기하고있어요?
[2021-12-10 22:53:34] <Camillabelle> 안녕하십니까.
[2021-12-10 22:53:36] <@%방역최전선에서근무중 (hjy7289)> 제가 경찰공부해서
[2021-12-10 22:53:41] <@%방역최전선에서근무중 (hjy7289)> !규칙
[2021-12-10 22:53:41] <@^빵_떡 (bbangddeock)> 1. 타 스트리머 및 비제이 얘기 금지2. 광고 및 도배 금지3. 롤 시참시 남탓 금지4. 욕설 및 성드립/패드립 금지5. 외모 (화장,성형,살쪄라,앞모습)등 지적 금지6. 어그로 (종교,인종차별,정치얘기,논란사항) 금지7. 트수간 지나친 친목 금지8. 지나친 게임 훈수 금지위 사항들을 어겼을 시 경고 및 심할 시 무통보 벤 입니다.
[2021-12-10 22:53:45] <@%방역최전선에서근무중 (hjy7289)> 잘읽어주시고요 필독해주셔요 잘지켜주세요
[2021-12-10 22:53:49] <@%방역최전선에서근무중 (hjy7289)> 매너쳇 부탁드려요
[2021-12-10 22:53:57] <Camillabelle> 추천에 떠서 궁금했습니다
[2021-12-10 22:54:15] <%조카님재현 (kei02169)> 솔직히 머리띠나 토끼가 이쁘니가 해서 귀여워 보이는거야
[2021-12-10 22:54:27] <Camillabelle> ㅋㅋㅋㅋ
[2021-12-10 22:54:35] <@%버엄키 (buuuumki)> 팔로우랑 구독부탁드려용
[2021-12-10 22:54:36] <Camillabelle> 궁금하지가 않습니다.
[2021-12-10 22:54:55] <duswo0201> 안녕하세요
[2021-12-10 22:55:00] <@%방역최전선에서근무중 (hjy7289)> 어서오세요
[2021-12-10 22:55:04] <@%방역최전선에서근무중 (hjy7289)> !규칙
[2021-12-10 22:55:05] <@^빵_떡 (bbangddeock)> 1. 타 스트리머 및 비제이 얘기 금지2. 광고 및 도배 금지3. 롤 시참시 남탓 금지4. 욕설 및 성드립/패드립 금지5. 외모 (화장,성형,살쪄라,앞모습)등 지적 금지6. 어그로 (종교,인종차별,정치얘기,논란사항) 금지7. 트수간 지나친 친목 금지8. 지나친 게임 훈수 금지위 사항들을 어겼을 시 경고 및 심할 시 무통보 벤 입니다.
[2021-12-10 22:55:17] <@%방역최전선에서근무중 (hjy7289)> 잘읽어주시고요 필독해주셔요 잘지켜주세요
[2021-12-10 22:55:18] <Camillabelle> ㅋㅋㅋㅋㅋㅋ
[2021-12-10 22:55:22] <@%방역최전선에서근무중 (hjy7289)> 매너쳇 부탁드려요
[2021-12-10 22:55:23] <duswo0201> ㅋㅋㅋㅋㅋㅋㅋㅋㅋ
[2021-12-10 22:55:26] <@%버엄키 (buuuumki)> ㅋㅋㅋㅋㅋㅋㅋㅋㅋㅋㅋㅋ
[2021-12-10 22:55:29] <%더덕은산더덕 (skflaldk)> ??
[2021-12-10 22:55:29] <%각전 (nokgal3125)> ㅋㅋㅋㅋㅋㅋㅋㅋㅋㅋㅋㅋㅋㅋㅋㅋ
[2021-12-10 22:55:30] <@%버엄키 (buuuumki)> 왜그래ㅣ..
[2021-12-10 22:55:32] <941007a> 안녕
[2021-12-10 22:55:37] <duswo0201> 무서워
[2021-12-10 22:55:41] <kdn061031> ??
[2021-12-10 22:55:43] <Camillabelle> 미쳤다 ㅋㅋㅋㅋㅋ
[2021-12-10 22:55:46] <@%방역최전선에서근무중 (hjy7289)> 어서오세요
[2021-12-10 22:55:51] <@%방역최전선에서근무중 (hjy7289)> !규칙
[2021-12-10 22:55:51] <@^빵_떡 (bbangddeock)> 1. 타 스트리머 및 비제이 얘기 금지2. 광고 및 도배 금지3. 롤 시참시 남탓 금지4. 욕설 및 성드립/패드립 금지5. 외모 (화장,성형,살쪄라,앞모습)등 지적 금지6. 어그로 (종교,인종차별,정치얘기,논란사항) 금지7. 트수간 지나친 친목 금지8. 지나친 게임 훈수 금지위 사항들을 어겼을 시 경고 및 심할 시 무통보 벤 입니다.
[2021-12-10 22:55:55] <비들 (dlclghk)> 채팅이 안올라와 슬픈 스머의 찡찡입니다
[2021-12-10 22:55:55] <@%방역최전선에서근무중 (hjy7289)> 잘읽어주시고요 필독해주셔요 잘지켜주세요
[2021-12-10 22:56:00] <@%방역최전선에서근무중 (hjy7289)> 매너쳇 부탁드려요
[2021-12-10 22:56:00] <duswo0201> 제가 알던 유튜브의 효은이 누나가 아닌데요...
[2021-12-10 22:56:05] <pinki6021> 여기 이런방인가요?
[2021-12-10 22:56:07] <@%방역최전선에서근무중 (hjy7289)> !규칙
[2021-12-10 22:56:07] <@^빵_떡 (bbangddeock)> 1. 타 스트리머 및 비제이 얘기 금지2. 광고 및 도배 금지3. 롤 시참시 남탓 금지4. 욕설 및 성드립/패드립 금지5. 외모 (화장,성형,살쪄라,앞모습)등 지적 금지6. 어그로 (종교,인종차별,정치얘기,논란사항) 금지7. 트수간 지나친 친목 금지8. 지나친 게임 훈수 금지위 사항들을 어겼을 시 경고 및 심할 시 무통보 벤 입니다.
[2021-12-10 22:56:10] <@%방역최전선에서근무중 (hjy7289)> 잘읽어주시고요 필독해주셔요 잘지켜주세요
[2021-12-10 22:56:14] <@%방역최전선에서근무중 (hjy7289)> 매너쳇 부탁드려요
[2021-12-10 22:56:22] <비들 (dlclghk)> ㅋㅋㅋㅋㅋㅋㅋㅋㅋㅋㅋㅋㅋㅋㅋ
[2021-12-10 22:56:24] <@%방역최전선에서근무중 (hjy7289)> 새로오신분들 구독 팔로우 한번씩 부탁드려요
[2021-12-10 22:56:34] <Camillabelle> 재밌네요
[2021-12-10 22:56:41] <kdn061031> ㅋㅋㅋㅋ
[2021-12-10 22:56:43] <비들 (dlclghk)> ㅋㅋㅋㅋㅋㅋㅋㅋㅋㅋㅋㅋ
[2021-12-10 22:56:46] <duswo0201> ㅋㅋㅋㅋㅋㅋㅋㅋㅋ
[2021-12-10 22:56:52] <@%버엄키 (buuuumki)> ㅋㅋㅋㅋㅋㅋㅋㅋㅋㅋ
[2021-12-10 22:56:54] <Camillabelle> ㅋㅋㅋㅋㅋㅋㅋㅋㅋ
[2021-12-10 22:56:55] <%각전 (nokgal3125)> 1초컷..
[2021-12-10 22:56:56] <@%버엄키 (buuuumki)> 안하다매이제
[2021-12-10 22:57:00] <sexymoira7> 와 태권도 다니셧나요 훌라우프 잘 돌리시네요
[2021-12-10 22:57:06] <@%방역최전선에서근무중 (hjy7289)> 어서오세요
[2021-12-10 22:57:10] <@%방역최전선에서근무중 (hjy7289)> !규칙
[2021-12-10 22:57:11] <@^빵_떡 (bbangddeock)> 1. 타 스트리머 및 비제이 얘기 금지2. 광고 및 도배 금지3. 롤 시참시 남탓 금지4. 욕설 및 성드립/패드립 금지5. 외모 (화장,성형,살쪄라,앞모습)등 지적 금지6. 어그로 (종교,인종차별,정치얘기,논란사항) 금지7. 트수간 지나친 친목 금지8. 지나친 게임 훈수 금지위 사항들을 어겼을 시 경고 및 심할 시 무통보 벤 입니다.
[2021-12-10 22:57:14] <@%버엄키 (buuuumki)> 어서오세요~
[2021-12-10 22:57:14] <@%방역최전선에서근무중 (hjy7289)> 잘읽어주시고요 필독해주셔요 잘지켜주세요
[2021-12-10 22:57:18] <@%방역최전선에서근무중 (hjy7289)> 매너쳇 부탁드려요
[2021-12-10 22:57:24] <@%버엄키 (buuuumki)> 근데 머리띠를 빼면 쉬울듯???
[2021-12-10 22:57:24] <duswo0201> ㅋㅋㅋㅋㅌㅋㅌㅌㅌ
[2021-12-10 22:57:31] <Camillabelle> ㅋㅋㅋㅋㅋㅋㅋㅋㅋㅋㅋㅋㅋㅋㅋㅋㅋㅋㅋㅋㅋㅋㅋ
[2021-12-10 22:57:33] <941007a> 나도 인사해줘
[2021-12-10 22:57:38] <%각전 (nokgal3125)> 머리띠가 잘못했네
[2021-12-10 22:57:47] <Camillabelle> 이 누나 방송 재밌게 잘하시네
[2021-12-10 22:57:51] <@%방역최전선에서근무중 (hjy7289)> 네
[2021-12-10 22:57:52] <duswo0201> 귀여운데 무섭다...
[2021-12-10 22:57:55] <kdn061031> 괜찮으신가용?
[2021-12-10 22:58:03] <@%방역최전선에서근무중 (hjy7289)> 괜찮으셔요?
[2021-12-10 22:58:23] <%조카님재현 (kei02169)> 그러니까 왜 해
[2021-12-10 22:58:33] <duswo0201> 여기 있어
[2021-12-10 22:58:44] <min_h_06> ㅋㅋㅋㅋㅋㅋ
[2021-12-10 22:58:45] <duswo0201> 예뻤어요
[2021-12-10 22:58:54] <Camillabelle> ㅗㅜㅑ
[2021-12-10 22:58:55] <941007a> 나도 인사해줘
[2021-12-10 22:59:07] <duswo0201> 위험해요
[2021-12-10 22:59:30] <min_h_06> ㅋㅋㅋㅋㅋㅋㅋ왜그래
[2021-12-10 23:00:18] <duswo0201> 이미 했어요
[2021-12-10 23:00:18] <941007a> 팔로우햇어
[2021-12-10 23:00:25] <Camillabelle> 나 팔로우 눌렀어 누나
[2021-12-10 23:00:30] <kdn061031> 이미했는데
[2021-12-10 23:00:33] <@%방역최전선에서근무중 (hjy7289)> 네
[2021-12-10 23:00:35] <@%방역최전선에서근무중 (hjy7289)> ㅋㅋㅋㅋㅋㅋㅋㅋ
[2021-12-10 23:00:38] <shin9411> 나했는디
[2021-12-10 23:00:46] <min_h_06> ㅋㅋㅋㅋㅋㅋㅋ
[2021-12-10 23:00:54] <min_h_06> 긔여으ㅏ
[2021-12-10 23:01:02] <@%방역최전선에서근무중 (hjy7289)> 어서오세요
[2021-12-10 23:01:07] <@%방역최전선에서근무중 (hjy7289)> !규칙
[2021-12-10 23:01:20] <@^빵_떡 (bbangddeock)> 1. 타 스트리머 및 비제이 얘기 금지2. 광고 및 도배 금지3. 롤 시참시 남탓 금지4. 욕설 및 성드립/패드립 금지5. 외모 (화장,성형,살쪄라,앞모습)등 지적 금지6. 어그로 (종교,인종차별,정치얘기,논란사항) 금지7. 트수간 지나친 친목 금지8. 지나친 게임 훈수 금지위 사항들을 어겼을 시 경고 및 심할 시 무통보 벤 입니다.
[2021-12-10 23:01:22] <@%방역최전선에서근무중 (hjy7289)> 잘읽어주시고요 필독해주셔요 잘지켜주세요
[2021-12-10 23:01:23] <@%방역최전선에서근무중 (hjy7289)> 매너쳇 부탁드려요
[2021-12-10 23:01:26] <@%방역최전선에서근무중 (hjy7289)> 새로오신분들 구독 팔로우 한번씩 부탁드려요
[2021-12-10 23:01:38] <dgsufgusyi> ㅎㅇ
[2021-12-10 23:01:53] <@%방역최전선에서근무중 (hjy7289)> 어서오세요
[2021-12-10 23:02:02] <941007a> 동갑이구나 효은이ㅋㅋㅋㅋ  친구였으면 개재밌었겠다
[2021-12-10 23:02:20] <영광쨩 (gerad777)> 누님 영광이 왔습니다!! 퇴근하고 바로 왔습니다!!!
[2021-12-10 23:02:26] <min_h_06> ㅋㅋㅋ
[2021-12-10 23:02:28] <@%방역최전선에서근무중 (hjy7289)> 어서오세요
[2021-12-10 23:02:30] <min_h_06> 누나 내가 말해줄게
[2021-12-10 23:02:36] <영광쨩 (gerad777)> 일주일 용돈 모아서 다음주에 하겠습니다!!
[2021-12-10 23:02:55] <min_h_06> 누나 저 누나랑 디엠해보는게 소원이에여...
[2021-12-10 23:02:57] <min_h_06> ㅋㅋㅋㅋ
[2021-12-10 23:03:00] <duswo0201> 예쁜누나 보고있어서 채팅이 안쳐지네
[2021-12-10 23:03:06] <min_h_06> 힝
[2021-12-10 23:03:08] <min_h_06> ㅋㅋㅋㅋㅋ
[2021-12-10 23:03:12] <%조카님재현 (kei02169)> ?????
[2021-12-10 23:03:13] <941007a> 효은아 서울살어?
[2021-12-10 23:03:18] <@%방역최전선에서근무중 (hjy7289)> 재난문자 주세요
[2021-12-10 23:03:20] <@%방역최전선에서근무중 (hjy7289)> 매너쳇 부탁드려요
[2021-12-10 23:03:25] <@%방역최전선에서근무중 (hjy7289)> 오타요 ㅋㅋㅋㅋㅋㅋㅋㅋ
[2021-12-10 23:03:59] <%더덕은산더덕 (skflaldk)> 개소리좀 안나게 하라
[2021-12-10 23:04:00] <941007a> 맞아ㅋㅋㅋ
[2021-12-10 23:04:27] <%더덕은산더덕 (skflaldk)> ??
[2021-12-10 23:04:31] <%더덕은산더덕 (skflaldk)> 무슨띠냐고?
[2021-12-10 23:04:42] <941007a> 내친구들도 은이 너처럼 좀 이뻣으면 좋겠다
[2021-12-10 23:04:52] <@%방역최전선에서근무중 (hjy7289)> 매너쳇 부탁드려요
[2021-12-10 23:04:55] <%더덕은산더덕 (skflaldk)> 안가르쳐줄건데 궁금해하고있으렴
[2021-12-10 23:05:00] <@%방역최전선에서근무중 (hjy7289)> ㅋㅋㅋㅋㅋㅋㅋㅋ
[2021-12-10 23:05:03] <@%버엄키 (buuuumki)> 우와
[2021-12-10 23:05:05] <@%버엄키 (buuuumki)> 간식 많다~
[2021-12-10 23:05:08] <duswo0201> 우와
[2021-12-10 23:05:10] <%더덕은산더덕 (skflaldk)> 또또 이런거 물어본다 사심안된다니깐
[2021-12-10 23:05:21] <duswo0201> 그거 초록색이 더맛있는데
[2021-12-10 23:05:46] <%더덕은산더덕 (skflaldk)> 저런걸 어디서 사오는거야
[2021-12-10 23:05:46] <@%버엄키 (buuuumki)> 나도줘
[2021-12-10 23:05:49] <@^빵_떡 (bbangddeock)> 안녕하세요 팔로우 구독 부탁드려용♥이름: 윤효은 나이: 뜨무살이 8번째 반복중 >_ㅇ인스타: _hyoeunnn2 유튜브: 효은이 특징 : 외모는 고양이 속은 멍멍이 겉바속촉한 여자 한번 빠지면 못나가는 마력의 냥댕이♥ 도네사료를 주면 좋아해용 냥냥 ♥
[2021-12-10 23:05:55] <941007a> 내친구들도 효은이처럼 좀 이뻤으면 좋겠다~
[2021-12-10 23:05:59] <%조카님재현 (kei02169)> 내가 오늘 골든글러브 봤는데 선수들이 와 유니폼 입을 때랑 느낌이 확실히 다르게 보임 더 잘생겨 보임
[2021-12-10 23:06:04] <duswo0201> 나는요?
[2021-12-10 23:06:12] <%더덕은산더덕 (skflaldk)> 친구가없어요
[2021-12-10 23:06:14] <@%버엄키 (buuuumki)> ㅋㅋㅋㅋㅋㅋㅋㅋㅋㅋㅋㅋㅋㅋ
[2021-12-10 23:06:19] <min_h_06> HeyGuys
[2021-12-10 23:06:25] <@%버엄키 (buuuumki)> 오
[2021-12-10 23:06:25] <@%방역최전선에서근무중 (hjy7289)> 일처리하는라고 힘드네 ㅋㅋㅋㅋㅋㅋㅋㅋ
[2021-12-10 23:06:27] <@%버엄키 (buuuumki)> 맛잇는데??
[2021-12-10 23:06:37] <%더덕은산더덕 (skflaldk)> 햛쨕
[2021-12-10 23:06:41] <%더덕은산더덕 (skflaldk)> 츄릅츄릅
[2021-12-10 23:06:41] <%조카님재현 (kei02169)> 확실히 진짜 선수들이 정장을 입으니까 멋있음
[2021-12-10 23:06:50] <@%버엄키 (buuuumki)> ㅋㅋㅋㅋㅋㅋㅋ
[2021-12-10 23:06:53] <@%방역최전선에서근무중 (hjy7289)> ㅋㅋㅋㅋㅋㅋㅋㅋ
[2021-12-10 23:07:02] <%더덕은산더덕 (skflaldk)> 말그렇게하면 나섭섭해?
[2021-12-10 23:07:04] <941007a> 안이뻐.. 여자로 안느껴져
[2021-12-10 23:07:10] <@%방역최전선에서근무중 (hjy7289)> 네
[2021-12-10 23:07:18] <@%방역최전선에서근무중 (hjy7289)> 넵
[2021-12-10 23:07:18] <min_h_06> 누나 먹고있는거 네모스넥 맞아?
[2021-12-10 23:07:19] <%더덕은산더덕 (skflaldk)> 친구에서 연인으로지
[2021-12-10 23:07:24] <941007a> ㅋㅋㅋ
[2021-12-10 23:07:25] <%조카님재현 (kei02169)> 없지
[2021-12-10 23:07:43] <min_h_06> 바베큐 맛이 좋지 바베큐야?
[2021-12-10 23:07:47] <@%방역최전선에서근무중 (hjy7289)> 손
[2021-12-10 23:07:49] <@%버엄키 (buuuumki)> 여사친이 없어서..ㅠ
[2021-12-10 23:07:54] <min_h_06> 오
[2021-12-10 23:07:58] <941007a> 당연히 느껴지지 여자인데
[2021-12-10 23:08:00] <941007a> 손
[2021-12-10 23:08:04] <@%방역최전선에서근무중 (hjy7289)> 손이요
[2021-12-10 23:08:19] <941007a> 나랑친구하자..
[2021-12-10 23:08:27] <941007a> ㅋㅋㅋㅋ
[2021-12-10 23:08:31] <@%방역최전선에서근무중 (hjy7289)> ㅋㅋㅋㅋㅋㅋㅋㅋ
[2021-12-10 23:08:37] <%더덕은산더덕 (skflaldk)> ㅋㅋㅋㅋㅋㅋㅋㅋ
[2021-12-10 23:08:44] <%더덕은산더덕 (skflaldk)> 나랑친구하자
[2021-12-10 23:08:45] <941007a> 근데 서울이야?
[2021-12-10 23:08:49] <duswo0201> 누나 전 사심있는데 저랑 친해지실래요?
[2021-12-10 23:08:51] <@%방역최전선에서근무중 (hjy7289)> 매너쳇 부탁드려요
[2021-12-10 23:08:57] <@%버엄키 (buuuumki)> 개인정보는 삼가해주세요
[2021-12-10 23:09:04] <@%방역최전선에서근무중 (hjy7289)> 개인정보는 자제요
[2021-12-10 23:09:23] <941007a> 유튜브요
[2021-12-10 23:14:00] <min_h_06> 누나 인터넷상에서 막 아자르처럼 해서 친해지느거 많이 안좋아 나쁜남자들이 얼마나 많은뎈ㅋㅋㅋㅋㅋㅋㅋㅋㅋㅋ
[2021-12-10 23:17:02] <@%방역최전선에서근무중 (hjy7289)> 매너쳇 부탁드려요
