# Log started: 2021-12-10 21:56:16 +0900
[2021-12-10 21:56:16] #jo178579 채널 입장 중입니다
[2021-12-10 21:56:17] #jo178579 채널에 입장했습니다
[2021-12-10 21:56:17] ~!?19함..ㅗㅜㅑ,,,,,,,,,,,,,,,,,no (Just Chatting)~
[2021-12-10 21:56:28] <%마아블 (hamjjijoh)> 어제만해도 남자를 만나고 오셨다죠
[2021-12-10 21:56:32] <%마아블 (hamjjijoh)> StinkyCheese StinkyCheese
[2021-12-10 21:56:56] <%마아블 (hamjjijoh)> 참고로 마이크 x입니다
[2021-12-10 21:57:01] <Twipkr>* 이거 완벽하게 완창하면 만원님,10,000원 후원 감사해요~!
[2021-12-10 21:57:34] <%마아블 (hamjjijoh)> ㅋㅋㅋㅋ
[2021-12-10 21:57:48] <갓유댕 (wowns1996)> 완벽하게 커버하시면 만원드립니다
[2021-12-10 21:58:13] <%마아블 (hamjjijoh)> 오오
[2021-12-10 21:58:26] <갓유댕 (wowns1996)> ㅋㅋㅋㅋㅋㅋㅋㅋㅋㅋㅋㅋㅋㅋ
[2021-12-10 21:58:27] <할만한세카뿅이카이브 (bjdyrksu)> 이미   만원  날라감
[2021-12-10 21:58:31] <%마아블 (hamjjijoh)> 그래도 도전은 해보시죠
[2021-12-10 21:58:50] <%마아블 (hamjjijoh)> BibleThump BibleThump
[2021-12-10 21:58:56] <할만한세카뿅이카이브 (bjdyrksu)> ㅋㅋㅋㅋ
[2021-12-10 21:59:38] <bour35> 옆에총내리는사람누구?
[2021-12-10 21:59:46] <bour35> 너무도궁금해요
[2021-12-10 21:59:49] <갓유댕 (wowns1996)> 저거 영상입니다
[2021-12-10 21:59:52] <%마아블 (hamjjijoh)> !콜야
[2021-12-10 21:59:52] <@^Nightbot> 영어와 일본어 배우는 방송입니다
[2021-12-10 21:59:54] <쥬쥬로닉변된하투 (zjadlsqnr1)> !출첵
[2021-12-10 21:59:54] <@^빵_떡 (bbangddeock)> 쥬쥬로닉변된하투 --> [2021-12-10] 이 채널의 25 번째 출석체크입니다.   (지난 출석일 : 2021-12-03)
[2021-12-10 22:00:05] <rttysg1> 이제 공겜해야죠
[2021-12-10 22:00:21] <갓유댕 (wowns1996)> 포피플레이타임 해주시나?
[2021-12-10 22:00:23] <%마아블 (hamjjijoh)> 공겜은 총야님이하십니다
[2021-12-10 22:00:41] <%마아블 (hamjjijoh)> ㅋㅇㅂㅂ
[2021-12-10 22:00:42] <rttysg1> 이제 공겜차래
[2021-12-10 22:00:48] <bour35> 옆에매니저있나요?
[2021-12-10 22:01:13] <%마아블 (hamjjijoh)> ㅋㅋㅋㅋㅋㅋㅋ
[2021-12-10 22:01:33] <rttysg1> 엄청 무서운데
[2021-12-10 22:01:33] <%마아블 (hamjjijoh)> 모니터에 방탄 필름 붙이셨죠?
[2021-12-10 22:01:40] <rttysg1> 이빨이 여러게
[2021-12-10 22:02:02] <%마아블 (hamjjijoh)> 은근 머리도 써야하는게임@아닌가요?
[2021-12-10 22:02:29] <%마아블 (hamjjijoh)> ㅋㅋㅋㅋㅋㅋ
[2021-12-10 22:02:34] <%마아블 (hamjjijoh)> 같이하시면되죠
[2021-12-10 22:02:36] <happydau> 안녕하세요
[2021-12-10 22:02:45] <@^빵_떡 (bbangddeock)> 팔로우 안하신분들 팔로우 한번씩 부탁드릴께요~٩(๑• ₃ -๑)۶♥
[2021-12-10 22:02:46] <개구리1027 (tyweids)> 와 무서워
[2021-12-10 22:02:54] <good5609> 허기워기는 안무섭게 생겼는데 무서워요
[2021-12-10 22:02:57] <%마아블 (hamjjijoh)> ㅋㅋㅋ
[2021-12-10 22:03:03] <rttysg1> 콜야님이랑 총야님 먹힘
[2021-12-10 22:03:31] <%마아블 (hamjjijoh)> ?
[2021-12-10 22:03:31] <@^빵_떡 (bbangddeock)> bbangd1Un
[2021-12-10 22:03:43] <rttysg1> 콜야님 환풍구에서 저러고 쫒아와요
[2021-12-10 22:03:55] <%마아블 (hamjjijoh)> 아하
[2021-12-10 22:04:56] <rttysg1> 총야님 공겜해야죠
[2021-12-10 22:05:02] <%마아블 (hamjjijoh)> 오홍
[2021-12-10 22:05:05] <냐룬 (gjdnjsrn)> !출첵
[2021-12-10 22:05:05] <@^빵_떡 (bbangddeock)> 냐룬 --> [2021-12-10] 이 채널의 23 번째 출석체크입니다.   (지난 출석일 : 2021-12-03)
[2021-12-10 22:05:27] <good5609> !출첵
[2021-12-10 22:05:27] <rttysg1> 총야님 파피 공겜
[2021-12-10 22:05:27] <@^빵_떡 (bbangddeock)> good5609 --> 이 채널의  1 번째 출석체크입니다.
[2021-12-10 22:05:49] <%마아블 (hamjjijoh)> !규칙
[2021-12-10 22:05:49] <@^Nightbot> 욕설 타스언급 친목질 반말 언팔언급 시청자수언급 선넘는채팅,성희롱 드립 영도 나이언급 얼공언급, 어그로 끌리는 등 기본신상정보 언급 종교언급 이모티콘 도배시 벤의 사유가 될수 있습니다.
[2021-12-10 22:06:03] <%마아블 (hamjjijoh)> 공겜이 귀하긴하죠
[2021-12-10 22:06:04] <rttysg1> VoHiYo
[2021-12-10 22:06:27] <%마아블 (hamjjijoh)> 그러면 기다리시는김에
[2021-12-10 22:06:31] <%마아블 (hamjjijoh)> 너래추천 받으시죠
[2021-12-10 22:06:57] <%마아블 (hamjjijoh)> ?.?
[2021-12-10 22:07:03] <%마아블 (hamjjijoh)> 여기요?
[2021-12-10 22:07:36] <%마아블 (hamjjijoh)> 아직 안키셨어요!
[2021-12-10 22:08:05] <%마아블 (hamjjijoh)> StinkyCheese StinkyCheese
[2021-12-10 22:09:40] <%마아블 (hamjjijoh)> 왜 저런걸루 행복하시져?!
[2021-12-10 22:09:45] <%마아블 (hamjjijoh)> 콜냐님이 더 변태같아요!!
[2021-12-10 22:10:02] <영준쿤 (somyoungjun)> !명령어
[2021-12-10 22:10:02] <@^Nightbot> !게임 !구독 !콜단 !디코 !룰렛 !명령어 !방제 !생일 !양심 !업타임 !콜또먹 !채팅규칙 !배그시참 !후원 콜 콜바 콜하 !총야 !불만 !규칙 !rules !콜냐 !문화 !애교 !춤 !콜베어 !콜얏호 !우쭈쭈 !애교 !별명 !주불 !콜저씨 !19함 !고양이 !금지어 !선 !얼공 !비담 !콜재 !귀여워 !개불 !목표
[2021-12-10 22:10:02] <@^빵_떡 (bbangddeock)> https://bbang.unripesoft.com/command.php?streamer=jo178579
[2021-12-10 22:10:10] <영준쿤 (somyoungjun)> !총야
[2021-12-10 22:10:10] <@^Nightbot> 알죠? 방송하십니다
[2021-12-10 22:10:23] <영준쿤 (somyoungjun)> !19험
[2021-12-10 22:10:29] <영준쿤 (somyoungjun)> !19함
[2021-12-10 22:10:29] <@^Nightbot> 씹떡구함
[2021-12-10 22:10:47] <%마아블 (hamjjijoh)> 저런…
[2021-12-10 22:11:04] <rttysg1> 도배 가죠
[2021-12-10 22:12:18] <%마아블 (hamjjijoh)> ㅋㅋㅋㅋㅋㅋ
[2021-12-10 22:12:45] <@^빵_떡 (bbangddeock)> 팔로우 안하신분들 팔로우 한번씩 부탁드릴께요~٩(๑• ₃ -๑)۶♥
[2021-12-10 22:15:17] <tunpoboss> 술 좋아하시나요..?
[2021-12-10 22:15:46] <%마아블 (hamjjijoh)> ?
[2021-12-10 22:15:46] <@^빵_떡 (bbangddeock)> bbangd1Un
[2021-12-10 22:15:48] <rttysg1> 콜야님 디코에 주혁이라고 뜬거 저에요
[2021-12-10 22:15:49] <%마아블 (hamjjijoh)> 콜바
[2021-12-10 22:15:49] <@^Nightbot> 닝겐....콜바는 방종때만하라우
[2021-12-10 22:15:54] <%마아블 (hamjjijoh)> 배그만하시다
[2021-12-10 22:15:58] <%마아블 (hamjjijoh)> 늦게 주무시지마세요 ㅋㅋ
[2021-12-10 22:16:09] [Info] Now hosting 총야2.
[2021-12-10 22:16:20] <%마아블 (hamjjijoh)> 컨셉너무 잡으면 컨셉에 잡아먹히십미다 ㅋㅋ
[2021-12-10 22:16:22] <rttysg1> 내가왔다
[2021-12-10 22:17:30] ~Stream offline~
[2021-12-10 22:22:45] <@^빵_떡 (bbangddeock)> 팔로우 안하신분들 팔로우 한번씩 부탁드릴께요~٩(๑• ₃ -๑)۶♥
[2021-12-10 22:23:07] You have left #jo178579
[2021-12-10 22:23:07] Viewerstats (21:56-22:14): avg:360 min:282 max:409 [11/409+0-11-39+0+10+0-7+0-76-4_]
# Log closed: 2021-12-10 22:23:07 +0900
-
