# Log started: 2021-12-10 21:20:56 +0900
[2021-12-10 21:20:56] #ju10506 채널 입장 중입니다
[2021-12-10 21:20:56] #ju10506 채널에 입장했습니다
[2021-12-10 21:20:56] <ghost92883> 중간에 실수 있었으니까 320 ㄱ
[2021-12-10 21:20:56] <_세하_2 (jhg0320)> 함더해라
[2021-12-10 21:20:56] ~En/kr💕99금 섹시한 미니 입을예정💕-!유튜브 (Just Chatting)~
[2021-12-10 21:20:57] <고올이 (vattt12)> 그럼 방종하시고 방송새팅하뇨 ㅋㅋ
[2021-12-10 21:20:57] <김최강 (jjanga_kim)> ㅋㅋㅋ
[2021-12-10 21:20:57] <하뚯 (my31ss)> 락
[2021-12-10 21:20:57] <@%^Nightbot> ㅋㅋㅋㅋㅋ
[2021-12-10 21:20:58] <elol868> 락
[2021-12-10 21:20:59] <gkfkd0610> 나락
[2021-12-10 21:20:59] <_세하_2 (jhg0320)> 함더 해
[2021-12-10 21:20:59] <카트다디오 (yu791205)> 이거 무슨 방송?
[2021-12-10 21:21:00] <빵_먹 (bbanpddeock)> 우리가 뭐라 했더가..?
[2021-12-10 21:21:00] <강강이유 (ganggang2u)> 나
[2021-12-10 21:21:01] <ramhun2000> ㄹㅇ 내다버린 2000명
[2021-12-10 21:21:02] <$암살러 (b9191b919123)> 인정못한다! 기억이...잘안난다! 흐헤헤헿
[2021-12-10 21:21:02] <지묭이 (mimi50642524_)> !팔로우
[2021-12-10 21:21:04] <black_kings11> 나
[2021-12-10 21:21:05] <kim6150> 찌찌찌찌찐막
[2021-12-10 21:21:06] <black_kings11> 락
[2021-12-10 21:21:06] <사천이사 (ysay111)> 아ㅋㅋㅋㅋㅋ이럴수록 스트리머가 비참해진다고ㅋㅋㅋㅋ
[2021-12-10 21:21:06] <ghost92883> 에이 아니죠
[2021-12-10 21:21:07] <고든학교6이다 (djehdh2426)> 제발
[2021-12-10 21:21:09] <tea_dak> 잘 모르겠는데요
[2021-12-10 21:21:10] <black_kings11> 나
[2021-12-10 21:21:10] <슈빔이 (shubim2)> 우린 까안부자너
[2021-12-10 21:21:11] <ghost92883> 다시 하시죠
[2021-12-10 21:21:13] <jungjuho> 내가.....지금.....,무라고, .., , 했지
[2021-12-10 21:21:13] <진주영_ (jju50525)> ㅋㅋㅋ
[2021-12-10 21:21:13] <_세하_2 (jhg0320)> 벗고햐
[2021-12-10 21:21:13] <ice_kk1> 머라고했더라? 치메가 걸렸나?
[2021-12-10 21:21:14] <black_kings11> 락
[2021-12-10 21:21:14] <최강드릴 (skdldbs)> 방금 머라고 했지? 머라고 했더라?
[2021-12-10 21:21:15] <빵_먹 (bbanpddeock)> 이러다간 다 시해~
[2021-12-10 21:21:16] <지묭이 (mimi50642524_)> ㅜㅜ
[2021-12-10 21:21:17] <그세 (hhif04)> 그건 모르겠는데
[2021-12-10 21:21:17] <깡따후 (gang2979)> 실수해서 졌다
[2021-12-10 21:21:18] <고올이 (vattt12)> 저희가 깐부니까  한번더기회줄수있잖어
[2021-12-10 21:21:18] <_세하_2 (jhg0320)> 벗고 공포겜
[2021-12-10 21:21:19] <김최강 (jjanga_kim)> 2100명은 죽음?
[2021-12-10 21:21:20] <suoigiler> 나락
[2021-12-10 21:21:21] <dywhd124> 그거 다시안했음 됬다
[2021-12-10 21:21:21] <_세하_2 (jhg0320)> 벗어
[2021-12-10 21:21:22] <_민소다 (z1n_ow)> 거 투표 한번쯤은 괜찮지 않나..?
[2021-12-10 21:21:22] <yjh1022> 뭐라고...했더라....?
[2021-12-10 21:21:23] <지묭이 (mimi50642524_)> 나락
[2021-12-10 21:21:24] <sksk500> 나락
[2021-12-10 21:21:24] <집중1 (ghanstjr)> 이거 부정선거 아닙니까!!
[2021-12-10 21:21:25] <yunhin09> 2700명에서 2400명으로
[2021-12-10 21:21:26] <%dffrtryt> 공겜전에 춤추고 하자
[2021-12-10 21:21:26] <고올이 (vattt12)> 빨리빨리하죠
[2021-12-10 21:21:26] <taehyun0817> 아 도전을 안했네~~~
[2021-12-10 21:21:27] <그세 (hhif04)> 나
[2021-12-10 21:21:27] <kim6150> 벗고공포게임
[2021-12-10 21:21:28] <띠별 (junheon)> 뭔스?
[2021-12-10 21:21:28] <깡따후 (gang2979)> 총냐가 실수해서 졌다
[2021-12-10 21:21:28] <그세 (hhif04)> 락
[2021-12-10 21:21:28] <강강이유 (ganggang2u)> 2000명 어디갔어....
[2021-12-10 21:21:29] <%메카제로 (ansgkdbs1202)> ?
[2021-12-10 21:21:29] <@%^Nightbot> 갈고리 수집가 아님
[2021-12-10 21:21:29] <슈빔이 (shubim2)> 어..
[2021-12-10 21:21:30] <gkfkd0610> 나락
[2021-12-10 21:21:30] <하파_44 (hapa080304)> ?
[2021-12-10 21:21:30] <_세하_2 (jhg0320)> 투표 함더
[2021-12-10 21:21:30] <sjx5201> ????
[2021-12-10 21:21:30] <닉넴을생각중 (slrspa0212)> ?
[2021-12-10 21:21:31] <psy_run> 풍선가시죠
[2021-12-10 21:21:31] <wncy7> ???
[2021-12-10 21:21:32] <빵_먹 (bbanpddeock)> ???
[2021-12-10 21:21:32] <indeok_twitch> 섹시
[2021-12-10 21:21:32] <wncy7> ㄷㄷㄷ
[2021-12-10 21:21:33] <dagansmn211asdf> ?
[2021-12-10 21:21:33] <그세 (hhif04)> ?
[2021-12-10 21:21:33] <슈빔이 (shubim2)> 네가....
[2021-12-10 21:21:33] <지묭이 (mimi50642524_)> ?
[2021-12-10 21:21:33] <%dffrtryt> ??
[2021-12-10 21:21:34] <땡곰 (themyday)> ???
[2021-12-10 21:21:34] <%메카제로 (ansgkdbs1202)> 오우야;
[2021-12-10 21:21:34] <%$좀바보 (soverybabo)> ???
[2021-12-10 21:21:34] <하파_44 (hapa080304)> 뭘들은거지 ㅋㅋㅋㅋㅋ
[2021-12-10 21:21:35] <kiminjae0506> ??
[2021-12-10 21:21:35] <주현식 (qpt2002s)> 섻스..ㅋㅋㅋㅋ
[2021-12-10 21:21:35] <tea_dak> 그러니 다시하시는건
[2021-12-10 21:21:36] <땡곰 (themyday)> 야스 ?
[2021-12-10 21:21:36] <빵_먹 (bbanpddeock)> ㅗㅜㅑ
[2021-12-10 21:21:37] <하뚯 (my31ss)> ?
[2021-12-10 21:21:37] <@%^Nightbot> 갈고리 수집가 아님
[2021-12-10 21:21:37] <dagansmn211asdf> 야스
[2021-12-10 21:21:37] <ramhun2000> ?
[2021-12-10 21:21:38] <%헤리엇 (gird1234)> ????
[2021-12-10 21:21:38] <kiminjae0506> ???
[2021-12-10 21:21:38] <맹구22 (aodrn21)> ??
[2021-12-10 21:21:38] <sksk500> ?
[2021-12-10 21:21:41] <kiminjae0506> ?????
[2021-12-10 21:21:41] <wncy7> 야스
[2021-12-10 21:21:41] <black_kings11> ㅗㅜㅑ
[2021-12-10 21:21:43] <강강이유 (ganggang2u)> 이건 맞지
[2021-12-10 21:21:43] <사천이사 (ysay111)> ????
[2021-12-10 21:21:43] <ꥪᆒퟤ (noobnos19)> ㅗㅜㅑ
[2021-12-10 21:21:43] <tea_dak> ?
[2021-12-10 21:21:43] <맹구22 (aodrn21)> 약스>
[2021-12-10 21:21:43] <@%^Nightbot> 갈고리 수집가 아님
[2021-12-10 21:21:44] <그세 (hhif04)> ??
[2021-12-10 21:21:45] <kiminjae0506> ????????????
[2021-12-10 21:21:45] <_세하_2 (jhg0320)> 그럼 다 벗기?
[2021-12-10 21:21:45] <하파_44 (hapa080304)> ㅌㅋㅋㅋㅋㅋ
[2021-12-10 21:21:46] <하뚯 (my31ss)> ㅗㅜㅑ
[2021-12-10 21:21:46] <사천이사 (ysay111)> ?????
[2021-12-10 21:21:47] <%아쉽게도까먹은에붸베 (skxkfaorkd)> ?????
[2021-12-10 21:21:47] <suyeonm8> ㅇㅈㅇㅈ
[2021-12-10 21:21:47] <salliber> ㅋㅋㅋㅋㅋㅋ
[2021-12-10 21:21:47] <맹구22 (aodrn21)> 야스요?
[2021-12-10 21:21:48] <%dffrtryt> ?
[2021-12-10 21:21:48] <@%^Nightbot> 갈고리 수집가 아님
[2021-12-10 21:21:48] <kiminjae0506> tt
[2021-12-10 21:21:48] <그세 (hhif04)> 야스?
[2021-12-10 21:21:49] <black_kings11> 야스
[2021-12-10 21:21:49] <%$좀바보 (soverybabo)> 맞느느말이네
[2021-12-10 21:21:51] <%dffrtryt> ㅗㅜㅑ
[2021-12-10 21:21:51] <pokemongogogogog> ㅋㅋ
[2021-12-10 21:21:51] <_츄__ (gomtenge2)> 섹야
[2021-12-10 21:21:51] <두디_0619 (jreongmin74857487)> ??????
[2021-12-10 21:21:52] <나는탈모입니다 (dlqudgml0307)> ㅎㅎ
[2021-12-10 21:21:52] <kiminjae0506> ㅅㅅ
[2021-12-10 21:21:53] <나는탈모입니다 (dlqudgml0307)> ㅋㅋ
[2021-12-10 21:21:53] <ice_kk1> ?
[2021-12-10 21:21:53] <사천이사 (ysay111)> ????
[2021-12-10 21:21:54] <호이빠 (abc_efg_)> ㅗㅜㅑ
[2021-12-10 21:21:54] <black_kings11> 야스!!!
[2021-12-10 21:21:54] <kiminjae0506> ???
[2021-12-10 21:21:54] <%$좀바보 (soverybabo)> 맞는 말이다
[2021-12-10 21:21:55] <티드__ (doridori1001)> ㅅㅅ
[2021-12-10 21:21:57] <최강드릴 (skdldbs)> ?????
[2021-12-10 21:21:57] <카트다디오 (yu791205)> 뭐하는 방송이죠?
[2021-12-10 21:21:57] <%아쉽게도까먹은에붸베 (skxkfaorkd)> 야스?????
[2021-12-10 21:21:58] <kiminjae0506> ㅅㅅ??
[2021-12-10 21:21:58] <%dffrtryt> ㅅㅅ
[2021-12-10 21:21:59] <ice_kk1> ??
[2021-12-10 21:21:59] <고올이 (vattt12)> 어 음락마귀 총야
[2021-12-10 21:21:59] <고든학교6이다 (djehdh2426)> 흠
[2021-12-10 21:22:00] <브리니_99 (briny1110)> 1
[2021-12-10 21:22:00] <하파_44 (hapa080304)> 야스라고 들렸는데 ㅋㅋㅋㅋ
[2021-12-10 21:22:00] <물대포_하마 (ha14368)> ???
[2021-12-10 21:22:03] <그세 (hhif04)> ㅅㅅ??
[2021-12-10 21:22:03] <rttysg1> ?
[2021-12-10 21:22:04] <@%^Nightbot> 갈고리 수집가 아님
[2021-12-10 21:22:04] <한우왕 (greenday1340)> 1
[2021-12-10 21:22:05] <강강이유 (ganggang2u)> 야스?
[2021-12-10 21:22:05] <black_kings11> 야스!!!!!!!!!!!!!!!
[2021-12-10 21:22:05] <사천이사 (ysay111)> 정지각
[2021-12-10 21:22:06] <kim6150> 야스
[2021-12-10 21:22:07] <%dffrtryt> 섹시 ㅎㅎ
[2021-12-10 21:22:07] <고든학교6이다 (djehdh2426)> 뭐라고했더라?
[2021-12-10 21:22:09] <0371175> ㅅㅅ?
[2021-12-10 21:22:09] <사천이사 (ysay111)> 정지 드가자
[2021-12-10 21:22:09] <%스스럼없이스스로섰소 (june20020)> 그게 왜요?
[2021-12-10 21:22:10] <어러옿 (cbthdl)> ㅅㅅ
[2021-12-10 21:22:10] <고올이 (vattt12)> 크흠
[2021-12-10 21:22:10] <찌이네팔로우봇 (xogjs_0831)> ㅗㅜㅑ
[2021-12-10 21:22:10] <빵_먹 (bbanpddeock)> ㅋㅋㅋㅋㅋㅋㅋㅋㅋㅋㅋㅋㅋㅋㅋㅋ 정지다정지
[2021-12-10 21:22:10] <wncy7> ㄹㅇㅋㅋ
[2021-12-10 21:22:12] <truiotyuiyuio> ?
[2021-12-10 21:22:12] <@%^Nightbot> 갈고리 수집가 아님
[2021-12-10 21:22:12] <슈빔이 (shubim2)> ㅅㅅ?
[2021-12-10 21:22:12] <그세 (hhif04)> 각이다
[2021-12-10 21:22:12] <닉넴을생각중 (slrspa0212)> 귀가 억까하네요
[2021-12-10 21:22:13] <sjx5201> ????????????????????????
[2021-12-10 21:22:14] <dagansmn211asdf> 나두 야스로 들렸어
[2021-12-10 21:22:14] <고올이 (vattt12)> 애들은 가라
[2021-12-10 21:22:14] <jungjuho> ㅅㅅ
[2021-12-10 21:22:14] <%헤리엇 (gird1234)> ㅋㅋㅋㅋㅋㅋㅋㅋㅋㅋㅋㅋ
[2021-12-10 21:22:15] <상월1 (rhwlals1129)> ㅗㅜㅑ
[2021-12-10 21:22:15] <물대포_하마 (ha14368)> 와 지금 왔는데 뭐야?
[2021-12-10 21:22:16] <%dffrtryt> 야스!!!!
[2021-12-10 21:22:16] <indeok_twitch> ?
[2021-12-10 21:22:16] <빵_먹 (bbanpddeock)> 정지 드가자~~~
[2021-12-10 21:22:16] <%$불루론 (fireluelon0371)> ㅗㅜㅑ
[2021-12-10 21:22:16] <dywhd124> 정지 드가자
[2021-12-10 21:22:17] <슈빔이 (shubim2)> 방정
[2021-12-10 21:22:18] <김최강 (jjanga_kim)> 삐졋어 갈거야!!
[2021-12-10 21:22:18] <0371175> 식스?
[2021-12-10 21:22:19] <%dffrtryt> 야스
[2021-12-10 21:22:20] <나는탈모입니다 (dlqudgml0307)> ㅋㅋㅋㅋㅋㅋㅋㅋㅋㅋㅋㅋㅋㅋㅋㅋㅋㅋㅋㅋㅋㅋㅋ
[2021-12-10 21:22:21] <강강이유 (ganggang2u)> 섹시
[2021-12-10 21:22:21] <wjfjskdkckz> ㅗㅜㅑ
[2021-12-10 21:22:22] <김성현일겁니다 (sksjmend)> ㅗㅜㅑ
[2021-12-10 21:22:22] <dffdgsafw> ㅅㅅ?
[2021-12-10 21:22:22] <물대포_하마 (ha14368)> 오늘 마지막 방송이야?
[2021-12-10 21:22:23] <black_kings11> ㅅㅅㅅㅅㅅㅅㅅㅅㅅㅅㅅㅅㅅㅅㅅㅅㅅㅅㅅㅅㅅㅅㅅㅅㅅㅅㅅㅅㅅㅅㅅㅅㅅㅅㅅ
[2021-12-10 21:22:23] <jungjuho> ㅅㄱ
[2021-12-10 21:22:23] <민트초코조앙 (mintchoco_love7)> 섹시
[2021-12-10 21:22:24] <rttysg1> 하나요? ㅅㅅ?
[2021-12-10 21:22:25] <suyeonm8> 다시 투표 ㄱㄱ
[2021-12-10 21:22:25] <그세 (hhif04)> ㅅㅅ
[2021-12-10 21:22:26] <하파_44 (hapa080304)> 아하 ㅋㅋㅋㅋㅋ
[2021-12-10 21:22:26] <indeok_twitch> 스엑쉬이~
[2021-12-10 21:22:28] <%dffrtryt> 섹시라네요
[2021-12-10 21:22:28] <호이빠 (abc_efg_)> 드가자드가자
[2021-12-10 21:22:29] <%세쿠시론냥이 (lkj0454)> 섹시 ㅋㅋㅋㅋㅋㅋㅋㅋ
[2021-12-10 21:22:29] <두디_0619 (jreongmin74857487)> 정지 드가자
[2021-12-10 21:22:29] <슈빔이 (shubim2)> ㅅㅅ?????????????
[2021-12-10 21:22:30] <hayubin11141005> ㅅㅅ
[2021-12-10 21:22:30] <나는탈모입니다 (dlqudgml0307)> ㅋㅋㅋㅋㅋㅋㅋㅋㅋㅋㅋㅋ?
[2021-12-10 21:22:31] <ghost92883> 아 그거 말했으니까 찐막 ㄱ
[2021-12-10 21:22:31] <그세 (hhif04)> ㅅㅅ하네요
[2021-12-10 21:22:32] <강강이유 (ganggang2u)> 섹싀이
[2021-12-10 21:22:32] <사천이사 (ysay111)> ?
[2021-12-10 21:22:33] <@%^Nightbot> 갈고리 수집가 아님
[2021-12-10 21:22:33] <ghost92883> ㅋㅋㅋㅋㅋㅋㅋㅋㅋㅋㅋㅋㅋㅋㅋㅋㅋㅋㅋㅋ
[2021-12-10 21:22:33] <고올이 (vattt12)> ㅋㅋㅋㅋㅋ
[2021-12-10 21:22:33] <지묭이 (mimi50642524_)> ㅅㅅ??????????????
[2021-12-10 21:22:33] <@%^Nightbot> ㅋㅋㅋㅋㅋㅋㅋ
[2021-12-10 21:22:34] <%헤리엇 (gird1234)> 세쿠시 라고 ㅋㅋㅋㅋ
[2021-12-10 21:22:34] <indeok_twitch> 퍼킹섹시
[2021-12-10 21:22:34] <jungjuho> ㅅㅅ?
[2021-12-10 21:22:34] <black_kings11> 섹쉬하지
[2021-12-10 21:22:35] <ghost92883> ㅋㅋㅋㅋㅋㅋㅋㅋㅋㅋㅋㅋㅋㅋㅋㅋㅋㅋㅋㅋㅋㅋㅋㅋㅋㅋㅋㅋㅋㅋㅋㅋㅋㅋㅋ
[2021-12-10 21:22:35] <sjx5201> 섹시
[2021-12-10 21:22:36] <하파_44 (hapa080304)> 아니 발음이 ㅋㅋㅋㅋㅋㅋㅋ
[2021-12-10 21:22:36] <ghost92883> ㅋㅋㅋㅋㅋㅋㅋㅋㅋㅋㅋ
[2021-12-10 21:22:36] <김성현일겁니다 (sksjmend)> 섹시
[2021-12-10 21:22:36] <ice_kk1> ㅅㅅ
[2021-12-10 21:22:36] <빵_먹 (bbanpddeock)> ㅋㅋㅋㅋㅋㅋㅋㅋㅋㅋㅋㅋ
[2021-12-10 21:22:36] <땡곰 (themyday)> ㅅㅅ
[2021-12-10 21:22:37] <ghost92883> ㅋㅋㅋㅋㅋㅋㅋㅋㅋㅋ
[2021-12-10 21:22:38] <hpeople2> ????
[2021-12-10 21:22:38] <고든학교6이다 (djehdh2426)> ㅋㅋㅋㅋㅋ
[2021-12-10 21:22:39] <smigga931> DatSheffy DatSheffy DatSheffy
[2021-12-10 21:22:40] <민트초코조앙 (mintchoco_love7)> 섹씌~
[2021-12-10 21:22:40] <psy_run> 귀가 이상해
[2021-12-10 21:22:40] <고올이 (vattt12)> 음락마귀끼셨다 ㅋㅋ
[2021-12-10 21:22:40] <%$좀바보 (soverybabo)> 섹시 말음을 제대로 하셨어야죠 ㅋㅋㅋ
[2021-12-10 21:22:42] <dagansmn211asdf> 난 야스로 들었어
[2021-12-10 21:22:42] <%$불루론 (fireluelon0371)> ㅋㅋㅋㅋㅋㅋㅋㅋㅋㅋㅋㅋㅋ
[2021-12-10 21:22:44] <나는탈모입니다 (dlqudgml0307)> 야한생각뿐이구나총야님은ㅋㅋㅋㅋ
[2021-12-10 21:22:44] <0371175> 섹시? 섹으?
[2021-12-10 21:22:45] <땡곰 (themyday)> ㅅㅅ 맞네 ㅅㅅ
[2021-12-10 21:22:45] <호폐 (hjhhjhcow)> ㅋㅋㅋㅋㅋㅋㅋㅋㅋㅋㅋㅋ
[2021-12-10 21:22:46] <black_kings11> ㅋㅋㅋㅋ
[2021-12-10 21:22:46] <0293829> 쎅씨
[2021-12-10 21:22:47] <고올이 (vattt12)> ㅋㅋㅋㅋㅋㅋㅋㅋㅋ
[2021-12-10 21:22:47] <호폐 (hjhhjhcow)> ㅋㅋㅋㅋㅋㅋㅋㅋㅋㅋㅋㅋㅋㅋ
[2021-12-10 21:22:48] <%스스럼없이스스로섰소 (june20020)> 음란마귀 쳐내
[2021-12-10 21:22:49] <그세 (hhif04)> ㅅㅅ하네
[2021-12-10 21:22:49] <indeok_twitch> ㅅㅅ
[2021-12-10 21:22:50] <파카와함께치키차 (112aa112)> ㅅㅅ
[2021-12-10 21:22:50] <하파_44 (hapa080304)> 야스로 들림 ㅋㅋㅋㅋㅋㅋ
[2021-12-10 21:22:50] <고든학교6이다 (djehdh2426)> ㅅㅅㅅㅅ
[2021-12-10 21:22:51] <사천이사 (ysay111)> 마구니가 가득하노;;;;;;;;;;;;;;;;;;;
[2021-12-10 21:22:51] <호폐 (hjhhjhcow)> ㅅㅅ네 ㅅㅅ
[2021-12-10 21:22:52] <ksdnshdos> ㅋㅋㅋㅋㅋㅋㅋㅋㅋㅋㅋㅋㅋㅋㅋ
[2021-12-10 21:22:52] <맹구22 (aodrn21)> 나도 그렇게 드렸는ㄷ...
[2021-12-10 21:22:52] <고든학교6이다 (djehdh2426)> ㅅㅅ
[2021-12-10 21:22:54] <파카와함께치키차 (112aa112)> 야스
[2021-12-10 21:22:54] <tmdgus1123> ㅋㅋㅋㅋㅋㅋㅋㅋㅋㅋ
[2021-12-10 21:22:54] <sjx5201> ㅅㅅ 아니??
[2021-12-10 21:22:54] <강강이유 (ganggang2u)> ㅅㅅ나 ㅅㅅ나
[2021-12-10 21:22:55] <%dffrtryt> 총야 음란마귀
[2021-12-10 21:22:56] <rttysg1> ㅅㅅ
[2021-12-10 21:22:57] <두디_0619 (jreongmin74857487)> ㅅㅅ인거 같은뎈ㅋㅋㅋㅋ
[2021-12-10 21:22:57] <고올이 (vattt12)> sexy
[2021-12-10 21:22:58] <black_kings11> 섹시
[2021-12-10 21:22:58] <%dlzpsk> 과연 누가 음란마귀인가... 발음을 잘못한 콜야님인가 귀에 마구니가 낀 총야님인가
[2021-12-10 21:22:59] <그세 (hhif04)> ㅅㅅ하네요
[2021-12-10 21:22:59] <0293829> ㅅㅅ
[2021-12-10 21:23:02] <ghost92883> 내가  22살만 되봐 내가 저 언니들보다 섹시하지~?
[2021-12-10 21:23:03] <빵_먹 (bbanpddeock)> 그거나그거냐
[2021-12-10 21:23:03] <indeok_twitch> 입만 벌리면 거짓말
[2021-12-10 21:23:03] <black_kings11> sexy
[2021-12-10 21:23:04] <rngsimin> 어허!!!!
[2021-12-10 21:23:04] <닉넴을생각중 (slrspa0212)> 다들 못해봐서 고프구나...
[2021-12-10 21:23:04] <이리스아퀼라 (sunwon1234)> ㅅㅅ
[2021-12-10 21:23:05] <truiotyuiyuio> ㅅㅅ
[2021-12-10 21:23:05] <suyeonm8> 투표 다시 안되나요?
[2021-12-10 21:23:05] <%헤리엇 (gird1234)> 총야님 해명해!!
[2021-12-10 21:23:05] <두디_0619 (jreongmin74857487)> 솔직히 그게그거임
[2021-12-10 21:23:07] <%dffrtryt> 마구니가 꼈구나
[2021-12-10 21:23:08] <물대포_하마 (ha14368)> 변태총야
[2021-12-10 21:23:09] <고올이 (vattt12)> ㅋㅋㅋㅋㅋㅋ
[2021-12-10 21:23:10] <psy_run> 젊 처자가 쯧쯧쯧
[2021-12-10 21:23:11] <kim6150> 와
[2021-12-10 21:23:11] <김성현일겁니다 (sksjmend)> 쉑 스으으
[2021-12-10 21:23:15] <땡곰 (themyday)> 마구니가 꼈어
[2021-12-10 21:23:16] <빵_먹 (bbanpddeock)> 총란마귀
[2021-12-10 21:23:17] <kim6150> 이거는 옷벗어야겠다
[2021-12-10 21:23:17] <rngsimin> 변태
[2021-12-10 21:23:17] <나는탈모입니다 (dlqudgml0307)> 음란마귀총야
[2021-12-10 21:23:17] <고올이 (vattt12)> 음라마귀 ㅋㅋㅋ
[2021-12-10 21:23:18] <호이빠 (abc_efg_)> 저 마구니를 쳐라
[2021-12-10 21:23:19] <민트초코조앙 (mintchoco_love7)> 이제와서 뒷걸음질 늦어써
[2021-12-10 21:23:20] <0371175> 발음이 섹으
[2021-12-10 21:23:22] <%세쿠시론냥이 (lkj0454)> ㅋㅋㅋㅋㅋㅋㅋㅋㅋㅋㅋㅋㅋㅋㅋ
[2021-12-10 21:23:24] <강강이유 (ganggang2u)> 음란마귀
[2021-12-10 21:23:24] <호폐 (hjhhjhcow)> y가 있냐 없냐의 큰 차이
[2021-12-10 21:23:26] <%$불루론 (fireluelon0371)> ㅋㅋㅋㅋㅋㅋㅋㅋㅋㅋㅋㅋㅋㅋㅋㅋ
[2021-12-10 21:23:27] <%dffrtryt> 야스
[2021-12-10 21:23:28] <black_kings11> 섹시
[2021-12-10 21:23:29] <땡곰 (themyday)> 우린 ㅅㅅ로 들리는데
[2021-12-10 21:23:29] <rngsimin> 음란마귀
[2021-12-10 21:23:30] <truiotyuiyuio> ㅇㅅ
[2021-12-10 21:23:30] <고올이 (vattt12)> 총변야태
[2021-12-10 21:23:34] <김성현일겁니다 (sksjmend)> 잠엇 터지면 ㄹㅈㄷ
[2021-12-10 21:23:34] <하파_44 (hapa080304)> ㅋㅋㅋㅋㅋㅋㅋ
[2021-12-10 21:23:35] <@%^Nightbot> ㅋㅋㅋㅋㅋㅋㅋㅋㅋ
[2021-12-10 21:23:36] <truiotyuiyuio> 인사
[2021-12-10 21:23:37] <0293829> 섹시
[2021-12-10 21:23:39] <shshh183> ㅋㅋ
[2021-12-10 21:23:39] <주현식 (qpt2002s)> 게임하자
[2021-12-10 21:23:39] <물대포_하마 (ha14368)> 총변야태
[2021-12-10 21:23:39] <%헤리엇 (gird1234)> ㅋㅋㅋㅋㅋㅋㅋㅋㅋㅋㅋ
[2021-12-10 21:23:41] <201joshua> 내 보아하니 총야의 머릿속에는 마구니가 가득하구나...
[2021-12-10 21:23:43] <%스스럼없이스스로섰소 (june20020)> 응 박재
[2021-12-10 21:23:44] <고올이 (vattt12)> 총란마귀
[2021-12-10 21:23:45] <고든학교6이다 (djehdh2426)> ㅋㅋㅋㅋ
[2021-12-10 21:23:46] <나는탈모입니다 (dlqudgml0307)> 총야변태
[2021-12-10 21:23:48] <smigga931> CoolStoryBob CoolStoryBob DatSheffy DatSheffy
[2021-12-10 21:23:48] <indeok_twitch> 현실 자매
[2021-12-10 21:23:51] <고올이 (vattt12)> ㅋㅋㅋㅋㅋㅋㅋㅋㅋ
[2021-12-10 21:23:52] <강강이유 (ganggang2u)> 박재
[2021-12-10 21:23:54] <슈빔이 (shubim2)> 오우
[2021-12-10 21:23:54] <truiotyuiyuio> ㅋㅋ
[2021-12-10 21:23:54] <%$좀바보 (soverybabo)> 총란마귀
[2021-12-10 21:23:55] <smigga931> SeemsGood SeemsGood SeemsGood SeemsGood OhMyDog OhMyDog OhMyDog OhMyDog OhMyDog
[2021-12-10 21:23:56] <나는탈모입니다 (dlqudgml0307)> ㅋㅋㅋㅋㅋㅋㅋ
[2021-12-10 21:23:59] <슈빔이 (shubim2)> 웁스
[2021-12-10 21:24:01] <smigga931> OhMyDog OhMyDog OhMyDog OhMyDog OhMyDog
[2021-12-10 21:24:01] <rttysg1> 클립따요?
[2021-12-10 21:24:01] <%$좀바보 (soverybabo)> 총란마귀!!!
[2021-12-10 21:24:03] <kiminjae0506> ㅋㅋㅋㅋㅋㅋㅋㅋㅋㅋㅋㅋ
[2021-12-10 21:24:03] <0293829> 총란마귀
[2021-12-10 21:24:04] <고올이 (vattt12)> ㄹㅇㅋㅋㅋ
[2021-12-10 21:24:04] <지묭이 (mimi50642524_)> 총야 음란마귀다
[2021-12-10 21:24:04] <indeok_twitch> 앙 퍼킹ㅅㅅ
[2021-12-10 21:24:05] <두디_0619 (jreongmin74857487)> 현실자매ㅋㅋㅋㅋㅋ
[2021-12-10 21:24:07] <슈빔이 (shubim2)> 우프스
[2021-12-10 21:24:08] <강강이유 (ganggang2u)> 딱봐도 섹시...
[2021-12-10 21:24:08] <물대포_하마 (ha14368)> 헨타이 총야
[2021-12-10 21:24:08] <두디_0619 (jreongmin74857487)> 개웃기넼ㅋㅋ
[2021-12-10 21:24:09] <지묭이 (mimi50642524_)> 음란마귀
[2021-12-10 21:24:12] <고올이 (vattt12)> 총란마귀 제대로네 ㅋㅋㅋㅋ
[2021-12-10 21:24:14] <@%희__ (sin6671)> 사진, 캡쳐, 녹화, 유포절대금지!!!!!!!!!!!!!!!!
[2021-12-10 21:24:14] <고든학교6이다 (djehdh2426)> 마구니가 가득하누
[2021-12-10 21:24:16] <마이올레 (bhj8)> 옆에 누구예요?ㅋㅋ 동생?
[2021-12-10 21:24:17] <truiotyuiyuio> 총란마귀
[2021-12-10 21:24:18] <나는탈모입니다 (dlqudgml0307)> 음란마귀총야
[2021-12-10 21:24:19] <darklim0629> 일상생활가능해요?
[2021-12-10 21:24:20] <민트초코조앙 (mintchoco_love7)> 헨타이
[2021-12-10 21:24:21] <뷰티풀라이프 (mir7610)> 100퍼 음란마귀네
[2021-12-10 21:24:23] [Notification] 불루론 subscribed at Tier 1. They've subscribed for 10 months! [ㅋㅋㅋㅋㅋㅋㅋㅋㅋㅋㅋㅋ]
[2021-12-10 21:24:25] <%달련방송만봄밴해주세요 (oppadalryun)> 자 이제 누가 마귀지
[2021-12-10 21:24:26] <고올이 (vattt12)> !콜야
[2021-12-10 21:24:26] <@%^Nightbot> 총야의 친여동생입니다♡ (방송하심)
[2021-12-10 21:24:26] <0371175> 여러분 이제 총야님은 방송을 못하므로 다 나가야 항거같네여
[2021-12-10 21:24:27] <진주영_ (jju50525)> 투표 리겜 ㄱㄱ
[2021-12-10 21:24:28] <@콜야 (jo178579)> 음란마귀
[2021-12-10 21:24:29] <나는탈모입니다 (dlqudgml0307)> 음란마귀총야ㅋㅋㅋㅋㅋㅋ
[2021-12-10 21:24:30] <@%희__ (sin6671)> !콜야
[2021-12-10 21:24:31] <%헤리엇 (gird1234)> 해명해요 ㅋㅋㅋㅋㅋㅋㅋ
[2021-12-10 21:24:33] <black_kings11> 일상불가 땅땅땅!!!
[2021-12-10 21:24:33] <@콜야 (jo178579)> 총야는
[2021-12-10 21:24:35] <고올이 (vattt12)> 총란마귀 ㅋㅋ
[2021-12-10 21:24:36] <나는탈모입니다 (dlqudgml0307)> ㄹㅈㄷ
[2021-12-10 21:24:37] <%$좀바보 (soverybabo)> 총난마귀!!!!!!!
[2021-12-10 21:24:37] <땡곰 (themyday)> 해
[2021-12-10 21:24:37] <@%희__ (sin6671)> !콜야
[2021-12-10 21:24:38] <@%^Nightbot> 총야의 친여동생입니다♡ (방송하심)
[2021-12-10 21:24:39] <@콜야 (jo178579)> 음란ㅁ마귀
[2021-12-10 21:24:40] <강강이유 (ganggang2u)> 투표다시
[2021-12-10 21:24:40] <상월1 (rhwlals1129)> 누구나 듣고 싶은말만 듣고 싶죠
[2021-12-10 21:24:42] <kiminjae0506> ㅋㅋㅋㅋㅋㅋㅋㅋ
[2021-12-10 21:24:42] <%dffrtryt> 맞아
[2021-12-10 21:24:44] <0371175> 노딱
[2021-12-10 21:24:45] <@%^빵_떡 (bbangddeock)> She can't speak English. Please use Korean.
[2021-12-10 21:24:45] <@%^빵_떡 (bbangddeock)> 안녕하세요 총야에요..! 헤헤 새로오신 유입분들 팔로우 한번씩 해주시고 유튭 디코방 인스타 팬카페까지 놀러와주세요 찡긋★
[2021-12-10 21:24:45] <고든학교6이다 (djehdh2426)> 투표
[2021-12-10 21:24:45] <슈빔이 (shubim2)> 하;;;;;;;;;;;;;;;;;;;;;;;;
[2021-12-10 21:24:47] <yjh1022> 일상가능!????
[2021-12-10 21:24:49] <깡따후 (gang2979)> 음란마귀인김에 1코 더
[2021-12-10 21:24:51] <%$좀바보 (soverybabo)> 총란마귀!!!!
[2021-12-10 21:24:51] <suyeonm8> 투표 다시좀 ㅠㅠ
[2021-12-10 21:24:51] <taehyun0817> 근데 도전 하셨나요?
[2021-12-10 21:24:52] <@%희__ (sin6671)> 콜야방송실!  총야님방송실과 같이 사용하십니다
[2021-12-10 21:24:52] <kim6150> 그러니깐 벗어줘요
[2021-12-10 21:24:52] <물대포_하마 (ha14368)> 총야 헨타이데스네
[2021-12-10 21:24:53] <windlion79> 동생합방 강추
[2021-12-10 21:24:55] <초깨비노래시작 (choggebi0music)> 강한부정은 긍정이죠
[2021-12-10 21:24:57] <0371175> 읔읔읔 내눈
[2021-12-10 21:24:58] <주현식 (qpt2002s)> 빨리하자
[2021-12-10 21:25:02] <rttysg1> 얼공
[2021-12-10 21:25:03] <강강이유 (ganggang2u)> ㅠㅠㅠ
[2021-12-10 21:25:05] <총야_겨_만세 (kim776822)> 아그라면
[2021-12-10 21:25:05] <_와니탱이_ (kamking0823)> ㅇㅇ
[2021-12-10 21:25:05] <지묭이 (mimi50642524_)> ㅜ
[2021-12-10 21:25:06] <고올이 (vattt12)> 그래서 오늘 공겜잊으신건 아니죠? ㅋㅋ
[2021-12-10 21:25:06] <고든학교6이다 (djehdh2426)> 얼공
[2021-12-10 21:25:07] <총야_겨_만세 (kim776822)> 10분에
[2021-12-10 21:25:08] <%dlzpsk> 빨리 다른거....
[2021-12-10 21:25:09] <0293829> 얼공
[2021-12-10 21:25:11] <windlion79> 동생 나오면 잠옷 벗지말기
[2021-12-10 21:25:12] <총야_겨_만세 (kim776822)> 다리들기?
[2021-12-10 21:25:13] <나는탈모입니다 (dlqudgml0307)> ㅋㅋㅋ
[2021-12-10 21:25:13] <@%^Nightbot> ㅋㅋㅋㅋㅋ
[2021-12-10 21:25:14] <총야_겨_만세 (kim776822)> ㄱ?
[2021-12-10 21:25:15] <나는탈모입니다 (dlqudgml0307)> 음란마귀총야ㅋㅋㅋㅋㅋㅋ
[2021-12-10 21:25:17] <0371175> ㅗㄴ
[2021-12-10 21:25:18] <@%희__ (sin6671)> 총야님은 신비주의시라 함부로 얼공하지안습니다!
[2021-12-10 21:25:20] <kiminjae0506> ㅋㅋㅋㅋ
[2021-12-10 21:25:23] <@%희__ (sin6671)> !얼공
[2021-12-10 21:25:24] <@%^Nightbot> 평균시청자 5000명시 예정
[2021-12-10 21:25:25] <windlion79> 잠옷 벗지말고 동생나와라
[2021-12-10 21:25:25] <rttysg1> 동생나오기
[2021-12-10 21:25:26] <고올이 (vattt12)> ㅇㅇ
[2021-12-10 21:25:30] <고올이 (vattt12)> 가죠 ㄱㄱ
[2021-12-10 21:25:34] <%세쿠시론냥이 (lkj0454)> ㅋㅋㅋㅋㅋㅋㅋㅋㅋㅋㅋㅋㅋㅋ
[2021-12-10 21:25:39] <truiotyuiyuio> ㄱㄱ
[2021-12-10 21:25:39] <지묭이 (mimi50642524_)> 오케이
[2021-12-10 21:25:40] <구운오리 (dongji3077)> 내려간다 준비함
[2021-12-10 21:25:43] <%헤리엇 (gird1234)> 벽 잡지 말고!
[2021-12-10 21:25:43] <물대포_하마 (ha14368)> 무릎으로 내려가면 안됨
[2021-12-10 21:25:44] <0293829> 오키
[2021-12-10 21:25:45] <구운오리 (dongji3077)> 딱 대 ㅋㅋ
[2021-12-10 21:25:46] <0371175> ㅋㅋ
[2021-12-10 21:25:46] <%세쿠시론냥이 (lkj0454)> ㄱㄷㄱ!~
[2021-12-10 21:25:49] <0371175> ㅋ
[2021-12-10 21:25:50] <%$좀바보 (soverybabo)> ㄱㄱㄱㄱ
[2021-12-10 21:25:52] <%스스럼없이스스로섰소 (june20020)> 버티는 다리 살짝 굽히고?
[2021-12-10 21:25:52] <고든학교6이다 (djehdh2426)> 자 빨리하자
[2021-12-10 21:25:52] <슈빔이 (shubim2)> 그러닉ㄱ
[2021-12-10 21:25:58] <고올이 (vattt12)> 아님 발굽혀펴기 하나자세로 10분
[2021-12-10 21:25:58] <0371175> ㅇㅋㅇㅋㅇㅋㅇㅋㅇㅋㅇㅋㅇ
[2021-12-10 21:25:58] <kim6150> 조지자
[2021-12-10 21:25:59] <물대포_하마 (ha14368)> 잡는것도 안됨
[2021-12-10 21:26:02] <총야_겨_만세 (kim776822)> ㄴㄴ
[2021-12-10 21:26:04] <%$좀바보 (soverybabo)> 다리 손으로 잡아도 안되용
[2021-12-10 21:26:05] <총야_겨_만세 (kim776822)> 15분
[2021-12-10 21:26:05] <0371175> 드가자
[2021-12-10 21:26:06] <고든학교6이다 (djehdh2426)> 자드가자
[2021-12-10 21:26:07] <총야_겨_만세 (kim776822)> ㄱㄱ
[2021-12-10 21:26:08] BAN: kim6150 (600s)
[2021-12-10 21:26:08] <truiotyuiyuio> ㄱㅈㅇ!!!
[2021-12-10 21:26:08] <windlion79> 고생했어
[2021-12-10 21:26:12] <salliber> 바닥이 폭신해서 더 어려울 듯 ㅋㅋㅋㅋ
[2021-12-10 21:26:13] <고올이 (vattt12)> 저도 같이 스쿼트해줄께요 ㅋ
[2021-12-10 21:26:17] <black_kings11> 15
[2021-12-10 21:26:19] <잡떨 (wjdbxh)> ㅋ
[2021-12-10 21:26:21] <truiotyuiyuio> 15
[2021-12-10 21:26:22] <ramhun2000> 15
[2021-12-10 21:26:22] <wjfjskdkckz> 15
[2021-12-10 21:26:23] <windlion79> 걍 벗지말고 동생 등판 원합니다
[2021-12-10 21:26:23] <%$좀바보 (soverybabo)> 15분
[2021-12-10 21:26:24] <물대포_하마 (ha14368)> 20
[2021-12-10 21:26:24] <gkfkd0610> 15
[2021-12-10 21:26:25] <고든학교6이다 (djehdh2426)> 15
[2021-12-10 21:26:25] <%$좀바보 (soverybabo)> 15
[2021-12-10 21:26:25] <상월1 (rhwlals1129)> 15
[2021-12-10 21:26:25] <shshh183> 15
[2021-12-10 21:26:27] [Notification] psy_run subscribed at Tier 1.
[2021-12-10 21:26:27] <호이빠 (abc_efg_)> 15
[2021-12-10 21:26:27] <장난감442 (qldwjs8989)> 15가 적당한데?
[2021-12-10 21:26:28] <good5609> 15
[2021-12-10 21:26:28] <츄무징 (twichrup)> 15
[2021-12-10 21:26:29] <black_kings11> 20
[2021-12-10 21:26:29] <djwjfkrh14> 15
[2021-12-10 21:26:29] <%$좀바보 (soverybabo)> 19
[2021-12-10 21:26:29] <hjs8070> 15
[2021-12-10 21:26:29] <wjfjskdkckz> 35
[2021-12-10 21:26:29] <0371175> ㅋㅋㅋㅋㅋㅋㅋㅋㅋㅋㅋㅋ
[2021-12-10 21:26:29] <하뚯 (my31ss)> 15
[2021-12-10 21:26:29] <1457282> 15
[2021-12-10 21:26:30] <고든학교6이다 (djehdh2426)> 1515151515151515151515
[2021-12-10 21:26:30] <_와니탱이_ (kamking0823)> ㅣㅇ
[2021-12-10 21:26:30] <촐랑_토순이 (toritori01)> 15
[2021-12-10 21:26:30] <김퐁듀1 (aa227045)> 10분할이요?
[2021-12-10 21:26:31] <뷰티풀라이프 (mir7610)> 10분은 버티니까
[2021-12-10 21:26:31] <%$좀바보 (soverybabo)> 17
[2021-12-10 21:26:31] <강강이유 (ganggang2u)> 15달라
[2021-12-10 21:26:32] <ramhun2000> 20
[2021-12-10 21:26:32] <모진숙 (jason5355)> 15
[2021-12-10 21:26:32] <tea_dak> 15
[2021-12-10 21:26:33] <elol868> 15
[2021-12-10 21:26:33] <_와니탱이_ (kamking0823)> 10
[2021-12-10 21:26:33] <%$좀바보 (soverybabo)> 15
[2021-12-10 21:26:35] <%dffrtryt> 10분
[2021-12-10 21:26:35] <wjfjskdkckz> 35분
[2021-12-10 21:26:35] <djwjfkrh14> 1515
[2021-12-10 21:26:35] <%$좀바보 (soverybabo)> 16
[2021-12-10 21:26:35] <201joshua> 15
[2021-12-10 21:26:35] <truiotyuiyuio> 1000000
[2021-12-10 21:26:36] <rngsimin> 1515151515151515
[2021-12-10 21:26:36] <black_kings11> 30
[2021-12-10 21:26:37] <ramhun2000> 10
[2021-12-10 21:26:37] <djwjfkrh14> 15151515
[2021-12-10 21:26:37] <gkjfs157> 15분!!
[2021-12-10 21:26:37] <%$좀바보 (soverybabo)> 15
[2021-12-10 21:26:37] <요기따 (siony0717)> 15
[2021-12-10 21:26:38] <%헤리엇 (gird1234)> 10분할 하신다구요?
[2021-12-10 21:26:38] <고든학교6이다 (djehdh2426)> 15
[2021-12-10 21:26:39] <0371175> 왜자
[2021-12-10 21:26:40] <rttysg1> 실패하면 동생나오기
[2021-12-10 21:26:40] <eunmilove12> 12.5
[2021-12-10 21:26:41] <good5609> 한시간
[2021-12-10 21:26:42] <rngsimin> 1515151515151515151515
[2021-12-10 21:26:43] <elol868> 16
[2021-12-10 21:26:43] <집중1 (ghanstjr)> 안돼 돌아가 15분
[2021-12-10 21:26:43] <ramhun2000> 20분
[2021-12-10 21:26:44] <깡따후 (gang2979)> 더도 말고 덜도 말고 15분
[2021-12-10 21:26:44] <elol868> 15
[2021-12-10 21:26:45] <truiotyuiyuio> ㅣ니니닌
[2021-12-10 21:26:46] <어러옿 (cbthdl)> 15 앙탈ㄴ
[2021-12-10 21:26:47] <강강이유 (ganggang2u)> 10분할
[2021-12-10 21:26:49] <지묭이 (mimi50642524_)> 15
[2021-12-10 21:26:50] <elol868> 14
[2021-12-10 21:26:51] <총야_겨_만세 (kim776822)> 15분에
[2021-12-10 21:26:51] <elol868> 15
[2021-12-10 21:26:51] <0371175> 왜저러는 걸까요?
[2021-12-10 21:26:51] <잡떨 (wjdbxh)> 20
[2021-12-10 21:26:51] <물대포_하마 (ha14368)> 그럼 150분으로 합의 보시죠
[2021-12-10 21:26:52] <총야바라기_밥단미 (alstlswwo)> 15~?
[2021-12-10 21:26:52] <truiotyuiyuio> 151515
[2021-12-10 21:26:53] <지묭이 (mimi50642524_)> 1515151551551
[2021-12-10 21:26:54] <%$좀바보 (soverybabo)> 20하길레요 15하실레요?
[2021-12-10 21:26:54] <총야_겨_만세 (kim776822)> 춤걸고긔?
[2021-12-10 21:26:58] <ice_kk1> 151515
[2021-12-10 21:26:59] <요기따 (siony0717)> 151515
[2021-12-10 21:27:03] <ice_kk1> 15
[2021-12-10 21:27:03] <good5609> 10 시간
[2021-12-10 21:27:04] <rttysg1> 총님 실패하면 동생등판ㅇㅋ?
[2021-12-10 21:27:06] <gkfkd0610> 15
[2021-12-10 21:27:06] <고올이 (vattt12)> ㅋㅋㅋㅋ
[2021-12-10 21:27:07] <shshh183> 20ㄱㄱ
[2021-12-10 21:27:08] <elol868> 20?  15?
[2021-12-10 21:27:08] <%$좀바보 (soverybabo)> 15
[2021-12-10 21:27:09] <요기따 (siony0717)> 20or1ㅆ
[2021-12-10 21:27:12] <깡따후 (gang2979)> 30에 반 딱 좋다
[2021-12-10 21:27:12] <%$좀바보 (soverybabo)> 15고고
[2021-12-10 21:27:12] <총야_겨_만세 (kim776822)> 20붕?
[2021-12-10 21:27:13] <good5609> 10시간
[2021-12-10 21:27:14] <총야_겨_만세 (kim776822)> 20
[2021-12-10 21:27:15] <고올이 (vattt12)> 트수들 이악물었는데요? ㅋㅋ
[2021-12-10 21:27:15] <%$좀바보 (soverybabo)> 15ㄱㄱ
[2021-12-10 21:27:16] <truiotyuiyuio> 30  아니면25
[2021-12-10 21:27:17] <총야_겨_만세 (kim776822)> ㄱㄱㄱㄱㄱ
[2021-12-10 21:27:19] <%$좀바보 (soverybabo)> 15ㄱㄱㄱ
[2021-12-10 21:27:19] <black_kings11> 1시간
[2021-12-10 21:27:19] <요기따 (siony0717)> 20or15
[2021-12-10 21:27:23] <강강이유 (ganggang2u)> 20
[2021-12-10 21:27:23] <요기따 (siony0717)> 20
[2021-12-10 21:27:24] <wjfjskdkckz> 18시간으로 합의 보죠
[2021-12-10 21:27:24] <ghost92883> 20
[2021-12-10 21:27:26] <gkfkd0610> 20
[2021-12-10 21:27:26] <슈빔이 (shubim2)> 90
[2021-12-10 21:27:27] <어러옿 (cbthdl)> 15가 딱 적당한듯 ㅋ
[2021-12-10 21:27:28] <슈빔이 (shubim2)> 900
[2021-12-10 21:27:28] <ghost92883> 20 가자
[2021-12-10 21:27:28] <_와니탱이_ (kamking0823)> 10
[2021-12-10 21:27:28] <%$좀바보 (soverybabo)> 20
[2021-12-10 21:27:29] <smigga931> O_O
[2021-12-10 21:27:29] <슈빔이 (shubim2)> 90
[2021-12-10 21:27:30] <슈빔이 (shubim2)> 900
[2021-12-10 21:27:31] <뷰티풀라이프 (mir7610)> 20
[2021-12-10 21:27:31] <슈빔이 (shubim2)> 90
[2021-12-10 21:27:31] <0371175> 왜저러는 걸까요?
[2021-12-10 21:27:31] <1457282> "¼시간"
[2021-12-10 21:27:31] <black_kings11> 20
[2021-12-10 21:27:32] <shshh183> 20ㄱㄱㄱㄱ
[2021-12-10 21:27:32] <슈빔이 (shubim2)> 900
[2021-12-10 21:27:34] <rttysg1> 5분
[2021-12-10 21:27:34] <슈빔이 (shubim2)> 90
[2021-12-10 21:27:35] <깡따후 (gang2979)> 30보단 낫자나여
[2021-12-10 21:27:35] <슈빔이 (shubim2)> 900
[2021-12-10 21:27:36] <슈빔이 (shubim2)> 90
[2021-12-10 21:27:37] <truiotyuiyuio> 30   25
[2021-12-10 21:27:37] <물대포_하마 (ha14368)> 30or15
[2021-12-10 21:27:39] <슈빔이 (shubim2)> 900
[2021-12-10 21:27:40] <elol868> 15
[2021-12-10 21:27:40] <black_kings11> 20어떠까요?
[2021-12-10 21:27:44] <%$좀바보 (soverybabo)> 30하실레요 20분 하실레요?
[2021-12-10 21:27:44] <elol868> 15.
[2021-12-10 21:27:46] <elol868> 15
[2021-12-10 21:27:47] <고올이 (vattt12)> 네
[2021-12-10 21:27:48] <_와니탱이_ (kamking0823)> ㅇㅇ
[2021-12-10 21:27:48] <black_kings11> 20
[2021-12-10 21:27:50] <@%희__ (sin6671)> 춤릴레이
[2021-12-10 21:27:52] <모진숙 (jason5355)> 오케이 30
[2021-12-10 21:27:55] <호이빠 (abc_efg_)> 15!15!15!
[2021-12-10 21:27:56] <yjh1022> ㄱㅅㄱㅅ
[2021-12-10 21:27:56] <shshh183> 잠옷벗고 ㄱㄱ
[2021-12-10 21:27:58] <gkfkd0610> 20
[2021-12-10 21:28:02] <고올이 (vattt12)> 오케이 15가죠
[2021-12-10 21:28:12] <black_kings11> 잠옷벗고춤
[2021-12-10 21:28:26] <%아쉽게도까먹은에붸베 (skxkfaorkd)> 화력 약해진거봐ㄷㄷ
[2021-12-10 21:28:29] <ice_kk1> 잠옷벗고 뭐든
[2021-12-10 21:28:30] <진주영_ (jju50525)> 22222
[2021-12-10 21:28:32] <dagansmn211asdf> 또 야스
[2021-12-10 21:28:37] <%메카제로 (ansgkdbs1202)> 여기 방종하자마자 공겜하러
[2021-12-10 21:28:38] <루디킴 (ruddy2510)> ?
[2021-12-10 21:28:38] <@%^Nightbot> 갈고리 수집가 아님
[2021-12-10 21:28:39] <%메카제로 (ansgkdbs1202)> 가셔야겠네요
[2021-12-10 21:28:43] <%dlzpsk> 저기또 이상한 대화가...?
[2021-12-10 21:28:43] <물대포_하마 (ha14368)> 또 야스 소리 들린다 ㅋㅋㅋ
[2021-12-10 21:28:46] <고올이 (vattt12)> 또 야스애기하는데요? ㅋㅋㅋ
[2021-12-10 21:28:50] <wjfjskdkckz> ㅋㅋㅋㅋㅋ
[2021-12-10 21:28:50] <@%^Nightbot> ㅋㅋㅋㅋㅋㅋㅋ
[2021-12-10 21:28:51] <_와니탱이_ (kamking0823)> ??
[2021-12-10 21:28:51] <%$좀바보 (soverybabo)> 🥕 🥕 🥕
[2021-12-10 21:28:54] <%아쉽게도까먹은에붸베 (skxkfaorkd)> ㅋㅋㅋㅋㅋㅋㅋ
[2021-12-10 21:28:54] <@%^Nightbot> ㅋㅋㅋㅋㅋㅋㅋㅋㅋ
[2021-12-10 21:28:55] <~%총야_ (ju10506)> !시간/15분
[2021-12-10 21:28:55] <욜롱롱 (dnrlddl1999)> 옆에 분은 누구신가요?
[2021-12-10 21:28:56] <good5609> 야스 ㅋㅋ
[2021-12-10 21:28:57] <아트_0 (aztra_0)> 배쨜 나온거바
[2021-12-10 21:28:59] <wjfjskdkckz> ㅋㅋㅋㅋㅋㅋㅋㅋㅋㅋㅋㅋㅋ
[2021-12-10 21:29:00] <rttysg1> 총님 뒤에서 동생이 야스라는데요?
[2021-12-10 21:29:01] <세이지아 (newhanzo)> 총하
[2021-12-10 21:29:02] <@%^Nightbot> 세이지아 님 트하! 재미있게 시청하시고 가세요~
[2021-12-10 21:29:04] <dagansmn211asdf> 또 야스 소리 하네
[2021-12-10 21:29:04] <파카와함께치키차 (112aa112)> !동생
[2021-12-10 21:29:06] <세이지아 (newhanzo)> 오늘 늦었다요=3
[2021-12-10 21:29:08] <@%희__ (sin6671)> !콜야
[2021-12-10 21:29:08] <@%^Nightbot> 총야의 친여동생입니다♡ (방송하심)
[2021-12-10 21:29:11] <black_kings11> 야스
[2021-12-10 21:29:17] <@%희__ (sin6671)> 콜야방송실!  총야님방송실과 같이 사용하십니다
[2021-12-10 21:29:18] <dagansmn211asdf> ㅋㅋㅋㅋㅋ
[2021-12-10 21:29:19] <%dlzpsk> 느낌이 총야님 또 물어보면 카운터 먹을꺼 같아서 저러는듯
[2021-12-10 21:29:19] <truiotyuiyuio> 넘어져라
[2021-12-10 21:29:24] <%$좀바보 (soverybabo)> 몇초 시간 끄셨네....
[2021-12-10 21:29:24] <설빙시러 (dduldduri)> 15분동안 저걸 버티는거임?
[2021-12-10 21:29:25] <고올이 (vattt12)> ㅗㄹ야님이 야스 뜻을알려고해요 ㅋㅋ
[2021-12-10 21:29:27] <black_kings11> 넘어져라
[2021-12-10 21:29:30] <고든학교6이다 (djehdh2426)> 넘어져라!!!!!!!
[2021-12-10 21:29:32] <총야바라기_밥단미 (alstlswwo)> 어차피 오늘 고통받을지어다~공겜~
[2021-12-10 21:29:33] <지묭이 (mimi50642524_)> 넘어져라
[2021-12-10 21:29:36] <고든학교6이다 (djehdh2426)> 가자!!!!!!
[2021-12-10 21:29:37] <고올이 (vattt12)> 넘어져라
[2021-12-10 21:29:38] <dagansmn211asdf> 15분을 버틴다고?
[2021-12-10 21:29:39] <wncy7> 넘어지자~
[2021-12-10 21:29:43] <%헤리엇 (gird1234)> 한 발 혹사시키는 중
[2021-12-10 21:29:43] <black_kings11> 넘어져라 얍
[2021-12-10 21:29:44] <tvniu> 할뚜없다!
[2021-12-10 21:29:44] <wjfjskdkckz> 제발 넘어져라 진짜 제발....
[2021-12-10 21:29:45] <@%^빵_떡 (bbangddeock)> She can't speak English. Please use Korean.
[2021-12-10 21:29:45] <@%^빵_떡 (bbangddeock)> 안녕하세요 총야에요..! 헤헤 새로오신 유입분들 팔로우 한번씩 해주시고 유튭 디코방 인스타 팬카페까지 놀러와주세요 찡긋★
[2021-12-10 21:29:46] <고든학교6이다 (djehdh2426)> 제발
[2021-12-10 21:29:50] <고올이 (vattt12)> 확 다리에힘풀려서 넘어져라
[2021-12-10 21:29:51] <지묭이 (mimi50642524_)> 에이 난 10분도 못버티는데
[2021-12-10 21:29:51] <%스스럼없이스스로섰소 (june20020)> 왜 애써 힘든 고행의 길을..
[2021-12-10 21:29:52] <%하도훈 (dohun7382)> 저거 하다가 발목 젚지르면...
[2021-12-10 21:29:52] <고든학교6이다 (djehdh2426)> 누가 도네종
[2021-12-10 21:29:54] <%$좀바보 (soverybabo)> 도네 가즈아
[2021-12-10 21:29:55] <black_kings11> 넘어져라
[2021-12-10 21:29:55] <truiotyuiyuio> ㄴㅇㅈㄹ
[2021-12-10 21:29:56] <우주왕자 (maisy15)> ㅋㅋㅋ15분 저걸어케해
[2021-12-10 21:29:56] <asb12356> 빵
[2021-12-10 21:30:00] <고든학교6이다 (djehdh2426)> 도네 보네자
[2021-12-10 21:30:00] <어러옿 (cbthdl)> 침대 위 절대안되고
[2021-12-10 21:30:02] <설빙시러 (dduldduri)> 벌써 흔들리는데 무슨ㅋㅋㅋㅋㅋㅋ
[2021-12-10 21:30:04] <truiotyuiyuio> ㅋㅋ
[2021-12-10 21:30:05] <wjfjskdkckz> 넘어져라
[2021-12-10 21:30:06] <dagansmn211asdf> 이제 쥐가 난다
[2021-12-10 21:30:06] <desprrad> 다리에 쥐난다~~~~~
[2021-12-10 21:30:06] <hayubin11141005> 손잡는거 아니죠?
[2021-12-10 21:30:07] <오카뤼나 (okatarinao)> 벽 잡고있는거 아니죠?
[2021-12-10 21:30:08] <고올이 (vattt12)> !이름
[2021-12-10 21:30:08] <@%^Nightbot> 정은빈입니다
[2021-12-10 21:30:08] <주현식 (qpt2002s)> 스타킹 이따 벗음?
[2021-12-10 21:30:10] <흰광대 (dudghtm)> 저 분홍 커튼 사이에 검은거 뭐에요?
[2021-12-10 21:30:11] <%$좀바보 (soverybabo)> 총바야보
[2021-12-10 21:30:11] <truiotyuiyuio> 덜덜
[2021-12-10 21:30:12] <@%^Nightbot> 총바는 방종때만.!나갈땐 조용히나가주세요
[2021-12-10 21:30:12] <desprrad> 다리가 저려온다~~~~~~~
[2021-12-10 21:30:15] <dagansmn211asdf> 무거워집니다
[2021-12-10 21:30:17] <%스스럼없이스스로섰소 (june20020)> 아까 풍선 터뜨렸으면 미션도 잡고 돈도 받고..
[2021-12-10 21:30:17] <kojunior1234> 지진나면 좋겠다
[2021-12-10 21:30:21] <truiotyuiyuio> 저기요
[2021-12-10 21:30:25] <지묭이 (mimi50642524_)> 저린다 저린다
[2021-12-10 21:30:25] <상월1 (rhwlals1129)> 내려 간다
[2021-12-10 21:30:25] <black_kings11> 힘들다~~~~~
[2021-12-10 21:30:26] <otbanoff> Стоять не тяжело?
[2021-12-10 21:30:27] <지묭이 (mimi50642524_)> 나도 도전해야지
[2021-12-10 21:30:29] <오카뤼나 (okatarinao)> 손 인증좀
[2021-12-10 21:30:30] <minseonggim59> 넘어간다 저바닥으로~~
[2021-12-10 21:30:30] <우주왕자 (maisy15)> ㅋㅋㅋ 총야..다리풀리고 부들거리네
[2021-12-10 21:30:30] <@%^Nightbot> ㅋㅋㅋㅋㅋ
[2021-12-10 21:30:31] <desprrad> 다리에 쥐가 난다~~~~~~~
[2021-12-10 21:30:31] <truiotyuiyuio> 넘어져라
[2021-12-10 21:30:34] DELETED: otbanoff (Стоять не тяжело?)
[2021-12-10 21:30:34] <고올이 (vattt12)> 안괜찮아보여요 ㅎㅎ
[2021-12-10 21:30:35] <고든학교6이다 (djehdh2426)> 뿡
[2021-12-10 21:30:35] <wncy7> 슬슬 힘들쥬?
[2021-12-10 21:30:35] <black_kings11> 힘들어진다~~~
[2021-12-10 21:30:37] <김성현일겁니다 (sksjmend)> ㅂㄷㅂㄷ
[2021-12-10 21:30:37] <dagansmn211asdf> 후후후
[2021-12-10 21:30:37] <%$좀바보 (soverybabo)> 점점 내려오는데?
[2021-12-10 21:30:38] <민트초코조앙 (mintchoco_love7)> 미끌~
[2021-12-10 21:30:38] <desprrad> 다리가 무거워진다
[2021-12-10 21:30:38] <indeok_twitch> 다리 쥐난다
[2021-12-10 21:30:38] <wncy7> 아프쥬?
[2021-12-10 21:30:38] <truiotyuiyuio> 쥐
[2021-12-10 21:30:39] <%스스럼없이스스로섰소 (june20020)> 혹시 고통을 즐기는 편?
[2021-12-10 21:30:39] <집중1 (ghanstjr)> 뭐야 기대고있네
[2021-12-10 21:30:40] <고든학교6이다 (djehdh2426)> 총야바보
[2021-12-10 21:30:40] <하얀거짓말_ (yeong9107)> 발바닥이 간지럽다
[2021-12-10 21:30:40] <rttysg1> 열받아라
[2021-12-10 21:30:40] <고올이 (vattt12)> 솔직히 내려가고싶죠
[2021-12-10 21:30:43] <로리거유박종우 (htt3333)> 다리가 휘었는데요 선생님?
[2021-12-10 21:30:43] <rttysg1> 이
[2021-12-10 21:30:43] <kiminjae0506> 넘어진다
[2021-12-10 21:30:43] <파카와함께치키차 (112aa112)> 떨어진다~~
[2021-12-10 21:30:43] <truiotyuiyuio> 쥐나라
[2021-12-10 21:30:44] <whs7925> 갑자기 화장실에 가고 싶어진다
[2021-12-10 21:30:44] <indeok_twitch> 쥐나다 자빠진다
[2021-12-10 21:30:45] <hyeongjun0716> 손 어디있어
[2021-12-10 21:30:46] <asb12356> 힘들쥬
[2021-12-10 21:30:46] <설빙시러 (dduldduri)> 손 어디 잡고있는거 아닌가요
[2021-12-10 21:30:47] <dagansmn211asdf> 내려오는데?
[2021-12-10 21:30:48] <%곰주교_쌀먹자_다구닝 (daguning)> 쓰러진다?
[2021-12-10 21:30:48] <black_kings11> 땀난다~~~~
[2021-12-10 21:30:49] <촐랑_토순이 (toritori01)> 힘들어진닼ㅋㅋ
[2021-12-10 21:30:49] <wjfjskdkckz> 넘어져라 진짜 제발루
[2021-12-10 21:30:49] <지묭이 (mimi50642524_)> 다리에 점점 힘이풀린다
[2021-12-10 21:30:50] <rttysg1> 열받아 라
[2021-12-10 21:30:50] <흰광대 (dudghtm)> 내려간다
[2021-12-10 21:30:50] <어러옿 (cbthdl)> 힘들다 힘들다~
[2021-12-10 21:30:50] <곰파잉 (qqpp2207)> 어어...내려간다
[2021-12-10 21:30:50] <%$좀바보 (soverybabo)> 점점더 내려오온다!!!
[2021-12-10 21:30:51] <나는탈모입니다 (dlqudgml0307)> 응넘어져
[2021-12-10 21:30:51] <limeremontree> 미끄러진다
[2021-12-10 21:30:52] <지묭이 (mimi50642524_)> 다리가 점점 내려간다
[2021-12-10 21:30:52] <하얀거짓말_ (yeong9107)> 종아리에 바퀴벌레
[2021-12-10 21:30:52] <민트초코조앙 (mintchoco_love7)> 흔들린다~~
[2021-12-10 21:30:52] <한우왕 (greenday1340)> 손으로 머 잡는데
[2021-12-10 21:30:53] <닉넴을생각중 (slrspa0212)> 엄청 마르셨네요 오래 못버티실듯ㅋㅋ
[2021-12-10 21:30:53] <desprrad> 다리가 점점 내려간다~~~~~~~
[2021-12-10 21:30:53] <지묭이 (mimi50642524_)> 우어어어ㅓ
[2021-12-10 21:30:54] <1457282> 와 편하다
[2021-12-10 21:30:54] <고든학교6이다 (djehdh2426)> 총야 멍청이
[2021-12-10 21:30:55] <%헤리엇 (gird1234)> 조금씩 내려오는 거 같은데요?
[2021-12-10 21:30:55] <pokemongogogogog> 가대고 있네
[2021-12-10 21:30:56] <PringIles> 사실상 앉아서 다리 꼬으면 끝인걸....
[2021-12-10 21:30:58] <메이스마운트 (week015)> 닭싸움?
[2021-12-10 21:30:58] <rttysg1> Kreygasm
[2021-12-10 21:30:58] <elol868> 내려가지>?
[2021-12-10 21:30:58] <우주왕자 (maisy15)> 부들부들 지원 해주세요!! 2000대군들
[2021-12-10 21:30:59] <지묭이 (mimi50642524_)> 미끄러져러
[2021-12-10 21:30:59] <초깨비노래시작 (choggebi0music)> 흔들리네~
[2021-12-10 21:31:00] <truiotyuiyuio> 넘므즈르
[2021-12-10 21:31:00] <고올이 (vattt12)> 내려간다~~
[2021-12-10 21:31:00] <%눈슬 (nunseul0531)> 이제 떨어진다~~
[2021-12-10 21:31:01] <지묭이 (mimi50642524_)> 남어져라!!!
[2021-12-10 21:31:02] <ice_kk1> 내려간다~~~
[2021-12-10 21:31:02] <오호생성중 (dkpark88)> 스스스르르르륵륵륵
[2021-12-10 21:31:02] <indeok_twitch> 바닥에 100원 떨어졌다
[2021-12-10 21:31:03] <wjfjskdkckz> 넘어져라!!
[2021-12-10 21:31:04] <black_kings11> 야스
[2021-12-10 21:31:04] <우주왕자 (maisy15)> 부들부들
[2021-12-10 21:31:04] <wncy7> 내려간다
[2021-12-10 21:31:06] <dagansmn211asdf> 기대지 마요
[2021-12-10 21:31:06] <민트초코조앙 (mintchoco_love7)> 슈슉 슉 슈슉 슉
[2021-12-10 21:31:06] <하얀거짓말_ (yeong9107)> 다리에 바퀴벌레
[2021-12-10 21:31:07] <lol_legend2010> 저거 뭐야?
[2021-12-10 21:31:07] <고든학교6이다 (djehdh2426)> 그거 그렇게 버티는거 아닌뒈
[2021-12-10 21:31:07] <hyeongjun0716> 두손 다 어디갔어
[2021-12-10 21:31:08] <truiotyuiyuio> 1분
[2021-12-10 21:31:08] <desprrad> 할수없다~~~~~
[2021-12-10 21:31:08] <elol868> 못 버티겠네
[2021-12-10 21:31:09] DELETED: maisy15 (부들부들 지원 해주세요!! 2000대군들)
[2021-12-10 21:31:09] <마운틴08 (ks0237)> 총야 동생닮았을듯
[2021-12-10 21:31:09] <%눈슬 (nunseul0531)> 슈슈슉
[2021-12-10 21:31:10] <설빙시러 (dduldduri)> 응 이제 2분 지남~
[2021-12-10 21:31:10] <호이빠 (abc_efg_)> ㅂㄷㅂㄷㅂㄷㅂㄷㅂㄷㅂㄷㅂㄷㅂㄷㅂㄷㅂㄷㅂㄷㅂㄷㅂㄷㅂㄷ
[2021-12-10 21:31:12] <주현식 (qpt2002s)> 떨리고 있는데
[2021-12-10 21:31:13] <limeremontree> 흔들린다
[2021-12-10 21:31:14] <물대포_하마 (ha14368)> 내려간다~~
[2021-12-10 21:31:15] <어러옿 (cbthdl)> 다리에 지진나기시작한다 ㅋㅋㅋㅋ
[2021-12-10 21:31:16] <ghost92883> 버틸수 없다
[2021-12-10 21:31:16] <%$좀바보 (soverybabo)> LUL LUL LUL LUL LUL LUL LUL LUL LUL
[2021-12-10 21:31:16] <dagansmn211asdf> 무거워집니다
[2021-12-10 21:31:18] <wncy7> 벌서 호흡 힘들죠
[2021-12-10 21:31:19] <wjfjskdkckz> 넘어져라
[2021-12-10 21:31:20] <aidba> 발바닥 보여주세요
[2021-12-10 21:31:20] <%눈슬 (nunseul0531)> 부들부들 거리죠~?
[2021-12-10 21:31:21] <고올이 (vattt12)> 지금 매우 ㅂㄷㅂㄷ하죠 ㅋㅋㅋ
[2021-12-10 21:31:21] <지묭이 (mimi50642524_)> 다리 떨리는데
[2021-12-10 21:31:21] <ghost92883> 절대 못 버틴다
[2021-12-10 21:31:22] <wncy7> 안되쥬
[2021-12-10 21:31:23] <indeok_twitch> ㄲㅂ
[2021-12-10 21:31:23] <고든학교6이다 (djehdh2426)> 흔들흔들열매
[2021-12-10 21:31:23] <truiotyuiyuio> 1분지남
[2021-12-10 21:31:23] <지묭이 (mimi50642524_)> ㅋㅋㅋㅋㅋㅋㅋㅋ\
[2021-12-10 21:31:24] <desprrad> 버틸수가 없다~~~~
[2021-12-10 21:31:24] <asb12356> 어어 내려오ㅡㄴ데 어어 떨어지는데 내려간다
[2021-12-10 21:31:24] <어러옿 (cbthdl)> ㄲㅂ
[2021-12-10 21:31:25] <1457282> ㅂㄷㅂㄷ
[2021-12-10 21:31:26] <지묭이 (mimi50642524_)> ㄲㅂ
[2021-12-10 21:31:26] <호이빠 (abc_efg_)> LUL
[2021-12-10 21:31:26] <곰파잉 (qqpp2207)> 점점 무거워 짐니다
[2021-12-10 21:31:26] <%$불루론 (fireluelon0371)> 찔끔찔끔 내려간다
[2021-12-10 21:31:26] <ghost92883> 5분 남기고 내려온다
[2021-12-10 21:31:28] <닉넴을생각중 (slrspa0212)> 침대 부서지는데 확인좀 하세여
[2021-12-10 21:31:28] <고올이 (vattt12)> 지금 매우 밴티때리고싶죠?
[2021-12-10 21:31:28] <날탱 (nalttang2)> 포기 ㄱ
[2021-12-10 21:31:29] <ice_kk1> 오
[2021-12-10 21:31:29] <ncnafp12312> 다리 내려가는데요
[2021-12-10 21:31:29] <상월1 (rhwlals1129)> 내려간다~
[2021-12-10 21:31:30] <limeremontree> 넘어진다
[2021-12-10 21:31:31] <desprrad> 할수 없다~~~~~
[2021-12-10 21:31:32] <ghost92883> 서서히 무너진다
[2021-12-10 21:31:33] <지묭이 (mimi50642524_)> 딱 5초때 내려온다
[2021-12-10 21:31:35] <민트초코조앙 (mintchoco_love7)> 아직 3분밖에 안지나써 ㅋㅋ
[2021-12-10 21:31:37] <%헤리엇 (gird1234)> 콜야님한테 한대만 쳐달라고 하면 되는 거 아님?? ㅋㅋㅋ
[2021-12-10 21:31:37] <지묭이 (mimi50642524_)> 우어어ㅇ다리가 아파온다
[2021-12-10 21:31:37] <ghost92883> 결국에 내려온다
[2021-12-10 21:31:37] <오호생성중 (dkpark88)> 술법 다리 중력 2배
[2021-12-10 21:31:38] <고올이 (vattt12)> 화났어요? 왜요?
[2021-12-10 21:31:38] <우주왕자 (maisy15)> 부들부들
[2021-12-10 21:31:39] <주현식 (qpt2002s)> 떨리고 있다
[2021-12-10 21:31:39] <물대포_하마 (ha14368)> 넘어가유~~~~
[2021-12-10 21:31:41] <desprrad> 넘어진다~~~
[2021-12-10 21:31:41] <asb12356> 👻👻👻👻
[2021-12-10 21:31:42] <salliber> 체념하시죠
[2021-12-10 21:31:42] <%$불루론 (fireluelon0371)> 막 흔들리네
[2021-12-10 21:31:43] <지묭이 (mimi50642524_)> 다리가 져려온다
[2021-12-10 21:31:43] <truiotyuiyuio> 슉
[2021-12-10 21:31:43] <black_kings11> 넘어져라~~
[2021-12-10 21:31:45] <%$불루론 (fireluelon0371)> ㅋㅋㅋㅋㅋㅋ
[2021-12-10 21:31:45] <rttysg1> 다리아프다
[2021-12-10 21:31:46] <고든학교6이다 (djehdh2426)> 보여라 빈틈의 실!!!!!!!!!!!!!!!
[2021-12-10 21:31:46] <곰파잉 (qqpp2207)> 서서히ㅣ
[2021-12-10 21:31:46] <%$좀바보 (soverybabo)> 점점더 내려간다!!!
[2021-12-10 21:31:48] <desprrad> 던던 애려간다~~~
[2021-12-10 21:31:48] <지묭이 (mimi50642524_)> 무거워진ㅇ다
[2021-12-10 21:31:49] <indeok_twitch> ㅓ 다리 저린다
[2021-12-10 21:31:49] <wncy7> 벌써 힘들죠
[2021-12-10 21:31:49] <곰파잉 (qqpp2207)> 내려갑니다
[2021-12-10 21:31:51] <지묭이 (mimi50642524_)> 서서히 내려간다
[2021-12-10 21:31:51] <rttysg1> 다리아프다.
[2021-12-10 21:31:52] <상월1 (rhwlals1129)> 스멀스멀 내려온다
[2021-12-10 21:31:52] <truiotyuiyuio> 넘어진다
[2021-12-10 21:31:52] <wncy7> 내려가죠
[2021-12-10 21:31:53] <wjfjskdkckz> 부들부들 제발 넘어져라
[2021-12-10 21:31:53] <곰파잉 (qqpp2207)> 스르륵
[2021-12-10 21:31:54] <rngsimin> 쥐가난다
[2021-12-10 21:31:54] <초깨비노래시작 (choggebi0music)> 좀 져주시죠
[2021-12-10 21:31:55] <desprrad> 점점 내려간다~~~~
[2021-12-10 21:31:55] <rttysg1> 다리아프다
[2021-12-10 21:31:57] <%$좀바보 (soverybabo)> 내려간당~~~~~~
[2021-12-10 21:31:57] <wncy7> 포기하면 편합니다
[2021-12-10 21:31:59] <desprrad> 다리가 떨려온다
[2021-12-10 21:32:01] <%$좀바보 (soverybabo)> 내려간당
[2021-12-10 21:32:01] <truiotyuiyuio> 스으윽
[2021-12-10 21:32:01] <ghost92883> 곧 똘겁니다 다리
[2021-12-10 21:32:01] <201joshua> 먼저 몸이 넘어갈것 같은데...
[2021-12-10 21:32:02] <어러옿 (cbthdl)> 스타킹이라 더 미끄럽겠다 ㅋㅋㅋㅋㅋ
[2021-12-10 21:32:02] <rngsimin> 쥐난다~~~~
[2021-12-10 21:32:03] <고올이 (vattt12)> 내려간다~~ 저곳으로 내려간다~~
[2021-12-10 21:32:03] <desprrad> 다리에 쥐가 난다
[2021-12-10 21:32:04] <민트초코조앙 (mintchoco_love7)> 보인다 빈틈의 실!
[2021-12-10 21:32:04] <jangpa0324> 포기하ㅛㅔ염
[2021-12-10 21:32:04] <hyeongjun0716> 손 어디갔노
[2021-12-10 21:32:05] <%$좀바보 (soverybabo)> 내려간드아아앙
[2021-12-10 21:32:06] <닉넴을생각중 (slrspa0212)> 이제 3분 경과
[2021-12-10 21:32:06] <dagansmn211asdf> 흔들린ㄴ데?
[2021-12-10 21:32:07] <고든학교6이다 (djehdh2426)> 보여라 빈틈의실
[2021-12-10 21:32:08] <desprrad> 다기가 무거워진다
[2021-12-10 21:32:12] <우주왕자 (maisy15)> 부들부들
[2021-12-10 21:32:13] <이리스아퀼라 (sunwon1234)> 콜야님이 총야님 10시에 뭐 할게 있다고 하시는데
[2021-12-10 21:32:13] <오호생성중 (dkpark88)> 보였다! 빈틈의 실
[2021-12-10 21:32:15] <asb12356> 👇👇👇👇👇👇👇👇👇👇👇👇
[2021-12-10 21:32:15] <%$좀바보 (soverybabo)> 유툽영상을 틀어주이소
[2021-12-10 21:32:15] <black_kings11> 흔들려...
[2021-12-10 21:32:17] <desprrad> 안괜찮아진다~~~
[2021-12-10 21:32:18] <이리스아퀼라 (sunwon1234)> 10시에 뭐 해요?
[2021-12-10 21:32:20] <고올이 (vattt12)> ㅋㅋㅋㅋ
[2021-12-10 21:32:21] <truiotyuiyuio> 4분경과
[2021-12-10 21:32:21] <곰파잉 (qqpp2207)> 그렇다 점점 다리가 무거워 진다
[2021-12-10 21:32:22] <주현식 (qpt2002s)> 잠옷 안 보인다
[2021-12-10 21:32:23] <rngsimin> ㅋㅋㅋㅋㅋㅋㅋ
[2021-12-10 21:32:24] <@%^Nightbot> ㅋㅋㅋㅋㅋㅋㅋㅋㅋ
[2021-12-10 21:32:25] <초깨비노래시작 (choggebi0music)> 노래로 방해가 답이다
[2021-12-10 21:32:26] <고든학교6이다 (djehdh2426)> 흔들열매
[2021-12-10 21:32:26] <dagansmn211asdf> ㅋㅋㅋㅋㅋ
[2021-12-10 21:32:26] <@%^Nightbot> ㅋㅋㅋㅋㅋㅋㅋ
[2021-12-10 21:32:27] <%헤리엇 (gird1234)> ㅋㅋㅋㅋㅋㅋㅋㅋㅋ
[2021-12-10 21:32:28] <고올이 (vattt12)> 국민체조 ㅋㅋㅋ
[2021-12-10 21:32:29] <indeok_twitch> ㅋㅋㅋ
[2021-12-10 21:32:29] <@%^Nightbot> ㅋㅋㅋㅋㅋ
[2021-12-10 21:32:29] <black_kings11> ㅋㅋㅋ
[2021-12-10 21:32:30] <hiroki0308> ㅋㅋㅋㅋㅋㅋㅋㅋㅋㅋㅋ
[2021-12-10 21:32:30] <민트초코조앙 (mintchoco_love7)> 한번쯤 져줍시다
[2021-12-10 21:32:31] <상월1 (rhwlals1129)> ㅋㅋㅋㅋ
[2021-12-10 21:32:31] <truiotyuiyuio> 빠라빠라
[2021-12-10 21:32:32] <북극여우입니다 (www010210)> ㅋㅋㅋㅋㅋㅋㅋㅋㅋ
[2021-12-10 21:32:33] <지묭이 (mimi50642524_)> ㅋㅋㅋㅋㅋㅋㅋㅋㅋㅋ
[2021-12-10 21:32:33] <하얀거짓말_ (yeong9107)> 어라
[2021-12-10 21:32:33] <201joshua> ㅋㅋㅋㅋㅋㅋㅋㅋㅋㅋㅋㅋㅋ
[2021-12-10 21:32:34] <indeok_twitch> ㅓ
[2021-12-10 21:32:34] <곰파잉 (qqpp2207)> ㅋㅋㅋㅋㅋ
[2021-12-10 21:32:34] <초깨비노래시작 (choggebi0music)> ㄴㅇㅅ
[2021-12-10 21:32:34] <목월영 (leeyosub0111)> ㅋㅋㅋㅋㅋㅋ
[2021-12-10 21:32:34] <hiroki0308> ㅋㅋㅋㅋㅋㅋㅋㅋㅋㅋㅋㅋㅋ
[2021-12-10 21:32:34] <지묭이 (mimi50642524_)> 왕
[2021-12-10 21:32:35] <desprrad> ㅋㅋㅋㅋㅋㅋㅋㅋㅋㅋㅋㅋㅋㅋ
[2021-12-10 21:32:35] <wncy7> ㄴㅇㅅ
[2021-12-10 21:32:35] <고든학교6이다 (djehdh2426)> ㄴㅇㅅ
[2021-12-10 21:32:35] <wjfjskdkckz> 부들부들 점점 무거워진다
[2021-12-10 21:32:35] <truiotyuiyuio> ㅋㅋ
[2021-12-10 21:32:35] <ghost92883> 내려옴 ㅋㅋㅋㅋㅋㅋㅋㅋㅋㅋㅋㅋ
[2021-12-10 21:32:36] <로리거유박종우 (htt3333)> 국군도수체조 ㄷㄷㄷ
[2021-12-10 21:32:36] <민트초코조앙 (mintchoco_love7)> ㅋㅋㅋ
[2021-12-10 21:32:36] <닉넴을생각중 (slrspa0212)> 어우ㅊㅊ
[2021-12-10 21:32:36] <고올이 (vattt12)> 이겼다 ㅋㅋㅋㅋ
[2021-12-10 21:32:36] <이리스아퀼라 (sunwon1234)> 어라
[2021-12-10 21:32:36] <오카뤼나 (okatarinao)> ㅋㅋㅋㅋㅋㅋㅋㅋㅋㅋ
[2021-12-10 21:32:36] <북극여우입니다 (www010210)> ???????
[2021-12-10 21:32:37] <ghost92883> ㅋㅋㅋㅋㅋㅋㅋㅋㅋㅋㅋㅋㅋㅋ
[2021-12-10 21:32:37] <지묭이 (mimi50642524_)> ㅋㅋㅋㅋㅋㅋㅋㅋㅋㅋㅋㅋㅋㅋㅋㅋㅋㅋㅋㅋㅋㅋㅋㅋㅋㅋㅋㅋㅋㅋㅋㅋㅋㅋㅋㅋㅋㅋㅋㅋㅋ
[2021-12-10 21:32:37] <indeok_twitch> ㅋㅋㅋ
[2021-12-10 21:32:37] <물대포_하마 (ha14368)> gg
[2021-12-10 21:32:37] <오호생성중 (dkpark88)> ㅋㅋ
[2021-12-10 21:32:37] <깡따후 (gang2979)> 와아아아아
[2021-12-10 21:32:37] <우주왕자 (maisy15)> ㅋㅋㅋ
[2021-12-10 21:32:37] <음피 (rpfus123)> ㅋㅋㅋㅋ
[2021-12-10 21:32:37] <salliber> ㅋㅋㅋㅋㅋㅋㅋㅋㅋㅋㅋㅋㅋㅋㅋ
[2021-12-10 21:32:37] <dywhd124> ㄴㅇㅅ
[2021-12-10 21:32:37] <shshh183> ㄴㅇㅅ
[2021-12-10 21:32:37] <pokemongogogogog> 에
[2021-12-10 21:32:38] <라내 (oshyeok56)> ㅋㅋㅋㅋㅋㅋ
[2021-12-10 21:32:38] <초깨비노래시작 (choggebi0music)> ㅋㅋㅋㅋㅋㅋㅋㅋㅋㅋㅋㅋ
[2021-12-10 21:32:38] <어러옿 (cbthdl)> ㅋㅋㅋㅋㅋㅋㅋㅋㅋㅋㅋ
[2021-12-10 21:32:38] <주현식 (qpt2002s)> 오오옹
[2021-12-10 21:32:38] <whs7925> OhMyDog OhMyDog OhMyDog OhMyDog OhMyDog
[2021-12-10 21:32:38] <%dlzpsk> ㅇㅋ ㅅㄱ
[2021-12-10 21:32:38] <eunmilove12> ㅋㅋㅋㅋㅋㅋㅋㅋㅋz
[2021-12-10 21:32:39] <%$좀바보 (soverybabo)> 오아리
[2021-12-10 21:32:40] <핫민트초코 (hertea123)> 나이스
[2021-12-10 21:32:40] <고든학교6이다 (djehdh2426)> 극
[2021-12-10 21:32:40] <ghost92883> ㅋㅋㅋㅋㅋㅋㅋㅋㅋㅋ
[2021-12-10 21:32:40] <mango7012> ㅋㅋㅋㅋㅋㅋㅋㅋㅋㅋㅋㅋㅋㅋㅋㅋㅋㅋ
[2021-12-10 21:32:40] <wncy7> 실패!
[2021-12-10 21:32:40] <심슨의제왕 (koo6190)> NICE
[2021-12-10 21:32:40] <청매우님 (jdh0107)> ㅋㅋㅋㅋㅋㅋㅋㅋㅋㅋㅋㅋㅋ
[2021-12-10 21:32:40] <%헤리엇 (gird1234)> ?
[2021-12-10 21:32:40] <ghost92883> ㅋㅋㅋㅋㅋㅋ
[2021-12-10 21:32:40] <우주왕자 (maisy15)> 나이스
[2021-12-10 21:32:40] <@%^Nightbot> 갈고리 수집가 아님
[2021-12-10 21:32:40] <ukals0> ㅋ
[2021-12-10 21:32:40] <mango7012> ㅛㅛ
[2021-12-10 21:32:40] <wjfjskdkckz> ㅋㅋㅋㅋㅋㅋㅋㅋzzzzzzㅋㅋㅋㅋㅋ
[2021-12-10 21:32:40] <%psy_run> 어라라라라?
[2021-12-10 21:32:41] <고든학교6이다 (djehdh2426)> 락
[2021-12-10 21:32:41] <indeok_twitch> ㅋㅋㅋㅋㅋㅋ
[2021-12-10 21:32:41] <asb12356> ㄴㅇㅅ
[2021-12-10 21:32:41] <북극여우입니다 (www010210)> zzzzzzzzzzzzz
[2021-12-10 21:32:41] <%스스럼없이스스로섰소 (june20020)> ?
[2021-12-10 21:32:41] <물대포_하마 (ha14368)> 끝
[2021-12-10 21:32:42] <뷰티풀라이프 (mir7610)> 극
[2021-12-10 21:32:42] <ghost92883> ㅋㅋㅋㅋㅋㅋㅋㅋㅋㅋ
[2021-12-10 21:32:42] <hayubin11141005> ㄴㅇㅅ
[2021-12-10 21:32:42] <슈빔이 (shubim2)> 어!!!!!!!!!!!
[2021-12-10 21:32:43] <이리스아퀼라 (sunwon1234)> ?
[2021-12-10 21:32:43] <ghost92883> ㅋㅋㅋㅋㅋㅋㅋ
[2021-12-10 21:32:43] <@%희__ (sin6671)> ㅋㅋㅋㅋㅋㅋ
[2021-12-10 21:32:43] <truiotyuiyuio> 껄껄
[2021-12-10 21:32:43] <뉴삐삐 (hakjin0324)> ㅋㅋㅋ
[2021-12-10 21:32:43] <shshh183> 극
[2021-12-10 21:32:43] <dagansmn211asdf> 내려갔다
[2021-12-10 21:32:44] <민트초코조앙 (mintchoco_love7)> 극락
[2021-12-10 21:32:44] <ukals0> ㅋㅋㅋㅋㅋㅋㅋㅋㅋ
[2021-12-10 21:32:44] <wjfjskdkckz> ㅋㅋㅋㅋㅋㅋㅋㅋㅋㅋ
[2021-12-10 21:32:44] <ghost92883> ㅋㅋㅋㅋㅋ
[2021-12-10 21:32:44] <호이빠 (abc_efg_)> 극락
[2021-12-10 21:32:44] <북극여우입니다 (www010210)> ?
[2021-12-10 21:32:44] <슈빔이 (shubim2)> 나
[2021-12-10 21:32:44] <고올이 (vattt12)> 극락
[2021-12-10 21:32:44] <ice_kk1> ㅇㅋ
[2021-12-10 21:32:44] <고든학교6이다 (djehdh2426)> ㄴㅇㅅ
[2021-12-10 21:32:45] <우주왕자 (maisy15)> 끝
[2021-12-10 21:32:45] <black_kings11> ㄴㅇㅅ
[2021-12-10 21:32:45] <rngsimin> 내렸닼ㅋㅋㅋㅋㅋ
[2021-12-10 21:32:45] <뷰티풀라이프 (mir7610)> 락
[2021-12-10 21:32:45] <지묭이 (mimi50642524_)> ㄴㅇㅅ
[2021-12-10 21:32:45] <indeok_twitch> 일시정지
[2021-12-10 21:32:46] <maemude> ㄴㅇㅅ
[2021-12-10 21:32:46] <마운틴08 (ks0237)> 락
[2021-12-10 21:32:46] <싸라매요 (jm44439)> ㅋㅋㅋㅋㅋㅋㅋㅋㅋㅋㅋㅋㅋㅋㅋㅋㅋㅋㅋㅋㅋㅋㅋ
[2021-12-10 21:32:46] <limeremontree> ㅋㅋㅋㅋㅋㅋㅋㅋㅋㅋㅋㅋㅋㅋㅋㅋㅋ
[2021-12-10 21:32:46] <ghost92883> ㅋㅋㅋㅋㅋㅋㅋㅋㅋㅋㅋ
[2021-12-10 21:32:46] <dywhd124> 극
[2021-12-10 21:32:46] <슈빔이 (shubim2)> 이스
[2021-12-10 21:32:46] <%눈슬 (nunseul0531)> 극
[2021-12-10 21:32:47] <민트초코조앙 (mintchoco_love7)> 극
[2021-12-10 21:32:47] <오호생성중 (dkpark88)> 이것이 국뽕?
[2021-12-10 21:32:47] <0293829> ?
[2021-12-10 21:32:47] <메이스마운트 (week015)> ㅋㅋㅋㅋㅋㅋㅋㅋㅋㅋㅋㅋㅋㅋ
[2021-12-10 21:32:47] <마운틴08 (ks0237)> 극
[2021-12-10 21:32:47] <호이빠 (abc_efg_)> 락
[2021-12-10 21:32:47] <@%^Nightbot> 갈고리 수집가 아님
[2021-12-10 21:32:47] <오카뤼나 (okatarinao)> 국민체조 만세
[2021-12-10 21:32:47] <eunmilove12> zㅋㅋㅋㅋㅋㅋㅋㅋㅋㅋㅋㅋㅋㅋㅋㅋㅋㅋㅋ-ㅋㅋㅋ
[2021-12-10 21:32:47] <wncy7> 극
[2021-12-10 21:32:47] <qazplm6081> ㅋㅋㅋ
[2021-12-10 21:32:47] <상월1 (rhwlals1129)> ㄴㅇㅅ 국민 체조
[2021-12-10 21:32:47] <wjfjskdkckz> ㄴㅇㄱ
[2021-12-10 21:32:48] <우주왕자 (maisy15)> ㅋㅋㅋㅋ
[2021-12-10 21:32:48] <이리스아퀼라 (sunwon1234)> 끝이네
[2021-12-10 21:32:49] <양아지구독까지1년남음 (leejhyun1220)> ㅅㄱㅂ
[2021-12-10 21:32:49] <%눈슬 (nunseul0531)> 락
[2021-12-10 21:32:49] <shshh183> 극락
[2021-12-10 21:32:49] <라내 (oshyeok56)> ㄱㄷㄱ
[2021-12-10 21:32:49] <뷰티풀라이프 (mir7610)> 극
[2021-12-10 21:32:49] <고든학교6이다 (djehdh2426)> 극
[2021-12-10 21:32:49] <메이스마운트 (week015)> 극
[2021-12-10 21:32:49] <북극여우입니다 (www010210)> ㅋㅋㅋㅋㅋㅋㅋㅋㅋㅋ
[2021-12-10 21:32:49] <어러옿 (cbthdl)> 3분 30초 컷!ㅋㅋㅋㅋㅋㅋㅋㅋㅋㅋㅋ
[2021-12-10 21:32:49] <슈빔이 (shubim2)> 극
[2021-12-10 21:32:49] <dagansmn211asdf> 끝
[2021-12-10 21:32:49] <%눈슬 (nunseul0531)> 극
[2021-12-10 21:32:49] <hiroki0308> ㅈㅈ
[2021-12-10 21:32:50] <마운틴08 (ks0237)> 락락
[2021-12-10 21:32:50] <메이스마운트 (week015)> 락
[2021-12-10 21:32:50] <desprrad> ㅋㅋㅋㅋㅋㅋㅋㅋㅋㅋㅋㅋㅋ
[2021-12-10 21:32:50] <wncy7> 락
[2021-12-10 21:32:50] <black_kings11> 극
[2021-12-10 21:32:50] <고든학교6이다 (djehdh2426)> 락
[2021-12-10 21:32:50] <201joshua> ㅇ하!!!!!!!!!!
[2021-12-10 21:32:50] <달빛하율 (hayul_0723)> ㄴㅇㅅ
[2021-12-10 21:32:51] <뷰티풀라이프 (mir7610)> 락
[2021-12-10 21:32:51] <마운틴08 (ks0237)> 락
[2021-12-10 21:32:51] <슈빔이 (shubim2)> 락
[2021-12-10 21:32:51] <shshh183> 극
[2021-12-10 21:32:51] <wjfjskdkckz> ㄴㅇㅅ
[2021-12-10 21:32:51] <우주왕자 (maisy15)> 끄드
[2021-12-10 21:32:52] <고든학교6이다 (djehdh2426)> 극
[2021-12-10 21:32:52] <rngsimin> 국민체조
[2021-12-10 21:32:52] <마운틴08 (ks0237)> 극
[2021-12-10 21:32:52] <black_kings11> 락
[2021-12-10 21:32:52] <양아지구독까지1년남음 (leejhyun1220)> ㄱ.ㄱ
[2021-12-10 21:32:52] <겜다락 (gamedalock12)> 극
[2021-12-10 21:32:52] <indeok_twitch> 락
[2021-12-10 21:32:53] <wncy7> 극
[2021-12-10 21:32:53] <나와라토끼백짝 (lluunn77)> 극
[2021-12-10 21:32:53] <지묭이 (mimi50642524_)> 극ㄹ락
[2021-12-10 21:32:53] <고든학교6이다 (djehdh2426)> 락
[2021-12-10 21:32:53] <마운틴08 (ks0237)> 락
[2021-12-10 21:32:53] <두디_0619 (jreongmin74857487)> 나이스
[2021-12-10 21:32:53] <달빛하율 (hayul_0723)> 극
[2021-12-10 21:32:53] <shshh183> 락
[2021-12-10 21:32:54] <%dlzpsk> 멘탈이 깨지기 시작ㅋㅋㅋㅋㅋ
[2021-12-10 21:32:54] <ghost92883> ㅋㅋㅋㅋㅋㅋㅋㅋㅋㅋㅋㅋ
[2021-12-10 21:32:55] <마운틴08 (ks0237)> 극
[2021-12-10 21:32:55] <%psy_run> 끝
[2021-12-10 21:32:55] <겜다락 (gamedalock12)> 락
[2021-12-10 21:32:55] <지묭이 (mimi50642524_)> 극락
[2021-12-10 21:32:55] <black_kings11> 극
[2021-12-10 21:32:55] <우주왕자 (maisy15)> 끝
[2021-12-10 21:32:55] <rngsimin> ㅋㅋㅋㅋㅋ
[2021-12-10 21:32:55] <0293829> 락
[2021-12-10 21:32:55] <슈빔이 (shubim2)> 극
[2021-12-10 21:32:55] <나와라토끼백짝 (lluunn77)> 락
[2021-12-10 21:32:55] <wncy7> 락
[2021-12-10 21:32:55] <고든학교6이다 (djehdh2426)> 극락
[2021-12-10 21:32:55] <eunmilove12> ㅋㅋㅋㅋㅋㅋㅋㅋㅋㅋㅋㅋㅋㅋㅋㅋ
[2021-12-10 21:32:56] <초깨비노래시작 (choggebi0music)> 축배를 들어라
[2021-12-10 21:32:56] <지묭이 (mimi50642524_)> 극
[2021-12-10 21:32:56] <마운틴08 (ks0237)> 락
[2021-12-10 21:32:56] <%눈슬 (nunseul0531)> 락
[2021-12-10 21:32:56] <오호생성중 (dkpark88)> 극
[2021-12-10 21:32:56] <양아지구독까지1년남음 (leejhyun1220)> ㄴㅇㅅ
[2021-12-10 21:32:57] <black_kings11> 락
[2021-12-10 21:32:57] <shshh183> 극
[2021-12-10 21:32:57] <고든학교6이다 (djehdh2426)> 그
[2021-12-10 21:32:57] <슈빔이 (shubim2)> 락
[2021-12-10 21:32:57] <201joshua> 극
[2021-12-10 21:32:57] <설빙시러 (dduldduri)> 4분도 못버티넼ㅋㅋㅋㅋㅋㅋㅋㅋㅋㅋ
[2021-12-10 21:32:57] <elol868> 극
[2021-12-10 21:32:57] <지묭이 (mimi50642524_)> 락
[2021-12-10 21:32:57] <%눈슬 (nunseul0531)> 극
[2021-12-10 21:32:58] <wncy7> 극
[2021-12-10 21:32:58] <오호생성중 (dkpark88)> 락
[2021-12-10 21:32:58] <wjfjskdkckz> 극
[2021-12-10 21:32:58] <0293829> 나
[2021-12-10 21:32:58] <슈빔이 (shubim2)> 극
[2021-12-10 21:32:58] <고든학교6이다 (djehdh2426)> 락
[2021-12-10 21:32:59] <지묭이 (mimi50642524_)> 그그
[2021-12-10 21:32:59] <hyeongjun0716> 🤚 손 어갔노
[2021-12-10 21:32:59] <마운틴08 (ks0237)> 극
[2021-12-10 21:32:59] <wncy7> 락
[2021-12-10 21:32:59] <호폐 (hjhhjhcow)> 극
[2021-12-10 21:32:59] <오호생성중 (dkpark88)> ㅣㅡㄱ
[2021-12-10 21:32:59] <%눈슬 (nunseul0531)> 락
[2021-12-10 21:32:59] <shshh183> 락
[2021-12-10 21:32:59] <black_kings11> 극
[2021-12-10 21:32:59] <고올이 (vattt12)> 극
[2021-12-10 21:32:59] <슈빔이 (shubim2)> 락
[2021-12-10 21:32:59] <elol868> 락
[2021-12-10 21:33:00] <1457282> 락
[2021-12-10 21:33:00] <지묭이 (mimi50642524_)> 락
[2021-12-10 21:33:00] <고든학교6이다 (djehdh2426)> 극
[2021-12-10 21:33:00] <kiminjae0506> ㅋㅋㅋㅋㅋㅋㅋ
[2021-12-10 21:33:00] <호폐 (hjhhjhcow)> 락
[2021-12-10 21:33:00] <%눈슬 (nunseul0531)> 극
[2021-12-10 21:33:00] <@%^Nightbot> ㅋㅋㅋㅋㅋㅋㅋㅋㅋ
[2021-12-10 21:33:00] <마운틴08 (ks0237)> 락
[2021-12-10 21:33:00] <민트초코조앙 (mintchoco_love7)> 극락
[2021-12-10 21:33:00] <상월1 (rhwlals1129)> ㄴㅇㅅ 국민체조
[2021-12-10 21:33:01] <wjfjskdkckz> 락
[2021-12-10 21:33:01] <오호생성중 (dkpark88)> 락
[2021-12-10 21:33:01] <black_kings11> 랄
[2021-12-10 21:33:01] <고올이 (vattt12)> 락
[2021-12-10 21:33:01] <%$좀바보 (soverybabo)> 국민체조 ㅋㅋㅋ
[2021-12-10 21:33:01] <지묭이 (mimi50642524_)> 그극라ㅏ
[2021-12-10 21:33:01] <우주왕자 (maisy15)> 님나락
[2021-12-10 21:33:01] <%눈슬 (nunseul0531)> 락
[2021-12-10 21:33:01] <0293829> 극
[2021-12-10 21:33:01] <달빛하율 (hayul_0723)> ㅋㅋㅋㅋㅋㅋㅋㅋㅋㅋ
[2021-12-10 21:33:02] <고든학교6이다 (djehdh2426)> 락
[2021-12-10 21:33:02] <초깨비노래시작 (choggebi0music)> TPFufun
[2021-12-10 21:33:02] <wncy7> 극
[2021-12-10 21:33:02] <깡따후 (gang2979)> 극
[2021-12-10 21:33:02] <kiminjae0506> ㅋㅋㅋㅋㅋㅋㅋㅋㅋㅋㅋㅋㅋㅋㅋㅋ
[2021-12-10 21:33:02] <@%희__ (sin6671)> 아까 풍선때 힘빠짐
[2021-12-10 21:33:02] <shshh183> 극락
[2021-12-10 21:33:02] <elol868> 극
[2021-12-10 21:33:02] <오호생성중 (dkpark88)> 극
[2021-12-10 21:33:02] <1457282> 극
[2021-12-10 21:33:02] <지묭이 (mimi50642524_)> 극
[2021-12-10 21:33:02] <shingunhee1> 극
[2021-12-10 21:33:02] <ice_kk1> 와
[2021-12-10 21:33:03] <truiotyuiyuio> 극
[2021-12-10 21:33:03] <%눈슬 (nunseul0531)> 극
[2021-12-10 21:33:03] <ghost92883> 바로 내려왔쥬~
[2021-12-10 21:33:03] <black_kings11> 극
[2021-12-10 21:33:03] <호폐 (hjhhjhcow)> 극
[2021-12-10 21:33:03] <wjfjskdkckz> 극
[2021-12-10 21:33:03] <마운틴08 (ks0237)> 극락
[2021-12-10 21:33:03] <wncy7> 락
[2021-12-10 21:33:03] <지묭이 (mimi50642524_)> 락
[2021-12-10 21:33:04] <%눈슬 (nunseul0531)> 락
[2021-12-10 21:33:04] <오호생성중 (dkpark88)> 락
[2021-12-10 21:33:04] <%스스럼없이스스로섰소 (june20020)> 국민체조 용자여..
[2021-12-10 21:33:04] <깡따후 (gang2979)> 락
[2021-12-10 21:33:04] <elol868> 락
[2021-12-10 21:33:04] <shingunhee1> 락
[2021-12-10 21:33:04] <우주왕자 (maisy15)> 나락
[2021-12-10 21:33:05] <싸라매요 (jm44439)> 극
[2021-12-10 21:33:05] <호폐 (hjhhjhcow)> 락
[2021-12-10 21:33:05] <shshh183> 극
[2021-12-10 21:33:05] <%눈슬 (nunseul0531)> 극
[2021-12-10 21:33:05] <지묭이 (mimi50642524_)> ㄱ극
[2021-12-10 21:33:05] <고든학교6이다 (djehdh2426)> 극
[2021-12-10 21:33:05] <wjfjskdkckz> 락
[2021-12-10 21:33:05] <wncy7> 극
[2021-12-10 21:33:05] <오호생성중 (dkpark88)> 극
[2021-12-10 21:33:06] <201joshua> 락
[2021-12-10 21:33:06] <곰파잉 (qqpp2207)> 극락
[2021-12-10 21:33:06] <%눈슬 (nunseul0531)> 락
[2021-12-10 21:33:06] <지묭이 (mimi50642524_)> 락
[2021-12-10 21:33:06] <black_kings11> 락
[2021-12-10 21:33:06] <어러옿 (cbthdl)> 국민체조 캐리 ㅋㅋㅋㅋ
[2021-12-10 21:33:06] <wncy7> 락
[2021-12-10 21:33:06] <eunmilove12> 극락 ㅋㅋㅋㅋㅋㅋㅋㅋㅋㅋㅋㅋㅋㅋㅋㅋㅋㅋㅋㅋ
[2021-12-10 21:33:07] <Harry0203poby> 극
[2021-12-10 21:33:07] <고든학교6이다 (djehdh2426)> 락
[2021-12-10 21:33:07] <뉴삐삐 (hakjin0324)> 극
[2021-12-10 21:33:07] <%눈슬 (nunseul0531)> 극
[2021-12-10 21:33:07] <dagansmn211asdf> 자 잠옷 벗자
[2021-12-10 21:33:08] <깡따후 (gang2979)> 극
[2021-12-10 21:33:08] <리중용 (koprabbit)> 극
[2021-12-10 21:33:08] <wjfjskdkckz> 극
[2021-12-10 21:33:08] <shshh183> 락
[2021-12-10 21:33:08] <지묭이 (mimi50642524_)> 극락
[2021-12-10 21:33:08] <마운틴08 (ks0237)> 극락그가
[2021-12-10 21:33:08] <%눈슬 (nunseul0531)> 락
[2021-12-10 21:33:08] <만인의첫사랑 (teseuteud)> 락
[2021-12-10 21:33:08] <고든학교6이다 (djehdh2426)> 극
[2021-12-10 21:33:08] <주현식 (qpt2002s)> 벗자
[2021-12-10 21:33:08] <wncy7> 극
[2021-12-10 21:33:09] <black_kings11> 극
[2021-12-10 21:33:09] <hiroki0308> 극
[2021-12-10 21:33:09] <리중용 (koprabbit)> 락
[2021-12-10 21:33:09] <호이빠 (abc_efg_)> ㅋㅋㅋㅋㅋㅋ
[2021-12-10 21:33:09] <지묭이 (mimi50642524_)> 극
[2021-12-10 21:33:09] <pokemongogogogog> 극
[2021-12-10 21:33:09] <두디_0619 (jreongmin74857487)> 나이뜨
[2021-12-10 21:33:09] <%눈슬 (nunseul0531)> 극
[2021-12-10 21:33:10] <wncy7> 락
[2021-12-10 21:33:10] <우주왕자 (maisy15)> 나
[2021-12-10 21:33:10] <salliber> ㅋㅋㅋㅋㅋㅋㅋㅋㅋㅋㅋㅋㅋ
[2021-12-10 21:33:10] <고든학교6이다 (djehdh2426)> 락
[2021-12-10 21:33:10] <eunmilove12> ㅋㅋㅋㅋㅋ
[2021-12-10 21:33:10] <wjfjskdkckz> 락
[2021-12-10 21:33:10] <지묭이 (mimi50642524_)> 락
[2021-12-10 21:33:10] <마운틴08 (ks0237)> 그
[2021-12-10 21:33:10] <@%^Nightbot> ㅋㅋㅋㅋㅋㅋㅋ
[2021-12-10 21:33:10] <hiroki0308> 락
[2021-12-10 21:33:10] <만인의첫사랑 (teseuteud)> 극
[2021-12-10 21:33:10] <칼스테드 (ssh259)> aoo5Kuk aoo5Rak
[2021-12-10 21:33:11] <black_kings11> 락
[2021-12-10 21:33:11] <초깨비노래시작 (choggebi0music)> 극
[2021-12-10 21:33:11] <달빛하율 (hayul_0723)> 국민체조 시작!
[2021-12-10 21:33:11] <truiotyuiyuio> 락
[2021-12-10 21:33:11] <지묭이 (mimi50642524_)> 극
[2021-12-10 21:33:12] <우주왕자 (maisy15)> 락
[2021-12-10 21:33:12] <Harry0203poby> ㅅ낙
[2021-12-10 21:33:12] <마운틴08 (ks0237)> 극
[2021-12-10 21:33:12] <깡따후 (gang2979)> 아주 칭찬해
[2021-12-10 21:33:12] <hayubin11141005> 극
[2021-12-10 21:33:12] <민트초코조앙 (mintchoco_love7)> ㅋㅋㅋㅋ
[2021-12-10 21:33:12] <%눈슬 (nunseul0531)> 락
[2021-12-10 21:33:12] <elol868> 극
[2021-12-10 21:33:12] <지묭이 (mimi50642524_)> 락
[2021-12-10 21:33:13] <만인의첫사랑 (teseuteud)> 락
[2021-12-10 21:33:13] <hiroki0308> ㅈㅈ
[2021-12-10 21:33:13] <초깨비노래시작 (choggebi0music)> 락
[2021-12-10 21:33:13] <시라사유 (godwls9595)> ㅋㅋㅋㅋㅋ
[2021-12-10 21:33:13] <마운틴08 (ks0237)> 랄
[2021-12-10 21:33:13] <%한갱개돼지육수블루오시연 (sorktkfkdgksmsdgol)> 극
[2021-12-10 21:33:13] <wjfjskdkckz> 극
[2021-12-10 21:33:13] <즐거운나그네 (jisunwooo)> 낄낄낄
[2021-12-10 21:33:14] <닉넴을생각중 (slrspa0212)> 당신은 신이야!!
[2021-12-10 21:33:14] <elol868> 락
[2021-12-10 21:33:14] <고든학교6이다 (djehdh2426)> 극
[2021-12-10 21:33:14] <Harry0203poby> 락
[2021-12-10 21:33:14] <hayubin11141005> 락
[2021-12-10 21:33:15] <dywhd124> 락
[2021-12-10 21:33:15] <난습이 (hung0023110)> 저희는 몰라요
[2021-12-10 21:33:15] <메이스마운트 (week015)> 영웅이다
[2021-12-10 21:33:15] <북극여우입니다 (www010210)> ㅋㅋㅋㅋㅋㅋㅋㅋㅋㅋㅋㅋ
[2021-12-10 21:33:16] <elol868> 극
[2021-12-10 21:33:16] <wjfjskdkckz> 락
[2021-12-10 21:33:16] <shshh183> 빨리 ㄱㄱ
[2021-12-10 21:33:16] <고든학교6이다 (djehdh2426)> 락
[2021-12-10 21:33:16] <wncy7> 벗읍시다
[2021-12-10 21:33:16] <만인의첫사랑 (teseuteud)> 극
[2021-12-10 21:33:17] <kiminjae0506> 돈은 받아서 좋지 않아요?
[2021-12-10 21:33:17] <black_kings11> 극
[2021-12-10 21:33:17] <rngsimin> 화났다 ㅋㅋㅋㅋㅋ
[2021-12-10 21:33:17] <라내 (oshyeok56)> 누군지는 모르지만 감사합니다
[2021-12-10 21:33:17] <elol868> 락
[2021-12-10 21:33:17] <hayubin11141005> 극
[2021-12-10 21:33:18] <마운틴08 (ks0237)> 락
[2021-12-10 21:33:18] <고든학교6이다 (djehdh2426)> ㅋ
[2021-12-10 21:33:18] <%$좀바보 (soverybabo)> 국민체조 갓 ㅋㅋㅋ
[2021-12-10 21:33:18] <dywhd124> 극
[2021-12-10 21:33:18] <eunmilove12> 내려왔쥬
[2021-12-10 21:33:19] <black_kings11> 락
[2021-12-10 21:33:19] <indeok_twitch> 랙
[2021-12-10 21:33:20] <지묭이 (mimi50642524_)> 극락.
[2021-12-10 21:33:20] <201joshua> ㅋㅋㅋㅋㅋㅋㅋㅋㅋㅋ
[2021-12-10 21:33:20] <elol868> 극락
[2021-12-10 21:33:20] <고든학교6이다 (djehdh2426)> 극
[2021-12-10 21:33:21] <wjfjskdkckz> 극락
[2021-12-10 21:33:21] <hayubin11141005> 락
[2021-12-10 21:33:21] <지묭이 (mimi50642524_)> 극락
[2021-12-10 21:33:22] <wncy7> 극
[2021-12-10 21:33:22] <대문대문동 (shhsrtg1234)> 극
[2021-12-10 21:33:22] <고든학교6이다 (djehdh2426)> 락
[2021-12-10 21:33:22] <indeok_twitch> 극
[2021-12-10 21:33:22] <truiotyuiyuio> 극락극락
[2021-12-10 21:33:22] <black_kings11> 극
[2021-12-10 21:33:23] <고올이 (vattt12)> ㅋㅋㅋㅋㅋ
[2021-12-10 21:33:23] <지묭이 (mimi50642524_)> 극락!
[2021-12-10 21:33:23] <wncy7> 락
[2021-12-10 21:33:23] <고든학교6이다 (djehdh2426)> 극
[2021-12-10 21:33:23] <%스스럼없이스스로섰소 (june20020)> 일단 옷부터
[2021-12-10 21:33:23] <hayubin11141005> 극
[2021-12-10 21:33:23] <wjfjskdkckz> 극
[2021-12-10 21:33:24] <메이스마운트 (week015)> 극
[2021-12-10 21:33:24] <windlion79> 자 이제 벗자
[2021-12-10 21:33:24] <민트초코조앙 (mintchoco_love7)> 극락
[2021-12-10 21:33:24] <고든학교6이다 (djehdh2426)> 락
[2021-12-10 21:33:25] <black_kings11> 락
[2021-12-10 21:33:25] <메이스마운트 (week015)> 락
[2021-12-10 21:33:25] <음피 (rpfus123)> 한명이 다 살렸구먼
[2021-12-10 21:33:25] <난습이 (hung0023110)> 믿고있었다고~!!
[2021-12-10 21:33:25] <오호생성중 (dkpark88)> 그는신이야!그는신이야!그는신이야!그는신이야!그는신이야!
[2021-12-10 21:33:25] <지묭이 (mimi50642524_)> 극락~~
[2021-12-10 21:33:26] <wjfjskdkckz> 락
[2021-12-10 21:33:26] <hayubin11141005> 락
[2021-12-10 21:33:26] <나와라토끼백짝 (lluunn77)> 극
[2021-12-10 21:33:26] <깡따후 (gang2979)> 진행시켜
[2021-12-10 21:33:27] <black_kings11> 극
[2021-12-10 21:33:27] <고올이 (vattt12)> 극락이네 ㅋㅋㅋ
[2021-12-10 21:33:27] <kiminjae0506> 나
[2021-12-10 21:33:27] <고든학교6이다 (djehdh2426)> 극락
[2021-12-10 21:33:27] <지묭이 (mimi50642524_)> 극락~
[2021-12-10 21:33:28] <나와라토끼백짝 (lluunn77)> 락
[2021-12-10 21:33:28] <eunmilove12> ㅋㅋㅋㅋㅋㅋㅋㅋㅋㅋ
[2021-12-10 21:33:28] <pokemongogogogog> ㅌㅌㅌ
[2021-12-10 21:33:28] <티뉴0910 (tenewyoutube)> 락
[2021-12-10 21:33:28] <두디_0619 (jreongmin74857487)> 오히려좋아
[2021-12-10 21:33:28] <kiminjae0506> 락
[2021-12-10 21:33:28] <black_kings11> 락
[2021-12-10 21:33:28] <물대포_하마 (ha14368)> 누군지는 몰라도 그사람은 영웅이야
[2021-12-10 21:33:29] <고든학교6이다 (djehdh2426)> 극
[2021-12-10 21:33:29] <지묭이 (mimi50642524_)> 극락!!!
[2021-12-10 21:33:29] <wjfjskdkckz> 극락
[2021-12-10 21:33:29] <민트초코조앙 (mintchoco_love7)> 극락극락
[2021-12-10 21:33:30] <black_kings11> 극
[2021-12-10 21:33:30] <hayubin11141005> 극
[2021-12-10 21:33:30] <고든학교6이다 (djehdh2426)> 락
[2021-12-10 21:33:31] <상월1 (rhwlals1129)> ㅋㅋㅋ
[2021-12-10 21:33:31] <%한갱개돼지육수블루오시연 (sorktkfkdgksmsdgol)> 조와요조와요
[2021-12-10 21:33:31] <@%^Nightbot> ㅋㅋㅋㅋㅋ
[2021-12-10 21:33:31] <나비0001 (you011217)> 극
[2021-12-10 21:33:31] <%psy_run> 사나이는 끝까지 묻고 가는거다
[2021-12-10 21:33:31] <kongso0n> 극
[2021-12-10 21:33:32] <black_kings11> 락
[2021-12-10 21:33:33] <whitenarn_fan0909> 극
[2021-12-10 21:33:33] <오호생성중 (dkpark88)> 그는신이야
[2021-12-10 21:33:33] <%$좀바보 (soverybabo)> 운동회때 매일 듣던 노래 ㅋㅋㅋ
[2021-12-10 21:33:33] <hayubin11141005> 락
[2021-12-10 21:33:33] <물대포_하마 (ha14368)> 그는 신이야
[2021-12-10 21:33:33] <주현식 (qpt2002s)> 멋자
[2021-12-10 21:33:33] <kongso0n> 락
[2021-12-10 21:33:33] <ghost92883> 찐 누구냐 ㅋㅋㅋㅋㅋㅋㅋㅋㅋㅋㅋㅋ
[2021-12-10 21:33:34] <나와라토끼백짝 (lluunn77)> 극락극락
[2021-12-10 21:33:34] <whitenarn_fan0909> 락
[2021-12-10 21:33:35] <201joshua> 감사합니다 영웅님
[2021-12-10 21:33:35] <지묭이 (mimi50642524_)> 락
[2021-12-10 21:33:36] <wjfjskdkckz> 극
[2021-12-10 21:33:36] <kongso0n> 극
[2021-12-10 21:33:36] <hayubin11141005> 극
[2021-12-10 21:33:36] <dagansmn211asdf> 숨겨라
[2021-12-10 21:33:37] <kongso0n> 락
[2021-12-10 21:33:37] <koonikun> 굳잡이요
[2021-12-10 21:33:37] <0371175> 하나 어어어어ㅓㄱ
[2021-12-10 21:33:38] <초깨비노래시작 (choggebi0music)> 국민체조 역시
[2021-12-10 21:33:38] <wjfjskdkckz> 락
[2021-12-10 21:33:39] <hayubin11141005> 락
[2021-12-10 21:33:39] <지묭이 (mimi50642524_)> 락.
[2021-12-10 21:33:39] <이리스아퀼라 (sunwon1234)> 극락인가요
[2021-12-10 21:33:40] <나와라토끼백짝 (lluunn77)> 랄
[2021-12-10 21:33:41] <kongso0n> 극
[2021-12-10 21:33:41] <달빛하율 (hayul_0723)> 영상 못 보낸다고 한 룰은 없었어유 ㅋㅋㅋ
[2021-12-10 21:33:42] <악마에요 (dkrakdpdy)> 극
[2021-12-10 21:33:42] <초깨비노래시작 (choggebi0music)> 고전명작
[2021-12-10 21:33:42] <kongso0n> 락
[2021-12-10 21:33:42] <salliber> 락
[2021-12-10 21:33:42] <dagansmn211asdf> 채팅 올려
[2021-12-10 21:33:43] <hayubin11141005> 극
[2021-12-10 21:33:45] <고올이 (vattt12)> 극
[2021-12-10 21:33:46] <주현식 (qpt2002s)> 벗자
[2021-12-10 21:33:46] <hayubin11141005> 락
[2021-12-10 21:33:46] <고든학교6이다 (djehdh2426)> ㄴㅇㅅ!!!!!!!!!!
[2021-12-10 21:33:46] <wjfjskdkckz> 극
[2021-12-10 21:33:47] <즐거운나그네 (jisunwooo)> 낄낄
[2021-12-10 21:33:47] <민트초코조앙 (mintchoco_love7)> 극락
[2021-12-10 21:33:47] <고올이 (vattt12)> 락
[2021-12-10 21:33:48] <깡따후 (gang2979)> 짜증나도 할건 해야죠
[2021-12-10 21:33:48] <물대포_하마 (ha14368)> 이제 벗고 춤추면 될거 같아요
[2021-12-10 21:33:49] <wjfjskdkckz> 락
[2021-12-10 21:33:49] <악마에요 (dkrakdpdy)> 극락
[2021-12-10 21:33:51] <dywhd124> 드가자
[2021-12-10 21:33:52] <ice_kk1> ㄴㅇㅅ
[2021-12-10 21:33:52] <오호생성중 (dkpark88)> 그는신이야 그는신이야 그는신이야 그는신이야 그는신이야 그는신이야 그는신이야 그는신이야 그는신이야 그는신이야 그는신이야 그는신이야 그는신이야 그는신이야 그는
[2021-12-10 21:33:53] <ghost92883> 국민체조 국룰이지
[2021-12-10 21:33:53] <악마에요 (dkrakdpdy)> 락
[2021-12-10 21:33:53] <북극여우입니다 (www010210)> ㅋㅋㅋㅋㅋㅋㅋㅋㅋㅋ
[2021-12-10 21:33:55] <고올이 (vattt12)> 국민체조는 치트키네 ㅋㅋ
[2021-12-10 21:33:56] <%한갱개돼지육수블루오시연 (sorktkfkdgksmsdgol)> 너무 좋네요
[2021-12-10 21:33:56] <민트초코조앙 (mintchoco_love7)> 극
[2021-12-10 21:33:56] <악마에요 (dkrakdpdy)> 극락
[2021-12-10 21:33:58] <주현식 (qpt2002s)> 빨리 벗자
[2021-12-10 21:34:00] <민트초코조앙 (mintchoco_love7)> 락
[2021-12-10 21:34:02] <고든학교6이다 (djehdh2426)> 벗자
[2021-12-10 21:34:02] <즐거운나그네 (jisunwooo)> 극락
[2021-12-10 21:34:04] <지묭이 (mimi50642524_)> 극라극락그그라가르그가르가르가르가ㅡㄹ가ㅡㄹ
[2021-12-10 21:34:05] <wncy7> 와!
[2021-12-10 21:34:06] <wncy7> 극락
[2021-12-10 21:34:07] <wjfjskdkckz> 그는 젠짜 신이였어..
[2021-12-10 21:34:07] <ice_kk1> 치트 ㅋㅋㅋ
[2021-12-10 21:34:07] <양현서ㅎ (yanghyunseo1)> 극락
[2021-12-10 21:34:08] <상월1 (rhwlals1129)> ㅋㅋ
[2021-12-10 21:34:08] <두디_0619 (jreongmin74857487)> 국민체조는 신이야
[2021-12-10 21:34:10] <Harry0203poby> 벗어
[2021-12-10 21:34:10] <qweiopcv> SeemsGood
[2021-12-10 21:34:11] <%스스럼없이스스로섰소 (june20020)> 춤 13개 전부 다?
[2021-12-10 21:34:11] <wjfjskdkckz> ㅋㅋㅋ
[2021-12-10 21:34:11] <@%^Nightbot> ㅋㅋㅋㅋㅋ
[2021-12-10 21:34:13] <hyeongjun0716> 말이 많아ㅠ
[2021-12-10 21:34:13] <즐거운나그네 (jisunwooo)> 이것이 극락이다
[2021-12-10 21:34:15] <이리스아퀼라 (sunwon1234)> !업타임
[2021-12-10 21:34:15] <@%^빵_떡 (bbangddeock)> 방송 시간 : 3시간 51분 32초
[2021-12-10 21:34:15] <@%^Nightbot> 방송시간: 3시간 51분 32초
[2021-12-10 21:34:16] <고올이 (vattt12)> !업타임
[2021-12-10 21:34:16] <주현식 (qpt2002s)> 빨리 멋자
[2021-12-10 21:34:16] <지묭이 (mimi50642524_)> 극락극락극락극락극락극락극락극락
[2021-12-10 21:34:20] <indeok_twitch> 락락락
[2021-12-10 21:34:23] <elol868> 극락
[2021-12-10 21:34:23] <qweiopcv> 그락
[2021-12-10 21:34:24] <고올이 (vattt12)> 3시간 51분이네여
[2021-12-10 21:34:25] <dagansmn211asdf> 제로투 추자
[2021-12-10 21:34:26] <초깨비노래시작 (choggebi0music)> 갑시다..
[2021-12-10 21:34:28] <지묭이 (mimi50642524_)> 로투제?
[2021-12-10 21:34:31] <sbin80622> 큰거온다
[2021-12-10 21:34:31] <qweiopcv> 극락
[2021-12-10 21:34:33] <두디_0619 (jreongmin74857487)> 오케이 레츠고오
[2021-12-10 21:34:35] <pokemongogogogog> 앙카
[2021-12-10 21:34:35] <wjfjskdkckz> 국민체조는 진짜 신이야
[2021-12-10 21:34:38] <즐거운나그네 (jisunwooo)> 이것이 극락이다 절망편
[2021-12-10 21:34:38] <indeok_twitch> 제O2
[2021-12-10 21:34:41] <이리스아퀼라 (sunwon1234)> 제로투가 시작이군여
[2021-12-10 21:34:41] <고올이 (vattt12)> 켕
[2021-12-10 21:34:42] <지묭이 (mimi50642524_)> 국민체조의 힘
[2021-12-10 21:34:43] <elol868> 오우오우
[2021-12-10 21:34:44] <고올이 (vattt12)> 넹
[2021-12-10 21:34:44] <지묭이 (mimi50642524_)> 그는 신이다
[2021-12-10 21:34:45] <@%^빵_떡 (bbangddeock)> She can't speak English. Please use Korean.
[2021-12-10 21:34:45] <@%^빵_떡 (bbangddeock)> 안녕하세요 총야에요..! 헤헤 새로오신 유입분들 팔로우 한번씩 해주시고 유튭 디코방 인스타 팬카페까지 놀러와주세요 찡긋★
[2021-12-10 21:34:45] <주현식 (qpt2002s)> 일단 벗자
[2021-12-10 21:34:47] <두디_0619 (jreongmin74857487)> 오케이 레츠고옹
[2021-12-10 21:34:49] <%dlzpsk> 잠옷은요?
[2021-12-10 21:34:50] <어러옿 (cbthdl)> 갓민체조 크
[2021-12-10 21:34:53] <호폐 (hjhhjhcow)> ㅋㅋㅋㅋㅋㅋㅋㅋ
[2021-12-10 21:34:55] <minseonggim59> 그것을 하는 것인가
[2021-12-10 21:34:56] <ghost92883> 이것이 국민체조
[2021-12-10 21:34:56] <dagansmn211asdf> 극락
[2021-12-10 21:34:56] <black_kings11> 벗고하자
[2021-12-10 21:34:56] <고올이 (vattt12)> 이제는 극락바뀌지 ㅎㅎ
[2021-12-10 21:34:56] <pokemongogogogog> 극
[2021-12-10 21:34:59] <민트초코조앙 (mintchoco_love7)> 이게 국민체조다
[2021-12-10 21:34:59] <어묵트위치 (tbbbears)> 벗죠?
[2021-12-10 21:35:00] <상월1 (rhwlals1129)> 하나 둘 셋 넷
[2021-12-10 21:35:02] <elol868> 그는 신이야
[2021-12-10 21:35:02] <철권하는뭉뭉이 (dltmddnjs1002)> ㅗㅜㅑ
[2021-12-10 21:35:03] <슈빔이 (shubim2)> 두
[2021-12-10 21:35:04] <dagansmn211asdf> 그는 신이다
[2021-12-10 21:35:04] <슈빔이 (shubim2)> 구
[2021-12-10 21:35:05] <뷰티풀라이프 (mir7610)> 극
[2021-12-10 21:35:06] <슈빔이 (shubim2)> 두
[2021-12-10 21:35:06] <%$불루론 (fireluelon0371)> ㅋㅋㅋㅋㅋㅋㅋㅋ
[2021-12-10 21:35:07] <dywhd124> 극
[2021-12-10 21:35:07] <201joshua> 총야 속마음:나~락
[2021-12-10 21:35:09] <슈빔이 (shubim2)> 구
[2021-12-10 21:35:10] <고든학교6이다 (djehdh2426)> 국민(체조)의힘
[2021-12-10 21:35:10] <뷰티풀라이프 (mir7610)> 락
[2021-12-10 21:35:13] <주현식 (qpt2002s)> 스타킹도 벗자
[2021-12-10 21:35:14] <Harry0203poby> 옷은여
[2021-12-10 21:35:17] <두디_0619 (jreongmin74857487)> ㅗㅜㅑ
[2021-12-10 21:35:21] <wjfjskdkckz> 역시 국민체조
[2021-12-10 21:35:23] <lxz200015> what are u doing
[2021-12-10 21:35:25] <닉넴을생각중 (slrspa0212)> 왜 벗어..
[2021-12-10 21:35:26] <철권하는뭉뭉이 (dltmddnjs1002)> 스타킹은 있어야
[2021-12-10 21:35:27] <고올이 (vattt12)> ㅗㅜㅑ
[2021-12-10 21:35:27] <hyeongjun0716> 일단
[2021-12-10 21:35:28] <elol868> ㅗㅜㅑ
[2021-12-10 21:35:32] <wjfjskdkckz> ㅗㅜㅑ
[2021-12-10 21:35:34] <달빛하율 (hayul_0723)> 누구냐? 국민체조 보낸사람.. 박수 보내야겠다!!
[2021-12-10 21:35:35] <즐거운나그네 (jisunwooo)> 준비하시고
[2021-12-10 21:35:37] <파카와함께치키차 (112aa112)> 극락이네요
[2021-12-10 21:35:37] <yjh1022> 킹민체조
[2021-12-10 21:35:48] <고올이 (vattt12)> 치트키체조 ㅋ
[2021-12-10 21:35:48] <포에부스 (gjr135)> 큰거온다
[2021-12-10 21:35:48] <슈빔이 (shubim2)> 두
[2021-12-10 21:35:50] <sbin80622> ㅋㄱㅇㄷ
[2021-12-10 21:35:50] <슈빔이 (shubim2)> 구
[2021-12-10 21:35:51] <지묭이 (mimi50642524_)> 쏘세요!!!!!!!!!
[2021-12-10 21:35:53] <indeok_twitch> ㅗㅜㅑ
[2021-12-10 21:35:54] <Harry0203poby> 오히려 좋아
[2021-12-10 21:35:56] <wertyUFO> 국민체조 시작 하나 둘 셋 넷 다섯 여섯 일곱 여덜
[2021-12-10 21:35:56] <이리스아퀼라 (sunwon1234)> 메이드복?
[2021-12-10 21:35:57] <초깨비노래시작 (choggebi0music)> 극락
[2021-12-10 21:35:58] <고든학교6이다 (djehdh2426)> 와!!!!!!!
[2021-12-10 21:35:59] <파카와함께치키차 (112aa112)> 캬
[2021-12-10 21:36:00] <dlsel3212> ㅗㅜㅑ
[2021-12-10 21:36:00] <dagansmn211asdf> ㅗㅜㅑ
[2021-12-10 21:36:00] <이리스아퀼라 (sunwon1234)> 아니넹
[2021-12-10 21:36:01] <dlalstjr2939> ResidentSleeper Kreygasm
[2021-12-10 21:36:02] <두디_0619 (jreongmin74857487)> 큰거온다
[2021-12-10 21:36:04] <백나른펜 (nagassayoung)> ㅗㅜㅑ
[2021-12-10 21:36:04] <@%희__ (sin6671)> ㅗㅜㅑ
[2021-12-10 21:36:05] <이리스아퀼라 (sunwon1234)> 극락
[2021-12-10 21:36:05] <고든학교6이다 (djehdh2426)> 눈나 예뻐요!!!!!
[2021-12-10 21:36:05] <두디_0619 (jreongmin74857487)> 해으응
[2021-12-10 21:36:06] <오호생성중 (dkpark88)> ㅗㅜㅑ
[2021-12-10 21:36:07] <tea_dak> Kreygasm Kreygasm
[2021-12-10 21:36:07] <고올이 (vattt12)> ㅗㅜㅑ
[2021-12-10 21:36:07] <sbin80622> ㅁㄷ ㅈ된다
[2021-12-10 21:36:07] <지묭이 (mimi50642524_)> ㅗㅜㅑ
[2021-12-10 21:36:09] <wncy7> WA!
[2021-12-10 21:36:09] <지묭이 (mimi50642524_)> ㅗㅜㅑㅑㅑ
[2021-12-10 21:36:10] <오호생성중 (dkpark88)> ㅗㅜㅑ.
[2021-12-10 21:36:10] <주현식 (qpt2002s)> 스타킹 벗자자자
[2021-12-10 21:36:10] <호이빠 (abc_efg_)> ㅗㅜㅑ
[2021-12-10 21:36:10] <truiotyuiyuio> ㅗㅜㅑ
[2021-12-10 21:36:11] <개구리1027 (tyweids)> 와
[2021-12-10 21:36:11] <hayubin11141005> ㅗㅜㅑ
[2021-12-10 21:36:12] <wjfjskdkckz> 와...
[2021-12-10 21:36:12] <두디_0619 (jreongmin74857487)> ㅗㅜㅑ
[2021-12-10 21:36:12] <마운틴08 (ks0237)> ㅗㅜㅑ
[2021-12-10 21:36:13] <dagansmn211asdf> 콜이 방송 방해하자
[2021-12-10 21:36:13] <xd0zz> ㅗㅜㅑ
[2021-12-10 21:36:13] <호폐 (hjhhjhcow)> ㅗㅜㅑ
[2021-12-10 21:36:14] <고문ㄱ (janjinsu37)> ㅎㅇ
[2021-12-10 21:36:15] <고든학교6이다 (djehdh2426)> 기모링
[2021-12-10 21:36:15] <dlalstjr2939> SeemsGood SeemsGood SeemsGood SeemsGood SeemsGood SeemsGood SeemsGood SeemsGood SeemsGood
[2021-12-10 21:36:15] BITS: AnAnonymousCheerer (100)
[2021-12-10 21:36:15] <AnAnonymousCheerer> Anon100
[2021-12-10 21:36:17] <이리스아퀼라 (sunwon1234)> ㄹㅇㅋㅋ
[2021-12-10 21:36:19] <사천이사 (ysay111)> 뭐야 이거 정지아님?
[2021-12-10 21:36:21] <truiotyuiyuio> 와
[2021-12-10 21:36:21] <총야바라기_밥단미 (alstlswwo)> !규칙
[2021-12-10 21:36:21] <@%^Nightbot> 욕설X 선넘X 타스언급X 친목X 반말X 시청자수 언급X 정치X 성희롱X 타이밍 맞지 않는 방종언급X 나이포함 신상정보X 얼공X 어그로X 종교X 도배X 재촉X
[2021-12-10 21:36:23] <elol868> ㅗㅜㅑ
[2021-12-10 21:36:25] <물대포_하마 (ha14368)> 헤으으응
[2021-12-10 21:36:26] <dagansmn211asdf> ㅋㅋㅋㅋㅋ
[2021-12-10 21:36:26] <@%^Nightbot> ㅋㅋㅋㅋㅋㅋㅋ
[2021-12-10 21:36:27] <indeok_twitch> ㅗㅜㅑ
[2021-12-10 21:36:34] <물대포_하마 (ha14368)> 눈나 나 죽어~~~~
[2021-12-10 21:36:34] <qweiopcv> ㅋㅋㅋ
[2021-12-10 21:36:35] <@%^Nightbot> ㅋㅋㅋㅋㅋ
[2021-12-10 21:36:37] <_와니탱이_ (kamking0823)> 헤으응
[2021-12-10 21:36:47] <hyeongjun0716> 캠 좀만 올리면
[2021-12-10 21:36:50] <kpkp445> 와
[2021-12-10 21:37:04] <truiotyuiyuio> !규칙
[2021-12-10 21:37:04] <@%^Nightbot> 욕설X 선넘X 타스언급X 친목X 반말X 시청자수 언급X 정치X 성희롱X 타이밍 맞지 않는 방종언급X 나이포함 신상정보X 얼공X 어그로X 종교X 도배X 재촉X
[2021-12-10 21:37:12] <악마에요 (dkrakdpdy)> 극락
[2021-12-10 21:37:12] <달빛하율 (hayul_0723)> 화이팅 총야!! 과연 오늘은 체력이 버틸 수 있을지 ㅋㅋㅋ
[2021-12-10 21:37:16] <kiminjae0506> ㅋㅋㅋㅋ
[2021-12-10 21:37:18] <kiminjae0506> ㅋㅋㅋㅋㅋㅋㅋㅋㅋ
[2021-12-10 21:37:20] <rngsimin> 와
[2021-12-10 21:37:20] <truiotyuiyuio> 헤으응
[2021-12-10 21:37:21] <고올이 (vattt12)> ㅋㅋㅋ
[2021-12-10 21:37:21] <@%^Nightbot> ㅋㅋㅋㅋㅋ
[2021-12-10 21:37:22] <hayubin11141005> !명령어
[2021-12-10 21:37:22] <@%^Nightbot> !rules !구독 !규칙 !깻잎 !나무위키 !나이 !남친 !다보이는캠 !도네 !돈통 !돌림판 !디코 !룰렛 !멤버 !명령어 !무료도네 !방송 !방종 !배꼽 !별명 !본명 !사양 !생일 !시그니처 !앉음 !얼공 !운동 !유튜브 !이름 !인스타 !정면캠 !첫방송 !촌냥이 !총야2 !춤목록 !콜야 !키 !투네 !트수 !트위터 !트윕 !팬카페 !폰기종 !후원 귀여워 댕청 우냐 찡긋 총돼야지 총바야보
[2021-12-10 21:37:22] <@%^빵_떡 (bbangddeock)> https://bbang.unripesoft.com/command.php?streamer=ju10506
[2021-12-10 21:37:24] <고올이 (vattt12)> 극락
[2021-12-10 21:37:24] <우주왕자 (maisy15)> 이게 춤이야....ㅡ?ㅋㅋㅋㅋㅋㅋㅋㅋ
[2021-12-10 21:37:25] <kim6150> !
[2021-12-10 21:37:28] <탁토시 (leeesseeuunnggjjaaee)> ㅋㅋㅋㅋ
[2021-12-10 21:37:37] <슈빔이 (shubim2)> !다보이는캠
[2021-12-10 21:37:37] <@%^Nightbot> 방송실 다 보인다, 지문까지 다 보인다는 뜻
[2021-12-10 21:37:40] <탁토시 (leeesseeuunnggjjaaee)> 와 꼬리
[2021-12-10 21:37:43] <kim6150> 섹소폰매직
[2021-12-10 21:37:53] <truiotyuiyuio> !명령어
[2021-12-10 21:37:53] <@%^빵_떡 (bbangddeock)> https://bbang.unripesoft.com/command.php?streamer=ju10506
[2021-12-10 21:37:53] <@%^Nightbot> !rules !구독 !규칙 !깻잎 !나무위키 !나이 !남친 !다보이는캠 !도네 !돈통 !돌림판 !디코 !룰렛 !멤버 !명령어 !무료도네 !방송 !방종 !배꼽 !별명 !본명 !사양 !생일 !시그니처 !앉음 !얼공 !운동 !유튜브 !이름 !인스타 !정면캠 !첫방송 !촌냥이 !총야2 !춤목록 !콜야 !키 !투네 !트수 !트위터 !트윕 !팬카페 !폰기종 !후원 귀여워 댕청 우냐 찡긋 총돼야지 총바야보
[2021-12-10 21:37:54] <dagansmn211asdf> ㅗㅜㅑ
[2021-12-10 21:37:55] <민트초코조앙 (mintchoco_love7)> 내가 이거보려고 1시간은 아니여도 가까이 시간 투자했다..시험기간인데..ㅎㅎ
[2021-12-10 21:38:02] <dagansmn211asdf> 헤으응
[2021-12-10 21:38:04] <hayubin11141005> !별명
[2021-12-10 21:38:05] <@%^Nightbot> 촌야,깻야
[2021-12-10 21:38:05] <@%희__ (sin6671)> !총야춤릴레이 ㅗㅜㅑ 짱짱짱
[2021-12-10 21:38:07] <wjfjskdkckz> ㅗㅜㅑ
[2021-12-10 21:38:11] <나와라토끼백짝 (lluunn77)> 우냐
[2021-12-10 21:38:12] <@%^Nightbot> ju1050Sad ju1050Sad ju1050Sad ju1050Sad ju1050Sad ju1050Sad ju1050Sad ju1050Sad ju1050Sad
[2021-12-10 21:38:13] <@%희__ (sin6671)> !총야춤릴레이 ㅗㅜㅑ 짱짱짱!총야춤릴레이 ㅗㅜㅑ 짱짱짱!총야춤릴레이 ㅗㅜㅑ 짱짱짱!총야춤릴레이 ㅗㅜㅑ 짱짱짱!총야춤릴레이 ㅗㅜㅑ 짱짱짱!총야춤릴레이 ㅗㅜㅑ 짱짱짱!총야춤릴레이 ㅗㅜㅑ 짱짱짱!총야춤릴레이 ㅗㅜㅑ 짱짱짱!총야춤릴레이 ㅗㅜㅑ 짱짱짱!총야춤릴레이 ㅗㅜㅑ 짱짱짱
[2021-12-10 21:38:13] <김성현일겁니다 (sksjmend)> 앗흥?
[2021-12-10 21:38:14] <슈빔이 (shubim2)> !후원
[2021-12-10 21:38:14] <@%^Nightbot> https://twip.kr/ju10506
[2021-12-10 21:38:14] <hayubin11141005> !실명
[2021-12-10 21:38:14] <kim6150> 스타킹 찢어졌네
[2021-12-10 21:38:28] <호이빠 (abc_efg_)> !남친
[2021-12-10 21:38:28] <@%^Nightbot> 없음 님들도 여친 없음
[2021-12-10 21:38:32] <marossi91> MercyWing1 <3 <3 MercyWing2
[2021-12-10 21:38:36] <주현식 (qpt2002s)> 스타킹 벗자
[2021-12-10 21:38:39] <windlion79> 오늘도 수고했어. 즐거운 주말 보내고 행복하길 바라
[2021-12-10 21:38:41] <elol868> !얼공
[2021-12-10 21:38:41] <@%^Nightbot> 평균시청자 5000명시 예정
[2021-12-10 21:38:49] <truiotyuiyuio> ***
[2021-12-10 21:38:52] <설빙시러 (dduldduri)> !사이즈
[2021-12-10 21:38:53] <달빛하율 (hayul_0723)> !나이
[2021-12-10 21:38:53] <냉면0113 (atsing0113)> 와ㅏㅏㅏㅏㅏㅑ
[2021-12-10 21:38:53] <@%^Nightbot> 1001살
[2021-12-10 21:38:57] <good5609> !다보이는캠
[2021-12-10 21:38:57] <@%^Nightbot> 방송실 다 보인다, 지문까지 다 보인다는 뜻
[2021-12-10 21:38:58] <할리퀸즈_루시퍼 (rhksdn__9228)> 나죽네 ㄱㄲ
[2021-12-10 21:39:00] <할리퀸즈_루시퍼 (rhksdn__9228)> ㅋㄷㅋㄷ
[2021-12-10 21:39:01] <고든학교6이다 (djehdh2426)> 와
[2021-12-10 21:39:01] <wjfjskdkckz> 와ㅏㅏㅏㅏㅏㅏㅏㅏ
[2021-12-10 21:39:02] <truiotyuiyuio> !명령어
[2021-12-10 21:39:02] <@%^Nightbot> !rules !구독 !규칙 !깻잎 !나무위키 !나이 !남친 !다보이는캠 !도네 !돈통 !돌림판 !디코 !룰렛 !멤버 !명령어 !무료도네 !방송 !방종 !배꼽 !별명 !본명 !사양 !생일 !시그니처 !앉음 !얼공 !운동 !유튜브 !이름 !인스타 !정면캠 !첫방송 !촌냥이 !총야2 !춤목록 !콜야 !키 !투네 !트수 !트위터 !트윕 !팬카페 !폰기종 !후원 귀여워 댕청 우냐 찡긋 총돼야지 총바야보
[2021-12-10 21:39:02] <@%^빵_떡 (bbangddeock)> https://bbang.unripesoft.com/command.php?streamer=ju10506
[2021-12-10 21:39:04] <dagansmn211asdf> 안 죽어
[2021-12-10 21:39:04] <어러옿 (cbthdl)> 아직도 타이머 5분 남았어 ㅋㅋㅋㅋ
[2021-12-10 21:39:04] <@%희__ (sin6671)> 아쉽
[2021-12-10 21:39:04] <냉면0113 (atsing0113)> ㅋㅋㅋㅋㅋㅋㅋ
[2021-12-10 21:39:05] <@%^Nightbot> ㅋㅋㅋㅋㅋㅋㅋㅋㅋ
[2021-12-10 21:39:08] <고문ㄱ (janjinsu37)> !!!!!!!
[2021-12-10 21:39:08] <고올이 (vattt12)> 그정도로 안죽어요 킿ㅎ
[2021-12-10 21:39:10] <shildapple> 뭐지?
[2021-12-10 21:39:11] <악마에요 (dkrakdpdy)> !사이즈
[2021-12-10 21:39:14] <나는탈모입니다 (dlqudgml0307)> ㅋㅋㅋㅋㅋㅋㅋ
[2021-12-10 21:39:16] <gusdh0721> 3분할 말고 그냥 해줘
[2021-12-10 21:39:17] <고든학교6이다 (djehdh2426)> 와하하핫
[2021-12-10 21:39:17] <kim6150> !
[2021-12-10 21:39:20] <할리퀸즈_루시퍼 (rhksdn__9228)> 사람은 쉽게 안죽습니다 ㅋㅋ
[2021-12-10 21:39:20] <달빛하율 (hayul_0723)> 저질체력 총야..
[2021-12-10 21:39:21] <%한갱개돼지육수블루오시연 (sorktkfkdgksmsdgol)> 뭐야 스타킹 ㅗㅜㅑ
[2021-12-10 21:39:24] <@%희__ (sin6671)> 벌써끝
[2021-12-10 21:39:26] <악마에요 (dkrakdpdy)> !명령어
[2021-12-10 21:39:26] <@%^Nightbot> !rules !구독 !규칙 !깻잎 !나무위키 !나이 !남친 !다보이는캠 !도네 !돈통 !돌림판 !디코 !룰렛 !멤버 !명령어 !무료도네 !방송 !방종 !배꼽 !별명 !본명 !사양 !생일 !시그니처 !앉음 !얼공 !운동 !유튜브 !이름 !인스타 !정면캠 !첫방송 !촌냥이 !총야2 !춤목록 !콜야 !키 !투네 !트수 !트위터 !트윕 !팬카페 !폰기종 !후원 귀여워 댕청 우냐 찡긋 총돼야지 총바야보
[2021-12-10 21:39:26] <@%^빵_떡 (bbangddeock)> https://bbang.unripesoft.com/command.php?streamer=ju10506
[2021-12-10 21:39:30] <dagansmn211asdf> 사람 쉽게 언죽어요
[2021-12-10 21:39:31] <설빙시러 (dduldduri)> !나무위키
[2021-12-10 21:39:31] <@%^Nightbot> https://namu.wiki/w/%EC%B4%9D%EC%95%BC
[2021-12-10 21:39:31] <kim6150> 스타킹 찢어졌네
[2021-12-10 21:39:34] <주현식 (qpt2002s)> 스타킹 찢어졌는데 벗자
[2021-12-10 21:39:34] <dlalstjr2939> 화이팅
[2021-12-10 21:39:36] <고올이 (vattt12)> 결국엔 저희가 해냈습니다
[2021-12-10 21:39:39] <애플비숑 (lion1404)> !유튜브
[2021-12-10 21:39:39] <@%^Nightbot> https://www.youtube.com/channel/UC3xo2rKjuxhhUK5lyDFBbSQ?view_as=subscriber
[2021-12-10 21:39:44] <dagansmn211asdf> 사람 쉽게 안 죽어요
[2021-12-10 21:39:45] <@%^빵_떡 (bbangddeock)> She can't speak English. Please use Korean.
[2021-12-10 21:39:45] <@%^빵_떡 (bbangddeock)> 안녕하세요 총야에요..! 헤헤 새로오신 유입분들 팔로우 한번씩 해주시고 유튭 디코방 인스타 팬카페까지 놀러와주세요 찡긋★
[2021-12-10 21:39:47] <KanyeWest6974> !남친
[2021-12-10 21:39:48] <@%^Nightbot> 없음 님들도 여친 없음
[2021-12-10 21:39:53] <고올이 (vattt12)> ㅋㅋㅋㅋ
[2021-12-10 21:39:55] <나와라토끼백짝 (lluunn77)> !깻잎
[2021-12-10 21:39:55] <%건설중들어와 (rjstjfwndemfdjdhk)> 오닛 슨생님 하툐 가능일까용 ㅇㅅㅇ
[2021-12-10 21:39:55] <@%^Nightbot> 배꼽가리개 (인조나뭇잎)
[2021-12-10 21:39:59] <고올이 (vattt12)> 갓민체조
[2021-12-10 21:40:01] <army07> !본명
[2021-12-10 21:40:01] <@%^Nightbot> 정은빈입니다
[2021-12-10 21:40:02] <ghost92883> 국민체조 ㅋㅋㅋㅋㅋㅋㅋㅋㅋㅋㅋ
[2021-12-10 21:40:06] <kim6150> 스타킹 찢어졌던데
[2021-12-10 21:40:07] <koonikun> 와우...
[2021-12-10 21:40:08] <주현식 (qpt2002s)> 끝?
[2021-12-10 21:40:09] <어러옿 (cbthdl)> 아직도 4분남았는데 버틴다구여?ㅋㅋㅋㅋ
[2021-12-10 21:40:10] <이리스아퀼라 (sunwon1234)> 총야님 귤 먹었나요
[2021-12-10 21:40:10] <나와라토끼백짝 (lluunn77)> !배꼽
[2021-12-10 21:40:10] <@%^Nightbot> 배꼽은 정지 위험이있어서  총야의 펫인 깻야로 가리고있습니다:)
[2021-12-10 21:40:11] <민트초코조앙 (mintchoco_love7)> 총야님이 우리위해서 한번 져주신거야!
[2021-12-10 21:40:11] <wjfjskdkckz> 갓민체조다 ㄷㄷㄷ
[2021-12-10 21:40:14] <고올이 (vattt12)> 국민체조을 버텨야죠
[2021-12-10 21:40:19] <ukals0> ㄱㄱㄱㄱㄱㄱ
[2021-12-10 21:40:22] <@%희__ (sin6671)> 대박  ㅗㅜㅑ신박한총야패션코스기대하셔도 됩니다
[2021-12-10 21:40:25] <아트_0 (aztra_0)> !나이
[2021-12-10 21:40:25] <@%^Nightbot> 1001살
[2021-12-10 21:40:26] <rttysg1> 스타킹 찟어 졌대요
[2021-12-10 21:40:27] <%세쿠시론냥이 (lkj0454)> 이야 ㅋㅋㅋㅋㅋ
[2021-12-10 21:40:28] <포에부스 (gjr135)> !디코
[2021-12-10 21:40:28] <@%^Nightbot> https://discord.gg/zJxHUrq
[2021-12-10 21:40:29] <총야바라기_밥단미 (alstlswwo)> 그거 위험쓰..
[2021-12-10 21:40:29] <주현식 (qpt2002s)> 보여줘봐
[2021-12-10 21:40:32] <kingbnee> 냠
[2021-12-10 21:40:33] <shshh183> ㄱㄱ
[2021-12-10 21:40:34] <koonikun> ㅗㅜㅑ
[2021-12-10 21:40:38] <desprrad> 오늘은 배꼽 안가리시네 ㅋㅋㅋ
[2021-12-10 21:40:39] <_와니탱이_ (kamking0823)> !디코방
[2021-12-10 21:40:40] <고올이 (vattt12)> 이미봤습니다
[2021-12-10 21:40:42] <물먹는꼬부기 (zlzlzlzl59)> !디코
[2021-12-10 21:40:42] <@%^Nightbot> https://discord.gg/zJxHUrq
[2021-12-10 21:40:42] <총야바라기_밥단미 (alstlswwo)> 정지위험있으요
[2021-12-10 21:40:43] <초깨비노래시작 (choggebi0music)> 너무좋던데요
[2021-12-10 21:40:44] <kim6150> 디코방 우째드가ㅇᆢㅡ!
[2021-12-10 21:40:44] <%스스럼없이스스로섰소 (june20020)> 에이 핫팬츠가 그것보다 기니까 ㄱㅊ
[2021-12-10 21:40:46] <고올이 (vattt12)> ㅗㅜㅑ 하던데요?
[2021-12-10 21:40:50] <desprrad> 잘 보이는데요 ㅋㅋㅋㅋ
[2021-12-10 21:40:56] <개구리1027 (tyweids)> !디코
[2021-12-10 21:40:56] <@%^Nightbot> https://discord.gg/zJxHUrq
[2021-12-10 21:41:03] <냉면0113 (atsing0113)> 와
[2021-12-10 21:41:10] <고올이 (vattt12)> 일단 공갬20분 남았습니다
[2021-12-10 21:41:13] <@%희__ (sin6671)> 내일 수영복 핫팬츠 ㅗㅜㅑ 후끈 화끈 기대 왕창 두구두구두구 !!!!!!!!
[2021-12-10 21:41:15] <주현식 (qpt2002s)> 스타킹 벗자
[2021-12-10 21:41:17] <kree8055> !디코
[2021-12-10 21:41:17] <@%^Nightbot> https://discord.gg/zJxHUrq
[2021-12-10 21:41:17] <rttysg1> 총야님을위해 디코 깔았어요
[2021-12-10 21:41:19] <%스스럼없이스스로섰소 (june20020)> 네 그럼 알아서 안올 사람 안오는걸루
[2021-12-10 21:41:20] <%메카제로 (ansgkdbs1202)> 내일은 옷벗기에서
[2021-12-10 21:41:23] <%건설중들어와 (rjstjfwndemfdjdhk)> 기본하툐도 ㅇㅅㅇ
[2021-12-10 21:41:24] <rttysg1> 20분뒤
[2021-12-10 21:41:24] <%메카제로 (ansgkdbs1202)> 나락이 10배는 되겠네요
[2021-12-10 21:41:25] <@%희__ (sin6671)> 총야2에서 곰겜ㄷㄷㄷ하십니다!
[2021-12-10 21:41:30] <고올이 (vattt12)> 기달릴께요 ㅎ
[2021-12-10 21:41:30] <%dlzpsk> 방송 못끄겠는데요
[2021-12-10 21:41:31] <북극여우입니다 (www010210)> 공겜 뭐인가요?
[2021-12-10 21:41:31] <@%희__ (sin6671)> 내일 수영복 핫팬츠 ㅗㅜㅑ 후끈 화끈 기대 왕창 두구두구두구 !!!!!!!!
[2021-12-10 21:41:33] <%스스럼없이스스로섰소 (june20020)> 푹쉬다 오세요^^
[2021-12-10 21:41:37] <나는탈모입니다 (dlqudgml0307)> ㅋㅋㅋㅋㅋㅋㅋㅋ
[2021-12-10 21:41:39] <나는탈모입니다 (dlqudgml0307)> 화이팅
[2021-12-10 21:41:41] <%메카제로 (ansgkdbs1202)> 총야2로 호스팅보내죠 ㅋㅋ
[2021-12-10 21:41:41] <냉면0113 (atsing0113)> 그때는 저는암살되있을거에요
[2021-12-10 21:41:41] <@%희__ (sin6671)> 내일 수영복 핫팬츠 ㅗㅜㅑ 후끈 화끈 기대 왕창 두구두구두구 !!!!!!!!
[2021-12-10 21:41:42] <kim6150> 디코방에 끝말잇기밖에 없는데요!
[2021-12-10 21:41:44] <총야바라기_밥단미 (alstlswwo)> 총바
[2021-12-10 21:41:46] <kim6150> 어ㅢ서봐여!
[2021-12-10 21:41:46] <고올이 (vattt12)> 쉬다 오셔요 ㅎㅎ
[2021-12-10 21:41:48] <총야바라기_밥단미 (alstlswwo)> ㅋㅋㅋㅋ
[2021-12-10 21:41:53] <kim6150> 어디서봐여?
[2021-12-10 21:41:54] <@%희__ (sin6671)> 내일 수영복 핫팬츠 ㅗㅜㅑ 후끈 화끈 기대 왕창 두구두구두구 !!!!!!!!
[2021-12-10 21:41:56] <wishdoctor06> ㅋ
[2021-12-10 21:42:03] <%스스럼없이스스로섰소 (june20020)> !총야 2
[2021-12-10 21:42:09] <@%희__ (sin6671)> !총야2
[2021-12-10 21:42:09] <@%^Nightbot> 총야의 게임전용 부계정입니다 .2021년7월21일 총야2 첫방송입니다.
[2021-12-10 21:42:14] <북극여우입니다 (www010210)> 무슨 공겜 이에요?
[2021-12-10 21:42:14] <주현식 (qpt2002s)> 몇시에해요? 내일?
[2021-12-10 21:42:15] <@%희__ (sin6671)> 내일 수영복 핫팬츠 ㅗㅜㅑ 후끈 화끈 기대 왕창 두구두구두구 !!!!!!!!
[2021-12-10 21:42:17] <kim6150> 디코방에 끝말잇기밖에 없던데 어디서봐요!
[2021-12-10 21:42:21] <상월1 (rhwlals1129)> 저거 클립이에요?
[2021-12-10 21:42:23] <@%희__ (sin6671)> 내일 수영복 핫팬츠 ㅗㅜㅑ 후끈 화끈 기대 왕창 두구두구두구 !!!!!!!!
[2021-12-10 21:42:28] <총야바라기_밥단미 (alstlswwo)> 파피플레이타임입니다
[2021-12-10 21:42:31] <@%희__ (sin6671)> 내일 수영복 핫팬츠 ㅗㅜㅑ 후끈 화끈 기대 왕창 두구두구두구 !!!!!!!!
[2021-12-10 21:42:36] <jungjuho> 내일 방송 몇시?
[2021-12-10 21:42:38] <초깨비노래시작 (choggebi0music)> 미리 감사합니다
[2021-12-10 21:42:43] <kim6150> 그방 링크좀 보내주세요ㅠㅠㅠㅠㅠ
[2021-12-10 21:42:48] <@%희__ (sin6671)> !방송
[2021-12-10 21:42:49] <@%^Nightbot> 월~토 오후 5시~6시  (일요일 휴뱡)
[2021-12-10 21:42:50] <고올이 (vattt12)> 총바?
[2021-12-10 21:42:51] <총야바라기_밥단미 (alstlswwo)> !디스코드
[2021-12-10 21:42:52] <총야_겨_만세 (kim776822)> !디코
[2021-12-10 21:42:52] <@%^Nightbot> https://discord.gg/zJxHUrq
[2021-12-10 21:42:52] <북극여우입니다 (www010210)> !디코
[2021-12-10 21:42:54] <주현식 (qpt2002s)> 수고하셨습돠^^
[2021-12-10 21:42:56] <@%희__ (sin6671)> 내일 수영복 핫팬츠 ㅗㅜㅑ 후끈 화끈 기대 왕창 두구두구두구 !!!!!!!!
[2021-12-10 21:42:56] <dhtmsds12> 하루 한마디방이 어디있지??
[2021-12-10 21:43:01] <suprnewbie> !디코
[2021-12-10 21:43:01] <@%^Nightbot> https://discord.gg/zJxHUrq
[2021-12-10 21:43:03] <총야바라기_밥단미 (alstlswwo)> 총바~~
[2021-12-10 21:43:06] <고든학교6이다 (djehdh2426)> 끝말잇기방 밖에 없는데요?
[2021-12-10 21:43:09] <고올이 (vattt12)> 총바
[2021-12-10 21:43:12] <jaemin0910> 총바
[2021-12-10 21:43:15] <@%희__ (sin6671)> 내일 수영복 핫팬츠 ㅗㅜㅑ 후끈 화끈 기대 왕창 두구두구두구 !!!!!!!!
[2021-12-10 21:43:20] <민트초코조앙 (mintchoco_love7)> 총바
[2021-12-10 21:43:21] <김셋피 (setpy_)> 총바
[2021-12-10 21:43:28] <나와라토끼백짝 (lluunn77)> 총바
[2021-12-10 21:43:29] <kim6150> 나만 끝말잇기밖에 안떠ㅠㅠ?
[2021-12-10 21:43:32] [Info] Now hosting 콜야.
[2021-12-10 21:43:38] <나는탈모입니다 (dlqudgml0307)> 총바
[2021-12-10 21:43:43] <치후 (gkstkfak77)> 아?
[2021-12-10 21:43:48] <치후 (gkstkfak77)> 방금 왔는디?
[2021-12-10 21:43:52] <곰파잉 (qqpp2207)> ㅋㅋㅋㅋ
[2021-12-10 21:43:52] <울트라젓소 (ultracocos)> 어어라?
[2021-12-10 21:43:55] <kim6150> 나만디코 끝말잇기밖에 안보여요ㅠㅠ!
[2021-12-10 21:43:57] <desprrad> ㅋㅋㅋ
[2021-12-10 21:43:57] <@%^Nightbot> ㅋㅋㅋㅋㅋ
[2021-12-10 21:43:57] <주현식 (qpt2002s)> 안녕하세요
[2021-12-10 21:43:57] <kim6150> ?
[2021-12-10 21:43:57] <@%^Nightbot> 갈고리 수집가 아님
[2021-12-10 21:44:13] <개구리1027 (tyweids)> !유튜브
[2021-12-10 21:44:13] <@%^Nightbot> https://www.youtube.com/channel/UC3xo2rKjuxhhUK5lyDFBbSQ?view_as=subscriber
[2021-12-10 21:44:13] <세이지아 (newhanzo)> 나하
[2021-12-10 21:44:31] <울트라젓소 (ultracocos)> 나 저기에서 들어가서 해야겠네
[2021-12-10 21:44:35] <주현식 (qpt2002s)> 여행이다
[2021-12-10 21:44:45] <@%^빵_떡 (bbangddeock)> She can't speak English. Please use Korean.
[2021-12-10 21:44:45] <@%^빵_떡 (bbangddeock)> 안녕하세요 총야에요..! 헤헤 새로오신 유입분들 팔로우 한번씩 해주시고 유튭 디코방 인스타 팬카페까지 놀러와주세요 찡긋★
[2021-12-10 21:44:50] <kim6150> !디코
[2021-12-10 21:44:50] <@%^Nightbot> https://discord.gg/zJxHUrq
[2021-12-10 21:45:08] <할만한세카뿅이카이브 (bjdyrksu)> 오늘  공포게임 마이쮸 괴물 나오는 게임
[2021-12-10 21:45:15] <할만한세카뿅이카이브 (bjdyrksu)> 곰 포겜 ㅋㅋㅋ
[2021-12-10 21:45:39] <lukepar0430> 방종이예요?
[2021-12-10 21:46:06] <할만한세카뿅이카이브 (bjdyrksu)> ㅋㅋㅋ
[2021-12-10 21:46:06] <@%^Nightbot> ㅋㅋㅋㅋㅋ
[2021-12-10 21:46:11] <$luckyson> 여기 총야방 맞아요?
[2021-12-10 21:46:22] <할만한세카뿅이카이브 (bjdyrksu)> 레이드 호스팅 하고 런 ???
[2021-12-10 21:47:03] <주현식 (qpt2002s)> 옷 벗으면 안되요?
[2021-12-10 21:47:07] <10색크레파스 (0z139)> 총하
[2021-12-10 21:47:08] <@%^Nightbot> 10색크레파스 님 총하! 보러와주셔서 고마워요!
[2021-12-10 21:47:10] ~Stream offline~
[2021-12-10 21:49:19] You have left #ju10506
[2021-12-10 21:49:19] Viewerstats (21:20-21:44): avg:2,250 min:1,854 max:2,462 [13/2,462-145+0-202+0+0+117+0+181+0+0-160-399_]
# Log closed: 2021-12-10 21:49:19 +0900
-
