# Log started: 2021-12-10 19:35:09 +0900
[2021-12-10 19:35:09] #lo_ve_u 채널 입장 중입니다
[2021-12-10 19:35:09] #lo_ve_u 채널에 입장했습니다
[2021-12-10 19:35:09] ~소통해요....♥ (Just Chatting)~
[2021-12-10 19:35:21] <%채리단_텐츈 (alsrl4942)> ㅋㅋㅋㅋㅋㅋㅋㅋㅋㅋ
[2021-12-10 19:35:37] <%세쿠시론냥이 (lkj0454)> 호에엥
[2021-12-10 19:35:47] <%채리단_텐츈 (alsrl4942)> 하겠어요
[2021-12-10 19:35:49] <%채리단_텐츈 (alsrl4942)> ㅋㅋㅋㅋㅋㅋㅋ
[2021-12-10 19:36:00] <%세쿠시론냥이 (lkj0454)> ㅋㅋㅋㅋㅋㅋㅋㅋㅋ
[2021-12-10 19:36:03] <%채리_노칼로스 (nokalloss)> 선을 넘는다는 표현이
[2021-12-10 19:36:04] <%채리단_텐츈 (alsrl4942)> 근데 막상
[2021-12-10 19:36:06] <%채리_노칼로스 (nokalloss)> 외국에도 있을려나
[2021-12-10 19:36:08] <%채리단_텐츈 (alsrl4942)> 질문 할려고하면
[2021-12-10 19:36:15] <%채리단_텐츈 (alsrl4942)> 기억이 안나
[2021-12-10 19:36:26] <%chocats23> oh I see=^._.^= ∫
[2021-12-10 19:36:36] <%채리_노칼로스 (nokalloss)> 그런 의미로
[2021-12-10 19:36:43] <%채리_노칼로스 (nokalloss)> 나무위키에 적을 만한 항목좀
[2021-12-10 19:36:44] <%채리_노칼로스 (nokalloss)> 만들어 줘요 사장님
[2021-12-10 19:36:48] <@%^빵_떡 (bbangddeock)> 어서오세요 와주셔서 고마워요오늘두 재밌게 놀아욤 !°˖✧◝(⁰▿⁰)◜✧˖°
[2021-12-10 19:36:48] <%채리_노칼로스 (nokalloss)> 저 심심해요
[2021-12-10 19:36:56] <%채리_노칼로스 (nokalloss)> 아직 안했엉
[2021-12-10 19:36:58] <%채리단_텐츈 (alsrl4942)> ㅋㅋㅋㅋㅋㅋㅋㅋㅋㅋㅋㅋㅋㅋㅋㅋㅋㅋㅋㅋㅋ
[2021-12-10 19:37:05] <%세쿠시론냥이 (lkj0454)> ㅋㅋㅋㅋㅋㅋㅋㅋㅋㅋㅋㅋ
[2021-12-10 19:37:06] <%채리단_텐츈 (alsrl4942)> 허허
[2021-12-10 19:37:09] <%채리_노칼로스 (nokalloss)> 방송에 그거
[2021-12-10 19:37:11] <%타이더 (dkqkffhs)> ㅋㅋㅋㅋㅋㅋ
[2021-12-10 19:37:11] <%채리단_텐츈 (alsrl4942)> 삐삐삐
[2021-12-10 19:37:12] <%채리_노칼로스 (nokalloss)> 사용하면
[2021-12-10 19:37:13] <%채리단_텐츈 (alsrl4942)> 거짓입니다
[2021-12-10 19:37:15] <%채리_노칼로스 (nokalloss)> 그때 집어넣을려고
[2021-12-10 19:37:23] <%세쿠시론냥이 (lkj0454)> 나... 좋아했구나...!
[2021-12-10 19:37:39] <%채리_노칼로스 (nokalloss)> 그래서 그거 말곤 없나욤!
[2021-12-10 19:37:40] <%채리단_텐츈 (alsrl4942)> 그레겡
[2021-12-10 19:37:43] <%채리단_텐츈 (alsrl4942)> 그러겡
[2021-12-10 19:37:50] <%채리단_텐츈 (alsrl4942)> 기대중
[2021-12-10 19:37:51] <%채리_노칼로스 (nokalloss)> 우움
[2021-12-10 19:38:13] <%채리단_텐츈 (alsrl4942)> 담주에 작업 후딱끝네고
[2021-12-10 19:38:15] <%채리단_텐츈 (alsrl4942)> 빨리 와야지
[2021-12-10 19:38:19] <%채리_노칼로스 (nokalloss)> 나무위키도
[2021-12-10 19:38:22] <%채리_노칼로스 (nokalloss)> 글 쓴 사람 한텐
[2021-12-10 19:38:26] <%채리단_텐츈 (alsrl4942)> 한 2월?
[2021-12-10 19:38:30] <%채리_노칼로스 (nokalloss)> 몇명이 봤는지
[2021-12-10 19:38:33] <%채리_노칼로스 (nokalloss)> 보여 줬으면 좋겠당
[2021-12-10 19:38:34] <%채리단_텐츈 (alsrl4942)> 그것만 하는게 아니여
[2021-12-10 19:39:00] <%채리_노칼로스 (nokalloss)> 고마우면 채로채로 "해줘"
[2021-12-10 19:39:01] <%채리단_텐츈 (alsrl4942)> 그게 끝이야
[2021-12-10 19:39:04] <%채리단_텐츈 (alsrl4942)> ㅋㅋㅋㅋㅋㅋㅋㅋㅋㅋㅋㅋ
[2021-12-10 19:39:11] <%채리단_텐츈 (alsrl4942)> 무슨 요리를해
[2021-12-10 19:39:13] <%채리벚꽃 (somtree_)> 호엥
[2021-12-10 19:39:15] <%chocats23> ;o
[2021-12-10 19:39:24] <%채리단_텐츈 (alsrl4942)> ㅋㅋㅋㅋㅋㅋㅋㅋㅋㅋㅋㅋㅋ
[2021-12-10 19:39:26] <%chocats23> @채리단_텐츈 her birthday?
[2021-12-10 19:39:30] <%채리단_텐츈 (alsrl4942)> 미안하면 채로채로
[2021-12-10 19:39:32] <%채리_노칼로스 (nokalloss)> 미안하다구만 하지 말구 "해줘"!
[2021-12-10 19:39:46] <%채리단_텐츈 (alsrl4942)> ㅋㅋㅋㅋㅋㅋㅋ
[2021-12-10 19:39:47] <%타이더 (dkqkffhs)> 오
[2021-12-10 19:39:48] <%채리단_텐츈 (alsrl4942)> nono
[2021-12-10 19:40:01] <%타이더 (dkqkffhs)> 발렌타인하고 3일 차이!!!
[2021-12-10 19:40:04] <%chocats23> oh:O
[2021-12-10 19:40:28] <%채리단_텐츈 (alsrl4942)> ㅋㅋㅋㅋㅋㅋㅋㅋ
[2021-12-10 19:40:38] <%세쿠시론냥이 (lkj0454)> ㅋㅋㅋㅋㅋㅋㅋㅋㅋㅋ
[2021-12-10 19:40:41] <%채리_노칼로스 (nokalloss)> 발렌타인때도
[2021-12-10 19:40:46] <%채리_노칼로스 (nokalloss)> 촤퀄렛 이벤트 하나욤
[2021-12-10 19:40:54] <%chocats23> nods
[2021-12-10 19:40:57] <%세쿠시론냥이 (lkj0454)> d빼기 3 ㅋㅋㅋㅋㅋㅋㅋ
[2021-12-10 19:40:59] <%chocats23> get double choclates:D
[2021-12-10 19:41:19] <%채리단_텐츈 (alsrl4942)> ㅋㅋㅋㅋㅋ
[2021-12-10 19:41:19] <%타이더 (dkqkffhs)> 그때쯤이면 채티꺼야가 되어있겠군...
[2021-12-10 19:41:28] <%채리_노칼로스 (nokalloss)> 그런 의미로 채티 내일쯤이면 15000팔이구만
[2021-12-10 19:41:33] <%타이더 (dkqkffhs)> 수제 초콜릿이라니!!!!
[2021-12-10 19:41:39] <%채리단_텐츈 (alsrl4942)> 그때 그럼
[2021-12-10 19:41:45] <%채리단_텐츈 (alsrl4942)> 소원권하고 같은
[2021-12-10 19:41:47] <%채리단_텐츈 (alsrl4942)> 확률로
[2021-12-10 19:41:49] <%채리단_텐츈 (alsrl4942)> 룰렛 어때?
[2021-12-10 19:41:52] <%타이더 (dkqkffhs)> 그때도 도네만 잘하면 되죠
[2021-12-10 19:42:04] <%채리_노칼로스 (nokalloss)> 나 지금 채티꺼 몇%더라
[2021-12-10 19:42:11] <%타이더 (dkqkffhs)> !팔로워
[2021-12-10 19:42:11] <@%^빵_떡 (bbangddeock)> 이 채널에 팔로워는 총 14,897명입니다.
[2021-12-10 19:42:12] <%채리_노칼로스 (nokalloss)> 89%네
[2021-12-10 19:42:37] <%채리_노칼로스 (nokalloss)> ?
[2021-12-10 19:42:38] <@%^빵_떡 (bbangddeock)> bbangd1Un
[2021-12-10 19:42:41] <%채리_노칼로스 (nokalloss)> 아 투네 괜히 썻네
[2021-12-10 19:42:46] <%채리단_텐츈 (alsrl4942)> ㅋㅋㅋㅋㅋㅋㅋㅋㅋ
[2021-12-10 19:42:50] <%채리_노칼로스 (nokalloss)> 투네에 충전한거 트윕에 했으면 오늘 90% 채웠었네
[2021-12-10 19:42:54] <%세쿠시론냥이 (lkj0454)> ㅋㅋㅋㅋㅋㅋㅋㅋㅋ
[2021-12-10 19:43:19] <%채리_노칼로스 (nokalloss)> 누누히 말하지만
[2021-12-10 19:43:22] <%chocats23> almost 15k followers =^._.^= ∫
[2021-12-10 19:43:22] <%세쿠시론냥이 (lkj0454)> 넹넹
[2021-12-10 19:43:25] <%채리_노칼로스 (nokalloss)> 고마우면 애교 한번 "해줘"
[2021-12-10 19:43:27] <%세쿠시론냥이 (lkj0454)> 없어요...ㅠㅠ
[2021-12-10 19:43:37] <%타이더 (dkqkffhs)> 그런식으.로 하면 저는 안전하게  수제 초콜릿을 가질수있겠네요..
[2021-12-10 19:43:48] <%세쿠시론냥이 (lkj0454)> 오래봤던 스트리머는 그런거 안하고...
[2021-12-10 19:43:52] <%타이더 (dkqkffhs)> 제가 트위치를 떠나지 않는 이상....
[2021-12-10 19:43:53] <%채리_노칼로스 (nokalloss)> 채티는 맨날 그런식이야!!!
[2021-12-10 19:43:58] <%세쿠시론냥이 (lkj0454)> 한 4년 됬는데요... 없네요 ㅠㅠ
[2021-12-10 19:44:02] <%채리_노칼로스 (nokalloss)> 내가 뭐만 부탁 하면 미안하데!!!
[2021-12-10 19:44:05] <%세쿠시론냥이 (lkj0454)> ㅋㅋㅋㅋㅋㅋㅋㅋㅋㅋㅋㅋ
[2021-12-10 19:44:21] <%세쿠시론냥이 (lkj0454)> 고등학교때부터 봐서
[2021-12-10 19:44:32] <%채리단_텐츈 (alsrl4942)> ㅋㅋㅋㅋㅋㅋㅋㅋㅋ
[2021-12-10 19:44:36] <%채리단_텐츈 (alsrl4942)> 그걸 왜
[2021-12-10 19:44:36] <%세쿠시론냥이 (lkj0454)> ㅋㅋㅋㅋㅋㅋㅋㅋㅋㅋㅋ
[2021-12-10 19:44:38] <%채리단_텐츈 (alsrl4942)> 계산해
[2021-12-10 19:44:39] <%채리단_텐츈 (alsrl4942)> ㅋㅋㅋㅋㅋㅋㅋㅋㅋㅋㅋㅋ
[2021-12-10 19:44:42] <%채리_노칼로스 (nokalloss)> 이걸 계산하네
[2021-12-10 19:44:44] <%세쿠시론냥이 (lkj0454)> 군대 전역할 나이요 ㅎㅎ
[2021-12-10 19:44:45] <%채리_노칼로스 (nokalloss)> 누가 신상털이 전문 아니랄까봐
[2021-12-10 19:44:52] <%채리단_텐츈 (alsrl4942)> 이렇게 또 한명의
[2021-12-10 19:44:53] <%세쿠시론냥이 (lkj0454)> 괜찮아요 ㅋㅋㅋㅋㅋㅋㅋㅋ
[2021-12-10 19:44:54] <%타이더 (dkqkffhs)> ㅋㅋㅋㅋㅋㅋㅋ
[2021-12-10 19:44:56] <%채리단_텐츈 (alsrl4942)> 트수 나이를
[2021-12-10 19:44:59] <%채리단_텐츈 (alsrl4942)> 알아갑니다
[2021-12-10 19:45:22] <%채리_노칼로스 (nokalloss)> 난 아직도
[2021-12-10 19:45:26] <%채리단_텐츈 (alsrl4942)> 그러게 왜
[2021-12-10 19:45:26] <%채리_노칼로스 (nokalloss)> 채티가 내 나이를 정확히
[2021-12-10 19:45:27] <%채리_노칼로스 (nokalloss)> 알았을때
[2021-12-10 19:45:30] <%채리단_텐츈 (alsrl4942)> 내가 나이를 밝혔지?
[2021-12-10 19:45:30] <%채리_노칼로스 (nokalloss)> 제일 소름 이였어
[2021-12-10 19:45:40] <%세쿠시론냥이 (lkj0454)> ㅋㅋㅋㅋㅋㅋㅋㅋㅋㅋㅋㅋ
[2021-12-10 19:45:50] <%타이더 (dkqkffhs)> ㅋ
[2021-12-10 19:45:52] <%채리단_텐츈 (alsrl4942)> 근데 누나가 뭐 물어보면
[2021-12-10 19:45:56] <%채리단_텐츈 (alsrl4942)> 고등학생이
[2021-12-10 19:45:59] <%채리단_텐츈 (alsrl4942)> 대답할수있는게
[2021-12-10 19:46:01] <%채리단_텐츈 (alsrl4942)> 한정적이여
[2021-12-10 19:46:13] <%chocats23> :o
[2021-12-10 19:46:14] <%채리_노칼로스 (nokalloss)> 채티
[2021-12-10 19:46:15] <%채리_노칼로스 (nokalloss)> 나이 속일려다가
[2021-12-10 19:46:18] <%채리_노칼로스 (nokalloss)> 띠랑 그런거
[2021-12-10 19:46:21] <%채리_노칼로스 (nokalloss)> 틀린적 있..
[2021-12-10 19:46:35] <%채리단_텐츈 (alsrl4942)> ㅋㅋㅋㅋㅋㅋㅋㅋㅋ
[2021-12-10 19:46:42] <terminal3man> Hello~ VoHiYo VoHiYo
[2021-12-10 19:46:42] <%채리_노칼로스 (nokalloss)> 바붕
[2021-12-10 19:46:44] <%채리단_텐츈 (alsrl4942)> 으림없지
[2021-12-10 19:46:44] <%세쿠시론냥이 (lkj0454)> ,ㅋㅋㅋㅋㅋㅋㅋㅋㅋㅋㅋㅋㅋ
[2021-12-10 19:46:55] <%채리_노칼로스 (nokalloss)> 그렇지
[2021-12-10 19:46:56] <%세쿠시론냥이 (lkj0454)> 사기꾼이 똑똑한 이유...
[2021-12-10 19:46:58] <%채리단_텐츈 (alsrl4942)> 그래서 16살은
[2021-12-10 19:46:59] <%채리_노칼로스 (nokalloss)> 바보였으면 대동강도 못팔아 먹어
[2021-12-10 19:47:01] <%채리단_텐츈 (alsrl4942)> 몇년생이죠?
[2021-12-10 19:47:28] <%채리단_텐츈 (alsrl4942)> ㅋㅋㅋㅋㅋㅋㅋㅋㅋㅋㅋㅋㅋ
[2021-12-10 19:47:29] <%타이더 (dkqkffhs)> 04 아닌가요?
[2021-12-10 19:47:32] <%세쿠시론냥이 (lkj0454)> 06년생?
[2021-12-10 19:47:32] <%채리단_텐츈 (alsrl4942)> 06
[2021-12-10 19:47:39] <terminal3man> TwitchSings TwitchSings
[2021-12-10 19:47:40] <%채리단_텐츈 (alsrl4942)> 제가 03입니다
[2021-12-10 19:47:41] <%채리단_텐츈 (alsrl4942)> ㅎㅎ
[2021-12-10 19:47:45] <%세쿠시론냥이 (lkj0454)> 어우 저러니까 어리다...
[2021-12-10 19:47:50] <%채리단_텐츈 (alsrl4942)> 몰라
[2021-12-10 19:47:51] <%채리단_텐츈 (alsrl4942)> 나도
[2021-12-10 19:47:55] <%채리단_텐츈 (alsrl4942)> 누나가 모르면누가 알아
[2021-12-10 19:48:00] <%채리_노칼로스 (nokalloss)> 요즘
[2021-12-10 19:48:01] <%세쿠시론냥이 (lkj0454)> 무슨 띠에요?? ㅋㅋㅋㅋㅋ
[2021-12-10 19:48:01] <terminal3man> beautiful dress SeemsGood SeemsGood
[2021-12-10 19:48:04] <%채리_노칼로스 (nokalloss)> 띠를 누가 알고 다녀
[2021-12-10 19:48:15] <%chocats23> 15?
[2021-12-10 19:48:17] <%타이더 (dkqkffhs)> 채티님은 flower0326Baby1 flower0326Baby2 야
[2021-12-10 19:48:31] <terminal3man> <3 <3
[2021-12-10 19:48:40] <%채리단_텐츈 (alsrl4942)> 개띠래
[2021-12-10 19:48:41] <%채리단_텐츈 (alsrl4942)> 누나
[2021-12-10 19:48:42] <%세쿠시론냥이 (lkj0454)> ㅋㅋㅋㅋㅋㅋㅋㅋㅋㅋㅋㅋㅋ
[2021-12-10 19:49:04] <%채리단_텐츈 (alsrl4942)> ㅋㅋㅋㅋㅋㅋㅋㅋㅋ
[2021-12-10 19:49:11] <%chocats23> oh:O
[2021-12-10 19:49:18] <marossi91> MercyWing1 MercyWing2
[2021-12-10 19:49:23] <%세쿠시론냥이 (lkj0454)> 멍멍
[2021-12-10 19:49:49] <%세쿠시론냥이 (lkj0454)> 강아지 코스프레
[2021-12-10 19:49:52] <%채리단_텐츈 (alsrl4942)> 누나 94도 개띠야
[2021-12-10 19:49:53] <%세쿠시론냥이 (lkj0454)> 귀여울거 같아요 ㅋㅋㅋㅋㅋ
[2021-12-10 19:50:02] <%채리단_텐츈 (alsrl4942)> 94구만 화긴
[2021-12-10 19:50:18] <%채리단_텐츈 (alsrl4942)> 이야
[2021-12-10 19:50:24] <%채리단_텐츈 (alsrl4942)> 척 ㅋ
[2021-12-10 19:50:24] <%채리벚꽃 (somtree_)> 호엥
[2021-12-10 19:50:26] <%채리단_텐츈 (alsrl4942)> ㅋㅋㅋㅋㅋㅋㅋㅋ
[2021-12-10 19:50:29] <%세쿠시론냥이 (lkj0454)> 500벌면 그런말 안하지...
[2021-12-10 19:50:34] <%타이더 (dkqkffhs)> 친구에 친구라면 자기 이야기라고 하던데...
[2021-12-10 19:50:40] <%세쿠시론냥이 (lkj0454)> ㅋㅋㅋㅋㅋㅋㅋㅋㅋㅋ
[2021-12-10 19:50:48] <%채리단_텐츈 (alsrl4942)> 어헝
[2021-12-10 19:50:51] <%채리단_텐츈 (alsrl4942)> 노래방 술집
[2021-12-10 19:50:52] <%채리단_텐츈 (alsrl4942)> 아니야?
[2021-12-10 19:51:02] <%채리단_텐츈 (alsrl4942)> 설마
[2021-12-10 19:51:04] <%채리단_텐츈 (alsrl4942)> 초과?
[2021-12-10 19:51:15] <%타이더 (dkqkffhs)> ㅇ0ㅇ
[2021-12-10 19:51:15] <%채리단_텐츈 (alsrl4942)> ㅋㅋㅋㅋㅋㅋㅋㅋㅋㅋㅋㅋㅋㅋㅋㅋㅋㅋㅋㅋㅋㅋㅋㅋㅋㅋㅋㅋㅋㅋㅋㅋㅋㅋ
[2021-12-10 19:51:18] <%채리단_텐츈 (alsrl4942)> 와
[2021-12-10 19:51:19] <%세쿠시론냥이 (lkj0454)> ㅋㅋㅋㅋㅋㅋㅋㅋㅋㅋㅋㅋㅋ
[2021-12-10 19:51:19] <%채리단_텐츈 (alsrl4942)> 그남자
[2021-12-10 19:51:23] <%채리단_텐츈 (alsrl4942)> 개 쪽팔리겠다
[2021-12-10 19:51:25] <%타이더 (dkqkffhs)> 부끄럽겠다.
[2021-12-10 19:51:32] <%세쿠시론냥이 (lkj0454)> 그... 럴수있지...
[2021-12-10 19:51:48] <%chocats23> ;o
[2021-12-10 19:51:49] <%채리단_텐츈 (alsrl4942)> ㅋㅋㅋㅋㅋㅋㅋㅋㅋㅋㅋㅋ
[2021-12-10 19:51:59] <%채리단_텐츈 (alsrl4942)> ㄷㄷ
[2021-12-10 19:52:05] <%세쿠시론냥이 (lkj0454)> ㅎㄷㄷㄷ;;;
[2021-12-10 19:52:11] <%채리단_텐츈 (alsrl4942)> ㅋㅋㅋㅋㅋㅋㅋㅋㅋㅋ
[2021-12-10 19:52:21] <%chocats23> 150 million won:O
[2021-12-10 19:52:43] <%채리_노칼로스 (nokalloss)> 읭
[2021-12-10 19:52:50] <%채리단_텐츈 (alsrl4942)> 허허
[2021-12-10 19:52:52] <%채리단_텐츈 (alsrl4942)> 그럼 바로
[2021-12-10 19:52:53] <%채리단_텐츈 (alsrl4942)> 손절이지
[2021-12-10 19:52:55] <%채리_노칼로스 (nokalloss)> ㄷㄷㄷㄷ
[2021-12-10 19:53:05] <%채리단_텐츈 (alsrl4942)> 500원
[2021-12-10 19:53:06] <%채리단_텐츈 (alsrl4942)> 아니지?
[2021-12-10 19:53:23] <%채리_노칼로스 (nokalloss)> 돈 얘기 나와서  하는 말인데
[2021-12-10 19:53:26] <%세쿠시론냥이 (lkj0454)> 자영업하는데 500이면 순익 얼마 안될텐데...
[2021-12-10 19:53:33] <%채리단_텐츈 (alsrl4942)> ㅋㅋㅋㅋㅋㅋㅋㅋㅋㅋㅋㅋㅋㅋ
[2021-12-10 19:53:34] <%$으억새3 (euaksaee)> 5백 벌정도면 꽤나 괜찮은 직업일텐데
[2021-12-10 19:53:37] <%세쿠시론냥이 (lkj0454)> ㅌㅋㅋㅋㅋㅋㅋㅋㅋㅋㅋ
[2021-12-10 19:53:42] <%채리_노칼로스 (nokalloss)> 채티는 이정도 금액이면 친구가 아무 이유없이 달라고 했을때 줄 수 있다
[2021-12-10 19:53:44] <%채리_노칼로스 (nokalloss)> 하는 금액이 이써?
[2021-12-10 19:54:01] <%$으억새3 (euaksaee)> 담뱃값 2백이면 폐암으로 1년안에 가겠는데
[2021-12-10 19:54:01] <%채리_노칼로스 (nokalloss)> 우움
[2021-12-10 19:54:04] <%채리_노칼로스 (nokalloss)> 아예 없나아
[2021-12-10 19:54:10] <%채리단_텐츈 (alsrl4942)> 오
[2021-12-10 19:54:13] <%채리단_텐츈 (alsrl4942)> 많이 처주네
[2021-12-10 19:54:13] <%채리_노칼로스 (nokalloss)> 나랑 같넴
[2021-12-10 19:54:24] <%채리단_텐츈 (alsrl4942)> 3
[2021-12-10 19:54:26] <%chocats23> ;o
[2021-12-10 19:54:42] <%채리단_텐츈 (alsrl4942)> 그치
[2021-12-10 19:54:48] <%채리_노칼로스 (nokalloss)> 어
[2021-12-10 19:54:48] <%채리단_텐츈 (alsrl4942)> ㅋㅋㅋㅋㅋㅋㅋㅋㅋ
[2021-12-10 19:54:51] <%채리단_텐츈 (alsrl4942)> 경험담이야?
[2021-12-10 19:54:52] <%채리_노칼로스 (nokalloss)> 채티님아 채티님아
[2021-12-10 19:54:53] <%세쿠시론냥이 (lkj0454)> ㅋㅋㅋㅋㅋㅋㅋㅋㅋㅋㅋㅋㅋㅋ
[2021-12-10 19:55:01] <%채리_노칼로스 (nokalloss)> 복권 당첨되면 젤루 먼저 하고 싶은게 뭔거여!
[2021-12-10 19:55:03] <%$으억새3 (euaksaee)> 아무리 친해도 빌려주는거도 안되고 그런 상황이면 걍 주는돈이라 생각해야지
[2021-12-10 19:55:04] <%채리_노칼로스 (nokalloss)> 뭔가여!!
[2021-12-10 19:55:19] <%채리_노칼로스 (nokalloss)> 움
[2021-12-10 19:55:19] <%채리단_텐츈 (alsrl4942)> 왜 5분밖에
[2021-12-10 19:55:21] <%채리단_텐츈 (alsrl4942)> 안남은거야
[2021-12-10 19:55:25] <%세쿠시론냥이 (lkj0454)> 1등 20억?
[2021-12-10 19:55:25] <%채리_노칼로스 (nokalloss)> 적당히 10억으로 하쟈
[2021-12-10 19:55:27] <%채리단_텐츈 (alsrl4942)> 이거 무슨일이야!!!!
[2021-12-10 19:55:36] <%chocats23> if I won the lottery.. i would get some ice cream lol...
[2021-12-10 19:55:59] <%채리단_텐츈 (alsrl4942)> ㅋㅋㅋㅋㅋㅋㅋㅋㅋㅋ
[2021-12-10 19:56:00] <런웨이 (runway02)> 채하
[2021-12-10 19:56:00] <%채리단_텐츈 (alsrl4942)> 이야
[2021-12-10 19:56:00] <@%^빵_떡 (bbangddeock)> 안넝 안넝 트하
[2021-12-10 19:56:01] <%채리_노칼로스 (nokalloss)> 호엥
[2021-12-10 19:56:03] <%세쿠시론냥이 (lkj0454)> 구독권 무한으로
[2021-12-10 19:56:03] <%채리단_텐츈 (alsrl4942)> 누나 100원씩
[2021-12-10 19:56:05] <%채리단_텐츈 (alsrl4942)> 뿌리게?
[2021-12-10 19:56:06] <%세쿠시론냥이 (lkj0454)> ㅋㅋㅋㅋㅋㅋㅋㅋㅋㅋㅋ
[2021-12-10 19:56:07] <%$으억새3 (euaksaee)> 경기권에 집한채 사서 세받아먹으면서 살아야지 ㅋㅋ
[2021-12-10 19:56:08] <%채리단_텐츈 (alsrl4942)> 대단한
[2021-12-10 19:56:09] <%채리단_텐츈 (alsrl4942)> 플렉스인걸
[2021-12-10 19:56:22] <%채리단_텐츈 (alsrl4942)> ㅋㅋㅋㅋㅋㅋㅋㅋㅋㅋㅋㅋㅋㅋㅋㅋㅋㅋㅋㅋㅋㅋㅋㅋ
[2021-12-10 19:56:25] <%세쿠시론냥이 (lkj0454)> 오오
[2021-12-10 19:56:26] <%채리_노칼로스 (nokalloss)> ?
[2021-12-10 19:56:26] <@%^빵_떡 (bbangddeock)> bbangd1Un
[2021-12-10 19:56:28] <%채리단_텐츈 (alsrl4942)> 이거이거
[2021-12-10 19:56:30] <%채리단_텐츈 (alsrl4942)> 맞아?
[2021-12-10 19:56:33] <%채리단_텐츈 (alsrl4942)> ㅋㅋㅋㅋㅋㅋㅋㅋㅋㅋ
[2021-12-10 19:56:34] <%채리_노칼로스 (nokalloss)> 그럼 난 900짜리 주는거야?
[2021-12-10 19:57:01] <%채리_노칼로스 (nokalloss)> 이제 채티
[2021-12-10 19:57:01] <%채리단_텐츈 (alsrl4942)> ㅋㅋㅋㅋㅋㅋㅋㅋㅋ
[2021-12-10 19:57:03] <%채리_노칼로스 (nokalloss)> 복권 당첨되서
[2021-12-10 19:57:05] <%채리단_텐츈 (alsrl4942)> 로또당첨녀
[2021-12-10 19:57:11] <%세쿠시론냥이 (lkj0454)> ㅋㅋㅋㅋㅋㅋㅋㅋㅋㅋㅋㅋㅋㅋㅋ
[2021-12-10 19:57:16] <%채리_노칼로스 (nokalloss)> 후원금액 상당의 선물 뿌릴려고 후원내역 봤더니
[2021-12-10 19:57:23] <%채리_노칼로스 (nokalloss)> 채티꺼 달고 있는 사람만 10명인거지
[2021-12-10 19:57:34] <%채리단_텐츈 (alsrl4942)> ㅋㅋㅋㅋㅋㅋㅋㅋㅋㅋㅋㅋㅋ
[2021-12-10 19:57:38] <%$으억새3 (euaksaee)> 그럼 눈치까고 돈빌려달라고 할사람들 많겠는데 ㅋㅋ
[2021-12-10 19:57:41] <%chocats23> cool:O
[2021-12-10 19:57:44] <%채리_노칼로스 (nokalloss)> 이야 10명이면
[2021-12-10 19:57:46] <%채리_노칼로스 (nokalloss)> 1억꺠지네
[2021-12-10 19:57:48] <%채리단_텐츈 (alsrl4942)> 합의따윈 없습니다
[2021-12-10 19:57:58] <%채리_노칼로스 (nokalloss)> 당첨금의 1/10이 증발하는구만
[2021-12-10 19:58:14] <%채리단_텐츈 (alsrl4942)> ㅋㅋㅋㅋㅋㅋㅋㅋㅋ
[2021-12-10 19:58:16] <%채리_노칼로스 (nokalloss)> 스피또
[2021-12-10 19:58:18] <%채리단_텐츈 (alsrl4942)> 행복회로나
[2021-12-10 19:58:18] <%$으억새3 (euaksaee)> 역시 아싸가 최고야
[2021-12-10 19:58:18] <%채리_노칼로스 (nokalloss)> 몇개 살꺼양
[2021-12-10 19:58:19] <%채리단_텐츈 (alsrl4942)> 돌리자
[2021-12-10 19:58:20] <%채리단_텐츈 (alsrl4942)> 누나
[2021-12-10 19:58:25] <%채리_노칼로스 (nokalloss)> 스피또?
[2021-12-10 19:58:29] <%채리_노칼로스 (nokalloss)> 종류에 따라 다를걸
[2021-12-10 19:58:29] <%세쿠시론냥이 (lkj0454)> ㅋㅋㅋㅋㅋㅋㅋㅋㅋㅋㅋㅋㅋ
[2021-12-10 19:58:35] <%채리_노칼로스 (nokalloss)> 그림 다 맞으면 20억 되는것도 있어
[2021-12-10 19:58:42] <%채리단_텐츈 (alsrl4942)> 이야
[2021-12-10 19:58:51] <%채리단_텐츈 (alsrl4942)> 로또 1등 당첨금이면
[2021-12-10 19:58:54] <%세쿠시론냥이 (lkj0454)> 10억이면 서울에서 아파트 하나...
[2021-12-10 19:58:56] <%채리_노칼로스 (nokalloss)> ?
[2021-12-10 19:58:56] <@%^빵_떡 (bbangddeock)> bbangd1Un
[2021-12-10 19:58:57] <%채리단_텐츈 (alsrl4942)> 서울 반지하정도는
[2021-12-10 19:58:59] <%채리단_텐츈 (alsrl4942)> 살지 않을까?
[2021-12-10 19:59:00] <%채리_노칼로스 (nokalloss)> 10억이 있는데 왜 서울에 살어
[2021-12-10 19:59:03] <%채리_노칼로스 (nokalloss)> 지방살아도 충분해
[2021-12-10 19:59:08] <%세쿠시론냥이 (lkj0454)> 신축 하나 간당하게 사요
[2021-12-10 19:59:23] <%채리단_텐츈 (alsrl4942)> 경기도
[2021-12-10 19:59:26] <%chocats23> Seoul expensive:O
[2021-12-10 19:59:27] <%세쿠시론냥이 (lkj0454)> 10억이면 지방에 건물사서 월세받아야지...
[2021-12-10 19:59:35] <%채리단_텐츈 (alsrl4942)> 지구에 삽니다
[2021-12-10 19:59:44] <%채리단_텐츈 (alsrl4942)> 굳이 서울에 살 필요가
[2021-12-10 19:59:46] <%채리단_텐츈 (alsrl4942)> 없자너
[2021-12-10 19:59:54] <가을_바다 (nanta10003)> 제주도 추천합니다.
[2021-12-10 19:59:59] <%세쿠시론냥이 (lkj0454)> 맞지맞지
[2021-12-10 20:00:07] <%세쿠시론냥이 (lkj0454)> 강릉!
[2021-12-10 20:00:08] <%채리_노칼로스 (nokalloss)> 채티 복권 당첨되면
[2021-12-10 20:00:08] <%$으억새3 (euaksaee)> 서울 너모 비싸.. 그냥 경기권 인기없는곳 가는것도 좋긴해
[2021-12-10 20:00:12] <%채리_노칼로스 (nokalloss)> 방송용 방 하나 잡는것도
[2021-12-10 20:00:14] <%채리_노칼로스 (nokalloss)> 괜찮겠다
[2021-12-10 20:00:19] <%채리_노칼로스 (nokalloss)> 주변 소음 없는곳에다가
[2021-12-10 20:00:19] <%타이더 (dkqkffhs)> 제주도? 문명하고 떨어지죠
[2021-12-10 20:00:24] <%세쿠시론냥이 (lkj0454)> 바다보이는 동해안
[2021-12-10 20:00:30] <%채리단_텐츈 (alsrl4942)> ㅋㅋㅋㅋㅋㅋㅋㅋㅋㅋㅋㅋ
[2021-12-10 20:00:33] <%채리단_텐츈 (alsrl4942)> 그래 방종이나
[2021-12-10 20:00:34] <%채리_노칼로스 (nokalloss)> 방종곡 멈춰!
[2021-12-10 20:00:35] <%채리단_텐츈 (alsrl4942)> 하자
[2021-12-10 20:00:36] <%채리단_텐츈 (alsrl4942)> 채바~
[2021-12-10 20:00:38] <%타이더 (dkqkffhs)> 채바
[2021-12-10 20:00:38] <%세쿠시론냥이 (lkj0454)> ㅋㅋㅋㅋㅋㅋㅋㅋㅋㅋㅋ
[2021-12-10 20:00:38] <@%^빵_떡 (bbangddeock)> 다들 잘자 트바~
[2021-12-10 20:00:43] <%세쿠시론냥이 (lkj0454)> 가기전에 마지막!
[2021-12-10 20:00:44] <%타이더 (dkqkffhs)> 오늘도 수고하셨어요
[2021-12-10 20:00:46] <%chocats23> :O
[2021-12-10 20:00:46] <가을_바다 (nanta10003)> 채바
[2021-12-10 20:00:46] <@%^빵_떡 (bbangddeock)> 다들 잘자 트바~
[2021-12-10 20:00:47] <%채리단_텐츈 (alsrl4942)> 채바채바채바채바채바ㅐ차배차배차배차배차배차~
[2021-12-10 20:00:52] <%dbswn159120> loveuByect loveuByect loveuByect loveuByect
[2021-12-10 20:00:54] <%채리_노칼로스 (nokalloss)> 오늘 뭐 했는데
[2021-12-10 20:00:55] <%$으억새3 (euaksaee)> 되는 행회 굴리는 더욱 비참해조 ㅋㅋ
[2021-12-10 20:00:56] <%채리_노칼로스 (nokalloss)> 벌써 시간이...
[2021-12-10 20:01:00] <%타이더 (dkqkffhs)> ㅋㅋㅋㅋㅋ
[2021-12-10 20:01:00] <%채리단_텐츈 (alsrl4942)> 워어어어
[2021-12-10 20:01:01] <%$으억새3 (euaksaee)> loveuByect loveuByect
[2021-12-10 20:01:03] <%채리단_텐츈 (alsrl4942)> 영원히
[2021-12-10 20:01:04] <%채리단_텐츈 (alsrl4942)> 워어어어
[2021-12-10 20:01:05] <%채리_노칼로스 (nokalloss)> 내 시간 고만 훔쳐가라 김채티!!
[2021-12-10 20:01:06] <%채리벚꽃 (somtree_)> 호엥
[2021-12-10 20:01:07] <%세쿠시론냥이 (lkj0454)> ㅋㅋㅋㅋㅋㅋㅋㅋㅋㅋㅋㅋ
[2021-12-10 20:01:09] <%타이더 (dkqkffhs)> 내일봐요 ~
[2021-12-10 20:01:12] <%chocats23> I'll probably get lost anyways  ฅ/ᐠ｡ᆽ｡ᐟ \
[2021-12-10 20:01:14] <%세쿠시론냥이 (lkj0454)> 이제 밥먹어야징
[2021-12-10 20:01:17] <%세쿠시론냥이 (lkj0454)> 고생했어요!!
[2021-12-10 20:01:24] <%채리단_텐츈 (alsrl4942)> 내일 링피트로
[2021-12-10 20:01:24] <terminal3man> normal speed
[2021-12-10 20:01:25] <%채리단_텐츈 (alsrl4942)> 봅시당
[2021-12-10 20:01:29] <%세쿠시론냥이 (lkj0454)> 방종은 처음인거 같은데... ㅎㅎㅎ
[2021-12-10 20:01:30] <terminal3man> SingsNote SingsNote
[2021-12-10 20:01:30] <%채리벚꽃 (somtree_)> 고생했어요
[2021-12-10 20:01:38] <terminal3man> HeyGuys <3
[2021-12-10 20:01:40] <%채리단_텐츈 (alsrl4942)> 어?
[2021-12-10 20:01:41] <%채리단_텐츈 (alsrl4942)> 왜 내일
[2021-12-10 20:01:43] <%채리단_텐츈 (alsrl4942)> 토요일이야
[2021-12-10 20:01:45] <%채리단_텐츈 (alsrl4942)> 일요일인줄
[2021-12-10 20:01:46] <%채리_노칼로스 (nokalloss)> 언냔이에여!
[2021-12-10 20:01:46] <%채리단_텐츈 (alsrl4942)> ㅋㅋㅋㅋㅋㅋㅋㅋㅋㅋㅋ
[2021-12-10 20:01:48] <%타이더 (dkqkffhs)> ㅇ0ㅇ
[2021-12-10 20:01:50] <1_luve_uwu> Bye bye wjlSAD
[2021-12-10 20:01:52] <%타이더 (dkqkffhs)> ㅋㅋㅋㅋㅋㅋ
[2021-12-10 20:01:57] <%채리단_텐츈 (alsrl4942)> 아니
[2021-12-10 20:01:58] <%chocats23> eat something delicious and rest well ฅ/ᐠ｡ᆽ｡ᐟ \
[2021-12-10 20:01:59] <%세쿠시론냥이 (lkj0454)> ㅋㅋㅋㅋㅋㅋㅌㅋㅋㅋㅋㅋㅋ
[2021-12-10 20:01:59] <%채리단_텐츈 (alsrl4942)> 나 이럼
[2021-12-10 20:02:00] <%$으억새3 (euaksaee)> 오늘의상 인스타 각인데 너모 아쉽 ㅠㅠ
[2021-12-10 20:02:01] <%타이더 (dkqkffhs)> 수근수근 ㅋㅋㅋㅋ
[2021-12-10 20:02:01] <%채리단_텐츈 (alsrl4942)> 좀 서운해?
[2021-12-10 20:02:10] <%채리단_텐츈 (alsrl4942)> ㅋㅋㅋㅋㅋㅋㅋㅋ
[2021-12-10 20:02:16] <marossi91> TwitchUnity TwitchUnity TwitchUnity
[2021-12-10 20:02:26] <%채리_노칼로스 (nokalloss)> 몰랑!
[2021-12-10 20:02:27] <%타이더 (dkqkffhs)> 넹 ㅋㅋㅋㅋ
[2021-12-10 20:02:29] <%세쿠시론냥이 (lkj0454)> loveuHeart loveuHeart
[2021-12-10 20:02:42] <%채리_노칼로스 (nokalloss)> 몰랑!!
[2021-12-10 20:02:59] <%채리단_텐츈 (alsrl4942)> 마자마자
[2021-12-10 20:03:02] <%chocats23> loveuCT loveuHeart loveuPrincess loveu25000 loveuHOT loveu50000
[2021-12-10 20:03:02] <%채리단_텐츈 (alsrl4942)> 오늘 넘 재밌었어요
[2021-12-10 20:03:03] <%채리_노칼로스 (nokalloss)> 방송 수고 많아써어어
[2021-12-10 20:03:03] <%채리단_텐츈 (alsrl4942)> 채바~~
[2021-12-10 20:03:19] <%$으억새3 (euaksaee)> loveuByect loveuByect loveuByect
[2021-12-10 20:03:19] <%세쿠시론냥이 (lkj0454)> 손하트!
[2021-12-10 20:03:20] <%채리단_텐츈 (alsrl4942)> 채바아ㅏㅏㅏㅏ~
[2021-12-10 20:03:27] <%채리단_텐츈 (alsrl4942)> 늦게 킨거지
[2021-12-10 20:03:29] <%세쿠시론냥이 (lkj0454)> loveuByect loveuByect
[2021-12-10 20:03:30] <%채리단_텐츈 (alsrl4942)> 어이!
[2021-12-10 20:03:31] <%타이더 (dkqkffhs)> ㅋㅋㅋㅋㅋ
[2021-12-10 20:03:43] <%채리벚꽃 (somtree_)> loveuByect loveuByect loveuByect
[2021-12-10 20:03:43] <%채리단_텐츈 (alsrl4942)> 옛날에는
[2021-12-10 20:03:44] <%채리_노칼로스 (nokalloss)> 채바아아
[2021-12-10 20:03:46] <%채리단_텐츈 (alsrl4942)> 방종 4분전에
[2021-12-10 20:03:46] <%타이더 (dkqkffhs)> loveuCT loveuPrincess loveuByect loveuByect loveuHeart
[2021-12-10 20:03:47] <%채리단_텐츈 (alsrl4942)> 틀더니
[2021-12-10 20:03:48] <marossi91> HeyGuys HeyGuys
[2021-12-10 20:03:49] <%채리단_텐츈 (alsrl4942)> 요즘은
[2021-12-10 20:03:50] <%채리_노칼로스 (nokalloss)> ㄹㅇㄹㅇㄹ
[2021-12-10 20:03:51] <%채리단_텐츈 (alsrl4942)> 시간 맞춰서
[2021-12-10 20:03:52] <%채리단_텐츈 (alsrl4942)> 트네
[2021-12-10 20:03:57] <~%채티_ (lo_ve_u)> loveuHeart loveuByect loveuByect loveuByect loveuByect loveu25000 loveu50000
[2021-12-10 20:03:59] <%미스티 (kwh137)> loveuHeart loveuHeart
[2021-12-10 20:04:00] <%세쿠시론냥이 (lkj0454)> 4분이나 더하니까 loveuHeart loveuHeart
[2021-12-10 20:04:02] <%채리단_텐츈 (alsrl4942)> 채바아ㅏㅏㅏㅏ~
[2021-12-10 20:04:05] <%채리단_텐츈 (alsrl4942)> 뿅
[2021-12-10 20:04:05] <1_luve_uwu> et1231QQ et1231QQ et1231QQ
[2021-12-10 20:04:06] <%채리단_텐츈 (alsrl4942)> !
[2021-12-10 20:04:06] <%$으억새3 (euaksaee)> loveuByect loveuByect
[2021-12-10 20:04:07] <%채리_노칼로스 (nokalloss)> 채바아아
[2021-12-10 20:04:09] <%chocats23> HypeCheer
[2021-12-10 20:04:20] <%chocats23> MercyWing1 loveu50000 MercyWing2
[2021-12-10 20:04:44] ~Stream offline~
[2021-12-10 20:04:53] <%채리_노칼로스 (nokalloss)> ㄱㄴㄱㄴㄱㄴ?
[2021-12-10 20:04:55] <%chocats23> stay warm!
[2021-12-10 20:04:55] <런웨이 (runway02)> 채바
[2021-12-10 20:04:55] <@%^빵_떡 (bbangddeock)> 다들 잘자 트바~
[2021-12-10 20:04:56] <런웨이 (runway02)> 언제갔어
[2021-12-10 20:05:36] <%chocats23> stream just ended;o
[2021-12-10 20:06:22] Viewerstats (19:35-20:02): avg:257 min:248 max:274 [15/248+0+3+0+0+23+0-26+0+0+13+0+9+0-9_]
[2021-12-10 20:06:48] <@%^빵_떡 (bbangddeock)> 어서오세요 와주셔서 고마워요오늘두 재밌게 놀아욤 !°˖✧◝(⁰▿⁰)◜✧˖°
[2021-12-10 20:07:03] <%chocats23> goodnight and have a good evening everyone :D
[2021-12-10 20:07:33] <%채리_노칼로스 (nokalloss)> 채티바부!!
[2021-12-10 20:08:26] <%chocats23> (๑˃̵ᴗ˂̵)ﻭ
[2021-12-10 20:25:00] <양이장군 (oppo6767)> 채바
[2021-12-10 20:25:00] <@%^빵_떡 (bbangddeock)> 다들 잘자 트바~
[2021-12-10 21:20:13] You have left #lo_ve_u
# Log closed: 2021-12-10 21:20:13 +0900
-
