# Log started: 2021-12-10 23:32:06 +0900
[2021-12-10 23:32:06] #myoya_ 채널 입장 중입니다
[2021-12-10 23:32:06] #myoya_ 채널에 입장했습니다
[2021-12-10 23:32:07] ~금요일ꈍ^ꈍ💗 (Just Chatting)~
[2021-12-10 23:32:13] <%$ミ자이드런 (dydrkf25)> 저도요
[2021-12-10 23:32:13] <%ミ침묵충 (chimchim7104)> 갬동
[2021-12-10 23:32:15] <%ミ디알 (b1ack_luna)> 캄동~
[2021-12-10 23:32:21] <%ミ왕밤빵오빠 (nacinfo)> 저더여
[2021-12-10 23:32:23] <%ミ캣오빠 (jungjung8095)> 감동란
[2021-12-10 23:32:23] <이누야샤_ (inu02)> 유툽에서 그림책? 노래로 첨 알았죠
[2021-12-10 23:32:24] <%ミ디알 (b1ack_luna)> 우동먹고싶다
[2021-12-10 23:32:24] <%_천하_ (ocheonhao)> 저는 트위치 아니었으면 묘야님 올 일 없었어요!
[2021-12-10 23:32:31] <남정 (moung006300)> 저도 중3때 쯤 처음 접한 채널이 묘얀미였어요!
[2021-12-10 23:32:33] <%ミ올리아 (alllia)> 감동이죠? 그러니 밤새죠
[2021-12-10 23:32:34] <%ミ바볼바 (dlsldldl)> 묘야님 없었으면 트위치 안했을텐데 그럼 더 공부를 했겠지 아 이게 아닌가
[2021-12-10 23:32:35] <%ミ대재규 (jykim950)> 묘얀미 방송을 48개월동안 구독했는데 아직도 적응 못하겠어요;;; 어떻게 정착하죠
[2021-12-10 23:32:37] <neoulim> 바람 한번 펴도 좋아요 묘”얀”미를 경험할수 있어요
[2021-12-10 23:32:48] <@%^빵_떡 (bbangddeock)> 방송규칙을 꼭 확인해주세요 °˖✧◝(⁰▿⁰)◜✧˖°
[2021-12-10 23:32:53] <%ミ침묵충 (chimchim7104)> ㅋㅋㅋㅋㅋㅋㅋㅋㅋㅋㅋ
[2021-12-10 23:32:55] <ミ프리 (freeformica)> 저도 트위치 첫 방송이 먐미였죠
[2021-12-10 23:32:55] <%ミ디알 (b1ack_luna)> ㅋㅋㅋㅋㅋ
[2021-12-10 23:32:56] <%$여용_ (dudyd_)> ㅋㅋㅋㅋㅋㅋㅋㅋ
[2021-12-10 23:32:59] <남정 (moung006300)> ㅋㅋㅋㅋㅋㅋㅋㅋㅋㅋ
[2021-12-10 23:33:00] <%ミ디알 (b1ack_luna)> 좋은데 나쁜 무언가
[2021-12-10 23:33:01] <%ミ뽀오잉 (dlrmsvyaa)> myoyaWww myoyaWww
[2021-12-10 23:33:03] <%ミ딸기맛된장국 (narumi0925)> ㅋㅋㅋㅋㅋㅋㅋㅋ
[2021-12-10 23:33:03] <%ミ침묵충 (chimchim7104)> 뭔가 이상한 갬동이네욬ㅋㅋㅋㅋㅋㅋㅋㅋㅋㅋㅋㅋㅋㅋㅋㅋ
[2021-12-10 23:33:03] <%ミ공룡사이즈 (trilong)> ㅋㅋㅋㅋㅋㅋㅋㅋㅋㅋㅋㅋㅋㅋ
[2021-12-10 23:33:04] <%ミ디알 (b1ack_luna)> 버근가ㅋㅋㅋㅋㅋ
[2021-12-10 23:33:07] <leeyourgosu> 야...너도..!????
[2021-12-10 23:33:11] <이천륜 (leeceonryun)> ㅋㅋㅋㅋㅋㅋㅋ
[2021-12-10 23:33:11] <%$ミ자이드런 (dydrkf25)> 묘얀미보려고 아프리카 tv 앱까지 설치했었어요
[2021-12-10 23:33:11] <%ミ캣오빠 (jungjung8095)> 아프리카때 생각하면 이렇게 정착할줄 몰랐긴했죠
[2021-12-10 23:33:21] <%포모즐겜 (pomojeulgem)> 먐미 아니였으면 호랑이를 좋아하지 않았을 거에요. 먐미 보고 같은 종류의 나호라는 소설을 다 사서 텅장이 됬네요 ㅠㅠ
[2021-12-10 23:33:23] <%ミ작은표고버섯의회환 (strawberry7428)> 저도 첫 시청이랑 구독도 먐미예요
[2021-12-10 23:33:25] <shinhc0223> 전 묘얀미 없었으면 트위치할일 없었어여
[2021-12-10 23:33:29] <%ミ딸기맛된장국 (narumi0925)> 제가 먐미를 보기 시작한지 어느덧 947일이 되었네욤 myoyaJelly4
[2021-12-10 23:33:32] <%ミ캣오빠 (jungjung8095)> 그땐 토템만했는데
[2021-12-10 23:33:36] <%ミ바볼바 (dlsldldl)> 묘야님 아직 못 적응했는데 다들 적응 빠르네요 2년째 적응 못하는중입니다
[2021-12-10 23:33:42] <%ミ왕밤빵오빠 (nacinfo)> 네네
[2021-12-10 23:33:45] <이누야샤_ (inu02)> 우가우가 시절부터!
[2021-12-10 23:33:46] <%가타리 (op4op4)> 네...그쵸
[2021-12-10 23:33:47] <%ミ왕밤빵오빠 (nacinfo)> 은고가
[2021-12-10 23:33:49] <%ミ캣오빠 (jungjung8095)> 꾸준히 시청하게 해준 원동력같은 존재랄까요
[2021-12-10 23:33:51] <neoulim> 우타이테를 몰랐어봐… 이런 호양이굴을 알았겠냐규…
[2021-12-10 23:33:52] <Star322> !팔로우
[2021-12-10 23:33:52] <%오렌지글라스 (goodcopy)> 이제는 일과 처럼 되어버렸네요
[2021-12-10 23:33:53] <%_천하_ (ocheonhao)> 저는 청정수인데 귀여워 해주세요
[2021-12-10 23:33:55] <%ミ침묵충 (chimchim7104)> 묘야님 고인물 고인 냄새가 너무 심하네요 다 밴하시죠;;
[2021-12-10 23:33:59] <%ミ뽀오잉 (dlrmsvyaa)> 그때 생각하면 이렇게까지 오래 볼줄은
[2021-12-10 23:34:02] <남정 (moung006300)> 꾸준히 그 자리에 있어주신 묘얀미가 더 대단하십니다 ㅎㅎ,..
[2021-12-10 23:34:04] <%ミ리벨 (rebellionmay)> 전 아직 팬카페도 '신입묘덕'이니까 고인물 아니겠죠?ㅎㅎ
[2021-12-10 23:34:04] <%ミ디알 (b1ack_luna)> ㅋㅋㅋㅋㅋ
[2021-12-10 23:34:04] <%포모즐겜 (pomojeulgem)> 처음에 묘..묘꼬야마 한번 긴장하면서 쳤었는데 ㅋㅋ
[2021-12-10 23:34:06] <%ミ딸기맛된장국 (narumi0925)> ㅋㅋㅋㅋㅋㅋㅋㅋㅋ
[2021-12-10 23:34:06] <leeyourgosu> 난 은근히 딴 방송 가면 밴먹고 블랙 먹는대 여기는 안그럼 ㅎㅎ!ㅋㅋㅋㅋㅋㅋㅋㅋㅋ
[2021-12-10 23:34:06] <%ミ뽀오잉 (dlrmsvyaa)> myoyaWww myoyaWww myoyaWww
[2021-12-10 23:34:07] <%$ミ자이드런 (dydrkf25)> 묘얀미는 뭔가 계속 생각나고 막 끌려요
[2021-12-10 23:34:11] <%샤초 (tich324)> ㅋㅋㅋㅋ
[2021-12-10 23:34:16] <%$ミ자이드런 (dydrkf25)> ㅋㅋㅋㅋㅋㅋㅋ
[2021-12-10 23:34:19] <%ミ올리아 (alllia)> ㅋㅋㅋ
[2021-12-10 23:34:22] <이누야샤_ (inu02)> ㄹㅇㅋㅋ
[2021-12-10 23:34:23] <%ミ딸기맛된장국 (narumi0925)> ㅋㅋㅋㅋㅋㅋㅋㅋㅋㅋ
[2021-12-10 23:34:24] <%ミ디알 (b1ack_luna)> 규규~
[2021-12-10 23:34:24] <%$여용_ (dudyd_)> ㅋㅋㅋㅋㅋㅋㅋ
[2021-12-10 23:34:24] <%ミ뽀오잉 (dlrmsvyaa)> myoyaWww myoyaWww myoyaWww myoyaWww
[2021-12-10 23:34:29] <%$ミ자이드런 (dydrkf25)> 체고 !
[2021-12-10 23:34:29] <%포모즐겜 (pomojeulgem)> 내공 먐미 꼬리 한 번 몰래 만져보면 적응이 빨라집니다
[2021-12-10 23:34:30] <이천륜 (leeceonryun)> 묘야님 그림받기가  뭐에요?
[2021-12-10 23:34:30] <@%ミ루아 (lix375)> 관리하는 입장에선 그쪽에 비해선 천국이죠 myoyaPikachu
[2021-12-10 23:34:33] [Notification] ミ일로흐 subscribed at Tier 3. They've subscribed for 9 months! [묘하 묘하~ 뉴비 9일차 오랜만에 인사올리옵니다.]
[2021-12-10 23:34:35] <%_천하_ (ocheonhao)> 묘타이테 채고
[2021-12-10 23:34:35] <%$ミ자이드런 (dydrkf25)> myoyaRi myoyaRi
[2021-12-10 23:34:40] <%ミ훌림목 (qazsw12341)> 다들 빠르시네요 저도 아직 적응중이에요
[2021-12-10 23:34:47] <%$ミ자이드런 (dydrkf25)> 뀨독!
[2021-12-10 23:34:48] <@%^빵_떡 (bbangddeock)> 나갈 때는 되도록 인사없이 퇴장부탁드립니다 (*´꒳`*)♡
[2021-12-10 23:34:51] <%ミ디알 (b1ack_luna)> 뀨독~
[2021-12-10 23:34:54] <%ミ왕밤빵오빠 (nacinfo)> 뀨독
[2021-12-10 23:34:54] <%$ミ자이드런 (dydrkf25)> 이양~ 3티어!
[2021-12-10 23:34:59] <%mamonaka> チェゴ！！
[2021-12-10 23:35:03] <@Twipkr>* ミ바볼바님, 후원 감사합니다♡
[2021-12-10 23:35:12] <%ミ디알 (b1ack_luna)> 어라?
[2021-12-10 23:35:14] <%ミ침묵충 (chimchim7104)> ㅋㅋㅋㅋㅋㅋㅋㅋㅋㅋㅋㅋㅋㅋㅋㅋ
[2021-12-10 23:35:15] <%$ミ자이드런 (dydrkf25)> ㅋㅋㅋㅋㅋㅋㅋㅋㅋㅋ
[2021-12-10 23:35:16] <%ミ디알 (b1ack_luna)> ㅋㅋㅋㅋㅋㅋㅋㅋㅋ
[2021-12-10 23:35:17] <남정 (moung006300)> ㅋㅋㅋㅋㅋㅋㅋㅋㅋㅋ
[2021-12-10 23:35:18] <%샤초 (tich324)> ㅋㅋㅋㅋㅋㅋㅋ
[2021-12-10 23:35:20] <%$ミ_레드향 (red_aroma)> ㅋㅋㅋㅋㅋㅋㅋㅋㅋㅋㅋㅋㅋㅋㅋㅋㅋ
[2021-12-10 23:35:21] <%ミ왕밤빵오빠 (nacinfo)> ㅋㅋㅋㅋㅋㅋㅋㅋㅋㅋㅋㅋㅋㅋㅋㅋㅋㅋ
[2021-12-10 23:35:23] <%ミ공룡사이즈 (trilong)> ㅋㅋㅋㅋㅋㅋㅋㅋㅋㅋㅋㅋㅋ
[2021-12-10 23:35:28] <%포모즐겜 (pomojeulgem)> ㅋㅋㅋㅋㅋ
[2021-12-10 23:35:32] <%_천하_ (ocheonhao)> 묘야님이 아니었어도 다른 무언가에 빼앗겼을 시간입니다.
[2021-12-10 23:35:46] <%ミ네드발식기상법 (prime7531)> ㅋㅋㅋㅋ.....
[2021-12-10 23:35:46] <%ミ침묵충 (chimchim7104)> 골든정답
[2021-12-10 23:35:47] <%ミ디알 (b1ack_luna)> 그럴지도?
[2021-12-10 23:35:47] <남정 (moung006300)> ㅋㅋㅋㅋㅋㅋㅋ
[2021-12-10 23:35:51] <%32호라몬 (34qwrr23ss)> 묘하
[2021-12-10 23:35:51] <@%^빵_떡 (bbangddeock)> 32호라몬 님 묘하~! myoyaDhkdk
[2021-12-10 23:35:54] <%32호라몬 (34qwrr23ss)> myoyaQldrmfqldrmf myoyaQldrmfqldrmf myoyaQldrmfqldrmf
[2021-12-10 23:35:54] <%ミ올리아 (alllia)> ㅋㅋㅋ
[2021-12-10 23:35:57] <%ミ캣오빠 (jungjung8095)> 아몬드 아몬드
[2021-12-10 23:36:05] <%ミ침묵충 (chimchim7104)> 킹치만 묘얀미....제 인생에서 스트리머는 묘얀미밖에 없는걸요
[2021-12-10 23:36:06] <%ミ네드발식기상법 (prime7531)> 질투심이 솟아오르시나요?
[2021-12-10 23:36:07] <%포모즐겜 (pomojeulgem)> 먐미가 아니였으면 트위치 광고 보기 싫어서 구독으로 돈 안 섰을거에요
[2021-12-10 23:36:07] <%ミ뽀오잉 (dlrmsvyaa)> 그건... 잘 모르겠네요~
[2021-12-10 23:36:11] <%포나루 (tisyre02)> 묘하
[2021-12-10 23:36:11] <@%^빵_떡 (bbangddeock)> 포나루 님 묘하~! myoyaDhkdk
[2021-12-10 23:36:12] <%ミ바볼바 (dlsldldl)> 그래도 묘야님 봐서 좋았아요 페코
[2021-12-10 23:36:21] <%ミ네드발식기상법 (prime7531)> 묘얀미 만약은 없어요
[2021-12-10 23:36:24] <%ミ왕밤빵오빠 (nacinfo)> 아니여
[2021-12-10 23:36:26] <이누야샤_ (inu02)> 하얀 호랭이를 대체 할 것은 없다고 봐여
[2021-12-10 23:36:36] <남정 (moung006300)> 꾸준히 묘얀미는 묘얀미로 있어주세요 그것만으로도 힘이 됩니다!
[2021-12-10 23:36:41] <%ミ바볼바 (dlsldldl)> 묘야님 전 묘야님 밖에 없습니다
[2021-12-10 23:36:45] <%ミ캣오빠 (jungjung8095)> 묘야님 여기서 우시면 됩니다
[2021-12-10 23:36:46] <%ミ바볼바 (dlsldldl)> 결혼해주세요
[2021-12-10 23:36:48] <@%^빵_떡 (bbangddeock)> 2022 묘야 달력 예약하기⭐️ https://smartstore.naver.com/myoyastore/products/6068019895
[2021-12-10 23:36:50] <%ミ올리아 (alllia)> 방종하지말라는 겁니다
[2021-12-10 23:37:01] <%ミ뽀오잉 (dlrmsvyaa)> 묘얀미라 이렇게 오래봐왔으니 아마 묘얀미가 아니었으면 트위치도 안왔을거같네요~
[2021-12-10 23:37:06] <%ミ고귀한고독 (penggeen)> 묘얀미 방송 아니었으면 트위치에 들어올 일이 없었겠지....트위치 묘얀미께 감사해라
[2021-12-10 23:37:10] <%포모즐겜 (pomojeulgem)> 솔직히 호랑이 캐릭터가 희기 하긴해 백호가 가장 좋아하는 동물인데
[2021-12-10 23:37:11] <%ミ대재규 (jykim950)> 대체할 곳이라면...
[2021-12-10 23:37:14] <%_천하_ (ocheonhao)> 저는 대체가 가능한 방송은 구독하지 않습니다
[2021-12-10 23:37:19] <%ミ뽀오잉 (dlrmsvyaa)> myoyaWww myoyaWww myoyaWww
[2021-12-10 23:37:19] <%ミ디알 (b1ack_luna)> 하?
[2021-12-10 23:37:19] <%ミ네드발식기상법 (prime7531)> 맞아요 묘얀미 대체라뇨
[2021-12-10 23:37:20] <남정 (moung006300)> ㅋㅋㅋㅋㅋㅋㅋㅋㅋㅋㅋㅋㅋ
[2021-12-10 23:37:23] <%포모즐겜 (pomojeulgem)> ㅋㅋㅋㅋㅋㅋ
[2021-12-10 23:37:25] <%샤초 (tich324)> ㅋㅋㅋㅋㅋ
[2021-12-10 23:37:27] <%$ミ자이드런 (dydrkf25)> ㅋㅋㅋㅋㅋㅋㅋㅋ
[2021-12-10 23:37:27] <%ミ캣오빠 (jungjung8095)> 야 여기 스트리머 운다!
[2021-12-10 23:37:28] <%루루시에 (lulushie)> ㅋㅋㅋㅋㅋ
[2021-12-10 23:37:28] <leeyourgosu> 묘야밈은 제가 유일하게.. 블랙이나 밴 안먹고 보는 방송 중 하나에요ㅋㅋㅋㅋㅋㅋㅋㅋ
[2021-12-10 23:37:29] <%$ミ_레드향 (red_aroma)> ㅋㅋㅋㅋㅋㅋㅋㅋㅋㅋㅋㅋㅋ
[2021-12-10 23:37:29] <%포모즐겜 (pomojeulgem)> 이제 놀리면 되나요?
[2021-12-10 23:37:30] <@Twipkr>* 031님, 후원 감사합니다♡
[2021-12-10 23:37:30] <%나비친구 (poato8904)> 묘야님 사랑합니다
[2021-12-10 23:37:30] <%ミ디알 (b1ack_luna)> 또르륵
[2021-12-10 23:37:33] <%ミ공룡사이즈 (trilong)> ㅋㅋㅋㅋㅋㅋㅋㅋㅋㅋㅋㅋㅋㅋㅋ
[2021-12-10 23:37:35] <%ミ침묵충 (chimchim7104)> 묘야님의 울음에 감동이 깨져버렸으니 책임져!
[2021-12-10 23:37:37] <%$ミ자이드런 (dydrkf25)> 영혼 어디갔어요 ㅋㅋㅋㅋ
[2021-12-10 23:37:57] <ミ프리 (freeformica)> 그게 먐미잖아요
[2021-12-10 23:37:59] <%ミ디알 (b1ack_luna)> ㅋㅋㅋㅋ
[2021-12-10 23:37:59] <leeyourgosu> 경쟁..
[2021-12-10 23:37:59] <%$ミ자이드런 (dydrkf25)> ㅋㅋㅋㅋㅋㅋㅋㅋ
[2021-12-10 23:38:02] <%ミ올리아 (alllia)> ㅋㅋㅋ
[2021-12-10 23:38:03] <%ミ뽀오잉 (dlrmsvyaa)> 그 진짜 많은분중 저는 묘얀미를 택했죠~
[2021-12-10 23:38:03] <%ミ바볼바 (dlsldldl)> 묘야님 저사람 따 여자 스트리머 방송 갔다고 자백했습니다 혼내죠
[2021-12-10 23:38:03] <%포모즐겜 (pomojeulgem)> 이제 놀리면 되나요?
[2021-12-10 23:38:07] <%ミ바볼바 (dlsldldl)> 딴
[2021-12-10 23:38:10] <leeyourgosu> 울어줘잉
[2021-12-10 23:38:12] <%_천하_ (ocheonhao)> 감수성 킬러 젤리단
[2021-12-10 23:38:14] <%qwer122344> 아 묘야님 여기선 더 우셨어야했는데..
[2021-12-10 23:38:20] <%ミ네드발식기상법 (prime7531)> 근데 귀여운것도 한두번이지 묘얀미가 유머코드가 잘 맞는거 같아요
[2021-12-10 23:38:27] <%$ミ자이드런 (dydrkf25)> 근데 묘얀미처럼확 끌리진 않더라고요
[2021-12-10 23:38:31] <%$ミ자이드런 (dydrkf25)> 그죠 `
[2021-12-10 23:38:33] <%ミ디알 (b1ack_luna)> 그게 마찌
[2021-12-10 23:38:40] <%ミ대재규 (jykim950)> 원동력?
[2021-12-10 23:38:40] <%ミ공룡사이즈 (trilong)> 그렇죠
[2021-12-10 23:38:45] <%ミ왕밤빵오빠 (nacinfo)> 그것은 맞아여
[2021-12-10 23:38:46] <%포모즐겜 (pomojeulgem)> 먐미의 매력은 묘예민씨일떄 극대화되죠
[2021-12-10 23:38:47] <%ミ캣오빠 (jungjung8095)> 원동력 원동력 원동력
[2021-12-10 23:38:48] <@%^빵_떡 (bbangddeock)> ෆ myoya ෆ  https://www.youtube.com/channel/UCDZTV0gSwZBZriB3GmnGq0w
[2021-12-10 23:38:55] <leeyourgosu> 어.. 은근 묘야님 맘 넓음
[2021-12-10 23:39:01] <%ミ올리아 (alllia)> ㅋㅋㅋ
[2021-12-10 23:39:02] <%ミ뽀오잉 (dlrmsvyaa)> myoyaWww myoyaWww
[2021-12-10 23:39:09] <%ミ대재규 (jykim950)> 그건 극대화가 아니라 극대노잖아요ㅕ
[2021-12-10 23:39:09] <%포모즐겜 (pomojeulgem)> 먐미 사실 어제 게임하다 못 왔습니다 머리 박겠습니다
[2021-12-10 23:39:11] <남정 (moung006300)> ㅋㅋㅋㅋㅋㅋㅋㅋㅋ
[2021-12-10 23:39:13] <%ミ딸기맛된장국 (narumi0925)> 마음의 별로..☆
[2021-12-10 23:39:14] <%ミ왕밤빵오빠 (nacinfo)> 아~
[2021-12-10 23:39:14] <%ミ침묵충 (chimchim7104)> '은근'
[2021-12-10 23:39:15] <%ミ네드발식기상법 (prime7531)> 꼭 텐션이 높아야 매력적인건 아니잖아요?
[2021-12-10 23:39:17] <%_천하_ (ocheonhao)> 하....묘야님 방송은 왜 보는줄 모르겠어요. 그때부터였을까요? 제 자신을 이해할수 없게 된게.
[2021-12-10 23:39:17] <%ミ뽀오잉 (dlrmsvyaa)> 은근 ㅋㅋㅋㅋㅋ
[2021-12-10 23:39:19] <%ミ디알 (b1ack_luna)> ㅇ0ㅇ 지금 우리 묘예민씨 한테 별로라고 한거에요?
[2021-12-10 23:39:22] <%ミ바볼바 (dlsldldl)> 묘야님 자존감 높아졌다고 해놓고 자기 별로라고 하면 어케요
[2021-12-10 23:39:39] <%ミ대재규 (jykim950)> 내 마음의 별로
[2021-12-10 23:39:40] <%ミ고귀한고독 (penggeen)> 이 잔잔함에 반한건데....
[2021-12-10 23:39:43] <%ミ디알 (b1ack_luna)> 어떻게 그럴수가
[2021-12-10 23:39:46] <%$ミ자이드런 (dydrkf25)> 마냥 귀엽기만하신게 아니고 성숙함도 고로있으셔서 너무 좋아요 myoyaHeart
[2021-12-10 23:39:48] <%$ミ자이드런 (dydrkf25)> 앜ㅋㅋㅋㅋㅋ
[2021-12-10 23:39:48] <%킹리스 (kingless213)> 묘하
[2021-12-10 23:39:49] <@%^빵_떡 (bbangddeock)> 킹리스 님 묘하~! myoyaDhkdk
[2021-12-10 23:39:50] <%qwer122344> 그럼 이제 티셔츠에 대문짝만하게 묘야짱 최고다 앞뒤로 쓰고 다녀도 된는거죠??
[2021-12-10 23:39:54] <%_천하_ (ocheonhao)> 인격이 몇개이시죠?
[2021-12-10 23:39:55] <남정 (moung006300)> 23아이덴티티 ㄷㄷ
[2021-12-10 23:39:55] <%ミ캣오빠 (jungjung8095)> 우리 예민누나 어디갔어요
[2021-12-10 23:40:00] <%ミ네드발식기상법 (prime7531)> 아침에 많이 나오는 인격
[2021-12-10 23:40:02] <leeyourgosu> 아 정말 임. 내가 지금까지 살아있는거보면 묘야님 맘 넓음 ㅋㅋㅋㅋㅋㅋㅋㅋㅋ
[2021-12-10 23:40:02] <%포모즐겜 (pomojeulgem)> 그면 저가 묘예민씨를 받아가겠습니다
[2021-12-10 23:40:15] <%ミ디알 (b1ack_luna)> 키는 안성숙해ㅠ
[2021-12-10 23:40:16] <%포모즐겜 (pomojeulgem)> 이제 놀리면 되나요? 먐미
[2021-12-10 23:40:16] <%ミ침묵충 (chimchim7104)> 네?
[2021-12-10 23:40:18] <%ミ디알 (b1ack_luna)> ?
[2021-12-10 23:40:18] <%ミ딸기맛된장국 (narumi0925)> ?
[2021-12-10 23:40:18] <@%^빵_떡 (bbangddeock)> 빵떡이가 냠냠한  22745 번째 갈고리 bbangd1Nyam
[2021-12-10 23:40:18] <%샤초 (tich324)> 네?
[2021-12-10 23:40:18] <%ミ천사치노 (swkim00734)> 네?
[2021-12-10 23:40:20] <남정 (moung006300)> 안돼요!
[2021-12-10 23:40:22] <%ミ딸기맛된장국 (narumi0925)> 밴
[2021-12-10 23:40:22] <%ミ디알 (b1ack_luna)> myoyaAnjfo
[2021-12-10 23:40:23] <%ミ공룡사이즈 (trilong)> ??
[2021-12-10 23:40:24] <%ミ침묵충 (chimchim7104)> 기분 좋은거랑 커피랑 무슨 상관이에요>???
[2021-12-10 23:40:25] <%ミ왕밤빵오빠 (nacinfo)> 안돼여
[2021-12-10 23:40:27] <leeyourgosu> 비행기 태워야지 묘야님
[2021-12-10 23:40:29] <%포모즐겜 (pomojeulgem)> 커피 먹고 어케 자요?
[2021-12-10 23:40:31] <%$ミ자이드런 (dydrkf25)> myoyaCoffee
[2021-12-10 23:40:31] <%ミ공룡사이즈 (trilong)> 예??!
[2021-12-10 23:40:34] <%ミ왕밤빵오빠 (nacinfo)> 기분 좋은것이랑 커피랑 무슨 상관이에여
[2021-12-10 23:40:34] <%ミ바볼바 (dlsldldl)> 스펀지:내가 묘야님을 좋아하는 이유는 [            ]다
[2021-12-10 23:40:34] BAN: dlsldldl (60s)
[2021-12-10 23:40:34] <@%^빵_떡 (bbangddeock)> ミ바볼바 --> 반복 단어가 너무 많습니다.
[2021-12-10 23:40:34] <%ミ천사치노 (swkim00734)> myoyaJelly4
[2021-12-10 23:40:35] <이누야샤_ (inu02)> ?
[2021-12-10 23:40:36] <%나비친구 (poato8904)> 묘야님 오늘 다시보기 남나요???
[2021-12-10 23:40:36] <%ミ침묵충 (chimchim7104)> 쪼아용
[2021-12-10 23:40:37] <%$ミ자이드런 (dydrkf25)> 오 ~
[2021-12-10 23:40:39] <%ミ뽀오잉 (dlrmsvyaa)> 오오!
[2021-12-10 23:40:39] <%ミ디알 (b1ack_luna)> 얏타~
[2021-12-10 23:40:40] <%ミ올리아 (alllia)> 오
[2021-12-10 23:40:40] <%오렌지글라스 (goodcopy)> myoyaDhkdk
[2021-12-10 23:40:41] <%qwer122344> 기분이 좋은데 커피를요?잠깐만요 오커몇??
[2021-12-10 23:40:42] <%ミ디알 (b1ack_luna)> 좋아용
[2021-12-10 23:40:42] <%$ミ자이드런 (dydrkf25)> myoyaDhkdk myoyaDhkdk
[2021-12-10 23:40:42] <이누야샤_ (inu02)> 12시!
[2021-12-10 23:40:43] <%ミ공룡사이즈 (trilong)> 오~!!
[2021-12-10 23:40:43] <leeyourgosu> 12시 1분은요
[2021-12-10 23:40:49] <%ミ침묵충 (chimchim7104)> 네?
[2021-12-10 23:40:50] <%_천하_ (ocheonhao)> 소주 한잔 같은 느낌
[2021-12-10 23:40:52] <%ミ네드발식기상법 (prime7531)> 와 칭찬 이거 효과 좋구만 기래
[2021-12-10 23:40:53] <%ミ뽀오잉 (dlrmsvyaa)> 오늘 묘얀미 통이 크시네요
[2021-12-10 23:40:53] <%ミ공룡사이즈 (trilong)> 좋아요!! myoyaHeart myoyaHeart
[2021-12-10 23:40:59] <%포모즐겜 (pomojeulgem)> myoyaJelly4  먐미 만나서 머리 꺠진 나의 모습
[2021-12-10 23:41:01] <이누야샤_ (inu02)> 넹
[2021-12-10 23:41:03] <%ミ디알 (b1ack_luna)> 무슨 상관이 있는지 전혀 모르겠는데요 myoyaJelly33
[2021-12-10 23:41:03] <%qwer122344> 냉
[2021-12-10 23:41:06] <%ミ침묵충 (chimchim7104)> 묘야님 저희가 잘못했어요 커피 드시고 12시에 방종핫;ㅣ죠
[2021-12-10 23:41:06] <%ミ올리아 (alllia)> 걱정마요   시간은계속 지나갈거에요ㅠㅋㅋ
[2021-12-10 23:41:07] <%$ミ자이드런 (dydrkf25)> 12시라면서요 ㅜㅜ
[2021-12-10 23:41:08] <남정 (moung006300)> 12시 50분!
[2021-12-10 23:41:09] <leeyourgosu> 11시 55분
[2021-12-10 23:41:10] <%나비친구 (poato8904)> 12시 50분 확인했습니다!!
[2021-12-10 23:41:17] <%ミ올리아 (alllia)> 12시50분 확인
[2021-12-10 23:41:22] <%qwer122344> 그래요??
[2021-12-10 23:41:23] <%ミ네드발식기상법 (prime7531)> 잠 안 주무세요?
[2021-12-10 23:41:26] <%$ミ자이드런 (dydrkf25)> 쳇
[2021-12-10 23:41:30] <%$ミ자이드런 (dydrkf25)> myoyaJelly4 myoyaJelly4
[2021-12-10 23:41:30] <%ミ올리아 (alllia)> 0시50붐 확인이요
[2021-12-10 23:41:32] <남정 (moung006300)> ㅋㅋㅋㅋㅋㅋㅋ
[2021-12-10 23:41:35] <%qwer122344> 오전 11시요??
[2021-12-10 23:41:37] <%포모즐겜 (pomojeulgem)> 기분 좋을떄는 먐미 애교죠! 해주세요!
[2021-12-10 23:41:46] <%ミ네드발식기상법 (prime7531)> 커피 드시고 어떻게 주무셔오
[2021-12-10 23:41:50] <%ミ올리아 (alllia)> 삭제하고
[2021-12-10 23:41:56] <%ミ디알 (b1ack_luna)> ?
[2021-12-10 23:41:57] <@%^빵_떡 (bbangddeock)> 빵떡이가 냠냠한  22746 번째 갈고리 bbangd1Nyam
[2021-12-10 23:41:59] <%$ミ자이드런 (dydrkf25)> ?????
[2021-12-10 23:41:59] <%ミ침묵충 (chimchim7104)> ㅋㅋㅋㅋㅋㅋ
[2021-12-10 23:42:00] <%ミ바볼바 (dlsldldl)> ?
[2021-12-10 23:42:00] <%샤초 (tich324)> ???
[2021-12-10 23:42:01] <%ミ왕밤빵오빠 (nacinfo)> ???
[2021-12-10 23:42:02] <%$ミ퀴엘 (quiel_k)> ???
[2021-12-10 23:42:02] <%ミ뽀오잉 (dlrmsvyaa)> 네?
[2021-12-10 23:42:02] <영삼일031 (119emt911)> 다시보기 밴
[2021-12-10 23:42:03] <%ミ바볼바 (dlsldldl)> 묘야님 그건좀
[2021-12-10 23:42:04] <%ミ딸기맛된장국 (narumi0925)> ??
[2021-12-10 23:42:05] <%ミ왕밤빵오빠 (nacinfo)> 왜져
[2021-12-10 23:42:05] <%ミ공룡사이즈 (trilong)> ???
[2021-12-10 23:42:07] <%ミ올리아 (alllia)> ㅋㅋㅋㅋㅋㅋ
[2021-12-10 23:42:07] <%ミ디알 (b1ack_luna)> !선
[2021-12-10 23:42:08] <@%^빵_떡 (bbangddeock)> 스트리머가  597 번째 선을 넘으셨습니다. bbangd1Pop
[2021-12-10 23:42:12] <%_천하_ (ocheonhao)> 어허 그 삭제하려는 손 놓지 못할까
[2021-12-10 23:42:16] <%포모즐겜 (pomojeulgem)> 다시보기는 오늘도 울어요
[2021-12-10 23:42:16] <%qwer122344> ????내?? 먼가  이상한데요
[2021-12-10 23:42:18] <%$ミ자이드런 (dydrkf25)> 왜 끝마무리가 삭제에요?
[2021-12-10 23:42:26] <%ミ네드발식기상법 (prime7531)> 묘야 : 나에게 다시보기란 살인이다
[2021-12-10 23:42:32] <%ミ디알 (b1ack_luna)> 과거의 묘얀미를 부정하지 마요 묘얀미...!
[2021-12-10 23:42:34] <%포모즐겜 (pomojeulgem)> ㅋㅋ
[2021-12-10 23:42:36] <%qwer122344> 에이 묘야님 부끄러운게 뭐 하루이틀인가요??
[2021-12-10 23:42:38] <%ミ침묵충 (chimchim7104)> 그럴 수 있죵
[2021-12-10 23:42:42] <%포모즐겜 (pomojeulgem)> 다시보고 살인 멈춰
[2021-12-10 23:42:45] <leeyourgosu> 묘야님 기분 파 잖아요
[2021-12-10 23:42:48] <@%^빵_떡 (bbangddeock)> 묘야 굿즈 구매하러가기 ▶ https://shopfanpick.net/creator_product/id=26
[2021-12-10 23:42:59] <%$ミ자이드런 (dydrkf25)> 아하
[2021-12-10 23:42:59] <%nautilus_k> 창피한건 묘얀미인데 창 못피하는 건 왜 다시보기죠?
[2021-12-10 23:42:59] <%ミ왕밤빵오빠 (nacinfo)> 네네
[2021-12-10 23:43:01] <%ミ왕밤빵오빠 (nacinfo)> 아~~
[2021-12-10 23:43:02] <%$ミ자이드런 (dydrkf25)> 그죠
[2021-12-10 23:43:03] <%샤초 (tich324)> 네네
[2021-12-10 23:43:04] <%$ミ자이드런 (dydrkf25)> ㅋㅋㅋㅋㅋㅋㅋㅋㅋ
[2021-12-10 23:43:05] <%ミ디알 (b1ack_luna)> ㅋㅋㅋㅋㅋ
[2021-12-10 23:43:06] <%ミ왕밤빵오빠 (nacinfo)> 그쳐
[2021-12-10 23:43:06] <%오렌지글라스 (goodcopy)> ㅋㅋㅋㅋㅋㅋㅋㅋㅋ
[2021-12-10 23:43:06] <%샤초 (tich324)> ㅋㅋㅋㅋ
[2021-12-10 23:43:06] <%ミ뽀오잉 (dlrmsvyaa)> myoyaWww myoyaWww
[2021-12-10 23:43:07] <%ミ올리아 (alllia)> ㅋㅋㅋㅋ
[2021-12-10 23:43:07] <남정 (moung006300)> ㅋㅋㅋㅋㅋㅋㅋㅋㅋㅋㅋ
[2021-12-10 23:43:08] <%ミ침묵충 (chimchim7104)> ㅋㅋㅋㅋㅋㅋㅋㅋㅋㅋㅋ
[2021-12-10 23:43:10] <%_천하_ (ocheonhao)> 묘야님 그거 아시나요? 이번주 수요일 다시보기 썸네일에 묘야님 얼굴에 바보라고 적혀져있는거 ㅋㅋㅋㅋㅋ
[2021-12-10 23:43:11] <%나비친구 (poato8904)> ㅋㅋㅋㅋㅋㅋㅋ
[2021-12-10 23:43:11] <%ミ공룡사이즈 (trilong)> ㅋㅋㅋㅋㅋㅋㅋㅋㅋㅋㅋㅋㅋ
[2021-12-10 23:43:11] <%$ミ자이드런 (dydrkf25)> myoyaWww myoyaWww
[2021-12-10 23:43:11] <%ミ디알 (b1ack_luna)> 아 귀여우셔ㅋㅋㅋㅋ
[2021-12-10 23:43:11] <%$여용_ (dudyd_)> ㅋㅋㅋㅋㅋㅋㅋㅋㅋㅋㅋㅋㅋ
[2021-12-10 23:43:13] <ミ프리 (freeformica)> ㅋㅋㅋㅋㅋㅋㅋㅋㅋㅋ
[2021-12-10 23:43:15] <%qwer122344> ㅋㅋㅋㅋㅋㅋㅋ
[2021-12-10 23:43:17] <%ミ올리아 (alllia)> 그래서 삭제 ㅋㅋㅋ
[2021-12-10 23:43:21] <%ミ디알 (b1ack_luna)> 편-안
[2021-12-10 23:43:25] <%ミ침묵충 (chimchim7104)> 묘야님 방송 규칙에 의해서 인사를 강요하면 안됩니다;; 묘야님 밴좀요
[2021-12-10 23:43:26] <%나비친구 (poato8904)> ㅋㅋㅋㅋㅋㅋㅋㅋㅋㅋㅋ
[2021-12-10 23:43:27] <%ミ디알 (b1ack_luna)> myoyaWww
[2021-12-10 23:43:28] <%ミ왕밤빵오빠 (nacinfo)> ㅋㅋㅋㅋㅋ
[2021-12-10 23:43:31] <%ミ캣오빠 (jungjung8095)> 전 그래서 묘야님 귀여운 부분있으면 삭제하기전에 클립따서 유튜브에 올려놔요
[2021-12-10 23:43:33] <%포모즐겜 (pomojeulgem)> 인사 했는데 무시 당했을떄 오히려 볼 빨개지면서 기분좋을수도
[2021-12-10 23:43:34] <%qwer122344> 유쾌상쾌통쾌~~
[2021-12-10 23:43:35] <%ミ왕밤빵오빠 (nacinfo)> 귀엽네여
[2021-12-10 23:43:39] <%ミ뽀오잉 (dlrmsvyaa)> 과거의 자신에게 노우!! 노우!! 하는 장면 생각나네요~
[2021-12-10 23:43:40] <%$ミ자이드런 (dydrkf25)> 되게 디테일하게 모니터링하시네요 ㅋㅋㅋㅋㅋ..
[2021-12-10 23:43:40] <영삼일031 (119emt911)> 인터스텔라 인줄 알았네요 묘터스텔라
[2021-12-10 23:43:45] <%ミ침묵충 (chimchim7104)> ㅋㅋㅋㅋㅋㅋㅋ
[2021-12-10 23:43:45] <%ミ디알 (b1ack_luna)> 아 그렇네 방장 쳐내
[2021-12-10 23:43:46] <%ミ뽀오잉 (dlrmsvyaa)> myoyaWww myoyaWww
[2021-12-10 23:43:47] <남정 (moung006300)> ㅋㅋㅋㅋㅋㅋㅋㅋㅋㅋㅋㅋㅋ
[2021-12-10 23:43:48] <@%^빵_떡 (bbangddeock)> ෆ 묘야 노래 채널 ෆ  https://www.youtube.com/channel/UC4eCeHvwkrk50PJYUA8anYQ
[2021-12-10 23:43:49] <%ミ바볼바 (dlsldldl)> 묘야님 방송 규칙에 인사 강요하지 말라면서 본인이 가장 강요중
[2021-12-10 23:43:51] <%ミ침묵충 (chimchim7104)> 아 누가 묘야님 밴좀요
[2021-12-10 23:43:52] <%qwer122344> 당연하죠!
[2021-12-10 23:43:54] <%$ミ자이드런 (dydrkf25)> myoyaWww myoyaWww myoyaWww
[2021-12-10 23:43:54] <%ミ올리아 (alllia)> ㅋㅋㅋㅋ
[2021-12-10 23:43:56] <%ミ침묵충 (chimchim7104)> ㅋㅋㅋㅋㅋㅋㅋㅋㅋㅋㅋ
[2021-12-10 23:43:56] <%샤초 (tich324)> ㅋㅋㅋㅋㅋㅋ
[2021-12-10 23:43:57] <%ミ디알 (b1ack_luna)> 인터스텔라ㅋㅋㅋㅋㅋ
[2021-12-10 23:43:57] <%국대재눌 (serdwetfeygr5e)> ㅋㅋㅋㅋㅋㅋㅋㅋㅋㅋㅋ
[2021-12-10 23:44:08] <%ミ디알 (b1ack_luna)> 아 비유가 찰떡이네ㅋㅋㅋ
[2021-12-10 23:44:19] <%ミ올리아 (alllia)> 인터스텔라 또  보고싶당
[2021-12-10 23:44:20] <%렌덤스타 (jsm0827)> 과연?
[2021-12-10 23:44:20] <%ミ대재규 (jykim950)> myoyaRkddddd myoyaAkdcl myoyaPikachu 밴 (물리)
[2021-12-10 23:44:22] <@%ミ루아 (lix375)> myoyaPikachu
[2021-12-10 23:44:23] <%ミ왕밤빵오빠 (nacinfo)> 헐
[2021-12-10 23:44:23] <%포모즐겜 (pomojeulgem)> 전 일주일에 3번은 못 보시더라고요 근데 무시당하는 이 기분... 좋은데?
[2021-12-10 23:44:24] <%ミ왕밤빵오빠 (nacinfo)> ㅋㅋㅋㅋㅋ
[2021-12-10 23:44:28] <%_천하_ (ocheonhao)> 인터스텔라 보고싶어지네요
[2021-12-10 23:44:29] <leeyourgosu> 안돼 묘야님 밴 하려고 하면 일찍간단말이야...
[2021-12-10 23:44:31] <%ミ뽀오잉 (dlrmsvyaa)> 그렇죠~
[2021-12-10 23:44:34] <%$ミ자이드런 (dydrkf25)> ㅋㅋㅋㅋㅋㅋㅋㅋ
[2021-12-10 23:44:35] <남정 (moung006300)> ??
[2021-12-10 23:44:40] <%포모즐겜 (pomojeulgem)> ㅋㅋㅋ
[2021-12-10 23:44:41] <%ミ훌림목 (qazsw12341)> ㅋㅋㅋㅋㅋㅋㅋㅋㅋㅋㅋㅋㅋㅋㅋㅋㅋ
[2021-12-10 23:44:44] <남정 (moung006300)> ㅋㅋㅋㅋㅋㅋㅋㅋㅋㅋㅋ
[2021-12-10 23:44:45] <%렌덤스타 (jsm0827)> ㅋㅋㅋㅋㅋㅋ
[2021-12-10 23:44:46] <%ミ딸기맛된장국 (narumi0925)> myoyaJelly4
[2021-12-10 23:44:46] <%ミ디알 (b1ack_luna)> 빠른 검증 좋네요
[2021-12-10 23:44:46] <%샤초 (tich324)> ㅋㅋㅋㅋㅋ
[2021-12-10 23:44:47] <@%ミ루아 (lix375)> 안 되는 게 정상이긴 하죠 ㅋㅋ
[2021-12-10 23:44:47] <%ミ공룡사이즈 (trilong)> ㅋㅋㅋㅋㅋㅋㅋㅋㅋㅋㅋㅋㅋㅋㅋㅋㅋㅋㅋ
[2021-12-10 23:44:48] <@%^빵_떡 (bbangddeock)> 나갈 때는 되도록 인사없이 퇴장부탁드립니다 (*´꒳`*)♡
[2021-12-10 23:44:48] <%ミ디알 (b1ack_luna)> ㅋㅋㅋㅋ
[2021-12-10 23:44:49] <%ミ대재규 (jykim950)> 되면 바로 쿠데타 일어나잖아요...
[2021-12-10 23:44:49] <%qwer122344> 이걸 진짜로 해보셨어요??
[2021-12-10 23:44:50] <%루루시에 (lulushie)> ㅋㅋㅋ 다 해보셨군요 ㅋㅋㅋ
[2021-12-10 23:44:51] <leeyourgosu> 왕위를 계승중입니다...
[2021-12-10 23:44:51] <%ミ딸기맛된장국 (narumi0925)> 묘야없는 묘야방송
[2021-12-10 23:44:59] <%ミ침묵충 (chimchim7104)> 와 이게 안되네
[2021-12-10 23:44:59] <%포모즐겜 (pomojeulgem)> 스트리머는 매니저 벤할수 있나요?
[2021-12-10 23:45:02] <%$ミ자이드런 (dydrkf25)> ㅋㅋㅋㅋㅋㅋ
[2021-12-10 23:45:04] <%ミ침묵충 (chimchim7104)> ㅋㅋㅋㅋㅋㅋㅋㅋㅋㅋ
[2021-12-10 23:45:06] <%ミ뽀오잉 (dlrmsvyaa)> ㅋㅋㅋㅋㅋ
[2021-12-10 23:45:06] <%ミ네드발식기상법 (prime7531)> 매니저 이게 뭐하는 짓이냐?!  스트리머를 계승중입니다.....묘얀미.....
[2021-12-10 23:45:07] <%포모즐겜 (pomojeulgem)> ㅋㅋㅋ
[2021-12-10 23:45:12] <%$ミ자이드런 (dydrkf25)> myoyaWww myoyaWww myoyaWww
[2021-12-10 23:45:15] <%$ミ자이드런 (dydrkf25)> 그죠
[2021-12-10 23:45:15] <%_천하_ (ocheonhao)> 묘야님 벤당하면 젤리단 단톡방 되는거죠
[2021-12-10 23:45:17] <%ミ디알 (b1ack_luna)> 그쵸ㅋㅋ
[2021-12-10 23:45:19] <leeyourgosu> 정장임
[2021-12-10 23:45:23] <%ミ뽀오잉 (dlrmsvyaa)> 그쵸~
[2021-12-10 23:45:27] <leeyourgosu> 오
[2021-12-10 23:45:30] <leeyourgosu> 궁금하다
[2021-12-10 23:45:30] <%ミ침묵충 (chimchim7104)> 지금까지 묘야님을 사랑해주셔서 감사합니다. 내일부터 묘니저로 찾아뵙겠습니다
[2021-12-10 23:45:30] <%qwer122344> 스트리머없는 방송..
[2021-12-10 23:45:31] <%ミ왕밤빵오빠 (nacinfo)> 아~
[2021-12-10 23:45:33] <%ミ훌림목 (qazsw12341)> 오 한 번 해보시죠
[2021-12-10 23:45:35] <%ミ훌림목 (qazsw12341)> ㅋㅋㅋㅋㅋㅋㅋㅋㅋㅋ
[2021-12-10 23:45:39] <%ミ올리아 (alllia)> ??:매니저  스트리머 벤 가능하게 수정 ㄷ
[2021-12-10 23:45:49] <%포모즐겜 (pomojeulgem)> ㅋㅋㅋ
[2021-12-10 23:45:50] <%ミ디알 (b1ack_luna)> 엌ㅋㅋㅋ
[2021-12-10 23:45:51] <이누야샤_ (inu02)> 묘얀미 없는 묘뱅
[2021-12-10 23:45:56] <%ミ침묵충 (chimchim7104)> ㅋㅋㅋㅋㅋㅋㅋㅋㅋㅋㅋㅋㅋ
[2021-12-10 23:45:59] <%ミ네드발식기상법 (prime7531)> ㅋㅋㅋㅋ
[2021-12-10 23:45:59] <%$ミ자이드런 (dydrkf25)> ㅋㅋㅋㅋㅋㅋㅋㅋ
[2021-12-10 23:46:00] <%ミ디알 (b1ack_luna)> 묘야님님
[2021-12-10 23:46:00] <%샤초 (tich324)> ㅋㅋㅋㅋㅋㅋ
[2021-12-10 23:46:00] <%ミ공룡사이즈 (trilong)> ㅋㅋㅋㅋㅋㅋㅋㅋㅋㅋㅋㅋㅋㅋㅋㅋㅋㅋ
[2021-12-10 23:46:00] <%ミ침묵충 (chimchim7104)> 묘야뉨뉨
[2021-12-10 23:46:01] <%ミ뽀오잉 (dlrmsvyaa)> 묘야님님 myoyaWww myoyaWww
[2021-12-10 23:46:02] <%ミ디알 (b1ack_luna)> ㅋㅋㅋㅋㄱㄱ
[2021-12-10 23:46:04] <%ミ왕밤빵오빠 (nacinfo)> ㅋㅋㅋㅋㅋㅋㅋㅋ
[2021-12-10 23:46:05] <%ミ대재규 (jykim950)> 묘야님님 한판해요
[2021-12-10 23:46:05] <%오렌지글라스 (goodcopy)> ㅋㅋㅋㅋㅋㅋ
[2021-12-10 23:46:05] <%ミ바볼바 (dlsldldl)> 묘야니임으로 해주세요
[2021-12-10 23:46:06] <%$여용_ (dudyd_)> ㅋㅋㅋㅋㅋㅋㅋㅋ
[2021-12-10 23:46:07] <남정 (moung006300)> 님님
[2021-12-10 23:46:08] <%포모즐겜 (pomojeulgem)> 엔딩곡은 쇼콜라 ㅋㅋ
[2021-12-10 23:46:11] <%ミ캣오빠 (jungjung8095)> 묘야님님 한판해요
[2021-12-10 23:46:13] <%ミ네드발식기상법 (prime7531)> 묘야님 묘야님님이라고 사칭 계정 있어왜
[2021-12-10 23:46:18] <%qwer122344> 그럼 알림으로 묘야 님님님이 방송중입니다라고오겠네요..ㅋㅋㅋ
[2021-12-10 23:46:24] <%ミ훌림목 (qazsw12341)> 묘얀미님
[2021-12-10 23:46:27] <%ミ훌림목 (qazsw12341)> ㅋㅋㅋㅋㅋㅋㅋㅋㅋ
[2021-12-10 23:46:29] <%나비친구 (poato8904)> ㅋㅋㅋㅋㅋㅋ
[2021-12-10 23:46:31] <leeyourgosu> 오 궁금하다아아아 밴되면 어떨개 되는지 궁금하다아아 ㅋㅋㅋㅋㅋㅋ
[2021-12-10 23:46:32] <%ミ캣오빠 (jungjung8095)> 묘야묘야님 어때요
[2021-12-10 23:46:37] <%ミ대재규 (jykim950)> 묘야묘야땅
[2021-12-10 23:46:38] <영삼일031 (119emt911)> 새계정이면 우리 모두가 뉴비가 되는 거네요?
[2021-12-10 23:46:41] <%ミ침묵충 (chimchim7104)> ㅋㅋㅋㅋㅋㅋㅋㅋㅋㅋㅋㅋㅋㅋㅋㅋ
[2021-12-10 23:46:41] <당신에게친구가있을까요 (booh2150)> 묘야묘야 배 통통
[2021-12-10 23:46:41] <%ミ올리아 (alllia)> ㅋㅋㅋㅋㅋ
[2021-12-10 23:46:44] <%$ミ자이드런 (dydrkf25)> myoyaWww myoyaWww myoyaWww
[2021-12-10 23:46:46] <%ミ뽀오잉 (dlrmsvyaa)> myoyaWww myoyaWww
[2021-12-10 23:46:47] <%ミ공룡사이즈 (trilong)> ㅋㅋㅋㅋㅋㅋㅋㅋㅋㅋㅋㅋ
[2021-12-10 23:46:47] <남정 (moung006300)> 묘야님님님ㅋㅋㅋㅋㅋㅋㅋㅋㅋ
[2021-12-10 23:46:48] <%ミ침묵충 (chimchim7104)> 그정도면 이미 묘야가 본체가 아닌데욬ㅋㅋㅋㅋㅋㅋㅋㅋㅋㅋㅋㅋㅋ
[2021-12-10 23:46:52] <%ミ대재규 (jykim950)> 그냥 깔쌈하게 갱생묘야 가죠
[2021-12-10 23:46:54] <%ミ공룡사이즈 (trilong)> myoyaWww myoyaWww myoyaWww myoyaWww myoyaWww myoyaWww
[2021-12-10 23:47:00] <leeyourgosu> 묘야 1 이라고 하죠
[2021-12-10 23:47:02] <%나비친구 (poato8904)> myoyaHeart myoyaHeart myoyaHeart myoyaHeart myoyaHeart myoyaHeart myoyaHeart myoyaHeart myoyaHeart myoyaHeart
[2021-12-10 23:47:08] <%ミ왕밤빵오빠 (nacinfo)> ㅋㅋㅋㅋㅋㅋㅋㅋㅋㅋㅋㅋㅋㅋ
[2021-12-10 23:47:08] <%포모즐겜 (pomojeulgem)> 만약 먐미가 쇼콜라를 유튜브에 커버해서 올리시면 그 때는 묘야님의 마지막으로 알겠습니다
[2021-12-10 23:47:11] <%ミ바볼바 (dlsldldl)> 아 왜 짭이 알람와 님님님이 뭐야
[2021-12-10 23:47:17] <%ミ디알 (b1ack_luna)> 네
[2021-12-10 23:47:19] <%qwer122344> ㅋㅋㅋㅋㅋㅋㅋㅋㅋ 악
[2021-12-10 23:47:22] <%_천하_ (ocheonhao)> 묘야님Ver.2부터 시작하죠
[2021-12-10 23:47:22] <%ミ캣오빠 (jungjung8095)> 예토전생
[2021-12-10 23:47:22] <이누야샤_ (inu02)> 예토전생!
[2021-12-10 23:47:23] <%ミ대재규 (jykim950)> 예도전생
[2021-12-10 23:47:24] <%샤초 (tich324)> 예토전생
[2021-12-10 23:47:24] <%ミ디알 (b1ack_luna)> 아ㅋㅋㅋㅋ 그거 뭐더라
[2021-12-10 23:47:25] <%Determination76> ㅇ
[2021-12-10 23:47:25] <%ミ바볼바 (dlsldldl)> 예토전생이요
[2021-12-10 23:47:26] <leeyourgosu> 애토전
[2021-12-10 23:47:26] <%나비친구 (poato8904)> 예토전생
[2021-12-10 23:47:26] <%ミ뽀오잉 (dlrmsvyaa)> 예토전생이요?
[2021-12-10 23:47:26] <%ミ왕밤빵오빠 (nacinfo)> 예토전생
[2021-12-10 23:47:27] <%포모즐겜 (pomojeulgem)> ㅋㅋㅋ
[2021-12-10 23:47:28] <%qwer122344> 예토전생
[2021-12-10 23:47:28] <%Determination76> 예토전생
[2021-12-10 23:47:29] <%$ミ자이드런 (dydrkf25)> ㅋㅋㅋㅋㅋㅋㅋㅋㅋㅋ
[2021-12-10 23:47:29] <%ミ대재규 (jykim950)> 예토묘야
[2021-12-10 23:47:31] <%ミ캣오빠 (jungjung8095)> 예묘전생
[2021-12-10 23:47:31] <%ミ디알 (b1ack_luna)> 엌ㅋㅋㅋㅋㅋㅋㅋ
[2021-12-10 23:47:35] <%포모즐겜 (pomojeulgem)> 묘야랑이 어떠나요 ㅋㅋ
[2021-12-10 23:47:37] <%샤초 (tich324)> ㅋㅋㅋ
[2021-12-10 23:47:37] <%_천하_ (ocheonhao)> 예묘전생
[2021-12-10 23:47:37] <남정 (moung006300)> ㅋㅋㅋㅋㅋㅋㅋㅋ
[2021-12-10 23:47:40] <shinhc0223> 예토전생
[2021-12-10 23:47:40] <%Determination76> ㅋㅋㅋㅋㅋㅋㅋㅋㅋㅋㅋㅋㅋㅋㅋㅋ
[2021-12-10 23:47:41] <%$ミ자이드런 (dydrkf25)> myoyaWww myoyaWww
[2021-12-10 23:47:47] <%나비친구 (poato8904)> 섹시묘야어때요.??
[2021-12-10 23:47:48] <@%^빵_떡 (bbangddeock)> 2022 묘야 달력 예약하기⭐️ https://smartstore.naver.com/myoyastore/products/6068019895
[2021-12-10 23:47:51] <%ミ디알 (b1ack_luna)> 예하~ 엌ㅋㅋ
[2021-12-10 23:47:53] <%ミ왕밤빵오빠 (nacinfo)> ㅋㅋㅋㅋㅋㅋㅋㅋㅋㅋ
[2021-12-10 23:47:56] <%ミ대재규 (jykim950)> 예토리야 예토리야 다리디리다랏뚜~
[2021-12-10 23:47:59] <%포모즐겜 (pomojeulgem)> 부캐로 묘두한 어떠나요?
[2021-12-10 23:48:02] <%Determination76> ㅋㅋㅋㅋㅋㅋㅋㅋㅋㅋㅋㅋㅋㅋ
[2021-12-10 23:48:03] <%나비친구 (poato8904)> 예하~~
[2021-12-10 23:48:06] <%ミ올리아 (alllia)> 간단하게 하츠하루
[2021-12-10 23:48:16] <티라미수1 (gustjr8272)> 예묘전생
[2021-12-10 23:48:17] <%ミ바볼바 (dlsldldl)> 아쉽다
[2021-12-10 23:48:17] <%ミ왕밤빵오빠 (nacinfo)> 네네
[2021-12-10 23:48:18] <%qwer122344> 아까비
[2021-12-10 23:48:19] <%ミ디알 (b1ack_luna)> 와 정말 다행이네요
[2021-12-10 23:48:19] <%ミ대재규 (jykim950)> 까비
[2021-12-10 23:48:20] <%ミ침묵충 (chimchim7104)> 아쉽네요
[2021-12-10 23:48:21] <%_천하_ (ocheonhao)> 묘야님 가만히 있어봐요 우리끼리 지금 스토리 구상중이니까
[2021-12-10 23:48:22] <%ミ디알 (b1ack_luna)> 아깝다
[2021-12-10 23:48:25] <%포모즐겜 (pomojeulgem)> 묘토전생 ㄲㅂ
[2021-12-10 23:48:27] <영삼일031 (119emt911)> 트위치에 건의 넣어볼께요
[2021-12-10 23:48:29] <%ミ바볼바 (dlsldldl)> 예토묘야 갈수 있었는데
[2021-12-10 23:48:29] <@%ミ루아 (lix375)> myoyaKeung
[2021-12-10 23:48:33] <%$ミ자이드런 (dydrkf25)> ㅋㅋㅋㅋㅋㅋㅋㅋㅋ
[2021-12-10 23:48:34] <%포모즐겜 (pomojeulgem)> ㅋㅋㅋㅋㅋㅋㅋㅋㅋ
[2021-12-10 23:48:35] <%샤초 (tich324)> ㅋㅋㅋㅋㅋ
[2021-12-10 23:48:35] <%ミ뽀오잉 (dlrmsvyaa)> myoyaWww myoyaWww myoyaWww
[2021-12-10 23:48:37] <%ミ침묵충 (chimchim7104)> 묘야님을 밴하지 못한다고 하니 누구보다 안타까워하는 젤리단들ㅋㅋㅋ
[2021-12-10 23:48:38] <남정 (moung006300)> ㅋㅋㅋㅋㅋㅋㅋㅋㅋㅋㅋㅋ
[2021-12-10 23:48:39] <%$여용_ (dudyd_)> ㅋㅋㅋㅋㅋㅋㅋㅋㅋㅋ
[2021-12-10 23:48:41] <%ミ왕밤빵오빠 (nacinfo)> ㅋㅋㅋㅋ
[2021-12-10 23:48:41] <이누야샤_ (inu02)> ㅋㅋㅋㅋㅋㅋ
[2021-12-10 23:48:43] <%ミ올리아 (alllia)> ㅋㅋㅋ
[2021-12-10 23:48:44] <%ミ공룡사이즈 (trilong)> ㅋㅋㅋㅋㅋㅋㅋㅋㅋㅋㅋㅋ
[2021-12-10 23:48:45] <%ミ디알 (b1ack_luna)> ㅋㅋㅋㅋㄱㄱ
[2021-12-10 23:48:47] <%_천하_ (ocheonhao)> 아 묘야님 눈치없이 이걸 또 막으시네
[2021-12-10 23:48:47] <%ミ침묵충 (chimchim7104)> ㅋㅋㅋㅋㅋㅋㅋㅋㅋㅋㅋㅋ
[2021-12-10 23:48:51] <%$ミ자이드런 (dydrkf25)> myoyaWww myoyaWww myoyaWww
[2021-12-10 23:48:51] <%ミ대재규 (jykim950)> 네? 거미를 넣는다구요?
[2021-12-10 23:49:00] <%ミ침묵충 (chimchim7104)> ㅋㅋㅋㅋㅋㅋㅋ
[2021-12-10 23:49:02] <남정 (moung006300)> ㅋㅋㅋㅋㅋㅋㅋㅋ
[2021-12-10 23:49:06] <%ミ캣오빠 (jungjung8095)> -침묵-
[2021-12-10 23:49:08] <%qwer122344> 아 소설 다써놨는데.. 하 이소설 시작하지도못하고 끝났네요 망했다망했어
[2021-12-10 23:49:08] <%ミ디알 (b1ack_luna)> myoyaDjdldjqtsp
[2021-12-10 23:49:14] <%포모즐겜 (pomojeulgem)> 확실이 폰으로 오니깐 느리긴하네 ㅠㅠ
[2021-12-10 23:49:17] <leeyourgosu> 맞아 우리 묘야님 왕따 시키지마 ㅠㅠㅠ
[2021-12-10 23:49:17] <%ミ올리아 (alllia)> 거미라거
[2021-12-10 23:49:17] <%ミ대재규 (jykim950)> ㅋㅋㅋㅋㅋㅋ
[2021-12-10 23:49:23] <%_천하_ (ocheonhao)> 하...조금만 더 갔으면 명작 갔는데
[2021-12-10 23:49:23] <남정 (moung006300)> ㅋㅋㅋㅋㅋㅋㅋㅋㅋㅋㅋ
[2021-12-10 23:49:26] <%ミ침묵충 (chimchim7104)> 친구가 부릅니다. 거미라도 될 걸 그랬어
[2021-12-10 23:49:29] <%ミ왕밤빵오빠 (nacinfo)> 거미씨를 무시하는것입니까?
[2021-12-10 23:49:34] <%ミ캣오빠 (jungjung8095)> 말대꾸..할수도 있지!
[2021-12-10 23:49:35] <%ミ침묵충 (chimchim7104)> myoyaAkfeoRn 할쑤도이찌!
[2021-12-10 23:49:36] <%$ミ자이드런 (dydrkf25)> myoyaAkfeoRn myoyaAkfeoRn
[2021-12-10 23:49:37] <%ミ대재규 (jykim950)> 여러분 2차 단톡방 비밀번호는 묘꼬야마입니다 바로 접속하세요
[2021-12-10 23:49:38] <%ミ네드발식기상법 (prime7531)> 알차게 쓰시네요 ㅋㅋㅋㅋㅋㅋㅋ
[2021-12-10 23:49:41] <남정 (moung006300)> 할수있지!
[2021-12-10 23:49:42] <%ミ디알 (b1ack_luna)> ㅋㅋㅋㅋ
[2021-12-10 23:49:43] <leeyourgosu> 맞지
[2021-12-10 23:49:44] <%qwer122344> 냉 myoyaAkfeoRn 했는데요 왜요??
[2021-12-10 23:49:46] <%6518NH> myoyaAkfeoRn
[2021-12-10 23:49:49] <%ミ왕밤빵오빠 (nacinfo)> ㅋㅋㅋ
[2021-12-10 23:49:52] <%ミ디알 (b1ack_luna)> 받아치는게 가능해졌다
[2021-12-10 23:49:55] <%ミ공룡사이즈 (trilong)> ㅋㅋㅋㅋㅋㅋ
[2021-12-10 23:49:57] <%포모즐겜 (pomojeulgem)> 네? 젤리단 얼굴이 거미라고요?
[2021-12-10 23:50:00] <%ミ디알 (b1ack_luna)> 말대꾸... 할 수도 있지!
[2021-12-10 23:50:01] <%ミ침묵충 (chimchim7104)> 반사! 무지개반사! 에 이은 말대꾸? 말대꾸 할 수도 있지!
[2021-12-10 23:50:01] <%ミ왕밤빵오빠 (nacinfo)> ㅋㅋㅋㅋ
[2021-12-10 23:50:04] <%qwer122344> ㅋㅋㅋㅋㅋㅋㅋ
[2021-12-10 23:50:08] <%_천하_ (ocheonhao)> 곧 있으면 전생했더니 섹시갱생묘야님님님이 된 건에 대하여 소설이 완성될 수 있었는데
[2021-12-10 23:50:08] <이누야샤_ (inu02)> 받아치기!
[2021-12-10 23:50:12] <leeyourgosu> 해따..! 어쩔티비..!!
[2021-12-10 23:50:13] <%ミ디알 (b1ack_luna)> 예?
[2021-12-10 23:50:17] <%ミ대재규 (jykim950)> myoyaAkfeoRn 꾸루삥뽕
[2021-12-10 23:50:18] <%ミ딸기맛된장국 (narumi0925)> ㅋㅎㅋㅋㅎㅋㅎㅎㅋㅎㅋㅎㅋㅋㅎㅋㅎㅎㅋㅋㅎ
[2021-12-10 23:50:20] <%$ミ자이드런 (dydrkf25)> ㅋㅋㅋㅋㅋㅋ
[2021-12-10 23:50:22] <%나비친구 (poato8904)> ㅋㅋㅋㅋㅋㅋ
[2021-12-10 23:50:24] <%ミ디알 (b1ack_luna)> 으앙 왜 때려요 감사합니다
[2021-12-10 23:50:27] <%ミ공룡사이즈 (trilong)> ㅋㅋㅋㅋㅋㅋㅋㅋㅋㅋㅋㅋ
[2021-12-10 23:50:28] <%나비친구 (poato8904)> 정신차려
[2021-12-10 23:50:34] <%ミ올리아 (alllia)> ㅋㅋㅋ
[2021-12-10 23:50:34] <%ミ침묵충 (chimchim7104)> 제목부터 어지럽네욬ㅋㅋㅋ
[2021-12-10 23:50:35] <%샤초 (tich324)> ㅋㅋㅋㅋ
[2021-12-10 23:50:37] <%ミ바볼바 (dlsldldl)> 묘야님 잘못 때렸어요 저 때렸잖아요 옆에 사람 때려야죠
[2021-12-10 23:50:39] <%나비친구 (poato8904)> myoyaHeart myoyaWww myoyaHeart myoyaWww
[2021-12-10 23:50:42] <leeyourgosu> ㅋㅋㅋ
[2021-12-10 23:50:43] <%$ミ자이드런 (dydrkf25)> 그런게있어요?
[2021-12-10 23:50:49] <%포모즐겜 (pomojeulgem)> 헤헤 먐미한테 맞는것도 좋을수도
[2021-12-10 23:50:49] <%qwer122344> 그럼 제가 먼저  가보도록 하겠습니다
[2021-12-10 23:50:52] <@Twipkr>* ミ네드발식기상법님, 후원 감사합니다♡
[2021-12-10 23:50:53] <leeyourgosu> 묘야님 삼국지 좋아하세요!
[2021-12-10 23:50:56] <%ミ왕밤빵오빠 (nacinfo)> 아~~
[2021-12-10 23:50:57] <%ミ캣오빠 (jungjung8095)> 오늘 망한 고양이도 안했네요 생각해보니
[2021-12-10 23:51:02] <%나비친구 (poato8904)> myoyaAkdcl myoyaAkdcl myoyaAkdcl
[2021-12-10 23:51:05] <%ミ디알 (b1ack_luna)> myoyaAkdcl myoyaAkdcl
[2021-12-10 23:51:06] <%ミ침묵충 (chimchim7104)> ㅋㅋㅋㅋ
[2021-12-10 23:51:06] <%ミ뽀오잉 (dlrmsvyaa)> myoyaAkdcl myoyaPikachu
[2021-12-10 23:51:15] <%$ミ자이드런 (dydrkf25)> 아 맞다 고양이 월드컵 오늘하기로하신게 기억났어요
[2021-12-10 23:51:19] <%qwer122344> 튀어~~
[2021-12-10 23:51:20] <%나비친구 (poato8904)> 가지마세요...ㅠㅠ
[2021-12-10 23:51:21] <%포모즐겜 (pomojeulgem)> myoyaAkfeoRn myoyaAkdcl myoyaJelly4
[2021-12-10 23:51:21] <leeyourgosu> 간다고요?! 갈!!!
[2021-12-10 23:51:21] <남정 (moung006300)> 먼저 가는 사람이 지는거에요 묘얀미!
[2021-12-10 23:51:22] <%ミ올리아 (alllia)> ㅋㅋㅋ
[2021-12-10 23:51:23] <%ミ왕밤빵오빠 (nacinfo)> 네?
[2021-12-10 23:51:26] <%ミ왕밤빵오빠 (nacinfo)> 벌써요
[2021-12-10 23:51:26] <%ミ디알 (b1ack_luna)> 으이이이이읶ㄱ읶ㄱ!
[2021-12-10 23:51:26] <%_천하_ (ocheonhao)> 묘야님 뿅망치 이모티콘 황금색으로 골디언 햄머도 하나 만들어보고싶네요 myoyaAkdcl
[2021-12-10 23:51:27] <%오렌지글라스 (goodcopy)> 12시까지 아니였나요??
[2021-12-10 23:51:29] <%ミ뽀오잉 (dlrmsvyaa)> 으이이이이익~~ 흐으히유~
[2021-12-10 23:51:29] <%나비친구 (poato8904)> myoyaTT myoyaTT myoyaTT myoyaTT
[2021-12-10 23:51:29] <%루루시에 (lulushie)> 하~~~ 품~~~~
[2021-12-10 23:51:29] <leeyourgosu> 가지 말아줘요ㅣㅔ
[2021-12-10 23:51:40] <%$ミ자이드런 (dydrkf25)> myoyaDhkdk myoyaDhkdk
[2021-12-10 23:51:42] <이누야샤_ (inu02)> 끼이이이잉이익
[2021-12-10 23:51:44] <%나비친구 (poato8904)> 기 모으는 소리
[2021-12-10 23:51:45] <%ミ디알 (b1ack_luna)> 주전자 물끓는다
[2021-12-10 23:51:46] <%ミ왕밤빵오빠 (nacinfo)> 흐이이이잇
[2021-12-10 23:51:47] <%포모즐겜 (pomojeulgem)> 먐미 갈거면 저를 쓰러트리고 가세요
[2021-12-10 23:51:50] <%ミ네드발식기상법 (prime7531)> 응? 밥이 다됐다보네
[2021-12-10 23:51:50] <%ミ공룡사이즈 (trilong)> myoyaTT myoyaTT myoyaTT myoyaTT
[2021-12-10 23:51:52] <남정 (moung006300)> 돌고래 초음파
[2021-12-10 23:51:54] <%_천하_ (ocheonhao)> 소리가 시원하신거 같아요
[2021-12-10 23:51:58] <%$ミ자이드런 (dydrkf25)> ㅋㅋㅋㅋㅋㅋㅋ
[2021-12-10 23:52:02] <%샤초 (tich324)> ㅋㅋㅋㅋ
[2021-12-10 23:52:02] <%ミ네드발식기상법 (prime7531)> 으악
[2021-12-10 23:52:03] <%나비친구 (poato8904)> ㅋㅋㅋㅋㅋ
[2021-12-10 23:52:03] <%ミ캣오빠 (jungjung8095)> 갈거면 저를 안아주고 가세요
[2021-12-10 23:52:04] <이누야샤_ (inu02)> ㅋㅋㅋㅋ
[2021-12-10 23:52:04] <%ミ디알 (b1ack_luna)> myoyaAnjfo
[2021-12-10 23:52:07] <%ミ침묵충 (chimchim7104)> 묘야/논란/폭행
[2021-12-10 23:52:09] <leeyourgosu> ㅇ이고 사람 치네
[2021-12-10 23:52:10] <%포모즐겜 (pomojeulgem)> 헤응
[2021-12-10 23:52:13] <%ミ침묵충 (chimchim7104)> 나가
[2021-12-10 23:52:13] <@%^빵_떡 (bbangddeock)> NAGA
[2021-12-10 23:52:14] <%_천하_ (ocheonhao)> 뭐지 쓰러트리기가 투명드래곤급이네
[2021-12-10 23:52:15] <%ミ캣오빠 (jungjung8095)> 쳇
[2021-12-10 23:52:17] <%ミ디알 (b1ack_luna)> ㅋㅋㅋㅋㅋㅋ
[2021-12-10 23:52:18] <%ミ대재규 (jykim950)> ?
[2021-12-10 23:52:18] <@%^빵_떡 (bbangddeock)> 빵떡이가 냠냠한  22747 번째 갈고리 bbangd1Nyam
[2021-12-10 23:52:18] <%$ミ자이드런 (dydrkf25)> 앜ㅋㅋㅋㅋㅋ
[2021-12-10 23:52:18] <%포모즐겜 (pomojeulgem)> 더 때려주세요 헤응
[2021-12-10 23:52:19] <%ミ네드발식기상법 (prime7531)> 으아악
[2021-12-10 23:52:19] <남정 (moung006300)> ㅋㅋㅋㅋㅋㅋㅋㅋㅋㅋㅋ
[2021-12-10 23:52:20] <%나비친구 (poato8904)> 묘야님 가시기 전에 다시보기를 남겨주세요
[2021-12-10 23:52:20] <리듬이떨어져 (akm520)> ㅋㅋㅋㅋㅋ
[2021-12-10 23:52:27] <%nautilus_k> 저는 팔짱걸기 해주세요
[2021-12-10 23:52:27] <leeyourgosu> 아이고오오오 사람치네에에 동네사란들으응으을
[2021-12-10 23:52:29] <%qwer122344> 머야 다리걸기하나로 다이기시네..
[2021-12-10 23:52:29] <%ミ대재규 (jykim950)> 다리걸기는 너무 약하네요
[2021-12-10 23:52:34] <%Determination76> ㅋㅋㅋㅋㅋㅋㅋㅋㅋㅋㅋㅋㅋㅋㅋㅋㅋㅋ
[2021-12-10 23:52:34] <%나비친구 (poato8904)> ㅋㅋㅋㅋㅋㅋㅋ
[2021-12-10 23:52:36] <%$ミ자이드런 (dydrkf25)> 야옹~
[2021-12-10 23:52:37] <%ミ고귀한고독 (penggeen)> 먄미 고생하셨어요.  내일 뵈요!
[2021-12-10 23:52:45] <%포모즐겜 (pomojeulgem)> 갈거면 꼬리 한번만 만지게 해주시고 가세요
[2021-12-10 23:52:48] <%$ミ자이드런 (dydrkf25)> myoyaWww myoyaWww myoyaWww
[2021-12-10 23:52:49] <%ミ네드발식기상법 (prime7531)> 일어나려 하는데 또 다리걸림
[2021-12-10 23:52:52] <%ミ디알 (b1ack_luna)> 왜 자꾸 걸어요ㅋㅋㅋㅋ
[2021-12-10 23:52:53] <%ミ왕밤빵오빠 (nacinfo)> ㅋㅋㅋㅋㅋ
[2021-12-10 23:52:59] <%qwer122344> 해치웠나??
[2021-12-10 23:53:05] <%$ミ자이드런 (dydrkf25)> ㅜㅜ
[2021-12-10 23:53:05] <leeyourgosu> 아아아
[2021-12-10 23:53:08] <@%ミ루아 (lix375)> 수고하셨어용
[2021-12-10 23:53:15] <%_천하_ (ocheonhao)> 다리걸기!(다리가 짧아 실패)
[2021-12-10 23:53:18] <%ミ캣오빠 (jungjung8095)> myoyaHi myoyaHi
[2021-12-10 23:53:19] <%$ミ자이드런 (dydrkf25)> myoyaTT myoyaTT
[2021-12-10 23:53:20] <%ミ뽀오잉 (dlrmsvyaa)> 오늘도 고생하셨어요 myoyaTT
[2021-12-10 23:53:22] <%_블루베어 (b_bear789)> 수고하셨습니다
[2021-12-10 23:53:22] <leeyourgosu> 묘야님 오늘 칭찬 많이 해드렸는대
[2021-12-10 23:53:23] <%ミ왕밤빵오빠 (nacinfo)> 엉엉
[2021-12-10 23:53:26] <%$ミ자이드런 (dydrkf25)> 재밋었어요 ~
[2021-12-10 23:53:26] <leeyourgosu> 매정하게 가시네
[2021-12-10 23:53:27] <%오렌지글라스 (goodcopy)> myoyaSmi myoyaSmi
[2021-12-10 23:53:27] <%ミ뽀오잉 (dlrmsvyaa)> 오늘도 너무 너무 즐거웠어요!
[2021-12-10 23:53:28] <%ミ왕밤빵오빠 (nacinfo)> 내일 봐여 먐미
[2021-12-10 23:53:29] <%_천하_ (ocheonhao)> myoyaSmi myoyaSmi myoyaSmi
[2021-12-10 23:53:30] <%포모즐겜 (pomojeulgem)> 가신다고요? 재 눈에 흙이 뿌려져도ㅠㅠ
[2021-12-10 23:53:32] <%소하01_ (soha13)> 수고하셨어요 ! ! ..
[2021-12-10 23:53:32] <%루루시에 (lulushie)> 오늘도 고마웠어요. 내일모레도 기다릴게요
[2021-12-10 23:53:33] <%ミ디알 (b1ack_luna)> 고생하셨어요오
[2021-12-10 23:53:34] <%ミ기루1339 (giro1339)> 엉엉 myoyaTT myoyaTT myoyaTT
[2021-12-10 23:53:35] <%6518NH> myoyaSmi myoyaSmi myoyaSmi myoyaSmi
[2021-12-10 23:53:37] <@Twipkr>* ミ왕밤빵오빠님, 후원 감사합니다♡
[2021-12-10 23:53:39] <%샤초 (tich324)> myoyaSmi myoyaSmi
[2021-12-10 23:53:39] <%융상 (lilicif)> myoyaQldrmfqldrmf myoyaQldrmfqldrmf
[2021-12-10 23:53:40] <남정 (moung006300)> 감사합니다!
[2021-12-10 23:53:40] <%$ミ_레드향 (red_aroma)> 오늘도 고생하셨어요!!
[2021-12-10 23:53:41] <%ミ디알 (b1ack_luna)> 히히 못가!
[2021-12-10 23:53:42] <%Determination76> ㅋㅋㅋㅋㅋㅋㅋㅋㅋㅋ
[2021-12-10 23:53:43] <%ミ아침연달 (jasg72)> 고생하셨어요
[2021-12-10 23:53:44] <%ミ디알 (b1ack_luna)> 대롱대롱
[2021-12-10 23:53:44] <%ミ대재규 (jykim950)> ㅋㅋㅋㅋㅋㅋㅋ
[2021-12-10 23:53:45] <%ミ왕밤빵오빠 (nacinfo)> ㅋㅋㅋㅋㅋㅋㅋㅋㅋ
[2021-12-10 23:53:45] <%mamonaka> 終わりですか？
[2021-12-10 23:53:46] <leeyourgosu> ㅋㅋㅋ
[2021-12-10 23:53:46] <%렌덤스타 (jsm0827)> 히히 못가게 가리겠다
[2021-12-10 23:53:47] <%ミ뽀오잉 (dlrmsvyaa)> ㅋㅋㅋㅋㅋㅋ
[2021-12-10 23:53:47] <%ミ공룡사이즈 (trilong)> myoyaTT myoyaTT myoyaTT
[2021-12-10 23:53:48] <%ミ기루1339 (giro1339)> 수고하셨어요~! myoyaTT myoyaTT
[2021-12-10 23:53:49] <%qwer122344> 오늘도 재밌었어요 ㅎㅎ 일요일날 뵈용  빠빵~~
[2021-12-10 23:53:49] <%ミ침묵충 (chimchim7104)> 묘야님 연기 좀 하시네욬ㅋㅋㅋㅋㅋㅋㅋㅋㅋㅋ
[2021-12-10 23:53:50] <%오렌지글라스 (goodcopy)> ㅋㅋㅋㅋㅋㅋㅋㅋㅋㅋㅋ
[2021-12-10 23:53:51] <%포모즐겜 (pomojeulgem)> ㅋㅋ
[2021-12-10 23:53:52] <@Twipkr>* 여용_님, 후원 감사합니다♡
[2021-12-10 23:53:52] <%ミ침묵충 (chimchim7104)> 수고하셨습니당
[2021-12-10 23:53:56] <%ミ초월씨_ (leaf_moon2389)> 고생하셨어요~
[2021-12-10 23:53:56] <%ミ바볼바 (dlsldldl)> 묘야님 얼굴에 뭐 갖다댔나요
[2021-12-10 23:53:57] <%$ミ자이드런 (dydrkf25)> 알바 조심히 잘 다녀오세요 myoyaHeart
[2021-12-10 23:53:59] <%ミ공룡사이즈 (trilong)> 수고하셨어요!!
[2021-12-10 23:54:03] <%ミ기루1339 (giro1339)> 고생하셨습니다~! myoyaTT myoyaTT
[2021-12-10 23:54:04] <%$ミ퀴엘 (quiel_k)> 수고하셨어요~
[2021-12-10 23:54:05] <%ミ왕밤빵오빠 (nacinfo)> 알바 조심히 다녀와여 먐미
[2021-12-10 23:54:09] <%ミ고귀한고독 (penggeen)> 먄미 오늘도 가실 때 '쪽!' 해주시나요?
[2021-12-10 23:54:10] <%포모즐겜 (pomojeulgem)> ㅠㅠ
[2021-12-10 23:54:12] <%183578> 늦었넹 묘하 myoyaRKRnd
[2021-12-10 23:54:21] <%ミ디알 (b1ack_luna)> 오츠카레~
[2021-12-10 23:54:22] <%$ミ자이드런 (dydrkf25)> 일요일에봐요 ~
[2021-12-10 23:54:22] <%ミ기루1339 (giro1339)> 묘야스미 ~! myoyaSmi myoyaSmi
[2021-12-10 23:54:22] <@%^빵_떡 (bbangddeock)> 와줘서 고마웠어요 ! 묘야스미
[2021-12-10 23:54:25] <%포모즐겜 (pomojeulgem)> 방금왔는데 방종이라니요 myoyaTT myoyaTT
[2021-12-10 23:54:25] <%_천하_ (ocheonhao)> 간다고 하면 마구 붙잡아도 헤어질때는 훈훈하게 헤어지네요
[2021-12-10 23:54:26] <%ミ뽀오잉 (dlrmsvyaa)> 오아리 오동동
[2021-12-10 23:54:34] <%ミ기루1339 (giro1339)> 잘자요~!
[2021-12-10 23:54:48] <@%^빵_떡 (bbangddeock)> 나갈 때는 되도록 인사없이 퇴장부탁드립니다 (*´꒳`*)♡
[2021-12-10 23:54:52] <%183578> myoyaSmi
[2021-12-10 23:54:53] <%$ミ자이드런 (dydrkf25)> 잘자요 ~
[2021-12-10 23:54:53] <%ミ뽀오잉 (dlrmsvyaa)> 빠빠잉~ myoyaHa
[2021-12-10 23:54:53] <%_천하_ (ocheonhao)> 잘자요~
[2021-12-10 23:54:55] <%nautilus_k> 묘야스미 myoyaSmi myoyaSmi
[2021-12-10 23:54:55] <@%^빵_떡 (bbangddeock)> 와줘서 고마웠어요 ! 묘야스미
[2021-12-10 23:54:55] <%_블루베어 (b_bear789)> 묘야스미
[2021-12-10 23:54:57] <%_천하_ (ocheonhao)> 묘야스미
[2021-12-10 23:54:57] <%$ミ_레드향 (red_aroma)> 잘자요~
[2021-12-10 23:54:57] <%ミ침묵충 (chimchim7104)> 일요일날 뵈어용
[2021-12-10 23:54:58] <%ミ노예 (aydiaydi)> 고생하셨습니당
[2021-12-10 23:54:59] <%ミ디알 (b1ack_luna)> 일욜에 봐요~
[2021-12-10 23:54:59] <%포모즐겜 (pomojeulgem)> 빠빠짱
[2021-12-10 23:55:00] <%$ミ_레드향 (red_aroma)> 묘야스미~
[2021-12-10 23:55:01] <이누야샤_ (inu02)> 묘야스미~
[2021-12-10 23:55:01] <%ミ초월씨_ (leaf_moon2389)> 묘야스미 myoyaSmi myoyaSmi
[2021-12-10 23:55:02] <@%^빵_떡 (bbangddeock)> 와줘서 고마웠어요 ! 묘야스미
[2021-12-10 23:55:02] <%$ミ자이드런 (dydrkf25)> myoyaWww myoyaWww
[2021-12-10 23:55:03] <%ミ뽀오잉 (dlrmsvyaa)> ㅋㅋㅋㅋㅋㅋ
[2021-12-10 23:55:03] <%ミ왕밤빵오빠 (nacinfo)> 일요일에 뵈여
[2021-12-10 23:55:03] <%샤초 (tich324)> 묘야스미~
[2021-12-10 23:55:05] <%ミ고귀한고독 (penggeen)> ㅋㅋㅋㅋㅋㅋㅋㅋㅋㅋ
[2021-12-10 23:55:05] <남정 (moung006300)> ㅋㅋㅋㅋㅋㅋㅋㅋㅋㅋ
[2021-12-10 23:55:05] <%mamonaka> ミョヤすみ〜！
[2021-12-10 23:55:06] <%국대재눌 (serdwetfeygr5e)> 묘야스미
[2021-12-10 23:55:06] <%ミ침묵충 (chimchim7104)> 쪽이요? 묘야님 좀 적극적이시네요
[2021-12-10 23:55:07] <%ミ기루1339 (giro1339)> 일요일에 봐요~!
[2021-12-10 23:55:07] <%ミ디알 (b1ack_luna)> 그럼 이번엔 쪽 해주십쇼!
[2021-12-10 23:55:09] <%qwer122344> 쪽~이라니 ㅗㅜㅑㅗㅜㅑㅗㅜㅑ
[2021-12-10 23:55:09] <%나비친구 (poato8904)> 쪽!
[2021-12-10 23:55:10] <%ミ왕밤빵오빠 (nacinfo)> 쪽이여?
[2021-12-10 23:55:11] <%포모즐겜 (pomojeulgem)> 묘얀미
[2021-12-10 23:55:11] <%$ミ_레드향 (red_aroma)> 오히려 좋아요
[2021-12-10 23:55:12] <%ミ왕밤빵오빠 (nacinfo)> ㅗㅜㅑㅗㅜㅑ
[2021-12-10 23:55:12] <이누야샤_ (inu02)> ㅗㅜㅑ
[2021-12-10 23:55:13] <%$ミ자이드런 (dydrkf25)> ㅋㅋㅋㅋㅋㅋㅋㅋ
[2021-12-10 23:55:14] <%ミ노예 (aydiaydi)> myoyaQldrmfqldrmf myoyaQldrmfqldrmf
[2021-12-10 23:55:15] <%포모즐겜 (pomojeulgem)> 묘야스미
[2021-12-10 23:55:15] <%_천하_ (ocheonhao)> 쪽?
[2021-12-10 23:55:15] <@%^빵_떡 (bbangddeock)> 와줘서 고마웠어요 ! 묘야스미
[2021-12-10 23:55:16] <리듬이떨어져 (akm520)> ㅋㅋㅋㅋㅋ
[2021-12-10 23:55:17] <%포모즐겜 (pomojeulgem)> ㅋㅋㅋㅋ
[2021-12-10 23:55:18] <%$ミ연장맨 (wwi137)> 일요일에 만나요
[2021-12-10 23:55:18] <%ミ침묵충 (chimchim7104)> myoyaHi myoyaHi
[2021-12-10 23:55:19] <shinhc0223> ㅗㅜㅑㅗㅜㅑ
[2021-12-10 23:55:19] <%183578> myoyaDjdldjqtsp myoyaWww myoyaWww
[2021-12-10 23:55:21] <%ミ디알 (b1ack_luna)> ㅇ0ㅇ
[2021-12-10 23:55:21] <%ミ기루1339 (giro1339)> ㅋㅋㅋㅋㅋ
[2021-12-10 23:55:21] <%ミ침묵충 (chimchim7104)> ㅗㅜㅑㅑㅜㅗㅗㅑㅜ
[2021-12-10 23:55:23] <%ミ공룡사이즈 (trilong)> ㅋㅋㅋㅋㅋㅋㅋ
[2021-12-10 23:55:23] <%$ミ자이드런 (dydrkf25)> myoyaHeart myoyaHeart
[2021-12-10 23:55:24] <%mamonaka> また日曜日に！
[2021-12-10 23:55:24] <%ミ뽀오잉 (dlrmsvyaa)> myoyaHeart myoyaHeart myoyaHeart myoyaHeart
[2021-12-10 23:55:25] <%ミ침묵충 (chimchim7104)> 아 오늘 잠 다 잤다
[2021-12-10 23:55:25] <%포모즐겜 (pomojeulgem)> myoyaTT myoyaTT
[2021-12-10 23:55:26] <%샤초 (tich324)> ㅋㅋㅋㅋ
[2021-12-10 23:55:26] <%qwer122344> 오늘 끝까지 남아있어야지~~
[2021-12-10 23:55:26] <%ミ노예 (aydiaydi)> ㅗㅡㅑㅗㅡㅗㅑ
[2021-12-10 23:55:26] <%ミ디알 (b1ack_luna)> 묘얀미 나 주거어어어어
[2021-12-10 23:55:26] <%$ミ_레드향 (red_aroma)> ㅗㅜㅑㅗㅜㅑㅗㅜㅑㅗㅜㅑㅗㅜㅑㅗㅜㅑㅗㅑㅜㅗㅜㅑ ㅑㅜㅑㅜ
[2021-12-10 23:55:26] <%ミ캣오빠 (jungjung8095)> ㅗㅜㅑ
[2021-12-10 23:55:27] <%ミ왕밤빵오빠 (nacinfo)> 오오오
[2021-12-10 23:55:27] <남정 (moung006300)> 이양!
[2021-12-10 23:55:29] <%nautilus_k> myoyaDirhkdqhd
[2021-12-10 23:55:30] <%ミ캣오빠 (jungjung8095)> 핥짝
[2021-12-10 23:55:30] <%$ミ연장맨 (wwi137)> ㅋㅋㅋㅋ
[2021-12-10 23:55:30] <%183578> myoyaQksWkr
[2021-12-10 23:55:31] <ミ프리 (freeformica)> 어멋
[2021-12-10 23:55:31] <%ミ뽀오잉 (dlrmsvyaa)> 감사합니다 감사합니다
[2021-12-10 23:55:32] <%$ミ자이드런 (dydrkf25)> 묘얀미 저 죽어요 ~!
[2021-12-10 23:55:32] <%나비친구 (poato8904)> 너무좋다...!
[2021-12-10 23:55:34] <%ミ기루1339 (giro1339)> 오오
[2021-12-10 23:55:34] <%포모즐겜 (pomojeulgem)> ㅗㅜㅑ
[2021-12-10 23:55:35] <%_천하_ (ocheonhao)> 누가 밥먹는데 쩝쩝거려
[2021-12-10 23:55:39] <%ミ침묵충 (chimchim7104)> 묘야님 이건 다시보기 꼭 남겨주셔야합니다
[2021-12-10 23:55:39] <%ミ디알 (b1ack_luna)> 설렜슴다 myoyaJelly4
[2021-12-10 23:55:40] <남정 (moung006300)> 일요일에 뵈요!
[2021-12-10 23:55:40] <shinhc0223> ㅗㅜㅑㅗㅜㅑㅗㅜㅑㅗㅜㅑㅗㅜㅑ
[2021-12-10 23:55:40] <%$ミ연장맨 (wwi137)> 안뇽
[2021-12-10 23:55:40] <%183578> myoyaTT
[2021-12-10 23:55:40] <%$ミ자이드런 (dydrkf25)> 잘 자요~
[2021-12-10 23:55:41] <%ミ노예 (aydiaydi)> myoyaDhkdk myoyaRainbow myoyaTT myoyaSmi myoyaSmi
[2021-12-10 23:55:41] <%_천하_ (ocheonhao)> 안녕~~
[2021-12-10 23:55:41] <남정 (moung006300)> 감사합니다!
[2021-12-10 23:55:42] <redm75> 묘바
[2021-12-10 23:55:42] <%ミ아침연달 (jasg72)> 안뇨용!
[2021-12-10 23:55:42] <%ミ디알 (b1ack_luna)> 안뇨오옹
[2021-12-10 23:55:42] <%나비친구 (poato8904)> 안녕!!
[2021-12-10 23:55:43] <%$ミ자이드런 (dydrkf25)> ㅋㅋㅋㅋㅋㅋㅋ
[2021-12-10 23:55:44] <%Determination76> ㅋㅋㅋㅋㅋㅋㅋㅋㅋ
[2021-12-10 23:55:45] <%$ミ_레드향 (red_aroma)> 안뇨오옹~
[2021-12-10 23:55:45] <%포모즐겜 (pomojeulgem)> 이런 상을 주시다니
[2021-12-10 23:55:47] <남정 (moung006300)> ㅋㅋㅋㅋㅋㅋㅋㅋ
[2021-12-10 23:55:47] <%ミ기루1339 (giro1339)> 일요일에 봐요!!
[2021-12-10 23:55:47] <%$ミ_레드향 (red_aroma)> ㅋㅋㅋㅋㅋㅋㅋㅋ
[2021-12-10 23:55:47] <%Determination76> 묘야스미~
[2021-12-10 23:55:47] <%ミ침묵충 (chimchim7104)> myoyaHi myoyaHi myoyaHi myoyaHi
[2021-12-10 23:55:48] <@Twipkr>* 031님, 후원 감사합니다♡
[2021-12-10 23:55:49] <%오렌지글라스 (goodcopy)> myoyaSmi myoyaSmi
[2021-12-10 23:55:50] <%$ミ자이드런 (dydrkf25)> 안뇽~
[2021-12-10 23:55:50] <%183578> myoyaHi
[2021-12-10 23:55:52] <%ミ기루1339 (giro1339)> 안뇽~!
[2021-12-10 23:55:52] <shinhc0223> 극라극락극락
[2021-12-10 23:55:54] <%qwer122344> 묘야스미
[2021-12-10 23:55:54] <%루루시에 (lulushie)> 묘야님 빠빠~~
[2021-12-10 23:55:54] <@%^빵_떡 (bbangddeock)> 와줘서 고마웠어요 ! 묘야스미
[2021-12-10 23:55:54] <%_천하_ (ocheonhao)> myoyaKeung myoyaKeung myoyaKeung
[2021-12-10 23:55:54] <%ミ공룡사이즈 (trilong)> 안뇽옹!!
[2021-12-10 23:55:55] <%ミ슈토입니다_ (syuto1107)> myoyaSmi myoyaSmi
[2021-12-10 23:55:56] <%$ミ자이드런 (dydrkf25)> myoyaHihi myoyaHihi
[2021-12-10 23:55:56] <ミ은색클로버 (kteun)> 묘야스미~
[2021-12-10 23:55:57] <%포모즐겜 (pomojeulgem)> 묘야스미
[2021-12-10 23:55:57] <ミ샴블 (sonwc133)> 일요일에 봐요
[2021-12-10 23:55:58] <%나비친구 (poato8904)> 안녕은 영원한 헤어짐은 아니겠지요!
[2021-12-10 23:55:58] <%_블루베어 (b_bear789)> myoyaSmi myoyaSmi
[2021-12-10 23:55:58] <shinhc0223> 안뇽~~#
[2021-12-10 23:55:59] <ミ샴블 (sonwc133)> 안뇽
[2021-12-10 23:55:59] <%mamonaka> アンニョン
[2021-12-10 23:55:59] <ミ이차원 (rrrfffrrr)> myoyaHa myoyaHa myoyaHa myoyaSuki myoyaSuki
[2021-12-10 23:56:02] <%ミ기루1339 (giro1339)> 빠빠잉!!
[2021-12-10 23:56:03] <%mamonaka> myoyaSmi myoyaSmi
[2021-12-10 23:56:04] <shinhc0223> 묘야스미~
[2021-12-10 23:56:10] <%$ミ연장맨 (wwi137)> 살인미수
[2021-12-10 23:56:10] <%나비친구 (poato8904)> myoyaHeart myoyaHeart myoyaHeart myoyaHeart
[2021-12-10 23:56:12] <%$ミ연장맨 (wwi137)> myoyaHeart myoyaHeart
[2021-12-10 23:56:12] <%$ミ자이드런 (dydrkf25)> 묘야스미 myoyaSmi myoyaSmi
[2021-12-10 23:56:12] <@%^빵_떡 (bbangddeock)> 와줘서 고마웠어요 ! 묘야스미
[2021-12-10 23:56:12] <%포모즐겜 (pomojeulgem)> 사린미숴 myoyaTT myoyaTT
[2021-12-10 23:56:12] <%$ミ퀴엘 (quiel_k)> myoyaSmi myoyaSmi myoyaSmi
[2021-12-10 23:56:13] <%ミ작은표고버섯의회환 (strawberry7428)> myoyaSmi myoyaSmi myoyaSmi
[2021-12-10 23:56:13] <ミ꿀밤___ (qoaqka)> 수고하셨어요~ 묘야스미!
[2021-12-10 23:56:13] <%라아_쿠우_ (raku_a2xero)> 묘야스미
[2021-12-10 23:56:14] <%ミ뽀오잉 (dlrmsvyaa)> 사린미숴~ myoyaQksWkr
[2021-12-10 23:56:15] <%나비친구 (poato8904)> myoyaTT myoyaTT myoyaSmi myoyaSmi
[2021-12-10 23:56:15] <%183578> myoyaHeart myoyaHeart myoyaHeart
[2021-12-10 23:56:15] <%ミ기루1339 (giro1339)> myoyaHi myoyaHi myoyaHi myoyaSmi myoyaSmi
[2021-12-10 23:56:18] <%ミ왕밤빵오빠 (nacinfo)> 살인미쇼
[2021-12-10 23:56:23] <~%묘야님 (myoya_)> 고생했어요 ! ♡
[2021-12-10 23:56:25] <%나비친구 (poato8904)> myoyaSmi myoyaSmi myoyaSmi
[2021-12-10 23:56:27] <%ミ공룡사이즈 (trilong)> myoyaHeart myoyaHeart myoyaHeart 사린미숴!!
[2021-12-10 23:56:27] <%ミ왕밤빵오빠 (nacinfo)> myoyaSmi myoyaSmi myoyaSmi
[2021-12-10 23:56:29] <%183578> myoyaVusdks
[2021-12-10 23:56:29] <ミ송대희 (songg1234)> 묘야스미
[2021-12-10 23:56:30] <%ミ딸기맛된장국 (narumi0925)> myoyaSmi myoyaSmi
[2021-12-10 23:56:30] <@%^빵_떡 (bbangddeock)> 와줘서 고마웠어요 ! 묘야스미
[2021-12-10 23:56:31] <영삼일031 (119emt911)> 잘자요!!!
[2021-12-10 23:56:31] <%ミ기루1339 (giro1339)> 사린미숴~
[2021-12-10 23:56:31] <ミ은색클로버 (kteun)> 고생하셨어요!
[2021-12-10 23:56:31] <%ミ디알 (b1ack_luna)> 묘얀미도 고생하셨어욧!
[2021-12-10 23:56:31] <%_천하_ (ocheonhao)> 푹쉬어요
[2021-12-10 23:56:32] <%나비친구 (poato8904)> 수고하셨습니다!!!
[2021-12-10 23:56:32] <%샤초 (tich324)> myoyaSmi myoyaSmi myoyaSmi
[2021-12-10 23:56:33] <%$ミ자이드런 (dydrkf25)> 고생하셨어요 ~
[2021-12-10 23:56:35] <%ミ침묵충 (chimchim7104)> 수고하셧습니당
[2021-12-10 23:56:36] <%ミ공룡사이즈 (trilong)> 고생하셨어요!!
[2021-12-10 23:56:40] <%포모즐겜 (pomojeulgem)> 뭔가 쇼콜라가 그립다
[2021-12-10 23:56:42] <ミ샴블 (sonwc133)> 고생하셨어요
[2021-12-10 23:56:43] <%$ミ_레드향 (red_aroma)> 고생하셨어요~
[2021-12-10 23:56:43] <%ミ네드발식기상법 (prime7531)> 묘야스미
[2021-12-10 23:56:43] <%ミ기루1339 (giro1339)> 고생하셨어요~!!
[2021-12-10 23:56:43] <@%^빵_떡 (bbangddeock)> 와줘서 고마웠어요 ! 묘야스미
[2021-12-10 23:56:45] <%ミ천사치노 (swkim00734)> 고생하셨어용!!
[2021-12-10 23:56:46] <%포모즐겜 (pomojeulgem)> 고생하셨습니다
[2021-12-10 23:56:50] <남정 (moung006300)> 묘야스미~
[2021-12-10 23:56:52] <%ミ고귀한고독 (penggeen)> 쪽!
[2021-12-10 23:56:56] <이누야샤_ (inu02)> 고생하셨어요!
[2021-12-10 23:56:56] <%시더31 (seeder31)> 묘야스미~
[2021-12-10 23:57:01] <%포모즐겜 (pomojeulgem)> 묘꼬야마 묘꼬야마
[2021-12-10 23:57:02] <%$ミ자이드런 (dydrkf25)> 일요일에봐요 ~
[2021-12-10 23:57:06] <~%묘야님 (myoya_)> 뿅!♡
[2021-12-10 23:57:07] <%ミ뽀오잉 (dlrmsvyaa)> 뿅~ <3
[2021-12-10 23:57:08] <%포모즐겜 (pomojeulgem)> myoyaTT myoyaTT
[2021-12-10 23:57:08] <%$여용_ (dudyd_)> 뿅!!
[2021-12-10 23:57:08] <%라아_쿠우_ (raku_a2xero)> 뿅!
[2021-12-10 23:57:09] <%$ミ연장맨 (wwi137)> 뿅
[2021-12-10 23:57:10] <%$ミ자이드런 (dydrkf25)> 뿅!
[2021-12-10 23:57:11] <%ミ아침연달 (jasg72)> 뿅!
[2021-12-10 23:57:11] <%포모즐겜 (pomojeulgem)> 뿅
[2021-12-10 23:57:12] <%ミ초월씨_ (leaf_moon2389)> 뿅!
[2021-12-10 23:57:12] <영삼일031 (119emt911)> 뿅
[2021-12-10 23:57:12] <%ミ기루1339 (giro1339)> 뿅!!
[2021-12-10 23:57:13] <%샤초 (tich324)> 뿅!
[2021-12-10 23:57:13] <%_블루베어 (b_bear789)> 뿅!
[2021-12-10 23:57:15] <ミ은색클로버 (kteun)> 뿅!
[2021-12-10 23:57:15] <이누야샤_ (inu02)> 뿅!
[2021-12-10 23:57:16] <%나비친구 (poato8904)> 사랑해요!! <3 <3 <3 <3 <3
[2021-12-10 23:57:18] <%ミ공룡사이즈 (trilong)> 뿅!! myoyaHeart myoyaHeart
[2021-12-10 23:57:19] <%_천하_ (ocheonhao)> 뿅!
[2021-12-10 23:57:19] <ミ샴블 (sonwc133)> 뿅
[2021-12-10 23:57:20] <%나비친구 (poato8904)> 뿅!
[2021-12-10 23:57:21] <%ミ바볼바 (dlsldldl)> 잘가요
[2021-12-10 23:57:21] <%ミ슈토입니다_ (syuto1107)> 뿅!
[2021-12-10 23:57:21] <%ミ딸기맛된장국 (narumi0925)> 뿅
[2021-12-10 23:57:21] <%ミ뽀오잉 (dlrmsvyaa)> 묘얀미 오늘하루도 너무 너무 고생하셨어요~
[2021-12-10 23:57:22] <%$ミ자이드런 (dydrkf25)> 고생하셨어요 ~
[2021-12-10 23:57:22] <%183578> myoyaHi
[2021-12-10 23:57:22] <%포모즐겜 (pomojeulgem)> 아이고 묘손실 myoyaTT myoyaTT
[2021-12-10 23:57:22] <~%묘야님 (myoya_)> 오늘도 고생하셨어요 !
[2021-12-10 23:57:22] <%ミ바볼바 (dlsldldl)> 내일봐요
[2021-12-10 23:57:28] <@%ミ루아 (lix375)> myoyaSmi
[2021-12-10 23:57:28] <%나비친구 (poato8904)> 수고하셨습니다!
[2021-12-10 23:57:29] <ミ샴블 (sonwc133)> 고생하셨어요
[2021-12-10 23:57:30] <%ミ아침연달 (jasg72)> 고생하셨습니다
[2021-12-10 23:57:31] <%ミ침묵충 (chimchim7104)> 수고하셨습니당
[2021-12-10 23:57:34] <%ミ뽀오잉 (dlrmsvyaa)> 오늘 하루도 푹 쉬시고! 내일 알바 조심히 다녀오세요~
[2021-12-10 23:57:34] <%ミ기루1339 (giro1339)> 수고하셨습니다!
[2021-12-10 23:57:34] <~%묘야님 (myoya_)> 일요일에 만나용 myoyaBukh
[2021-12-10 23:57:35] <%나비친구 (poato8904)> ♡♡
[2021-12-10 23:57:36] <%$ミ연장맨 (wwi137)> myoyaSmi myoyaSmi myoyaSmi myoyaSmi 잘자고 일요일에 만나요~~
[2021-12-10 23:57:36] <%$ミ자이드런 (dydrkf25)> 잘자용~
[2021-12-10 23:57:38] <%nautilus_k> myoyaHeart myoyaSuki myoyaHeart myoyaSuki
[2021-12-10 23:57:38] <ミ샴블 (sonwc133)> 일요일에 봐요
[2021-12-10 23:57:39] <%ミ공룡사이즈 (trilong)> 고생하셨어요!!
[2021-12-10 23:57:41] <%ミ뽀오잉 (dlrmsvyaa)> 묘야스밍~ myoyaSmi
[2021-12-10 23:57:41] <%ミ디알 (b1ack_luna)> 좋은 꿈 꾸시길~
[2021-12-10 23:57:42] <ミ샴블 (sonwc133)> 잘자요
[2021-12-10 23:57:43] <%나비친구 (poato8904)> myoyaHeart myoyaHeart myoyaHeart myoyaHeart
[2021-12-10 23:57:43] <%$ミ_레드향 (red_aroma)> 일요일에 봐요~
[2021-12-10 23:57:44] <%ミ기루1339 (giro1339)> 일요일에 봐요~!
[2021-12-10 23:57:47] <ミ샴블 (sonwc133)> 묘야스미
[2021-12-10 23:57:47] <~%묘야님 (myoya_)> 그럼 이만 -!!
[2021-12-10 23:57:47] <@%^빵_떡 (bbangddeock)> 와줘서 고마웠어요 ! 묘야스미
[2021-12-10 23:57:47] <%$ミ자이드런 (dydrkf25)> 일욜에봐요
[2021-12-10 23:57:48] <%포모즐겜 (pomojeulgem)> 20000 myoyaTT myoyaTT
[2021-12-10 23:57:48] <%ミ기루1339 (giro1339)> 20000!!
[2021-12-10 23:57:48] <%ミ슈토입니다_ (syuto1107)> 20000!!
[2021-12-10 23:57:48] <%ミ딸기맛된장국 (narumi0925)> 그럼 이만 myoyaJelly4
[2021-12-10 23:57:48] <%ミ디알 (b1ack_luna)> 잘자용! 묘야스미 myoyaSmi
[2021-12-10 23:57:48] <%$여용_ (dudyd_)> 20000!!
[2021-12-10 23:57:49] <%ミ뽀오잉 (dlrmsvyaa)> 20000~ myoyaHi
[2021-12-10 23:57:50] <%$ミ_레드향 (red_aroma)> 20000!!!
[2021-12-10 23:57:50] <ミ샴블 (sonwc133)> 20000
[2021-12-10 23:57:51] <%$ミ자이드런 (dydrkf25)> 20000
[2021-12-10 23:57:51] <%ミ공룡사이즈 (trilong)> 일요알애 만나요!!
[2021-12-10 23:57:51] <%나비친구 (poato8904)> 20000-
[2021-12-10 23:57:53] <ミ은색클로버 (kteun)> 20000!!
[2021-12-10 23:57:53] <%ミ디알 (b1ack_luna)> 이만~!
[2021-12-10 23:57:54] <%포모즐겜 (pomojeulgem)> 이만~ myoyaTT myoyaTT
[2021-12-10 23:57:55] <%ミ기루1339 (giro1339)> myoyaSmi myoyaSmi myoyaSmi
[2021-12-10 23:57:56] <%ミ아침연달 (jasg72)> 20000! myoyaSmi myoyaSmi
[2021-12-10 23:57:59] <%나비친구 (poato8904)> myoyaHeart myoyaHeart myoyaHeart
[2021-12-10 23:58:00] <%ミ침묵충 (chimchim7104)> 2000
[2021-12-10 23:58:01] [Info] This room is now in slow mode. You may send messages every 1800 seconds.
[2021-12-10 23:58:03] <ミ샴블 (sonwc133)> 잘자요 묘야스미
[2021-12-10 23:58:04] <%ミ뽀오잉 (dlrmsvyaa)> 묘얀미 언제나 사랑해요~ myoyaSuki myoyaDhkdk myoyaRi myoyaHeart
[2021-12-10 23:58:06] <~%묘야님 (myoya_)> myoyaSmi myoyaSmi myoyaSmi <3
[2021-12-10 23:58:08] <%$ミ자이드런 (dydrkf25)> myoyaSmi myoyaSmi myoyaSmi KPOPlove
[2021-12-10 23:58:08] <%ミ딸기맛된장국 (narumi0925)> myoyaSmi myoyaSmi myoyaJelly33
[2021-12-10 23:58:09] <%포모즐겜 (pomojeulgem)> myoyaSmi myoyaSmi myoyaSmi <3
[2021-12-10 23:58:09] <%ミ공룡사이즈 (trilong)> 그럼 이만(20000) myoyaHeart myoyaHeart myoyaSmi myoyaSmi
[2021-12-10 23:58:11] <%ミ밍쿠 (mingku00)> myoyaSmi myoyaSmi
[2021-12-10 23:58:14] <%ミ기루1339 (giro1339)> myoyaSmi myoyaBukh myoyaHeart myoyaBukh myoyaSmi
[2021-12-10 23:58:18] <%ミ아침연달 (jasg72)> myoyaSmi myoyaSmi myoyaSuki
[2021-12-10 23:58:19] <%나비친구 (poato8904)> 묘얀님 너무너무 사랑합니다
[2021-12-10 23:58:23] <~%묘야님 (myoya_)> KPOPlove
[2021-12-10 23:58:48] <@%^빵_떡 (bbangddeock)> 2022 묘야 달력 예약하기⭐️ https://smartstore.naver.com/myoyastore/products/6068019895
[2021-12-10 23:59:37] ~Stream offline~
[2021-12-11 00:00:37] <%ミ디알 (b1ack_luna)> 따뜻하게 주무세욧~ myoyaSmi 내일 알바 화이팅! LuvBlondeL <3 츄
[2021-12-11 00:03:09] Viewerstats (23:32-23:57): avg:239 min:228 max:253 [14/242+6+0+5-10+0-3+0+0-8+0+0-4+0_]
[2021-12-11 00:31:27] You have left #myoya_
# Log closed: 2021-12-11 00:31:27 +0900
-
