# Log started: 2021-12-10 21:45:16 +0900
[2021-12-10 21:45:16] #n__97a_ 채널 입장 중입니다
[2021-12-10 21:45:16] #n__97a_ 채널에 입장했습니다
[2021-12-10 21:45:16] ~쉰입)카트라이더 할 분 구합니다 (Kartrider)~
[2021-12-10 21:45:22] <%현생찾으러가는박쿠션 (parkcushion)> 와 직부 꽂으려고하시넼ㅋㅋ
[2021-12-10 21:45:25] <%$하링이전용마스터키 (was320)> 무부 ㄷㄷ
[2021-12-10 21:45:31] <%$하링이전용마스터키 (was320)> 연카 무부 ㄷㄷㄷ
[2021-12-10 21:45:32] <난나의생로랑팬티냄새헠헠 (chosun27)> 어디가니?
[2021-12-10 21:45:39] <%$하링이전용마스터키 (was320)> 어디가 괜찮아 ㅋㅋㅋㅋ
[2021-12-10 21:45:49] <난나의생로랑팬티냄새헠헠 (chosun27)> 캉난나를 막을수 없으셈 ㅋㅋ
[2021-12-10 21:45:50] <레디 (mose151)> 저분들 놀아주시는거 같은데 ㅋㅋ
[2021-12-10 21:45:57] <qqq2q> ㅋㅋㅋ
[2021-12-10 21:45:58] <%난나보고몽정하면시류시류 (jae1165)> ㅋㅋㅋ
[2021-12-10 21:46:01] <%현생찾으러가는박쿠션 (parkcushion)> 스스로 무덤으로 가는 나
[2021-12-10 21:46:27] <%국대에이스서지수 (seo_jisoo)> 난나누나 왜 길을 몰라요ㅠㅡㅠ
[2021-12-10 21:46:42] <%하링에게만고백왕 (hgs5980)> 행복해
[2021-12-10 21:46:48] <qqq2q> ㅋㅋㅋㅋㅋㅋㅋ
[2021-12-10 21:46:48] <%현생찾으러가는박쿠션 (parkcushion)> ㅋㅋㅋㅋㅋㅋ
[2021-12-10 21:46:51] <%하링에게만고백왕 (hgs5980)> 그럼 캉씨만 스피트 카트 타죠
[2021-12-10 21:46:54] <%하링에게만고백왕 (hgs5980)> 저희연습탐
[2021-12-10 21:46:56] <%하링에게만고백왕 (hgs5980)> 어떰??
[2021-12-10 21:47:00] <성민321 (okbomv)> 형님 이제 아이템전 다시 해보실까요
[2021-12-10 21:47:04] <%하링에게만고백왕 (hgs5980)> 넹넹
[2021-12-10 21:47:06] <%하링에게만고백왕 (hgs5980)> 그렇게합시당
[2021-12-10 21:47:06] <%현생찾으러가는박쿠션 (parkcushion)> 난나님이 다음판 리버스 빌리지 손가락 하고싶대요
[2021-12-10 21:47:50] <%$이제이드 (jadelee101)> 어이구야 입장 못하네
[2021-12-10 21:47:50] <%현생찾으러가는박쿠션 (parkcushion)> 언니 이제 맵이 많아요
[2021-12-10 21:47:53] <%$이제이드 (jadelee101)> 빠르구만
[2021-12-10 21:47:55] <%하링에게만고백왕 (hgs5980)> 와 벌써 자리가 다찻어 ㅠ
[2021-12-10 21:47:56] <%캉난나보자마_자몽_정 (lizzarmong)> 와 벌써 꽉찼네
[2021-12-10 21:47:57] <%현생찾으러가는박쿠션 (parkcushion)> 위에 카테고리에서
[2021-12-10 21:47:59] <%현생찾으러가는박쿠션 (parkcushion)> 찾아보세요
[2021-12-10 21:48:14] <%황금늘보 (neulbo)> 레벨들 상당하네
[2021-12-10 21:48:15] <%현생찾으러가는박쿠션 (parkcushion)> 자 레디 드가자
[2021-12-10 21:48:16] <성민321 (okbomv)> 템인데 차 자유 안되나용...
[2021-12-10 21:48:46] <%현생찾으러가는박쿠션 (parkcushion)> ㅋㅋㅋㅋㅋㅋㅋㅋㅋㅋ
[2021-12-10 21:48:46] <%캉난나보자마_자몽_정 (lizzarmong)> 몰라 바나나우유 하나 개꿀
[2021-12-10 21:48:47] <%현생찾으러가는박쿠션 (parkcushion)> ㅋㅋㅋㅋㅋㅋㅋㅋㅋㅋㅋㅋㅋ
[2021-12-10 21:48:49] <%현생찾으러가는박쿠션 (parkcushion)> ㅋㅋㅋㅋㅋㅋㅋㅋㅋ
[2021-12-10 21:49:03] <%현생찾으러가는박쿠션 (parkcushion)> ㅋㅋㅋㅋㅋㅋㅋㅋㅋㅋㅋㅋㅋ
[2021-12-10 21:49:05] <%삼분카레 (farcon64)> 카트라이더 절망편
[2021-12-10 21:49:10] <%캉난나가먹다버린두리안 (aapunch)> ㅋㅋㅋㅋㅋㅋㅋ케
[2021-12-10 21:49:17] <%캉난나코에서나온밀면 (millmyeon)> ㅋㅋㅋㅋㅋㅋㅋㅋㅋ
[2021-12-10 21:49:23] <%캉난나코에서나온밀면 (millmyeon)> 어딜 들어가려고!
[2021-12-10 21:49:33] <%하링에게만고백왕 (hgs5980)> ㅋㅋㅋㅋㅋㅋㅋㅋㅋ
[2021-12-10 21:49:38] <%$이제이드 (jadelee101)> ZZZZZZZZZZZ
[2021-12-10 21:49:41] <%캉난나보자마_자몽_정 (lizzarmong)> ㅋㅋㅋㅋㅋ
[2021-12-10 21:49:42] <%$이제이드 (jadelee101)> 뭐가 잘 안 되니
[2021-12-10 21:49:44] <%현생찾으러가는박쿠션 (parkcushion)> 어림도없다 이놈
[2021-12-10 21:50:02] <%$이제이드 (jadelee101)> 팬이에요
[2021-12-10 21:50:05] <_빠다 (boyshy0402)> 내리막을 쫙 스웩~
[2021-12-10 21:50:18] <%$이제이드 (jadelee101)> ㅋㅋㅋㅋㅋㅋㅋㅋㅋㅋㅋㅋㅋㅋ
[2021-12-10 21:50:20] <%캉난나코에서나온밀면 (millmyeon)> ㅋㅋㅋㅋㅋㅋㅋㅋㅋ
[2021-12-10 21:50:22] <%$이제이드 (jadelee101)> ludanim0 ludanim0 ludanim0 ludanim0 ludanim0 ludanim0 ludanim0
[2021-12-10 21:50:30] <%난나보고몽정하면시류시류 (jae1165)> ㅋㅋㅋㅋ
[2021-12-10 21:50:32] <_빠다 (boyshy0402)> lazmalFuri
[2021-12-10 21:50:38] <%현생찾으러가는박쿠션 (parkcushion)> ㅋㅋㅋㅋㅋㅋㅋㅋㅋㅋㅋㅋㅋㅋㅋ
[2021-12-10 21:51:04] <%$이제이드 (jadelee101)> 풍선이 없는 나
[2021-12-10 21:51:04] <_빠다 (boyshy0402)> 양보없는...
[2021-12-10 21:51:13] <%현생찾으러가는박쿠션 (parkcushion)> ㅌㅋㅋㅋㅋㅋㅋㅋㅋㅋㅋㅋㅋㅋㅋ
[2021-12-10 21:51:19] <%현생찾으러가는박쿠션 (parkcushion)> 처참하게 발리는 나
[2021-12-10 21:51:31] <%황금늘보 (neulbo)> 완주 해보라구 ㅋㅋ
[2021-12-10 21:51:37] <%채라트도원 (carundein)> 최미스에 순수막자면 들어갈 수가 없지
[2021-12-10 21:52:02] <%현생찾으러가는박쿠션 (parkcushion)> 빌리지 시계탑 운하도 재밌어요 언니
[2021-12-10 21:52:16] <성민321 (okbomv)> 시계탑 운하
[2021-12-10 21:52:18] <%현생찾으러가는박쿠션 (parkcushion)> ㄱㄱㄱ
[2021-12-10 21:52:21] <%현생찾으러가는박쿠션 (parkcushion)> 개꿀잼임
[2021-12-10 21:52:22] <%$이제이드 (jadelee101)> ㄱㄷㄱ
[2021-12-10 21:52:27] <%현생찾으러가는박쿠션 (parkcushion)> 넌 죽었다 이제ㅐ
[2021-12-10 21:52:38] <%하링에게만고백왕 (hgs5980)> ㅋㅋㅋㅋㅋㅋㅋㅋㅋ
[2021-12-10 21:52:53] <%하링에게만고백왕 (hgs5980)> 저정도 박앗으면 ...이미 죽엇어 ㄷㄷ
[2021-12-10 21:53:04] <%$이제이드 (jadelee101)> ㅋㅋ
[2021-12-10 21:53:05] <%현생찾으러가는박쿠션 (parkcushion)> 어?
[2021-12-10 21:53:07] <%현생찾으러가는박쿠션 (parkcushion)> 이걸 보내주시네
[2021-12-10 21:53:11] <%캉난나보자마_자몽_정 (lizzarmong)> ㅋㅋ저거 아이템아닌데
[2021-12-10 21:53:19] <%캉난나보자마_자몽_정 (lizzarmong)> 캉난나 vs 캉난나
[2021-12-10 21:53:20] <%현생찾으러가는박쿠션 (parkcushion)> 오 1등 ㄷㄷ
[2021-12-10 21:53:22] <%$이제이드 (jadelee101)> ㄷㄷ 황금쉴드
[2021-12-10 21:53:30] <%$이제이드 (jadelee101)> ㅋㅋ
[2021-12-10 21:53:31] <%$이제이드 (jadelee101)> ㅋㅋㅋㅋㅋㅋㅋㅋㅋㅋㅋㅋㅋㅋㅋㅋㅋㅋ
[2021-12-10 21:53:33] <%뽀삐삐님 (bboslam)> ㅋㅋㅋㅋㅋㅋㅋㅋㅋㅋ
[2021-12-10 21:53:36] <%$이제이드 (jadelee101)> ㅋㅋㅋㅋㅋㅋㅋㅋㅋㅋㅋㅋㅋㅋㅋㅋㅋㅋㅋㅋㅋㅋㅋ
[2021-12-10 21:53:42] <%현생찾으러가는박쿠션 (parkcushion)> 경찰차 맛좀봐라!
[2021-12-10 21:53:49] <%뽀삐삐님 (bboslam)> 킹나나
[2021-12-10 21:53:53] <_빠다 (boyshy0402)> 어어 밀지마라
[2021-12-10 21:54:19] <%뽀삐삐님 (bboslam)> ㅋㅋㅋㅋㅋㅋㅋㅋㅋㅋㅋㅋㅋㅋ
[2021-12-10 21:54:20] <%뽀삐삐님 (bboslam)> 난리났네
[2021-12-10 21:54:21] <%$이제이드 (jadelee101)> ㅋㅋㅋㅋㅋㅋㅋㅋㅋㅋㅋㅋㅋㅋㅋㅋㅋㅋㅋㅋ
[2021-12-10 21:54:24] <%현생찾으러가는박쿠션 (parkcushion)> ㅋㅋㅋㅋㅋㅋㅋㅋㅋㅋㅋㅋㅋㅋㅋㅋㅋㅋㅋ
[2021-12-10 21:54:25] <%캉난나가먹다버린두리안 (aapunch)> ㅋㅋㅋㅋㅋㅋㅋㅋ
[2021-12-10 21:54:41] <%캉난나가먹다버린두리안 (aapunch)> ㅋㅋㅋㅋㅋㅋㅋ
[2021-12-10 21:54:44] <%캉난나코에서나온밀면 (millmyeon)> ㅋㅋㅋㅋㅋㅋㅋㅋㅋㅋㅋㅋㅋ
[2021-12-10 21:54:47] <%$이제이드 (jadelee101)> 지뢰 방어맨이야
[2021-12-10 21:54:49] <%캉난나코에서나온밀면 (millmyeon)> 응 못가
[2021-12-10 21:54:58] <%$이제이드 (jadelee101)> 지옥이다 지옥
[2021-12-10 21:55:08] <%현생찾으러가는박쿠션 (parkcushion)> ㅋㅋㅋㅋㅋㅋㅋㅋㅋㅋㅋㅋㅋㅋㅋㅋㅋㅋㅋㅋㅋㅋㅋㅋㅋㅋㅋㅋㅋㅋㅋㅋㅋㅋㅋㅋㅋ
[2021-12-10 21:55:11] <%뽀삐삐님 (bboslam)> 절대못갈듯ㅋㅋㅋㅋ
[2021-12-10 21:55:13] <%$이제이드 (jadelee101)> 이게 지옥이지
[2021-12-10 21:55:15] <%현생찾으러가는박쿠션 (parkcushion)> 무간지옥이다
[2021-12-10 21:55:24] <%현생찾으러가는박쿠션 (parkcushion)> ㅋㅋㅋㅋㅋㅋㅋㅋㅋㅋㅋㅋㅋㅋㅋ
[2021-12-10 21:55:26] <%$이제이드 (jadelee101)> 히히 못가
[2021-12-10 21:55:28] <%캉난나가먹다버린두리안 (aapunch)> ㅋㅋㅋㅋㅋㅋㅋ
[2021-12-10 21:55:46] <%$이제이드 (jadelee101)> 빻
[2021-12-10 21:55:47] <_빠다 (boyshy0402)> 헉
[2021-12-10 21:55:47] <%현생찾으러가는박쿠션 (parkcushion)> ㅋㅋㅋㅋㅋㅋㅋㅋㅋㅋㅋㅋㅋ
[2021-12-10 21:55:50] <%캉난나코에서나온밀면 (millmyeon)> 국룰맵인데 이걸...?
[2021-12-10 21:55:51] <%하링에게만고백왕 (hgs5980)> ㅋㅋㅋㅋㅋㅋㅋㅋㅋㅋ
[2021-12-10 21:55:52] <%캉난나전용알몸메이드단신 (dans1n)> ㅋㅋㅋㅋㅋㅋㅋㅋㅋㅋㅋㅋㅋㅋ
[2021-12-10 21:55:52] <%캉난나보자마_자몽_정 (lizzarmong)> 이 맛에 이거하지
[2021-12-10 21:56:13] <%뽀삐삐님 (bboslam)> 얘!! 후진은 장식이니
[2021-12-10 21:56:18] <%캉난나전용알몸메이드단신 (dans1n)> ㅋㅋㅋ
[2021-12-10 21:56:27] <%현생찾으러가는박쿠션 (parkcushion)> ㅋㅋㅋㅋㅋㅋㅋㅋㅋㅋㅋㅋㅋㅋㅋㅋㅋㅋㅋㅋ
[2021-12-10 21:56:28] <%캉난나팬티같이훔치는지수 (pantihunterjisoo)> ㅋㅋㅋㅋㅋㅋㅋㅋㅋㅋㅋㅋㅋㅋㅋㅋㅋㅋㅋㅋㅋㅋㅋㅋㅋㅋㅋㅋㅋㅋㅋㅋㅋㅋㅋㅋㅋㅋ
[2021-12-10 21:56:30] <%캉난나가먹다버린두리안 (aapunch)> ㅋㅋㅋㅋ
[2021-12-10 21:56:38] <%$이제이드 (jadelee101)> ㅋㅋㅋㅋㅋㅋㅋㅋㅋㅋㅋㅋㅋㅋㅋㅋㅋㅋㅋㅋㅋㅋㅋㅋㅋㅋㅋ
[2021-12-10 21:56:50] <%캉난나전용알몸메이드단신 (dans1n)> 이제 4분하고 힘빠져..?
[2021-12-10 21:57:08] <%$이제이드 (jadelee101)> 애 울겠다
[2021-12-10 21:57:11] <%캉난나팬티같이훔치는지수 (pantihunterjisoo)> ㅇㅋㅋㅋㅋㅋㅋㅋㅋㅋㅋㅋㅋㅋㅋㅋㅋㅋㅋㅋㅋ
[2021-12-10 21:57:13] <%캉난나코에서나온밀면 (millmyeon)> 어림도 없죠?
[2021-12-10 21:57:20] <%캉난나팬티같이훔치는지수 (pantihunterjisoo)> ㅋㅋㅋㅋㅋㅋㅋㅋㅋㅋㅋㅋㅋㅋㅋㅋㅋㅋㅋㅋㅋㅋㅋㅋㅋㅋㅋㅋㅋㅋㅋㅋㅋㅋㅋㅋㅋㅋㅋㅋㅋㅋㅋㅋㅋㅋㅋ
[2021-12-10 21:57:25] <%현생찾으러가는박쿠션 (parkcushion)> ㅋㅋㅋㅋㅋㅋㅋㅋㅋㅋㅋㅋㅋㅋㅋㅋㅋㅋㅋㅋㅋㅋ
[2021-12-10 21:57:35] <%$이제이드 (jadelee101)> ㅇㅌㄲㄷ~
[2021-12-10 21:57:39] <%$이제이드 (jadelee101)> ㅇㅉㄱㅇㅇ~
[2021-12-10 21:57:43] <%현생찾으러가는박쿠션 (parkcushion)> 오?
[2021-12-10 21:57:46] <%현생찾으러가는박쿠션 (parkcushion)> 오!!!
[2021-12-10 21:57:47] <%캉난나코에서나온밀면 (millmyeon)> 오오
[2021-12-10 21:57:47] <%뽀삐삐님 (bboslam)> 오
[2021-12-10 21:57:47] <%캉난나가먹다버린두리안 (aapunch)> 오 ㅋㅋ
[2021-12-10 21:57:48] <%$이제이드 (jadelee101)> ㄱㅊ 한바퀴 더 돌아야함 ㅋㅋ
[2021-12-10 21:57:49] <%현생찾으러가는박쿠션 (parkcushion)> 이걸 지나가넼ㅋㅋㅋ
[2021-12-10 21:57:56] <%뽀삐삐님 (bboslam)> 혼자서도 못가는 나
[2021-12-10 21:58:24] <%현생찾으러가는박쿠션 (parkcushion)> ㅋㅋㅋㅋㅋㅋㅋㅋㅋㅋㅋ
[2021-12-10 21:58:37] <%현생찾으러가는박쿠션 (parkcushion)> 어?
[2021-12-10 21:58:37] <%다크열제 (dkwing80)> 당연하지 이겜이 그런 겜인걸
[2021-12-10 21:58:39] <%뽀삐삐님 (bboslam)> 어
[2021-12-10 21:58:40] <_빠다 (boyshy0402)> 오 ㅋ
[2021-12-10 21:58:48] <%다크열제 (dkwing80)> 1대  7의 싸움
[2021-12-10 21:59:07] <%캉난나전용알몸메이드단신 (dans1n)> ㅋㅋㅋㅋㅋㅋㅋㅋㅋㅋㅋㅋㅋㅋㅋㅋ
[2021-12-10 21:59:07] <%황금늘보 (neulbo)> ㅋㅋㅋㅋㅋㅋㅋㅋㅋㅋ
[2021-12-10 21:59:08] <%현생찾으러가는박쿠션 (parkcushion)> ? ㅋㅋㅋㅋㅋㅋㅋㅋㅋㅋㅋㅋㅋㅋ
[2021-12-10 21:59:08] <%$이제이드 (jadelee101)> 아싸
[2021-12-10 21:59:08] <%뽀삐삐님 (bboslam)> ㅋㅋㅋㅋㅋㅋㅋㅋㅋㅋㅋㅋㅋㅋㅋ
[2021-12-10 21:59:08] <@%^빵_떡 (bbangddeock)> bbangd1Un
[2021-12-10 21:59:09] <%캉난나코에서나온밀면 (millmyeon)> ㅋㅋㅋㅋㅋㅋㅋㅋㅋㅋㅋㅋㅋㅋㅋㅋㅋ
[2021-12-10 21:59:09] <%$이제이드 (jadelee101)> ㅋㅋㅋㅋㅋㅋㅋㅋㅋㅋㅋㅋㅋㅋㅋㅋㅋㅋㅋㅋㅋㅋㅋㅋㅋㅋㅋ
[2021-12-10 21:59:10] <%뽀삐삐님 (bboslam)> ??
[2021-12-10 21:59:10] <%캉난나가먹다버린두리안 (aapunch)> ㅋㅋㅋㅋㅋㅋㅋ
[2021-12-10 21:59:11] <%얻어탄탑승자 (b1ue_light_)> ㅋㅋㅋㅋㅋㅋㅋㅋㅋㅋㅋㅋㅋㅋㅋㅋ
[2021-12-10 21:59:11] <%$이제이드 (jadelee101)> 이걸 못들어가네
[2021-12-10 21:59:12] <%황금늘보 (neulbo)> 억지로 안들어가네 ㅋㅋㅋㅋㅋㅋㅋㅋㅋㅋㅋ
[2021-12-10 21:59:12] <%현생찾으러가는박쿠션 (parkcushion)> 리타 ㅋㅋㅋㅋㅋㅋㅋㅋㅋㅋㅋㅋㅋㅋㅋ
[2021-12-10 21:59:12] <%캉난나팬티같이훔치는지수 (pantihunterjisoo)> 이걸실패하네 ㅋㅋㅋㅋㅋㅋㅋㅋㅋㅋㅋㅋㅋㅋㅋㅋㅋㅋㅋ
[2021-12-10 21:59:15] <%캉난나전용알몸메이드단신 (dans1n)> ㅋㅋㅋㅋㅋㅋㅋㅋㅋㅋㅋㅋㅋㅋㅋㅋㅋㅋㅋㅋ
[2021-12-10 21:59:15] <%캉난나코에서나온밀면 (millmyeon)> 가긴 어딜가ㅋㅋㅋㅋㅋㅋㅋ
[2021-12-10 21:59:16] <%지나가다들림 (my79my79)> 저걸 못들어가네 ㄷㄷ
[2021-12-10 21:59:19] <%캉난나가먹다버린두리안 (aapunch)> 이걸못들어가네
[2021-12-10 21:59:20] <%얻어탄탑승자 (b1ue_light_)> ㅋ
[2021-12-10 21:59:22] <%현생찾으러가는박쿠션 (parkcushion)> ㅋㅋㅋㅋ
[2021-12-10 21:59:25] <%캉난나전용알몸메이드단신 (dans1n)> 레전드네
[2021-12-10 21:59:30] <%국대에이스서지수 (seo_jisoo)> 광꼬 ㅋㅋㅋㅋㅋ 악질이네
[2021-12-10 21:59:39] <성민321 (okbomv)> 무한부스터 말고 그냥 스피드 ㄱㄱ
[2021-12-10 22:00:00] <%하링에게만고백왕 (hgs5980)> 일해라 절해라 하지마!
[2021-12-10 22:00:09] <%캉난나팬티같이훔치는지수 (pantihunterjisoo)> 일
[2021-12-10 22:00:09] <%채라트도원 (carundein)> 1해라
[2021-12-10 22:00:13] <%캉난나팬티같이훔치는지수 (pantihunterjisoo)> 절
[2021-12-10 22:00:13] <%현생찾으러가는박쿠션 (parkcushion)> 1111
[2021-12-10 22:00:18] <%하링에게만고백왕 (hgs5980)> 아니 무슨 자리 차는 속도가
[2021-12-10 22:00:20] <%황금늘보 (neulbo)> 오우 처음으로 못들어갔네
[2021-12-10 22:00:20] <%하링에게만고백왕 (hgs5980)> 머기업속도급이야
[2021-12-10 22:00:23] <_빠다 (boyshy0402)> ㅋㅋ
[2021-12-10 22:00:25] <%국대에이스서지수 (seo_jisoo)> 그림의 떡 등장 ㅋㅋㅋㅋㅋㅋ
[2021-12-10 22:00:30] <%현생찾으러가는박쿠션 (parkcushion)> 광꼬! 광꼬!
[2021-12-10 22:00:42] <%캉난나전용알몸메이드단신 (dans1n)> 하프파이프가 쉬운거 ㅋㅋ아 ㅋㅋ
[2021-12-10 22:00:46] <%지나가다들림 (my79my79)> 과연?
[2021-12-10 22:00:56] <%현생찾으러가는박쿠션 (parkcushion)> 지옥을 맛볼듯
[2021-12-10 22:00:57] <%캉난나팬티같이훔치는지수 (pantihunterjisoo)> 어림도없지
[2021-12-10 22:01:09] <%캉난나코에서나온밀면 (millmyeon)> ㅋㅋㅋㅋㅋㅋㅋㅋㅋ
[2021-12-10 22:01:13] <%캉난나전용알몸메이드단신 (dans1n)> ㅋㅋㅋㅋㅋㅋㅋㅋㅋㅋㅋㅋㅋㅋㅋ
[2021-12-10 22:01:21] <%캉난나전용알몸메이드단신 (dans1n)> 감옥을 타고있나봐!!
[2021-12-10 22:01:32] <%캉난나전용알몸메이드단신 (dans1n)> ㅋㅋㅋㅋㅋㅋㅋㅋㅋㅋㅋㅋㅋㅋ
[2021-12-10 22:01:34] <_빠다 (boyshy0402)> 어어
[2021-12-10 22:01:35] <%현생찾으러가는박쿠션 (parkcushion)> ㅁㅋㅋㅋㅋㅋㅋㅋㅋㅋㅋㅋㅋㅋㅋㅋㅋㅋ
[2021-12-10 22:01:39] <_빠다 (boyshy0402)> 밀지마라
[2021-12-10 22:01:49] <@%^빵_떡 (bbangddeock)> 어서오세요 아직 팔로우 안하셨다면 팔로우 부탁해요 °˖✧◝(⁰▿⁰)◜✧˖°
[2021-12-10 22:01:54] <_빠다 (boyshy0402)> lazmalPien
[2021-12-10 22:02:01] <%캉난나전용알몸메이드단신 (dans1n)> 안막아도 알아서 고꾸라지네
[2021-12-10 22:02:14] <%캉난나전용알몸메이드단신 (dans1n)> ㅋㅋㅋㅋㅋㅋㅋㅋㅋㅋㅋㅋㅋㅋㅋㅋㅋㅋㅋㅋㅋㅋㅋㅋㅋㅋㅋ
[2021-12-10 22:02:15] <%황금늘보 (neulbo)> ㅋㅋㅋㅋㅋㅋㅋㅋㅋㅋㅋㅋ
[2021-12-10 22:02:16] <_빠다 (boyshy0402)> lazmalGG lazmalGG
[2021-12-10 22:02:21] <%황금늘보 (neulbo)> 노래 좋다~
[2021-12-10 22:02:21] <%현생찾으러가는박쿠션 (parkcushion)> 얘 거꾸로가지마렴
[2021-12-10 22:02:30] <%현생찾으러가는박쿠션 (parkcushion)> 1등은 이미 보이지않고
[2021-12-10 22:02:32] <%캉난나전용알몸메이드단신 (dans1n)> ㅋㅋㅋㅋㅋㅋㅋㅋㅋㅋㅋ
[2021-12-10 22:02:34] <%캉난나전용알몸메이드단신 (dans1n)> 마르세유턴 뭐야
[2021-12-10 22:02:35] <%황금늘보 (neulbo)> 완주는 무슨 ㅋㅋ
[2021-12-10 22:02:42] <%현생찾으러가는박쿠션 (parkcushion)> ㅋㅋㅋㅋㅋㅋㅋㅋㅋㅋㅋㅋㅋㅋㅋㅋㅋㅋ
[2021-12-10 22:02:43] <%얻어탄탑승자 (b1ue_light_)> ㅋㅋㅋㅋㅋㅋㅋㅋㅋㅋㅋㅋ
[2021-12-10 22:02:45] <%황금늘보 (neulbo)> 잘 달려야지~
[2021-12-10 22:02:47] <%캉난나전용알몸메이드단신 (dans1n)> 아이고 배야~~ㅋㅋㅋㅋㅋㅋㅋㅋㅋㅋㅋㅋㅋㅋㅋㅋㅋㅋㅋㅋ
[2021-12-10 22:02:48] <%현생찾으러가는박쿠션 (parkcushion)> ㅋㅋㅋㅋㅋㅋㅋㅋㅋㅋㅋㅋㅋㅋㅋㅋ
[2021-12-10 22:02:50] <%얻어탄탑승자 (b1ue_light_)> ㅋㅋㅋㅋㅋㅋㅋㅋㅋㅋㅋ
[2021-12-10 22:02:54] <%황금늘보 (neulbo)> 아이고 배야~~~
[2021-12-10 22:02:58] <%$이제이드 (jadelee101)> 뭐가 잘 안 되시나봐요
[2021-12-10 22:02:59] <%현생찾으러가는박쿠션 (parkcushion)> ㅋㅋㅋㅋㅋㅋㅋㅋㅋㅋ
[2021-12-10 22:03:03] <%$이제이드 (jadelee101)> 안타깝다~
[2021-12-10 22:03:09] <%캉난나팬티같이훔치는지수 (pantihunterjisoo)> ㅋ
[2021-12-10 22:03:19] <%캉난나전용알몸메이드단신 (dans1n)> ㄹㅇㅋ
[2021-12-10 22:03:22] <%황금늘보 (neulbo)> 같이하기 잘못누름;
[2021-12-10 22:03:22] <%현생찾으러가는박쿠션 (parkcushion)> 광산 꼬불꼬불이라는 맵은 한바퀴면 가면 되는거예요
[2021-12-10 22:03:35] <_빠다 (boyshy0402)> 서윗하게~ 완주
[2021-12-10 22:03:52] <%캉난나전용알몸메이드단신 (dans1n)> 벌써웃기네 ㅋㅋ
[2021-12-10 22:04:01] <_빠다 (boyshy0402)> lazmalDaipan
[2021-12-10 22:04:15] <%캉난나전용알몸메이드단신 (dans1n)> ㅋㅋㅋㅋㅋㅋ
[2021-12-10 22:04:27] <_빠다 (boyshy0402)> ㅎㅈㅁㄹㄱ~
[2021-12-10 22:04:34] <%캉난나전용알몸메이드단신 (dans1n)> 오
[2021-12-10 22:04:41] <_빠다 (boyshy0402)> ㅋㅋㅋㅋㅋㅋ
[2021-12-10 22:04:42] <%캉난나전용알몸메이드단신 (dans1n)> ㅋㅋㅋㅋㅋㅋㅋㅋㅋㅋㅋㅋㅋㅋㅋㅋㅋㅋㅋㅋㅋㅋㅋㅋ
[2021-12-10 22:04:45] <%현생찾으러가는박쿠션 (parkcushion)> 어디가니 얘!
[2021-12-10 22:04:53] <_빠다 (boyshy0402)> 방송 감 다 살았네
[2021-12-10 22:04:56] <%하링에게만고백왕 (hgs5980)> 아니 팬이라는데
[2021-12-10 22:04:56] <난나의생로랑팬티냄새헠헠 (chosun27)> 무하냐고 ㅋㅋㅋㅋㅋㅋ
[2021-12-10 22:04:58] <%하링에게만고백왕 (hgs5980)> 왜거절하세요
[2021-12-10 22:05:07] <%캉난나전용알몸메이드단신 (dans1n)> 진짜레전드게임이네
[2021-12-10 22:05:11] <_빠다 (boyshy0402)> lazmalLove
[2021-12-10 22:05:20] <%캉난나전용알몸메이드단신 (dans1n)> ㅋㅋㅋㅋㅋㅋㅋㅋㅋㅋㅋㅋㅋㅋㅋㅋㅋㅋㅋㅋㅋ
[2021-12-10 22:05:22] <%현생찾으러가는박쿠션 (parkcushion)> ㅋㅋㅋㅋㅋㅋㅋㅋㅋㅋㅋㅋㅋㅋㅋㅋㅋ
[2021-12-10 22:05:22] <난나의생로랑팬티냄새헠헠 (chosun27)> ㅋㅋㅋㅋㅋㅋㅋㅋㅋㅋㅋㅋ
[2021-12-10 22:05:24] <%캉난나전용알몸메이드단신 (dans1n)> 알까기를 당한 나
[2021-12-10 22:05:25] <+왜노자_ (livingalone55)> ㅋㅋㅋㅋㅋㅋㅋㅋ
[2021-12-10 22:05:36] <%캉난나코에서나온밀면 (millmyeon)> ㅋㅋㅋㅋㅋㅋㅋ
[2021-12-10 22:05:36] <%캉난나전용알몸메이드단신 (dans1n)> ㅋㅋㅋㅋㅋㅋㅋㅋㅋㅋㅋㅋㅋㅋㅋㅋㅋㅋㅋㅋㅋㅋㅋ
[2021-12-10 22:05:40] <%캉난나전용알몸메이드단신 (dans1n)> 팬이에요~^^
[2021-12-10 22:05:40] <%뽀삐삐님 (bboslam)> 정모 ㅋㅋㅋ
[2021-12-10 22:05:41] <%지나가다들림 (my79my79)> 주차 ㄷㄷ
[2021-12-10 22:05:44] <%캉난나팬티같이훔치는지수 (pantihunterjisoo)> ㅋㅋㅋㅋㅋㅋㅋㅋㅋㅋㅋㅋㅋㅋㅋㅋ
[2021-12-10 22:05:45] <%현생찾으러가는박쿠션 (parkcushion)> 정보) 맵을 정한건 본인이다
[2021-12-10 22:05:46] <%하링에게만고백왕 (hgs5980)> 이런 빅꿀잼 그림까지 예상하다니
[2021-12-10 22:05:51] <%캉난나가먹다버린두리안 (aapunch)> ㅋㅋㅋㅋㅋㅋㅋㅋ
[2021-12-10 22:05:51] <%하링에게만고백왕 (hgs5980)> 캉당신은 대체
[2021-12-10 22:05:51] <%캉난나코에서나온밀면 (millmyeon)> 점점 미쳐가는 나
[2021-12-10 22:05:52] <+왜노자_ (livingalone55)> 정모장소 ㅋㅋㅋㅋ
[2021-12-10 22:06:04] <딸기달 (strawb2rry_moon)> 안녕하세요!!
[2021-12-10 22:06:04] <%캉난나전용알몸메이드단신 (dans1n)> 여기 지스타인가봐!!
[2021-12-10 22:06:09] <%지나가다들림 (my79my79)> 부비부비 ㄷㄷ
[2021-12-10 22:06:09] <%하링에게만고백왕 (hgs5980)> ㅋㅋㅋㅋㅋㅋㅋㅋㅋㅋㅋㅋ
[2021-12-10 22:06:14] <%캉난나전용알몸메이드단신 (dans1n)> ㅋㅋㅋㅋㅋㅋㅋㅋㅋㅋㅋㅋㅋㅋㅋㅋㅋ
[2021-12-10 22:06:14] <%뽀삐삐님 (bboslam)> ㅋㅋㅋㅋㅋㅋㅋㅋ
[2021-12-10 22:06:14] <%하링에게만고백왕 (hgs5980)> ㅋㅋㅋㅋㅋㅋㅋㅋㅋㅋㅋㅋㅋㅋㅋㅋㅋㅋㅋㅋㅋ
[2021-12-10 22:06:16] <%현생찾으러가는박쿠션 (parkcushion)> ㅋㅋㅋㅋㅋㅋㅋㅋㅋㅋㅋㅋㅋㅋ
[2021-12-10 22:06:19] <딸기달 (strawb2rry_moon)> 행복 카트!!! >_<
[2021-12-10 22:06:21] <난나의생로랑팬티냄새헠헠 (chosun27)> ㅋㅋㅋㅋㅋㅋㅋㅋㅋㅋㅋㅋ
[2021-12-10 22:06:21] <%캉난나전용알몸메이드단신 (dans1n)> ㅋㅋㅋㅋㅋㅋㅋㅋㅋㅋㅋㅋㅋㅋㅋ
[2021-12-10 22:06:22] <%흰눈ㅇ (xlziua)> 정신나간다~
[2021-12-10 22:06:26] <_빠다 (boyshy0402)> 온파코 ㄷㄷ
[2021-12-10 22:06:27] <%하링에게만고백왕 (hgs5980)> 와 컨트롤좋앗는데 ㅋㅋㅋㅋ
[2021-12-10 22:06:27] <%현생찾으러가는박쿠션 (parkcushion)> 정보) 자신이 맵 정했다
[2021-12-10 22:06:35] <%얻어탄탑승자 (b1ue_light_)> ㅋㅋㅋㅋㅋㅋㅋㅋㅋㅋㅋㅋㅋ
[2021-12-10 22:06:36] <%지나가다들림 (my79my79)> 너무 좋은가봐
[2021-12-10 22:06:36] <%캉난나팬티같이훔치는지수 (pantihunterjisoo)> 얘! 뭐가 잘 안되니?
[2021-12-10 22:06:37] <%흰눈ㅇ (xlziua)> 개거수;;
[2021-12-10 22:06:37] <%캉난나전용알몸메이드단신 (dans1n)> 이런 꿀잼맵을 골라주시다니..
[2021-12-10 22:06:39] <%얻어탄탑승자 (b1ue_light_)> ㅋㅋㅋㅋㅋㅋㅋㅋㅋㅋㅋㅋㅋㅋㅋㅋㅋㅋㅋㅋㅋㅋㅋ
[2021-12-10 22:06:42] <난나의생로랑팬티냄새헠헠 (chosun27)> 그만큼 좋으시다는거지
[2021-12-10 22:06:43] <%얻어탄탑승자 (b1ue_light_)> 이야 개잘해
[2021-12-10 22:06:48] <%하링에게만고백왕 (hgs5980)> ㅋㅋㅋㅋㅋㅋㅋㅋㅋ
[2021-12-10 22:06:48] <%얻어탄탑승자 (b1ue_light_)> ㅋㅋㅋㅋㅋㅋㅋㅋㅋㅋㅋㅋㅋㅋㅋㅋ
[2021-12-10 22:06:50] <%캉난나팬티같이훔치는지수 (pantihunterjisoo)> 셀프로 ㅋㅋㅋㅋㅋㅋㅋㅋ
[2021-12-10 22:06:51] <%하링에게만고백왕 (hgs5980)> 너무 잘하자너 ㅋㅋㅋㅋㅋㅋㅋㅋ
[2021-12-10 22:07:04] <%뽀삐삐님 (bboslam)> 협박하나봐 ㄷㄷ
[2021-12-10 22:07:05] <%황금늘보 (neulbo)> ㅋㅋㅋㅋㅋㅋㅋㅋ
[2021-12-10 22:07:07] <%휘ㅂㅏ (hyvaa_2101)> 밴 선언 ㄷㄷ
[2021-12-10 22:07:08] <%하링에게만고백왕 (hgs5980)> 협박이자너 ㅋㅋㅋㅋㅋ
[2021-12-10 22:07:10] <%캉난나전용알몸메이드단신 (dans1n)> 오
[2021-12-10 22:07:13] <%하링에게만고백왕 (hgs5980)> 아니 이걸 쫄아?
[2021-12-10 22:07:16] <%현생찾으러가는박쿠션 (parkcushion)> ㄹㅇㅋㅋ
[2021-12-10 22:07:16] <%캉난나코에서나온밀면 (millmyeon)> ㅋㅋㅋㅋㅋㅋㅋㅋㅋ
[2021-12-10 22:07:19] <%휘ㅂㅏ (hyvaa_2101)> ㄹㅇㅋㅋ
[2021-12-10 22:07:29] <%캉난나전용알몸메이드단신 (dans1n)> 와
[2021-12-10 22:07:31] <%캉난나전용알몸메이드단신 (dans1n)> 개쩐다진짜
[2021-12-10 22:07:34] <%황금늘보 (neulbo)> 캬
[2021-12-10 22:07:36] <%하링에게만고백왕 (hgs5980)> ㅋㅋㅋㅋㅋㅋㅋㅋㅋㅋ
[2021-12-10 22:07:38] <%뽀삐삐님 (bboslam)> ㅋㅋㅋㅋㅋㅋㅋㅋㅋㅋㅋㅋㅋㅋㅋㅋ
[2021-12-10 22:07:40] <%캉난나코에서나온밀면 (millmyeon)> ㅋㅋㅋㅋㅋㅋㅋㅋ
[2021-12-10 22:07:42] <%$이제이드 (jadelee101)> ㅈㅅㄲ
[2021-12-10 22:07:53] <난나의생로랑팬티냄새헠헠 (chosun27)> ㅋㅋㅋㅋㅋㅋㅋㅋㅋㅋㅋ
[2021-12-10 22:07:54] <%캉난나전용알몸메이드단신 (dans1n)> ㅋㅋㅋㅋㅋㅋㅋㅋㅋㅋㅋㅋㅋㅋㅋㅋㅋㅋ
[2021-12-10 22:07:54] <%캉난나팬티같이훔치는지수 (pantihunterjisoo)> 어쩔티비 ㅋㅋ 닉네임모르죠?
[2021-12-10 22:07:56] <%현생찾으러가는박쿠션 (parkcushion)> ㅋㅋㅋㅋㅋㅋㅋㅋㅋㅋㅋㅋㅋㅋㅋㅋㅋㅋㅋㅋㅋㅋㅋㅋ
[2021-12-10 22:07:57] <%황금늘보 (neulbo)> 하늘을 날아요ㅕ!
[2021-12-10 22:08:00] <%현생찾으러가는박쿠션 (parkcushion)> 직부 개쩐다!
[2021-12-10 22:08:00] <%하링에게만고백왕 (hgs5980)> ㅋㅋㅋㅋㅋㅋ
[2021-12-10 22:08:00] <난나의생로랑팬티냄새헠헠 (chosun27)> 개웃기네 진짜 ㅋㅋㅋㅋㅋㅋㅋ
[2021-12-10 22:08:02] <%캉난나전용알몸메이드단신 (dans1n)> 마른하늘을~달려~
[2021-12-10 22:08:08] <%지나가다들림 (my79my79)> 스카이 콩콩이였나?
[2021-12-10 22:08:13] <난나의생로랑팬티냄새헠헠 (chosun27)> 이게 카트지 ㅋㅋㅋㅋㅋㅋㅋㅋㅋ
[2021-12-10 22:08:20] <%캉난나팬티같이훔치는지수 (pantihunterjisoo)> ㅋㅋㅋㅋㅋㅋ
[2021-12-10 22:08:23] <%하링에게만고백왕 (hgs5980)> 갠차나 다음번엔 성공할꺼야
[2021-12-10 22:08:27] <%하링에게만고백왕 (hgs5980)> 아자아자 화이팅\
[2021-12-10 22:08:34] <%현생찾으러가는박쿠션 (parkcushion)> 언니 이렇게된거 광산 꼬불꼬불 한번만 하자
[2021-12-10 22:08:45] <%현생찾으러가는박쿠션 (parkcushion)> 저거는 들어가면 끝나는거임 ㅇㅇ
[2021-12-10 22:08:49] <%현생찾으러가는박쿠션 (parkcushion)> 그래서 완주에 더 좋음
[2021-12-10 22:08:54] <딸기달 (strawb2rry_moon)> 코리아 맵 해주세요~
[2021-12-10 22:09:06] <%현생찾으러가는박쿠션 (parkcushion)> ㅎㄷㄷ
[2021-12-10 22:09:07] <%캉난나전용알몸메이드단신 (dans1n)> 뭐야 저런 맵도 있네
[2021-12-10 22:09:12] <%현생찾으러가는박쿠션 (parkcushion)> 코리아 다이내믹 쓰울 ㄷㄷ
[2021-12-10 22:09:14] <성민321 (okbomv)> 광산은 리방하고 ㄱㄱ
[2021-12-10 22:09:21] <%하링에게만고백왕 (hgs5980)> 서울 사시는분이
[2021-12-10 22:09:25] <%현생찾으러가는박쿠션 (parkcushion)> 이게 한국이지
[2021-12-10 22:09:29] <%$이제이드 (jadelee101)> ㅋㅋ
[2021-12-10 22:09:32] <%황금늘보 (neulbo)> 지금 건들면 물어요!
[2021-12-10 22:09:36] <%하링에게만고백왕 (hgs5980)> 무료 일해라 절해라는 좀
[2021-12-10 22:09:37] <%캉난나전용알몸메이드단신 (dans1n)> 화났나봐!!
[2021-12-10 22:09:43] <성민321 (okbomv)> 예민하녜
[2021-12-10 22:09:45] <%캉난나팬티같이훔치는지수 (pantihunterjisoo)> 난나님 옛날직장앞요 ㅋㅋ
[2021-12-10 22:09:58] <%황금늘보 (neulbo)> ㅋㅋㅋㅋㅋㅋㅋㅋㅋㅋㅋㅋ
[2021-12-10 22:09:58] <%하링에게만고백왕 (hgs5980)> ㅋㅋㅋㅋㅋㅋㅋㅋ
[2021-12-10 22:09:58] <%현생찾으러가는박쿠션 (parkcushion)> 와 소를 들고오셨네
[2021-12-10 22:10:01] <%지나가다들림 (my79my79)> 염소보인거 가튼데!?
[2021-12-10 22:10:01] <%하링에게만고백왕 (hgs5980)> 잘막아 ㅋㅋㅋㅋㅋㅋㅋ
[2021-12-10 22:10:04] <%황금늘보 (neulbo)> 캬
[2021-12-10 22:10:05] <%하링에게만고백왕 (hgs5980)> ㅋㅋㅋㅋㅋㅋㅋㅋㅋㅋㅋㅋㅋㅋㅋㅋㅋ
[2021-12-10 22:10:05] <%캉난나전용알몸메이드단신 (dans1n)> ㅋㅋㅋㅋㅋㅋㅋㅋㅋㅋㅋㅋㅋㅋㅋㅋㅋ
[2021-12-10 22:10:09] <%하링에게만고백왕 (hgs5980)> 한바퀴 회전 쩔엇다리 ㅋㅋㅋㅋㅋㅋ
[2021-12-10 22:10:10] <%현생찾으러가는박쿠션 (parkcushion)> 와 소를 데리고오시네 ㅋㅋㅋ
[2021-12-10 22:10:14] <%캉난나전용알몸메이드단신 (dans1n)> ㅋㅋㅋㅋㅋㅋㅋㅋㅋㅋㅋㅋㅋ
[2021-12-10 22:10:19] <%현생찾으러가는박쿠션 (parkcushion)> 한국인의 정을 담아 소 ㄷㄷ
[2021-12-10 22:10:23] <%캉난나전용알몸메이드단신 (dans1n)> 한옥마을 탐방 ㄷㄷ
[2021-12-10 22:10:27] <%현생찾으러가는박쿠션 (parkcushion)> ㅋㅋㅋㅋㅋㅋㅋㅋㅋㅋㅋㅋㅋㅋㅋ
[2021-12-10 22:10:33] <%캉난나코에서나온밀면 (millmyeon)> ㅋㅋㅋㅋㅋㅋㅋㅋㅋㅋㅋㅋㅋㅋ
[2021-12-10 22:10:34] <%현생찾으러가는박쿠션 (parkcushion)> 이거 그 보물찾기하는거죠>?
[2021-12-10 22:10:39] <%현생찾으러가는박쿠션 (parkcushion)> 오?
[2021-12-10 22:10:41] <%하링에게만고백왕 (hgs5980)> 저정도면 거의 아이돌급인데
[2021-12-10 22:10:41] <%황금늘보 (neulbo)> 오 1등이야
[2021-12-10 22:10:42] <%캉난나코에서나온밀면 (millmyeon)> 오? 빠져나왔다
[2021-12-10 22:10:50] <%현생찾으러가는박쿠션 (parkcushion)> 어디가!!!
[2021-12-10 22:10:50] <%캉난나전용알몸메이드단신 (dans1n)> ㅋㅋㅋㅋㅋㅋㅋㅋㅋㅋㅋㅋ
[2021-12-10 22:10:55] <%황금늘보 (neulbo)> ㅋㅋㅋㅋㅋㅋㅋㅋㅋㅋㅋㅋㅋㅋㅋㅋ
[2021-12-10 22:10:55] <%하링에게만고백왕 (hgs5980)> ㅋㅋㅋㅋㅋㅋㅋㅋㅋㅋ
[2021-12-10 22:10:57] <%현생찾으러가는박쿠션 (parkcushion)> 팬이예요~
[2021-12-10 22:11:00] <%하링에게만고백왕 (hgs5980)> 못꺼져 히히히히
[2021-12-10 22:11:01] <%캉난나전용알몸메이드단신 (dans1n)> 욕설을 뱉기 시작한 나
[2021-12-10 22:11:05] <%현생찾으러가는박쿠션 (parkcushion)> 캉난나님 지스타에서 봤어요~
[2021-12-10 22:11:05] <%하링에게만고백왕 (hgs5980)> ㅋㅋㅋㅋㅋㅋㅋㅋㅋㅋㅋ
[2021-12-10 22:11:13] <%trano18> 극찬ㅋㅋㅋㅋㅋㅋㅋㅋㅋㅋㅋㅋ
[2021-12-10 22:11:16] <%현생찾으러가는박쿠션 (parkcushion)> 직부 ㄲㅂ
[2021-12-10 22:11:20] <%하링에게만고백왕 (hgs5980)> 캉씨 이대로가면 1등이야
[2021-12-10 22:11:22] <%캉난나전용알몸메이드단신 (dans1n)> 오 틈새시장
[2021-12-10 22:11:23] <%현생찾으러가는박쿠션 (parkcushion)> 와 청계천
[2021-12-10 22:11:24] <%하링에게만고백왕 (hgs5980)> 1등해
[2021-12-10 22:11:26] <%하링에게만고백왕 (hgs5980)> 2등이네?
[2021-12-10 22:11:27] <%황금늘보 (neulbo)> 러너가 없어서 완주 할수도있을듯?
[2021-12-10 22:11:29] <%하링에게만고백왕 (hgs5980)> 3등이네???
[2021-12-10 22:11:32] <%황금늘보 (neulbo)> ㅋㅋㅋㅋㅋㅋㅋㅋㅋㅋㅋ
[2021-12-10 22:11:32] <%하링에게만고백왕 (hgs5980)> ㅋㅋㅋㅋㅋㅋㅋㅋㅋㅋㅋㅋㅋㅋㅋㅋㅋㅋㅋㅋㅋㅋㅋㅋㅋ
[2021-12-10 22:11:34] <%캉난나전용알몸메이드단신 (dans1n)> ㅋㅋㅋㅋㅋㅋㅋㅋㅋㅋㅋㅋㅋㅋㅋㅋㅋㅋㅋㅋㅋ
[2021-12-10 22:11:39] <%현생찾으러가는박쿠션 (parkcushion)> 여긴...어디?
[2021-12-10 22:11:39] <%캉난나팬티같이훔치는지수 (pantihunterjisoo)> 청계천 탐방을 하는 나
[2021-12-10 22:11:41] <%캉난나전용알몸메이드단신 (dans1n)> 굴다리 밑으로 왈..
[2021-12-10 22:11:43] <%하링에게만고백왕 (hgs5980)> ㅋㅋㅋㅋㅋㅋㅋㅋㅋ
[2021-12-10 22:11:47] <%현생찾으러가는박쿠션 (parkcushion)> 기회다
[2021-12-10 22:11:49] <%trano18> ㅋㅋㅋㅋㅋㅋㄱㅋㅋㅋㅋㅋㅋ
[2021-12-10 22:11:54] <%황금늘보 (neulbo)> 표지판을 보렴~
[2021-12-10 22:11:55] <%하링에게만고백왕 (hgs5980)> 지금이야 다굴쳐 !!
[2021-12-10 22:11:58] <%캉난나전용알몸메이드단신 (dans1n)> ㅋㅋㅋㅋㅋㅋㅋㅋㅋㅋㅋㅋ
[2021-12-10 22:12:00] <%하링에게만고백왕 (hgs5980)> ㅋㅋㅋㅋㅋㅋㅋㅋㅋㅋㅋ
[2021-12-10 22:12:05] <%하링에게만고백왕 (hgs5980)> 아이고 ㅋㅋㅋㅋㅋㅋ
[2021-12-10 22:12:06] <%캉난나코에서나온밀면 (millmyeon)> 되겠습니까? ㅋㅋㅋㅋ
[2021-12-10 22:12:07] <%하링에게만고백왕 (hgs5980)> 엄청나구만 ㅋㅋㅋㅋ
[2021-12-10 22:12:07] <%캉난나팬티같이훔치는지수 (pantihunterjisoo)> 난리났다 ㅋㅋㅋㅋㅋㅋㅋㅋㅋㅋㅋㅋㅋㅋㅋㅋㅋㅋㅋㅋㅋㅋㅋㅋㅋㅋㅋㅋㅋㅋ
[2021-12-10 22:12:10] <%캉난나전용알몸메이드단신 (dans1n)> ㅋㅋㅋㅋㅋㅋ진짜개웃기네
[2021-12-10 22:12:15] <%trano18> ㅋㅋㅋㅋㅋㅋㅋㅋㅋㅋㅋㅋ
[2021-12-10 22:12:20] <%황금늘보 (neulbo)> 와 다왔어 힘내~
[2021-12-10 22:12:26] <바아로 (dasd0069)> 여기에 다 있네 ㅋㅋ
[2021-12-10 22:12:34] <%캉난나전용알몸메이드단신 (dans1n)> 톨게이트인가봐!!
[2021-12-10 22:12:36] <%캉난나팬티같이훔치는지수 (pantihunterjisoo)> 정답 남산터널
[2021-12-10 22:12:40] <%황금늘보 (neulbo)> 캬
[2021-12-10 22:12:40] <%캉난나전용알몸메이드단신 (dans1n)> ㅋㅋㅋㅋㅋㅋㅋㅋㅋㅋㅋㅋㅋㅋㅋ
[2021-12-10 22:12:40] <%하링에게만고백왕 (hgs5980)> 요금은 천원이야 !
[2021-12-10 22:12:44] <%캉난나전용알몸메이드단신 (dans1n)> 진짜 개쩐다
[2021-12-10 22:12:54] <%trano18> ㅋㅋㅋㅋㅋㅋㄱㅋㅋㅋ
[2021-12-10 22:12:55] <%황금늘보 (neulbo)> ㅋㅋㅋㅋㅋㅋㅋㅋㅋㅋㅋㅋㅋㅋㅋㅋㅋㅋ
[2021-12-10 22:12:55] <%하링에게만고백왕 (hgs5980)> ㅋㅋㅋㅋㅋㅋㅋㅋㅋㅋㅋ
[2021-12-10 22:12:58] <%trano18> 막자잘하네요ㅋㅋㅋㅋㅋㅋㅋ
[2021-12-10 22:12:58] <%캉난나코에서나온밀면 (millmyeon)> ㅋㅋㅋㅋㅋㅋㅋㅋㅋㅋㅋㅋㅋ
[2021-12-10 22:13:00] <%캉난나전용알몸메이드단신 (dans1n)> ㅋㅋㅋㅋㅋㅋㅋㅋㅋㅋㅋㅋㅋㅋㅋㅋㅋㅋㅋㅋㅋㅋㅋㅋㅋㅋㅋ
[2021-12-10 22:13:00] <%$이제이드 (jadelee101)> ㅋㅋㅋㅋㅋㅋㅋㅋㅋㅋㅋㅋㅋㅋㅋㅋㅋㅋㅋㅋㅋㅋ
[2021-12-10 22:13:02] <%$이제이드 (jadelee101)> ㅋㅋㅋㅋㅋㅋㅋㅋㅋㅋㅋㅋㅋㅋㅋㅋㅋㅋㅋㅋㅋㅋㅋㅋㅋㅋㅋㅋㅋㅋ
[2021-12-10 22:13:02] <%하링에게만고백왕 (hgs5980)> 애 울겟다 좀 들어가게해줘라좀 ㅠㅠㅠㅠㅠ
[2021-12-10 22:13:04] <%뽀삐삐님 (bboslam)> 앙탈이 심해진 나
[2021-12-10 22:13:08] <바아로 (dasd0069)> ㅋㅋㅋㅋㅋㅋㅋㅋㅋㅋㅋㅋㅋ
[2021-12-10 22:13:09] <%trano18> 극찬이야ㅋㅋㅋㅋㅋㅋㅋㅋㅋ
[2021-12-10 22:13:12] <%캉난나코에서나온밀면 (millmyeon)> 킹전자산 못참지
[2021-12-10 22:13:16] <%현생찾으러가는박쿠션 (parkcushion)> ㅋㅋㅋㅋㅋㅋㅋㅋㅋㅋㅋㅋㅋㅋㅋㅋㅋㅋ
[2021-12-10 22:13:23] <바아로 (dasd0069)> 아 너무 재밌어
[2021-12-10 22:13:29] <%하링에게만고백왕 (hgs5980)> 어라?
[2021-12-10 22:13:31] <%현생찾으러가는박쿠션 (parkcushion)> 푸싼의 밤 ㄷㄷ
[2021-12-10 22:13:32] <%하링에게만고백왕 (hgs5980)> 왜 부산에 피를...
[2021-12-10 22:13:38] <김담동 (damdong55)> 난나님 정말 행복해보여요
[2021-12-10 22:13:40] <%황금늘보 (neulbo)> 다들 레벨 무서워서 못끼겠거든요
[2021-12-10 22:13:41] <%캉난나전용알몸메이드단신 (dans1n)> 전주도 해주세요
[2021-12-10 22:13:42] <바아로 (dasd0069)> 한두번 해보신 분들이 아닌데 저분들 ㅋㅋㅋㅋㅋ
[2021-12-10 22:13:44] <%trano18> ㅋㅋㅋㅋㅋㅋㅋㅋㅋㅋㅋㅋㅋㅋㄲㅋㅋㅋㅋㅋㅋㅋㅋㅋ
[2021-12-10 22:13:48] <%현생찾으러가는박쿠션 (parkcushion)> 다이내믹 푸싼 굿
[2021-12-10 22:13:54] <%황금늘보 (neulbo)> ?
[2021-12-10 22:13:54] <@%^빵_떡 (bbangddeock)> bbangd1Un
[2021-12-10 22:13:56] <%황금늘보 (neulbo)> ㅋㅋㅋㅋㅋㅋㅋㅋㅋㅋㅋㅋ
[2021-12-10 22:13:56] <난나의생로랑팬티냄새헠헠 (chosun27)> ㅁㅋㅋㅋㅋㅋㅋㅋㅋㅋ
[2021-12-10 22:13:57] <%캉난나전용알몸메이드단신 (dans1n)> ㅋㅋㅋㅋㅋㅋㅋㅋㅋㅋㅋㅋㅋ
[2021-12-10 22:13:57] <%현생찾으러가는박쿠션 (parkcushion)> ?
[2021-12-10 22:13:57] <%하링에게만고백왕 (hgs5980)> ㅋㅋㅋㅋㅋㅋㅋㅋㅋㅋㅋㅋㅋㅋㅋㅋ
[2021-12-10 22:13:58] <김담동 (damdong55)> 바로 빽하는거 봐라
[2021-12-10 22:13:58] <바아로 (dasd0069)> 고인물들 맞아여 ㅋㅋㅋㅋㅋㅋㅋ
[2021-12-10 22:14:02] <%하링에게만고백왕 (hgs5980)> ㅋㅋㅋㅋㅋㅋㅋㅋㅋㅋㅋ진짜 ㅋㅋㅋㅋㅋㅋㅋ
[2021-12-10 22:14:02] <%지나가다들림 (my79my79)> 한분빼구 다 같은길드인가봐
[2021-12-10 22:14:05] <%현생찾으러가는박쿠션 (parkcushion)> ㅋㅋㅋㅋㅋㅋㅋㅋㅋㅋㅋㅋㅋㅋ
[2021-12-10 22:14:11] <%하링에게만고백왕 (hgs5980)> 눈치빠른거봐라 ㅋㅋㅋㅋㅋ
[2021-12-10 22:14:14] <%현생찾으러가는박쿠션 (parkcushion)> 팬이예요~
[2021-12-10 22:14:14] <%하링에게만고백왕 (hgs5980)> 오 1등?>
[2021-12-10 22:14:14] <%캉난나팬티같이훔치는지수 (pantihunterjisoo)> 와 해운대다
[2021-12-10 22:14:14] <%trano18> ㅋㅋㅋㅋㅋㄱㅋㅋㅋㅋㄱㅋㅋ
[2021-12-10 22:14:20] <%하링에게만고백왕 (hgs5980)> 시작됫다 ㅋㅋㅋ
[2021-12-10 22:14:20] <%얻어탄탑승자 (b1ue_light_)> 와
[2021-12-10 22:14:24] <%캉난나전용알몸메이드단신 (dans1n)> 보도블럭에 올라간 나
[2021-12-10 22:14:26] <_빠다 (boyshy0402)> 헉 ㄷㄷ
[2021-12-10 22:14:27] <%얻어탄탑승자 (b1ue_light_)> 다 어디서 온거야 ㅋㅋㅋ
[2021-12-10 22:14:29] <딸기달 (strawb2rry_moon)> ㅋㅋㅋㅋㅋㅋㅋㅋㅋㅋㅋㅋㅋㅋㅋㅋㅋㅋㅋㅋㅋㅋㅋㅋㅋㅋㅋㅋㅋㅋㅋㅋ
[2021-12-10 22:14:33] <%현생찾으러가는박쿠션 (parkcushion)> 난나님 붓싼 구경 좀 더 하시다가세요
[2021-12-10 22:14:39] <%캉난나전용알몸메이드단신 (dans1n)> ㅋㅋㅋㅋㅋㅋㅋㅋㅋㅋㅋㅋㅋㅋㅋㅋ
[2021-12-10 22:14:41] <난나의생로랑팬티냄새헠헠 (chosun27)> 염소야 가라!
[2021-12-10 22:14:41] <%캉난나팬티같이훔치는지수 (pantihunterjisoo)> 염소야 가라!
[2021-12-10 22:14:42] <%현생찾으러가는박쿠션 (parkcushion)> 정보) 소이다
[2021-12-10 22:14:44] <%캉난나팬티같이훔치는지수 (pantihunterjisoo)> 재미없다!
[2021-12-10 22:14:47] <김담동 (damdong55)> 근데 정말 생각보다 잘피하심
[2021-12-10 22:14:48] <%캉난나팬티같이훔치는지수 (pantihunterjisoo)> 재미없다 염소야!
[2021-12-10 22:14:51] <%캉난나전용알몸메이드단신 (dans1n)> 염소야 가라! 재미있다!
[2021-12-10 22:14:58] <%캉난나팬티같이훔치는지수 (pantihunterjisoo)> 염소야 와라!
[2021-12-10 22:15:00] <%캉난나팬티같이훔치는지수 (pantihunterjisoo)> 재미있다
[2021-12-10 22:15:09] <%하링에게만고백왕 (hgs5980)> 아니 뭔 탱탱볼이냐고 ㅋㅋㅋㅋㅋㅋㅋ
[2021-12-10 22:15:09] <%캉난나전용알몸메이드단신 (dans1n)> ?
[2021-12-10 22:15:09] <@%^빵_떡 (bbangddeock)> bbangd1Un
[2021-12-10 22:15:18] <%캉난나전용알몸메이드단신 (dans1n)> 욕설을 서슴치 않는 나
[2021-12-10 22:15:22] <%캉난나팬티같이훔치는지수 (pantihunterjisoo)> 주차 ㅋㅋ
[2021-12-10 22:15:22] <%하링에게만고백왕 (hgs5980)> ㅋㅋㅋㅋㅋㅋㅋㅋㅋㅋㅋ
[2021-12-10 22:15:26] <%캉난나코에서나온밀면 (millmyeon)> 어림도 없죠? ㅋㅋㅋㅋㅋ
[2021-12-10 22:15:32] <%캉난나코에서나온밀면 (millmyeon)> 부산 운전 험하게 한다더니 진짜였네
[2021-12-10 22:15:57] <%캉난나전용알몸메이드단신 (dans1n)> ㄹㅇㅋㅋ
[2021-12-10 22:16:00] <%캉난나팬티같이훔치는지수 (pantihunterjisoo)> 광안대교까지왔어!
[2021-12-10 22:16:17] <%하링에게만고백왕 (hgs5980)> ㅋㅋㅋㅋㅋㅋㅋㅋㅋㅋㅋㅋㅋ
[2021-12-10 22:16:18] <%현생찾으러가는박쿠션 (parkcushion)> ㅋㅋㅋㅋㅋㅋㅋㅋㅋㅋㅋㅋㅋㅋㅋㅋ
[2021-12-10 22:16:26] <%황금늘보 (neulbo)> 와 1등~
[2021-12-10 22:16:26] <%현생찾으러가는박쿠션 (parkcushion)> 마 이게 풋싼이다 마!
[2021-12-10 22:16:27] <%캉난나전용알몸메이드단신 (dans1n)> ㄷㄷ
[2021-12-10 22:16:38] <%캉난나전용알몸메이드단신 (dans1n)> 빠져나오면 완주다 이거
[2021-12-10 22:16:55] Viewerstats (21:45-22:16): avg:82 min:80 max:86 [17/83+0+3-3+0+0-2+0+0+3+0+2+0-6+2+0-1]
[2021-12-10 22:16:56] <%황금늘보 (neulbo)> 응 한바퀴 더 돌아~
[2021-12-10 22:16:59] <%노력하는사나 (hotdia)> 7명이 다 막자를 하네 ㅋㅋㅋ
[2021-12-10 22:17:08] <%캉난나전용알몸메이드단신 (dans1n)> ㅋㅋㅋㅋㅋㅋㅋㅋㅋㅋㅋㅋㅋㅋㅋㅋㅋㅋ
[2021-12-10 22:17:08] <%하링에게만고백왕 (hgs5980)> ㅋㅋㅋㅋㅋㅋㅋ
[2021-12-10 22:17:11] <%캉난나코에서나온밀면 (millmyeon)> 못비키지ㅋㅋㅋㅋ
[2021-12-10 22:17:29] <%캉난나전용알몸메이드단신 (dans1n)> 진짜 다들 개쩐다
[2021-12-10 22:17:48] <난나의생로랑팬티냄새헠헠 (chosun27)> 오?
[2021-12-10 22:17:51] <%황금늘보 (neulbo)> 같은길드 5명 디코 하면서 허니!
[2021-12-10 22:17:55] <%황금늘보 (neulbo)> 개무섭다 ㄹㅇ
[2021-12-10 22:17:58] <%캉난나전용알몸메이드단신 (dans1n)> 와
[2021-12-10 22:18:26] <%황금늘보 (neulbo)> 위험을 느낀 나
[2021-12-10 22:18:33] <%캉난나전용알몸메이드단신 (dans1n)> 오
[2021-12-10 22:18:39] <%황금늘보 (neulbo)> PTSD가 이렇게 무섭거든요
[2021-12-10 22:18:49] <%캉난나전용알몸메이드단신 (dans1n)> ㅋㅋㅋㅋㅋㅋㅋㅋㅋㅋㅋㅋㅋㅋㅋ
[2021-12-10 22:19:00] <%황금늘보 (neulbo)> ㅋㅋㅋㅋㅋㅋㅋㅋㅋㅋ
[2021-12-10 22:19:04] <%캉난나전용알몸메이드단신 (dans1n)> 자멸하는 나
[2021-12-10 22:19:05] <김담동 (damdong55)> ㅋㅋㅋㅋㅋㅋㅋㅋㅋㅋㅋㅋㅋㅋㅋㅋㅋ
[2021-12-10 22:19:06] <난나의생로랑팬티냄새헠헠 (chosun27)> ㅋㅋㅋㅋㅋㅋㅋㅋㅋㅋㅋㅋㅋㅋㅋㅋㅋㅋㅋㅋㅋㅋㅋㅋㅋㅋ
[2021-12-10 22:19:07] <%하링에게만고백왕 (hgs5980)> 어?
[2021-12-10 22:19:07] <%황금늘보 (neulbo)> 어림도없지 ㅋㅋ
[2021-12-10 22:19:08] <%캉난나전용알몸메이드단신 (dans1n)> ㅋㅋㅋㅋㅋㅋㅋㅋㅋㅋㅋㅋㅋㅋㅋㅋㅋ
[2021-12-10 22:19:08] <%캉난나팬티같이훔치는지수 (pantihunterjisoo)> ㅋㅋㅋㅋㅋㅋㅋㅋㅋㅋㅋㅋㅋㅋㅋㅋㅋㅋㅋㅋㅋㅋㅋㅋㅋㅋㅋㅋㅋㅋㅋㅋ
[2021-12-10 22:19:09] <난나의생로랑팬티냄새헠헠 (chosun27)> 거의 다 왔네 ㅋㅋㅋㅋㅋㅋㅋㅋ
[2021-12-10 22:19:09] <%하링에게만고백왕 (hgs5980)> 캉난나 들어갓다고
[2021-12-10 22:19:10] <%현생찾으러가는박쿠션 (parkcushion)> ㅋㅋㅋㅋㅋㅋㅋㅋㅋㅋㅋㅋㅋㅋ
[2021-12-10 22:19:11] <%하링에게만고백왕 (hgs5980)> 떳는데???
[2021-12-10 22:19:12] <김담동 (damdong55)> 아까워라
[2021-12-10 22:19:15] <%trano18> ㅋㅋㅋㅋㅋㅋㅋㅋㄱㅋㅋㅋㄱㅋㄱㅋㅋㅋㅋ
[2021-12-10 22:19:21] <%하링에게만고백왕 (hgs5980)> 캉난나 들어간거아님?ㄷㄷ
[2021-12-10 22:19:22] <난나의생로랑팬티냄새헠헠 (chosun27)> 아 거의 다 왔는데 까비~
[2021-12-10 22:19:25] <%황금늘보 (neulbo)> 저 5명 개무서워요
[2021-12-10 22:19:28] <%캉난나전용알몸메이드단신 (dans1n)> 캉난나 들어갔네 ㄷㄷ
[2021-12-10 22:19:43] <%캉난나전용알몸메이드단신 (dans1n)> 트위치캉난나는 못들어갔네 ㅋㅋ아 ㅋㅋ
[2021-12-10 22:19:45] <%캉난나코에서나온밀면 (millmyeon)> 풉
[2021-12-10 22:19:45] <@%^빵_떡 (bbangddeock)> 캉난나코에서나온밀면님이 32번이나 비웃었습니다. bbangd1Pubb
[2021-12-10 22:19:49] <%캉난나팬티같이훔치는지수 (pantihunterjisoo)> 하지만 트위치캉난나였어
[2021-12-10 22:19:52] <%황금늘보 (neulbo)> ?
[2021-12-10 22:19:52] <@%^빵_떡 (bbangddeock)> bbangd1Un
[2021-12-10 22:19:55] <%trano18> ㅋㅋㅋㅋㅋ
[2021-12-10 22:19:57] <난나의생로랑팬티냄새헠헠 (chosun27)> 그럼 트위치캉난나는 누구죠
[2021-12-10 22:20:00] <%$이제이드 (jadelee101)> 님 왜 일반방에 들어감
[2021-12-10 22:20:00] <%하링에게만고백왕 (hgs5980)> ㅋㅋㅋㅋㅋㅋㅋㅋㅋㅋㅋ
[2021-12-10 22:20:01] <%황금늘보 (neulbo)> 저기도 들어갔네
[2021-12-10 22:20:04] <%캉난나전용알몸메이드단신 (dans1n)> ?
[2021-12-10 22:20:04] <%하링에게만고백왕 (hgs5980)> 완주가 가능햇다면 ?ㅋ
[2021-12-10 22:20:05] <@%^빵_떡 (bbangddeock)> bbangd1Un
[2021-12-10 22:20:09] <%현생찾으러가는박쿠션 (parkcushion)> 저는 맵 지정을 했는데요
[2021-12-10 22:20:09] <난나의생로랑팬티냄새헠헠 (chosun27)> ㅋㅋㅋㅋㅋㅋㅋㅋㅋㅋㅋㅋㅋ
[2021-12-10 22:20:10] <%$이제이드 (jadelee101)> ㅋㅋㅋㅋㅋㅋㅋㅋㅋㅋㅋㅋㅋㅋㅋㅋㅋㅋㅋㅋㅋ
[2021-12-10 22:20:10] <%캉난나전용알몸메이드단신 (dans1n)> ㅋㅋㅋㅋㅋㅋㅋㅋㅋㅋㅋㅋㅋㅋㅋㅋㅋㅋ
[2021-12-10 22:20:12] <%$이제이드 (jadelee101)> ㅋㅋㅋㅋㅋㅋㅋㅋㅋㅋㅋㅋㅋㅋㅋㅋㅋㅋㅋㅋㅋㅋㅋㅋㅋㅋㅋㅋㅋㅋㅋㅋㅋ
[2021-12-10 22:20:17] <%$이제이드 (jadelee101)> 소름돋네
[2021-12-10 22:20:18] <%캉난나전용알몸메이드단신 (dans1n)> 여기라고 완주를 할 수 있을까요? ㅋㅋ아 ㅋㅋ
[2021-12-10 22:20:19] <%황금늘보 (neulbo)> 여기서 완주 더 못할걸?
[2021-12-10 22:20:29] <%캉난나전용알몸메이드단신 (dans1n)> 여기 완주하셔도 드림
[2021-12-10 22:20:53] <난나의생로랑팬티냄새헠헠 (chosun27)> 어림도 없겠는데
[2021-12-10 22:20:54] <%$이제이드 (jadelee101)> 와 아이템차 타고 하는 스피드전
[2021-12-10 22:20:56] <%캉난나전용알몸메이드단신 (dans1n)> ㅋㅋㅋㅋㅋㅋㅋㅋㅋㅋ3
[2021-12-10 22:21:13] <%캉난나전용알몸메이드단신 (dans1n)> ㅋㅋㅋㅋㅋㅋ
[2021-12-10 22:21:15] <%$이제이드 (jadelee101)> 엌ㅋㅋㅋㅋㅋㅋㅋㅋ
[2021-12-10 22:21:17] <%황금늘보 (neulbo)> ㅋㅋㅋㅋㅋㅋ
[2021-12-10 22:21:18] <난나의생로랑팬티냄새헠헠 (chosun27)> ㅋㅋㅋㅋㅋㅋㅋㅋ
[2021-12-10 22:21:18] <%크라베이더 (kim6755)> ㅋㅋㅋㅋ
[2021-12-10 22:21:24] <%현생찾으러가는박쿠션 (parkcushion)> 1등이 안보여
[2021-12-10 22:21:27] <난나의생로랑팬티냄새헠헠 (chosun27)> 영혼의 라이벌 ㄷㄷ
[2021-12-10 22:21:29] <%$이제이드 (jadelee101)> 팬이에요
[2021-12-10 22:21:32] <%trano18> ㅋㅋㅋ키
[2021-12-10 22:21:34] <%캉난나전용알몸메이드단신 (dans1n)> 싸인해주세요~^^
[2021-12-10 22:21:35] <%$이제이드 (jadelee101)> 안아주세여
[2021-12-10 22:21:40] <%$이제이드 (jadelee101)> 악수해주세여
[2021-12-10 22:21:44] <%$이제이드 (jadelee101)> ㅋㅋㅋㅋㅋㅋㅋㅋㅋㅋㅋㅋㅋㅋㅋㅋㅋㅋㅋ
[2021-12-10 22:22:03] <%황금늘보 (neulbo)> 리타이업니다!
[2021-12-10 22:22:06] <%$이제이드 (jadelee101)> 들어갈수 있으려나
[2021-12-10 22:22:06] <%황금늘보 (neulbo)> ㅋㅋㅋㅋㅋㅋㅋㅋㅋㅋㅋㅋㅋㅋ
[2021-12-10 22:22:08] <%$이제이드 (jadelee101)> 못들어가겠다
[2021-12-10 22:22:11] <%$이제이드 (jadelee101)> ㅋㅋㅋㅋㅋㅋㅋㅋㅋㅋㅋㅋㅋㅋㅋㅋㅋㅋㅋㅋㅋㅋㅋㅋㅋㅋㅋㅋㅋ
[2021-12-10 22:22:11] <난나의생로랑팬티냄새헠헠 (chosun27)> ㅋㅋㅋㅋㅋㅋㅋㅋㅋㅋㅋ
[2021-12-10 22:22:12] <%크라베이더 (kim6755)> ㅋㅋㅋㅋㅋㅋㅋㅋ
[2021-12-10 22:22:12] <%황금늘보 (neulbo)> 여긴 더 못가지 ㅋㅋ
[2021-12-10 22:22:13] <%캉난나전용알몸메이드단신 (dans1n)> ㅋㅋㅋㅋㅋㅋㅋㅋㅋㅋㅋㅋㅋㅋㅋㅋㅋㅋㅋ
[2021-12-10 22:22:14] <%$이제이드 (jadelee101)> 리타이어입니다!
[2021-12-10 22:22:18] <%캉난나코에서나온밀면 (millmyeon)> 완주? 어림도 없지!
[2021-12-10 22:22:18] <김담동 (damdong55)> 이걸 못하네
[2021-12-10 22:22:22] <%크라베이더 (kim6755)> 엄청난 디펜스다..
[2021-12-10 22:22:25] <%trano18> ㅋㅋㅋㅋㅋ
[2021-12-10 22:22:28] <%$이제이드 (jadelee101)> ㅋㅋㅋㅋㅋㅋㅋㅋㅋㅋㅋㅋㅋㅋㅋㅋㅋㅋㅋㅋㅋㅋㅋㅋㅋㅋㅋㅋㅋㅋ
[2021-12-10 22:22:29] <%캉난나전용알몸메이드단신 (dans1n)> ㅋㅋㅋㅋㅋㅋㅋㅋㅋㅋㅋㅋㅋㅋ
[2021-12-10 22:22:31] <%$이제이드 (jadelee101)> 킥좀 ㅇㅈㄹ ㅋㅋㅋㅋㅋㅋㅋㅋㅋㅋㅋ
[2021-12-10 22:22:34] <%캉난나전용알몸메이드단신 (dans1n)> 킥좀ㅋㅋㅋㅋㅋ
[2021-12-10 22:22:39] <%$이제이드 (jadelee101)> ㅋㅋㅋㅋㅋㅋㅋㅋㅋㅋㅋㅋㅋㅋㅋㅋㅋㅋㅋㅋㅋㅋㅋㅋ
[2021-12-10 22:22:41] <%난나스물한번째알몸메이드 (sdhyun21_)> ㅋㅋㅋㅋㅋㅋㅋㅋㅋㅋㅋㅋㅋㅋㅋㅋㅋㅋㅋㅋ
[2021-12-10 22:22:42] <%황금늘보 (neulbo)> 밴당함
[2021-12-10 22:22:42] <난나의생로랑팬티냄새헠헠 (chosun27)> 쫓겨나서
[2021-12-10 22:22:42] <%얻어탄탑승자 (b1ue_light_)> 행복해보이셔서 저도 기분이 좋네요~
[2021-12-10 22:22:42] <%캉난나전용알몸메이드단신 (dans1n)> 킥당했네 ㅋㅋㅋㅋㅋㅋ
[2021-12-10 22:22:43] <%$이제이드 (jadelee101)> 님 강퇴당함
[2021-12-10 22:22:43] <%황금늘보 (neulbo)> ㅇㅇ
[2021-12-10 22:22:45] <%$이제이드 (jadelee101)> ㅋㅋㅋㅋㅋㅋㅋㅋㅋㅋㅋㅋㅋㅋㅋㅋㅋㅋㅋㅋㅋㅋ
[2021-12-10 22:22:47] <딸기달 (strawb2rry_moon)> 진짜 잘하셨는데 ㅠㅠ
[2021-12-10 22:22:47] <%하링에게만고백왕 (hgs5980)> ㅋㅋㅋㅋㅋㅋㅋㅋㅋ
[2021-12-10 22:22:47] <%황금늘보 (neulbo)> ㅋㅋㅋㅋㅋㅋㅋㅋㅋㅋㅋㅋㅋㅋㅋ
[2021-12-10 22:22:50] <%$이제이드 (jadelee101)> ㅋㅋㅋㅋㅋㅋㅋㅋㅋㅋㅋㅋㅋㅋㅋㅋㅋㅋㅋㅋㅋㅋㅋㅋㅋㅋㅋㅋㅋㅋㅋㅋㅋㅋㅋㅋㅋㅋㅋㅋㅋㅋ
[2021-12-10 22:22:50] <%얻어탄탑승자 (b1ue_light_)> "더 상장해서 와라"
[2021-12-10 22:22:54] <%$이제이드 (jadelee101)> ㅋㅋㅋㅋㅋㅋㅋㅋㅋㅋㅋㅋㅋㅋㅋㅋㅋㅋㅋㅋ
[2021-12-10 22:22:59] <난나의생로랑팬티냄새헠헠 (chosun27)> 개못핵 써서 킥당했네
[2021-12-10 22:23:00] <난나의생로랑팬티냄새헠헠 (chosun27)> ㅠ,ㅠ
[2021-12-10 22:23:01] <%하링에게만고백왕 (hgs5980)> 나 순간 전담 집어든줄 ㄷㄷ
[2021-12-10 22:23:11] <딸기달 (strawb2rry_moon)> 강퇴 ㅇㅇ ㄷㄷ
[2021-12-10 22:23:22] <%하링에게만고백왕 (hgs5980)> 8분이네 가능한가
[2021-12-10 22:23:33] <%황금늘보 (neulbo)> 이제 무서워진다
[2021-12-10 22:23:44] <%황금늘보 (neulbo)> 6번째
[2021-12-10 22:23:49] <%현생찾으러가는박쿠션 (parkcushion)> 별 5개
[2021-12-10 22:23:53] <%현생찾으러가는박쿠션 (parkcushion)> AIㄱㄱ
[2021-12-10 22:23:57] <%캉난나전용알몸메이드단신 (dans1n)> 타이어도 있네 ㅋㅋㅋㅋㅋㅋ
[2021-12-10 22:24:15] <%현생찾으러가는박쿠션 (parkcushion)> 그거맞음
[2021-12-10 22:24:16] <%황금늘보 (neulbo)> 그거 맞음
[2021-12-10 22:24:17] <%캉난나전용알몸메이드단신 (dans1n)> ㄱㄱ
[2021-12-10 22:24:19] <%현생찾으러가는박쿠션 (parkcushion)> 그거 맞음요 ㅋㅋ
[2021-12-10 22:24:33] <%황금늘보 (neulbo)> 4길드 이거 잘막거든요?
[2021-12-10 22:24:34] <%캉난나코에서나온밀면 (millmyeon)> 막지말래ㅋㅋㅋㅋㅋ
[2021-12-10 22:24:43] <%캉난나전용알몸메이드단신 (dans1n)> 바랄걸 바래야지 ㅋㅋ
[2021-12-10 22:24:49] <%현생찾으러가는박쿠션 (parkcushion)> ㅋㅋㅋㅋㅋㅋㅋㅋㅋ
[2021-12-10 22:24:52] <%현생찾으러가는박쿠션 (parkcushion)> 1초컷
[2021-12-10 22:24:53] <김담동 (damdong55)> 매너는 개나 줘버려!
[2021-12-10 22:24:57] <%캉난나전용알몸메이드단신 (dans1n)> ㅋㅋㅋㅋㅋㅋㅋㅋㅋㅋㅋㅋㅋㅋㅋ
[2021-12-10 22:24:57] <%황금늘보 (neulbo)> 뭐야 한명 나갔네
[2021-12-10 22:24:59] <%황금늘보 (neulbo)> ㅋㅋㅋㅋㅋㅋㅋㅋㅋㅋ
[2021-12-10 22:24:59] <%현생찾으러가는박쿠션 (parkcushion)> ㅋㅋㅋㅋㅋㅋㅋㅋ
[2021-12-10 22:24:59] <%캉난나코에서나온밀면 (millmyeon)> 우당탕탕
[2021-12-10 22:25:05] <%현생찾으러가는박쿠션 (parkcushion)> 와
[2021-12-10 22:25:06] <%황금늘보 (neulbo)> 이제 수고하세요
[2021-12-10 22:25:08] <%현생찾으러가는박쿠션 (parkcushion)> 뒤로가는게 더 빠르다
[2021-12-10 22:25:09] <%캉난나전용알몸메이드단신 (dans1n)> 뒤로가기 ㄷㄷ
[2021-12-10 22:25:29] <%캉난나전용알몸메이드단신 (dans1n)> ㅋㅋㅋㅋㅋㅋㅋㅋㅋㅋㅋㅋㅋㅋㅋㅋㅋㅋ
[2021-12-10 22:25:35] <%캉난나코에서나온밀면 (millmyeon)> ㅋㅋㅋㅋㅋㅋㅋㅋㅋㅋㅋㅋㅋ
[2021-12-10 22:25:37] <%황금늘보 (neulbo)> 아직 시작 안했거든요~
[2021-12-10 22:26:10] <%캉난나전용알몸메이드단신 (dans1n)> ㅋㅋㅋㅋㅋㅋㅋㅋㅋㅋㅋㅋ
[2021-12-10 22:26:11] <%황금늘보 (neulbo)> 이제 시작이란다^^
[2021-12-10 22:26:12] <김담동 (damdong55)> 행복해하는 나
[2021-12-10 22:26:17] <%캉난나전용알몸메이드단신 (dans1n)> 정보) 카트는 자기가 들고 왔다.
[2021-12-10 22:26:24] <%황금늘보 (neulbo)> ㅅㄱㅋㅋ
[2021-12-10 22:26:24] <김담동 (damdong55)> 아
[2021-12-10 22:26:27] <난나의생로랑팬티냄새헠헠 (chosun27)> 야발맨 ㄷㄷ
[2021-12-10 22:26:29] <%캉난나전용알몸메이드단신 (dans1n)> ㄷㄷ
[2021-12-10 22:26:35] <%캉난나전용알몸메이드단신 (dans1n)> 야발 등판
[2021-12-10 22:26:37] <%캉난나코에서나온밀면 (millmyeon)> ㅋㅋㅋㅋㅋㅋㅋㅋㅋㅋ
[2021-12-10 22:26:41] <난나의생로랑팬티냄새헠헠 (chosun27)> 삿된거같은데요 난나님
[2021-12-10 22:26:42] <%황금늘보 (neulbo)> 지나가봐 ㅋㅋ
[2021-12-10 22:26:45] <%캉난나전용알몸메이드단신 (dans1n)> ㅋㅋㅋㅋㅋㅋㅋㅋㅋㅋㅋㅋㅋ
[2021-12-10 22:26:51] <%캉난나코에서나온밀면 (millmyeon)> 웃음이 절로 나오는 나
[2021-12-10 22:26:57] <난나의생로랑팬티냄새헠헠 (chosun27)> 그만큼 즐거우시다는거지
[2021-12-10 22:26:58] <%캉난나전용알몸메이드단신 (dans1n)> ㅋㅋㅋㅋㅋㅋㅋㅋㅋㅋㅋㅋㅋㅋㅋㅋㅋ
[2021-12-10 22:26:58] <%캉난나와장난스런키스 (rockkiss3)> ㅋㅋㅋㅋㅋㅋㅋㅋ
[2021-12-10 22:27:02] <%현생찾으러가는박쿠션 (parkcushion)> ㅋㅋㅋㅋㅋㅋㅋㅋㅋㅋㅋㅋㅋㅋㅋㅋㅋㅋㅋㅋㅋ
[2021-12-10 22:27:20] <%캉난나전용알몸메이드단신 (dans1n)> 무수한 충돌 횟수..
[2021-12-10 22:27:22] <난나의생로랑팬티냄새헠헠 (chosun27)> (못)가게두어라
[2021-12-10 22:27:45] <%캉난나전용알몸메이드단신 (dans1n)> ㄲㅂ
[2021-12-10 22:27:45] <바아로 (dasd0069)> ㅋㅋㅋㅋㅋㅋㅋㅋㅋ
[2021-12-10 22:27:49] <%황금늘보 (neulbo)> 오늘안에 못감 ㅋㅋ
[2021-12-10 22:27:53] <%캉난나코에서나온밀면 (millmyeon)> ㅋㅋㅋㅋㅋㅋㅋㅋㅋㅋㅋ
[2021-12-10 22:27:53] <%난나보고몽정하면시류시류 (jae1165)> ㅋㅋㅋㅋㅋㅋㅋ
[2021-12-10 22:28:07] <김담동 (damdong55)> 아하 안되죠
[2021-12-10 22:28:07] <바아로 (dasd0069)> 저길 넘어갈 수 있을거라 생각하는거야?
[2021-12-10 22:28:13] <%노장투혼김리링 (kimriring33)> 이분도 온몸으로 게임하시네여
[2021-12-10 22:28:18] <%크라베이더 (kim6755)> ㅋㅋㅋㅋㅋㅋㅋㅋ
[2021-12-10 22:28:20] <%난나보고몽정하면시류시류 (jae1165)> ㅋㅋㅋㅋㅋㅋㅋㅋ
[2021-12-10 22:28:22] <%현생찾으러가는박쿠션 (parkcushion)> ㅋㅋㅋㅋㅋㅋㅋㅋㅋㅋㅋㅋㅋ
[2021-12-10 22:28:23] <%크라베이더 (kim6755)> 안전자산이네
[2021-12-10 22:28:34] <%크라베이더 (kim6755)> 아으~!
[2021-12-10 22:28:42] <%캉난나전용알몸메이드단신 (dans1n)> ㅋㅋㅋㅋㅋㅋㅋㅋㅋㅋㅋㅋㅋㅋㅋㅋㅋㅋㅋㅋ
[2021-12-10 22:28:42] <%캉난나코에서나온밀면 (millmyeon)> ㅠ,ㅠ
[2021-12-10 22:28:44] <난나의생로랑팬티냄새헠헠 (chosun27)> 좀 자고 올게요 1시간 뒤에 와도 여길거같네
[2021-12-10 22:28:44] <%캉난나코에서나온밀면 (millmyeon)> 비둘기야!!!
[2021-12-10 22:28:45] <바아로 (dasd0069)> 둘기야 ㅠㅠㅠㅠㅠ
[2021-12-10 22:28:46] <%캉난나전용알몸메이드단신 (dans1n)> ㅜㅜ
[2021-12-10 22:28:46] <%현생찾으러가는박쿠션 (parkcushion)> ㅠㅠ
[2021-12-10 22:28:49] <%황금늘보 (neulbo)> ㅠ,ㅠ
[2021-12-10 22:28:49] <!%하링하링하링하링하링 (hawawa77)> ㅠㅠ
[2021-12-10 22:29:03] <바아로 (dasd0069)> ㅠㅠㅠㅠㅠㅠㅠㅠ
[2021-12-10 22:29:07] <%캉난나전용알몸메이드단신 (dans1n)> ㅋㅋㅋㅋㅋㅋㅋㅋㅋㅋㅋㅋㅋ
[2021-12-10 22:29:07] <%현생찾으러가는박쿠션 (parkcushion)> ㅠㅠㅠㅠㅠㅠㅠㅠㅠㅠㅠㅠㅠㅠㅠ
[2021-12-10 22:29:29] <%$이제이드 (jadelee101)> 이거 못막습니다
[2021-12-10 22:29:30] <%난나스물한번째알몸메이드 (sdhyun21_)> ㅠ,ㅠ
[2021-12-10 22:29:40] <%황금늘보 (neulbo)> 이거 잘막습니다
[2021-12-10 22:29:43] <%캉난나코에서나온밀면 (millmyeon)> 1시간을 해도 못할 듯ㅋㅋㅋㅋ
[2021-12-10 22:29:48] <%황금늘보 (neulbo)> ㅋㅋㅋㅋㅋㅋㅋㅋㅋㅋㅋ
[2021-12-10 22:29:49] <난나의생로랑팬티냄새헠헠 (chosun27)> 자고 올게요 난나님
[2021-12-10 22:29:51] <%캉난나전용알몸메이드단신 (dans1n)> ㅋㅋㅋㅋㅋㅋㅋㅋㅋㅋㅋㅋㅋ
[2021-12-10 22:29:53] <난나의생로랑팬티냄새헠헠 (chosun27)> 다시와도 여길듯ㅋ
[2021-12-10 22:29:54] <%현생찾으러가는박쿠션 (parkcushion)> ㅋㅋㅋㅋㅋㅋㅋㅋㅋㅋㅋㅋㅋㅋ
[2021-12-10 22:30:04] <%현생찾으러가는박쿠션 (parkcushion)> 화성가네
[2021-12-10 22:30:05] <바아로 (dasd0069)> 여기가 그 꿀잠 구간인가요?
[2021-12-10 22:30:05] <%캉난나팬티같이훔치는지수 (pantihunterjisoo)> ㅋㅋㅋㅋㅋㅋㅋㅋㅋㅋㅋㅋㅋㅋㅋㅋㅋㅋㅋㅋㅋㅋㅋㅋㅋㅋㅋ
[2021-12-10 22:30:07] <%캉난나팬티같이훔치는지수 (pantihunterjisoo)> 밀어버렸어
[2021-12-10 22:30:08] <%캉난나코에서나온밀면 (millmyeon)> ㅋㅋㅋㅋㅋㅋㅋㅋㅋㅋㅋㅋㅋ
[2021-12-10 22:30:11] <%크라베이더 (kim6755)> 골기퍼도있네
[2021-12-10 22:30:11] <%난나보고몽정하면시류시류 (jae1165)> ㅋㅋㅋㅋㅋㅋㅋㅋㅋㅋㅋ
[2021-12-10 22:30:12] <%황금늘보 (neulbo)> 헹가래도 해주네 ㅋㅋ
[2021-12-10 22:30:33] <%캉난나전용알몸메이드단신 (dans1n)> 아직도 여기시네 ㅋㅋ
[2021-12-10 22:30:34] <%황금늘보 (neulbo)> ㅋㅋㅋㅋㅋㅋ
[2021-12-10 22:30:37] <바아로 (dasd0069)> 되겠니?
[2021-12-10 22:30:39] <%황금늘보 (neulbo)> 아직도 여기네 ㅋㅋ
[2021-12-10 22:30:40] <%크라베이더 (kim6755)> 안전자산인가봥..
[2021-12-10 22:30:43] <%난나보고몽정하면시류시류 (jae1165)> ㅋㅋㅋㅋㅋㅋㅋㅋㅋ
[2021-12-10 22:30:45] <난나의생로랑팬티냄새헠헠 (chosun27)> 아데바요르 하고 있네
[2021-12-10 22:31:00] <%황금늘보 (neulbo)> 마사카!
[2021-12-10 22:31:01] <%캉난나전용알몸메이드단신 (dans1n)> 방심을 노리는 나
[2021-12-10 22:31:04] <%캉난나전용알몸메이드단신 (dans1n)> 오기회다
[2021-12-10 22:31:05] <난나의생로랑팬티냄새헠헠 (chosun27)> ㅋㅋㅋㅋㅋㅋㅋㅋㅋㅋㅋ
[2021-12-10 22:31:06] <%황금늘보 (neulbo)> 어림도없지 ㅋㅋ
[2021-12-10 22:31:06] <%크라베이더 (kim6755)> ㅋㅋㅋ
[2021-12-10 22:31:06] <바아로 (dasd0069)> ㅋㅋㅋㅋㅋㅋㅋㅋㅋㅋㅋ
[2021-12-10 22:31:07] <%캉난나전용알몸메이드단신 (dans1n)> ㅋㅋㅋㅋㅋㅋㅋㅋㅋㅋㅋㅋㅋㅋㅋㅋㅋㅋㅋㅋㅋㅋㅋㅋㅋㅋㅋㅋ
[2021-12-10 22:31:07] <%난나보고몽정하면시류시류 (jae1165)> ㅋㅋㅋㅋㅋㅋㅋㅋㅋㅋㅋ
[2021-12-10 22:31:08] <%캉난나팬티같이훔치는지수 (pantihunterjisoo)> ㅋㅋㅋㅋㅋㅋㅋㅋㅋㅋㅋㅋㅋㅋㅋㅋㅋㅋㅋㅋㅋㅋㅋㅋㅋㅋㅋㅋㅋㅋㅋㅋㅋㅋㅋㅋㅋㅋ
[2021-12-10 22:31:09] <%현생찾으러가는박쿠션 (parkcushion)> ㅋ
[2021-12-10 22:31:09] <%크라베이더 (kim6755)> ㅋ페이크를 썻지만
[2021-12-10 22:31:10] <바아로 (dasd0069)> 어디서
[2021-12-10 22:31:11] <%현생찾으러가는박쿠션 (parkcushion)> ㅋㅋㅋㅋㅋㅋㅋㅋㅋㅋㅋㅋㅋㅋㅋ
[2021-12-10 22:31:12] <%그깟공놀이 (justballgame)> ㅋㅋㅋㅋㅋㅋㅋㅋㅋㅋ
[2021-12-10 22:31:13] <%크라베이더 (kim6755)> 강력한 막자들이 ㅋㅋ
[2021-12-10 22:31:14] <%황금늘보 (neulbo)> 이사람들이 보내주겠냐고 ㅋㅋ
[2021-12-10 22:31:18] <%황금늘보 (neulbo)> ㅋㅋㅋㅋㅋㅋㅋㅋㅋㅋㅋㅋㅋㅋㅋㅋㅋㅋㅋ
[2021-12-10 22:31:18] <난나의생로랑팬티냄새헠헠 (chosun27)> 까비
[2021-12-10 22:31:18] <%크라베이더 (kim6755)> ㅋㅋㅋㅋㅋ
[2021-12-10 22:31:19] <%캉난나전용알몸메이드단신 (dans1n)> ㅋㅋㅋㅋㅋㅋㅋㅋㅋㅋㅋㅋㅋㅋㅋㅋㅋㅋㅋ
[2021-12-10 22:31:19] <%캉난나팬티같이훔치는지수 (pantihunterjisoo)> ㄲㅂ
[2021-12-10 22:31:21] <바아로 (dasd0069)> 꼼수쓴다고 되겠냐고
[2021-12-10 22:31:21] <%현생찾으러가는박쿠션 (parkcushion)> ㅋㅋㅋㅋㅋㅋㅋㅋㅋㅋㅋㅋㅋㅋㅋㅋㅋㅋㅋㅋㅋㅋ
[2021-12-10 22:31:22] <%캉난나코에서나온밀면 (millmyeon)> 까비요
[2021-12-10 22:31:27] <%그깟공놀이 (justballgame)> 이 사람들 다 고인물들이야
[2021-12-10 22:31:38] <%황금늘보 (neulbo)> 4길드 시너지 못막거든요
[2021-12-10 22:31:39] <딸기달 (strawb2rry_moon)> 아~~아깝다 작전 좋으셨는데 ㅋㅋ
[2021-12-10 22:31:42] <%크라베이더 (kim6755)> 캉난나 막는 캉난나..
[2021-12-10 22:31:46] <%캉난나팬티같이훔치는지수 (pantihunterjisoo)> ㅋㅋㅋㅋㅋㅋㅋㅋㅋㅋㅋㅋㅋㅋㅋㅋ
[2021-12-10 22:31:49] <@%^빵_떡 (bbangddeock)> 어서오세요 아직 팔로우 안하셨다면 팔로우 부탁해요 °˖✧◝(⁰▿⁰)◜✧˖°
[2021-12-10 22:31:54] <%캉난나전용알몸메이드단신 (dans1n)> ㅋㅋㅋㅋㅋㅋㅋㅋㅋㅋㅋㅋㅋㅋ
[2021-12-10 22:31:58] <%황금늘보 (neulbo)> 야 우니?
[2021-12-10 22:32:00] <바아로 (dasd0069)> ㅋㅋㅋㅋㅋㅋㅋㅋㅋ
[2021-12-10 22:32:08] <난나의생로랑팬티냄새헠헠 (chosun27)> 정보) 본인도 우니다
[2021-12-10 22:32:09] <짠음식좋아하는시어머니 (saltheaven)> ㅋㅋㅋㅋㅋㅋㅋㅋ
[2021-12-10 22:32:09] <%그깟공놀이 (justballgame)> 부스터를 이미 그 자리서 쓴 순간부터 틀렸죠
[2021-12-10 22:32:25] <%황금늘보 (neulbo)> ㄹㅇ 8일은 줘야지
[2021-12-10 22:32:44] <%크라베이더 (kim6755)> 1시간지나도 못지날거같은데.
[2021-12-10 22:32:47] <난나의생로랑팬티냄새헠헠 (chosun27)> 욕재이가 된 나
[2021-12-10 22:32:58] <%그깟공놀이 (justballgame)> 와 5분 혜자맨
[2021-12-10 22:33:15] <%캉난나전용알몸메이드단신 (dans1n)> 빡종 3분전 ㄷㄷ
[2021-12-10 22:33:22] <%그깟공놀이 (justballgame)> 만신창이가 된 나
[2021-12-10 22:33:25] <%황금늘보 (neulbo)> 우는척 하고 트수들 방심할때 출발하자
[2021-12-10 22:33:27] <%그깟공놀이 (justballgame)> 카트라이더 하자고 한 것을 후회하는 나
[2021-12-10 22:33:27] <%지나가다들림 (my79my79)> 포기한척하다 방심했을때 갈려구 하는듯
[2021-12-10 22:33:34] <%황금늘보 (neulbo)> 어림없어 ㅋㅋ
[2021-12-10 22:33:35] <%캉난나전용알몸메이드단신 (dans1n)> ㅋㅋㅋㅋㅋㅋㅋ
[2021-12-10 22:33:37] <%캉난나팬티같이훔치는지수 (pantihunterjisoo)> ㅋㅋㅋㅋㅋㅋㅋㅋㅋㅋㅋㅋㅋㅋㅋㅋㅋㅋㅋㅋ
[2021-12-10 22:33:39] <딸기달 (strawb2rry_moon)> 곧...빡종 하실듯..
[2021-12-10 22:33:40] <%캉난나코에서나온밀면 (millmyeon)> 열심히 연기했지만ㅋㅋㅋㅋㅋ
[2021-12-10 22:33:55] <%$이제이드 (jadelee101)> 너 닉네임 뭐야 임마!!
[2021-12-10 22:34:02] <_빠다 (boyshy0402)> ㄷㄷ
[2021-12-10 22:34:03] <바아로 (dasd0069)> 말해주겠냐고 ㅋㅋㅋㅋㅋ
[2021-12-10 22:34:07] <%캉난나전용알몸메이드단신 (dans1n)> 하링입니다
[2021-12-10 22:34:10] <난나의생로랑팬티냄새헠헠 (chosun27)> 현피 뜰껀가봐
[2021-12-10 22:34:15] <%황금늘보 (neulbo)> 하링하링하링하링하링 입니다
[2021-12-10 22:34:16] <%그깟공놀이 (justballgame)> 정보)본인도 흰색 우니다
[2021-12-10 22:34:27] <바아로 (dasd0069)> 닉 유출됐다 ㄷㄷ
[2021-12-10 22:34:30] <%하링에게만고백왕 (hgs5980)> 먼저갈께 캉씨
[2021-12-10 22:34:36] <%황금늘보 (neulbo)> 안돼
[2021-12-10 22:34:37] <_빠다 (boyshy0402)> 어어
[2021-12-10 22:34:38] <%그깟공놀이 (justballgame)> 오
[2021-12-10 22:34:38] <%캉난나코에서나온밀면 (millmyeon)> 오
[2021-12-10 22:34:39] <바아로 (dasd0069)> ㅁㅅㄲ
[2021-12-10 22:34:40] <%현생찾으러가는박쿠션 (parkcushion)> ㅊㅊ
[2021-12-10 22:34:43] <%황금늘보 (neulbo)> 발리 완주 못하게해
[2021-12-10 22:34:46] <%캉난나전용알몸메이드단신 (dans1n)> 와 진짜 금방 뚫으셨네
[2021-12-10 22:34:48] <%그깟공놀이 (justballgame)> 트수 비상
[2021-12-10 22:34:53] <%황금늘보 (neulbo)> 빨리 들어가라!
[2021-12-10 22:34:55] <바아로 (dasd0069)> 힘내!
[2021-12-10 22:34:59] <바아로 (dasd0069)> 할 수 있어 트수들아!
[2021-12-10 22:35:04] <%그깟공놀이 (justballgame)> 오
[2021-12-10 22:35:06] <딸기달 (strawb2rry_moon)> 드디어 넘어왔다!!!
[2021-12-10 22:35:07] <%황금늘보 (neulbo)> 데자뷰
[2021-12-10 22:35:09] <%크라베이더 (kim6755)> ㅋㅋㅋㅋ
[2021-12-10 22:35:10] <%황금늘보 (neulbo)> ㅋㅋㅋㅋㅋㅋㅋㅋㅋㅋㅋㅋㅋㅋㅋㅋㅋㅋ
[2021-12-10 22:35:12] <%크라베이더 (kim6755)> 갖혔다
[2021-12-10 22:35:12] <%그깟공놀이 (justballgame)> ㅋㅋㅋㅋㅋㅋㅋㅋ
[2021-12-10 22:35:14] <난나의생로랑팬티냄새헠헠 (chosun27)> ㅈ 됐 다 !
[2021-12-10 22:35:15] <%현생찾으러가는박쿠션 (parkcushion)> ㅋㅋㅋㅋㅋㅋㅋㅋㅋㅋㅋㅋㅋㅋㅋㅋㅋㅋ
[2021-12-10 22:35:15] <%그깟공놀이 (justballgame)> ㅋㅋㅋㅋㅋㅋㅋㅋㅋㅋㅋㅋㅋㅋㅋㅋㅋㅋㅋㅋㅋㅋ
[2021-12-10 22:35:17] <%현생찾으러가는박쿠션 (parkcushion)> ㅋㅋㅋㅋㅋㅋㅋㅋㅋㅋㅋㅋㅋㅋㅋ
[2021-12-10 22:35:18] <%현생찾으러가는박쿠션 (parkcushion)> 헉!
[2021-12-10 22:35:21] <%캉난나전용알몸메이드단신 (dans1n)> 극찬 ON
[2021-12-10 22:35:23] <바아로 (dasd0069)> 조금만 더 버텨!
[2021-12-10 22:35:24] <%크라베이더 (kim6755)> r눌르면되자너
[2021-12-10 22:35:26] <%황금늘보 (neulbo)> ㅋㅋㅋ
[2021-12-10 22:35:30] <%그깟공놀이 (justballgame)> 걔쉑 나왔다
[2021-12-10 22:35:32] <난나의생로랑팬티냄새헠헠 (chosun27)> ㅋㅋㅋㅋㅋㅋㅋㅋㅋㅋㅋㅋㅋㅋㅋㅋㅋㅋㅋㅋㅋㅋㅋㅋㅋ
[2021-12-10 22:35:35] <딸기달 (strawb2rry_moon)> ㅋㅋㅋㅋㅋㅋㅋㅋㅋㅋㅋㅋㅋ
[2021-12-10 22:35:37] <%크라베이더 (kim6755)> 데쟈뷰 ㅋㅋ
[2021-12-10 22:35:37] <난나의생로랑팬티냄새헠헠 (chosun27)> 빡종 엔딩
[2021-12-10 22:35:37] <%하링에게만고백왕 (hgs5980)> 휴 다행이다
[2021-12-10 22:35:38] <%난나보고몽정하면시류시류 (jae1165)> 데자부
[2021-12-10 22:35:39] <%하링에게만고백왕 (hgs5980)> 들어갓다
[2021-12-10 22:35:39] <바아로 (dasd0069)> 빡종 ㅋㅋㅋㅋㅋㅋ
[2021-12-10 22:35:40] <%지나가다들림 (my79my79)> ㅋㅋㅋㅋ
[2021-12-10 22:35:41] <%황금늘보 (neulbo)> 데자뷰!
[2021-12-10 22:35:42] <딸기달 (strawb2rry_moon)> 우니 ㅋㅋㅋㅋㅋㅋ
[2021-12-10 22:35:43] <난나의생로랑팬티냄새헠헠 (chosun27)> 데 자 부 ~
[2021-12-10 22:35:43] <qqq2q> ㅋㅋㅋㅋㅋ
[2021-12-10 22:35:43] <%난나보고몽정하면시류시류 (jae1165)> 데자부~
[2021-12-10 22:35:47] <%크라베이더 (kim6755)> 안전자산을 지킨 트수들 ㅋㅋ
[2021-12-10 22:35:47] <%그깟공놀이 (justballgame)> 데자부!
[2021-12-10 22:35:48] <바아로 (dasd0069)> 데자부!
[2021-12-10 22:35:53] <%하링에게만고백왕 (hgs5980)> 데자부 !
[2021-12-10 22:35:56] <난나의생로랑팬티냄새헠헠 (chosun27)> 관성드리프트!!!!!!!
[2021-12-10 22:35:58] <%난나보고몽정하면시류시류 (jae1165)> 데자부!
[2021-12-10 22:36:00] <%황금늘보 (neulbo)> 시참한 트수들 상품 준다고 하고 닉네임 알려달라고하자 ㄱㄱ
[2021-12-10 22:36:01] <%그깟공놀이 (justballgame)> 간사이 드리프트!
[2021-12-10 22:36:03] <%$이제이드 (jadelee101)> 고생하셨습니다
[2021-12-10 22:36:09] <%하링에게만고백왕 (hgs5980)> 상품준다고 ?
[2021-12-10 22:36:09] <%난나보고몽정하면시류시류 (jae1165)> 간석동드리프토!
[2021-12-10 22:36:10] <%그깟공놀이 (justballgame)> 빡종맨이야
[2021-12-10 22:36:11] <%하링에게만고백왕 (hgs5980)> 나요 나
[2021-12-10 22:36:14] <%난나보고몽정하면시류시류 (jae1165)> ㅋㅋㅋㅋㅋ
[2021-12-10 22:36:16] <%난나보고몽정하면시류시류 (jae1165)> 빡종
[2021-12-10 22:36:16] <%캉난나코에서나온밀면 (millmyeon)> ㅋㅋㅋㅋㅋㅋㅋㅋㅋㅋㅋㅋㅋㅋㅋㅋ
[2021-12-10 22:36:20] <%$이제이드 (jadelee101)> ㅋㅋㅋㅋㅋㅋㅋㅋㅋㅋㅋㅋㅋㅋㅋㅋㅋㅋㅋㅋㅋㅋㅋㅋㅋ
[2021-12-10 22:36:23] <%캉난나코에서나온밀면 (millmyeon)> 화나서 쪽갈비로 푸는 나
[2021-12-10 22:36:24] <%난나보고몽정하면시류시류 (jae1165)> ㅋㅋㅋㅋㅋㅋ
[2021-12-10 22:36:25] <%캉난나전용알몸메이드단신 (dans1n)> ZZZZZZZZZZZZZZ
[2021-12-10 22:36:26] <%황금늘보 (neulbo)> 카트 또 언제해요????
[2021-12-10 22:36:29] <%$이제이드 (jadelee101)> ㅋㅋㅋㅋㅋㅋㅋㅋㅋㅋㅋㅋㅋㅋㅋㅋㅋㅋㅋㅋㅋㅋㅋㅋㅋㅋㅋㅋㅋㅋㅋ
[2021-12-10 22:36:34] <난나의생로랑팬티냄새헠헠 (chosun27)> 갔냐맨이야
[2021-12-10 22:36:34] <바아로 (dasd0069)> 다 실패 ㅋㅋㅋㅋㅋㅋㅋㅋ
[2021-12-10 22:36:35] <%그깟공놀이 (justballgame)> 안해!
[2021-12-10 22:36:39] <%$이제이드 (jadelee101)> ㅋㅋㅋㅋㅋㅋㅋㅋㅋㅋㅋㅋㅋㅋㅋㅋ
[2021-12-10 22:36:42] <%$이제이드 (jadelee101)> 뭐가 잘 안되니?
[2021-12-10 22:36:50] <%캉난나코에서나온밀면 (millmyeon)> 난나님 난나님 혹시 화나셨나요?
[2021-12-10 22:36:50] <%캉난나전용알몸메이드단신 (dans1n)> ZZZZZZZZZZZZZZZZZZZ
[2021-12-10 22:36:52] <%크라베이더 (kim6755)> 그렇게 트수들의 승리로.
[2021-12-10 22:36:53] <%크라베이더 (kim6755)> 마감.
[2021-12-10 22:36:54] <%그깟공놀이 (justballgame)> 왕삐짐
[2021-12-10 22:36:56] <바아로 (dasd0069)> 너무 신나!
[2021-12-10 22:37:00] <부쉬드 (kovie2002)> 카트 끝났어요?
[2021-12-10 22:37:04] <난나의생로랑팬티냄새헠헠 (chosun27)> 자기가 무슨 성공할 줄 알았나봐!
[2021-12-10 22:37:17] <%캉난나전용알몸메이드단신 (dans1n)> ㅋㅋㅋㅋㅋㅋㅋㅋㅋ말한마디없는데 왤케웃기지 ㅋㅋㅋㅋㅋㅋㅋㅋ
[2021-12-10 22:37:18] <%캉난나팬티같이훔치는지수 (pantihunterjisoo)> 빡종엔딩입니다
[2021-12-10 22:37:25] <%현생찾으러가는박쿠션 (parkcushion)> ㅠㅠㅠㅠㅠㅠㅠㅠㅠㅠㅠㅠㅠㅠ
[2021-12-10 22:37:26] <바아로 (dasd0069)> ㅋㅋㅋㅋㅋㅋㅋㅋㅋㅋㅋ
[2021-12-10 22:37:26] <난나의생로랑팬티냄새헠헠 (chosun27)> 안 대 내 용 ㅠ,ㅠ
[2021-12-10 22:37:26] <%$이제이드 (jadelee101)> n97aUuuuu n97aUuuuu n97aUuuuu n97aUuuuu n97aUuuuu n97aUuuuu n97aUuuuu n97aUuuuu
[2021-12-10 22:37:26] <%현생찾으러가는박쿠션 (parkcushion)> ㅋㅋㅋㅋㅋㅋㅋㅋㅋㅋㅋㅋㅋㅋㅋ
[2021-12-10 22:37:27] <%그깟공놀이 (justballgame)> ㅇㅅㄲ ㅇㄹㄹ ㅁㄹㄴ ㅅㄲㅇ
[2021-12-10 22:37:29] <_빠다 (boyshy0402)> ㅋㅋㅋㅋㅋㅋㅋㅋㅋㅋ
[2021-12-10 22:37:30] <%$이제이드 (jadelee101)> n97aUuuuu n97aUuuuu n97aUuuuu n97aUuuuu n97aUuuuu n97aUuuuu n97aUuuuu n97aUuuuu n97aUuuuu n97aUuuuu
[2021-12-10 22:37:34] <%그깟공놀이 (justballgame)> ㅇㅅㄲ ㅇㄴ ㅈㄷ ㅁㄲ
[2021-12-10 22:37:35] <%얻어탄탑승자 (b1ue_light_)> ㅋㅋㅋㅋㅋㅋㅋㅋㅋㅋ
[2021-12-10 22:37:38] <%얻어탄탑승자 (b1ue_light_)> 앙대네요 ㅠㅠㅠㅠㅠㅠ
[2021-12-10 22:37:38] <%그깟공놀이 (justballgame)> ㅇㄷㄴㅇ~ ㅠㅠ
[2021-12-10 22:37:39] <난나의생로랑팬티냄새헠헠 (chosun27)> (대충 안대내용이라는 내용)
[2021-12-10 22:37:39] <%$이제이드 (jadelee101)> ㅇㄷㄴㅇ~
[2021-12-10 22:37:40] <%크라베이더 (kim6755)> ㅋㅋㅋㅋ
[2021-12-10 22:37:41] <%$이제이드 (jadelee101)> ㅜㅜ
[2021-12-10 22:37:43] <%캉난나전용알몸메이드단신 (dans1n)> ㅇㄷㄴㅇ. ㅜㅜ
[2021-12-10 22:37:45] <바아로 (dasd0069)> ㅠㅠㅠㅠㅠ
[2021-12-10 22:37:48] <%$이제이드 (jadelee101)> ㅠㅠㅠㅠㅠㅠ
[2021-12-10 22:37:53] <%현생찾으러가는박쿠션 (parkcushion)> ㅠㅠㅠㅠㅠㅠㅠㅠㅠㅠㅠㅠㅠ
[2021-12-10 22:37:53] <바아로 (dasd0069)> 되겠냐고 ㅋㅋㅋㅋ
[2021-12-10 22:37:56] <딸기달 (strawb2rry_moon)> BibleThump BibleThump BibleThump BibleThump
[2021-12-10 22:37:56] <난나의생로랑팬티냄새헠헠 (chosun27)> 얘는 무슨 자기가 에버랜드라도 놀러온 줄 알아!
[2021-12-10 22:38:06] <%$이제이드 (jadelee101)> 애는!
[2021-12-10 22:38:13] <%캉난나보자마_자몽_정 (lizzarmong)> 또 먹어?
[2021-12-10 22:38:21] <%$이제이드 (jadelee101)> ㅋㅋㅋㅋㅋㅋㅋㅋ
[2021-12-10 22:38:27] <%난나스물한번째알몸메이드 (sdhyun21_)> ㅋㅋㅋㅋㅋㅋㅋㅋㅋ
[2021-12-10 22:38:28] <%$이제이드 (jadelee101)> 국수가 빨리 꺼지긴 해
[2021-12-10 22:38:30] <난나의생로랑팬티냄새헠헠 (chosun27)> 난나님
[2021-12-10 22:38:31] <바아로 (dasd0069)> 헛웃음이 나오는 나
[2021-12-10 22:38:32] <%난나스물한번째알몸메이드 (sdhyun21_)> 쪽갈비 먹어?
[2021-12-10 22:38:33] <난나의생로랑팬티냄새헠헠 (chosun27)> 볼링치러 가시나요?
[2021-12-10 22:38:39] <딸기달 (strawb2rry_moon)> 인형 가방 넘 커여움 ㅠㅠ
[2021-12-10 22:38:41] <%$이제이드 (jadelee101)> ㅋㅋㅋㅋㅋㅋㅋㅋㅋㅋㅋㅋㅋㅋㅋㅋㅋ
[2021-12-10 22:38:41] <%크라베이더 (kim6755)> 뱃속의 용광로가 과열된 나..
[2021-12-10 22:38:45] <%다크열제 (dkwing80)> 자 이제 디저트 타임
[2021-12-10 22:38:45] <%$이제이드 (jadelee101)> 오뱅알
[2021-12-10 22:38:51] <%캉난나코에서나온밀면 (millmyeon)> ㅋㅋㅋㅋㅋㅋㅋㅋㅋㅋㅋ
[2021-12-10 22:38:53] <%얻어탄탑승자 (b1ue_light_)> 삐죠또
[2021-12-10 22:38:55] <%난나스물한번째알몸메이드 (sdhyun21_)> 개 모 태 ㅋㅋㅋㅋㅋㅋㅋㅋㅋㅋㅋㅋㅋㅋㅋㅋㅋㅋㅋㅋㅋ
[2021-12-10 22:38:55] <%얻어탄탑승자 (b1ue_light_)> 난나 삐죠또
[2021-12-10 22:38:59] <%황금늘보 (neulbo)> 근데 시참한 사람 우리들 아님
[2021-12-10 22:39:00] ~쉰입)뭐요 (Just Chatting)~
[2021-12-10 22:39:01] <%$이제이드 (jadelee101)> 기분풀린 나
[2021-12-10 22:39:01] <%얻어탄탑승자 (b1ue_light_)> 얼씨구
[2021-12-10 22:39:04] <%현생찾으러가는박쿠션 (parkcushion)> 행복한 나
[2021-12-10 22:39:06] <바아로 (dasd0069)> 갑자기 즐거워진 나
[2021-12-10 22:39:09] <%$이제이드 (jadelee101)> 피로가 가시는 나
[2021-12-10 22:39:12] <%얻어탄탑승자 (b1ue_light_)> 바로 광대뼈 올라가는거 보소
[2021-12-10 22:39:16] <%캉난나전용알몸메이드단신 (dans1n)> 머여 어케 알지
[2021-12-10 22:39:21] <난나의생로랑팬티냄새헠헠 (chosun27)> 오우! 방금 표정 완전 욕망의항아리였어!
[2021-12-10 22:39:21] <%야코프 (yakov0906)> zzzzzzzz
[2021-12-10 22:39:26] <%$이제이드 (jadelee101)> ㅋㅋㅋㅋㅋㅋㅋㅋㅋㅋㅋㅋㅋㅋㅋㅋㅋㅋㅋㅋㅋㅋㅋㅋㅋㅋㅋㅋㅋ
[2021-12-10 22:39:27] <%난나스물한번째알몸메이드 (sdhyun21_)> 카트 빨리 끝났네 원래 그 맵 3시간 짜린데 트수들 서윗하게 봐줬네
[2021-12-10 22:39:42] <%황금늘보 (neulbo)> 킹시
[2021-12-10 22:39:42] <난나의생로랑팬티냄새헠헠 (chosun27)> 왜 제로펩시가 아닌건데
[2021-12-10 22:39:43] <!%하링하링하링하링하링 (hawawa77)> 으악
[2021-12-10 22:39:44] <난나의생로랑팬티냄새헠헠 (chosun27)> 개불편하네
[2021-12-10 22:39:48] <!%하링하링하링하링하링 (hawawa77)> 제로펩시가 아니야
[2021-12-10 22:39:48] <%$이제이드 (jadelee101)> ㅋㅋㅋㅋㅋㅋ
[2021-12-10 22:39:50] <%하링에게만고백왕 (hgs5980)> 펩시 제로아니라 불편
[2021-12-10 22:39:51] <%황금늘보 (neulbo)> showwP showwP showwP showwP
[2021-12-10 22:39:52] <바아로 (dasd0069)> 너무 서윗했어
[2021-12-10 22:39:53] <%$이제이드 (jadelee101)> 제로펩시라임 데려와
[2021-12-10 22:40:00] <%황금늘보 (neulbo)> 시참한 사람 우리 아니니까 다음에 또 해줘~
[2021-12-10 22:40:00] <난나의생로랑팬티냄새헠헠 (chosun27)> 따지죠
[2021-12-10 22:40:04] <난나의생로랑팬티냄새헠헠 (chosun27)> 제로로 다ㅣ시 가져다달라고
[2021-12-10 22:40:04] <레디 (mose151)> 100시간 또 언제해요?
[2021-12-10 22:40:16] <%캉난나전용알몸메이드단신 (dans1n)> 다음주 예정입니다~^^
[2021-12-10 22:40:24] <난나의생로랑팬티냄새헠헠 (chosun27)> 근데 지점마다 다른가 붓산에서 먹었을땐 종이박스에다가 줬는데
[2021-12-10 22:40:30] <%$이제이드 (jadelee101)> ㅇ0ㅇ
[2021-12-10 22:40:30] <%난나보고몽정하면시류시류 (jae1165)> ㅋㅋㅋㅋㅋㅋ
[2021-12-10 22:40:31] <레디 (mose151)> ;;
[2021-12-10 22:40:31] <%$이제이드 (jadelee101)> 머리숙여!
[2021-12-10 22:40:36] <%캉난나코에서나온밀면 (millmyeon)> 과연 소금의 맛은!!!
[2021-12-10 22:40:37] <%난나보고몽정하면시류시류 (jae1165)> 누가 100시간소리를하였어
[2021-12-10 22:40:47] <%현생찾으러가는박쿠션 (parkcushion)> 붓싼 ㄷㄷ
[2021-12-10 22:40:51] <%하링에게만고백왕 (hgs5980)> 어라?환경에 치명적이라는 플라스틱을?
[2021-12-10 22:40:52] <난나의생로랑팬티냄새헠헠 (chosun27)> 오늘은 양념이 아니네용
[2021-12-10 22:40:53] <%하링에게만고백왕 (hgs5980)> 어라라???
[2021-12-10 22:40:54] <%캉난나팬티같이훔치는지수 (pantihunterjisoo)> 소금구이 존맛탱이겟다
[2021-12-10 22:40:55] <%캉난나전용알몸메이드단신 (dans1n)> 맛있겠따
[2021-12-10 22:41:07] <%난나보고몽정하면시류시류 (jae1165)> ㅋㅋㅋㅋ
[2021-12-10 22:41:08] <%캉난나팬티같이훔치는지수 (pantihunterjisoo)> 오래되서..
[2021-12-10 22:41:11] <난나의생로랑팬티냄새헠헠 (chosun27)> 하긴 속 천불날텐데 여기서 매운거 먹으면 큰일날듯 ㅋㅋ;;
[2021-12-10 22:41:11] <%$이제이드 (jadelee101)> 데워먹쟈
[2021-12-10 22:41:12] <%하링에게만고백왕 (hgs5980)> 아따 그거 장갑끼고드시니까 좀 멋져보이네요
[2021-12-10 22:41:20] <%$이제이드 (jadelee101)> 고무를 씹는 나
[2021-12-10 22:41:22] <난나의생로랑팬티냄새헠헠 (chosun27)> 쥐제이알
[2021-12-10 22:41:30] <%캉난나팬티같이훔치는지수 (pantihunterjisoo)> 킹오파 개잘할것같은 장갑이야
[2021-12-10 22:41:35] <%하링에게만고백왕 (hgs5980)> 전자렌지돌리죠
[2021-12-10 22:41:36] <%캉난나전용알몸메이드단신 (dans1n)> 데워먹죠
[2021-12-10 22:41:42] <%캉난나코에서나온밀면 (millmyeon)> 양념이 더 낫나요?
[2021-12-10 22:41:45] <%하링에게만고백왕 (hgs5980)> 저거 불꽃나올거같은데
[2021-12-10 22:41:47] <%하링에게만고백왕 (hgs5980)> 불쑈...
[2021-12-10 22:41:54] <난나의생로랑팬티냄새헠헠 (chosun27)> 아도..? 다크소울을 해준다는 암시인가..?
[2021-12-10 22:42:03] <%하링에게만고백왕 (hgs5980)> 혹시 남은뼈로는 사골 우려드시나요
[2021-12-10 22:42:06] <%$이제이드 (jadelee101)> ㅋㅅㅋ
[2021-12-10 22:42:09] <난나의생로랑팬티냄새헠헠 (chosun27)> 하필 안볼때
[2021-12-10 22:42:13] <%하링에게만고백왕 (hgs5980)> 저요 ?
[2021-12-10 22:42:13] <%캉난나팬티같이훔치는지수 (pantihunterjisoo)> ㅋㅋ
[2021-12-10 22:42:15] <난나의생로랑팬티냄새헠헠 (chosun27)> 저는 그사람이 아닌데요
[2021-12-10 22:42:17] <레디 (mose151)> 이번에 엘든링 나오면 하나요?
[2021-12-10 22:42:17] <%하링에게만고백왕 (hgs5980)> 저 봣는데요 닼소;
[2021-12-10 22:42:22] <%야코프 (yakov0906)> 아직 다안깼어요
[2021-12-10 22:42:25] <%하링에게만고백왕 (hgs5980)> 나도 그사람이 아닌데
[2021-12-10 22:42:31] <부쉬드 (kovie2002)> 닼소1 리메이크는 했나요?
[2021-12-10 22:42:32] <%야코프 (yakov0906)> 엘든링?!?!?!
[2021-12-10 22:42:32] <%하링에게만고백왕 (hgs5980)> 당신 누구랑 날 착각한고야?
[2021-12-10 22:42:34] <난나의생로랑팬티냄새헠헠 (chosun27)> 엘든링 재밌겠다
[2021-12-10 22:42:35] <%야코프 (yakov0906)> 엘든링!
[2021-12-10 22:42:52] <난나의생로랑팬티냄새헠헠 (chosun27)> 캉난나 엘든링 가면 기대중
[2021-12-10 22:42:53] <%하링에게만고백왕 (hgs5980)> 그럼 2는 어떰
[2021-12-10 22:43:00] <%하링에게만고백왕 (hgs5980)> 반반에 무는 많이죠 ?
[2021-12-10 22:43:05] <난나의생로랑팬티냄새헠헠 (chosun27)> 쥐제이알 맛있겠다
[2021-12-10 22:43:12] <부쉬드 (kovie2002)> 양 적어보인다
[2021-12-10 22:43:13] <난나의생로랑팬티냄새헠헠 (chosun27)> 왜 우리집쪽엔 없을까
[2021-12-10 22:43:18] <%캉난나팬티같이훔치는지수 (pantihunterjisoo)> 굿
[2021-12-10 22:43:20] <%하링에게만고백왕 (hgs5980)> 소금구이가 오리지날이지
[2021-12-10 22:43:27] <%캉난나코에서나온밀면 (millmyeon)> ???:여러분 캉엔캉스는 양념만 시켜드세요
[2021-12-10 22:43:31] <%캉난나팬티같이훔치는지수 (pantihunterjisoo)> 소금구이 맛있으면 다행이다 언젠가 포장해다먹어야지
[2021-12-10 22:43:31] <%하링에게만고백왕 (hgs5980)> 근데 난 아직도 궁금한게 소금을 왜구웟을까
[2021-12-10 22:43:34] <%하링에게만고백왕 (hgs5980)> 걍찍먹해도되는데
[2021-12-10 22:43:35] <부쉬드 (kovie2002)> 신호등은 드셔보셨나요?
[2021-12-10 22:43:42] <부쉬드 (kovie2002)> 요즘 유행이던데
[2021-12-10 22:43:55] <%$이제이드 (jadelee101)> ㄹㅇㅋㅋ
[2021-12-10 22:43:58] <%캉난나전용알몸메이드단신 (dans1n)> 헉!!
[2021-12-10 22:44:02] <%하링에게만고백왕 (hgs5980)> 그걸 누가 언급햇다고 ?
[2021-12-10 22:44:04] <난나의생로랑팬티냄새헠헠 (chosun27)> 레이드할때까지 못봐서 다행이구만
[2021-12-10 22:44:05] <%하링에게만고백왕 (hgs5980)> 정말 눈치도없어;
[2021-12-10 22:44:21] <%하링에게만고백왕 (hgs5980)> 브압 나주지 ㅎ
[2021-12-10 22:44:49] <%하링에게만고백왕 (hgs5980)> 양념 무슨 맛인가여
[2021-12-10 22:44:53] <%캉난나코에서나온밀면 (millmyeon)> 그렇게 양념만 다 먹고 소금은 남았다고 한다
[2021-12-10 22:44:55] <%캉난나팬티같이훔치는지수 (pantihunterjisoo)> 양념맛이랍니다
[2021-12-10 22:45:05] <%하링에게만고백왕 (hgs5980)> 소금도 양념에찍어먹을거같음
[2021-12-10 22:45:06] <난나의생로랑팬티냄새헠헠 (chosun27)> 아니오
[2021-12-10 22:45:07] <부쉬드 (kovie2002)> 난 아까 항정살 먹었는데 ㅋㅋ
[2021-12-10 22:45:10] <%캉난나팬티같이훔치는지수 (pantihunterjisoo)> 몰라요
[2021-12-10 22:45:11] <%$이제이드 (jadelee101)> 훌랄라치킨
[2021-12-10 22:45:11] <%하링에게만고백왕 (hgs5980)> 지코바는 아는데
[2021-12-10 22:45:12] <%현생찾으러가는박쿠션 (parkcushion)> 알져
[2021-12-10 22:45:15] <난나의생로랑팬티냄새헠헠 (chosun27)> 먹어보진 않음
[2021-12-10 22:45:16] <%현생찾으러가는박쿠션 (parkcushion)> 그거 김수로가
[2021-12-10 22:45:17] <레디 (mose151)> 네
[2021-12-10 22:45:18] <%현생찾으러가는박쿠션 (parkcushion)> 광고했던거잖음
[2021-12-10 22:45:21] <%그깟공놀이 (justballgame)> 울랄라는 스페이스채널5 주인공이지
[2021-12-10 22:45:29] <%$이제이드 (jadelee101)> 맛 괜찮더라고요
[2021-12-10 22:45:29] <%하링에게만고백왕 (hgs5980)> 저도 기억은 안남
[2021-12-10 22:45:31] <%현생찾으러가는박쿠션 (parkcushion)> 안머거봄
[2021-12-10 22:45:36] <%현생찾으러가는박쿠션 (parkcushion)> 집에서 가장 가까웠는데
[2021-12-10 22:45:38] <%현생찾으러가는박쿠션 (parkcushion)> 안먹음 ㅋㅋ
[2021-12-10 22:45:47] <%하링에게만고백왕 (hgs5980)> 사실 그 집에 저 갈비집을 시작한게아닐까...
[2021-12-10 22:45:51] <난나의생로랑팬티냄새헠헠 (chosun27)> 난나님 근데 그런 장갑끼고 먹고 있으니까 사람 하나 담구고 식사하는 그런 느낌이네요 ㅇㅇ;;
[2021-12-10 22:45:57] <%저스트비트 (megajustbeat)> ㄷㄷㄷ
[2021-12-10 22:46:03] <%$이제이드 (jadelee101)> ㅋㅋㅋㅋㅋㅋㅋㅋㅋㅋㅋㅋㅋㅋㅋㅋㅋㅋㅋㅋㅋㅋㅋㅋㅋㅋㅋㅋㅋ
[2021-12-10 22:46:04] <%$이제이드 (jadelee101)> ㅋㅋㅋㅋㅋㅋㅋㅋㅋㅋㅋㅋㅋㅋㅋㅋㅋㅋㅋㅋㅋㅋ
[2021-12-10 22:46:09] <%저스트비트 (megajustbeat)> 와
[2021-12-10 22:46:09] <%현생찾으러가는박쿠션 (parkcushion)> ㅋㅋㅋㅋㅋㅋㅋㅋㅋㅋㅋㅋㅋㅋㅋㅋㅋㅋㅋ
[2021-12-10 22:46:10] <%캉난나전용알몸메이드단신 (dans1n)> ㅋㅋㅋㅋㅋㅋㅋㅋㅋㅋㅋㅋㅋㅋㅋㅋㅋㅋㅋ
[2021-12-10 22:46:11] <!%하링하링하링하링하링 (hawawa77)> ㅋㅋㅋㅋㅋㅋㅋㅋㅋㅋ
[2021-12-10 22:46:12] <%$이제이드 (jadelee101)> 와 정확하다
[2021-12-10 22:46:12] <%그깟공놀이 (justballgame)> ㅋㅋㅋㅋㅋㅋ
[2021-12-10 22:46:15] <%하링에게만고백왕 (hgs5980)> ㅋㅋㅋㅋㅋㅋㅋㅋㅋ
[2021-12-10 22:46:15] <%얻어탄탑승자 (b1ue_light_)> ㅋㅋㅋㅋㅋㅋㅋㅋㅋㅋㅋㅋㅋㅋㅋ
[2021-12-10 22:46:17] <파피루스 (caley0)> ㅋㅋㅋㅋㅋ
[2021-12-10 22:46:17] <%현생찾으러가는박쿠션 (parkcushion)> WHAT A BIG NOSE!
[2021-12-10 22:46:18] <%저스트비트 (megajustbeat)> 극사실주의
[2021-12-10 22:46:18] <%하링에게만고백왕 (hgs5980)> 눈매가 왜저래
[2021-12-10 22:46:20] <%하링에게만고백왕 (hgs5980)> 악당이냐고 ㅋㅋㅋㅋ
[2021-12-10 22:46:21] <%난나보고몽정하면시류시류 (jae1165)> ㅋㅋㅋㅋㅋ
[2021-12-10 22:46:23] <!%하링하링하링하링하링 (hawawa77)> 춘식이도 화난거처럼 그림
[2021-12-10 22:46:23] <난나의생로랑팬티냄새헠헠 (chosun27)> 홀리몰리 ㄷㄷ
[2021-12-10 22:46:24] <!%하링하링하링하링하링 (hawawa77)> ㅋㅋㅋㅋㅋㅋㅋㅋㅋ
[2021-12-10 22:46:34] <%$이제이드 (jadelee101)> ㄷㄷ
[2021-12-10 22:46:35] <난나의생로랑팬티냄새헠헠 (chosun27)> 저 기능 되게 신기하네
[2021-12-10 22:46:37] <%하링에게만고백왕 (hgs5980)> 사실 화난건맞긴해
[2021-12-10 22:46:38] <난나의생로랑팬티냄새헠헠 (chosun27)> 뭐 저런게 생겼대
[2021-12-10 22:46:57] <%하링에게만고백왕 (hgs5980)> 내가본 쪽갈비중에
[2021-12-10 22:47:02] Viewerstats (22:18-22:47): avg:72 min:58 max:81 [15/81-3+1+0+0-5+0-3+0-2+2+0-7+0-6]
[2021-12-10 22:47:05] <%하링에게만고백왕 (hgs5980)> 지금 손에들고잇는게 제일 탐난다
[2021-12-10 22:47:05] <난나의생로랑팬티냄새헠헠 (chosun27)> 내일 점심은 유린기다
[2021-12-10 22:47:06] <%$이제이드 (jadelee101)> 캉하
[2021-12-10 22:47:06] <%캉난나팬티같이훔치는지수 (pantihunterjisoo)> 캉하
[2021-12-10 22:47:06] <예수님 (meoniya)> ㅋㅋㅋㅋㅋㅋㅋㅋㅋㅋㅋㅋㅋ
[2021-12-10 22:47:20] <난나의생로랑팬티냄새헠헠 (chosun27)> 캉난나가 2명이라
[2021-12-10 22:47:22] <난나의생로랑팬티냄새헠헠 (chosun27)> 어딜봐야할지모르겠네
[2021-12-10 22:47:25] <%캉난나전용알몸메이드단신 (dans1n)> 진짜캉난나인가봐
[2021-12-10 22:47:27] <%난나보고몽정하면시류시류 (jae1165)> 캉하
[2021-12-10 22:47:28] <%하링에게만고백왕 (hgs5980)> 아움 누워서 캉씨방송좀봐야겟다
[2021-12-10 22:47:36] <예수님 (meoniya)> 귀여워 ㅋㅋㅋㅋㅋㅋㅋㅋ
[2021-12-10 22:47:41] <%하링에게만고백왕 (hgs5980)> 아니 뭐 그리 터프하게 뜯어드세요
[2021-12-10 22:47:44] <난나의생로랑팬티냄새헠헠 (chosun27)> 근데 캉씨 실물로 보면 진짜 마름
[2021-12-10 22:47:45] <레디 (mose151)> 저때는 눕방하셨네요?
[2021-12-10 22:47:46] <밤껍질속애벌레 (sktghkdlxld12)> 쪽갈비임?
[2021-12-10 22:48:05] <난나의생로랑팬티냄새헠헠 (chosun27)> 그냥 말랐다고 해주세요
[2021-12-10 22:48:08] <%현생찾으러가는박쿠션 (parkcushion)> 암만봐도 말라보임
[2021-12-10 22:48:17] <%현생찾으러가는박쿠션 (parkcushion)> 굿
[2021-12-10 22:48:21] <난나의생로랑팬티냄새헠헠 (chosun27)> 캉난나 피들스틱 가면
[2021-12-10 22:48:23] <애기좌 (ditmzk4)> 우리 애기 맘마냠냠 해요?
[2021-12-10 22:48:38] <%현생찾으러가는박쿠션 (parkcushion)> ㅋㅋㅋㅋㅋㅋㅋㅋㅋㅋㅋ
[2021-12-10 22:48:48] <%난나보고몽정하면시류시류 (jae1165)> ㅋㅋㅋㅋ
[2021-12-10 22:48:50] <%현생찾으러가는박쿠션 (parkcushion)> 즉결처분을 고민하는 나
[2021-12-10 22:48:56] <레디 (mose151)> ㅋㅋㅋㅋㅋㅋㅋㅋㅋㅋㅋ
[2021-12-10 22:48:57] <난나의생로랑팬티냄새헠헠 (chosun27)> 경멸하는 표정 진짜 달달하다
[2021-12-10 22:49:06] <%난나보고몽정하면시류시류 (jae1165)> 경멸콘이 시급하다
[2021-12-10 22:49:11] <애기좌 (ditmzk4)> 이것도 못 받는 나 -->
[2021-12-10 22:49:13] <%$이제이드 (jadelee101)> ㅋㅅㅋ
[2021-12-10 22:49:16] <레디 (mose151)> 시그니쳐 표정하면 도망갈듯
[2021-12-10 22:49:24] <%난나보고몽정하면시류시류 (jae1165)> ㅋㅋㅋㅋㅋㅋㅋ
[2021-12-10 22:49:26] <%현생찾으러가는박쿠션 (parkcushion)> 야야 살살때려!
[2021-12-10 22:49:27] <%$이제이드 (jadelee101)> ㅋㅋㅋㅋㅋㅋㅋㅋㅋㅋㅋㅋㅋㅋㅋㅋㅋㅋㅋㅋㅋㅋㅋㅋㅋㅋㅋㅋ
[2021-12-10 22:49:29] <%$이제이드 (jadelee101)> ㅋㅋㅋㅋㅋㅋㅋㅋㅋㅋㅋㅋㅋㅋㅋㅋ
[2021-12-10 22:49:32] <%캉난나코에서나온밀면 (millmyeon)> ㅋㅋㅋㅋㅋㅋㅋㅋ n97aBUKBUK
[2021-12-10 22:49:33] <레디 (mose151)> ㅋㅋㅋㅋㅋㅋㅋㅋㅋㅋㅋ
[2021-12-10 22:49:33] <%하링에게만고백왕 (hgs5980)> 방댕이는 잘 안긁는단다
[2021-12-10 22:49:35] <%하링에게만고백왕 (hgs5980)> 배까지는 이해해
[2021-12-10 22:49:38] <난나의생로랑팬티냄새헠헠 (chosun27)> 나 말하는줄 알고 좀 쫄았네
[2021-12-10 22:49:40] <%$이제이드 (jadelee101)> n97aBUKBUK n97aBUKBUK n97aBUKBUK n97aBUKBUK
[2021-12-10 22:49:40] <%캉난나팬티같이훔치는지수 (pantihunterjisoo)> n97aBUKBUK n97aBUKBUK
[2021-12-10 22:49:44] <%난나보고몽정하면시류시류 (jae1165)> ㅋㅋㅋㅋㅋㅋㅋㅋㅋ
[2021-12-10 22:49:48] <%하링에게만고백왕 (hgs5980)> 내 이야기인줄알고 깜짝놀랫는데
[2021-12-10 22:49:53] <%하링에게만고백왕 (hgs5980)> 벅벅이 4번이라 아니였음
[2021-12-10 22:49:53] <애기좌 (ditmzk4)> 과대 망상 하지마소
[2021-12-10 22:49:54] <%현생찾으러가는박쿠션 (parkcushion)> n97aBUKBUK n97aBUKBUK
[2021-12-10 22:49:56] <파피루스 (caley0)> 난 왜 닭이 쪽갈비로 보이지??
[2021-12-10 22:50:13] <파피루스 (caley0)> 앗
[2021-12-10 22:50:20] <%난나보고몽정하면시류시류 (jae1165)> 팔로우안해도 채팅치게 해놨음?
[2021-12-10 22:50:24] <%$이제이드 (jadelee101)> 잘드신당
[2021-12-10 22:50:32] <%캉난나코에서나온밀면 (millmyeon)> ㅋㅋㅋㅋㅋㅋㅋㅋㅋㅋㅋㅋㅋㅋㅋ
[2021-12-10 22:50:33] <%현생찾으러가는박쿠션 (parkcushion)> ㅋㅌ
[2021-12-10 22:50:35] <%현생찾으러가는박쿠션 (parkcushion)> ㅋㅋㅋㅋㅋㅋㅋ
[2021-12-10 22:50:36] <%$이제이드 (jadelee101)> ㄹㅇㅋㅋ
[2021-12-10 22:50:39] <%캉난나코에서나온밀면 (millmyeon)> 개모태
[2021-12-10 22:50:39] <%현생찾으러가는박쿠션 (parkcushion)> ㅋㅋㅋㅋㅋㅋㅋㅋㅋㅋㅋㅋㅋ
[2021-12-10 22:50:40] <%난나보고몽정하면시류시류 (jae1165)> ㅋㅋㅋ
[2021-12-10 22:50:43] <%난나보고몽정하면시류시류 (jae1165)> 팩트검지검지
[2021-12-10 22:50:52] <%황금늘보 (neulbo)> 간장반양념반
[2021-12-10 22:50:53] <%$이제이드 (jadelee101)> 간장 양념 반반!
[2021-12-10 22:50:55] <%캉난나코에서나온밀면 (millmyeon)> 일단 소금은 입맛에 안맞는 나
[2021-12-10 22:50:55] <난나의생로랑팬티냄새헠헠 (chosun27)> 간장쪽갈비도 있구나
[2021-12-10 22:50:56] <레디 (mose151)> 내일은 무슨 게임해요?
[2021-12-10 22:51:00] <%현생찾으러가는박쿠션 (parkcushion)> 먹던맛이 최고임
[2021-12-10 22:51:00] <%그깟공놀이 (justballgame)> 난나님 마우스 잘 되요?
[2021-12-10 22:51:05] <%그깟공놀이 (justballgame)> 나 아까 저녁 먹느라 못봄
[2021-12-10 22:51:11] <%$이제이드 (jadelee101)> ㅔㅔ
[2021-12-10 22:51:19] <%황금늘보 (neulbo)> 포탈 엔딩
[2021-12-10 22:51:23] <난나의생로랑팬티냄새헠헠 (chosun27)> 내일 스울가서 방송 못보는데 눈물나올거같애
[2021-12-10 22:51:25] <%황금늘보 (neulbo)> ㅋㅋㅋㅋㅋㅋㅋㅋㅋㅋ
[2021-12-10 22:51:27] <%$이제이드 (jadelee101)> 포탈 물구나무!
[2021-12-10 22:51:30] <%$이제이드 (jadelee101)> ㅋㅋㅋㅋㅋㅋㅋㅋㅋㅋㅋㅋㅋㅋㅋㅋㅋㅋㅋㅋㅋㅋㅋㅋㅋㅋㅋㅋㅋㅋ
[2021-12-10 22:51:30] <%황금늘보 (neulbo)> 다 왔어!
[2021-12-10 22:51:35] <%그깟공놀이 (justballgame)> 죽이고 싶은 능지지 포탈과 10선
[2021-12-10 22:51:39] <%현생찾으러가는박쿠션 (parkcushion)> 아 맞네 포탈도 많이하셨지
[2021-12-10 22:51:41] <애기좌 (ditmzk4)> 애기 귀걸이 유니크하다~ 모야? 이쁘네
[2021-12-10 22:51:44] <%현생찾으러가는박쿠션 (parkcushion)> 포탈 몇챕이었죠?
[2021-12-10 22:51:47] <%현생찾으러가는박쿠션 (parkcushion)> 9챕이었나
[2021-12-10 22:51:51] <난나의생로랑팬티냄새헠헠 (chosun27)> 갔어..
[2021-12-10 22:51:56] <%캉난나가먹다버린두리안 (aapunch)> 난나님 장갑끼고 쪽갈비뜯으시니까 전문가같아요
[2021-12-10 22:52:00] <%캉난나전용알몸메이드단신 (dans1n)> 최후의 변론 ㄷㄷ
[2021-12-10 22:52:05] <%난나보고몽정하면시류시류 (jae1165)> ㅋㅋㅋㅋ
[2021-12-10 22:52:06] <%$이제이드 (jadelee101)> 마지막으로 할말
[2021-12-10 22:52:07] <%그깟공놀이 (justballgame)> '최후변론'
[2021-12-10 22:52:08] <%현생찾으러가는박쿠션 (parkcushion)> 발골전문가 ㄷㄷ
[2021-12-10 22:52:08] <난나의생로랑팬티냄새헠헠 (chosun27)> 자 마피아 최후의 변론
[2021-12-10 22:52:10] <%얻어탄탑승자 (b1ue_light_)> ㅋㅋㅋㅋㅋㅋ
[2021-12-10 22:52:12] <%현생찾으러가는박쿠션 (parkcushion)> "최후의 변론"
[2021-12-10 22:52:13] <%황금늘보 (neulbo)> "대답"
[2021-12-10 22:52:13] <%난나보고몽정하면시류시류 (jae1165)> 대답
[2021-12-10 22:52:14] <레디 (mose151)> 대답!
[2021-12-10 22:52:16] <%$이제이드 (jadelee101)> 안하네?
[2021-12-10 22:52:18] <난나의생로랑팬티냄새헠헠 (chosun27)> 컽
[2021-12-10 22:52:19] <%그깟공놀이 (justballgame)> "대답!"
[2021-12-10 22:52:19] <%얻어탄탑승자 (b1ue_light_)> 애긔좌는 유명해서 벤당한 곳도 좀 있어
[2021-12-10 22:52:24] <%캉난나팬티같이훔치는지수 (pantihunterjisoo)> 런!
[2021-12-10 22:52:25] <레디 (mose151)> 어허 대답!
[2021-12-10 22:52:26] <%그깟공놀이 (justballgame)> 대답?
[2021-12-10 22:52:27] <%현생찾으러가는박쿠션 (parkcushion)> 좀 유명하긴해
[2021-12-10 22:52:27] <%얻어탄탑승자 (b1ue_light_)> 항상 저래
[2021-12-10 22:52:27] <%$이제이드 (jadelee101)> 아 어그로 많이 끌고다니는구나
[2021-12-10 22:52:31] <애기좌 (ditmzk4)> ?
[2021-12-10 22:52:32] <@%^빵_떡 (bbangddeock)> bbangd1Un
[2021-12-10 22:52:36] <애기좌 (ditmzk4)> 몰?루
[2021-12-10 22:52:38] <%얻어탄탑승자 (b1ue_light_)> 바뀌길 바라지마
[2021-12-10 22:52:40] <%그깟공놀이 (justballgame)> ㅋㅋㅋㅋㅋㅋㅋㅋㅋㅋㅋ
[2021-12-10 22:52:42] BAN: ditmzk4 (600s)
[2021-12-10 22:52:42] <%난나보고몽정하면시류시류 (jae1165)> 가버렷
[2021-12-10 22:52:42] <%황금늘보 (neulbo)> ㅋㅋㅋㅋㅋㅋㅋㅋㅋ
[2021-12-10 22:52:42] BAN: ditmzk4
[2021-12-10 22:52:42] <난나의생로랑팬티냄새헠헠 (chosun27)> 염소야 가라
[2021-12-10 22:52:44] <%$이제이드 (jadelee101)> ㅋㅋ잘가
[2021-12-10 22:52:46] <%$이제이드 (jadelee101)> ㅋㅋㅋㅋㅋㅋㅋㅋㅋㅋㅋ
[2021-12-10 22:52:48] <%현생찾으러가는박쿠션 (parkcushion)> 옛날에 디코방도 들어갔었다던데 ㅋㅋ
[2021-12-10 22:52:55] <%$이제이드 (jadelee101)> 이방에서 밴당하기도 쉽지않은데
[2021-12-10 22:52:55] <%그깟공놀이 (justballgame)> 시간과 정신의 방에 입성한 나
[2021-12-10 22:52:55] <%난나보고몽정하면시류시류 (jae1165)> 많이본닉이네
[2021-12-10 22:53:05] <%난나보고몽정하면시류시류 (jae1165)> 아뇨
[2021-12-10 22:53:08] <%난나보고몽정하면시류시류 (jae1165)> 밴다른데서도 당함
[2021-12-10 22:53:10] <%$이제이드 (jadelee101)> 걍 관종짓 하는거지 뭐
[2021-12-10 22:53:11] <%현생찾으러가는박쿠션 (parkcushion)> 다 똑같은 반응임
[2021-12-10 22:53:15] <%얻어탄탑승자 (b1ue_light_)> 그냥 한번 드립 받아주고 넘기는거지뭐
[2021-12-10 22:53:15] <%황금늘보 (neulbo)> 한명 봤음
[2021-12-10 22:53:16] <%그깟공놀이 (justballgame)> 그냥 관심이 고픈 아이일뿐
[2021-12-10 22:53:20] <%$이제이드 (jadelee101)> 관심이 필요한거지~
[2021-12-10 22:53:24] <%그깟공놀이 (justballgame)> What a huge nose!
[2021-12-10 22:53:25] <난나의생로랑팬티냄새헠헠 (chosun27)> 난 다른방을 이제 잘 못가겠는걸
[2021-12-10 22:53:32] <%$이제이드 (jadelee101)> 난 근데 저 밴보다 쪽갈비가 더 부럽다
[2021-12-10 22:53:41] <난나의생로랑팬티냄새헠헠 (chosun27)> 헉
[2021-12-10 22:53:45] <%황금늘보 (neulbo)> 오
[2021-12-10 22:53:46] <%크라베이더 (kim6755)> ㅋㅋㅋ
[2021-12-10 22:53:47] <%황금늘보 (neulbo)> 나가렴
[2021-12-10 22:53:48] <%$이제이드 (jadelee101)> 와
[2021-12-10 22:53:49] <%캉난나전용알몸메이드단신 (dans1n)> ㄷㄷ
[2021-12-10 22:53:49] <%크라베이더 (kim6755)> 저건컬
[2021-12-10 22:53:52] <%그깟공놀이 (justballgame)> 얘 부캐 팠니?
[2021-12-10 22:53:53] <난나의생로랑팬티냄새헠헠 (chosun27)> 오~
[2021-12-10 22:53:55] <%캉난나가먹다버린두리안 (aapunch)> ㅋㅋㅋㅋㅋ
[2021-12-10 22:54:01] <%$이제이드 (jadelee101)> 채팅칠수있니?
[2021-12-10 22:54:07] <%난나보고몽정하면시류시류 (jae1165)> ㅋㅋㅋㅋ
[2021-12-10 22:54:10] <%현생찾으러가는박쿠션 (parkcushion)> ㅎㄷㄷ
[2021-12-10 22:54:14] <난나의생로랑팬티냄새헠헠 (chosun27)> 채팅을 안치는걸 보니 인증을 안했나봐
[2021-12-10 22:54:15] <%$이제이드 (jadelee101)> 근데 휴대폰 인증하면 다른 부계로 와도 채팅 칠수 있나
[2021-12-10 22:54:22] <%난나보고몽정하면시류시류 (jae1165)> ㅋㅋㅋㅋㅋ
[2021-12-10 22:54:22] <%황금늘보 (neulbo)> 저 아이디로 인증하면 인정한다
[2021-12-10 22:54:26] <%현생찾으러가는박쿠션 (parkcushion)> 폰 같아도 될걸요?
[2021-12-10 22:54:30] <%현생찾으러가는박쿠션 (parkcushion)> 잘 모름 엌
[2021-12-10 22:54:32] <%난나보고몽정하면시류시류 (jae1165)> 부계도가능함?
[2021-12-10 22:54:34] <%난나보고몽정하면시류시류 (jae1165)> 다르지않나
[2021-12-10 22:54:38] <부쉬드 (kovie2002)> 닉네임 조심 해야되요 어떤 트수는 야한 닉네임이어서 트위치에서 정지 먹었데요
[2021-12-10 22:54:44] <난나의생로랑팬티냄새헠헠 (chosun27)> 헉
[2021-12-10 22:54:47] <난나의생로랑팬티냄새헠헠 (chosun27)> 나 어떡해
[2021-12-10 22:54:49] <%난나보고몽정하면시류시류 (jae1165)> 그래서 다른방을 못가요
[2021-12-10 22:54:49] <%황금늘보 (neulbo)> 벌써 우리꺼 몇개 보냈나봐
[2021-12-10 22:54:50] <%캉난나보자마_자몽_정 (lizzarmong)> ㅜ
[2021-12-10 22:54:51] <%황금늘보 (neulbo)> 큰일났네
[2021-12-10 22:54:52] <%$이제이드 (jadelee101)> ㅇ0ㅇ
[2021-12-10 22:54:53] <%그깟공놀이 (justballgame)> 핸드폰 인증 타면 그때부터는 현실 고소미 가능하다맨이야!
[2021-12-10 22:54:54] <%결국종착역은에짱인박쿠션 (final_stop_ezzang)> 현명하다맨이야
[2021-12-10 22:54:56] <%캉난나보자마_자몽_정 (lizzarmong)> 나 정지되는거야? ㅠ
[2021-12-10 22:55:01] <%캉난나코에서나온밀면 (millmyeon)> 코에서 나온건 봐줄거죠? 트위치치님 ㅠ,ㅠ
[2021-12-10 22:55:02] <%캉난나전용알몸메이드단신 (dans1n)> ㅜㅜ
[2021-12-10 22:55:02] <%하링에게만고백왕 (hgs5980)> ??
[2021-12-10 22:55:05] <%난나보고몽정하면시류시류 (jae1165)> 난 큰일이네
[2021-12-10 22:55:16] <난나의생로랑팬티냄새헠헠 (chosun27)> 콩쥐가.. ㅈ돼써...
[2021-12-10 22:55:17] <%난나보고몽정하면시류시류 (jae1165)> 어떡하냐
[2021-12-10 22:55:18] <%하링에게만고백왕 (hgs5980)> 나 신고하지마요...
[2021-12-10 22:55:19] <%캉난나전용알몸메이드단신 (dans1n)> 제 pdf는 휴지통에 넣어주세요
[2021-12-10 22:55:20] <%결국종착역은에짱인박쿠션 (final_stop_ezzang)> ㄷㄷ
[2021-12-10 22:55:20] <%그깟공놀이 (justballgame)> 헉 데스노트
[2021-12-10 22:55:20] <%$이제이드 (jadelee101)> 나도 아이디 한번 신고 한적 있는데 바로 밴 때리더라
[2021-12-10 22:55:22] <%캉난나보자마_자몽_정 (lizzarmong)> '나 신고하려고 닉 이걸로 해준거야? ㅠ
[2021-12-10 22:55:23] <%난나보고몽정하면시류시류 (jae1165)> 한번만 봐주쇼
[2021-12-10 22:55:28] <%$이제이드 (jadelee101)> 변호사한테 연락갈듯 ㅋㅋㅋ
[2021-12-10 22:55:30] <%황금늘보 (neulbo)> 전화오면 장난전화 하지말라해야지 ㅋㅋ
[2021-12-10 22:55:33] <%그깟공놀이 (justballgame)> 안산상록경찰서로 출두맨이야
[2021-12-10 22:55:34] <%난나보고몽정하면시류시류 (jae1165)> 피치못할사정이있었습니다
[2021-12-10 22:55:35] <%$이제이드 (jadelee101)> ㅋㅋㅋㅋㅋㅋㅋㅋㅋㅋㅋㅋㅋㅋㅋㅋㅋㅋㅋㅋㅋㅋㅋㅋㅋㅋㅋㅋㅋㅋㅋㅋㅋㅋㅋㅋㅋㅋㅋㅋㅋㅋㅋ
[2021-12-10 22:55:35] <%dh2____> 오늘도 돈앤닥스 쪽갈비 인가요
[2021-12-10 22:55:37] <%하링에게만고백왕 (hgs5980)> 그럼 경찰서 팬미팅임?
[2021-12-10 22:55:37] <%결국종착역은에짱인박쿠션 (final_stop_ezzang)> ㅋㅋㅋㅋㅋㅋㅋㅋㅋㅋㅋㅋㅋㅋㅋㅋㅋㅋㅋㅋㅋ
[2021-12-10 22:55:39] <난나의생로랑팬티냄새헠헠 (chosun27)> 나 신고당하면 이 닉 경찰서에서 어떻게 읽냐고
[2021-12-10 22:55:41] <%난나보고몽정하면시류시류 (jae1165)> 한번봐주쇼
[2021-12-10 22:55:41] <난나의생로랑팬티냄새헠헠 (chosun27)> ㅠ,ㅠ....
[2021-12-10 22:55:48] <%난나보고몽정하면시류시류 (jae1165)> 닉을어떻게읽어
[2021-12-10 22:55:49] <%$이제이드 (jadelee101)> 정신 나갈거같아 닉들 ㅋㅋㅋㅋㅋㅋㅋㅋㅋㅋㅋㅋㅋ
[2021-12-10 22:55:52] <%결국종착역은에짱인박쿠션 (final_stop_ezzang)> 유치장 데이트 ㅎㄷㄷ
[2021-12-10 22:55:53] <%하링에게만고백왕 (hgs5980)> 저 신고좀
[2021-12-10 22:55:53] <%난나보고몽정하면시류시류 (jae1165)> 경찰이 이닉읽어주면 자살할꺼야
[2021-12-10 22:55:57] <%캉난나보자마_자몽_정 (lizzarmong)> 닉네임이뭐라고요?
[2021-12-10 22:56:00] <%캉난나보자마_자몽_정 (lizzarmong)> 하...
[2021-12-10 22:56:00] <%캉난나가먹다버린두리안 (aapunch)> 몇시까지 모이면되나요?
[2021-12-10 22:56:04] <%그깟공놀이 (justballgame)> 닥앤돈스 우리동네는 언제 생겨 에이씨
[2021-12-10 22:56:07] <%캉난나보자마_자몽_정 (lizzarmong)> 죽여줘
[2021-12-10 22:56:13] <난나의생로랑팬티냄새헠헠 (chosun27)> 국밥 먹나요?
[2021-12-10 22:56:22] <난나의생로랑팬티냄새헠헠 (chosun27)> 에이씨
[2021-12-10 22:56:25] <난나의생로랑팬티냄새헠헠 (chosun27)> 재미없어
[2021-12-10 22:56:25] <%dh2____> 올때 메로나 지참
[2021-12-10 22:56:32] <%결국종착역은에짱인박쿠션 (final_stop_ezzang)> 짜장면 국룰 ㄷ'
[2021-12-10 22:56:37] <%캉난나가먹다버린두리안 (aapunch)> 전 짬뽕
[2021-12-10 22:56:42] <난나의생로랑팬티냄새헠헠 (chosun27)> 덜매운걸로 시킨거아님?
[2021-12-10 22:56:46] <%크라베이더 (kim6755)> 사장님손맛이 변하셨나
[2021-12-10 22:56:46] <난나의생로랑팬티냄새헠헠 (chosun27)> 전 2단계로 시켰는데 맵던데
[2021-12-10 22:56:47] <%난나보고몽정하면시류시류 (jae1165)> 원래매움?
[2021-12-10 22:57:08] <%결국종착역은에짱인박쿠션 (final_stop_ezzang)> 금요일이라 바쁜가봄
[2021-12-10 22:57:12] <+2NPC> 맛있겠다 ㅠㅠ
[2021-12-10 22:57:14] <%캉난나가먹다버린두리안 (aapunch)> 너무자주먹어서 감각이 없어진 나
[2021-12-10 22:57:29] <난나의생로랑팬티냄새헠헠 (chosun27)> 이제는 미세한 맛까지 감별해내는 지경에 다다른 나
[2021-12-10 22:57:32] <%캉난나보자마_자몽_정 (lizzarmong)> 그 손에 아대낀거 쪽갈비 먹으려고 긴거구나
[2021-12-10 22:57:37] <%결국종착역은에짱인박쿠션 (final_stop_ezzang)> 초심을 잃어버린 닭엔돈스인가 뭔가 그거
[2021-12-10 22:57:37] <%난나보고몽정하면시류시류 (jae1165)> ㅋㅋㅋㅋ
[2021-12-10 22:57:39] <%다크열제 (dkwing80)> 주방장 바꿨다.. 이제 맛없다
[2021-12-10 22:57:39] <레디 (mose151)> 카트 져서 입맛이 변한게 아닐까요?
[2021-12-10 22:57:51] <+2NPC> 살찌는건 별로 신경 안쓰시나봐요
[2021-12-10 22:57:53] <%그깟공놀이 (justballgame)> '닥엔돈스 품질관리팀'
[2021-12-10 22:58:03] <%결국종착역은에짱인박쿠션 (final_stop_ezzang)> 닥엔돈스 ㄷㄷ
[2021-12-10 22:58:19] <%현생찾으러가는박쿠션 (parkcushion)> ㅎㄷㄷ
[2021-12-10 22:58:33] <%$이제이드 (jadelee101)> 라이언 커엽
[2021-12-10 22:58:47] <난나의생로랑팬티냄새헠헠 (chosun27)> 난나님 저도 난나님이 가지ㅏ고 있는 외계인선글라스 사려고하는데 만족감 어떠신가요
[2021-12-10 22:59:01] <부쉬드 (kovie2002)> 유지어터 이시네요
[2021-12-10 22:59:03] <난나의생로랑팬티냄새헠헠 (chosun27)> 멋있잖아요
[2021-12-10 22:59:07] <%황금늘보 (neulbo)> 멋있긴해
[2021-12-10 22:59:09] <%그깟공놀이 (justballgame)> 그 꼴받는 선글라스?
[2021-12-10 22:59:10] <%$이제이드 (jadelee101)> ㄹㅇㅋㅋ
[2021-12-10 22:59:16] <%캉난나코에서나온밀면 (millmyeon)> 8비트 선글라스?
[2021-12-10 22:59:25] <부쉬드 (kovie2002)> 저도 그런데
[2021-12-10 22:59:30] <%$이제이드 (jadelee101)> ㅋㅋㅋㅋㅋㅋㅋㅋㅋㅋ
[2021-12-10 22:59:32] <%난나보고몽정하면시류시류 (jae1165)> ㅋㅋㅋㅋ
[2021-12-10 22:59:34] <난나의생로랑팬티냄새헠헠 (chosun27)> 정말 너무나도 멋져
[2021-12-10 22:59:34] <+2NPC> 어????
[2021-12-10 22:59:35] <%황금늘보 (neulbo)> ㅈㄴ멋져!
[2021-12-10 22:59:38] <%$이제이드 (jadelee101)> ㅋㅋㅋㅋㅋㅋㅋㅋㅋㅋㅋㅋㅋㅋㅋㅋㅋㅋㅋㅋㅋㅋㅋㅋㅋㅋ
[2021-12-10 22:59:40] <%난나보고몽정하면시류시류 (jae1165)> 캬
[2021-12-10 22:59:41] <%$이제이드 (jadelee101)> 와 엄청난 미인
[2021-12-10 22:59:45] <%그깟공놀이 (justballgame)> 군침이 싸악
[2021-12-10 22:59:45] <%난나보고몽정하면시류시류 (jae1165)> ㅋㅋㅋㅋㅋㅋㅋ
[2021-12-10 22:59:50] <%$이제이드 (jadelee101)> 군침이 싸악 도네
[2021-12-10 22:59:51] <+2NPC> 어?? 버퍼링 언제 5천 포인트 된거에요??
[2021-12-10 22:59:52] <%개그방송만팔로우 (likeyp82)> ㄷㄷ
[2021-12-10 22:59:53] <난나의생로랑팬티냄새헠헠 (chosun27)> 진짜 개멋있다
[2021-12-10 22:59:53] <%$봄틀 (94_bearbear)> 캉하
[2021-12-10 22:59:57] <%난나보고몽정하면시류시류 (jae1165)> 전혀위화감이없네
[2021-12-10 23:00:00] <%$봄틀 (94_bearbear)> 군침이 싹도는 선글라스끼셧네
[2021-12-10 23:00:04] <+2NPC> 내 삶의 낙이었는데.....
[2021-12-10 23:00:06] <%난나보고몽정하면시류시류 (jae1165)> 외계에서 오셨어요?
[2021-12-10 23:00:14] <%캉난나코에서나온밀면 (millmyeon)> ㅋㅋㅋㅋㅋㅋㅋㅋ
[2021-12-10 23:00:16] <%$봄틀 (94_bearbear)> 군침이 싹도누~
[2021-12-10 23:00:20] <%개그방송만팔로우 (likeyp82)> ㅋㅋㅋㅋㅋㅋ
[2021-12-10 23:00:25] <%포켓남238 (teddy_bk00)> 오모나 이게 머야
[2021-12-10 23:00:27] <%난나보고몽정하면시류시류 (jae1165)> 사유서 제출하면 검토해주시나보네
[2021-12-10 23:00:28] <%$봄틀 (94_bearbear)> 루피가 된 나
[2021-12-10 23:00:29] <%$이제이드 (jadelee101)> 그래야 포인트가 활성화 되잖아여
[2021-12-10 23:00:29] <난나의생로랑팬티냄새헠헠 (chosun27)> 저거 쓰고 성수동 가면 관심 좀 끌 수 있나요?
[2021-12-10 23:00:33] <%캉난나가먹다버린두리안 (aapunch)> 어느 행성 출신이신가요?
[2021-12-10 23:00:36] <+2NPC> 1. 기왕 만들어 놓은거 이용률을 높이기 위해서는 가격을 낮추는게 좋다고 생각합니다.
[2021-12-10 23:00:37] <%$이제이드 (jadelee101)> 포인트 경제 활성화
[2021-12-10 23:00:37] <%포켓남238 (teddy_bk00)> 어느별에서 왔니?
[2021-12-10 23:00:43] <%개그방송만팔로우 (likeyp82)> 홍하
[2021-12-10 23:00:48] <%$봄틀 (94_bearbear)> 캉난나컴퍼니에서는 사유서를 제출하면 검토 를! 해준답니다
[2021-12-10 23:00:54] <%난나보고몽정하면시류시류 (jae1165)> 검토 를!
[2021-12-10 23:00:59] <난나의생로랑팬티냄새헠헠 (chosun27)> 어?
[2021-12-10 23:01:00] <%그깟공놀이 (justballgame)> 도지 어디갔어요
[2021-12-10 23:01:01] <%$하링보고밑에가흐르뀨 (dhfhfhtgl)> 도지타고 오셧나요
[2021-12-10 23:01:02] <난나의생로랑팬티냄새헠헠 (chosun27)> 우리 동향사람 이었네
[2021-12-10 23:01:25] <%캉난나전용알몸메이드단신 (dans1n)> 1. 버퍼링은 중요한 순간에 화면을 잠시 멈추는 기능을 함으로서, 방송의 재미를 살릴 수 있습니다. / 2. 버퍼링의 가격이 높아짐으로써 방송을 오래 못 본 신입들은 사용 기회가 현저히 줄어듭니다. / 3. 포인트를 얻기 위해 방장님의 방송을 오래 봄으로서 고정 시청자의 증가를 기대할 수 있습니다.
[2021-12-10 23:01:30] <%난나보고몽정하면시류시류 (jae1165)> 3줄요약좀
[2021-12-10 23:01:30] <난나의생로랑팬티냄새헠헠 (chosun27)> ㄷㄷㄷㄷㄷㄷㄷㄷㄷㄷ
[2021-12-10 23:01:31] <%$봄틀 (94_bearbear)> 캬
[2021-12-10 23:01:33] <레디 (mose151)> ㅎㄷㄷ
[2021-12-10 23:01:36] <%난나보고몽정하면시류시류 (jae1165)> 캉씨는 3줄이상못읽는단다
[2021-12-10 23:01:38] <%그깟공놀이 (justballgame)> 만찬조이고
[2021-12-10 23:01:44] <pcs7420> 그래서 평소에 실없이 웃으시는건가 ㄷㄷ
[2021-12-10 23:01:49] <@%^빵_떡 (bbangddeock)> 어서오세요 아직 팔로우 안하셨다면 팔로우 부탁해요 °˖✧◝(⁰▿⁰)◜✧˖°
[2021-12-10 23:01:54] <%캉난나코에서나온밀면 (millmyeon)> 와
[2021-12-10 23:01:55] <%$이제이드 (jadelee101)> 캬
[2021-12-10 23:01:58] <%$이제이드 (jadelee101)> 저정도면 인정이지
[2021-12-10 23:01:59] <+2NPC> 넘모 타당하다
[2021-12-10 23:02:02] <%캉난나코에서나온밀면 (millmyeon)> 설득력이...있어!
[2021-12-10 23:02:03] <+2NPC> 낮춰야 겠네요
[2021-12-10 23:02:08] <%$이제이드 (jadelee101)> 쓰더놈
[2021-12-10 23:02:08] <난나의생로랑팬티냄새헠헠 (chosun27)> 캉난나. 내 삶의 빛이요, 내 생명의 불꽃. 나의 죄, 나의 영혼.
[2021-12-10 23:02:09] <%캉난나전용알몸메이드단신 (dans1n)> 국문과다맨이야
[2021-12-10 23:02:12] <%그깟공놀이 (justballgame)> 자소설 좀 쓰더놈
[2021-12-10 23:02:16] <%$이제이드 (jadelee101)> 땅땅땅
[2021-12-10 23:02:17] <%캉난나전용알몸메이드단신 (dans1n)> 저런..
[2021-12-10 23:02:17] <%난나보고몽정하면시류시류 (jae1165)> 와
[2021-12-10 23:02:23] <%$이제이드 (jadelee101)> 결재완료
[2021-12-10 23:02:23] <%the_brilliant_one> 캉씨 안녕하소!
[2021-12-10 23:02:23] <+2NPC> 와!
[2021-12-10 23:02:24] <%캉난나코에서나온밀면 (millmyeon)> 5천포면 모을 때 포기하지만 500포면 방송 보면서 모으지 ㅇㅈ이야
[2021-12-10 23:02:33] <+2NPC> 3포인트! 넘모 좋아요!!
[2021-12-10 23:02:33] <%야코프 (yakov0906)> 논술좀 쓰더놈인가봐
[2021-12-10 23:02:40] <난나의생로랑팬티냄새헠헠 (chosun27)> 더 내려줘잉
[2021-12-10 23:02:47] <+2NPC> 3포라고 말씀하시는거 맞죠??
[2021-12-10 23:02:47] <%the_brilliant_one> 자기가 4딸란줄 아나봐!
[2021-12-10 23:02:48] <%난나보고몽정하면시류시류 (jae1165)> 700포
[2021-12-10 23:02:50] <%$이제이드 (jadelee101)> ㅋㅋㅋㅋㅋㅋㅋㅋㅋㅋㅋㅋㅋㅋㅋㅋㅋㅋㅋㅋㅋㅋㅋㅋㅋㅋㅋ
[2021-12-10 23:02:54] <%캉난나코에서나온밀면 (millmyeon)> 캉하
[2021-12-10 23:02:56] <%$이제이드 (jadelee101)> ㅋㅋㅋㅋㅋㅋㅋㅋㅋㅋㅋㅋㅋㅋㅋㅋㅋㅋㅋㅋㅋㅋㅋㅋㅋㅋㅋㅋㅋ
[2021-12-10 23:02:58] <%$이제이드 (jadelee101)> ㅋㅌㄱㅁㅎ
[2021-12-10 23:02:59] <%캉난나코에서나온밀면 (millmyeon)> ㅋㅋㅋㅋㅋㅋㅋㅋㅋㅋㅋㅋㅋㅋㅋ
[2021-12-10 23:03:01] <%그깟공놀이 (justballgame)> 카트 개못함
[2021-12-10 23:03:02] <난나의생로랑팬티냄새헠헠 (chosun27)> 헉 너무 무서워
[2021-12-10 23:03:15] <%the_brilliant_one> 자기가 양희은인줄 아는 나
[2021-12-10 23:03:45] [Notification] 캉난나전용알몸메이드단신 subscribed at Tier 1. They've subscribed for 4 months, currently on a 4 month streak! [할인 "해줘"]
[2021-12-10 23:03:56] <%캉난나코에서나온밀면 (millmyeon)> ㅋㅋㅋㅋㅋㅋㅋㅋ
[2021-12-10 23:04:00] <%the_brilliant_one> n97aBUKBUK n97aBUKBUK
[2021-12-10 23:04:02] <%$이제이드 (jadelee101)> 해줘 뿌뿌
[2021-12-10 23:04:06] <난나의생로랑팬티냄새헠헠 (chosun27)> 더 해줘. 할인.
[2021-12-10 23:04:11] <%캉난나전용알몸메이드단신 (dans1n)> n97aHAEJEO
[2021-12-10 23:04:24] <+2NPC> 질문이 하나 있는데 여쭤봐도 될까요?
[2021-12-10 23:04:27] <난나의생로랑팬티냄새헠헠 (chosun27)> 오예
[2021-12-10 23:04:32] <%캉난나전용알몸메이드단신 (dans1n)> 야호~
[2021-12-10 23:04:39] <난나의생로랑팬티냄새헠헠 (chosun27)> 무 야 호 ~~~~~~~~~~~
[2021-12-10 23:04:44] <%캉난나전용알몸메이드단신 (dans1n)> 당신의 넓은 아량으로 낮아진 포인트는 신입 시청자들에게 더없는 기쁨이 될 것입니다.
[2021-12-10 23:04:46] <%$이제이드 (jadelee101)> ㅋㅋㅋㅋㅋㅋㅋㅋㅋㅋㅋㅋㅋㅋㅋㅋㅋㅋㅋㅋㅋㅋㅋㅋㅋ
[2021-12-10 23:04:46] <+2NPC> 네
[2021-12-10 23:04:52] <%현생찾으러가는박쿠션 (parkcushion)> 공손트수 ㅋㅋㅋ
[2021-12-10 23:04:52] <%난나보고몽정하면시류시류 (jae1165)> ㅋㅋㅋㅋㅋㅋ
[2021-12-10 23:04:59] <난나의생로랑팬티냄새헠헠 (chosun27)> 이래놓고 진짜 물어보면 밴함
[2021-12-10 23:05:01] <난나의생로랑팬티냄새헠헠 (chosun27)> 제가 당해봄 ㅇㅇ;
[2021-12-10 23:05:03] <%$이제이드 (jadelee101)> 조심하삼
[2021-12-10 23:05:04] <%난나보고몽정하면시류시류 (jae1165)> 칼차단을 하는 나
[2021-12-10 23:05:13] <%현생찾으러가는박쿠션 (parkcushion)> 장난이 장난같지?
[2021-12-10 23:05:15] <+2NPC> 몇일전에 3분아봉 1만포인트짜리를 썼거든요
[2021-12-10 23:05:23] <+2NPC> 근데 방장님이 못봤어요
[2021-12-10 23:05:26] <%캉난나전용알몸메이드단신 (dans1n)> 헉
[2021-12-10 23:05:26] <%현생찾으러가는박쿠션 (parkcushion)> 아앗
[2021-12-10 23:05:28] <%캉난나전용알몸메이드단신 (dans1n)> 그런 슬픈 일이..
[2021-12-10 23:05:29] <%난나보고몽정하면시류시류 (jae1165)> 헉
[2021-12-10 23:05:29] <난나의생로랑팬티냄새헠헠 (chosun27)> 또 못봤네
[2021-12-10 23:05:31] <%캉난나가먹다버린두리안 (aapunch)> 헉
[2021-12-10 23:05:33] <%$이제이드 (jadelee101)> 헉
[2021-12-10 23:05:34] <+2NPC> 그럼 그냥 끝인거에요?
[2021-12-10 23:05:35] <%현생찾으러가는박쿠션 (parkcushion)> 헉
[2021-12-10 23:05:40] <난나의생로랑팬티냄새헠헠 (chosun27)> 네
[2021-12-10 23:05:45] <%캉난나코에서나온밀면 (millmyeon)> ㅖ
[2021-12-10 23:05:47] <난나의생로랑팬티냄새헠헠 (chosun27)> 방장 맘입니다
[2021-12-10 23:05:47] <%캉난나전용알몸메이드단신 (dans1n)> 즉시 환불해드립니다
[2021-12-10 23:05:57] <+2NPC> 일단 4명이 제 질문에 답했어요
[2021-12-10 23:06:00] <%캉난나코에서나온밀면 (millmyeon)> 마음 넓은 방장님이 환불해줄거에요
[2021-12-10 23:06:10] <+2NPC> 저 사람들 밴해주세요
[2021-12-10 23:06:11] <%캉난나전용알몸메이드단신 (dans1n)> 헉
[2021-12-10 23:06:16] <%캉난나가먹다버린두리안 (aapunch)> 헉
[2021-12-10 23:06:18] <%난나보고몽정하면시류시류 (jae1165)> 헉
[2021-12-10 23:06:21] <%캉난나코에서나온밀면 (millmyeon)> 간다 ㅠ,ㅠ
[2021-12-10 23:06:25] <%캉난나가먹다버린두리안 (aapunch)> 함정카드 ㄷㄷ
[2021-12-10 23:06:40] <난나의생로랑팬티냄새헠헠 (chosun27)> 오예 밴이다
[2021-12-10 23:06:42] <%야코프 (yakov0906)> ?
[2021-12-10 23:06:43] <@%^빵_떡 (bbangddeock)> bbangd1Un
[2021-12-10 23:06:49] <%야코프 (yakov0906)> 누구벤이야?
[2021-12-10 23:06:52] <%현생찾으러가는박쿠션 (parkcushion)> GJR
[2021-12-10 23:06:52] <%$이제이드 (jadelee101)> ㄷㄷ
[2021-12-10 23:06:55] <+2NPC> ㅋㅋㅋㅋㅋㅋ
[2021-12-10 23:06:57] <난나의생로랑팬티냄새헠헠 (chosun27)> 밴 "해줘"
[2021-12-10 23:06:58] <%캉난나전용알몸메이드단신 (dans1n)> 아찔하다..
[2021-12-10 23:06:58] <%$이제이드 (jadelee101)> ㄷㄷㄷㄷㄷㄷㄷㄷㄷ
[2021-12-10 23:07:01] <%난나보고몽정하면시류시류 (jae1165)> 긍정적검토
[2021-12-10 23:07:05] <%야코프 (yakov0906)> 닼소하고왔는데 벤인가봐
[2021-12-10 23:07:14] <%$아조시손 (ajs_hand)> 캉하
[2021-12-10 23:07:15] <난나의생로랑팬티냄새헠헠 (chosun27)> 밴 언제 해주냐고 3번째 여쭤봅니다
[2021-12-10 23:07:17] <%현생찾으러가는박쿠션 (parkcushion)> 3일전이면 꽤밀려있는거아님?
[2021-12-10 23:07:25] <+2NPC> 그때 피곤에 쩔어 있을 때라서
[2021-12-10 23:07:34] <%캉난나전용알몸메이드단신 (dans1n)> 그럼 밴하죠
[2021-12-10 23:07:35] <%그깟공놀이 (justballgame)> 3일전이면 그땐 제정신이 아니었지
[2021-12-10 23:07:42] <+2NPC> 그냥 꿀꺽 해주세요
[2021-12-10 23:07:49] <%$아조시손 (ajs_hand)> ㅋㅋㅋㅋ
[2021-12-10 23:07:49] <%현생찾으러가는박쿠션 (parkcushion)> 기억 못함 >?>>>>
[2021-12-10 23:07:50] <%그깟공놀이 (justballgame)> 77ㅓ억
[2021-12-10 23:07:52] <%캉난나코에서나온밀면 (millmyeon)> 꺼-억
[2021-12-10 23:08:03] <+2NPC> 기억못할 가능성이 더 높죠?
[2021-12-10 23:08:09] <%$이제이드 (jadelee101)> ㅋㅋㅋㅋㅋㅋㅋㅋㅋㅋㅋㅋㅋㅋㅋㅋ
[2021-12-10 23:08:09] <난나의생로랑팬티냄새헠헠 (chosun27)> 아 이번에 106시간때 포인트 채굴 기회였는데 못했네 진짜 눈물나올거같다
[2021-12-10 23:08:19] <%$이제이드 (jadelee101)> 채굴해서 순식간에 2.4만됨
[2021-12-10 23:08:45] <난나의생로랑팬티냄새헠헠 (chosun27)> 자기가 무슨 2천평짜리 아파트에 사는줄 알아!
[2021-12-10 23:08:54] <+2NPC> 코 시원하게 파주세요
[2021-12-10 23:08:58] <+2NPC> 긁적긁적하지마시고
[2021-12-10 23:09:13] <%$이제이드 (jadelee101)> 코긁
[2021-12-10 23:09:14] <%캉난나전용알몸메이드단신 (dans1n)> 난나님은 집안일중에 뭐가 제일 귀찮으세요
[2021-12-10 23:09:25] <레디 (mose151)> 예~ 예~
[2021-12-10 23:14:52] <%하링보고밑에가디우르르 (diureureu)> 캉하난하나하
[2021-12-10 23:14:55] <파피루스 (caley0)> 무조건 설겆이지
[2021-12-10 23:15:01] <%얻어탄탑승자 (b1ue_light_)> 나는 설거지가 제일 좋은데
[2021-12-10 23:15:03] <%$이제이드 (jadelee101)> 귀찮긴하지
[2021-12-10 23:15:10] <파피루스 (caley0)> 설겆이 못이기지
[2021-12-10 23:16:17] <%캉난나전용알몸메이드단신 (dans1n)> ㅇㅎ
[2021-12-10 23:16:39] <%얻어탄탑승자 (b1ue_light_)> 우리는 운명인거 같아요
[2021-12-10 23:17:05] <+2NPC> 설거지 vs 설겆이
[2021-12-10 23:17:11] <%얻어탄탑승자 (b1ue_light_)> ㅖ
[2021-12-10 23:17:16] <파피루스 (caley0)> 잘됐으면좋겠다
[2021-12-10 23:17:21] <%얻어탄탑승자 (b1ue_light_)> 쥰내 단호해 ㅠㅠ
