# Log started: 2021-12-10 19:58:54 +0900
[2021-12-10 19:58:54] #nariddyang 채널 입장 중입니다
[2021-12-10 19:58:54] #nariddyang 채널에 입장했습니다
[2021-12-10 19:58:54] ~오늘은 짧방! (Just Chatting)~
[2021-12-10 19:59:07] <%ssanati> 뱃살보고 결정해야하나 ㅋㅋㅋㅋ
[2021-12-10 19:59:08] <조제호랑이 (wsx5602)> 혹시 방송하시는 분주실거면 꼭 알려주세요
[2021-12-10 19:59:33] <%ssanati> 다주 ㄱㄱ
[2021-12-10 19:59:36] <조제호랑이 (wsx5602)> ㅗㅜㅑ
[2021-12-10 19:59:47] <%팉이 (reconco91)> ㅋㅋㅋㅋㅋㅋㅋㅋㅋㅋㅋㅋㅋㅋㅋㅋㅋㅋ
[2021-12-10 19:59:49] <%팉이 (reconco91)> 다주님 ㅋㅋㅋㅋㅋㅋ
[2021-12-10 19:59:55] <%팉이 (reconco91)> 받고 살짝 당황하실지도? ㅋㅋ
[2021-12-10 20:00:09] <%ssanati> 갱맘?
[2021-12-10 20:00:18] <조제호랑이 (wsx5602)> ㄱㄴ
[2021-12-10 20:00:20] <%팉이 (reconco91)> 유튜브 편집자분 드리자
[2021-12-10 20:00:21] <%팉이 (reconco91)> ㅋㅋㅋㅋㅋㅋ
[2021-12-10 20:00:33] <%팉이 (reconco91)> ㅠㅠ
[2021-12-10 20:00:47] <%팉이 (reconco91)> 정 뭐 선물 주기 뭐하면
[2021-12-10 20:00:57] <%팉이 (reconco91)> 두벌 돌려입어야지..
[2021-12-10 20:01:11] <%팉이 (reconco91)> 어우
[2021-12-10 20:01:37] <조제호랑이 (wsx5602)> 근데 2벌이면 방장님도 방송에서 입으실거라는 뜻인가요?
[2021-12-10 20:01:49] <조제호랑이 (wsx5602)> 감사합니다ㅜㅠ
[2021-12-10 20:02:16] <%ssanati> 가벽 하시면 크로마키도 하시나요?
[2021-12-10 20:02:17] <%팉이 (reconco91)> ㅋㅋㅋㅋㅋㅋㅋㅋㅋ
[2021-12-10 20:02:32] <%팉이 (reconco91)> 게임방송할때 크로마키가 좋긴한데
[2021-12-10 20:02:36] <%팉이 (reconco91)> 덜가려서
[2021-12-10 20:02:40] <11원철 (sun91514)> 이제 여기도 마지막인가여?
[2021-12-10 20:02:58] <%팉이 (reconco91)> 근데 크로마키 셋팅 귀찮아하실꺼같아서 안하시는게 나을수도
[2021-12-10 20:02:59] <%ssanati> 뒤에 갔다오기 없어지겠네
[2021-12-10 20:03:02] <+psydaxm> Wow
[2021-12-10 20:03:31] <%삽질랜드 (yoonjy2k)> 백덤블링?
[2021-12-10 20:03:35] <%팬캐익 (leokim1126)> 새로운 스튜디오(?) 기대되네요 ㅋㅋㅋㅋㅋ
[2021-12-10 20:03:45] <%ssanati> 애교 ㄱ
[2021-12-10 20:03:46] <%팉이 (reconco91)> 천천히 생각하세여
[2021-12-10 20:03:46] <예론 (ratedseul)> 나리님 윤아+송선미 닮음
[2021-12-10 20:03:55] <조제호랑이 (wsx5602)> 물구나무서서 공중제비?
[2021-12-10 20:04:32] <조제호랑이 (wsx5602)> 감사합니다
[2021-12-10 20:04:34] <%팉이 (reconco91)> 공간 꽤 나오나보네여
[2021-12-10 20:04:36] <+psydaxm> Gamsahabnida nariddyang
[2021-12-10 20:04:39] <%ssanati> 아 화면 돌려도 넓어요?
[2021-12-10 20:04:46] <+psydaxm> ❤️
[2021-12-10 20:05:24] <+psydaxm> Salanghae
[2021-12-10 20:05:52] <%팉이 (reconco91)> 사람이 한번 눕고 꽤 남곘네여
[2021-12-10 20:06:17] <+psydaxm> Thank youuu
[2021-12-10 20:06:26] <%팉이 (reconco91)> 기대된다
[2021-12-10 20:06:29] <%ssanati> 운동할때 거기랑 같은데에요??
[2021-12-10 20:06:30] <%팉이 (reconco91)> 잠만여
[2021-12-10 20:06:32] <%팉이 (reconco91)> 기다려바여
[2021-12-10 20:06:54] <%삽질랜드 (yoonjy2k)> 카펫 깔려 있던거
[2021-12-10 20:07:20] <%팉이 (reconco91)> 헐레벌떡...
[2021-12-10 20:07:25] <%팉이 (reconco91)> 치팅 계획이 또 수정되써 ㅠㅠ
[2021-12-10 20:07:37] <gumaerd> 오늘 치팅이였어요?
[2021-12-10 20:07:38] <크투란 (twilit77)> 대회요?
[2021-12-10 20:07:40] <%ssanati> 5개월 식단 미쳤다
[2021-12-10 20:07:42] <%팉이 (reconco91)> 와
[2021-12-10 20:07:54] <gumaerd> 호옹
[2021-12-10 20:07:55] <%팉이 (reconco91)> 고기 구워먹는게 치팅이야? ㅠㅠ
[2021-12-10 20:08:00] <gumaerd> 시즌이네
[2021-12-10 20:08:03] <makingmemories> WheelLight WheelLight
[2021-12-10 20:08:14] <%삽질랜드 (yoonjy2k)> be 니킥 대회
[2021-12-10 20:08:22] <%팉이 (reconco91)> 와그럼
[2021-12-10 20:08:23] <%팬캐익 (leokim1126)> 어떤 대회를 언제 나가실 지는 모르겠지만 화이팅!!!
[2021-12-10 20:08:25] <%팉이 (reconco91)> 닭다리살도 못드시는건가
[2021-12-10 20:08:25] <조제호랑이 (wsx5602)> 매크로 짜놓고 주당 0.5이상 떨어지면 일반식 한번 넣어줘도 될껄요
[2021-12-10 20:08:30] <%팉이 (reconco91)> 고생하셨어여
[2021-12-10 20:08:30] <xPlayingDevilx> 많이 응원합니다
[2021-12-10 20:08:41] <%팉이 (reconco91)> 오옹
[2021-12-10 20:08:44] <%팉이 (reconco91)> ㅋㅋㅋㅋㅋㅋㅋㅋㅋ
[2021-12-10 20:08:45] <xPlayingDevilx> 짧방은 고생하셨습니다
[2021-12-10 20:08:48] <제목없는빌런지휘관 (zizon690)> 목표체지방은 언제인가요?
[2021-12-10 20:08:49] <%팉이 (reconco91)> 나바
[2021-12-10 20:08:51] <%차장하나부사 (mrhanabusa)> 나바
[2021-12-10 20:08:52] <%팬캐익 (leokim1126)> 나바~
[2021-12-10 20:08:52] <제목없는빌런지휘관 (zizon690)> 네
[2021-12-10 20:08:53] <xPlayingDevilx> 나바
[2021-12-10 20:08:53] <조제호랑이 (wsx5602)> 고생했습니다
[2021-12-10 20:08:54] <%삽질랜드 (yoonjy2k)> 오늘부터 니킥 연습'ㅅ'
[2021-12-10 20:08:59] <%삽질랜드 (yoonjy2k)> 나방'ㅅ'/
[2021-12-10 20:08:59] <조제호랑이 (wsx5602)> 10?
[2021-12-10 20:09:05] <gumaerd> ㅂㅂ
[2021-12-10 20:09:07] <~%나리땽 (nariddyang)> 10은
[2021-12-10 20:09:09] <~%나리땽 (nariddyang)> 너무 낮고
[2021-12-10 20:09:14] <~%나리땽 (nariddyang)> 아마 13~14정도 아닐까여
[2021-12-10 20:09:20] <%팉이 (reconco91)> ㄷㄷ
[2021-12-10 20:09:21] <gumaerd> 화이팅
[2021-12-10 20:09:30] <뭉딛딛움 (hamajuice)> 나바
[2021-12-10 20:10:54] ~Stream offline~
[2021-12-10 20:30:30] Viewerstats (19:58-20:08): avg:518 min:518 max:518 [6/518+0+0+0+0+0_]
[2021-12-10 21:19:57] You have left #nariddyang
# Log closed: 2021-12-10 21:19:57 +0900
-
