# Log started: 2021-12-10 21:42:20 +0900
[2021-12-10 21:42:20] #obly99 채널 입장 중입니다
[2021-12-10 21:42:20] #obly99 채널에 입장했습니다
[2021-12-10 21:42:20] ~apex (Apex Legends)~
[2021-12-10 21:42:51] <겨울노브 (june5468)> 왓슨에 코스틱...
[2021-12-10 21:42:52] <@%libero__> 거의 뭐 벙커네
[2021-12-10 21:42:53] <raiphuuuuu> !sens
[2021-12-10 21:42:53] <@^Nightbot> 400dpi 2.4 1 hold
[2021-12-10 21:42:54] <%beanbugg> ㅋㅋㅋㅋㅋㅋㅋ
[2021-12-10 21:42:54] <under_high> ㅋㅋㅋㅋㅋㅋㅋㅋㅋㅋ
[2021-12-10 21:43:03] <겨울노브 (june5468)> 어떻게 줄집을 이겼는지 알겠네 ㅋㅋㅋ
[2021-12-10 21:43:16] <terius1106> !mousepad
[2021-12-10 21:43:16] <@^Nightbot> haaaaaayaaaaaateeeeeeeooooootsuuuuu
[2021-12-10 21:43:23] <%beanbugg> 어우씨ㅋㅋ
[2021-12-10 21:43:26] <우주친구 (fdie2341)> 지옥이다 여기
[2021-12-10 21:43:26] <winniethepoopoo9> LUL
[2021-12-10 21:43:31] <뭐라고부르면좋을까요 (205252)> 극한의 딜교ㅋㅋㅋ
[2021-12-10 21:43:32] <@%libero__> 와우..
[2021-12-10 21:43:41] <루단__ (tjdanr7454)> 어우 지옥이네
[2021-12-10 21:43:45] <%beanbugg> 캬
[2021-12-10 21:43:47] <마늘코 (alsrb6242)> 와우 ㄷㄷ
[2021-12-10 21:43:48] <우주친구 (fdie2341)> 오우야
[2021-12-10 21:43:49] <@%libero__> obly99Mujeok obly99Mujeok obly99Mujeok
[2021-12-10 21:43:49] <%다래01 (dalea01)> wow
[2021-12-10 21:43:55] <LucLayyy> gaming
[2021-12-10 21:43:56] <마늘코 (alsrb6242)> 상대 레이스도 무빙 지렸는데
[2021-12-10 21:44:01] <dommbeeee2828> やばすぎる
[2021-12-10 21:44:04] <yopipi1> うまー
[2021-12-10 21:44:04] <wayexxx> !mousepad
[2021-12-10 21:44:05] <@^Nightbot> haaaaaayaaaaaateeeeeeeooooootsuuuuu
[2021-12-10 21:44:07] <마늘코 (alsrb6242)> 둘다잡네
[2021-12-10 21:44:22] <@%libero__> 인간병기..
[2021-12-10 21:44:36] <under_high> ㅋㅋㅋㅋㅋㅋㅋ
[2021-12-10 21:44:36] <겨울노브 (june5468)> 진짜
[2021-12-10 21:44:43] <winniethepoopoo9> LUL
[2021-12-10 21:44:46] <@%libero__> obly99Mujeok obly99Mujeok
[2021-12-10 21:44:48] <마늘코 (alsrb6242)> 집돌이 들이네
[2021-12-10 21:44:51] <%다래01 (dalea01)> 줄집에 무슨 둥지를 지어놨어
[2021-12-10 21:44:52] <뭐라고부르면좋을까요 (205252)> 줄집에 살림차렸네..
[2021-12-10 21:44:52] <석범 (nevve13)> 진짜 극혐이네 ㅋㅋㅋㅋㅋ
[2021-12-10 21:44:57] <%beanbugg> aimbot602 aimbot602 aimbot602 aimbot602
[2021-12-10 21:45:00] <월린이 (afqawrww)> !감도
[2021-12-10 21:45:01] <INc3mentatore> purple bolt
[2021-12-10 21:45:01] <^싹둑 (ssakdook)> DPI 400 2.4 1 hold
[2021-12-10 21:45:03] <holobaby_nanora> SHEEEEESH
[2021-12-10 21:45:10] <tomotaro_> gosu
[2021-12-10 21:45:29] <%다래01 (dalea01)> 벨튀도 아니고 ㄷㄷ;
[2021-12-10 21:45:30] <@%libero__> 기분나쁘게하기 ㄷㄷ
[2021-12-10 21:45:50] <%다래01 (dalea01)> ???
[2021-12-10 21:46:01] <rulervy> !mouse
[2021-12-10 21:46:01] <@^Nightbot> zowie s2-c
[2021-12-10 21:46:22] <우주친구 (fdie2341)> 곰붕이 개섯거라
[2021-12-10 21:46:25] <%+RaZefer> !uptime
[2021-12-10 21:46:25] <@^Nightbot> 방송시간: 2 hours 35 minutes 10 seconds
[2021-12-10 21:46:31] <+kousama893> prey lol
[2021-12-10 21:46:45] <+설__화 (seolhwafps)> 와
[2021-12-10 21:46:45] <under_high> 와오
[2021-12-10 21:46:45] <@%libero__> ㅋㅋㅋㅋㅋㅋㅋㅋㅋㅋ와
[2021-12-10 21:46:45] <%beanbugg> ㅋㅋㅋㅋㅋㅋㅋㅋㅋㅋㅋㅋ
[2021-12-10 21:46:45] <沙偷米 (satomi123987)> ???????????
[2021-12-10 21:46:45] <lonhdn04> 와
[2021-12-10 21:46:46] <%다래01 (dalea01)> wtf
[2021-12-10 21:46:47] <우주친구 (fdie2341)> ㅋㅋㅋㅋㅋㅋㅋㅋㅋㅋㅋㅋㅋㅋㅋ
[2021-12-10 21:46:47] <Laurekorea> 왘ㅋㅋㅋㅋㅋㅋㅋㅋ
[2021-12-10 21:46:47] <Blockmaxx> Pog
[2021-12-10 21:46:48] <noprbs> LUL
[2021-12-10 21:46:48] <이플리 (dlsdnr10457)> 옥테인 오열
[2021-12-10 21:46:49] <Laurekorea> 지붕이 캐리 ;;;
[2021-12-10 21:46:50] <+설__화 (seolhwafps)> 미쳤다
[2021-12-10 21:46:51] <doramie22> wowww
[2021-12-10 21:46:51] <세바라기 (newclearman)> 지붕이 ㅋㅋㅋㅋㅋㅋ
[2021-12-10 21:46:51] <+FeZe_tgkun> ???????
[2021-12-10 21:46:51] <석범 (nevve13)> 와
[2021-12-10 21:46:52] <우주친구 (fdie2341)> 지붕쉴드 강하다
[2021-12-10 21:46:52] <겨울노브 (june5468)> 보디가드 ㅋㅋ
[2021-12-10 21:46:52] <%jimejimecookie> obly99Gosu obly99Gosu
[2021-12-10 21:46:54] <@%libero__> ㅋㅋㅋㅋㅋㅋㅋㅋㅋㅋㅋㅋㅋㅋㅋㅋㅋㅋㅋㅋㅋ
[2021-12-10 21:46:56] <juicykaraage1> lol
[2021-12-10 21:46:56] <kiviroyr> omg
[2021-12-10 21:46:56] <u11k17> wwwwww
[2021-12-10 21:46:57] <%+RaZefer> enemy ……….
[2021-12-10 21:46:58] <mukim0222> 지붕쉴드가 돔보다 좋네 ㅋㅋ
[2021-12-10 21:46:59] <ak4shic> なんで勝てるねん笑
[2021-12-10 21:46:59] <세바라기 (newclearman)> 지붕이 든든하네
[2021-12-10 21:47:01] <%다래01 (dalea01)> 옥테인 ㄹㅇ 오열하겠네 ㅋㅋ
[2021-12-10 21:47:09] <개굴개구리개굴 (ssuwoong)> 진짜개잘하네..
[2021-12-10 21:47:13] <yu_dry> !?
[2021-12-10 21:47:14] <+kousama893> beeeeeeeeeeeeeast
[2021-12-10 21:47:17] <%다래01 (dalea01)> ㅋㅋㅋㅋㅋㅋㅋㅋㅋㅋㅋㅋㅋ
[2021-12-10 21:47:24] <nxz02> gosu
[2021-12-10 21:47:44] <kobayashibloom> !sens
[2021-12-10 21:47:44] <@^Nightbot> 400dpi 2.4 1 hold
[2021-12-10 21:48:04] <먀옹먀옹이 (dbtmdals4536)> 피캔하는줄
[2021-12-10 21:48:06] <suns11> ﾖﾖﾖﾖﾖﾖ
[2021-12-10 21:48:13] <루단__ (tjdanr7454)> ㅋㅋㅋㅋㅋㅋㅋㅋㅋ
[2021-12-10 21:48:17] <%다래01 (dalea01)> ㅋㅋㅋㅋ
[2021-12-10 21:48:18] <겨울노브 (june5468)> ㅋㅋㅋㅋ
[2021-12-10 21:48:27] <Blockmaxx> omg
[2021-12-10 21:48:28] <@%libero__> ㅋㅋㅋㅋㅋㅋㅋㅋㅋㅋㅋㅋㅋ
[2021-12-10 21:48:28] <세바라기 (newclearman)> ㅋㅋㅋㅋㅋㅋㅋㅋ
[2021-12-10 21:48:28] <%beanbugg> 캬
[2021-12-10 21:48:28] <%다래01 (dalea01)> ㅋㅋㅋㅋㅋㅋㅋㅋㅋ
[2021-12-10 21:48:29] <咲山おふとぅん (offton_sakiyama)> ｗｗｗｗｗｗｗ
[2021-12-10 21:48:31] <@%libero__> 그냥 갖고노네..
[2021-12-10 21:48:31] <우주친구 (fdie2341)> ㅋㅋㅋㅋㅋㅋㅋㅋㅋㅋㅋㅋㅋㅋㅋㅋ
[2021-12-10 21:48:32] <석범 (nevve13)> 캬
[2021-12-10 21:48:35] <루단__ (tjdanr7454)> 오우야
[2021-12-10 21:48:35] <%+7_ohm> obly99Wara
[2021-12-10 21:48:36] <우주친구 (fdie2341)> 가지고 놀아버리네
[2021-12-10 21:48:44] <tomotaro_> えぐぅw
[2021-12-10 21:48:48] <+kousama893> nice
[2021-12-10 21:49:02] <@%libero__> 와 마지막팀이구나
[2021-12-10 21:49:07] <@%libero__> 또스틱..
[2021-12-10 21:49:36] <lonhdn04> 그거 고쳤대요
[2021-12-10 21:49:42] <FA_F1era> 윽
[2021-12-10 21:49:44] <FA_F1era> 가스
[2021-12-10 21:49:51] <+Tyrone4MADZ> !sens
[2021-12-10 21:49:51] <@^Nightbot> 400dpi 2.4 1 hold
[2021-12-10 21:49:55] <@%libero__> HypeScream
[2021-12-10 21:49:56] <+Tyrone4MADZ> !fovb
[2021-12-10 21:50:00] <+Tyrone4MADZ> !fov
[2021-12-10 21:50:00] <@^Nightbot> 110
[2021-12-10 21:50:03] <FA_F1era> ㄷㄷ;;
[2021-12-10 21:50:04] <리얼리스 (realis_)> ㅈㄴ 어지럽네
[2021-12-10 21:50:05] <+Tyrone4MADZ> !res
[2021-12-10 21:50:06] <@^Nightbot> 1920x1080 240hz
[2021-12-10 21:50:14] <+설__화 (seolhwafps)> 와
[2021-12-10 21:50:15] <@%libero__> 미쳐따
[2021-12-10 21:50:16] <+설__화 (seolhwafps)> 지렸다
[2021-12-10 21:50:16] <under_high> ㅈㅈ
[2021-12-10 21:50:16] <%다래01 (dalea01)> nice
[2021-12-10 21:50:16] <J1_KR> 무한차징 막혔다고 하던데
[2021-12-10 21:50:16] <작은귤 (innerpeacev)> 와 ㅋㅋ
[2021-12-10 21:50:17] <%beanbugg> 캬
[2021-12-10 21:50:17] <u11k17> pog
[2021-12-10 21:50:17] <terius1106> POG
[2021-12-10 21:50:17] <doramie22> GG
[2021-12-10 21:50:18] <이플리 (dlsdnr10457)> 대머리 다터지네
[2021-12-10 21:50:19] <沙偷米 (satomi123987)> ???
[2021-12-10 21:50:19] <세바라기 (newclearman)> 와
[2021-12-10 21:50:19] <개굴개구리개굴 (ssuwoong)> 와
[2021-12-10 21:50:19] <우주친구 (fdie2341)> 지렷당
[2021-12-10 21:50:19] <FA_F1era> GG
[2021-12-10 21:50:20] <석범 (nevve13)> 와
[2021-12-10 21:50:20] <리얼리스 (realis_)> 키야
[2021-12-10 21:50:21] <Fasca_o> gosu
[2021-12-10 21:50:21] <찜질방푸드파이터 (applemango1)> 와
[2021-12-10 21:50:21] [Notification] ほんすま subscribed with Prime.
[2021-12-10 21:50:21] <마늘코 (alsrb6242)> 이걸 진짜 다잡네
[2021-12-10 21:50:23] <+Tyrone4MADZ> GG
[2021-12-10 21:50:25] <doramie22> taxi2gHeart taxi2gHeart
[2021-12-10 21:50:27] <@%libero__> obly99Gg obly99Gg obly99Mujeok obly99Mujeok
[2021-12-10 21:50:27] <+설__화 (seolhwafps)> 네
[2021-12-10 21:50:28] <%다래01 (dalea01)> obly99Naisu obly99Naisu obly99Mujeok
[2021-12-10 21:50:30] <%beanbugg> 미쳤네
[2021-12-10 21:50:31] <+こばやし14 (nmm_14)> gg
[2021-12-10 21:50:31] <%+ほんすま (honsuma)> ｇｇ
[2021-12-10 21:50:32] <%jimejimecookie> obly99Gg obly99Gg
[2021-12-10 21:50:32] <+설__화 (seolhwafps)> 무한차징 픽스했다는데
[2021-12-10 21:50:32] <%shiori_8> obly99Gg obly99Gg
[2021-12-10 21:50:34] <tcbn_> gg yuyuasYataaa
[2021-12-10 21:50:36] <%dotcomchan> obly99Gg
[2021-12-10 21:50:39] <gatecrow> 그럴수도 있고 아닐수도 있습니다
[2021-12-10 21:50:39] <%혜니ヘニ (huiiiii98)> obly99Gosu
[2021-12-10 21:50:40] <%chia__24> obly99Gg
[2021-12-10 21:50:41] <겨울노브 (june5468)> 다른 방법으로 된다는 분이 있어서
[2021-12-10 21:50:41] <nxz02> gosu
[2021-12-10 21:50:43] <%hoshiiii06> obly99Gg
[2021-12-10 21:50:44] <%iamtc23> obly99Gg
[2021-12-10 21:50:50] <세바라기 (newclearman)> 원래 에펙이 그렇지뭐 슈뢰딩거의 차징
[2021-12-10 21:50:53] <mayakugg> gg
[2021-12-10 21:50:54] <%주민_ (ribbitmomotoke)> obly99Gg
[2021-12-10 21:50:56] <%+うめこ_ (umeko333)> obly99Gg
[2021-12-10 21:50:59] <세바라기 (newclearman)> 무한차징 될때있고 안될때있던데
[2021-12-10 21:50:59] <+kousama893> this is “only”
[2021-12-10 21:51:00] <%+springpom> obly99Gg obly99Gg
[2021-12-10 21:51:01] <%다_운 (4llluck)> obly99Gg
[2021-12-10 21:51:06] <겨울노브 (june5468)> 온리 ㄷㄷ
[2021-12-10 21:51:07] <강호12 (sky4good)> 진짜 개고수네요 놀랍습니다
[2021-12-10 21:51:09] <%다_운 (4llluck)> obly99Riddle01
[2021-12-10 21:51:43] <에이치육공육 (hymedicine)> !ads
[2021-12-10 21:51:43] <@^Nightbot> 1 (hold) 255/255/255
[2021-12-10 21:51:53] <一隻小巴 (shibainu0801)> !commands
[2021-12-10 21:51:53] <@^Nightbot> @一隻小巴 -> The bot commands for this channel are available at https://nightbot.tv/t/obly99/commands
[2021-12-10 21:51:57] <gatecrow> 255는 뭐에요
[2021-12-10 21:52:15] <세바라기 (newclearman)> 조준경 색인가?
[2021-12-10 21:52:25] <작은귤 (innerpeacev)> RGB 255 255 255
[2021-12-10 21:52:50] <chclteicecrm> !sens
[2021-12-10 21:52:50] <@^Nightbot> 400dpi 2.4 1 hold
[2021-12-10 21:52:55] <%다래01 (dalea01)> 블하 스킨이 참 맘에드네 ㅋㅋ
[2021-12-10 21:52:57] <wayexxx> !sens
[2021-12-10 21:52:57] <@^Nightbot> 400dpi 2.4 1 hold
[2021-12-10 21:53:01] <gatecrow> 질문권 머임
[2021-12-10 21:53:05] <gatecrow> 아무거나 물어봐도대요?
[2021-12-10 21:53:07] <@%libero__> 왓슨 스킨 이쁘다
[2021-12-10 21:53:30] <냥냥만월 (qlslbn1)> 포인트 77ㅓ억
[2021-12-10 21:53:33] <@%libero__> ㅋㅋㅋㅋㅋㅋㅋㅋㅋㅋㅋㅋㅋㅋ
[2021-12-10 21:53:35] <gatecrow> 그? 럼 하나 더
[2021-12-10 21:53:38] <작은귤 (innerpeacev)> ㅌㅋㅋㅋㅋㅋ
[2021-12-10 21:53:38] <Makguksu2> ㅋㅋㅋㅋㅋㅋㅋㅋ
[2021-12-10 21:53:40] <%다_운 (4llluck)> obly99Cinder
[2021-12-10 21:53:42] <under_high> ㅋㅋㅋㅋㅋㅋㅋㅋ
[2021-12-10 21:53:44] <냥냥만월 (qlslbn1)> ㅋㅋㅋㅋㅋㅋㅋ
[2021-12-10 21:53:53] <@%libero__> 설득력있네
[2021-12-10 21:54:01] <gatecrow> j1krUmm
[2021-12-10 21:54:25] <@%libero__> 왓슨 근접무기 엄청크네;;
[2021-12-10 21:54:44] <먀옹먀옹이 (dbtmdals4536)> ㅋㅋㅋㅋㅋㅋㅋㅋㅋㅋㅋㅋㅋ
[2021-12-10 21:54:45] <%다래01 (dalea01)> ?!
[2021-12-10 21:54:45] <@%libero__> 우와
[2021-12-10 21:54:46] <Inchang222> 네시
[2021-12-10 21:54:46] <냥냥만월 (qlslbn1)> ㅋㅋㅋㅋㅋㅋㅋㅋㅋㅋㅋㅋㅋ
[2021-12-10 21:54:47] <%beanbugg> ㅋㅋㅋㅋㅋㅋㅋㅋㅋㅋㅋㅋㅋ
[2021-12-10 21:54:47] <작은귤 (innerpeacev)> ㅋㅋㅋㅋㅋㅋㅋㅋㅋㅋ
[2021-12-10 21:54:48] <먀옹먀옹이 (dbtmdals4536)> 꿀귀
[2021-12-10 21:54:49] <세바라기 (newclearman)> ㅋㅋㅋㅋㅋㅋㅋㅋㅋㅋ
[2021-12-10 21:54:52] <nfluke1909> LUL
[2021-12-10 21:54:52] <u11k17> wwwwwwwww
[2021-12-10 21:54:53] <%다래01 (dalea01)> ㅋㅋㅋㅋㅋㅋㅋㅋㅋㅋㅋㅋ
[2021-12-10 21:54:53] <양파맛빌런 (awd7143)> 귀엽
[2021-12-10 21:54:55] <@%libero__> 헐 엄청 귀엽다
[2021-12-10 21:54:56] <lonhdn04> 와~네시다~!
[2021-12-10 21:55:07] <%다래01 (dalea01)> 네시나오는거 ㅋㅋㅋㅋ 개웃기네 ㅋㅋㅋ
[2021-12-10 21:55:18] <세바라기 (newclearman)> 네시 어캐 꺼내심?
[2021-12-10 21:55:26] <먀옹먀옹이 (dbtmdals4536)> 저 램페이지버그악용?
[2021-12-10 21:55:26] <lonhdn04> 무기조사
[2021-12-10 21:55:44] <gatecrow> 무한차징까진 아니고 테르밋하나로 넣다뻇다 가능함
[2021-12-10 21:55:52] <@%libero__> 하나로 무한리필?
[2021-12-10 21:55:55] <%다래01 (dalea01)> 정규였구요~
[2021-12-10 21:56:11] <plex_______> !sens
[2021-12-10 21:56:11] <@^Nightbot> 400dpi 2.4 1 hold
[2021-12-10 21:56:15] <륵체 (luche_vr)> 아님 무한차징됨ㅋㅋ
[2021-12-10 21:56:17] <달의저편에서 (dmlgus8519)> 무한 아직 안막은거 아님?
[2021-12-10 21:56:18] <냥냥만월 (qlslbn1)> 왓슨근접으로 때리는모션보고싶다
[2021-12-10 21:56:28] <륵체 (luche_vr)> 간단하게 하는건 막혔고 다른방법으로 가능함
[2021-12-10 21:56:40] <세바라기 (newclearman)> 대회 또 참가하시는거 있나요?
[2021-12-10 21:56:44] <@%libero__> 네시 더 보고싶네요,,
[2021-12-10 21:56:47] <Eviehates> !sens
[2021-12-10 21:56:47] <@^Nightbot> 400dpi 2.4 1 hold
[2021-12-10 21:56:54] <+watakoru> !fov
[2021-12-10 21:56:54] <@^Nightbot> 110
[2021-12-10 21:56:58] <@%libero__> ㅋㅋㅋㅋㅋㅋㅋㅋㅋㅋㅋㅋㅋㅋ
[2021-12-10 21:57:04] <냥냥만월 (qlslbn1)> 네시로는 어떻게 때릴까
[2021-12-10 21:57:07] <리얼리스 (realis_)> ㅋㅋㅋ
[2021-12-10 21:57:34] <gatecrow> 왓슨근접 히든모션 치도리 나온대요
[2021-12-10 21:57:44] <우주친구 (fdie2341)> 줄집을 가야해 ㅋㅋ
[2021-12-10 21:57:54] <%다_운 (4llluck)> 그냥 파지직
[2021-12-10 21:58:17] <@%libero__> 와우;;
[2021-12-10 21:58:18] <%다_운 (4llluck)> ㄷㄷ
[2021-12-10 21:58:24] <%다_운 (4llluck)> 리피터 힙파..
[2021-12-10 21:58:26] <마늘코 (alsrb6242)> 내가 쓰면 ㅠ
[2021-12-10 21:58:27] <이플리 (dlsdnr10457)> 다맞네
[2021-12-10 21:58:52] <@%libero__> obly99Scream
[2021-12-10 22:00:06] <냥냥만월 (qlslbn1)> 키야
[2021-12-10 22:00:08] <룰렛러시안 (stronger5525)> ㄷㄷ
[2021-12-10 22:00:08] <작은귤 (innerpeacev)> 와 ㅋㅋ
[2021-12-10 22:00:08] <Laurekorea> ;;
[2021-12-10 22:00:09] <yummipepperoni> 와
[2021-12-10 22:00:09] <이월십육일 (sleepkiss)> 와..
[2021-12-10 22:00:10] <먀옹먀옹이 (dbtmdals4536)> 홀리뻒
[2021-12-10 22:00:11] <@%libero__> 인간병기 임정현..
[2021-12-10 22:00:11] <hyeokbsh6225> holy..
[2021-12-10 22:00:11] <이플리 (dlsdnr10457)> 이게말이되나
[2021-12-10 22:00:13] <작은귤 (innerpeacev)> 기가막히네
[2021-12-10 22:00:13] <마늘코 (alsrb6242)> 진짜 와 ;;
[2021-12-10 22:00:14] <+rin0430> omg
[2021-12-10 22:00:14] <Laurekorea> 이게머....머선일이고
[2021-12-10 22:00:16] <캐리박 (lxllll)> 지리네
[2021-12-10 22:00:16] <hyeokbsh6225> GOd..
[2021-12-10 22:00:16] <Lelizfps> omg
[2021-12-10 22:00:17] <+설__화 (seolhwafps)> 낫휴먼
[2021-12-10 22:00:17] <Laurekorea> ㄷㄷ
[2021-12-10 22:00:18] <gatecrow> 옥테인 응원단장 ㅋㅋ
[2021-12-10 22:00:21] <u11k17> Kreygasm Kreygasm Kreygasm
[2021-12-10 22:00:27] <lonhdn04> 헤드라인 되게 잘 그으신다
[2021-12-10 22:00:28] <ttcpcom12> !mousepad
[2021-12-10 22:00:29] <@^Nightbot> haaaaaayaaaaaateeeeeeeooooootsuuuuu
[2021-12-10 22:00:29] <이플리 (dlsdnr10457)> 발키리 감격해서 안나가네
[2021-12-10 22:00:37] <ttcpcom12> !mouse
[2021-12-10 22:00:37] <@^Nightbot> zowie s2-c
[2021-12-10 22:01:24] <@%libero__> ㅋㅋㅋㅋㅋㅋㅋㅋㅋㅋㅋㅋㅋㅋㅋㅋㅋㅋ
[2021-12-10 22:01:27] <이플리 (dlsdnr10457)> 돔뭔데 ㅋㅋ
[2021-12-10 22:01:30] <Makguksu2> ㅋㅋㅋㅋㅋㅋㅋㅋ
[2021-12-10 22:02:02] <%MilkDDR> ㅋㅋㅋㅋㅋㅋㅋㅋㅋㅋㅋ
[2021-12-10 22:02:05] <@%libero__> obly99Cinder
[2021-12-10 22:02:12] <drlouisebanks> 오블리님 근접무기 몇개 잇으세요?
[2021-12-10 22:02:30] <+설__화 (seolhwafps)> 이야 ;
[2021-12-10 22:02:36] <%소우스 (s4ws_kr)> obly99Cinder
[2021-12-10 22:02:41] <drlouisebanks> 와우
[2021-12-10 22:02:42] <냥냥만월 (qlslbn1)> 미라지 동상가지고 잇기 쉽지않은데
[2021-12-10 22:03:09] <drlouisebanks> 투자금 많이 들어갓겟다 ㅎ
[2021-12-10 22:03:11] <chief_53> !sens
[2021-12-10 22:03:12] <@^Nightbot> 400dpi 2.4 1 hold
[2021-12-10 22:03:18] <chief_53> !fav
[2021-12-10 22:03:41] <chief_53> !fov
[2021-12-10 22:03:42] <@^Nightbot> 110
[2021-12-10 22:05:15] <mukim0222> 저기 어케 떨어짐??
[2021-12-10 22:05:30] <小祺99 (xiaoqi99)> !commands
[2021-12-10 22:05:30] <@^Nightbot> @小祺99 -> The bot commands for this channel are available at https://nightbot.tv/t/obly99/commands
[2021-12-10 22:05:31] <drlouisebanks> 점프하는 순간 맞고 누웟으면
[2021-12-10 22:05:55] <흰달 (alswp2252)> !명령어
[2021-12-10 22:05:55] <@^Nightbot> https://nightbot.tv/t/obly99/commands
[2021-12-10 22:05:55] <^싹둑 (ssakdook)> http://ssakdook.twip.kr/command/obly99
[2021-12-10 22:07:28] <luke5221> 캐릭터 대사 끄고 겜하는 이유가 있나여?
[2021-12-10 22:07:30] <winniethepoopoo9> LUL
[2021-12-10 22:07:34] <dommbeeee2828> ww
[2021-12-10 22:07:50] <kweezyz> !sens
[2021-12-10 22:07:50] <@^Nightbot> 400dpi 2.4 1 hold
[2021-12-10 22:08:11] <kweezyz> !fov
[2021-12-10 22:08:11] <@^Nightbot> 110
[2021-12-10 22:08:57] <@%libero__> obly99Gosu
[2021-12-10 22:08:58] <+kz113077> !mouse
[2021-12-10 22:08:59] <@^Nightbot> zowie s2-c
[2021-12-10 22:08:59] <drlouisebanks> 팀원들은 아예 올생각이 없네
[2021-12-10 22:09:03] <+kz113077> !mousepad
[2021-12-10 22:09:03] <@^Nightbot> haaaaaayaaaaaateeeeeeeooooootsuuuuu
[2021-12-10 22:09:09] <%다래01 (dalea01)> ㅇㅈ
[2021-12-10 22:09:19] <mukim0222> 의식하고나서부터 더 보이는듯한
[2021-12-10 22:09:23] <리얼리스 (realis_)> 이분은 녹턴 궁이 패시브네요...
[2021-12-10 22:09:34] <캐리박 (lxllll)> 그거 픽스된거 아니에요?
[2021-12-10 22:09:56] <rladkcj> 방장님 않끊기고 쿠나이 30번 돌리면 2만원 도네용
[2021-12-10 22:10:30] <%98nabi> BibleThump BibleThump
[2021-12-10 22:10:37] <캐리박 (lxllll)> 차징 버그 픽스된걸로 아는데
[2021-12-10 22:10:39] <캐리박 (lxllll)> 오늘 오전에
[2021-12-10 22:10:45] <흰달 (alswp2252)> 블리님 303무는 안 써보시나여?
[2021-12-10 22:10:45] <rladkcj> 어렵던데요
[2021-12-10 22:10:45] <ㅎㅇㅎㅇㅎㅎ (hkeyka)> 쌉가능
[2021-12-10 22:10:58] <cowe552864> 저도 2천번 쌉가능
[2021-12-10 22:11:10] <@%libero__> ㅌㅋㅋㅋㅋㅋㅋㅋㅋㅋ
[2021-12-10 22:11:21] <%beanbugg> ㅋㅋㅋㅋ
[2021-12-10 22:11:22] <@%libero__> 갑자기 삥뜯기
[2021-12-10 22:11:24] <rladkcj> 안끊기고 30번 돌릴시 2만 도네 갑니다
[2021-12-10 22:11:31] <cookingmamach> !mousepad
[2021-12-10 22:11:31] <@^Nightbot> haaaaaayaaaaaateeeeeeeooooootsuuuuu
[2021-12-10 22:11:31] <cowe552864> 제가 일 중이라 ㅎㅎ
[2021-12-10 22:11:35] <@%libero__> ㅋㅋㅋㅋㅋㅋㅋㅋㅋㅋㅋㅋ
[2021-12-10 22:11:36] <늑먹 (iiisss7)> 만원주고 오블리한테 초대받으면 좋을거같은데
[2021-12-10 22:11:50] <냥냥만월 (qlslbn1)> 대답회피 야무졋다
[2021-12-10 22:11:56] <ㅎㅇㅎㅇㅎㅎ (hkeyka)> 쿠나이 돌리긴 못참지
[2021-12-10 22:12:12] <라이소28 (lee2827kr)> !!!!!!!
[2021-12-10 22:12:18] <라이소28 (lee2827kr)> 느낌표가 막
[2021-12-10 22:12:21] <yummipepperoni> !mousepad
[2021-12-10 22:12:21] <@^Nightbot> haaaaaayaaaaaateeeeeeeooooootsuuuuu
[2021-12-10 22:12:41] <%beanbugg> ㅋㅋㅋㅋㅋㅋㅋㅋㅋㅋㅋㅋㅋㅋㅋㅋㅋㅋㅋ
[2021-12-10 22:12:44] <yummipepperoni> 코스틱 귀엽네
[2021-12-10 22:12:54] Viewerstats (21:42-22:12): avg:1,115 min:975 max:1,223 [17/975+0+37+0+137+31+0-59+0-15+0+49+0-23+0+91+0]
[2021-12-10 22:13:01] <+flqndrescariet> www
[2021-12-10 22:13:04] <sekijin> !uptime
[2021-12-10 22:13:04] <@^Nightbot> 방송시간: 3 hours 1 minute 49 seconds
[2021-12-10 22:13:19] <+usabitxh> !sens
[2021-12-10 22:13:19] <@^Nightbot> 400dpi 2.4 1 hold
[2021-12-10 22:13:48] <nuppals> !sens
[2021-12-10 22:13:48] <@^Nightbot> 400dpi 2.4 1 hold
[2021-12-10 22:14:11] <마늘코 (alsrb6242)> 돌아왔네
[2021-12-10 22:15:04] <땅콩알레르기 (thkthkaa)> ㅁㄴㅇ
[2021-12-10 22:15:57] <+김순백 (oishi0)> 왓슨 개사기
[2021-12-10 22:16:19] <@%libero__> BibleThump 가난하다
[2021-12-10 22:17:46] <sarry1222> !sens
[2021-12-10 22:17:46] <@^Nightbot> 400dpi 2.4 1 hold
[2021-12-10 22:17:54] <먀옹먀옹이 (dbtmdals4536)> ㅋㅋㅋㅋㅋㅋㅋㅋㅋㅋㅋㅋ
[2021-12-10 22:17:55] <%소우스 (s4ws_kr)> ㅋㅋㅋㅋㅋㅋ
[2021-12-10 22:17:56] <@%libero__> ?ㅋㅋㅋㅋㅋㅋㅋㅋㅋㅋㅋ
[2021-12-10 22:17:58] <링고맛애플 (pjwer12345)> zzzzzzzzzzz
[2021-12-10 22:17:59] <Makguksu2> 2명일줄이야
[2021-12-10 22:18:00] <링고맛애플 (pjwer12345)> ㅋㅋㅋㅋㅋㅋㅋㅋㅋㅋ
[2021-12-10 22:18:00] <세바라기 (newclearman)> 오순도순
[2021-12-10 22:18:00] <%소우스 (s4ws_kr)> 미친 하이딩
[2021-12-10 22:18:02] <+김순백 (oishi0)> 옹기종기 모여있네 ㅋㅋㅋㅋ
[2021-12-10 22:18:02] <@%libero__> 진짜 예상밖이다 ㅋㅋㅋㅋㅋㅋㅋㅋㅋㅋㅋㅋㅋ
[2021-12-10 22:18:02] <윤홍좌 (vmvnt3454)> 사이좋네 쟤네
[2021-12-10 22:18:07] <+もちもちトンカチ (mochitonkachi)> 2 !?
[2021-12-10 22:18:17] <+김순백 (oishi0)> 추우니까 붙어있어야지
[2021-12-10 22:18:24] <늑먹 (iiisss7)> 코박스 하시나요?
[2021-12-10 22:18:39] <먀옹먀옹이 (dbtmdals4536)> 엑시트랙 쓰심?
[2021-12-10 22:18:40] <luke5221> 그것도 하나는 아크던지고
[2021-12-10 22:18:44] <chikomomo> !fov
[2021-12-10 22:18:44] <@^Nightbot> 110
[2021-12-10 22:18:45] <luke5221> 하나는 샷하네
[2021-12-10 22:18:49] <+김순백 (oishi0)> ㅋㅋㅋㅋㅋㅋㅋㅋㅋ
[2021-12-10 22:18:55] <금동11 (geumdong99)> 컴퓨터 새로 온건가요?
[2021-12-10 22:18:58] <chikomomo> !sens
[2021-12-10 22:18:58] <@^Nightbot> 400dpi 2.4 1 hold
[2021-12-10 22:19:00] <+김순백 (oishi0)> ㅖ
[2021-12-10 22:19:27] <ミミック (lsalsa9696)> 1.1.1.1 쓰면 핑 50나옴
[2021-12-10 22:19:36] <+김순백 (oishi0)> 맞아요 전 안쓰는데 오늘 핑 엄청 튀더라구요 도뇨
[2021-12-10 22:19:38] <+김순백 (oishi0)> 도쿄
[2021-12-10 22:20:31] <+김순백 (oishi0)> ㄴㅋㅋㅋㅋㅋ이걸봤네
[2021-12-10 22:21:53] <+김순백 (oishi0)> ㅋㅋㅋㅋㅋㅋㅋㅋㅋ
[2021-12-10 22:21:59] <%람쥐쓰언더 (xkwhd2810)> 돔황쳐!
[2021-12-10 22:22:05] <@%libero__> ㅋㅋㅋㅋㅋㅋ
[2021-12-10 22:22:06] <NetVEN3> !sens
[2021-12-10 22:22:06] <@^Nightbot> 400dpi 2.4 1 hold
[2021-12-10 22:22:07] <+もちもちトンカチ (mochitonkachi)> niceee
[2021-12-10 22:22:07] <+김순백 (oishi0)> 그렇취
[2021-12-10 22:22:14] <%소우스 (s4ws_kr)> ㅋㅋㅋㅋㅋㅋㅋㅋ
[2021-12-10 22:22:15] <quset_> !fov
[2021-12-10 22:22:15] <@^Nightbot> 110
[2021-12-10 22:22:24] <%람쥐쓰언더 (xkwhd2810)> 레이스를 살린 죄
[2021-12-10 22:22:26] <quset_> !commands
[2021-12-10 22:22:26] <@^Nightbot> @quset_ -> The bot commands for this channel are available at https://nightbot.tv/t/obly99/commands
[2021-12-10 22:22:37] <뚝딱뚝딱뚝딱뚝딱뚝딱뚝딱 (xnsoduvuegtxbqmxogur)> !mouse
[2021-12-10 22:22:37] <@^Nightbot> zowie s2-c
[2021-12-10 22:22:43] <@%libero__> 어우;;
[2021-12-10 22:22:55] <@%libero__> 와 이게사네
[2021-12-10 22:23:08] <뚝딱뚝딱뚝딱뚝딱뚝딱뚝딱 (xnsoduvuegtxbqmxogur)> !sens
[2021-12-10 22:23:09] <@^Nightbot> 400dpi 2.4 1 hold
[2021-12-10 22:23:10] <%람쥐쓰언더 (xkwhd2810)> 밖으로~ 나가 버리고~
[2021-12-10 22:23:18] <뚝딱뚝딱뚝딱뚝딱뚝딱뚝딱 (xnsoduvuegtxbqmxogur)> !mousepad
[2021-12-10 22:23:18] <@^Nightbot> haaaaaayaaaaaateeeeeeeooooootsuuuuu
[2021-12-10 22:24:07] <+もちもちトンカチ (mochitonkachi)> pog
[2021-12-10 22:24:08] <+김순백 (oishi0)> 와
[2021-12-10 22:24:10] <@%libero__> obly99Mujeok
[2021-12-10 22:24:11] <뭉그작 (moon103)> 와
[2021-12-10 22:24:16] <윤홍좌 (vmvnt3454)> 무임!
[2021-12-10 22:24:16] <ミミック (lsalsa9696)> 애쉬 팅겻다 들왓나
[2021-12-10 22:24:24] <+김순백 (oishi0)> 머야 애쉬 나간줄
[2021-12-10 22:24:28] <rr_7arc1> omg
[2021-12-10 22:24:37] <ミミック (lsalsa9696)> 팅겼다 들왓데여
[2021-12-10 22:24:38] <+김순백 (oishi0)> 에러났다는건가
[2021-12-10 22:24:41] <링고맛애플 (pjwer12345)> 에러로 꺼졌다네
[2021-12-10 22:24:50] <늑먹 (iiisss7)> 400dpi 쓰시면 갑바바꾸실때 불편하지않아요?
[2021-12-10 22:25:47] <rikkaaim> !pc spec
[2021-12-10 22:25:47] <@^Nightbot> https://www.pc-koubou.jp/products/detail.php?product_id=846136, ram :F4-4800C18D-16GTRG
[2021-12-10 22:27:07] <unpokochy> !age
[2021-12-10 22:27:07] <@^Nightbot> 21yo
[2021-12-10 22:27:09] <리얼리스 (realis_)> 굳이 400 쓰는 이유 있나요
[2021-12-10 22:27:54] <+もちもちトンカチ (mochitonkachi)> wtf
[2021-12-10 22:27:59] <+김순백 (oishi0)> 와 대박
[2021-12-10 22:28:07] <뭉그작 (moon103)> ㅋㅋㅋㅋㅋㅋㅋㅋ
[2021-12-10 22:28:12] <@%libero__> obly99What
[2021-12-10 22:28:16] <winniethepoopoo9> yabe
[2021-12-10 22:28:20] <리얼리스 (realis_)> 와
[2021-12-10 22:28:22] <늑먹 (iiisss7)> 입이안다물어진다
[2021-12-10 22:28:24] <unpokochy> Yabe
[2021-12-10 22:28:30] <+もちもちトンカチ (mochitonkachi)> yabeeeeeeeeeeeeee
[2021-12-10 22:28:31] <+toajj> wow
[2021-12-10 22:28:35] <rr_7arc1> tuyosugi
[2021-12-10 22:28:37] <리얼리스 (realis_)> seems pro
[2021-12-10 22:28:39] <yummipepperoni> 400이 근본이죠
[2021-12-10 22:28:40] <환상도서관 (iamherios)> 400이 딱맞는듯
[2021-12-10 22:28:41] <+Mandingogin> gosu
[2021-12-10 22:28:53] <먀옹먀옹이 (dbtmdals4536)> 맞는교
[2021-12-10 22:28:56] <%+springpom> yaba
[2021-12-10 22:29:03] <먀옹먀옹이 (dbtmdals4536)> 400 800 둘다 근본 아닌가
[2021-12-10 22:29:04] <%human_arms> 800이지
[2021-12-10 22:29:19] <cjynn> !sens
[2021-12-10 22:29:19] <@^Nightbot> 400dpi 2.4 1 hold
[2021-12-10 22:29:20] <먀옹먀옹이 (dbtmdals4536)> 대 황 리들 셋다 400이니까 400이 근본
[2021-12-10 22:29:21] <rulervy> !mousepad
[2021-12-10 22:29:21] <@^Nightbot> haaaaaayaaaaaateeeeeeeooooootsuuuuu
[2021-12-10 22:29:25] <쌀눈 (qkrgytls1201)> 800 1.5가 근본이긴한데 fps많이하는사람들은 400많이씀
[2021-12-10 22:29:28] <yummipepperoni> 불쌍해
[2021-12-10 22:29:34] <rulervy> !pad
[2021-12-10 22:29:50] <늑먹 (iiisss7)> dpi차이는 갑바 바꿀때 빼고 보이는게없든데 솔직히
[2021-12-10 22:30:05] <yummipepperoni> 미세에임이나 반동잡을때 느낌 좀 다르긴해요
[2021-12-10 22:30:07] <먀옹먀옹이 (dbtmdals4536)> 400에 2.4랑 800에 1.2 인게임에서 차이가 느껴짐
[2021-12-10 22:30:23] <리얼리스 (realis_)> 블하 유기?
[2021-12-10 22:30:29] <0_0_m> !감도
[2021-12-10 22:30:30] <^싹둑 (ssakdook)> DPI 400 2.4 1 hold
[2021-12-10 22:30:33] <+Cloud1246> !fov
[2021-12-10 22:30:33] <@^Nightbot> 110
[2021-12-10 22:30:47] <catnip_o> !mouse
[2021-12-10 22:30:47] <@^Nightbot> zowie s2-c
[2021-12-10 22:31:03] <%소우스 (s4ws_kr)> ㅋㅋㅋㅋㅋ
[2021-12-10 22:31:04] <뭉그작 (moon103)> 블하..ㅠㅠ
[2021-12-10 22:31:05] <%소우스 (s4ws_kr)> 블붕아..
[2021-12-10 22:31:08] <d_mikan> BibleThump
[2021-12-10 22:32:41] <%human_arms> 애쉬 울트
[2021-12-10 22:33:20] <bonk3750> !input
[2021-12-10 22:33:32] <halharu12> !sens
[2021-12-10 22:33:32] <@^Nightbot> 400dpi 2.4 1 hold
[2021-12-10 22:33:35] <+김순백 (oishi0)> 와우
[2021-12-10 22:33:38] <%beanbugg> 볼트 딜 살벌하네
[2021-12-10 22:33:38] <%+Yubin716> obly99Gosu
[2021-12-10 22:33:39] <닉변가능불가능 (ferdg285)> 므싰게 총 쏘기 ㄷㄷ
[2021-12-10 22:33:43] <+もちもちトンカチ (mochitonkachi)> 4000
[2021-12-10 22:33:50] <jpamtpj57> うまい！
[2021-12-10 22:33:58] <yummipepperoni> 퓨즈 자충수 ㅋㅋ
[2021-12-10 22:34:00] <rr_7arc1> 4000 nice
[2021-12-10 22:34:25] <닉변가능불가능 (ferdg285)> 아..
[2021-12-10 22:34:30] <말리에 (veritas114)> ....
[2021-12-10 22:34:30] <닉변가능불가능 (ferdg285)> 맞숩니다
[2021-12-10 22:34:40] <뭉그작 (moon103)> ㅋㅋㅋㅋㅋㅋㅋㅋㅋㅋㅋㅋㅋㅋㅋㅋㅋ
[2021-12-10 22:34:41] <luke5221> ?
[2021-12-10 22:34:42] <세바라기 (newclearman)> 의미만 맞으면 됬지 뭐
[2021-12-10 22:34:42] <yummipepperoni> 장기 바둑 같은데서 자기가 놓은 수에 자기가 걸리는거를 말하는 단어입니당
[2021-12-10 22:34:43] <닉변가능불가능 (ferdg285)> ㄹㅇㅋㅋ;;
[2021-12-10 22:34:43] <리얼리스 (realis_)> 오하하하...
[2021-12-10 22:35:21] <닉변가능불가능 (ferdg285)> 워
[2021-12-10 22:35:25] <@%libero__> obly99Scream
[2021-12-10 22:35:26] <%beanbugg> 캬
[2021-12-10 22:35:30] <satomi3512> 어머.....
[2021-12-10 22:35:37] <닉변가능불가능 (ferdg285)> 그래..자충수 뜻 모르면 어떠냐
[2021-12-10 22:35:40] <닉변가능불가능 (ferdg285)> 총만 잘 쏘면 됐지
[2021-12-10 22:35:47] <+kz113077> キャラコンやべえ
[2021-12-10 22:35:53] <+もちもちトンカチ (mochitonkachi)> 1??
[2021-12-10 22:35:58] <뭉그작 (moon103)> 한명인가
[2021-12-10 22:35:59] <뭉그작 (moon103)> 아니네
[2021-12-10 22:36:15] <rubberface12> You are too good
[2021-12-10 22:36:17] <닉변가능불가능 (ferdg285)> 무쳤다
[2021-12-10 22:36:19] <luke5221> 아까 무기 2개다썻을때
[2021-12-10 22:36:32] <luke5221> 페이징 하면 될꺼같았는데 무빙한 이유가 뭔가여
[2021-12-10 22:36:34] <+もちもちトンカチ (mochitonkachi)> gg
[2021-12-10 22:36:34] <%서하은 (rigel_w)> ㅋㅋㅋㅋㅋㅋㅋㅋㅋㅋ
[2021-12-10 22:36:34] <먀옹먀옹이 (dbtmdals4536)> 나이프입니다 형님
[2021-12-10 22:36:34] <+김순백 (oishi0)> 나이승
[2021-12-10 22:36:34] <%beanbugg> obly99Mujeok obly99Mujeok obly99Mujeok obly99Mujeok
[2021-12-10 22:36:34] <%서하은 (rigel_w)> gg
[2021-12-10 22:36:35] <dpvprdyd> !SENS
[2021-12-10 22:36:35] <@^Nightbot> 400dpi 2.4 1 hold
[2021-12-10 22:36:37] <winniethepoopoo9> ggez
[2021-12-10 22:36:38] <Makguksu2> ㅈㅈ
[2021-12-10 22:36:39] <+Ve1fa_> omg
[2021-12-10 22:36:39] <@%libero__> obly99Gg
[2021-12-10 22:36:40] <%腳美채키 (ch3ch_)> obly99Gg
[2021-12-10 22:36:40] <%98nabi> obly99Gg obly99Gg obly99Gg
[2021-12-10 22:36:43] <+もちもちトンカチ (mochitonkachi)> SeemsGood SeemsGood SeemsGood SeemsGood SeemsGood
[2021-12-10 22:36:43] <unpokochy> Yabeyabe
[2021-12-10 22:36:43] <jaywong7> ez
[2021-12-10 22:36:44] <늑먹 (iiisss7)> 진짜 사람이맞나싶다..
[2021-12-10 22:36:46] <%서하은 (rigel_w)> obly99Gg obly99Gg
[2021-12-10 22:36:48] <Fasca_o> gg
[2021-12-10 22:36:51] <%98nabi> yabe
[2021-12-10 22:36:52] <rr_7arc1> So good
[2021-12-10 22:36:54] <misfits_98> 미쳤다 ;
[2021-12-10 22:36:59] <%+springpom> obly99Gg obly99Gg
[2021-12-10 22:37:00] <mintpineapplechocopizza> 랭크할때도 샷건 안쓰실떄 있나요
[2021-12-10 22:37:05] <%hoshiiii06> obly99Gg obly99Gosu
[2021-12-10 22:37:06] <%human_arms> 오정택씨 어디감 랭겜가야되는디
[2021-12-10 22:37:11] <apsg> LUL LUL LUL
[2021-12-10 22:37:20] <ssw3710> 볼트는 일부러 아이언사이트 쓰시는건가요?
[2021-12-10 22:37:25] <nyuju678> wtfff
[2021-12-10 22:37:28] <%human_arms> 까비
[2021-12-10 22:37:30] <늑먹 (iiisss7)> 트래킹 연습 어떻게하세요?
[2021-12-10 22:37:39] <줄무늬펭귄 (forwinter)> !sens
[2021-12-10 22:37:39] <@^Nightbot> 400dpi 2.4 1 hold
[2021-12-10 22:38:15] <+김순백 (oishi0)> 왓순잉
[2021-12-10 22:38:16] <냥냥만월 (qlslbn1)> 네시 드가자~
[2021-12-10 22:38:36] <%서하은 (rigel_w)> 맞긴해
[2021-12-10 22:38:36] <윤홍좌 (vmvnt3454)> 볼트정도면 아이언사이트 좋은거라
[2021-12-10 22:38:48] <+김순백 (oishi0)> 줄집 안가면 어디가세요?
[2021-12-10 22:38:57] <독일스펀지 (semir0421)> 이분 티어 어디심?
[2021-12-10 22:39:08] <리얼리스 (realis_)> 프로요
[2021-12-10 22:39:22] <독일스펀지 (semir0421)> 어쩐지 개잘하센...
[2021-12-10 22:39:27] <냥냥만월 (qlslbn1)> 유죄추정의 법에 따라 오블리님 유죄
[2021-12-10 22:39:51] <독일스펀지 (semir0421)> 팀어디실까요?
[2021-12-10 22:39:57] <%서하은 (rigel_w)> ㅅㅅ
[2021-12-10 22:40:01] <+김순백 (oishi0)> 리들입니당
[2021-12-10 22:40:03] <꽃미남임태발 (srews11)> 오블리씨 근접무기 멋있으시네여^^
[2021-12-10 22:40:03] <@%libero__> obly99Riddle01
[2021-12-10 22:40:13] <%서하은 (rigel_w)> obly99Riddle02
[2021-12-10 22:40:13] <%어아웃 (aooout1)> obly99Riddle01 obly99Riddle01 obly99Riddle01 obly99Riddle01
[2021-12-10 22:40:37] <리얼리스 (realis_)> 어떻게 팀 로고가 저딴거 아 ㅋㅋ
[2021-12-10 22:40:43] <닉변가능불가능 (ferdg285)> 인간미 ㄷㄷ
[2021-12-10 22:40:51] [Notification] えぬ_ subscribed at Tier 1.
[2021-12-10 22:40:53] <%서하은 (rigel_w)> ㄴㅇㅅ
[2021-12-10 22:40:56] <윤홍좌 (vmvnt3454)> 근접무기 짜릿하네
[2021-12-10 22:40:59] <닉변가능불가능 (ferdg285)> 왓수니 근접무기 나옴?
[2021-12-10 22:41:03] <윤홍좌 (vmvnt3454)> 찌릿찌릿해 아주
[2021-12-10 22:41:15] <%서하은 (rigel_w)> ㅋㅋㅋㅋㅋㅋㅋㅋㅋㅋㅋ
[2021-12-10 22:41:15] <+김순백 (oishi0)> ㅋㅋㅋㅋㅋㅋㅋㅋㅋㅋ
[2021-12-10 22:41:17] <먀옹먀옹이 (dbtmdals4536)> ㅋㅋㅋㅋㅋㅋㅋ 근접자랑
[2021-12-10 22:41:19] <@%libero__> ㅋㅋㅋㅋㅋㅋㅋㅋ
[2021-12-10 22:41:21] <꽃미남임태발 (srews11)> 잘하시네여^^
[2021-12-10 22:41:21] <%서하은 (rigel_w)> -왓-
[2021-12-10 22:41:28] [Notification] kz113077 subscribed with Prime.
[2021-12-10 22:41:32] <+김순백 (oishi0)> 응애
[2021-12-10 22:41:49] <mintpineapplechocopizza> 랭크할때도 샷건 안쓰실때 있나요
[2021-12-10 22:41:50] <loroyal123> !sens
[2021-12-10 22:41:51] <@^Nightbot> 400dpi 2.4 1 hold
[2021-12-10 22:41:58] <%+kz113077> Gosugosu yabe obly99Riddle01
[2021-12-10 22:42:02] <wonlaeFPS> konnichiwa
[2021-12-10 22:42:09] <꽃미남임태발 (srews11)> 화끈하시네~
[2021-12-10 22:42:10] <땅콩알레르기 (thkthkaa)> 아까 쿠나이 30회는 실패하심?
[2021-12-10 22:42:12] <%서하은 (rigel_w)> ㅋㅋㅋㅋㅋㅋㅋ
[2021-12-10 22:42:28] <리얼리스 (realis_)> ㅋㅋㅋ
[2021-12-10 22:42:33] <@%libero__> obly99Cinder
[2021-12-10 22:42:43] <@%libero__> 그분 계시나 근데
[2021-12-10 22:43:01] Viewerstats (22:14-22:43): avg:1,260 min:1,149 max:1,338 [15/1,149+0+122+0-59+0+17+0+51+0+58+0+0-31+0]
[2021-12-10 22:43:20] <%서하은 (rigel_w)> 청자 안보던 사이에 천명이 늘었내
[2021-12-10 22:43:30] <lilka1_o> !PC
[2021-12-10 22:43:30] <@^Nightbot> https://www.pc-koubou.jp/products/detail.php?product_id=846136, ram :F4-4800C18D-16GTRG
[2021-12-10 22:43:38] <닉변가능불가능 (ferdg285)> 오우
[2021-12-10 22:44:22] <닉변가능불가능 (ferdg285)> 와 방금 트래킹 ㄷㄷ
[2021-12-10 22:45:02] <꽃미남임태발 (srews11)> 신고할게여
[2021-12-10 22:45:11] <닉변가능불가능 (ferdg285)> 캬
[2021-12-10 22:45:16] <@%libero__> obly99Mujeok
[2021-12-10 22:45:18] <%+kz113077> obly99What
[2021-12-10 22:45:18] <dpvprdyd> !mouse
[2021-12-10 22:45:19] <@^Nightbot> zowie s2-c
[2021-12-10 22:45:20] <%서하은 (rigel_w)> obly99Mujeok
[2021-12-10 22:45:26] <lilka1_o> Ez clip
[2021-12-10 22:45:26] <%+kz113077> obly99Gosu obly99Gosu
[2021-12-10 22:45:33] <성유진 (civileng31)> 스윗
[2021-12-10 22:45:52] <닉변가능불가능 (ferdg285)> ㄹㅇㅋㅋ
[2021-12-10 22:46:10] <%서하은 (rigel_w)> 슈퍼스타 리컬러 너무 부럽다
[2021-12-10 22:46:28] <@%libero__> 이쁘다
[2021-12-10 22:46:44] <%서하은 (rigel_w)> ㅋㅋㅋㅋㅋㅋㅋㅋㅋㅋㅋ
[2021-12-10 22:46:49] <%서하은 (rigel_w)> 오
[2021-12-10 22:47:25] <닉변가능불가능 (ferdg285)> 와
[2021-12-10 22:47:41] <%서하은 (rigel_w)> 보여주나
[2021-12-10 22:47:46] <석범 (nevve13)> 한탄창 지렸다
[2021-12-10 22:47:46] <닉변가능불가능 (ferdg285)> 고냥 에임펀치로 밀어버리나
[2021-12-10 22:47:58] <%서하은 (rigel_w)> ㅋㅋㅋㅋ
[2021-12-10 22:48:01] <+김순백 (oishi0)> 탄이 없어서 ㅠㅠ
[2021-12-10 22:48:03] <꽃미남임태발 (srews11)> 으이그!
[2021-12-10 22:49:26] <%서하은 (rigel_w)> 방송화질은 내려갔는대 인게임 화질은 좋아진거 같내
[2021-12-10 22:49:32] [Notification] 2나루 subscribed at Tier 1.
[2021-12-10 22:49:50] <NetVEN3> !fov
[2021-12-10 22:49:50] <@^Nightbot> 110
[2021-12-10 22:49:52] <꽃미남임태발 (srews11)> 1등 보여주세영
[2021-12-10 22:50:02] <+eyslikeblur> !mouse
[2021-12-10 22:50:03] <@^Nightbot> zowie s2-c
[2021-12-10 22:50:06] <+eyslikeblur> !mousepad
[2021-12-10 22:50:06] <@^Nightbot> haaaaaayaaaaaateeeeeeeooooootsuuuuu
[2021-12-10 22:50:12] <+eyslikeblur> !sens
[2021-12-10 22:50:12] <@^Nightbot> 400dpi 2.4 1 hold
[2021-12-10 22:51:00] <+eeee_4_> !sens
[2021-12-10 22:51:00] <@^Nightbot> 400dpi 2.4 1 hold
[2021-12-10 22:52:27] <runba3> !commands
[2021-12-10 22:52:27] <@^Nightbot> @runba3 -> The bot commands for this channel are available at https://nightbot.tv/t/obly99/commands
[2021-12-10 22:52:57] <%서하은 (rigel_w)> ㅅㅅ
[2021-12-10 22:53:01] <%어아웃 (aooout1)> obly99Mujeok obly99Mujeok
[2021-12-10 22:53:02] <+김순백 (oishi0)> 와우
[2021-12-10 22:53:03] <호슨배임 (yanako773)> 와 일대삼
[2021-12-10 22:53:04] <%+kz113077> Holy
[2021-12-10 22:53:05] <세바라기 (newclearman)> 와
[2021-12-10 22:53:10] <세바라기 (newclearman)> 순삭 개쩐다
[2021-12-10 22:53:12] <winniethepoopoo9> shiba Pog
[2021-12-10 22:53:19] <winniethepoopoo9> PogChamp
[2021-12-10 22:53:20] <dommbeeee2828> strongest
[2021-12-10 22:53:36] <양파맛빌런 (awd7143)> 볼트는 국밥같아
[2021-12-10 22:53:36] <세바라기 (newclearman)> 플랫은 결코 실망시키지않지
[2021-12-10 22:53:44] <%서하은 (rigel_w)> ㅅㅅ
[2021-12-10 22:54:19] <+Haaaalu10> !sens
[2021-12-10 22:54:19] <@^Nightbot> 400dpi 2.4 1 hold
[2021-12-10 22:54:20] <늑먹 (iiisss7)> !mousepad
[2021-12-10 22:54:21] <@^Nightbot> haaaaaayaaaaaateeeeeeeooooootsuuuuu
[2021-12-10 22:54:34] <+Cloud1246> Hi
[2021-12-10 22:55:02] <+김순백 (oishi0)> 챔피언 말소리가 안들리니깐 고요하게 느껴지네요 ㅋㅋ
[2021-12-10 22:55:51] <%서하은 (rigel_w)> ㅅㅅ
[2021-12-10 22:57:28] <+김순백 (oishi0)> 랭크도 아닌데 빠르게 포기하네..
[2021-12-10 22:57:30] <yummipepperoni> 맞아보니 많이 아팠던듯
[2021-12-10 22:58:31] <agnirwingman> !res
[2021-12-10 22:58:32] <@^Nightbot> 1920x1080 240hz
[2021-12-10 22:58:37] <agnirwingman> !fov
[2021-12-10 22:58:37] <@^Nightbot> 110
[2021-12-10 22:59:10] <%서하은 (rigel_w)> ㅅㅅ
[2021-12-10 22:59:12] <kuwakuwaokun> !pc
[2021-12-10 22:59:13] <@^Nightbot> https://www.pc-koubou.jp/products/detail.php?product_id=846136, ram :F4-4800C18D-16GTRG
[2021-12-10 22:59:28] <yummipepperoni> 1-2배가 좋나요? 전 별로던뎅
[2021-12-10 22:59:50] <네다씹마스터 (wogus3100)> 그냥 쓰시는듯 바꾸기 귀차나서
[2021-12-10 22:59:57] <yummipepperoni> 위쪽 가려서
[2021-12-10 23:00:16] <+김순백 (oishi0)> ㅋㅋㅋㅋㅋㅋㅋㅋㅋ
[2021-12-10 23:00:18] <%서하은 (rigel_w)> ㅋㅋㅋㅋㅋㅋㅋㅋ
[2021-12-10 23:00:36] <%서하은 (rigel_w)> 체력 불편하내
[2021-12-10 23:00:55] <+김순백 (oishi0)> ㅋㅋㅋㅋㅋㅋ아
[2021-12-10 23:00:56] <먀옹먀옹이 (dbtmdals4536)> ㅋㅋㅋㅋㅋㅋㅋㅋㅋㅋㅋㅋ
[2021-12-10 23:01:00] <%서하은 (rigel_w)> 이럴줄알았다
[2021-12-10 23:01:00] <yummipepperoni> ㅋㅋㅋㅋㅋㅋㅋ
[2021-12-10 23:01:01] <%서하은 (rigel_w)> ㅋㅋㅋㅋㅋㅋ
[2021-12-10 23:01:02] <@%libero__> 심술쟁이 ㄷㄷ
[2021-12-10 23:01:03] <+김순백 (oishi0)> 악마야 ㅜ
[2021-12-10 23:01:22] <giantcell> 개화나내
[2021-12-10 23:01:23] <%서하은 (rigel_w)> bigheadJuk bigheadUh
[2021-12-10 23:01:23] <giantcell> 빨리 채워줘요
[2021-12-10 23:01:23] <네다씹마스터 (wogus3100)> ㅋㅋㅋ
[2021-12-10 23:01:25] <크레옹크레옹 (goodson)> 어금니 이거 손해배상 됩니까
[2021-12-10 23:01:26] <먀옹먀옹이 (dbtmdals4536)> 버그네 어쩔수없다
[2021-12-10 23:01:31] <+김순백 (oishi0)> 말넘심 ㅋㅋㅋㅋ
[2021-12-10 23:01:35] <yummipepperoni> j1krSexy
[2021-12-10 23:02:02] <%서하은 (rigel_w)> 뉴비인가
[2021-12-10 23:02:06] <winniethepoopoo9> KEKW
[2021-12-10 23:02:16] <+김순백 (oishi0)> 허얽
[2021-12-10 23:02:18] <%서하은 (rigel_w)> ㅋㅋㅋㅋㅋㅋㅋㅋ
[2021-12-10 23:02:19] <giantcell> 응 죽엇어~
[2021-12-10 23:02:20] <양파맛빌런 (awd7143)> ㅋㅋㅋㅋㅋㅋㅋㅋㅋㅋㅋㅋ
[2021-12-10 23:02:20] <+もちもちトンカチ (mochitonkachi)> LUL
[2021-12-10 23:02:22] <+Cloud1246> LoL
[2021-12-10 23:02:23] <%2나루 (lee_naru)> ㅋㅋㅋㅋㅋㅋㅋ
[2021-12-10 23:02:23] <%98nabi> obly99Scream obly99Scream
[2021-12-10 23:02:24] <말리에 (veritas114)> 피 안채워서 죽은거임 ㅋㅋ
[2021-12-10 23:02:24] <%서하은 (rigel_w)> bigheadLul bigheadLul bigheadLul
[2021-12-10 23:02:28] <じょり田そちゃ (jorrypage)> GGwww
[2021-12-10 23:02:29] <%2나루 (lee_naru)> ㅈㅈ
[2021-12-10 23:02:29] <+갠쥐 (duckgooo)> ㅋㅋㅋㅋㅋㅋㅋㅋㅋㅋㅋㅋㅋㅋㅋㅋㅋㅋㅋㅋㅋㅋㅋㅋㅋㅋㅋㅋㅋㅋㅋㅋㅋㅋㅋ
[2021-12-10 23:02:30] <+김순백 (oishi0)> ㅋㅋㅋㅋㅋㅋㅋ
[2021-12-10 23:02:30] <%+kz113077> obly99Wara obly99Wara obly99Wara obly99Wara
[2021-12-10 23:02:34] <+김순백 (oishi0)> ㅇㅈ
[2021-12-10 23:02:36] <crisia123> gg
[2021-12-10 23:02:41] <%서하은 (rigel_w)> ㅋㅋㅋㅋㅋㅋㅋㅋ
[2021-12-10 23:02:43] <yummipepperoni> 이렇게 정의구현
[2021-12-10 23:02:43] <%jimejimecookie> obly99Gg
[2021-12-10 23:02:53] <+김순백 (oishi0)> 앙대
[2021-12-10 23:02:57] <%서하은 (rigel_w)> ㅋㅋㅋㅋㅋㅋㅋ
[2021-12-10 23:02:57] <cowe4> 진짜 얼굴 살벌하다
[2021-12-10 23:02:58] <강호12 (sky4good)> BibleThump
[2021-12-10 23:02:59] <먀옹먀옹이 (dbtmdals4536)> 런각
[2021-12-10 23:02:59] <Missyejin> 윽
[2021-12-10 23:02:59] <%hoshiiii06> obly99Gg
[2021-12-10 23:03:00] <냥냥만월 (qlslbn1)> 2시간
[2021-12-10 23:03:01] <+갠쥐 (duckgooo)> 랭크하죠
[2021-12-10 23:03:05] <@%libero__> 퇴근각
[2021-12-10 23:03:05] <ミミック (lsalsa9696)> 어떻게 맵로테가 2시간
[2021-12-10 23:03:05] [Notification] amagoiey subscribed with Prime. They've subscribed for 2 months, currently on a 2 month streak!
[2021-12-10 23:03:07] <먀옹먀옹이 (dbtmdals4536)> 런각 썌게 잡혔다이~
[2021-12-10 23:03:09] <+김순백 (oishi0)> 랭크 할사람 없낭 ㅜ
[2021-12-10 23:03:13] <aindzil> Do you play rank today ?
[2021-12-10 23:03:15] <%+かなめ42 (mkaname)> RTX3090 now?
[2021-12-10 23:03:21] <Missyejin> rank go?
[2021-12-10 23:03:22] <%+kz113077> I want s2-c so bad
[2021-12-10 23:03:24] <%서하은 (rigel_w)> 2시간 어지럽내
[2021-12-10 23:03:37] <+김순백 (oishi0)> 다 슈피만해…
[2021-12-10 23:03:44] <%2나루 (lee_naru)> 랭 고고!
[2021-12-10 23:03:46] <+갠쥐 (duckgooo)> 뢩크
[2021-12-10 23:03:46] <먀옹먀옹이 (dbtmdals4536)> 다른겜 안하세요?
[2021-12-10 23:03:47] <%서하은 (rigel_w)> 잘자..
[2021-12-10 23:03:50] <Missyejin> 그건..
[2021-12-10 23:03:50] <yummipepperoni> 아레나갑시다
[2021-12-10 23:03:56] <@%libero__> 2시간동안 기차모드 ^^~~~
[2021-12-10 23:03:58] <Missyejin> 기차타러?
[2021-12-10 23:04:12] <%서하은 (rigel_w)> 오
[2021-12-10 23:04:13] <Makguksu2> 기차모드 오랜만이네
[2021-12-10 23:04:16] <+김순백 (oishi0)> 기차모드 나름 재밌음
[2021-12-10 23:04:18] <@%libero__> 근데 왜 화면이
[2021-12-10 23:04:19] <+kawaiiqiqi> obly99Cinder obly99Cinder
[2021-12-10 23:04:25] <Missyejin> StinkyCheese
[2021-12-10 23:04:27] <+김순백 (oishi0)> 𝙒𝙝𝙮𝙧𝙖𝙣𝙤
[2021-12-10 23:04:38] <+eeee_4_> !time
[2021-12-10 23:04:50] <%2나루 (lee_naru)> !업타임
[2021-12-10 23:04:51] <^싹둑 (ssakdook)> 방송 업타임: 3 시간 53 분 35 초
[2021-12-10 23:04:53] <skblrumo> 샷건 안써도 근접쎈거같은데 샷건 있는거랑 없는거랑 차이가 큰가요
[2021-12-10 23:04:55] <+eeee_4_> !fov
[2021-12-10 23:04:56] <@^Nightbot> 110
[2021-12-10 23:05:11] <+김순백 (oishi0)> 맞아요 돔에서 차이 많이나쥬
[2021-12-10 23:05:23] <%서하은 (rigel_w)> 위로갈수록 지붕이 많이써서
[2021-12-10 23:05:26] <a1der_c> !commands
[2021-12-10 23:05:26] <@^Nightbot> @a1der_c -> The bot commands for this channel are available at https://nightbot.tv/t/obly99/commands
[2021-12-10 23:05:42] <+김순백 (oishi0)> 돔싸움을 잘해야합니다..!
[2021-12-10 23:05:42] <mintpineapplechocopizza> 잘하는분들 마팊 계속 줌상태에서 안쏘고 쏘고나서 줌풀고 다시줌하는 이유가 있나요
[2021-12-10 23:05:49] <%서하은 (rigel_w)> ㄹㅇㅋㅋ
[2021-12-10 23:05:49] <Missyejin> 플레에서 안올라요.. 헤
[2021-12-10 23:05:53] <%2나루 (lee_naru)> 올해 기차 직년 기차 뭐가 더 좋나요
[2021-12-10 23:05:53] <먀옹먀옹이 (dbtmdals4536)> 리들은 다른게임 방송 불가에요?
[2021-12-10 23:05:57] <냥냥만월 (qlslbn1)> 마팁 줌하면 집탄율이 올라가서
[2021-12-10 23:06:01] <+김순백 (oishi0)> 쏘면 줌이 풀리기 때문아닌가
[2021-12-10 23:06:08] <+김순백 (oishi0)> 아 아니네
[2021-12-10 23:06:15] <%서하은 (rigel_w)> 오 머야
[2021-12-10 23:06:17] <bb_dinka> !sens
[2021-12-10 23:06:18] <@^Nightbot> 400dpi 2.4 1 hold
[2021-12-10 23:06:22] <먀옹먀옹이 (dbtmdals4536)> 조준경 바꿀수있어요
[2021-12-10 23:06:26] <+김순백 (oishi0)> ㅋㅋㅋㅋㅋ헷갈렸어요 ㅠ
[2021-12-10 23:06:27] <%서하은 (rigel_w)> ㅋㅋㅋㅋㅋㅋㅋㅋㅋㅋㅋㅋㅋㅋ
[2021-12-10 23:06:28] <+김순백 (oishi0)> 너무하네
[2021-12-10 23:06:32] <+갠쥐 (duckgooo)> ㅋㅋㅋㅋㅋㅋㅋㅋㅋ
[2021-12-10 23:06:48] <@%libero__> 왜 아무도 기차 안탘ㅋㅋㅋ
[2021-12-10 23:06:55] <+김순백 (oishi0)> ㅋㅋㅋㅋㅋㅋㅋㅋㅋㅋ
[2021-12-10 23:07:01] <%서하은 (rigel_w)> 머야 적팀
[2021-12-10 23:07:23] <%서하은 (rigel_w)> 오
[2021-12-10 23:07:23] <+갠쥐 (duckgooo)> 뛰어서 따라올라그래
[2021-12-10 23:07:23] <+김순백 (oishi0)> 이거 거점먹는 게임인데 애들 거점 안먹음
[2021-12-10 23:07:25] <+김순백 (oishi0)> ㅋㅋㅋㅋㅋㅋ
[2021-12-10 23:07:26] <현피뜨던가 (kyutae9268)> !명령어
[2021-12-10 23:07:26] <@^Nightbot> https://nightbot.tv/t/obly99/commands
[2021-12-10 23:07:26] <^싹둑 (ssakdook)> http://ssakdook.twip.kr/command/obly99
[2021-12-10 23:07:27] <+갠쥐 (duckgooo)> 어제의 나같다
[2021-12-10 23:07:31] <먀옹먀옹이 (dbtmdals4536)> 그래서 잼씀
[2021-12-10 23:07:32] <냥냥만월 (qlslbn1)> 예전보다 더 빨라진거같네
[2021-12-10 23:07:33] <%2나루 (lee_naru)> 원래 애들이 약했나
[2021-12-10 23:08:00] <먀옹먀옹이 (dbtmdals4536)> 대 학살자;;
[2021-12-10 23:08:10] <김바닥_ (kimbadak_)> ?
[2021-12-10 23:08:12] <%서하은 (rigel_w)> 혼자 겜하내
[2021-12-10 23:08:14] <%2나루 (lee_naru)> ㄷㄷ
[2021-12-10 23:08:17] <먀옹먀옹이 (dbtmdals4536)> ㅋㅋㅋ 애들 어이없겠네
[2021-12-10 23:08:23] <neverfade1> LUL
[2021-12-10 23:08:32] <+갠쥐 (duckgooo)> 팀원들 ㄹㅇ 기차태워주네
[2021-12-10 23:08:36] <먀옹먀옹이 (dbtmdals4536)> 투척도 휘어요 ㅋㅋㅋ
[2021-12-10 23:08:44] <+김순백 (oishi0)> 버스가 아니라 기차 태워준다 ㄹㅇㅋㅋㅋ
[2021-12-10 23:09:05] <먀옹먀옹이 (dbtmdals4536)> 어케맞췄노
[2021-12-10 23:09:07] <+김순백 (oishi0)> 저걸 맞춰..?
[2021-12-10 23:17:11] <+김순백 (oishi0)> 으악 먹혔다
[2021-12-10 23:17:22] <%2나루 (lee_naru)> ㅠ
