# Log started: 2021-12-10 23:27:25 +0900
[2021-12-10 23:27:25] #obly99 채널 입장 중입니다
[2021-12-10 23:27:25] #obly99 채널에 입장했습니다
[2021-12-10 23:27:26] ~apex (Apex Legends)~
[2021-12-10 23:27:32] <꽃미남임태발 (srews11)> !mouse
[2021-12-10 23:27:32] <@^Nightbot> zowie s2-c
[2021-12-10 23:27:35] <꽃미남임태발 (srews11)> !mousepad
[2021-12-10 23:27:35] <@^Nightbot> haaaaaayaaaaaateeeeeeeooooootsuuuuu
[2021-12-10 23:28:29] <%다래01 (dalea01)> ??????ㅋㅋㅋㅋ
[2021-12-10 23:28:29] <+もちもちトンカチ (mochitonkachi)> lol
[2021-12-10 23:28:29] <+김순백 (oishi0)> ㅋㅋㅋㅋㅋㅋㅋㅋㅋ
[2021-12-10 23:28:33] <%+Yubin716> ㅋㅋㅋㅋㅋㅋㅋ
[2021-12-10 23:28:38] <+김순백 (oishi0)> 머리 위에 올라갔나?
[2021-12-10 23:28:39] <세바라기 (newclearman)> 머리에 올라탔네
[2021-12-10 23:28:40] <%다래01 (dalea01)> 이걸 머리 위로 타네..
[2021-12-10 23:28:52] <dlil808> 저거 당하면 ㅈ같음 ㅋㅋㅋ
[2021-12-10 23:29:28] <만딩이 (andrewy24)> 가방관리 어캐해여?
[2021-12-10 23:29:49] <+김순백 (oishi0)> 오잉
[2021-12-10 23:29:56] <%+Yubin716> obly99Gosu
[2021-12-10 23:31:03] <+김순백 (oishi0)> 램페 버그 고쳤던뎅
[2021-12-10 23:31:06] <철파카 (cjfgkfcjf12)> 램페버그
[2021-12-10 23:31:09] <철파카 (cjfgkfcjf12)> 다시뚫렸어요
[2021-12-10 23:31:26] <+김순백 (oishi0)> 엥 진짜요?
[2021-12-10 23:31:45] <cowe4> 커스텀 도트 넘 맘에든다
[2021-12-10 23:32:10] <%록시상 (roxy332)> ㄷㄷ 요즘 방송 킬때마다 오래해주시네
[2021-12-10 23:32:21] <%+Yubin716> 캬
[2021-12-10 23:32:21] <gafanhotovirgem> !sens
[2021-12-10 23:32:21] <@^Nightbot> 400dpi 2.4 1 hold
[2021-12-10 23:32:21] <dlil808> 와우
[2021-12-10 23:32:22] <철파카 (cjfgkfcjf12)> 와
[2021-12-10 23:32:27] <For9etMeNot_> 오블리 이 짐승!오블리 이 짐승!오블리 이 짐승!
[2021-12-10 23:32:36] <%록시상 (roxy332)> obly99Mujeok obly99Mujeok
[2021-12-10 23:32:36] <%+Yubin716> 이게 ASMR이지
[2021-12-10 23:32:39] <+김순백 (oishi0)> 박력
[2021-12-10 23:32:47] <%아에이오우이에오우 (nty3535)> obly99Mujeok obly99Mujeok
[2021-12-10 23:33:06] <만딩이 (andrewy24)> 램페 센티넬 무한차지 버그잇서여
[2021-12-10 23:33:07] <+もちもちトンカチ (mochitonkachi)> nice
[2021-12-10 23:33:27] <철파카 (cjfgkfcjf12)> 버그 다시 뚫려서 쓰는사람많을지도
[2021-12-10 23:33:38] <%다래01 (dalea01)> 얄밉게 머리만 내미네
[2021-12-10 23:33:45] <gafanhotovirgem> !res
[2021-12-10 23:33:45] <@^Nightbot> 1920x1080 240hz
[2021-12-10 23:33:56] <+김순백 (oishi0)> 배타리 개많당
[2021-12-10 23:34:07] <트존못 (bh0915)> !sens
[2021-12-10 23:34:07] <@^Nightbot> 400dpi 2.4 1 hold
[2021-12-10 23:34:18] <xinless_> !mouse
[2021-12-10 23:34:19] <@^Nightbot> zowie s2-c
[2021-12-10 23:34:44] <%서하은 (rigel_w)> 오
[2021-12-10 23:34:52] <%토연 (soooooyy)> obly99Gosu
[2021-12-10 23:34:55] <+김순백 (oishi0)> 고수
[2021-12-10 23:34:56] <+もちもちトンカチ (mochitonkachi)> wtf
[2021-12-10 23:35:14] <%Lovabl3_> !mousepad
[2021-12-10 23:35:14] <@^Nightbot> haaaaaayaaaaaateeeeeeeooooootsuuuuu
[2021-12-10 23:35:15] <+김순백 (oishi0)> 한팀 남았네 ㅋㅋㅋ
[2021-12-10 23:35:48] <滑鼠宏 (ahiro_tw)> !pc
[2021-12-10 23:35:49] <@^Nightbot> https://www.pc-koubou.jp/products/detail.php?product_id=846136, ram :F4-4800C18D-16GTRG
[2021-12-10 23:36:09] <+김순백 (oishi0)> 모르겠네용
[2021-12-10 23:36:21] <dlil808> 요즘 가끔 그러던데
[2021-12-10 23:36:29] <+김순백 (oishi0)> 안 보이긴해요
[2021-12-10 23:36:36] <마쓰타해외승인 (k7807352)> 저걸보네...
[2021-12-10 23:36:56] <+김순백 (oishi0)> 왜 여깄는거지..
[2021-12-10 23:38:05] <마쓰타해외승인 (k7807352)> ㄷㄷ
[2021-12-10 23:38:06] <%다래01 (dalea01)> 와아ㅜ;
[2021-12-10 23:38:07] <%서하은 (rigel_w)> 뮤신
[2021-12-10 23:38:08] <+김순백 (oishi0)> ㅋㅋㅋㅋㅋㅋ gg
[2021-12-10 23:38:08] <@%libero__> obly99Mujeok
[2021-12-10 23:38:09] <%+Yubin716> obly99Gg obly99Gg
[2021-12-10 23:38:09] <+もちもちトンカチ (mochitonkachi)> gg
[2021-12-10 23:38:10] <jerryhsuu> wwwww
[2021-12-10 23:38:10] <%청꾸리 (tjsdjq123)> 와....
[2021-12-10 23:38:11] <%토연 (soooooyy)> obly99Gg obly99Gg
[2021-12-10 23:38:13] <피스앤칩스 (non3140)> ㄴㅇㅅ
[2021-12-10 23:38:15] <じょり田そちゃ (jorrypage)> GG
[2021-12-10 23:38:15] <caajani> karonpEgg
[2021-12-10 23:38:15] <쿄쿄플렉스 (bboyho)> 꺄리 그 자체
[2021-12-10 23:38:16] <%human_arms> ez
[2021-12-10 23:38:17] <dlil808> 와 ㄷㄷ
[2021-12-10 23:38:21] <%jimejimecookie> obly99Gg
[2021-12-10 23:38:22] <_대현_ (tifh9999)> 와
[2021-12-10 23:38:29] <마쓰타해외승인 (k7807352)> 301힙샷 개정확하게 박으시네...
[2021-12-10 23:38:29] <%hoshiiii06> obly99Gg
[2021-12-10 23:38:33] <1111n1111> insane
[2021-12-10 23:38:33] <kimstora> 얼마나 연습하면 그렇게까지 잘해질수있나용
[2021-12-10 23:38:42] <+김순백 (oishi0)> 침착하네용
[2021-12-10 23:38:44] <dlil808> 새로태어나야할듯
[2021-12-10 23:38:51] <+김순백 (oishi0)> ?ㅋㅋㅋㅋㅋㅋㅋㅋㅋ
[2021-12-10 23:38:56] <+김순백 (oishi0)> 개웃곀ㅋㅋ 개단호
[2021-12-10 23:38:56] <%토연 (soooooyy)> 요거 노래제목 뭔가용...
[2021-12-10 23:39:04] <프네_ (ksm20193_)> !fov
[2021-12-10 23:39:04] <@^Nightbot> 110
[2021-12-10 23:39:08] <세바라기 (newclearman)> 에펙플탐 몇시간정도인가요?
[2021-12-10 23:39:15] <krazysokkou> やば
[2021-12-10 23:39:16] <tanbbang00> 사이타마 운동법하세여 그럼 오블리씨처럼 쏠수잇어요
[2021-12-10 23:39:25] <tanbbang00> 다반 사이타마 운동법은 사이타마만 할수잇다는점
[2021-12-10 23:39:26] <+김순백 (oishi0)> 왕
[2021-12-10 23:39:29] <%서하은 (rigel_w)> 오
[2021-12-10 23:39:30] <@%libero__> 오,,
[2021-12-10 23:39:36] <%서하은 (rigel_w)> ㅋㅋㅋㅋㅋㅋㅋㅋㅋㅋㅋ
[2021-12-10 23:39:42] <%토연 (soooooyy)> ㅋㅋㅋㅋㅋㅋㅋㅋ길어서 컷..
[2021-12-10 23:40:17] <+もちもちトンカチ (mochitonkachi)> NotLikeThis
[2021-12-10 23:40:18] <herou_o> !uptime
[2021-12-10 23:40:19] <@^Nightbot> 방송시간: 4 hours 29 minutes 4 seconds
[2021-12-10 23:40:41] <아르티옴_ (gus_0604)> 이경성 방송 그만봐
[2021-12-10 23:40:47] <+김순백 (oishi0)> 이번에 보상으로 주는 생쥐부적 보셨나요
[2021-12-10 23:40:57] <+김순백 (oishi0)> 존귀탱임….
[2021-12-10 23:41:21] <+김순백 (oishi0)> ㅋㅋㅋㅋㅋㅋㅋㅋㅋㅋㅋㅋ
[2021-12-10 23:41:21] <_대현_ (tifh9999)> 뉴비가 쓰기 좋은 추천 캐릭터 있나요?
[2021-12-10 23:41:26] <+もちもちトンカチ (mochitonkachi)> lol
[2021-12-10 23:41:26] <%토연 (soooooyy)> ㅋㅋㅋㅋ커엽
[2021-12-10 23:41:26] <@%libero__> 귀엽긴 한데 너무 진짜같다;;
[2021-12-10 23:41:26] <%서하은 (rigel_w)> ㅋㅋㅋㅋㅋㅋ
[2021-12-10 23:41:27] <xkz1459> ㅋㅋㅋㅋㅋㅋㅋㅋ
[2021-12-10 23:41:28] <%+Yubin716> ㅋㅋㅋㅋㅋㅋㅋ
[2021-12-10 23:41:28] <%다래01 (dalea01)> LUL LUL
[2021-12-10 23:41:32] <@%libero__> 꼬리가.. 윽
[2021-12-10 23:41:33] <hiraco7373> 징그러
[2021-12-10 23:41:34] <+김순백 (oishi0)> ㅋㅋㅋㅋㅋㅋㅋㅋㅋ귀엽잖아요 ㅠ
[2021-12-10 23:41:35] <%서하은 (rigel_w)> 줮나 징그러워
[2021-12-10 23:41:38] <xkz1459> 이름 에이펙스 프레데터인게 킬포 ㅋㅋ
[2021-12-10 23:41:40] <아르티옴_ (gus_0604)> 징그러워 경성이같애
[2021-12-10 23:41:40] <@%libero__> obly99Um
[2021-12-10 23:41:40] <%서하은 (rigel_w)> ㄹㅇ..
[2021-12-10 23:41:44] <+김순백 (oishi0)> 엄..
[2021-12-10 23:41:48] <%+ころな567 (koronakorokoro)> 🐭
[2021-12-10 23:41:58] <완뽕입니다 (2dotdev)> 이번 플랫 스킨 어떤가요?
[2021-12-10 23:41:59] <+김순백 (oishi0)> Mau5
[2021-12-10 23:42:11] <아르티옴_ (gus_0604)> !감도
[2021-12-10 23:42:12] <^싹둑 (ssakdook)> DPI 400 2.4 1 hold
[2021-12-10 23:42:22] <아르티옴_ (gus_0604)> 2.4 고정이신가요
[2021-12-10 23:42:29] <+김순백 (oishi0)> 윙맨에 달아주세여 생쥐
[2021-12-10 23:43:30] <+김순백 (oishi0)> ㅇㅎ..
[2021-12-10 23:43:31] <%서하은 (rigel_w)> ㅋㅋㅋㅋㅋㅋㅋㅋㅋㅋ
[2021-12-10 23:43:33] <Yanny_t> 1 hold는 무슨 옵션인가요?
[2021-12-10 23:43:34] <짹짹참새 (aiie2525)> 뭐하는방임@/
[2021-12-10 23:43:36] <xkz1459> ㅋㅋㅋㅋㅋㅋ
[2021-12-10 23:43:38] <%토연 (soooooyy)> ㅋㅋㅋㅋㅋㅋㅋㅋㅋㅋㅋㅋㅋㅋㅋㅋ
[2021-12-10 23:43:45] <+김순백 (oishi0)> 아이언사이트 다른건 배패스킨밖에 없지않나요
[2021-12-10 23:43:53] <완뽕입니다 (2dotdev)> 아 이번 플랫도 망이군요 ㅠ
[2021-12-10 23:43:56] <+김순백 (oishi0)> ㅋㅋㅋㅋㅋㅋㅋㅋㅋㅋ
[2021-12-10 23:43:56] <%서하은 (rigel_w)> ㄹㅇㅋㅋ
[2021-12-10 23:44:01] <+김순백 (oishi0)> 그렇구나
[2021-12-10 23:44:02] <dlil808> ㅎㅎㅎㅎ
[2021-12-10 23:44:05] <xkz1459> 이젠 아이언사이트 달라지는 스킨 안만든다고 했다는 카더라가 있습니다..
[2021-12-10 23:44:11] <완뽕입니다 (2dotdev)> 윙맨도 그런가요?
[2021-12-10 23:44:20] <xkz1459> 윙맨도 뚱맨 그자체
[2021-12-10 23:44:38] <+もちもちトンカチ (mochitonkachi)> SeemsGood
[2021-12-10 23:44:40] <+김순백 (oishi0)> 왜 그러는거야..
[2021-12-10 23:44:41] <Yanny_t> 아니 근데 스킨은 이쁜데 플렛
[2021-12-10 23:44:45] <0ぱいもん0 (towarin2)> predator Dive
[2021-12-10 23:45:11] <우리집공주사료싸개 (houshou_m)> 플랫 스킨은 언제 풀어줄지
[2021-12-10 23:45:29] <kimstora> 한국에서 살면 에펙 잘해지나여?ㅋㅋ
[2021-12-10 23:45:33] <+김순백 (oishi0)> 갖고싶다..
[2021-12-10 23:45:34] <Yanny_t> 그 플렛 옆면에 마스크 3개씩 달린건 갠찮은건가요?ㅋㅋㅋ
[2021-12-10 23:45:37] <우리집공주사료싸개 (houshou_m)> 히트싱크 안푼대여???
[2021-12-10 23:45:49] <+갠쥐 (duckgooo)> 아왜 풀어줘
[2021-12-10 23:45:52] <+갠쥐 (duckgooo)> ㅜ
[2021-12-10 23:46:01] <케이세이 (keisei1020)> 랭 언제해요??
[2021-12-10 23:46:04] <+김순백 (oishi0)> 그거 이쁘긴함
[2021-12-10 23:46:09] <냥냥만월 (qlslbn1)> 히트싱크 같은 아이언사이트가 바뀌는 스킨을 안낸다고은 들엇은데
[2021-12-10 23:46:11] <Yanny_t> 네네!
[2021-12-10 23:46:31] <Yanny_t> 옥테인 스킨이랑 같이 나와서 바로 질렀는데ㅋㅋㅋㅋ
[2021-12-10 23:46:38] <+わああああああ (cyanliar)> speac japanese
[2021-12-10 23:46:48] <강호12 (sky4good)> 랭겜 보면서 뇌지컬 좀 배워가는 맛이 있습니다.
[2021-12-10 23:46:51] <luke5221> 우욱...
[2021-12-10 23:46:59] <+김순백 (oishi0)> 지붕이 왜요 꿀잼이에요
[2021-12-10 23:47:06] <+김순백 (oishi0)> 일단 오블리 에임이 꿀잼임
[2021-12-10 23:47:20] <+김순백 (oishi0)> ㅋㅋㅋㅋㅋㅋ다이소 ㅋㅋㅋ
[2021-12-10 23:47:28] <철파카 (cjfgkfcjf12)> 오블리 지붕이한테 피니셔당하고싶다..
[2021-12-10 23:47:29] <%+Yubin716> 에임 보는 맛이 좋아서 캐릭은 상관 없는듯
[2021-12-10 23:47:45] <%+Yubin716> 캬
[2021-12-10 23:48:42] <luke5221> 끊어쏘기 팁좀요..
[2021-12-10 23:48:46] <luke5221> 지리긴한다
[2021-12-10 23:49:20] <@%libero__> ㅋㅋㅋㅋㅋㅋㅋㅋㅋㅋㅋㅋㅋㅋㅋㅋㅋㅋㅋㅋㅋㅋㅋㅋㅋ
[2021-12-10 23:49:21] <+김순백 (oishi0)> ㅋㅋㅋㅋㅋㅋㅋㅋㅋㅋ
[2021-12-10 23:49:23] [Notification] mekazuu subscribed at Tier 1.
[2021-12-10 23:49:23] <방꺽뿡 (kumtaeyang)> 야비한 플레이의 대가
[2021-12-10 23:49:25] <+もちもちトンカチ (mochitonkachi)> pogU
[2021-12-10 23:49:29] <sirius_gib> nicee
[2021-12-10 23:49:31] <crazygeens> ㅋㅋㅋㅋㅋㅋㅋㅋ
[2021-12-10 23:49:32] <じょり田そちゃ (jorrypage)> omg
[2021-12-10 23:50:00] <ratelltwiner> ㅋㅋㅋ
[2021-12-10 23:50:11] <@%libero__> obly99Sad
[2021-12-10 23:50:11] <+김순백 (oishi0)> ㅋㅋㅋㅋㅋㅋㅋㅋㅋㅋ
[2021-12-10 23:50:11] <쿄쿄플렉스 (bboyho)> 훡!
[2021-12-10 23:50:16] <%+Yubin716> ㅋㅋㅋㅋㅋㅋ
[2021-12-10 23:50:21] <듀공___ (dugongeee)> !감도
[2021-12-10 23:50:22] <%+Yubin716> obly99Scream
[2021-12-10 23:50:22] <^싹둑 (ssakdook)> DPI 400 2.4 1 hold
[2021-12-10 23:50:30] <+김순백 (oishi0)> 구독자 뱃지는 왜 없는건가요
[2021-12-10 23:50:39] <나도행복할래 (minjoon0509)> !업타임
[2021-12-10 23:50:40] <^싹둑 (ssakdook)> 방송 업타임: 4 시간 39 분 24 초
[2021-12-10 23:50:55] <luke5221> 초근접에서 자주 끊어쏘시던데 팁이 있을까요
[2021-12-10 23:50:56] <@%libero__> obly99Um
[2021-12-10 23:50:56] <+김순백 (oishi0)> 이모티콘도 직접 만드신거에요?
[2021-12-10 23:51:00] <+김순백 (oishi0)> 엄..
[2021-12-10 23:51:21] <냥냥만월 (qlslbn1)> 엄
[2021-12-10 23:51:23] <+김순백 (oishi0)> 엄은 오블리작품이구나
[2021-12-10 23:51:23] <%+Yubin716> obly99Riddle01
[2021-12-10 23:51:26] <%MilkDDR> obly99Um
[2021-12-10 23:51:41] <%다래01 (dalea01)> LUL
[2021-12-10 23:52:03] <%+Yubin716> ㅋㅋㅋㅋㅋㅋ
[2021-12-10 23:52:14] <@%libero__> ㅋㅋㅋㅋㅋㅋㅋㅋㅋㅋㅋㅋ아니 개너무해
[2021-12-10 23:52:15] <%츄르사냥꾼 (churuhunter)> ㅋㅋㅋㅋㅋ
[2021-12-10 23:52:16] <@%libero__> ㅋㅋㅋㅋㅋㅋㅋㅋㅋㅋㅋㅋㅋㅋㅋㅋㅋ
[2021-12-10 23:52:17] <+김순백 (oishi0)> ㄴㅋㅋㅋㅋㅋㅋㅋㅋㅋㅋ
[2021-12-10 23:52:18] <%MilkDDR> ㅋㅋㅋㅋㅋㅋㅋㅋㅋㅋ
[2021-12-10 23:52:19] <철파카 (cjfgkfcjf12)> ㅋㅋㅋㅋㅋㅋㅋㅋㅋㅋㅋㅋㅋㅋ
[2021-12-10 23:52:19] <%다래01 (dalea01)> ㅋㅋㅋㅋㅋㅋㅋㅋㅋ
[2021-12-10 23:52:20] <noprbs> LUL
[2021-12-10 23:52:20] <+kawaiiqiqi> obly99Cinder obly99Cinder obly99Cinder
[2021-12-10 23:52:22] <ured332> 오늘 겜삭제하겠네
[2021-12-10 23:52:23] <%+Yubin716> LUL
[2021-12-10 23:52:24] <+김순백 (oishi0)> LUL
[2021-12-10 23:52:24] <+갠쥐 (duckgooo)> ㅋㅋㅋㅋㅋㅋㅋㅋㅋㅋㅋㅋㅋㅋㅋㅋㅋ
[2021-12-10 23:52:24] <noprbs> LUL LUL BibleThump
[2021-12-10 23:52:26] <ratelltwiner> ㅋㅋㅋ
[2021-12-10 23:52:28] <%mystic_kun100> selly5Sellypog selly5Sellypog selly5Sellypog
[2021-12-10 23:52:29] <철파카 (cjfgkfcjf12)> 오늘도 한명접습니다..
[2021-12-10 23:52:38] <%+nekokami1968> !sens
[2021-12-10 23:52:39] <@^Nightbot> 400dpi 2.4 1 hold
[2021-12-10 23:53:04] <+김순백 (oishi0)> 개존맛 NomNom
[2021-12-10 23:54:19] <지나가는지 (s1mtae)> !sens
[2021-12-10 23:54:19] <@^Nightbot> 400dpi 2.4 1 hold
[2021-12-10 23:54:27] <지나가는지 (s1mtae)> !mouse
[2021-12-10 23:54:27] <@^Nightbot> zowie s2-c
[2021-12-10 23:55:06] <%다래01 (dalea01)> ?
[2021-12-10 23:55:06] <+김순백 (oishi0)> 와
[2021-12-10 23:55:08] <+김순백 (oishi0)> 대박
[2021-12-10 23:55:08] <ured332> 레전드 ㅋㅋ
[2021-12-10 23:55:09] <%+Yubin716> 오
[2021-12-10 23:55:09] <%츄르사냥꾼 (churuhunter)> 초고수
[2021-12-10 23:55:12] <Yanny_t> 진짜 샷건은 피키다 찰지다 진짜ㅋ
[2021-12-10 23:55:16] <+김순백 (oishi0)> ㅋㅋㅋㅋㅋㅋㅋㅋ쟤는 왜타
[2021-12-10 23:55:16] <%+Yubin716> ㅋㅋㅋㅋㅋㅋ
[2021-12-10 23:55:18] <흐드브드 (wond6526)> 배달 ㅋㅋ
[2021-12-10 23:55:18] <+갠쥐 (duckgooo)> ㅋㅋㅋㅋㅋㅋㅋ
[2021-12-10 23:55:19] <세바라기 (newclearman)> 고순가?
[2021-12-10 23:55:20] <+kawaiiqiqi> obly99Cinder obly99Cinder
[2021-12-10 23:55:21] <철파카 (cjfgkfcjf12)> 몰래온손님
[2021-12-10 23:55:22] <+김순백 (oishi0)> ㅋㅋㅋㅋㅋㅋㅋㅋㅋㅋ웃긴 녀석이네
[2021-12-10 23:55:23] <%다_운 (4llluck)> vor3zYabe2
[2021-12-10 23:56:05] <Yanny_t> 낄끼빠빠해야되ㅋㅋㅋㅋ
[2021-12-10 23:56:20] <%다래01 (dalea01)> 와 방금 상대 무빙 지리넹
[2021-12-10 23:56:30] <+김순백 (oishi0)> 피킵 스킨 넘 이뿌다
[2021-12-10 23:57:12] <3xapex> !sens
[2021-12-10 23:57:12] <@^Nightbot> 400dpi 2.4 1 hold
[2021-12-10 23:57:35] <hamong369> !fov
[2021-12-10 23:57:35] <@^Nightbot> 110
[2021-12-10 23:57:59] <철파카 (cjfgkfcjf12)> 새로운 손님이 왔네요
[2021-12-10 23:58:12] <sangmin2ya> 왜 5킬이킬러더를 먹은거지
[2021-12-10 23:58:19] <+김순백 (oishi0)> 까비
[2021-12-10 23:58:23] <%다래01 (dalea01)> BibleThump
[2021-12-10 23:58:29] <+김순백 (oishi0)> 집안에 있는데 지붕이 궁이 맞네
[2021-12-10 23:58:31] <%+Yubin716> ㄲㅂ
[2021-12-10 23:58:43] <asdf1890> 싸움이 너무길었나바연..
[2021-12-10 23:58:47] <+김순백 (oishi0)> ㅇㅈ 스톰포인트여도 재밌었당
[2021-12-10 23:58:55] <+김순백 (oishi0)> 다들 와줘서 ㅋㅋ
[2021-12-10 23:59:00] <meluky_> konbanwa
[2021-12-10 23:59:09] Viewerstats (23:27-23:59): avg:1,189 min:1,117 max:1,270 [17/1,117+0+54+0+0+74+0+23-137+0+45+0+0+21+0+73+0]
[2021-12-10 23:59:26] <luke5221> 옥상 왓슨궁 깔린집 포탈까지 깐거치고
[2021-12-10 23:59:32] <luke5221> 좀 질질 끌린거같긴함
[2021-12-11 00:01:08] <+김순백 (oishi0)> 엥 이게 ㅋㅋㅋ
[2021-12-11 00:01:36] <마쓰타해외승인 (k7807352)> 로바소리가?
[2021-12-11 00:01:45] <%다_운 (4llluck)> vor3zRabbit
[2021-12-11 00:01:51] <+김순백 (oishi0)> 왜 자꾸 안올라가져
[2021-12-11 00:01:59] <%다_운 (4llluck)> 턱이있어서?
[2021-12-11 00:02:11] <%+nekokami1968> !sens
[2021-12-11 00:02:11] <@^Nightbot> 400dpi 2.4 1 hold
[2021-12-11 00:02:14] <%다_운 (4llluck)> obly99Scream
[2021-12-11 00:02:22] <마쓰타해외승인 (k7807352)> 부활했다
[2021-12-11 00:02:59] <ifyer> !mouse
[2021-12-11 00:02:59] <@^Nightbot> zowie s2-c
[2021-12-11 00:03:01] <xphtye> !mouse
[2021-12-11 00:03:16] <ifyer> !mousepad
[2021-12-11 00:03:16] <@^Nightbot> haaaaaayaaaaaateeeeeeeooooootsuuuuu
[2021-12-11 00:03:45] <%다_운 (4llluck)> 노실드
[2021-12-11 00:04:19] <@%libero__> obly99Mujeok
[2021-12-11 00:04:19] <마쓰타해외승인 (k7807352)> 캬
[2021-12-11 00:04:22] <+もちもちトンカチ (mochitonkachi)> oooooooooooo
[2021-12-11 00:04:22] <%다_운 (4llluck)> vor3zYabe2 vor3zYabe2 vor3zYabe2
[2021-12-11 00:04:32] <+김순백 (oishi0)> 탄이 없네
[2021-12-11 00:04:32] <%다래01 (dalea01)> vor3zYabe2
[2021-12-11 00:04:37] <+もちもちトンカチ (mochitonkachi)> no item lol
[2021-12-11 00:04:40] <+kawaiiqiqi> obly99Cinder obly99Cinder obly99Cinder obly99Cinder obly99Cinder
[2021-12-11 00:04:42] <$tommy3141592> !uptime
[2021-12-11 00:04:42] <@^Nightbot> 방송시간: 4 hours 53 minutes 27 seconds
[2021-12-11 00:04:45] <オサジョ (tmi8584)> omg
[2021-12-11 00:05:16] <+LiLyWaltz> !sens
[2021-12-11 00:05:16] <@^Nightbot> 400dpi 2.4 1 hold
[2021-12-11 00:06:30] <+yossh_bl3> u r good as usual
[2021-12-11 00:06:37] <andongx> !fov
[2021-12-11 00:06:38] <@^Nightbot> 110
[2021-12-11 00:07:17] <1ch1g0ooo___120_> !sens
[2021-12-11 00:07:17] <@^Nightbot> 400dpi 2.4 1 hold
[2021-12-11 00:07:25] <1ch1g0ooo___120_> !ads
[2021-12-11 00:07:25] <@^Nightbot> 1 (hold) 255/255/255
[2021-12-11 00:07:43] <andongx> !sens
[2021-12-11 00:07:43] <@^Nightbot> 400dpi 2.4 1 hold
[2021-12-11 00:07:53] <+もちもちトンカチ (mochitonkachi)> nicee
[2021-12-11 00:07:59] <1ch1g0ooo___120_> !res
[2021-12-11 00:07:59] <@^Nightbot> 1920x1080 240hz
[2021-12-11 00:08:09] <+kawaiiqiqi> うますぎる
[2021-12-11 00:08:11] <kweezyz> i love obly
[2021-12-11 00:08:41] <rinrinapex> !age
[2021-12-11 00:08:41] <@^Nightbot> 21yo
[2021-12-11 00:10:42] <우주친구 (fdie2341)> 무지성 도망
[2021-12-11 00:11:04] <%서하은 (rigel_w)> ㅋㅋㅋㅋㅋㅋㅋ
[2021-12-11 00:11:08] <@%libero__> 와 ㅋㅋㅋㅋ
[2021-12-11 00:11:15] <jerryhsuu> www
[2021-12-11 00:11:17] <우주친구 (fdie2341)> 하필 발키리를 죽였네
[2021-12-11 00:11:20] <rinrinapex> lol
[2021-12-11 00:11:20] <우주친구 (fdie2341)> ㅋㅋㅋㅋㅋㅋㅋㅋㅋ
[2021-12-11 00:11:24] <ratelltwiner> 캬
[2021-12-11 00:11:31] <+kawaiiqiqi> obly99Cinder obly99Cinder obly99Cinder
[2021-12-11 00:12:27] <%서하은 (rigel_w)> 오
[2021-12-11 00:12:38] <+もちもちトンカチ (mochitonkachi)> wtf
[2021-12-11 00:12:51] <+masaru_55> !sens
[2021-12-11 00:12:51] <@^Nightbot> 400dpi 2.4 1 hold
[2021-12-11 00:12:57] <아무도날몰랐으면 (wantnobodyknowme)> !fov
[2021-12-11 00:12:57] <@^Nightbot> 110
[2021-12-11 00:13:02] <+もちもちトンカチ (mochitonkachi)> tracking aim on the top
[2021-12-11 00:13:16] <sak_tie> !sens
[2021-12-11 00:13:16] <@^Nightbot> 400dpi 2.4 1 hold
[2021-12-11 00:13:51] <takotakosanx> beautiful
[2021-12-11 00:14:16] <%백원100 (k100won)> ㅎㅎ
[2021-12-11 00:14:17] <%서하은 (rigel_w)> gg
[2021-12-11 00:14:18] <@%libero__> obly99Gg obly99Gg
[2021-12-11 00:14:18] <%백원100 (k100won)> gg~
[2021-12-11 00:14:22] <피스앤칩스 (non3140)> ㄴㅇㅅ
[2021-12-11 00:14:22] <jerryhsuu> GG
[2021-12-11 00:14:23] <%98nabi> 와
[2021-12-11 00:14:24] <%MilkDDR> obly99Gg obly99Gg
[2021-12-11 00:14:24] <+detopompom> gose
[2021-12-11 00:14:26] <じょり田そちゃ (jorrypage)> GG
[2021-12-11 00:14:29] <%98nabi> obly99Gg obly99Gg obly99Gg
[2021-12-11 00:14:30] <+kawaiiqiqi> wow gg gosu oblyyyy
[2021-12-11 00:14:36] <%다_운 (4llluck)> obly99Gg
[2021-12-11 00:14:37] <%nekokon_> obly99Gg obly99Gg
[2021-12-11 00:14:39] <rio_c0024> nice
[2021-12-11 00:14:39] <+detopompom> gosu
[2021-12-11 00:14:41] <Yanny_t> 볼트는 조준점 잘 안사용하시나봐요?
[2021-12-11 00:14:46] <%+ionkalium9603> obly99Gg obly99Gg
[2021-12-11 00:14:49] <takotakosanx> gg
[2021-12-11 00:14:52] <%hoshiiii06> obly99Gg obly99Gg
[2021-12-11 00:14:56] <%다_운 (4llluck)> obly99Mujeok
[2021-12-11 00:14:59] <falxblooom> !sens
[2021-12-11 00:14:59] <@^Nightbot> 400dpi 2.4 1 hold
[2021-12-11 00:15:02] <%다_운 (4llluck)> obly99Gg obly99Gg obly99Gg
[2021-12-11 00:15:03] <%서하은 (rigel_w)> 잘가고
[2021-12-11 00:15:04] <@%libero__> obly99Bye obly99Bye 빠이빠이~
[2021-12-11 00:15:05] <%다_운 (4llluck)> obly99Bye obly99Bye obly99Bye
[2021-12-11 00:15:05] <Makguksu2> 수고요
[2021-12-11 00:15:06] <+yossh_bl3> otsu
[2021-12-11 00:15:07] <+kawaiiqiqi> obly99Cinder obly99Cinder
[2021-12-11 00:15:08] <%human_arms> obly99Bye
[2021-12-11 00:15:08] <caajani> karonpEBYE selly5SellyBye
[2021-12-11 00:15:08] <%다_운 (4llluck)> obly99Bye obly99Bye
[2021-12-11 00:15:09] <%MilkDDR> obly99Bye
[2021-12-11 00:15:11] <じょり田そちゃ (jorrypage)> bye
[2021-12-11 00:15:12] <%jimejimecookie> obly99Bye
[2021-12-11 00:15:13] <%98nabi> obly99Bye obly99Bye obly99Bye
[2021-12-11 00:15:13] <falxblooom> !fov
[2021-12-11 00:15:13] <@^Nightbot> 110
[2021-12-11 00:15:14] <%다_운 (4llluck)> obly99Riddle01 obly99Bye obly99Riddle01
[2021-12-11 00:15:14] <takotakosanx> お疲れ様！
[2021-12-11 00:15:14] <+もちもちトンカチ (mochitonkachi)> bye
[2021-12-11 00:15:15] <%+ころな567 (koronakorokoro)> bye
[2021-12-11 00:15:17] <%+omatakaze1> obly99Sad
[2021-12-11 00:15:17] <%chi_7777> obly99Bye obly99Bye
[2021-12-11 00:15:17] <+detopompom> obly99Cinder obly99Cinder
[2021-12-11 00:15:17] <%hoshiiii06> 수고하셨어요 obly99Bye
[2021-12-11 00:15:17] <noprbs> thx for the stream!
[2021-12-11 00:15:17] <%다_운 (4llluck)> obly99Bye obly99Riddle01 obly99Bye
[2021-12-11 00:15:18] <%98nabi> otsuuuu
[2021-12-11 00:15:19] <jaywong7> byebye
[2021-12-11 00:15:21] <%서하은 (rigel_w)> obly99Bye obly99Bye obly99Bye
[2021-12-11 00:15:23] <rio_c0024> bye~
[2021-12-11 00:15:24] <피스앤칩스 (non3140)> 꿀잼이였어요
[2021-12-11 00:15:24] <%다_운 (4llluck)> obly99Riddle01 obly99Bye obly99Riddle01 obly99Bye obly99Riddle01
[2021-12-11 00:15:26] <%+omatakaze1> obly99Bye
[2021-12-11 00:15:33] <%iamtc23> obly99Bye obly99Bye obly99Bye
[2021-12-11 00:15:33] <%nekokon_> obly99Bye obly99Bye
[2021-12-11 00:15:35] <%다_운 (4llluck)> vor3zRabbit
[2021-12-11 00:15:36] <~%obly99> HeyGuys
[2021-12-11 00:15:37] <noprbs> good night VoHiYo
[2021-12-11 00:15:39] <%98nabi> HeyGuys HeyGuys HeyGuys
[2021-12-11 00:15:42] <으겸2 (gyeom9420)> BibleThump
[2021-12-11 00:15:43] <%jimejimecookie> HeyGuys
[2021-12-11 00:15:47] <ヤンガム (twitch_ktym)> HeyGuys
[2021-12-11 00:15:51] <noprbs> HeyGuys
[2021-12-11 00:15:55] <@%libero__> HahaLean
[2021-12-11 00:17:44] ~Stream offline~
[2021-12-11 00:29:16] Viewerstats (00:01-00:15): avg:1,303 min:1,286 max:1,326 [8/1,303+0-17+0+40+0-29+0_]
[2021-12-11 00:31:07] You have left #obly99
# Log closed: 2021-12-11 00:31:07 +0900
-
