# Log started: 2021-12-10 21:03:37 +0900
[2021-12-10 21:03:37] #pzzzang3 채널 입장 중입니다
[2021-12-10 21:03:37] #pzzzang3 채널에 입장했습니다
[2021-12-10 21:03:37] ~yasuo,yone C1 1350 프리시즌 (League of Legends)~
[2021-12-10 21:03:43] <럽갈 (hun110)> ㄷ..ㅉ
[2021-12-10 21:04:40] <spoondogz50> is there a list of what match ups you take Yone/yas
[2021-12-10 21:04:50] <%댜햬 (hey030)> ㅋㅋㅋ
[2021-12-10 21:05:39] <@%대마법사인프제 (arterose26)> ㅋㅋㅋㅋㅋㅋㅋ
[2021-12-10 21:07:11] <@^싹둑 (ssakdook)> 매너채팅 부탁드립니다. Manner chat please. please only English.
[2021-12-10 21:08:21] <럽갈 (hun110)> 드라드라 신드라~
[2021-12-10 21:08:46] <VforVN> Hello pzzang
[2021-12-10 21:09:15] <VforVN> Does he read chat overhere guys?
[2021-12-10 21:10:48] <@%대마법사인프제 (arterose26)> 럭스 어디가..
[2021-12-10 21:11:17] <%j26174> o still lethal tempo aft nerf?
[2021-12-10 21:11:24] <stepirl> !uptime
[2021-12-10 21:11:25] <@^싹둑 (ssakdook)> uptime: 0 시간 49 분 16 초
[2021-12-10 21:11:32] <이과충123 (123yasuo123)> yes still good
[2021-12-10 21:11:42] <VforVN> !uptime
[2021-12-10 21:11:47] <VforVN> !time
[2021-12-10 21:11:50] <@^싹둑 (ssakdook)> time: 2021/12/10 21:11:46 (Asia/Seoul)
[2021-12-10 21:12:37] <@%떡관종이구만 (jh1003z)> 나이스 정글
[2021-12-10 21:12:39] <이과충123 (123yasuo123)> 와 선팔 판단
[2021-12-10 21:12:39] <bugizida> ㄷㄷ
[2021-12-10 21:12:41] <@%대마법사인프제 (arterose26)> 나이수
[2021-12-10 21:12:42] <이과충123 (123yasuo123)> 선플
[2021-12-10 21:13:19] <VforVN> good trade
[2021-12-10 21:13:23] <@%떡관종이구만 (jh1003z)> 와
[2021-12-10 21:13:27] <@%대마법사인프제 (arterose26)> ㄴㅇㅅ
[2021-12-10 21:13:27] <twitch9278> 이게 킬각이네
[2021-12-10 21:13:30] <+supercharlie> EZ
[2021-12-10 21:13:47] <@%떡관종이구만 (jh1003z)> 요네 사기챔 ㄷㄷㄷ
[2021-12-10 21:13:54] <@%떡관종이구만 (jh1003z)> 야스오 개똥챔
[2021-12-10 21:14:08] <@^싹둑 (ssakdook)> 매너채팅 부탁드립니다. Manner chat please. please only English.
[2021-12-10 21:14:09] <bal0nlol> lethal tempo still good ?
[2021-12-10 21:14:20] <bal0nlol> or vs range only
[2021-12-10 21:15:07] <이과충123 (123yasuo123)> 미드 터졌네 ㅋㅋ
[2021-12-10 21:15:46] <bal0nlol> CLEAN
[2021-12-10 21:15:46] <twitch9278> 와;
[2021-12-10 21:15:46] <bugizida> 우와
[2021-12-10 21:15:49] <07_gun> 홀리
[2021-12-10 21:15:49] <@%떡관종이구만 (jh1003z)> ㅈㅈ
[2021-12-10 21:15:50] <@%대마법사인프제 (arterose26)> ㅁㅊ
[2021-12-10 21:15:53] <+thegabriel_oliveira> omg
[2021-12-10 21:15:54] <twitch9278> 15나오겟노;
[2021-12-10 21:16:00] <+thegabriel_oliveira> there's no game for her anymore
[2021-12-10 21:16:02] <기므해므 (kh1128211)> ??
[2021-12-10 21:17:06] <기므해므 (kh1128211)> 순조롭다
[2021-12-10 21:17:39] <bal0nlol> ggz
[2021-12-10 21:17:43] <@%떡관종이구만 (jh1003z)> 신드라 맨탈 박살나겠다
[2021-12-10 21:17:44] <@%대마법사인프제 (arterose26)> 좋당
[2021-12-10 21:17:54] <이과충123 (123yasuo123)> !업타임
[2021-12-10 21:17:55] <@^싹둑 (ssakdook)> 방송 업타임: 0 시간 55 분 46 초
[2021-12-10 21:18:15] <bal0nlol> OKAAAY
[2021-12-10 21:18:19] <+thegabriel_oliveira> gg
[2021-12-10 21:18:23] <Dropoutboy> Pog
[2021-12-10 21:18:27] <juntwinch> overrage
[2021-12-10 21:18:29] <@%떡관종이구만 (jh1003z)> ㅋㅋㅋㅋㅋㅋㅋ
[2021-12-10 21:18:36] <이과충123 (123yasuo123)> 겜 재밌겠다
[2021-12-10 21:19:38] <+thegabriel_oliveira> 10cs/min
[2021-12-10 21:19:42] <heyimeltruco> !runes
[2021-12-10 21:20:32] <Wolder03> 3500g WutFace
[2021-12-10 21:20:35] <ldc1507> 이걸참네
[2021-12-10 21:20:39] <이과충123 (123yasuo123)> 11분 2코어
[2021-12-10 21:20:42] <기므해므 (kh1128211)> 참는거봐
[2021-12-10 21:21:04] <bugizida> 그브  뭐먹냐
[2021-12-10 21:21:13] <@^싹둑 (ssakdook)> 매너채팅 부탁드립니다. Manner chat please. please only English.
[2021-12-10 21:22:00] <seraph301> 요네는 대놓고 궁만  써서 맞추기 개힘든듯
[2021-12-10 21:22:33] <이과충123 (123yasuo123)> 해피타임 2분 남았네
[2021-12-10 21:23:24] <haojr2310> ez game
[2021-12-10 21:23:52] <@%떡관종이구만 (jh1003z)> ????
[2021-12-10 21:23:54] <owsjchs01> KEKW
[2021-12-10 21:23:54] <kduuuuuu> lol
[2021-12-10 21:23:54] <아이롱롱 (hepzibah_)> ㅋㅋㅋ
[2021-12-10 21:23:55] <승휴기3 (cshk2055)> ㅋㅋㅋㅋㅋㅋㅋㅋㅋㅋㅋㅋㅋㅋ
[2021-12-10 21:23:56] <seraph301> 프제짱 인성 논란
[2021-12-10 21:23:56] <%j26174> LOL
[2021-12-10 21:23:57] <YourPrivateJoy> :tf:
[2021-12-10 21:23:57] <아이롱롱 (hepzibah_)> 악마다
[2021-12-10 21:23:58] <이과충123 (123yasuo123)> ㅋㅋㅋㅋㅋㅋㅋㅋㅋㅋㅋ
[2021-12-10 21:24:02] <raro669> ㅋㅋㅋㅋㅋㅋㅋㅋㅋㅋㅋㅋㅋㅋ
[2021-12-10 21:24:06] <xx_dlno_xx> Very good Indeed B)
[2021-12-10 21:24:49] <이과충123 (123yasuo123)> sry 안치시는거 보니까 진심이신가보네 ㅋㅋㅋ
[2021-12-10 21:25:40] <일그만하고싶다1 (dongseop1)> ㅈㅈ
[2021-12-10 21:25:42] <@%대마법사인프제 (arterose26)> ㅈㅈㅈㅈ
[2021-12-10 21:25:50] <elbananero213> ez
[2021-12-10 21:27:17] <LokmyGOD> !opgg
[2021-12-10 21:27:19] <@^싹둑 (ssakdook)> https://www.op.gg/multi/query=pzzzang%2C%EC%9D%80%EA%B0%80%EB%89%B4%2ClIlIIllIlIIllIlI
[2021-12-10 21:28:07] <@^싹둑 (ssakdook)> 매너채팅 부탁드립니다. Manner chat please. please only English.
[2021-12-10 21:29:08] <KaiserVEVO> Why is the chat quiet?
[2021-12-10 21:30:04] <haojr2310> only yone
[2021-12-10 21:32:00] <VforVN> Sad
[2021-12-10 21:32:06] <이즈로탑감 (eztop0207)> !uptime
[2021-12-10 21:32:07] <@^싹둑 (ssakdook)> uptime: 1 시간 09 분 58 초
[2021-12-10 21:32:28] <sitsuna9338> 프하
[2021-12-10 21:32:31] <VforVN> What is pzzang real name guys
[2021-12-10 21:33:37] <이즈로탑감 (eztop0207)> 고인물됫네
[2021-12-10 21:33:47] <럽갈 (hun110)> BibleThump
[2021-12-10 21:34:00] <@%대마법사인프제 (arterose26)> 요네 밴 안되니까 좋긴 하네
[2021-12-10 21:34:17] <sitsuna9338> 치속이 너프되서 그런가
[2021-12-10 21:34:43] Viewerstats (21:03-21:34): avg:447 min:372 max:565 [17/383+0+9-20+0+10+0+83+0+13+0+87+0-52-40+0+0]
[2021-12-10 21:34:57] <아직준비가안된조강현 (not_yet_ready_gombo)> 빛의인도자 요네 써주세요
[2021-12-10 21:35:18] <@^싹둑 (ssakdook)> 매너채팅 부탁드립니다. Manner chat please. please only English.
[2021-12-10 21:36:45] <sitsuna9338> 모래바람
[2021-12-10 21:36:58] <haojr2310> Enemy mid lane is jungle
[2021-12-10 21:37:16] <@%떡관종이구만 (jh1003z)> 플4에서 6일만에 마스터100점이네 럭스 ㄷㄷ
[2021-12-10 21:37:24] <@%떡관종이구만 (jh1003z)> 근데 정글러네 혼내주자
[2021-12-10 21:37:48] <무사시24 (ksj3000)> 저친구 니달리 기가 막히는데
[2021-12-10 21:37:49] <sitsuna9338> 캐릭터 테두리 쓰세요?
[2021-12-10 21:38:18] <스카웃12 (scout54345)> 쓰시는것같네요ㅕ
[2021-12-10 21:38:57] <sitsuna9338> 이젠 선제공격이 콩콩이네
[2021-12-10 21:39:12] <benoier> 럭스는 딜계수 너프 시급함 양피지만 올려도 딜이 세서
[2021-12-10 21:39:23] <이과충123 (123yasuo123)> zzzzzzz
[2021-12-10 21:39:59] <@%떡관종이구만 (jh1003z)> 어제 다이애나 생각하면 괜찮앙
[2021-12-10 21:40:38] <sitsuna9338> 뭐지
[2021-12-10 21:40:38] <haojr2310> nice
[2021-12-10 21:40:42] <갓락스 (islmbd)> 이걸이겨?
[2021-12-10 21:40:42] <스카웃12 (scout54345)> 뭐지
[2021-12-10 21:40:45] <스카웃12 (scout54345)> 이걸거네
[2021-12-10 21:40:54] <스카웃12 (scout54345)> 정글러라 치속의 무서움을 모르구만
[2021-12-10 21:40:59] <joablino7> ez
[2021-12-10 21:41:24] <타마마마 (tamama291)> 이렐 치속들고 쇼부 지면 걍 개노답인데
[2021-12-10 21:42:06] <@^싹둑 (ssakdook)> 매너채팅 부탁드립니다. Manner chat please. please only English.
[2021-12-10 21:42:23] <스카웃12 (scout54345)> 2스텍까비
[2021-12-10 21:42:58] <Menaric> !rune
[2021-12-10 21:42:59] <@^싹둑 (ssakdook)> I've been using it. I think lethal tempo is good.
[2021-12-10 21:43:16] <sitsuna9338> ㄲㅂ
[2021-12-10 21:45:16] <haojr2310> nice
[2021-12-10 21:45:19] <sitsuna9338> ㄴㅇㅅ
[2021-12-10 21:45:20] <@%대마법사인프제 (arterose26)> ㄴㅇㅅ
[2021-12-10 21:45:36] <evoseffort> ssakdook hi
[2021-12-10 21:45:38] <sitsuna9338> 요즘에는 템을 먼저가시네
[2021-12-10 21:45:57] <rewindremind> 탑 "우리팀 이렐" 하고있네
[2021-12-10 21:46:15] <sitsuna9338> 고순데?
[2021-12-10 21:46:16] <이과충123 (123yasuo123)> 저게 맞네
[2021-12-10 21:46:18] <raro669> ㅋㅋㅋㅋㅋㅋㅋㅋㅋㅋㅋㅋㅋㅋ
[2021-12-10 21:46:44] <evoseffort> based on the hangeul ssakdook is pronounced "ssagduk"
[2021-12-10 21:46:59] <sitsuna9338> 제이스가 좀 나오네
[2021-12-10 21:47:20] <Menaric> lethal tempo after nerfs still better than conq on yas / yone?
[2021-12-10 21:47:39] <evoseffort> lethal tempo dominates yas and yone
[2021-12-10 21:48:03] <evoseffort> the extra ranged when lethal tempo is  proc
[2021-12-10 21:48:53] <신나는현준 (sub07278)> 갓제짱
[2021-12-10 21:49:07] <@^싹둑 (ssakdook)> 매너채팅 부탁드립니다. Manner chat please. please only English.
[2021-12-10 21:49:31] <이과충123 (123yasuo123)> 철갑궁이 사라졌네
[2021-12-10 21:50:46] <element_jg> jayce is strong lol
[2021-12-10 21:50:50] <element_jg> huge
[2021-12-10 21:53:01] <갓락스 (islmbd)> 럭스 속박이 디게 거슬리네
[2021-12-10 21:53:42] <럽갈 (hun110)> 제사기 -.-
[2021-12-10 21:53:44] <掌柜 (jjanggola)> 이렐이 제이스한테 지다니 수치다
[2021-12-10 21:53:47] <benoier> 방템을 가도
[2021-12-10 21:53:49] <기므해므 (kh1128211)> 짜증난다
[2021-12-10 21:53:51] <benoier> 방관 제이스는 개세네
[2021-12-10 21:54:08] <기므해므 (kh1128211)> 시야가 없으니 뭘 할수가 없네
[2021-12-10 21:55:04] <haojr2310> how to hide effect of Q3?
[2021-12-10 21:56:06] <@^싹둑 (ssakdook)> 매너채팅 부탁드립니다. Manner chat please. please only English.
[2021-12-10 21:56:29] <掌柜 (jjanggola)> 돌풍 케틀 오랜만이다
[2021-12-10 21:56:59] <toservethegreatergood> gg man u are so clean
[2021-12-10 21:58:21] <evoseffort> 야스오와 요네만으로 도전자를 오르는 남자
[2021-12-10 21:58:59] <StillBasedEZ> KEKHeim
[2021-12-10 21:58:59] <%햋별 (hansol_k)> ㄷ ㄷ..
[2021-12-10 21:59:11] <hines001000> 와 궁 안맞자마자
[2021-12-10 21:59:15] <hines001000> 플쓰고 들어가는거 개지리네
[2021-12-10 21:59:18] <이과충123 (123yasuo123)> 쓰레쉬가 잘한다
[2021-12-10 21:59:21] <@%대마법사인프제 (arterose26)> ㄴㅇㅅ
[2021-12-10 21:59:36] <掌柜 (jjanggola)> 바텀이 해주나
[2021-12-10 21:59:49] <bald_writer> This Thresh is so good
[2021-12-10 22:01:03] <@^싹둑 (ssakdook)> 매너채팅 부탁드립니다. Manner chat please. please only English.
[2021-12-10 22:01:14] <월피스사주식무지성풀매수 (wndhksfl0)> 그냥 다이애나 리메이크전 급이네
[2021-12-10 22:01:16] <이과충123 (123yasuo123)> 오너 캐리
[2021-12-10 22:01:23] <@%떡관종이구만 (jh1003z)> 좋아용
[2021-12-10 22:01:31] <yoki017> 쥐쥐
[2021-12-10 22:01:35] <@%떡관종이구만 (jh1003z)> ㅈㅈㅈㅈ
[2021-12-10 22:01:35] <준돌14 (minjs0104)> ㅈㅈ
[2021-12-10 22:02:31] <xq01_lol> what yasuo skin is best? @pzzzang3
[2021-12-10 22:03:04] <konkritko> pzanggg
[2021-12-10 22:03:18] <TheFdz> why no mastery 6~7?
[2021-12-10 22:03:47] <월피스사주식무지성풀매수 (wndhksfl0)> 점멸 유체화 베인..
[2021-12-10 22:04:23] <럽갈 (hun110)> 켄치켄치!
[2021-12-10 22:04:49] Viewerstats (21:36-22:04): avg:565 min:452 max:657 [15/452+0+19+0+64+0+52-22+0+92+0-29+0+9+0]
[2021-12-10 22:04:54] <hirooke> 안녕하세요 프제짱님
[2021-12-10 22:07:08] <@^싹둑 (ssakdook)> 매너채팅 부탁드립니다. Manner chat please. please only English.
[2021-12-10 22:09:23] <%햋별 (hansol_k)> 맵 재밌어보인다
[2021-12-10 22:10:35] <tmvk2001> ㅎㅎ 뭔가 귀엽긴하다 ㅎ
[2021-12-10 22:12:29] <갓락스 (islmbd)> 원랜 이거보다 화질 더 좋았는데
[2021-12-10 22:12:44] <%햋별 (hansol_k)> 화질이 좀 흐려보이긴하네
[2021-12-10 22:13:00] <갓락스 (islmbd)> 이번겜은 뭔가 화질구지인듯
[2021-12-10 22:14:06] <@^싹둑 (ssakdook)> 매너채팅 부탁드립니다. Manner chat please. please only English.
[2021-12-10 22:14:48] <%햋별 (hansol_k)> 신짜오 하면 포커싱해주네
[2021-12-10 22:15:33] <+Sipione> IceCold
[2021-12-10 22:18:05] <갓락스 (islmbd)> 이제봤는데 뒤태가 좀 부담스럽네요
[2021-12-10 22:18:27] <라쿤124 (fkznsdlek)> 휴
[2021-12-10 22:18:31] <@%대마법사인프제 (arterose26)> ㄴㅇㅅ
[2021-12-10 22:18:42] <타마마마 (tamama291)> 신짜오 막라 진출 ㄷㄱ
[2021-12-10 22:19:15] <%햋별 (hansol_k)> 요네의 무서움을 보여줘야겠네
[2021-12-10 22:20:25] <@닉네임추천좀해줘요 (bba3204)> 드디어 요네다
[2021-12-10 22:20:42] <%햋별 (hansol_k)> ㅎㅇㅌ
[2021-12-10 22:20:54] <barteq_75> jd
[2021-12-10 22:21:06] <@^싹둑 (ssakdook)> 매너채팅 부탁드립니다. Manner chat please. please only English.
[2021-12-10 22:21:37] <barteq_75> i like turtles
[2021-12-10 22:22:32] <타마마마 (tamama291)> 야수오였네
[2021-12-10 22:22:45] <@%대마법사인프제 (arterose26)> 칸나 야스오네
[2021-12-10 22:23:17] <라쿤124 (fkznsdlek)> 야스오 패시브 깡패네진짜
[2021-12-10 22:23:43] <ahri2004> 안녕하세요 오늘 첨와봅니당
[2021-12-10 22:23:53] <gnsl011> 형제대결ㄷㄷ
[2021-12-10 22:24:12] <라쿤124 (fkznsdlek)> 와
[2021-12-10 22:24:14] <@닉네임추천좀해줘요 (bba3204)> ㅅㅅ
[2021-12-10 22:24:20] <%햋별 (hansol_k)> ㄴㅇㅅ
[2021-12-10 22:24:22] <facolino> SOLADO
[2021-12-10 22:24:28] <spiculeadis> 서열정리 끝
[2021-12-10 22:24:36] <라쿤124 (fkznsdlek)> 이게형이지
[2021-12-10 22:24:48] <shotgun1717> noob yas
[2021-12-10 22:25:29] <@%대마법사인프제 (arterose26)> ㄴㅇㅅ
[2021-12-10 22:25:30] <gusta_mamao> que yasuo podre
[2021-12-10 22:25:33] <%햋별 (hansol_k)> 와우
[2021-12-10 22:25:43] <라쿤124 (fkznsdlek)> 몸에도 판정있어서 장막에도 안막히네
[2021-12-10 22:25:55] <@닉네임추천좀해줘요 (bba3204)> ㄲㅂ
[2021-12-10 22:26:06] <@닉네임추천좀해줘요 (bba3204)> use eng plz
[2021-12-10 22:26:10] <플엠 (frame0102)> 와..
[2021-12-10 22:26:45] <facolino> this yasuo isn't noob he is just overconfident
[2021-12-10 22:26:55] <Kyonosuke697> lmao
[2021-12-10 22:26:57] <월피스사주식무지성풀매수 (wndhksfl0)> 이게 요네지
[2021-12-10 22:26:57] <@닉네임추천좀해줘요 (bba3204)> 이게 킬각이네
[2021-12-10 22:27:01] <%햋별 (hansol_k)> ㄴㅇㅅ
[2021-12-10 22:27:08] <gnsl011> 요네 패치이후에도 치속>>정복자인가요?
[2021-12-10 22:27:09] <@닉네임추천좀해줘요 (bba3204)> it's mid diff
[2021-12-10 22:27:22] <facolino> you can't play like that against yone
[2021-12-10 22:27:28] <Kyonosuke697> true
[2021-12-10 22:27:39] <라쿤124 (fkznsdlek)> ㅋㅋㅋㅋ
[2021-12-10 22:27:48] <한힌쓰 (hanh1nth)> 프하 BloodTrail
[2021-12-10 22:27:48] <Kyonosuke697> aggresive yone always wins
[2021-12-10 22:27:50] <월피스사주식무지성풀매수 (wndhksfl0)> 정글은 미드를 믿었는데!!
[2021-12-10 22:27:53] <@닉네임추천좀해줘요 (bba3204)> ㄲㅂ
[2021-12-10 22:27:56] <라쿤124 (fkznsdlek)> 타워 억까하네
[2021-12-10 22:28:00] <pure_black_oled> ㅌㅏ워~~
[2021-12-10 22:28:00] <unknownuser778> Open mid
[2021-12-10 22:28:06] <@^싹둑 (ssakdook)> 매너채팅 부탁드립니다. Manner chat please. please only English.
[2021-12-10 22:28:12] <@닉네임추천좀해줘요 (bba3204)> 형제 대결은 흥분될만하지
[2021-12-10 22:28:38] <%+RamSSj3> yas is canna?
[2021-12-10 22:28:49] <@%대마법사인프제 (arterose26)> yes
[2021-12-10 22:28:57] <facolino> yes, you need to cait yone
[2021-12-10 22:31:04] <라쿤124 (fkznsdlek)> 이킬각을보네 ㄷㄷ
[2021-12-10 22:31:20] <미치지않고서야 (aoharuride2001)> 원래요네가 유리함?
[2021-12-10 22:32:12] <chris24134> 치속 바뀌고 부터 요네가 야스오 상대로 꽤 좋아진거같네
[2021-12-10 22:32:19] <gnsl011> 스오템왜케잘떴노..
[2021-12-10 22:32:55] <미치지않고서야 (aoharuride2001)> 요네 q차지 버그 안고쳤나?
[2021-12-10 22:33:09] <광비 (doro1216)> 깔끔하구만
[2021-12-10 22:33:42] <@닉네임추천좀해줘요 (bba3204)> ㄲㅂ
[2021-12-10 22:33:49] <라쿤124 (fkznsdlek)> 지린다
[2021-12-10 22:33:55] <@닉네임추천좀해줘요 (bba3204)> ㅅㅅ
[2021-12-10 22:34:02] <+FleyTV> you’re insane
[2021-12-10 22:34:11] <광비 (doro1216)> 엌 ㅋㅋㅋㅋㅋㅋ
[2021-12-10 22:34:16] <norienlol> nt
[2021-12-10 22:34:17] <%햋별 (hansol_k)> ㄴㅇㅅ
[2021-12-10 22:34:59] Viewerstats (22:06-22:34): avg:691 min:574 max:905 [15/637+9+9+0-81+0+0+9+0+136+0+104+0+82+0]
[2021-12-10 22:35:21] <xxnam> e쓰고 노틸궁 맞으면 끝까지 따라오나요?
[2021-12-10 22:35:23] <@^싹둑 (ssakdook)> 매너채팅 부탁드립니다. Manner chat please. please only English.
[2021-12-10 22:35:40] <광비 (doro1216)> 요네 E는 개사기라 딱 터질때 돌아가면 안뜸
[2021-12-10 22:36:05] <현준일걸요 (d_hyunjun_)> 진짜 잘한다...
[2021-12-10 22:36:07] <xxnam> 오 ㄳ
[2021-12-10 22:36:13] <is79531> 와
[2021-12-10 22:36:13] <elpasso23> omg
[2021-12-10 22:36:14] <mby8515> ㄷㄷㄷㄷㄷㄷㄷ
[2021-12-10 22:36:15] <chris24134> 어ㅗ
[2021-12-10 22:36:15] <novanova2325> ???????
[2021-12-10 22:36:15] <is79531> 개지렷다
[2021-12-10 22:36:16] <@닉네임추천좀해줘요 (bba3204)> 와 미쳤네
[2021-12-10 22:36:16] <Keessaaa> LOL
[2021-12-10 22:36:16] <+NeoSilverZ> omg
[2021-12-10 22:36:16] <%댜햬 (hey030)> 와
[2021-12-10 22:36:17] <%corecyborg> Pog
[2021-12-10 22:36:17] <chris24134> 뭐야
[2021-12-10 22:36:17] <@%대마법사인프제 (arterose26)> dhk
[2021-12-10 22:36:17] <mby8515> 와개잘한다 진짜 ㅋ
[2021-12-10 22:36:18] <ppepoopoo> wtf
[2021-12-10 22:36:19] <광비 (doro1216)> ㄷㄷ 두근두근하네
[2021-12-10 22:36:20] <OhKyuur> BOAS MANO!
[2021-12-10 22:36:20] <3000판실버 (ahricex)> ㅋㅋㅋㅋㅋㅋㅋㅋㅋㅋㅋㅋㅋㅋㅋㅁㅊ
[2021-12-10 22:36:20] <zedmainxd12387> pog
[2021-12-10 22:36:21] <+NeoSilverZ> rip yas
[2021-12-10 22:36:21] <stock0408> 살발하네
[2021-12-10 22:36:21] <@%대마법사인프제 (arterose26)> ㅁㅊ
[2021-12-10 22:36:23] <powerbio8610> 와...
[2021-12-10 22:36:24] <%햋별 (hansol_k)> ㄷ ㄷ
[2021-12-10 22:36:25] <johahs95> Damn! nice one
[2021-12-10 22:36:25] <+St4rlive> clip it guys
[2021-12-10 22:36:28] <xxnam> 번쩍번쩍..
[2021-12-10 22:36:29] <+FleyTV> Good lord
[2021-12-10 22:36:33] <shotgun1717> nice reaction
[2021-12-10 22:36:34] <+NeoSilverZ> at least he tried
[2021-12-10 22:36:34] <%햋별 (hansol_k)> 개잘해
[2021-12-10 22:36:35] <기므해므 (kh1128211)> 오아
[2021-12-10 22:36:38] <tigas_a12> e isso cargo
[2021-12-10 22:36:39] BAN: OhKyuur
[2021-12-10 22:36:39] <이즈로탑감 (eztop0207)> 와 ㅋㅋㅋ
[2021-12-10 22:36:45] <은가뉴팬 (yasuo20202)> 요즘 스오 안함?
[2021-12-10 22:36:49] <광비 (doro1216)> 이게... 조선제일검...?
[2021-12-10 22:36:50] <dat996> Pog
[2021-12-10 22:36:53] <기므해므 (kh1128211)> 감탄사 내뱉었다
[2021-12-10 22:36:54] <tuffffffy_> what was that
[2021-12-10 22:36:57] <@닉네임추천좀해줘요 (bba3204)> use eng plz
[2021-12-10 22:37:04] <is79531> 프제짱이 프로햇으면.. 롤판이 달라지지않앗을까?
[2021-12-10 22:37:05] <mby8515> 이거 백퍼 섬네일이다
[2021-12-10 22:37:10] <dat996> Deanak
[2021-12-10 22:37:13] <dat996> Deabak
[2021-12-10 22:37:15] <월피스사주식무지성풀매수 (wndhksfl0)> 아칼리 맵리딩이
[2021-12-10 22:37:27] <은가뉴팬 (yasuo20202)> 무대안감?
[2021-12-10 22:37:47] <dokgo154> yas is T1 canna
[2021-12-10 22:37:56] <쌉쌉벌레_ (sapsapbullae)> 뭔 트리임?
[2021-12-10 22:38:05] <gnsl011> 큐쿨몇초져
[2021-12-10 22:38:05] <광비 (doro1216)> 야스오 칸나임?
[2021-12-10 22:38:21] <광비 (doro1216)> 벽느끼겟네 칸나
[2021-12-10 22:38:38] <+NeoSilverZ> it looks easy when he did it
[2021-12-10 22:38:45] <라쿤124 (fkznsdlek)> 오 ㄷㄷ
[2021-12-10 22:38:58] <@닉네임추천좀해줘요 (bba3204)> ㄲㅂ
[2021-12-10 22:39:02] <@%대마법사인프제 (arterose26)> 까비
[2021-12-10 22:39:02] <+FleyTV> Bro
[2021-12-10 22:39:18] <흰2 (jch2931)> 요네는 언제까지 치속일까요
[2021-12-10 22:40:05] <뚱그죽 (rhkdwkd132)> 왜 프제짱 요네 야스오q는 더 긴거같지
[2021-12-10 22:40:32] <chris24134> 오호
[2021-12-10 22:40:33] <광비 (doro1216)> 프짱은 장인 1위라서 특전으로 사거리 1.5배 받음
[2021-12-10 22:40:43] <%햋별 (hansol_k)> 오우
[2021-12-10 22:40:43] <@닉네임추천좀해줘요 (bba3204)> 깔끔하네
[2021-12-10 22:40:45] <광비 (doro1216)> 라이엇 공식피셜임
[2021-12-10 22:40:55] <@%대마법사인프제 (arterose26)> ㅈㅈㅈ
[2021-12-10 22:40:56] <+NeoSilverZ> wp
[2021-12-10 22:40:58] <chris24134> ㅇㅇ 장인은 1.5배 늘어나는거 있음
[2021-12-10 22:41:01] <%햋별 (hansol_k)> ㅈㅈ
[2021-12-10 22:41:04] <+FleyTV> nice job
[2021-12-10 22:41:14] <@닉네임추천좀해줘요 (bba3204)> 13층 입성
[2021-12-10 22:41:19] <11팟번 (gwsky7223)> 궁금한게 이렇게 잘하면 롤 재밌나요? 아니면 똑같이 고통받고 힘든가요
[2021-12-10 22:41:23] <월피스사주식무지성풀매수 (wndhksfl0)> carry
[2021-12-10 22:41:40] <뚱그죽 (rhkdwkd132)> 지금 배경사진챔피언 누구에요??
[2021-12-10 22:41:42] <@닉네임추천좀해줘요 (bba3204)> 준거아님?
[2021-12-10 22:41:46] <xxnam> 패스?
[2021-12-10 22:42:03] <gnsl011> 이분 야스오요네말고 딴챔프머하심?
[2021-12-10 22:42:05] <@^싹둑 (ssakdook)> 매너채팅 부탁드립니다. Manner chat please. please only English.
[2021-12-10 22:42:22] <@닉네임추천좀해줘요 (bba3204)> 닷지하십니다
[2021-12-10 22:42:22] <뚱그죽 (rhkdwkd132)> 프제짱님 배경사진챔프 누군지알수있나요 ㅠㅠ
[2021-12-10 22:42:49] <%댜햬 (hey030)> :(
[2021-12-10 22:42:57] <+FleyTV> I need a translator faker style
[2021-12-10 22:43:08] <광비 (doro1216)> 징크스 같은데
[2021-12-10 22:43:12] <광비 (doro1216)> 세주구나
[2021-12-10 22:43:12] <%햋별 (hansol_k)> 구세주아니
[2021-12-10 22:43:19] <gnsl011> 쵸비 라인전 어떤가요
[2021-12-10 22:43:19] <광비 (doro1216)> 왤케 빻았지
[2021-12-10 22:43:25] <뚱그죽 (rhkdwkd132)> ㄷㄷ까리한데
[2021-12-10 22:43:27] <+youthanasia11> xqcCheer xqcCheer xqcCheer
[2021-12-10 22:43:31] <veinn_05> godlike yasuo
[2021-12-10 22:43:34] <@닉네임추천좀해줘요 (bba3204)> 글구보니 데스도어는 다깨심?
[2021-12-10 22:43:54] <광비 (doro1216)> ㅋㅋㅋㅋㅋㅋ
[2021-12-10 22:44:01] <광비 (doro1216)> 저번에 일반겜에서 고통받으셧...
[2021-12-10 22:44:38] <세이버투스 (cjswo123)> 멋있당
[2021-12-10 22:44:47] <광비 (doro1216)> 근데 프짱은 피지컬이 좋아서 최상위권에서도 뿜뿜하던데
[2021-12-10 22:45:10] <뚱그죽 (rhkdwkd132)> 프제짱님 계정들 소환사 아이콘 다 기본이시던데 아이콘엔 관심없으신가봐요
[2021-12-10 22:45:11] <광비 (doro1216)> 굳이 잘풀린판 아니어도 딱 한끗 뒤집는 뭔가가 ㅈㄴ멋있음
[2021-12-10 22:45:19] <@닉네임추천좀해줘요 (bba3204)> 그것도 잘해야 느끼지 ㄹㅇ
[2021-12-10 22:45:40] <spiculeadis> 이게 정점을 향한자의 마음가짐인가...
[2021-12-10 22:45:52] <@%떡관종이구만 (jh1003z)> 야스오 똥챔 ㅇㅈ?
[2021-12-10 22:46:02] <광비 (doro1216)> 맨날 솔랭에서 야스오 요네 벌레들보면서 고통받아도 프짱방송 보러오는 이유
[2021-12-10 22:46:08] <@닉네임추천좀해줘요 (bba3204)> 1등 가나요
[2021-12-10 22:46:13] <광비 (doro1216)> 칼챔충 똥싸개들 극혐
[2021-12-10 22:46:26] <흰2 (jch2931)> ㅋㅋㅋㅋㅋㅋㅋㅋ
[2021-12-10 22:46:48] <뚱그죽 (rhkdwkd132)> 미드에서 르블랑빼ㅐ고는 다 할만하신가요?
[2021-12-10 22:46:53] <@닉네임추천좀해줘요 (bba3204)> 초기 몰락 스태틱 야스오 재밌었는데
[2021-12-10 22:47:06] <쌉쌉벌레_ (sapsapbullae)> 어인 스오 크로마 있으시나요
[2021-12-10 22:47:08] <세이버투스 (cjswo123)> 형보다 나은 아우가 없다는 ㄷ
[2021-12-10 22:47:25] <+rickyyyyyyyy> no ban yasuo yesssss
[2021-12-10 22:47:26] <광비 (doro1216)> 프짱 르블랑 상대하는거 보고싶은데
[2021-12-10 22:47:32] <광비 (doro1216)> 맨날 벤이라 볼수가없다
[2021-12-10 22:47:32] <@%떡관종이구만 (jh1003z)> 요네출시한게 진짜 제짱이 큰 선물이긴하다
[2021-12-10 22:47:48] <@%떡관종이구만 (jh1003z)> 요네출시전에는 야스오 벤되면 이렐했자너
[2021-12-10 22:48:04] <is79531> 원래 처음에 요네안하신다고 막하셧던거같은데 ㅋㅋ
[2021-12-10 22:48:09] <is79531> 갑자기 많이하심
[2021-12-10 22:48:14] <갈비충스님 (mongwon76)> 올스킨인가요?
[2021-12-10 22:49:05] <@^싹둑 (ssakdook)> 매너채팅 부탁드립니다. Manner chat please. please only English.
[2021-12-10 22:49:33] <%햋별 (hansol_k)> ㅎㅇㅌ
[2021-12-10 22:50:06] <clozer_fan> 프ㅡㅡㅡㅡㅡㅡ하
[2021-12-10 22:50:34] [Notification] IELSAG subscribed with Prime.
[2021-12-10 22:50:45] <imnooob340> hello everyone...!
[2021-12-10 22:50:50] <@%대마법사인프제 (arterose26)> 신드라 저 사람은 계속 상대로 만나네
[2021-12-10 22:50:58] <뚱그죽 (rhkdwkd132)> 솔랭에서 제일 힘들다고 생각드는 사람있나요?
[2021-12-10 22:51:04] <@%떡관종이구만 (jh1003z)> hi
[2021-12-10 22:51:16] <imnooob340> how u doing..?
[2021-12-10 22:53:33] <Thefellz> anytone here been vaccinated yet
[2021-12-10 22:53:43] <sitsuna9338> 오 레넥
[2021-12-10 22:53:43] <tunnamilonoff27> @Thefellz Twice
[2021-12-10 22:53:50] <Thefellz> does it hurt bro
[2021-12-10 22:53:53] <Thefellz> imma do it in 1 hour
[2021-12-10 22:53:57] <tunnamilonoff27> No ofc not
[2021-12-10 22:54:04] <Thefellz> ok cool
[2021-12-10 22:54:05] <tunnamilonoff27> Just one fast sting and its over
[2021-12-10 22:54:11] <Thefellz> thanks bro
[2021-12-10 22:54:16] <tunnamilonoff27> np
[2021-12-10 22:56:04] <@^싹둑 (ssakdook)> 매너채팅 부탁드립니다. Manner chat please. please only English.
[2021-12-10 22:56:58] <syndrom777> Such unfair lane
[2021-12-10 22:57:00] <sitsuna9338> 집공 아픈거봐
[2021-12-10 22:57:44] <쇼이치 (bbcck0115)> 레넥톤 어떻게 이기나요
[2021-12-10 22:57:55] <syndrom777> FeelsBadMan
[2021-12-10 22:57:58] <WORMIRL> xDD
[2021-12-10 22:58:29] <WORMIRL> lee is rly disgusting
[2021-12-10 22:58:37] <광비 (doro1216)> 확실히 어렵긴하다
[2021-12-10 22:58:41] <광비 (doro1216)> 실수한번하면 못이기니까
[2021-12-10 22:59:17] <라쿤124 (fkznsdlek)> ㄲㅂ
[2021-12-10 22:59:42] <숟가락인데요 (ehdbso0)> 아니라고
[2021-12-10 23:00:15] <숟가락인데요 (ehdbso0)> 안녕하세요
[2021-12-10 23:00:48] <@^싹둑 (ssakdook)> 매너채팅 부탁드립니다. Manner chat please. please only English.
[2021-12-10 23:00:51] <魂斷左岸 (simon2183)> Is lethal temp standard keystone for yasuo and yone right now? or just for fun
[2021-12-10 23:01:04] <RaidenCheese> yeah
[2021-12-10 23:01:24] <라쿤124 (fkznsdlek)> 딜이 말이안돼네
[2021-12-10 23:01:26] <RaidenCheese> it gives you a better early game than conq and makes some matchups easier
[2021-12-10 23:01:27] <RaidenCheese> far as i know
[2021-12-10 23:01:30] <라쿤124 (fkznsdlek)> ㅋㅋㅋㅋㅋㅋ
[2021-12-10 23:01:31] <powerbio8610> 절대이길수없는 상성인가여?
[2021-12-10 23:01:32] <kuurri123> 역시 카운터는 카운터인가
[2021-12-10 23:01:39] <is79531> 동실력이면 못이기는듯
[2021-12-10 23:02:06] <zipals2> 레넥톤은 전통적인 야스오 하드카운터입니다
[2021-12-10 23:02:13] <zipals2> 동식력이면 못이기죠
[2021-12-10 23:02:42] <+youthanasia11> dzuThinking
[2021-12-10 23:03:25] <wayamok> 프하
[2021-12-10 23:04:16] <becuccio> wew
[2021-12-10 23:04:26] <권빵빵 (lovetwinskyk)> 레넥 완전 마피아네
[2021-12-10 23:04:37] <+JulianJimenez13> renek is just a brain dead champ
[2021-12-10 23:04:39] <jcool2121> idk why naut was chilling in his lane taking xp
[2021-12-10 23:05:04] <syndrom777> what is he saying ?
[2021-12-10 23:05:04] <라쿤124 (fkznsdlek)> 원딜급이넼ㅋㅋㅋ
[2021-12-10 23:05:08] Viewerstats (22:36-23:05): avg:934 min:778 max:1,054 [15/905+111+18+0-159-97+0+36+0+105+0+90+0+45+0]
[2021-12-10 23:05:34] <rejki2kk> @syndrom777 he is hungry
[2021-12-10 23:05:46] <kaverv0117> 프제짱님 아직 정복자보다 치속이 좋은가요??
[2021-12-10 23:06:23] <+rickyyyyyyyy> hunger affect performance ㅋㅋㅋㅋㅋㅋ
[2021-12-10 23:07:05] <@^싹둑 (ssakdook)> 매너채팅 부탁드립니다. Manner chat please. please only English.
[2021-12-10 23:08:23] <syndrom777> why does he build zeal with lethal ? he doesnt rush infinity after shieldbow ?
[2021-12-10 23:16:37] <+rickyyyyyyyy> niceee
[2021-12-10 23:17:16] <뚱그죽 (rhkdwkd132)> 오 ㄴ아ㅣ스
