# Log started: 2021-12-10 23:23:44 +0900
[2021-12-10 23:23:44] #pzzzang3 채널 입장 중입니다
[2021-12-10 23:23:44] #pzzzang3 채널에 입장했습니다
[2021-12-10 23:23:44] ~yasuo,yone C1 1350 프리시즌 (League of Legends)~
[2021-12-10 23:24:21] <쌉쌉벌레_ (sapsapbullae)> 그게머임
[2021-12-10 23:24:24] <쵸코몽1 (imj5881)> 인피는 안가시나여
[2021-12-10 23:24:28] <newvangoh> 레넥톤 존재감봐 진짜
[2021-12-10 23:25:47] <ttland2004> 아니 이걸진다고?
[2021-12-10 23:25:51] <%댜햬 (hey030)> 레넥;;
[2021-12-10 23:26:07] <bugizida> ㄲㅂ
[2021-12-10 23:26:17] <라쿤124 (fkznsdlek)> 광역으로 뛰울사람이없네
[2021-12-10 23:26:48] <엄준식과조강현의우정 (canon1020)> 레넥한테 상성상 너무 불리하네
[2021-12-10 23:26:53] <@닉네임추천좀해줘요 (bba3204)> ㄲㅂ
[2021-12-10 23:27:27] <zipals2> 레넥이 하드카운터 아니엇나요?
[2021-12-10 23:27:35] <@닉네임추천좀해줘요 (bba3204)> 자발레넥 안어렵나요
[2021-12-10 23:28:05] <@^싹둑 (ssakdook)> 매너채팅 부탁드립니다. Manner chat please. please only English.
[2021-12-10 23:28:15] <라쿤124 (fkznsdlek)> 야스오가 조합을 많이타서그런듯
[2021-12-10 23:29:03] <라쿤124 (fkznsdlek)> 너프점
[2021-12-10 23:29:41] <라쿤124 (fkznsdlek)> 관작으로 들어가야돼는데
[2021-12-10 23:30:14] <%댜햬 (hey030)> 토마토
[2021-12-10 23:30:44] <li_5482910> does he play fall guys en queue no?¿
[2021-12-10 23:30:49] <라쿤124 (fkznsdlek)> ㅋㅋㅋㅋㅋ
[2021-12-10 23:31:15] <li_5482910> ou
[2021-12-10 23:31:17] <li_5482910> xd
[2021-12-10 23:31:18] <라쿤124 (fkznsdlek)> 팀이 잘만 뛰워주면 야스오만한게없는데
[2021-12-10 23:32:19] <zipals2> ㅋㅋㅋㅋㅋㅋ
[2021-12-10 23:32:21] <라쿤124 (fkznsdlek)> ?!
[2021-12-10 23:32:24] <porq> lmfao
[2021-12-10 23:32:33] <zipals2> 동귀어진
[2021-12-10 23:32:39] <라쿤124 (fkznsdlek)> 군중심리 따르다 죽었네
[2021-12-10 23:35:16] <@^싹둑 (ssakdook)> 매너채팅 부탁드립니다. Manner chat please. please only English.
[2021-12-10 23:35:57] <hyuhi_> !commands
[2021-12-10 23:35:58] <@^싹둑 (ssakdook)> http://ssakdook.twip.kr/command/pzzzang3
[2021-12-10 23:35:58] <king_ovi> what is this game
[2021-12-10 23:35:59] <king_ovi> xd
[2021-12-10 23:36:02] <king_ovi> KEKW
[2021-12-10 23:36:25] <EkMoon> 연미복야스오 나오면 사실건가요
[2021-12-10 23:37:29] <@닉네임추천좀해줘요 (bba3204)> ㅇㅋㄹ
[2021-12-10 23:37:43] <ezefc53> hello
[2021-12-10 23:37:49] <@닉네임추천좀해줘요 (bba3204)> 오
[2021-12-10 23:37:49] <00100016> 방장님 요네랑 쵸비 야스오 탑에서 붙은거 다시보기 보고싶은데 어느날인지 알수잇나여?
[2021-12-10 23:37:52] <@%대마법사인프제 (arterose26)> 올
[2021-12-10 23:38:04] <wjstjdals2018> lol
[2021-12-10 23:38:12] <zipals2> 커물장
[2021-12-10 23:38:13] <li_5482910> wtf so fast
[2021-12-10 23:38:20] <zipals2> 마린이네
[2021-12-10 23:39:00] <%댜햬 (hey030)> 웁스
[2021-12-10 23:39:11] <wjstjdals2018> gg
[2021-12-10 23:39:31] <%댜햬 (hey030)> 세다
[2021-12-10 23:39:33] <ghkdehdls2> 오우 치속의힘
[2021-12-10 23:39:36] <라쿤124 (fkznsdlek)> 진짜 이걸이길뻔했네
[2021-12-10 23:40:48] <g0by1> @king_ovi esti peste tot))
[2021-12-10 23:41:45] <+stslimited84> Pag Chomp
[2021-12-10 23:41:51] <라쿤124 (fkznsdlek)> 와
[2021-12-10 23:41:57] <@닉네임추천좀해줘요 (bba3204)> 심리전 까지쓰네ㅋㅋㅋ
[2021-12-10 23:42:03] <@^싹둑 (ssakdook)> 매너채팅 부탁드립니다. Manner chat please. please only English.
[2021-12-10 23:42:05] <@닉네임추천좀해줘요 (bba3204)> use eng plz
[2021-12-10 23:42:31] <happyhoney10001> 똥줄타게 때린이유가그런거야?
[2021-12-10 23:42:41] <wjstjdals2018> ww
[2021-12-10 23:43:54] <@닉네임추천좀해줘요 (bba3204)> 우통 치고도 너무빠른데?
[2021-12-10 23:43:56] <라쿤124 (fkznsdlek)> 뭐지 스펠쿨감룬찍었나
[2021-12-10 23:44:00] <뮤한펭귄 (hyun0121)> 우통?
[2021-12-10 23:44:02] <ghkdehdls2> 오우
[2021-12-10 23:44:04] <ghkdehdls2> 판단지리누
[2021-12-10 23:44:09] <ghkdehdls2> 순식간의판단
[2021-12-10 23:44:18] <stretchyballs1234> pog
[2021-12-10 23:44:22] <%댜햬 (hey030)> 와
[2021-12-10 23:44:23] <happyhoney10001> 와
[2021-12-10 23:44:23] <zipals2> 터졋쥬?
[2021-12-10 23:44:23] <ghkdehdls2> 나는 예상했다 인가?
[2021-12-10 23:44:24] <라쿤124 (fkznsdlek)> 와 끝났다
[2021-12-10 23:44:25] <wjstjdals2018> god
[2021-12-10 23:44:25] <@%대마법사인프제 (arterose26)> ㄴㅇㅅ
[2021-12-10 23:44:25] <EminMeh> wow
[2021-12-10 23:44:33] <is79531> 달다
[2021-12-10 23:44:34] <楓棠1 (mapletom)> 777
[2021-12-10 23:44:34] <EkMoon> ㅘ
[2021-12-10 23:44:40] <happyhoney10001> 우통들었나보지
[2021-12-10 23:44:48] <@닉네임추천좀해줘요 (bba3204)> 아근데 1분 40초쯤 썻긴했지 제이스가
[2021-12-10 23:44:59] <exquisite09> 피디컬 개지린다 ㄹㅇ,,
[2021-12-10 23:45:11] <@%대마법사인프제 (arterose26)> 뭐지..
[2021-12-10 23:45:17] <zipals2> 쿨감핵이라는 말씀이신가요?
[2021-12-10 23:46:01] <flexxyv> what is your color settings?
[2021-12-10 23:46:11] <ghkdehdls2> 오우
[2021-12-10 23:46:14] <라쿤124 (fkznsdlek)> 와
[2021-12-10 23:46:17] <@닉네임추천좀해줘요 (bba3204)> ㅁㄷㅊㅇ로끝났네 걍
[2021-12-10 23:46:33] <happyhoney10001> 요네가 궁은진짜 멋있는챔인듯
[2021-12-10 23:47:04] <라쿤124 (fkznsdlek)> 뭐지
[2021-12-10 23:47:08] <@닉네임추천좀해줘요 (bba3204)> 멘탈 나갔네
[2021-12-10 23:47:09] <cjki6> 제이스 벽느끼는중
[2021-12-10 23:47:14] <happyhoney10001> 멘탈와르르멘션
[2021-12-10 23:47:28] <楓棠1 (mapletom)> hi YT
[2021-12-10 23:48:00] <@닉네임추천좀해줘요 (bba3204)> 뭐야
[2021-12-10 23:48:10] <@닉네임추천좀해줘요 (bba3204)> 프로게이머가 보러왔네 ㅋㅋㅋㅋ
[2021-12-10 23:48:10] <ghkdehdls2> 오우
[2021-12-10 23:48:12] <ghkdehdls2> ㅈㄴ무서웡
[2021-12-10 23:48:18] <nawi7k> gg leona
[2021-12-10 23:48:26] <happyhoney10001> 챔피언만지정키 나이스
[2021-12-10 23:48:44] <라쿤124 (fkznsdlek)> 아칼리짤랐다
[2021-12-10 23:48:47] <nawi7k> damn that she's playing sooooo well
[2021-12-10 23:49:03] <happyhoney10001> 프제짱도 챔피언지정키 '로 쓰는거야?
[2021-12-10 23:49:03] <@^싹둑 (ssakdook)> 매너채팅 부탁드립니다. Manner chat please. please only English.
[2021-12-10 23:49:07] <라쿤124 (fkznsdlek)> 휴
[2021-12-10 23:49:08] <야스오그는신이야 (99armer81)> 롸 나이스
[2021-12-10 23:49:10] <@%대마법사인프제 (arterose26)> 와우
[2021-12-10 23:49:10] <zipals2> 제이스 멘탈 나가버림
[2021-12-10 23:49:23] <duongzir> jayce so op hahahahahahahahahah
[2021-12-10 23:49:24] <楓棠1 (mapletom)> hi yt
[2021-12-10 23:49:30] <@닉네임추천좀해줘요 (bba3204)> 철갑궁 없어서 지금이젤위험했네
[2021-12-10 23:49:31] <라쿤124 (fkznsdlek)> 만약죽었어도 킬초라 나쁘지않았을듯
[2021-12-10 23:49:35] <nawi7k> poor jayce
[2021-12-10 23:49:51] <야스오그는신이야 (99armer81)> 와
[2021-12-10 23:49:55] <야스오그는신이야 (99armer81)> 저게 킬각이네
[2021-12-10 23:50:20] <야스오그는신이야 (99armer81)> 요네 3타버그 언제고쳐지지
[2021-12-10 23:50:22] <%댜햬 (hey030)> ㄷㄷ
[2021-12-10 23:50:41] <라쿤124 (fkznsdlek)> 11킬요넼ㅋㅋ
[2021-12-10 23:50:43] <@%대마법사인프제 (arterose26)> 와우
[2021-12-10 23:51:00] <nawi7k> ñ
[2021-12-10 23:51:02] <야스오그는신이야 (99armer81)> 1킬이 3킬값인게 요네인데 11킬이나하면
[2021-12-10 23:51:04] <%arionexus> 아니 그러니까 미드에서 왜 제이스를함ㅋㅋㅋㅋㅋ
[2021-12-10 23:51:05] <라쿤124 (fkznsdlek)> 15분도안됐는데
[2021-12-10 23:51:12] <배고픈잠만보 (rlfmels)> 이 요네 못막습니다.
[2021-12-10 23:51:12] <저쩔티비1 (wndghks0213)> 2코어가 한번에 와 ㅋㅋㅋ
[2021-12-10 23:51:14] <yaassedr> 13분2코어..
[2021-12-10 23:51:17] <라쿤124 (fkznsdlek)> 꺼억
[2021-12-10 23:51:18] <세이버투스 (cjswo123)> 딜리셔스
[2021-12-10 23:51:19] <@닉네임추천좀해줘요 (bba3204)> 9채굴 너무다라ㅡ
[2021-12-10 23:52:12] <happyhoney10001> 사적인감정은없다!
[2021-12-10 23:52:58] <바람의소심123 (qkfkadmlthtla919)> !룬
[2021-12-10 23:53:00] <@^싹둑 (ssakdook)> 요네 치속 좋고 야스오 치속 쓸만합니다 취향에 맞는거 쓰세요
[2021-12-10 23:53:04] <라쿤124 (fkznsdlek)> 빅토르한테도 지네
[2021-12-10 23:53:25] <2ddota2> GG
[2021-12-10 23:53:26] <@%대마법사인프제 (arterose26)> ㅈㅈ
[2021-12-10 23:53:27] <%댜햬 (hey030)> 굿
[2021-12-10 23:53:31] <라쿤124 (fkznsdlek)> gg
[2021-12-10 23:53:32] <sifqt01> GG
[2021-12-10 23:53:33] <@%대마법사인프제 (arterose26)> 까비 딱 재밌었는데 끝나네
[2021-12-10 23:53:43] <저쩔티비1 (wndghks0213)> 요네 야스오로 라인전 이기면 상대 칼부 무조건이라 진짜 너무 좋다 챔이 ㄷㄷ
[2021-12-10 23:53:49] <@닉네임추천좀해줘요 (bba3204)> 다시 13층
[2021-12-10 23:54:21] <lefit0407> 제짱이형 방송 안할때는 뭐하고 지내세여?
[2021-12-10 23:54:53] <Last_Breathh> !opgg
[2021-12-10 23:54:53] <@^싹둑 (ssakdook)> https://www.op.gg/multi/query=pzzzang%2C%EC%9D%80%EA%B0%80%EB%89%B4%2ClIlIIllIlIIllIlI
[2021-12-10 23:55:02] <+youthanasia11> dzuNod dzuNod dzuNod
[2021-12-10 23:55:08] Viewerstats (23:23-23:55): avg:1,088 min:941 max:1,311 [17/1,292+0+19+0-282+0-46+0-42+0+83+0+38+0+0+13+0]
[2021-12-10 23:55:09] <라쿤124 (fkznsdlek)> ㅇㅈ
[2021-12-10 23:55:21] <라쿤124 (fkznsdlek)> 라인전이 유일한약점인데
[2021-12-10 23:55:31] <라쿤124 (fkznsdlek)> 그단점이 룬으로 커버돼버림
[2021-12-10 23:56:04] <@^싹둑 (ssakdook)> 매너채팅 부탁드립니다. Manner chat please. please only English.
[2021-12-10 23:56:13] <라쿤124 (fkznsdlek)> ㅋㅋㅋㅋ
[2021-12-10 23:56:43] <라쿤124 (fkznsdlek)> 오 ㄷㄷ
[2021-12-10 23:56:46] <@닉네임추천좀해줘요 (bba3204)> 누구보셔요
[2021-12-10 23:56:49] <zipals2> 도선생님 방송 보시나요?
[2021-12-10 23:56:56] <라쿤124 (fkznsdlek)> 프로방송많이보실듯
[2021-12-10 23:57:26] <%댜햬 (hey030)> :O
[2021-12-10 23:57:50] <마법소년마또카 (kmw2338)> dzukill 이분도 요네 되게 잘하시던데
[2021-12-10 23:58:02] <라쿤124 (fkznsdlek)> ㅇㅈ
[2021-12-10 23:58:39] <ysstudied> 유튭 영상은 편집 직접하는건가용
[2021-12-10 23:59:18] <먹고잘래 (holy__lavina)> 탑요네 하시는분인가 그분이
[2021-12-10 23:59:24] <%댜햬 (hey030)> 마자
[2021-12-10 23:59:27] <Subwayz1> hi pzzzang
[2021-12-11 00:00:09] <nanotaejun> dzukill이사람이
[2021-12-11 00:00:23] <nanotaejun> 약간프제짱style이던디
[2021-12-11 00:00:37] <@^싹둑 (ssakdook)> 매너채팅 부탁드립니다. Manner chat please. please only English.
[2021-12-11 00:01:12] <먹고잘래 (holy__lavina)> 잔잔한 음악틀어놓고 하던데 항상
[2021-12-11 00:01:43] <%댜햬 (hey030)> 캠이 중요하구나
[2021-12-11 00:01:59] <방가링_ (eui12234)> ㅇㅈ
[2021-12-11 00:02:14] <방가링_ (eui12234)> 그러다 보면 정감
[2021-12-11 00:02:21] <ppsh1942> 정 ㅋㅋ
[2021-12-11 00:03:22] <+youthanasia11> Mr.Pzzzang dzuBusiness
[2021-12-11 00:03:33] <믓떼이 (uirin9279)> dzukill 이 해외에선 요야 원탑임?
[2021-12-11 00:03:35] <%댜햬 (hey030)> 귀여워
[2021-12-11 00:03:45] <NightfaII0> Kappa
[2021-12-11 00:04:01] <@닉네임추천좀해줘요 (bba3204)> 베인보단 야소상대가 낫지않나
[2021-12-11 00:04:04] <@닉네임추천좀해줘요 (bba3204)> 카사딘
[2021-12-11 00:04:35] <%댜햬 (hey030)> 홧팅
[2021-12-11 00:04:43] <+Anonymous69r> @pzzzang3  How come you've been taking teleport over ignite recently?
[2021-12-11 00:05:00] <@%대마법사인프제 (arterose26)> 치속 클레드 ㅋㅋㅋㅋ
[2021-12-11 00:05:13] <바람의소심123 (qkfkadmlthtla919)> 치속클레드 엄청세던데요
[2021-12-11 00:05:45] <@닉네임추천좀해줘요 (bba3204)> 치속 구인수 클레드겁내쎔
[2021-12-11 00:07:03] <@^싹둑 (ssakdook)> 매너채팅 부탁드립니다. Manner chat please. please only English.
[2021-12-11 00:07:47] <바람의소심123 (qkfkadmlthtla919)> 오우
[2021-12-11 00:09:11] <라쿤124 (fkznsdlek)> 투사체인듯 투사체아님
[2021-12-11 00:09:28] <라쿤124 (fkznsdlek)> ?!
[2021-12-11 00:09:31] <%댜햬 (hey030)> 지넹
[2021-12-11 00:09:37] <@닉네임추천좀해줘요 (bba3204)> 1렙차난것도 크긴했다
[2021-12-11 00:09:39] <TitanTheBiceps> 이게 정복자 카사딘이다
[2021-12-11 00:09:58] <라쿤124 (fkznsdlek)> ㅋㅋㅋㅋ정족자쌓고 w한대치니까훅다네
[2021-12-11 00:10:09] <+youthanasia11> dzuThinking
[2021-12-11 00:11:38] <Subwayz1> !opgg
[2021-12-11 00:11:39] <@^싹둑 (ssakdook)> https://www.op.gg/multi/query=pzzzang%2C%EC%9D%80%EA%B0%80%EB%89%B4%2ClIlIIllIlIIllIlI
[2021-12-11 00:14:03] <@^싹둑 (ssakdook)> 매너채팅 부탁드립니다. Manner chat please. please only English.
[2021-12-11 00:14:18] <sitsuna9338> 오 반속
[2021-12-11 00:14:24] <%댜햬 (hey030)> ;;
[2021-12-11 00:14:26] <ioobbb> !업타임
[2021-12-11 00:14:27] <@^싹둑 (ssakdook)> 방송 업타임: 3 시간 52 분 17 초
[2021-12-11 00:14:58] <@%떡관종이구만 (jh1003z)> 어지럽네
[2021-12-11 00:15:52] <라쿤124 (fkznsdlek)> ㅇㅈ
[2021-12-11 00:16:45] <+stslimited84> did you win the yone game?
[2021-12-11 00:17:11] <%댜햬 (hey030)> 오우
[2021-12-11 00:17:13] <@닉네임추천좀해줘요 (bba3204)> ㄴㅇㅅ
[2021-12-11 00:17:17] <msb8its> wow
[2021-12-11 00:17:17] <shyshyshy25> ahahhahaha
[2021-12-11 00:17:24] <nanotaejun> 궁이이게안맞네
[2021-12-11 00:18:33] <bal0nlol> bless you bro
[2021-12-11 00:18:42] <아이롱롱 (hepzibah_)> 감기걸렸나봐요
[2021-12-11 00:18:47] <StillBasedEZ> WutFace
[2021-12-11 00:19:34] <%댜햬 (hey030)> ㄲㅂ
[2021-12-11 00:19:41] <@%떡관종이구만 (jh1003z)> 나이스!!
[2021-12-11 00:19:43] <@닉네임추천좀해줘요 (bba3204)> 카사딘이 터졌네 ㅋㄲㄱ
[2021-12-11 00:19:46] <@%떡관종이구만 (jh1003z)> 오옹 나이스
[2021-12-11 00:19:51] <@%대마법사인프제 (arterose26)> ㄴㅇㅅ
[2021-12-11 00:20:07] <아이롱롱 (hepzibah_)> 대장군 목 댕겅
[2021-12-11 00:20:21] <@닉네임추천좀해줘요 (bba3204)> 베인 파밍만해서 겜이기넹
[2021-12-11 00:20:52] <el_hawciu> PykPykPyk
[2021-12-11 00:21:03] <@^싹둑 (ssakdook)> 매너채팅 부탁드립니다. Manner chat please. please only English.
[2021-12-11 00:22:03] <nanotaejun> 장막쓰길래서렌나언줄
[2021-12-11 00:22:58] <VforVN> !time
[2021-12-11 00:22:58] <@^싹둑 (ssakdook)> time: 2021/12/11 00:22:55 (Asia/Seoul)
[2021-12-11 00:23:26] <+pioras1337> \lol
[2021-12-11 00:24:28] <4926492> Sexy  ro
[2021-12-11 00:24:31] <4926492> Bro
[2021-12-11 00:25:15] Viewerstats (23:57-00:25): avg:917 min:851 max:1,010 [15/964-100+0+0-13+0+49+0+16-12+0+86+0+0+20]
[2021-12-11 00:25:44] <라쿤124 (fkznsdlek)> 조금만기다렸으면
[2021-12-11 00:25:56] <라쿤124 (fkznsdlek)> 다잡은건데
[2021-12-11 00:26:07] <아이롱롱 (hepzibah_)> 오
[2021-12-11 00:27:18] <아무무는씹덕캐 (aeroaxl)> 인장 plz
[2021-12-11 00:28:03] <@^싹둑 (ssakdook)> 매너채팅 부탁드립니다. Manner chat please. please only English.
[2021-12-11 00:28:37] <라쿤124 (fkznsdlek)> 룰루가대신 죽어주네
[2021-12-11 00:28:41] <+jeans_maciel> !tutorial
[2021-12-11 00:30:53] <@%떡관종이구만 (jh1003z)> 지린다 게임
[2021-12-11 00:30:55] <라쿤124 (fkznsdlek)> 조합이진짜 좋다
[2021-12-11 00:31:25] <방가링_ (eui12234)> 줴줴
[2021-12-11 00:31:34] <광비 (doro1216)> 프제님 저 롤 30일정지당한거 1시간남았어요
[2021-12-11 00:31:35] <@%대마법사인프제 (arterose26)> ㅈㅈ
[2021-12-11 00:31:35] <@닉네임추천좀해줘요 (bba3204)> 겜이 어디서 뒤집힌거지
[2021-12-11 00:31:36] <%댜햬 (hey030)> 굿
[2021-12-11 00:31:36] <라쿤124 (fkznsdlek)> 상대가 힘을못쓰네
[2021-12-11 00:31:38] <아이롱롱 (hepzibah_)> 띄우는거 엄청 많네 ㅋㅋ
[2021-12-11 00:32:05] <levoigi> !opgg
[2021-12-11 00:32:06] <%햋별 (hansol_k)> SeemsGood
[2021-12-11 00:32:06] <@^싹둑 (ssakdook)> https://www.op.gg/multi/query=pzzzang%2C%EC%9D%80%EA%B0%80%EB%89%B4%2ClIlIIllIlIIllIlI
[2021-12-11 00:32:07] <라쿤124 (fkznsdlek)> 베인템 ㅋㅋㅋ증오의사슬샀어
[2021-12-11 00:32:17] <+jeans_maciel> !commands
[2021-12-11 00:32:18] <@^싹둑 (ssakdook)> http://ssakdook.twip.kr/command/pzzzang3
[2021-12-11 00:32:24] <calebin335> 666
[2021-12-11 00:32:27] <라쿤124 (fkznsdlek)> 그냥조합차이로 진듯
[2021-12-11 00:32:35] <@닉네임추천좀해줘요 (bba3204)> 전적갱신이 안되네 ㅋㅋ
[2021-12-11 00:32:46] <@%떡관종이구만 (jh1003z)> ㅋㅋ 그거 버그
[2021-12-11 00:32:52] <@%떡관종이구만 (jh1003z)> 나도 1번그랬는데
[2021-12-11 00:33:37] <광비 (doro1216)> 프제님 저 롤 30일정지당한거 드디어 1시간남았어요 축하메세지 가능한가요
[2021-12-11 00:33:48] [Notification] 크라스헕 subscribed at Tier 1. They've subscribed for 4 months! [4]
[2021-12-11 00:33:52] <+jeans_maciel> !명령어
[2021-12-11 00:33:53] <@^싹둑 (ssakdook)> http://ssakdook.twip.kr/command/pzzzang3
[2021-12-11 00:34:04] <+jeans_maciel> !tips
[2021-12-11 00:34:05] <@^싹둑 (ssakdook)> Go my youtube channel. https://www.youtube.com/channel/UChD2kf1XO2sxR4t4s_oPPMA
[2021-12-11 00:34:39] <광비 (doro1216)> 진짜 트롤때문에 고통받은거 왜 내가 30일 유배당해야하는지 후...
[2021-12-11 00:34:43] <아가파괴펀치프제짱 (qerfasdfasdf123)> ㅎㅇㅎㅇ
[2021-12-11 00:34:49] <방가링_ (eui12234)> 프제님 mbti 어떻게 됨?
[2021-12-11 00:35:11] <@^싹둑 (ssakdook)> 매너채팅 부탁드립니다. Manner chat please. please only English.
[2021-12-11 00:35:32] <광비 (doro1216)> 30일 프짱방송덕에 심심치는 않게 보냈어요
[2021-12-11 00:35:34] <mytwilight1234> 요네 스킨살려하는데 가장 안질리는고 예쁜거 추천좀여
[2021-12-11 00:35:41] <방가링_ (eui12234)> 안대에
[2021-12-11 00:35:55] <아가파괴펀치프제짱 (qerfasdfasdf123)> 제짱님ㅎㅇㅎㅇ
[2021-12-11 00:36:04] <@%떡관종이구만 (jh1003z)> sjsms
[2021-12-11 00:36:10] <@%떡관종이구만 (jh1003z)> 제짱이는
[2021-12-11 00:36:10] <%댜햬 (hey030)> PrideLaugh
[2021-12-11 00:36:14] <방가링_ (eui12234)> ㅇㅎ
[2021-12-11 00:36:15] <@%떡관종이구만 (jh1003z)> I일듯 앞은
[2021-12-11 00:36:17] <바람의소심123 (qkfkadmlthtla919)> I로 시작할듯
[2021-12-11 00:36:25] <%댜햬 (hey030)> istj 같아
[2021-12-11 00:36:28] <nanotaejun> <3 <3 <3 <3 <3
[2021-12-11 00:36:33] <광비 (doro1216)> E가 외향이고 I가 내향인가요
[2021-12-11 00:36:36] <+27_iq> does this game help you become a yassuo master?
[2021-12-11 00:36:54] <nanotaejun> 프제 오래지켜보고 느낀점
[2021-12-11 00:37:16] <nanotaejun> 친한 관계트기 조심스럽지만
[2021-12-11 00:37:23] <nanotaejun> 한번친해지면의리잇다
[2021-12-11 00:37:31] <라쿤124 (fkznsdlek)> ㄷㄷ
[2021-12-11 00:37:37] <광비 (doro1216)> 그래서 롤에서도 팀원을 못버리는군요
[2021-12-11 00:37:37] <방가링_ (eui12234)> 평소에 망상 많이하는편인가요 현실에 집중하는편인가요
[2021-12-11 00:38:04] <라쿤124 (fkznsdlek)> 의~리!
[2021-12-11 00:38:24] <mytwilight1234> 요네 스킨중에 영혼의 꽃 요네가 가장 예쁘지 않나요
[2021-12-11 00:38:32] <YaWwn1> !dpi
[2021-12-11 00:38:34] <nanotaejun> 프제랑 친구먹은 즈멘 그는 대체...
[2021-12-11 00:38:45] <@%떡관종이구만 (jh1003z)> ㄷㄷㄷㄷㄷ
[2021-12-11 00:38:52] <아가파괴펀치프제짱 (qerfasdfasdf123)> 렉이 심하네....
[2021-12-11 00:39:03] <방가링_ (eui12234)> 오오
[2021-12-11 00:39:10] <@%대마법사인프제 (arterose26)> IN으로 시작하려나
[2021-12-11 00:39:14] <여우룽 (udei0118)> Infp인가
[2021-12-11 00:39:23] <nanotaejun> 융합형인재 ㄷㄷㄷ
[2021-12-11 00:39:27] <@%떡관종이구만 (jh1003z)> 아주 완전히 100퍼센트 외향적인 ESFP 없나
[2021-12-11 00:39:40] <@%떡관종이구만 (jh1003z)> 이게 남자지
[2021-12-11 00:39:56] <방가링_ (eui12234)> 둘다가진남좌
[2021-12-11 00:41:05] <%햋별 (hansol_k)> 어
[2021-12-11 00:41:53] <여우룽 (udei0118)> 빛도자 요네 보고싶다
[2021-12-11 00:42:02] <@^싹둑 (ssakdook)> 매너채팅 부탁드립니다. Manner chat please. please only English.
[2021-12-11 00:42:17] <방가링_ (eui12234)> 빛도자 요네 고고?
[2021-12-11 00:42:38] <nanotaejun> 요네는 기본스킨이젤이뻐
[2021-12-11 00:43:21] <+youthanasia11> dzuYes dzuBusiness dzuFF dzuPray dzuKill dzuBored dzuEat dzuAngry dzuThinking dzuSad dzuFlower dzuDerp dzuCozy dzuD dzuWtf dzuPleased dzuHeart dzuEmote1 dzuLurk dzuWow dzuWu dzuSip dzuWizard dzuNod dzuNope dzuJam dzuP
[2021-12-11 00:43:23] <방가링_ (eui12234)> 그렇구나륑..
[2021-12-11 00:43:35] DELETED: youthanasia11 (dzuYes dzuBusiness dzuFF dzuPray dzuKill dzuBored dzuEat dzuAngry dzuThinking dzuSad dzuFlower dzuDerp dzuCozy dzuD dzuWtf dzuPleased dzuHeart dzuEmote1 dzuLurk dzuWow dzuWu dzuSip dzuWizard dzuNod dzuNope dzuJam dzuP)
[2021-12-11 00:43:46] <+youthanasia11> MODS ?
[2021-12-11 00:43:50] <@%떡관종이구만 (jh1003z)> 메세지삭제
[2021-12-11 00:43:50] <@%떡관종이구만 (jh1003z)> 어캐해요?
[2021-12-11 00:44:00] <방가링_ (eui12234)> 몰?루
[2021-12-11 00:44:17] <@이렐킹_ (qufl0)> 톱니바퀴누르고 모드아이콘표시 ㄱㄱ
[2021-12-11 00:44:42] <+youthanasia11> dzuSad ?
[2021-12-11 00:44:50] <@%떡관종이구만 (jh1003z)> 오 감사합니당
[2021-12-11 00:45:15] <+youthanasia11> @떡관종이구만 dzuNope
[2021-12-11 00:45:37] <%댜햬 (hey030)> 오우
[2021-12-11 00:45:57] <beko_5> fuck syndra cringe
[2021-12-11 00:46:11] <nanotaejun> 왜저래
[2021-12-11 00:46:14] <nanotaejun> ㅈㄴ살벌하게하네
[2021-12-11 00:46:30] <jungjunhwi> 아깝다
[2021-12-11 00:46:33] <방가링_ (eui12234)> ㄲㅂ
[2021-12-11 00:46:52] <+youthanasia11> syndra is so opressive
[2021-12-11 00:47:11] <%댜햬 (hey030)> 와
[2021-12-11 00:47:12] <jungjunhwi> 달달허이 좋구만~
[2021-12-11 00:47:13] <방가링_ (eui12234)> 개꿀딱지 개딱지
[2021-12-11 00:47:27] <%햋별 (hansol_k)> ㄴㅇㅅ
[2021-12-11 00:47:41] <jairoprome> smooth
[2021-12-11 00:47:50] <광비 (doro1216)> 요즘 쌍도란들고오는 일이 많넹
[2021-12-11 00:48:11] <hpojos12> Cs 2배 차라 돈 차이는 않나네
[2021-12-11 00:48:32] <방가링_ (eui12234)> 보는사람이 화가나네
[2021-12-11 00:48:32] <광비 (doro1216)> 확실히 힘들다 신드라
[2021-12-11 00:49:02] <@^싹둑 (ssakdook)> 매너채팅 부탁드립니다. Manner chat please. please only English.
[2021-12-11 00:49:04] <방가링_ (eui12234)> 사이다 멕여줘 제짱형..ㅠ
[2021-12-11 00:49:17] <방가링_ (eui12234)> 목이 너무 막혀
[2021-12-11 00:49:52] <방가링_ (eui12234)> 십사기네
[2021-12-11 00:50:12] <바로나이스 (steve49070)> 와 스턴도 e로 씹으시네
[2021-12-11 00:50:20] <%댜햬 (hey030)> 이게 닿네
[2021-12-11 00:50:26] <광비 (doro1216)> 맞춰서 띄웟으면 몰랏는데 ㅠ
[2021-12-11 00:50:30] <+jeans_maciel> troll Q
[2021-12-11 00:52:46] <refletz4> I'm from Brazil, your live is perfect
[2021-12-11 00:52:59] <+jeans_maciel> meteu essa?
[2021-12-11 00:53:09] <refletz4> kkkkk nem fodendo
[2021-12-11 00:53:39] <+youthanasia11> cazeBR cazeBR cazeBR cazeBR cazeBR
[2021-12-11 00:53:56] <광비 (doro1216)> 바위게 아쉽네
[2021-12-11 00:53:58] <refletz4> 🇧🇷🇧🇷 vem comigo monstro
[2021-12-11 00:54:06] <doctorswin> !res
[2021-12-11 00:54:20] <doctorswin> !resolution
[2021-12-11 00:54:24] <ankaramessigolgolgoll> menner chat please, only ENG
[2021-12-11 00:54:34] <+youthanasia11> cazeDuro
[2021-12-11 00:54:36] <+jeans_maciel> shut up
[2021-12-11 00:54:44] <doctorswin> !dpi
[2021-12-11 00:54:52] <ankaramessigolgolgoll> !manners
[2021-12-11 00:55:04] <doctorswin> !manners
[2021-12-11 00:55:09] <hyunsuo2> 오
[2021-12-11 00:55:09] <kekwrick> @youthanasia11 1-0
[2021-12-11 00:55:14] <+jeans_maciel> #/
[2021-12-11 00:55:21] <flyingamish> @ankaramessigolgolgoll look hes name hahaha
[2021-12-11 00:55:21] Viewerstats (00:27-00:55): avg:929 min:825 max:1,043 [15/1,010+0-17+0-72-86+0+0-10+0+61+0+122+35+0]
[2021-12-11 00:55:22] <광비 (doro1216)> ㄲㅂ
[2021-12-11 00:55:25] <refletz4> me dá um prime aí
[2021-12-11 00:55:26] <라쿤124 (fkznsdlek)> ㅋㅋㅋㅋ
[2021-12-11 00:55:27] <+youthanasia11> cazeGremio cazeGremio cazeGremio
[2021-12-11 00:55:37] <Last_Breathh> !opgg
[2021-12-11 00:55:38] <@^싹둑 (ssakdook)> https://www.op.gg/multi/query=pzzzang%2C%EC%9D%80%EA%B0%80%EB%89%B4%2ClIlIIllIlIIllIlI
[2021-12-11 00:56:04] <@^싹둑 (ssakdook)> 매너채팅 부탁드립니다. Manner chat please. please only English.
[2021-12-11 00:56:15] <광비 (doro1216)> 탈진 어지럽네
[2021-12-11 00:56:23] <ankaramessigolgolgoll> 매너채팅 부탁드립니다. Manner chat please. please only English.
[2021-12-11 00:56:43] <doctorswin> GlitchNRG
[2021-12-11 00:56:43] <ankaramessigolgolgoll> 매너채팅 부탁드립니다. Manner chat please. please only English..
[2021-12-11 00:56:48] <refletz4> let me speak portuguese man, chatão hahaha
[2021-12-11 00:56:56] <+jeans_maciel> cara quer atenção
[2021-12-11 00:57:02] <shinguccieu> The cringe
[2021-12-11 00:57:05] <refletz4> poisé
[2021-12-11 00:57:06] <doctorswin> 🤣🤣🤣fodeu
[2021-12-11 00:57:09] <+jeans_maciel> ResidentSleeper
[2021-12-11 00:57:13] <광비 (doro1216)> 그브 ㅈㄴ아프네
[2021-12-11 00:57:25] <doctorswin> pz zzang the beast
[2021-12-11 00:57:54] <refletz4> courtesy te mandou um abraço Pz kk
[2021-12-11 00:57:56] <방가링_ (eui12234)> 와
[2021-12-11 00:58:01] <+yordanny9> nt
[2021-12-11 00:58:03] <라쿤124 (fkznsdlek)> 저거 궁 틱뎀너무아파
[2021-12-11 00:58:04] <광비 (doro1216)> 한틱만 버텻어도
[2021-12-11 00:58:08] <방가링_ (eui12234)> 레넥 도박 성공했네
[2021-12-11 00:58:08] <+TiioJayce> only br on chat kkkkkkk
[2021-12-11 00:58:26] <refletz4> kkkkkkk perfeito
[2021-12-11 00:58:36] <doctorswin> PT aqui
[2021-12-11 00:58:36] <片翼の天使 (matthew043012)> !***
[2021-12-11 00:59:20] <%댜햬 (hey030)> 와 저게 ..
[2021-12-11 00:59:25] <@%대마법사인프제 (arterose26)> Eng plz
[2021-12-11 00:59:33] <refletz4> é ele clã, i'ts Pz
[2021-12-11 00:59:35] <광비 (doro1216)> 레넥톤 괴물됫다
[2021-12-11 00:59:44] <hyunsuo2> 레넥톤 삭제쥼
[2021-12-11 01:00:21] <refletz4> !Instagram
[2021-12-11 01:00:34] <@^싹둑 (ssakdook)> 매너채팅 부탁드립니다. Manner chat please. please only English.
[2021-12-11 01:00:37] <hyunsuo2> 레넥 드디어 검거완료
[2021-12-11 01:01:09] <광비 (doro1216)> 레넥하나잡는데 출혈좀 크것다
[2021-12-11 01:01:12] <+TiioJayce> i keep speaking eng because i dont want to take a ban
[2021-12-11 01:01:46] <refletz4> prejudice that in, not being able to speak Portuguese
[2021-12-11 01:02:02] <광비 (doro1216)> 럼블 중간에서 커트 되게 잘했넹
[2021-12-11 01:02:02] <+youthanasia11> @TiioJayce cazeDuro
[2021-12-11 01:02:32] <gnsl011> 뭐야 갑자기 유리해진거같네
[2021-12-11 01:02:39] <+felipeflipz1> pijaCrocodilo
[2021-12-11 01:02:50] <+jeans_maciel> lanchesPobeers
[2021-12-11 01:03:44] <片翼の天使 (matthew043012)> pog
[2021-12-11 01:03:45] <%댜햬 (hey030)> 이야
[2021-12-11 01:03:46] <@%대마법사인프제 (arterose26)> sdt
[2021-12-11 01:03:47] <밀크아이스크림 (yoon620)> 지렸다
[2021-12-11 01:03:51] <@%대마법사인프제 (arterose26)> 나이스
[2021-12-11 01:03:56] <+youthanasia11> THIS CROCO IS SO TANK
[2021-12-11 01:03:56] <광비 (doro1216)> 던져준다 애들
[2021-12-11 01:03:57] <refletz4> Nice Koreano
[2021-12-11 01:03:59] <광비 (doro1216)> 되게 잘빨앗네
[2021-12-11 01:04:06] <라쿤124 (fkznsdlek)> 치감갔는데도 회복지리네
[2021-12-11 01:04:06] <hyunsuo2> 레넥 잘던지네
[2021-12-11 01:04:21] <gnsl011> 요네를 보니까 야스오는 똥챔이 맞다 요>>>야
[2021-12-11 01:04:28] <refletz4> criminoso
[2021-12-11 01:04:29] <%arionexus> 유툽각임 저거
[2021-12-11 01:04:45] <라쿤124 (fkznsdlek)> 이게 야스오지
[2021-12-11 01:04:47] <FlaxDe> where can i find zang's accounts?
[2021-12-11 01:04:50] <광비 (doro1216)> 애들 다같이 던지는거보니까 슬슬 급한가보다
[2021-12-11 01:04:51] <@닉네임추천좀해줘요 (bba3204)> use eng plz
[2021-12-11 01:04:55] <@닉네임추천좀해줘요 (bba3204)> !opgg
[2021-12-11 01:04:56] <@^싹둑 (ssakdook)> https://www.op.gg/multi/query=pzzzang%2C%EC%9D%80%EA%B0%80%EB%89%B4%2ClIlIIllIlIIllIlI
[2021-12-11 01:04:59] <FlaxDe> ty
[2021-12-11 01:05:12] <jungjunhwi> 필멸자에 철갑궁 나온 요네는 전설이다..
[2021-12-11 01:05:50] <우리정글뭐하 (unamstarone4)> 레넥 아까까지 거의 3:1할 정도였느데 확 썩었네
[2021-12-11 01:05:55] <+youthanasia11> MODS ??
[2021-12-11 01:06:17] <@닉네임추천좀해줘요 (bba3204)> ㅈㅈ
[2021-12-11 01:06:19] <%arionexus> 맞아 저게 눈에보이게 썩는게 신기하긴함
[2021-12-11 01:06:20] <라쿤124 (fkznsdlek)> 캬
[2021-12-11 01:06:23] <@%대마법사인프제 (arterose26)> ㅈㅈ
[2021-12-11 01:06:23] <dongjin6753> 치속 너프먹어도 정복자보단 매리트가 큰가보군요
[2021-12-11 01:06:23] <%댜햬 (hey030)> 굿
[2021-12-11 01:06:30] <라쿤124 (fkznsdlek)> 요네 2코어나온순간끝이지
[2021-12-11 01:06:38] <hyunsuo2> ㅈㅈ
[2021-12-11 01:06:38] <refletz4> tchau, courtesy é o melhor
[2021-12-11 01:06:39] <광비 (doro1216)> 럼블이 중간중간 되게 커트를 잘한듯
[2021-12-11 01:06:45] <광비 (doro1216)> 딱 적재적소에 오던데
[2021-12-11 01:06:54] BAN: refletz4
[2021-12-11 01:07:05] <@닉네임추천좀해줘요 (bba3204)> 무총하네
[2021-12-11 01:07:08] <@^싹둑 (ssakdook)> 매너채팅 부탁드립니다. Manner chat please. please only English.
[2021-12-11 01:07:12] <hyunsuo2> 와 프제짱의 친추 ㄷㄷ
[2021-12-11 01:07:22] <@%대마법사인프제 (arterose26)> 와우
[2021-12-11 01:07:33] <방가링_ (eui12234)> 부럽다
[2021-12-11 01:07:45] <@닉네임추천좀해줘요 (bba3204)> 포상이다
[2021-12-11 01:07:50] <광비 (doro1216)> 업계포상 ㄷㄷ
[2021-12-11 01:07:50] <아이롱롱 (hepzibah_)> 오
[2021-12-11 01:07:52] <%댜햬 (hey030)> 챌 모으기
[2021-12-11 01:07:59] <+santiixs> que le dice xd
[2021-12-11 01:08:01] <+youthanasia11> Do you guys watch arcane ??
[2021-12-11 01:08:18] <@닉네임추천좀해줘요 (bba3204)> use eng plz
[2021-12-11 01:08:32] <shift997007> hello pz zzzzzzzzzzaaaaang
[2021-12-11 01:08:36] <%arionexus> 그냥 바텀에서 궁으로 2명묶으고 라칸w를 E로피하는순간 걍 매드부비 유툽각임
[2021-12-11 01:08:44] <oys8444> 훈훈하다
[2021-12-11 01:08:45] <방가링_ (eui12234)> 훈훈
[2021-12-11 01:09:56] <@닉네임추천좀해줘요 (bba3204)> 오늘 운세 확인해보죠ㅋㅋ
[2021-12-11 01:09:56] <방가링_ (eui12234)> ㄹㅇㄹㅇ
[2021-12-11 01:10:25] <방가링_ (eui12234)> 제짱형 혼자살음?
[2021-12-11 01:13:08] <ivanlozm> OI XIN XAO ZA WA ZEDONG
[2021-12-11 01:13:31] <refratyen> ,llkkkkkkkkkkkkkkkkkkkkk
[2021-12-11 01:13:32] <refratyen> kkkkkkkkkkkkkkk
[2021-12-11 01:13:35] <refratyen> pper
[2021-12-11 01:13:38] <refratyen> pprt
[2021-12-11 01:13:55] <+youthanasia11> cazeGremio cazeB
[2021-12-11 01:14:03] <@^싹둑 (ssakdook)> 매너채팅 부탁드립니다. Manner chat please. please only English.
[2021-12-11 01:14:08] <+jeans_maciel> LUL
[2021-12-11 01:14:28] <oys8444> 노밴이 둘!
[2021-12-11 01:14:29] <xboxmd> maybe ban ys
[2021-12-11 01:15:01] <oys8444> 트린선픽 ㄷㄷ
[2021-12-11 01:15:44] <fromdr29> easy
[2021-12-11 01:15:50] <@%대마법사인프제 (arterose26)> 가자ㅏ
[2021-12-11 01:15:55] <+youthanasia11> Mundo goes where he pleases
[2021-12-11 01:16:02] <rudgh0819> 스킨 껴주세ㅐ요
[2021-12-11 01:16:18] <방가링_ (eui12234)> 스킨!스킨!스킨!스킨!
[2021-12-11 01:16:21] <akali1126> 기본스킨을 엄청 좋아하시는듯 ㅎ
[2021-12-11 01:16:24] <fromdr29> this match is easy vs trynda
[2021-12-11 01:16:26] <마법소년마또카 (kmw2338)> 제짱님 막판이시면 영꽃 가주세요ㅠㅠ
[2021-12-11 01:16:30] <잠이많음 (anegailgay)> 수퍼계정인가여ㅓ
[2021-12-11 01:16:30] <방가링_ (eui12234)> 와아아아
[2021-12-11 01:16:32] <%댜햬 (hey030)> :\
[2021-12-11 01:16:38] <fromdr29> trynda wouldnt kill him cuz of his mobillity
[2021-12-11 01:16:45] <방가링_ (eui12234)> 아.
[2021-12-11 01:16:46] <%댜햬 (hey030)> zzzzzzzzz
[2021-12-11 01:16:47] <rlarhdbs10> ㅋ
[2021-12-11 01:16:49] <@%대마법사인프제 (arterose26)> ㅋㅋㅋㅋㅋㅋㅋㅋㅋㅋㅋㅋㅋㅋㅋㅋㅋ
[2021-12-11 01:16:51] <rudgh0819> 아
[2021-12-11 01:16:52] <@%대마법사인프제 (arterose26)> 농락..
[2021-12-11 01:16:52] <oys8444> 엌
[2021-12-11 01:16:53] <방가링_ (eui12234)> 뭐야 사람 놀리네
[2021-12-11 01:16:53] <rudgh0819> 개너무해요,,
[2021-12-11 01:17:00] <방가링_ (eui12234)> 아 혈압
[2021-12-11 01:17:14] <Monopolyy_> what lp is this acc?
[2021-12-11 01:17:18] <xboxmd> kkk
[2021-12-11 01:17:37] <@%대마법사인프제 (arterose26)> @Monopolyy_ 1343
[2021-12-11 01:17:57] <Monopolyy_> full gm lobby Sadge
[2021-12-11 01:17:57] <방가링_ (eui12234)> 와아아..
[2021-12-11 01:17:59] <우리집공주사료싸개 (houshou_m)> 영혼의 꽃 요네는 별로임?
[2021-12-11 01:18:05] <ihebkanzari> is yasuo good in top now?
[2021-12-11 01:18:08] <@%대마법사인프제 (arterose26)> 넹
[2021-12-11 01:18:28] <Monopolyy_> @ihebkanzari with lethal tempo better than before
[2021-12-11 01:18:31] <Monopolyy_> but still bad
[2021-12-11 01:18:47] <fromdr29> in this case yone vs trynda is a good match
[2021-12-11 01:19:23] <arvyss> which is better nerfed lethal tempo or buffed conquerer?
[2021-12-11 01:19:39] <byeongin0410> 프제짱님 설정이 궁금해요
[2021-12-11 01:19:45] <oys8444> kfc로 만들자
[2021-12-11 01:20:19] <ihebkanzari> @Monopolyy_ wht u think the best yasuo skin and why?
[2021-12-11 01:20:22] <+youthanasia11> @arvyss lehtal
[2021-12-11 01:20:35] <Monopolyy_> @ihebkanzari nightbringer is a diff mood
[2021-12-11 01:20:40] <arvyss> thanks
[2021-12-11 01:20:53] <Monopolyy_> but the new green dragon skin is Pog as well
[2021-12-11 01:21:03] <@^싹둑 (ssakdook)> 매너채팅 부탁드립니다. Manner chat please. please only English.
[2021-12-11 01:21:45] <oys8444> 플까비 ㅠㅠ
[2021-12-11 01:21:48] <byeongin0410> 영어로만 채팅해야 하나요?
[2021-12-11 01:21:49] <+omg_shadow> nicuuuu
[2021-12-11 01:22:06] <oys8444> 아 진짜요?
[2021-12-11 01:22:10] <@%대마법사인프제 (arterose26)> 아뇨 한국어는 괜찮아요
[2021-12-11 01:22:18] <byeongin0410> 아 넵
[2021-12-11 01:22:18] <@%대마법사인프제 (arterose26)> 저거 외국인들한테 하는 말이라
[2021-12-11 01:22:55] <byeongin0410> 저 근데 프제짱님 설정 공개하신적있나요?
[2021-12-11 01:23:43] <%댜햬 (hey030)> ㄲㅂ
[2021-12-11 01:23:47] <oys8444> 단축키여?
[2021-12-11 01:24:08] <%+pipoquin206> FortOne FortOne
[2021-12-11 01:24:10] <byeongin0410> 아니요 화면 크기나 마우스 커서 크기같은거요
[2021-12-11 01:24:12] <%corecyborg> Pog
[2021-12-11 01:24:12] <+omg_shadow> LMAOOOOO
[2021-12-11 01:24:12] <방가링_ (eui12234)> 오
[2021-12-11 01:24:12] <%댜햬 (hey030)> 와;;
[2021-12-11 01:24:14] <ancid0911> ???
[2021-12-11 01:24:14] <oys8444> 실화야!
[2021-12-11 01:24:16] <挑衅 (provokyjez)> me on yone
[2021-12-11 01:24:16] <fromdr29> ???????????????????????????????????????????\
[2021-12-11 01:24:18] <방가링_ (eui12234)> 슈퍼쉐이브
[2021-12-11 01:24:19] <+Ofenweist> LMAO
[2021-12-11 01:24:21] <HOLYryanEXIT> yone OMEGALUL
[2021-12-11 01:24:21] <haojr2310> nicesu
[2021-12-11 01:24:23] <psdes> 빅픽쳐ㄷㄷ
[2021-12-11 01:24:23] <byeongin0410> ???
[2021-12-11 01:24:23] <@%대마법사인프제 (arterose26)> 와
[2021-12-11 01:24:26] <denketsuu> aahhahaahah
[2021-12-11 01:24:27] <방가링_ (eui12234)> 이게 프제짱
[2021-12-11 01:24:29] <denketsuu> yone
[2021-12-11 01:24:30] <akali1126> dhkdn
[2021-12-11 01:24:31] <akali1126> 와우
[2021-12-11 01:24:34] <oys8444> 스킬 못맞추는 연기 오졌다
[2021-12-11 01:24:46] <방가링_ (eui12234)> 다 연기였지
[2021-12-11 01:24:46] <denketsuu> sometimes miss spells is jsut a bait
[2021-12-11 01:24:53] <ansang4645> 위기를 기회로 바꾼 남자
[2021-12-11 01:25:00] <denketsuu> good play ^^
[2021-12-11 01:25:00] <@%대마법사인프제 (arterose26)> ㅋㅋㅋㅋ나이스
[2021-12-11 01:25:02] <%댜햬 (hey030)> 방심을 유도하는 플레이~
[2021-12-11 01:25:12] <방가링_ (eui12234)> 네녀석들 걸려들었구만
[2021-12-11 01:25:16] <oys8444> 치속이 그만큼 사기라는거겠죠
[2021-12-11 01:25:28] Viewerstats (00:57-01:25): avg:987 min:891 max:1,079 [15/1,079+0-53+0+36+0-42+0-129+0+10+0+59-14+0]
[2021-12-11 01:25:33] <+omg_shadow> KEKW
[2021-12-11 01:25:35] <+omg_shadow> LUL
[2021-12-11 01:25:37] <fromdr29> see
[2021-12-11 01:25:39] <gnsl011> 요네 아직도 치속>정복잔가요
[2021-12-11 01:25:40] <fromdr29> easy match
[2021-12-11 01:25:42] <%댜햬 (hey030)> ㄷㄷ
[2021-12-11 01:25:43] <+omg_shadow> top diff :)
[2021-12-11 01:25:57] <fromdr29> @omg_shadow match dif
[2021-12-11 01:26:01] <+omg_shadow> :P
[2021-12-11 01:26:01] <fromdr29> also
[2021-12-11 01:26:05] <+omg_shadow> tru
[2021-12-11 01:26:09] <akali1126> 치속이라 그런지 트린을 이기네
[2021-12-11 01:26:39] <%댜햬 (hey030)> 웁스 ㅎ~
[2021-12-11 01:26:52] <@%대마법사인프제 (arterose26)> 트페 운다
[2021-12-11 01:26:54] <1foreverandalways> top dif
[2021-12-11 01:26:56] <ansang4645> 1200먹었네 르블랑
[2021-12-11 01:27:02] <挑衅 (provokyjez)> mid diff
[2021-12-11 01:27:02] <방가링_ (eui12234)> 르블랑킬이다 내라인아니야
[2021-12-11 01:27:13] <1foreverandalways> tyler1Z tyler1Z
[2021-12-11 01:27:14] <akali1126> 트페운다...
[2021-12-11 01:27:44] <방가링_ (eui12234)> 나만아니면돼~
[2021-12-11 01:27:49] <挑衅 (provokyjez)> !dpi
[2021-12-11 01:27:53] <oys8444> 트린다미어 골고루 키워주네
[2021-12-11 01:27:59] <Skiii_Zy> sex
[2021-12-11 01:28:03] <@^싹둑 (ssakdook)> 매너채팅 부탁드립니다. Manner chat please. please only English.
[2021-12-11 01:28:11] <방가링_ (eui12234)> ㅌㅊㅇㅌㅊㅇㅇㅇㅇ
[2021-12-11 01:28:16] <fromdr29> @싹둑 ?
[2021-12-11 01:28:37] DELETED: Skiii_Zy (sex)
[2021-12-11 01:28:44] <%댜햬 (hey030)> ㅋㅋㅋ
[2021-12-11 01:28:44] <방가링_ (eui12234)> ㅋㅋㅋㅋㅋㅋㅋ
[2021-12-11 01:28:58] <육식좋아 (kito2468)> ㅋㅋㅋㅋㅋ
[2021-12-11 01:28:59] <片翼の天使 (matthew043012)> LUL
[2021-12-11 01:28:59] <%댜햬 (hey030)> zzzz
[2021-12-11 01:29:04] <방가링_ (eui12234)> ㅋㅋㅋㅋㅋㅋㅋㅋㅋㅋㅋ
[2021-12-11 01:29:09] <방가링_ (eui12234)> 개웃기네
[2021-12-11 01:29:11] <挑衅 (provokyjez)> sup diff
[2021-12-11 01:29:11] <oys8444> 여페소
[2021-12-11 01:29:15] <xboxmd> kkkkkk
[2021-12-11 01:29:15] <akali1126> 앜
[2021-12-11 01:29:15] <lowiqhumanbeing> Kreygasm Kreygasm Kreygasm Kreygasm
[2021-12-11 01:29:16] <simcaa> ㅋㅋㅋㅋㅋㅋ
[2021-12-11 01:29:27] <gnsl011> 개블랑커서 서렌안칠지도?
[2021-12-11 01:30:50] <oys8444> 장첸인줄 ㅋㅋ
[2021-12-11 01:30:53] <@%대마법사인프제 (arterose26)> ㅋㅋㅋㅋㅋㅋㅋㅋㅋㅋㅋㅋㅋ
[2021-12-11 01:30:56] <광비 (doro1216)> ㅋㅋㅋㅋㅋㅋㅋㅋㅋ
[2021-12-11 01:30:58] <광비 (doro1216)> 혼자야?
[2021-12-11 01:31:01] <jungjunhwi> ㄷㄷ 가장 무서운 대사 혼자야?
[2021-12-11 01:31:07] <+emimartt> ADC 2022
[2021-12-11 01:31:10] <방가링_ (eui12234)> ㄷㄷㄷ
[2021-12-11 01:31:27] <@%대마법사인프제 (arterose26)> ㄴㅇㅅ
[2021-12-11 01:31:27] <방가링_ (eui12234)> ㄴㅇㅅ
[2021-12-11 01:31:30] <%댜햬 (hey030)> 푸항
[2021-12-11 01:32:10] <%댜햬 (hey030)> ㄲㅂ
[2021-12-11 01:32:14] <挑衅 (provokyjez)> fiesta
[2021-12-11 01:33:26] <방가링_ (eui12234)> 앗
[2021-12-11 01:33:39] <%댜햬 (hey030)> 와 딜 봐
[2021-12-11 01:33:55] <방가링_ (eui12234)> ㅇ?이게 이렇게 되네
[2021-12-11 01:34:01] <방가링_ (eui12234)> 신기하다
[2021-12-11 01:34:08] <gnsl011> 요네 피바라기도 좋나보넹
[2021-12-11 01:34:27] <육식좋아 (kito2468)> 요네도 잘하시네요 ㅋㅋ
[2021-12-11 01:35:15] <@^싹둑 (ssakdook)> 매너채팅 부탁드립니다. Manner chat please. please only English.
[2021-12-11 01:35:44] <%댜햬 (hey030)> ;;;
[2021-12-11 01:35:46] <jeaaaaan> Pog
[2021-12-11 01:35:47] <gnsl011> 근데 진짜 챔피언성능이 요네가 스오보다 월등히좋은거같긴하다
[2021-12-11 01:35:48] <oys8444> 노룩 에어본 미쳐꼬
[2021-12-11 01:35:52] <@%대마법사인프제 (arterose26)> 굿
[2021-12-11 01:35:54] <haojr2310> nicesu
[2021-12-11 01:35:54] <+emimartt> hahahaha yone
[2021-12-11 01:35:55] <@닉네임추천좀해줘요 (bba3204)> ㅈㅈ
[2021-12-11 01:35:55] <방가링_ (eui12234)> 이겨쓰 이겨쓰
[2021-12-11 01:35:55] <ggfirst_jjin> 보호막강타는 언제드나요?
[2021-12-11 01:35:58] <挑衅 (provokyjez)> pz's yone too op
[2021-12-11 01:36:00] <@%대마법사인프제 (arterose26)> ㅈㅈㅈㅈ
[2021-12-11 01:36:03] <not_saity> gg
[2021-12-11 01:36:11] <@%대마법사인프제 (arterose26)> 요네 꿀잼
[2021-12-11 01:36:13] <방가링_ (eui12234)> 3연승아닌가
[2021-12-11 01:36:15] <xboxmd> gg
[2021-12-11 01:36:17] <광비 (doro1216)> 근데 어쩐일로 르블랑이 살았지
[2021-12-11 01:36:21] <방가링_ (eui12234)> 크
[2021-12-11 01:36:23] <@%대마법사인프제 (arterose26)> 오늘 많이 이겼네용
[2021-12-11 01:36:33] <oys8444> 궁삑사리 스노우볼이 컸다
[2021-12-11 01:36:37] <육식좋아 (kito2468)> !사양
[2021-12-11 01:36:45] <루루최고야 (eesz753)> 뭐야 상대 트린 크포였네
[2021-12-11 01:36:46] <아이롱롱 (hepzibah_)> 팀에 에어본 있는 챔 있으면 거의 안지는 것 같음
[2021-12-11 01:36:52] <@닉네임추천좀해줘요 (bba3204)> 은가뉴를 넘었어
[2021-12-11 01:36:54] <@%대마법사인프제 (arterose26)> 프바
[2021-12-11 01:36:55] <jungjunhwi> 수고용
[2021-12-11 01:36:55] <@닉네임추천좀해줘요 (bba3204)> 프바~
[2021-12-11 01:36:56] <아이롱롱 (hepzibah_)> 프바
[2021-12-11 01:36:57] <%댜햬 (hey030)> 바바
[2021-12-11 01:36:58] <광비 (doro1216)> 쥐쥐
[2021-12-11 01:37:01] <방가링_ (eui12234)> 프바
[2021-12-11 01:37:02] <jon03124> 프바
[2021-12-11 01:37:06] <육식좋아 (kito2468)> 프바
[2021-12-11 01:37:07] <masizinho> yo zang sup my dawg
[2021-12-11 01:37:08] <하정이810 (pmc0q)> ㅂㅂ
[2021-12-11 01:37:10] <b3uty1sp4in> bye
[2021-12-11 01:37:15] <vexoros> bye~
[2021-12-11 01:37:17] <haojr2310> bye
[2021-12-11 01:37:19] <+jeans_maciel> tchau
[2021-12-11 01:37:28] <minyu_kr> Bye ~~
[2021-12-11 01:37:29] <+jeans_maciel> :>
[2021-12-11 01:38:11] ~Stream offline~
[2021-12-11 01:38:41] You have left #pzzzang3
[2021-12-11 01:38:41] Viewerstats (01:27-01:35): avg:1,077 min:1,025 max:1,143 [5/1,025+0+25+93+0_]
# Log closed: 2021-12-11 01:38:41 +0900
-
