# Log started: 2021-12-10 19:36:46 +0900
[2021-12-10 19:36:46] #rabbang 채널 입장 중입니다
[2021-12-10 19:36:46] #rabbang 채널에 입장했습니다
[2021-12-10 19:36:47] ~눈 부었어 힝 ㅜ (Just Chatting)~
[2021-12-10 19:36:50] <30초 (msc30)> 캠 세팅부터 다르다구 ㅋㅋ
[2021-12-10 19:37:17] <%dntkdcjf> 강의 듣는다고 캠사긴 비싼데 부자네
[2021-12-10 19:37:35] <한갱개돼지육수블루오시연 (sorktkfkdgksmsdgol)> 헉
[2021-12-10 19:37:37] <%멍멍이는냐옹 (halfdiehalflife)> 하츠네 미쿠 아빠 신기하게 생겼네
[2021-12-10 19:37:41] <카티아스 (cartiasit)> SingsMic
[2021-12-10 19:37:45] <%갱생종민 (umr2077)> 미쿠 도코
[2021-12-10 19:37:47] <%라빵먹뱉냠냠장인 (newspy2000)> 미쿠 아빠 열일 하네
[2021-12-10 19:37:52] <%dntkdcjf> 왜 미쿠 아빠야 이게 ㅋㅋ
[2021-12-10 19:38:02] <%멍멍이는냐옹 (halfdiehalflife)> ㄷㄷㄷㄷ
[2021-12-10 19:38:08] <아이루집사 (ckdals1331)> ㅎㄷㄷ;;
[2021-12-10 19:38:31] <%멍멍이는냐옹 (halfdiehalflife)> 맨날 겁나 뜬금없이 이상한걸 보내
[2021-12-10 19:38:43] <%라빵먹뱉냠냠장인 (newspy2000)> 갑자기 궁금한게 미쿠랑 울트라맨은 무슨 관계일까???
[2021-12-10 19:38:54] <%영구감자 (jhobbang)> 빵하
[2021-12-10 19:38:54] <@^Nightbot> 영구감자님 하이~
[2021-12-10 19:38:58] <%멍멍이는냐옹 (halfdiehalflife)> 전에 보니까 울트라맨 이름이 미쿠라더만
[2021-12-10 19:39:00] <%갱생종민 (umr2077)> 일본?
[2021-12-10 19:39:05] <%라빵방송만보는웹소맨 (websoman)> 코케인이 뭐지?
[2021-12-10 19:39:07] <%라빵방송만보는웹소맨 (websoman)> 뭐가 있나?
[2021-12-10 19:39:24] <%멍멍이는냐옹 (halfdiehalflife)> ㅋㅋㅋㅋㅋ
[2021-12-10 19:39:33] <%라빵방송만보는웹소맨 (websoman)> ㅋㅋㅋㅋㅋㅋ
[2021-12-10 19:39:35] <%라빵방송만보는웹소맨 (websoman)> 연습했나요
[2021-12-10 19:39:35] <%멍멍이는냐옹 (halfdiehalflife)> 라빵이 커여워...
[2021-12-10 19:39:42] <%갱생종민 (umr2077)> 라빵이도 할거지?
[2021-12-10 19:39:42] <%라빵이카톡읽씹하는뚱냥이 (choivid)> 코카인?
[2021-12-10 19:39:51] <유이비방송만보는한량생 (didsla2002)> 보여주시나여
[2021-12-10 19:39:52] <%라빵이카톡읽씹하는뚱냥이 (choivid)> 기달
[2021-12-10 19:39:58] <%lsj4632> 어우 위험혀ㅛ
[2021-12-10 19:40:01] <%라빵방송만보는웹소맨 (websoman)> 그거 단가 얼마야?
[2021-12-10 19:40:08] <%멍멍이는냐옹 (halfdiehalflife)> 방송 중 코카인은 범죄야
[2021-12-10 19:40:20] <%갱생종민 (umr2077)> !단가
[2021-12-10 19:40:21] <%라빵방송만보는웹소맨 (websoman)> 안 돼?
[2021-12-10 19:40:28] <%라빵방송만보는웹소맨 (websoman)> 안 되면 킹쩔 수 없지!
[2021-12-10 19:40:30] <%국쮸 (bong6419)> 1004
[2021-12-10 19:40:32] <%멍멍이는냐옹 (halfdiehalflife)> 경찰 아저씨 여기에요
[2021-12-10 19:40:37] <학문 (hakmoondownbad)> woohanOh woohanOh woohanOh
[2021-12-10 19:40:37] <%라빵방송만보는웹소맨 (websoman)> 앗
[2021-12-10 19:40:37] <%dntkdcjf> ㅗㅜㅑ
[2021-12-10 19:40:38] <@^Nightbot> !ㅗㅜㅑ
[2021-12-10 19:40:40] <%멍멍이는냐옹 (halfdiehalflife)> 커여운거봐
[2021-12-10 19:40:41] <%갱생종민 (umr2077)> ㅗㅜㅑ
[2021-12-10 19:40:41] <학문 (hakmoondownbad)> woohanOh  woohanOh woohanOh
[2021-12-10 19:40:42] <%라빵방송만보는웹소맨 (websoman)> 오토카인 ㅋㅋㅋㅋ
[2021-12-10 19:40:42] <학문 (hakmoondownbad)> woohanOh woohanOh woohanOh
[2021-12-10 19:40:49] <학문 (hakmoondownbad)> 빵토바이
[2021-12-10 19:40:49] <%갱생종민 (umr2077)> coomoLuv coomoLuv coomoLuv
[2021-12-10 19:40:54] <%멍멍이는냐옹 (halfdiehalflife)> 오토바인
[2021-12-10 19:40:55] <%dntkdcjf> 화사한 느낌은 없네
[2021-12-10 19:40:55] <%갱생종민 (umr2077)> reva01 reva01 reva01
[2021-12-10 19:41:05] <nullandvoid0x> woohanOh woohanOh woohanOh
[2021-12-10 19:41:06] <학문 (hakmoondownbad)> ㅋㅋㅋㅋㅋ
[2021-12-10 19:41:08] <학문 (hakmoondownbad)> woohanOh woohanOh woohanOh
[2021-12-10 19:41:09] <%라빵방송만보는웹소맨 (websoman)> ㅋㅋㅋㅋㅋㅋㅋㅋㅋㅋ
[2021-12-10 19:41:09] <%갱생종민 (umr2077)> reva18 reva18 reva18
[2021-12-10 19:41:15] <%영구감자 (jhobbang)> ㅗㅜㅑ
[2021-12-10 19:41:16] <@^Nightbot> !ㅗㅜㅑ
[2021-12-10 19:41:16] <%dntkdcjf> ㅗㅜㅑㅗㅜㅑ
[2021-12-10 19:41:20] <학문 (hakmoondownbad)> woohanOh  woohanOh woohanOh
[2021-12-10 19:41:23] <유이비방송만보는한량생 (didsla2002)> 질수없슴다
[2021-12-10 19:41:24] <%라빵먹뱉냠냠장인 (newspy2000)> ㅗㅜㅑ
[2021-12-10 19:41:24] <@^Nightbot> !ㅗㅜㅑ
[2021-12-10 19:41:25] <벅아 (lllliilill)> 딸랑딸랑
[2021-12-10 19:41:29] <%국쮸 (bong6419)> 라빵승
[2021-12-10 19:41:29] <%멍멍이는냐옹 (halfdiehalflife)> 복장이 신기하다
[2021-12-10 19:41:31] <%푹우려진간신육수 (sweetmeatstock)> 화면 키워주세요
[2021-12-10 19:41:40] <한갱개돼지육수블루오시연 (sorktkfkdgksmsdgol)> 와...
[2021-12-10 19:41:40] <%영구감자 (jhobbang)> bamsikSmile bamsikSmile bamsikSmile
[2021-12-10 19:41:42] <봄또봄의암내나는겨털파크 (hoohooparkca)> ㅗㅜㅑㅗㅜㅑㅗㅜㅑ
[2021-12-10 19:41:43] <%dntkdcjf> 라이브로?
[2021-12-10 19:41:43] <학문 (hakmoondownbad)> 빵만봐야
[2021-12-10 19:41:45] <%라빵이카톡읽씹하는뚱냥이 (choivid)> 저분 코로 흡입한다고 ㅋㅋㅋ혼나던데 ㅋㅋㅋㅋ
[2021-12-10 19:41:45] <%갱생종민 (umr2077)> 오
[2021-12-10 19:41:59] <%라빵먹뱉냠냠장인 (newspy2000)> ㅋㅋㅋㅋㅋㅋㅋㅋㅋㅋㅋ 진짜네 아까 누가 이름이 미쿠라고 했었는데
[2021-12-10 19:42:04] <%dntkdcjf> ㅋㅋㅋㅋㅋㅋㅋㅋㅋ
[2021-12-10 19:42:04] <학문 (hakmoondownbad)> ㅋㅋㅋㅋㅋㅋ
[2021-12-10 19:42:06] <%라빵이카톡읽씹하는뚱냥이 (choivid)> ㅋㅋㅋㅋㅋㅋ
[2021-12-10 19:42:08] <한갱개돼지육수블루오시연 (sorktkfkdgksmsdgol)> ㅋㅋㅋㅋㅋㅋㅋㅋㅋㅋ
[2021-12-10 19:42:16] <%라빵먹뱉냠냠장인 (newspy2000)> 저 울트라맨 트수 말 진짜 잘듣네 ㅋㅋㅋ
[2021-12-10 19:42:19] <%dntkdcjf> 5분할은 첨보네
[2021-12-10 19:42:19] <%멍멍이는냐옹 (halfdiehalflife)> 효과를 너무 넣어서 잘 안 보여 ㅋㅋㅋ
[2021-12-10 19:42:22] <%갱생종민 (umr2077)> 오
[2021-12-10 19:42:29] <봄또봄의암내나는겨털파크 (hoohooparkca)> ㅗㅜㅑㅗㅜㅑㅗㅜㅑ
[2021-12-10 19:42:29] <덩기덩덩 (ha2_sun)> 표정 왜저래 ㅋㅋ
[2021-12-10 19:42:35] <%lsj4632> 그래도 애는 착하네여.....
[2021-12-10 19:42:36] <%멍멍이는냐옹 (halfdiehalflife)> 진짜 코카인하셨나
[2021-12-10 19:42:47] <%멍멍이는냐옹 (halfdiehalflife)> 코카인 asmr
[2021-12-10 19:43:08] <%멍멍이는냐옹 (halfdiehalflife)> ㅋㅋㅋㅋㅋㅋ
[2021-12-10 19:43:13] <%멍멍이는냐옹 (halfdiehalflife)> 라빵이는 언제해?
[2021-12-10 19:43:22] <%dntkdcjf> 저 춤은 누가 만든거지 클럽춤인가
[2021-12-10 19:43:23] <%갱생종민 (umr2077)> 라빵이도 하고싶네
[2021-12-10 19:43:36] <학문 (hakmoondownbad)> ㅋㅋㅋㅋㅋㅋ 󠀀
[2021-12-10 19:43:48] <%dntkdcjf> ㅗㅜㅑ
[2021-12-10 19:43:48] <@^Nightbot> !ㅗㅜㅑ
[2021-12-10 19:43:50] <%멍멍이는냐옹 (halfdiehalflife)> 와
[2021-12-10 19:44:00] <%갱생종민 (umr2077)> ㅗㅜㅑ
[2021-12-10 19:44:00] <@^Nightbot> !ㅗㅜㅑ
[2021-12-10 19:44:01] <%라빵먹뱉냠냠장인 (newspy2000)> 누..눈나
[2021-12-10 19:44:06] <학문 (hakmoondownbad)> 클립이  짧은걸 어떡해
[2021-12-10 19:44:07] <%국쮸 (bong6419)> 더가
[2021-12-10 19:44:07] <라빵의젖은나시탈수 (straing99)> ㅋㅋㅋㅋ
[2021-12-10 19:44:08] <%리플리컨트 (dulkfact1)> snrnwl
[2021-12-10 19:44:11] <벅아 (lllliilill)> ㅋㅋㅋㅋㅋ
[2021-12-10 19:44:14] <카티아스 (cartiasit)> 라키인 라카인
[2021-12-10 19:44:17] <학문 (hakmoondownbad)> ?
[2021-12-10 19:44:17] <@^Nightbot> !물음표 수집 11587번!
[2021-12-10 19:44:19] <%lsj4632> 빵...님 승.....
[2021-12-10 19:44:19] <%라빵방송만보는웹소맨 (websoman)> 안 되겠다
[2021-12-10 19:44:20] <%갱생종민 (umr2077)> 더가져와
[2021-12-10 19:44:21] <%라빵방송만보는웹소맨 (websoman)> 내가 도네한다
[2021-12-10 19:44:23] <%dntkdcjf> ㅋㅋㅋㅋㅋㅋ
[2021-12-10 19:44:28] <학문 (hakmoondownbad)> 요즘 바빠서 못햇어요
[2021-12-10 19:44:28] <%라빵먹뱉냠냠장인 (newspy2000)> 이제 다들 코카인 찾으러 간다 ㅋㅋㅋㅋㅋ
[2021-12-10 19:44:38] <%라빵방송만보는웹소맨 (websoman)> 전 그런 장난 안 침;;
[2021-12-10 19:44:41] <학문 (hakmoondownbad)> 라빵님꺼도
[2021-12-10 19:44:45] <학문 (hakmoondownbad)> 유튜브에 박제해도 돼요?
[2021-12-10 19:44:47] <%국쮸 (bong6419)> ㅋㅋㅋㅋㅋㅋㅋㅋㅋ
[2021-12-10 19:44:49] <%갱생종민 (umr2077)> 네
[2021-12-10 19:44:50] <라빵의젖은나시탈수 (straing99)> ㅋㅋㅋㅋㅋ
[2021-12-10 19:44:50] <%멍멍이는냐옹 (halfdiehalflife)> 기다리면 누군가 가져오것지
[2021-12-10 19:44:54] <%dntkdcjf> 찾다가 눌러앉으면 안돼 ㅋㅋ
[2021-12-10 19:44:55] <%lsj4632> 그거 범죄여 뭘 찾으러 간다는 거야
[2021-12-10 19:44:57] <%라빵이카톡읽씹하는뚱냥이 (choivid)> 라빵아 그동안 즐거웠다
[2021-12-10 19:45:01] <학문 (hakmoondownbad)> 긍까 예쁘게 나와서
[2021-12-10 19:45:05] <학문 (hakmoondownbad)> ㅇㅋ
[2021-12-10 19:45:12] <%라빵이카톡읽씹하는뚱냥이 (choivid)> 가끔 보자 우리
[2021-12-10 19:45:16] <학문 (hakmoondownbad)> ㅋㅋㅋㅋㅋㅋㅋㅋㅋㅋㅋ
[2021-12-10 19:45:17] <%dntkdcjf> ㅋㅋㅋㅋㅋㅋㅋㅋㅋㅋㅋ
[2021-12-10 19:45:25] <%갱생종민 (umr2077)> ㅋㅋㅋㅋㅋㅋㅋ
[2021-12-10 19:45:34] <라빵의젖은나시탈수 (straing99)> ?
[2021-12-10 19:45:34] <@^Nightbot> !물음표 수집 11588번!
[2021-12-10 19:45:38] <%dntkdcjf> ㅋㅋㅋㅋㅋㅋㅋㅋ
[2021-12-10 19:45:39] <학문 (hakmoondownbad)> 일단 라빵님 1번 vod가 아마 하시모노 칸나 코스프레
[2021-12-10 19:45:42] <벅아 (lllliilill)> ㄱㅇㅇ
[2021-12-10 19:45:42] <%멍멍이는냐옹 (halfdiehalflife)> ㅗㅜㅑ
[2021-12-10 19:45:42] <@^Nightbot> !ㅗㅜㅑ
[2021-12-10 19:45:44] <한갱개돼지육수블루오시연 (sorktkfkdgksmsdgol)> ㅋㅋㅋㅋㅋㅋㅋㅋㅋ
[2021-12-10 19:45:45] <라빵의젖은나시탈수 (straing99)> 꺄앜
[2021-12-10 19:45:45] <%lsj4632> rabban2Good
[2021-12-10 19:45:50] <한갱개돼지육수블루오시연 (sorktkfkdgksmsdgol)> 풉
[2021-12-10 19:45:52] <%lsj4632> 해도 되겠네요
[2021-12-10 19:45:53] <라빵의젖은나시탈수 (straing99)> 합격
[2021-12-10 19:45:53] <한갱개돼지육수블루오시연 (sorktkfkdgksmsdgol)> 헉
[2021-12-10 19:45:56] <%멍멍이는냐옹 (halfdiehalflife)> 코카인하셨나봐요
[2021-12-10 19:45:56] <%국쮸 (bong6419)> 라카인
[2021-12-10 19:46:14] <%멍멍이는냐옹 (halfdiehalflife)> ㅋㅋㅋㅋㅋ
[2021-12-10 19:46:15] <한갱개돼지육수블루오시연 (sorktkfkdgksmsdgol)> ㅋㅋㅋㅋㅋㅋㅋㅋㅋ
[2021-12-10 19:46:16] <라빵의젖은나시탈수 (straing99)> ㅋㅋㅋㅋㅋ
[2021-12-10 19:46:20] <%라빵먹뱉냠냠장인 (newspy2000)> ㅋㅋㅋㅋ
[2021-12-10 19:46:24] <%멍멍이는냐옹 (halfdiehalflife)> 뭐할려고?
[2021-12-10 19:46:37] <한갱개돼지육수블루오시연 (sorktkfkdgksmsdgol)> 설마 3분할?
[2021-12-10 19:46:43] <%lsj4632> 4분할ㅇ니거ㅏ
[2021-12-10 19:46:44] <라빵의젖은나시탈수 (straing99)> 난여기있을거야형들
[2021-12-10 19:46:46] <한갱개돼지육수블루오시연 (sorktkfkdgksmsdgol)> 헉..
[2021-12-10 19:46:46] <%멍멍이는냐옹 (halfdiehalflife)> 5분할 코카인할려고?
[2021-12-10 19:46:47] <%국쮸 (bong6419)> 4분할?
[2021-12-10 19:46:54] <한갱개돼지육수블루오시연 (sorktkfkdgksmsdgol)> 4분할이구나
[2021-12-10 19:47:04] <%국쮸 (bong6419)> 5분할해주세여
[2021-12-10 19:47:05] <%멍멍이는냐옹 (halfdiehalflife)> 중간에 흐릿하게 하나더 넣으면 5분할되나
[2021-12-10 19:47:08] <라빵의젖은나시탈수 (straing99)> 으핰
[2021-12-10 19:47:10] <fordivil> 호모나 누군데이렇게 이뻐
[2021-12-10 19:47:21] <%멍멍이는냐옹 (halfdiehalflife)> 라빵이 증식한다
[2021-12-10 19:47:26] <%리플리컨트 (dulkfact1)> 틀린그림 찾기..?
[2021-12-10 19:47:33] <%멍멍이는냐옹 (halfdiehalflife)> ㅋㅋㅋㅋㅋ
[2021-12-10 19:47:37] <라빵의젖은나시탈수 (straing99)> 쨔잔
[2021-12-10 19:47:45] <카티아스 (cartiasit)> BloodTrail
[2021-12-10 19:47:48] <%멍멍이는냐옹 (halfdiehalflife)> 저걸 언제 쓸려고 ㅋㅋㅋ
[2021-12-10 19:47:48] <라빵의젖은나시탈수 (straing99)> ㅋㅋㅋㅋㅋ
[2021-12-10 19:47:50] <%dntkdcjf> 분할 저렇게 만드는거구나 ㅋㅋ
[2021-12-10 19:48:01] <%lsj4632> 그치그치
[2021-12-10 19:48:06] <라빵의젖은나시탈수 (straing99)> ㅇㅈㅇㅈ
[2021-12-10 19:48:09] <%라빵먹뱉냠냠장인 (newspy2000)> 코카인할때?
[2021-12-10 19:48:09] <%국쮸 (bong6419)> 9분할도 해주세요
[2021-12-10 19:48:11] <%멍멍이는냐옹 (halfdiehalflife)> ㅗㅜㅑ
[2021-12-10 19:48:11] <@^Nightbot> !ㅗㅜㅑ
[2021-12-10 19:48:11] <%갱생종민 (umr2077)> 곧
[2021-12-10 19:48:15] <라빵의젖은나시탈수 (straing99)> 하앜
[2021-12-10 19:48:17] <%lsj4632> rabban2Good rabban2Good rabban2Good rabban2Good
[2021-12-10 19:48:19] <%라빵방송만보는웹소맨 (websoman)> 저게 뭐지?
[2021-12-10 19:48:19] <한갱개돼지육수블루오시연 (sorktkfkdgksmsdgol)> 헉
[2021-12-10 19:48:22] <%국쮸 (bong6419)> 3x3
[2021-12-10 19:48:24] <%리플리컨트 (dulkfact1)> 방금 우측 상단만 가만있었어요!
[2021-12-10 19:48:27] <카티아스 (cartiasit)> 귤카인
[2021-12-10 19:48:31] <양념갈비구이 (todn3422)> 안뇽
[2021-12-10 19:48:39] <라빵의젖은나시탈수 (straing99)> 귤키잇 ㅇㅈ
[2021-12-10 19:48:56] <%dntkdcjf> 9분할은 너무 작아지지 ㅋㅋ
[2021-12-10 19:49:11] <%dntkdcjf> 편육캠되겠다
[2021-12-10 19:49:12] <%멍멍이는냐옹 (halfdiehalflife)> ㅋㅋㅋㅋㅋㅋ
[2021-12-10 19:49:13] <학문 (hakmoondownbad)> 라빵님꺼 보관해둔거 일단 빵키니, 만팔기념, 리아무? 할로윈, 시마카제? ,메이드, 홀터넥 원피스
[2021-12-10 19:49:14] <%리플리컨트 (dulkfact1)> 64분할 ㄱ
[2021-12-10 19:49:17] <한갱개돼지육수블루오시연 (sorktkfkdgksmsdgol)> 진짜 얼굴만 나올듯
[2021-12-10 19:49:22] <%라빵방송만보는웹소맨 (websoman)> ?
[2021-12-10 19:49:22] <@^Nightbot> !물음표 수집 11589번!
[2021-12-10 19:49:24] <학문 (hakmoondownbad)> ?
[2021-12-10 19:49:26] <한갱개돼지육수블루오시연 (sorktkfkdgksmsdgol)> ㅋㅋㅋㅋㅋㅋㅋㅋㅋㅋ
[2021-12-10 19:49:29] <한갱개돼지육수블루오시연 (sorktkfkdgksmsdgol)> 더줄여야될듯
[2021-12-10 19:49:39] <%멍멍이는냐옹 (halfdiehalflife)> 라빵이가 많아서 좋아
[2021-12-10 19:49:42] <%영구감자 (jhobbang)> 분신술
[2021-12-10 19:49:45] <봄또봄의암내나는겨털파크 (hoohooparkca)> ㅋㅋㅋㅋㅋㅋㅋ
[2021-12-10 19:49:46] <%멍멍이는냐옹 (halfdiehalflife)> 6하자 ㅋㅋㅋ
[2021-12-10 19:49:51] <%dntkdcjf> 가로라서 3x3이 비율이 안맞음 ㅋㅋ
[2021-12-10 19:49:54] <%라빵방송만보는웹소맨 (websoman)> ㅋㅋㅋㅋㅋㅋㅋㅋㅋ
[2021-12-10 19:49:54] <한갱개돼지육수블루오시연 (sorktkfkdgksmsdgol)> 6이 최대구나
[2021-12-10 19:49:56] <학문 (hakmoondownbad)> ㅋㅋ
[2021-12-10 19:50:01] <%국쮸 (bong6419)> 아 가로가 좁구나
[2021-12-10 19:50:01] <%멍멍이는냐옹 (halfdiehalflife)> 6도 충분히 커엽네
[2021-12-10 19:50:03] <%라빵방송만보는웹소맨 (websoman)> 아 무서워!!!!!!
[2021-12-10 19:50:04] <%영구감자 (jhobbang)> 이제 애교하나요?
[2021-12-10 19:50:06] <라빵의젖은나시탈수 (straing99)> 흐앜
[2021-12-10 19:50:12] <%lsj4632> 저게 벌레들이 우릴 보는 시선 일라나??
[2021-12-10 19:50:33] <%dntkdcjf> ?
[2021-12-10 19:50:33] <%lsj4632> ?
[2021-12-10 19:50:33] <@^Nightbot> !물음표 수집 11590번!
[2021-12-10 19:50:34] <%라빵방송만보는웹소맨 (websoman)> ?
[2021-12-10 19:50:36] <한갱개돼지육수블루오시연 (sorktkfkdgksmsdgol)> ?
[2021-12-10 19:50:38] <%lsj4632> 네?
[2021-12-10 19:50:41] <%라빵방송만보는웹소맨 (websoman)> 수리 43점
[2021-12-10 19:50:42] <%라빵먹뱉냠냠장인 (newspy2000)> 기적의 논리?
[2021-12-10 19:50:42] <%갱생종민 (umr2077)> coomoLuv
[2021-12-10 19:50:55] <%dntkdcjf> ㅋㅋㅋㅋㅋㅋㅋㅋ
[2021-12-10 19:50:57] <한갱개돼지육수블루오시연 (sorktkfkdgksmsdgol)> ㅗㅜㅑ
[2021-12-10 19:50:57] <@^Nightbot> !ㅗㅜㅑ
[2021-12-10 19:50:58] <라빵의젖은나시탈수 (straing99)> ㅋㅋㅋㅋ
[2021-12-10 19:51:07] <봄또봄의암내나는겨털파크 (hoohooparkca)> ㅋㅋㅋㅋㅋㅋㅋㅋㅋㅋㅋㅋㅋ
[2021-12-10 19:51:08] <nullandvoid0x> LUL
[2021-12-10 19:51:08] <한갱개돼지육수블루오시연 (sorktkfkdgksmsdgol)> 북인데 북
[2021-12-10 19:51:13] <한갱개돼지육수블루오시연 (sorktkfkdgksmsdgol)> 으악
[2021-12-10 19:51:16] <라빵의젖은나시탈수 (straing99)> ㅋㅋㅋㅋ ㄲ
[2021-12-10 19:51:22] <%dntkdcjf> 꼽 나온 옷 못입겠다 ㅋㅋㅋ
[2021-12-10 19:51:22] <%라빵방송만보는웹소맨 (websoman)> 이건 좀 강하다
[2021-12-10 19:51:23] <한갱개돼지육수블루오시연 (sorktkfkdgksmsdgol)> 헉...
[2021-12-10 19:51:24] <%라빵먹뱉냠냠장인 (newspy2000)> 노래 영상 짤 편집 미쳤네 ㅋㅋㅋ
[2021-12-10 19:51:25] <한갱개돼지육수블루오시연 (sorktkfkdgksmsdgol)> showw9 showw9 showw9 showw9
[2021-12-10 19:51:26] <봄또봄의암내나는겨털파크 (hoohooparkca)> 슈파 참치 못 참지 ㅋㅋㅋ
[2021-12-10 19:51:29] <%영구감자 (jhobbang)> 좋은 흑역사다
[2021-12-10 19:51:30] <%리플리컨트 (dulkfact1)> 여긴 양반이넹
[2021-12-10 19:51:33] <%갱생종민 (umr2077)> ㅋㅋㅋㅋㅋㅋㅋㅋㅋㅋㅋ
[2021-12-10 19:51:45] <%라빵이카톡읽씹하는뚱냥이 (choivid)> 그래더 우리는 이뿌게 만들어 주잖아
[2021-12-10 19:51:59] <%dntkdcjf> 와
[2021-12-10 19:52:02] <%lsj4632> 우오ㅓ
[2021-12-10 19:52:06] <%멍멍이는냐옹 (halfdiehalflife)> 딜레이를 조금씩 주는건가
[2021-12-10 19:52:07] <한갱개돼지육수블루오시연 (sorktkfkdgksmsdgol)> 오
[2021-12-10 19:52:08] <%라빵방송만보는웹소맨 (websoman)> 다섯 명이서 하면 되는 거임 저거
[2021-12-10 19:52:09] <유건희 (daehyeon801)> 미단님이다
[2021-12-10 19:52:11] <라빵의젖은나시탈수 (straing99)> 군무지린다
[2021-12-10 19:52:15] <자근이 (noryd)> 저걸 아직도 모르다뉘..
[2021-12-10 19:52:20] <%dntkdcjf> 딜레이 주는게 되나보네
[2021-12-10 19:52:24] <%멍멍이는냐옹 (halfdiehalflife)> 딜레이를 점점 길게
[2021-12-10 19:52:29] <%lsj4632> 만들기 힘들겠는데
[2021-12-10 19:52:34] <%sudurov> sorabbClapping
[2021-12-10 19:52:38] <%라빵먹뱉냠냠장인 (newspy2000)> ㅋㅋㅋㅋㅋㅋㅋㅋㅋㅋㅋㅋ
[2021-12-10 19:52:40] <%dntkdcjf> ㅋㅋㅋㅋㅋㅋㅋㅋ
[2021-12-10 19:52:41] <%갱생종민 (umr2077)> 마지막
[2021-12-10 19:52:42] <라빵의젖은나시탈수 (straing99)> ㅋㅋㅋㅋㅋ
[2021-12-10 19:52:43] <%리플리컨트 (dulkfact1)> 이것이 애간장..
[2021-12-10 19:52:48] <%갱생종민 (umr2077)> 보여줘요
[2021-12-10 19:52:48] <%멍멍이는냐옹 (halfdiehalflife)> 점핑하게 해줘...
[2021-12-10 19:52:48] <벅아 (lllliilill)> 후..
[2021-12-10 19:52:52] <%dntkdcjf> 500원 남으면 불편하지 ㅋㅋ
[2021-12-10 19:53:02] <%멍멍이는냐옹 (halfdiehalflife)> 가자
[2021-12-10 19:53:08] <라빵의젖은나시탈수 (straing99)> 오
[2021-12-10 19:53:08] <%라빵먹뱉냠냠장인 (newspy2000)> 타이밍 딱 맞네
[2021-12-10 19:53:29] <%라빵의돌핀팬츠쓴저금통 (rkawhk)> 딜레이 거는거구나
[2021-12-10 19:53:29] <%라빵이카톡읽씹하는뚱냥이 (choivid)> ㅋㅋㅋㅋ
[2021-12-10 19:53:30] <%멍멍이는냐옹 (halfdiehalflife)> 135 34 맞는게 신기하다 ㅋㅋㅋ
[2021-12-10 19:53:34] <%라빵이카톡읽씹하는뚱냥이 (choivid)> 저거 수땡님도 잘하자나 ㅋㅋㅋ
[2021-12-10 19:53:45] <%라빵의돌핀팬츠쓴저금통 (rkawhk)> ㅋㅋㅋㅋㅋㅋㅋㅋ
[2021-12-10 19:53:46] <%라빵방송만보는웹소맨 (websoman)> 네~ 나왔어요~
[2021-12-10 19:53:50] <학문 (hakmoondownbad)> 아까 채팅 치고
[2021-12-10 19:53:51] <%lsj4632> 등장해 주새ㅔ요
[2021-12-10 19:53:52] <자근이 (noryd)> 포인트만 집어드림
[2021-12-10 19:53:52] <%dntkdcjf> 도망가셨네 ㅋㅋ
[2021-12-10 19:53:54] <자근이 (noryd)> 잘 들어요.
[2021-12-10 19:53:54] <학문 (hakmoondownbad)> 오옹
[2021-12-10 19:53:57] <%멍멍이는냐옹 (halfdiehalflife)> ㅋㅋㅋㅋㅋㅋ
[2021-12-10 19:54:03] <%멍멍이는냐옹 (halfdiehalflife)> 1타강사가 채팅창에 있네
[2021-12-10 19:54:07] <%핑키애플파이 (barampong)> ㅡㅡ;
[2021-12-10 19:54:08] <%라빵기름종이수집하는소별 (pwr1981)> 일타강사 ㄷㄷㄷㅈ
[2021-12-10 19:54:15] <학문 (hakmoondownbad)> 맞네 맞네 다 아네
[2021-12-10 19:54:24] <자근이 (noryd)> 기존에 사용하던 캠을 사용하면 많은 문제가 생기니 "새로" 추가를 해야함
[2021-12-10 19:54:36] <봄또봄의암내나는겨털파크 (hoohooparkca)> ㅋㅋㅋㅋㅋ
[2021-12-10 19:54:38] <자근이 (noryd)> 즉 복사해서 사용하면 안됨 "새로" 등록해서 우클릭 효과를 눌러서 딜레이 주면 됨
[2021-12-10 19:54:44] <학문 (hakmoondownbad)> 아
[2021-12-10 19:54:47] <봄또봄의암내나는겨털파크 (hoohooparkca)> 저분이 빵아가보다 언냐라니 ㅋㅋㅋ
[2021-12-10 19:54:50] <%멍멍이는냐옹 (halfdiehalflife)> 잘 아는구만 ㅋㅋㅋ
[2021-12-10 19:55:06] <@^Nightbot> 라빵이의 왁싱후기, 리액션교차편집, 브이로그 등을 보고싶다면? 🎆 https://www.youtube.com/watch?v=U_A8BPcJJZ4
[2021-12-10 19:55:33] <%국쮸 (bong6419)> 밝기가 바뀌네
[2021-12-10 19:55:39] <자근이 (noryd)> 아마 유캠이 아니면 잘 안될꺼임 ㅋㅋ
[2021-12-10 19:55:47] <%멍멍이는냐옹 (halfdiehalflife)> 일타강사의 가르침을 라빵이는 이해했는가
[2021-12-10 19:55:53] <%라빵이카톡읽씹하는뚱냥이 (choivid)> 만들어서 뭐하게 ㅋㅋㅋ
[2021-12-10 19:55:59] <자근이 (noryd)> 말했자나요 복사하면 안된다구 ㅋㅋ
[2021-12-10 19:56:05] <%영구감자 (jhobbang)> 딜레이 애교도 볼 수 있는건가
[2021-12-10 19:56:06] <자근이 (noryd)> 방금 한말을 까먹는다고?
[2021-12-10 19:56:15] <%라빵방송만보는웹소맨 (websoman)> ?
[2021-12-10 19:56:15] <@^Nightbot> !물음표 수집 11591번!
[2021-12-10 19:56:21] <%dntkdcjf> ㅋㅋㅋㅋㅋㅋㅋㅋ
[2021-12-10 19:56:26] <학문 (hakmoondownbad)> 까먹은거였어? 안들은건줄
[2021-12-10 19:56:28] <%멍멍이는냐옹 (halfdiehalflife)> 복사를 하면 설정이 같아지나?
[2021-12-10 19:56:31] <%lsj4632> ㅠ
[2021-12-10 19:56:33] <%dntkdcjf> ㅜㅜ
[2021-12-10 19:56:37] <%영구감자 (jhobbang)> 또 방종이야?
[2021-12-10 19:56:44] <학문 (hakmoondownbad)> ?
[2021-12-10 19:56:44] <@^Nightbot> !물음표 수집 11592번!
[2021-12-10 19:56:55] <학문 (hakmoondownbad)> 빵만봐 ㅠ
[2021-12-10 19:56:55] <%갱생종민 (umr2077)> 빵바
[2021-12-10 19:56:55] <@^Nightbot> 갱생종민님 바이~
[2021-12-10 19:57:03] <자근이 (noryd)> 기억에 500 인가 100 인가 딜레이 제한이 있음 그래서 잘 나눠야함
[2021-12-10 19:57:15] <%영구감자 (jhobbang)> 스트리머님이시네
[2021-12-10 19:57:17] <%라빵방송만보는웹소맨 (websoman)> 뭔가 저 사람 노래 더 잘해진 것 같네
[2021-12-10 19:57:17] <%멍멍이는냐옹 (halfdiehalflife)> 왜캐 잘알아 ㅋㅋㅋ
[2021-12-10 19:57:17] <%라빵기름종이수집하는소별 (pwr1981)> 이게 뭔데
[2021-12-10 19:57:19] <%라빵이카톡읽씹하는뚱냥이 (choivid)> 이게.먼데
[2021-12-10 19:57:32] <%영구감자 (jhobbang)> 라온님 스트리머심
[2021-12-10 19:57:39] <학문 (hakmoondownbad)> 라빵님 덕후에요?
[2021-12-10 19:57:40] <%영구감자 (jhobbang)> 응애ㅐㅐㅐㅐ
[2021-12-10 19:57:41] <%dntkdcjf> ㅋㅋㅋㅋㅋㅋㅋㅋㅋㅋ
[2021-12-10 19:57:42] <학문 (hakmoondownbad)> 응애
[2021-12-10 19:57:44] <%라빵방송만보는웹소맨 (websoman)> 응애ㅐㅐㅐ
[2021-12-10 19:57:44] <%dntkdcjf> 응애ㅐㅐㅐㅐ
[2021-12-10 19:57:45] <%라빵먹뱉냠냠장인 (newspy2000)> 응애!
[2021-12-10 19:57:47] <%라빵기름종이수집하는소별 (pwr1981)> ㅋㅋㅋㅋㅋㅋㅋㅋㅋ
[2021-12-10 19:57:48] <%lsj4632> 구구까까
[2021-12-10 19:57:51] <현우0825 (ksh9737)> 안녕하세요
[2021-12-10 19:57:53] <봄또봄의암내나는겨털파크 (hoohooparkca)> ㅋㅋㅋㅋㅋㅋㅋㅋㅋㅋㅋ
[2021-12-10 19:57:56] <%국쮸 (bong6419)> 응애
[2021-12-10 19:57:58] <%갱생종민 (umr2077)> 꾸꾸따따
[2021-12-10 19:57:59] <학문 (hakmoondownbad)> 라온님 가족이 하는거 아녔음?
[2021-12-10 19:57:59] <%라빵방송만보는웹소맨 (websoman)> 응애ㅐㅐㅐㅐ
[2021-12-10 19:58:02] <%lsj4632> 네 본인 이십니다
[2021-12-10 19:58:09] <%영구감자 (jhobbang)> 응애ㅐㅐㅐㅐㅐ
[2021-12-10 19:58:11] <학문 (hakmoondownbad)> 몰?루
[2021-12-10 19:58:11] <%라빵방송만보는웹소맨 (websoman)> 응애ㅐㅐ
[2021-12-10 19:58:14] <%멍멍이는냐옹 (halfdiehalflife)> 유튜브 규모가 훨씬 큰데 유튜버라고 하는게 맞지 않나?
[2021-12-10 19:58:16] <유건희 (daehyeon801)> 어쩌다 한번씩 트위치 방송하세요
[2021-12-10 19:58:25] <%핑키애플파이 (barampong)> 하지말라고 하면 더 하죠 응애
[2021-12-10 19:58:32] <%lsj4632> 근데 좀 닮으신거 같은데??
[2021-12-10 19:58:38] <%국쮸 (bong6419)> RaonLeeTW 네요
[2021-12-10 19:58:43] <%라빵방송만보는웹소맨 (websoman)> 안 돼요
[2021-12-10 19:58:43] <학문 (hakmoondownbad)> 님의 최근 방송은 3개월 전에 진행됐습니다.
[2021-12-10 19:58:45] <%영구감자 (jhobbang)> 넌 못지나간다
[2021-12-10 19:58:46] <%멍멍이는냐옹 (halfdiehalflife)> 내일 봐요 ㅠㅠ
[2021-12-10 19:58:47] <%갱생종민 (umr2077)> ㅃㅃ
[2021-12-10 19:58:50] <봄또봄의암내나는겨털파크 (hoohooparkca)> 제발 ㅠㅠ
[2021-12-10 19:59:00] <%라빵방송만보는웹소맨 (websoman)> 제발 ㅠㅠㅠㅠ
[2021-12-10 19:59:05] <유건희 (daehyeon801)> 라온님 앨범도 내신다고 하셨는데
[2021-12-10 19:59:35] <%dntkdcjf> ㅋㅋㅋㅋㅋㅋ
[2021-12-10 19:59:36] <%영구감자 (jhobbang)> 어?
[2021-12-10 19:59:38] <%라빵이카톡읽씹하는뚱냥이 (choivid)> ㅋㅋㅋㅋ
[2021-12-10 19:59:42] <%라빵방송만보는웹소맨 (websoman)> 어?
[2021-12-10 19:59:47] <%라빵먹뱉냠냠장인 (newspy2000)> 어떻게 앉아만 있으면 꽝이 나오지
[2021-12-10 19:59:48] <%영구감자 (jhobbang)> 악질새.키 여기방 타이틀이였음?
[2021-12-10 19:59:49] <%라빵이카톡읽씹하는뚱냥이 (choivid)> 요새 약질새끼 잘 없더라
[2021-12-10 19:59:58] <%국쮸 (bong6419)> 일어나니까 나왔네
[2021-12-10 20:00:00] <%라빵방송만보는웹소맨 (websoman)> 그럼 넣지 마~
[2021-12-10 20:00:01] <%dntkdcjf> 우움마 오늘 잘나온다 ㅋㅋ
[2021-12-10 20:00:04] <학문 (hakmoondownbad)> ㅋㅋㅋㅋㅋㅋㅋㅋ
[2021-12-10 20:00:08] <%영구감자 (jhobbang)> 너무 좋아
[2021-12-10 20:00:09] <%lsj4632> 좋다구요??
[2021-12-10 20:00:10] <@^Nightbot> ❤혐오 및 차별, 커뮤니티 말투 금지! 채팅은 자유롭게 쳐주세요 감사합니다 (●'◡'●)❤
[2021-12-10 20:00:56] <벅아 (lllliilill)> 비와이 얍얍얍
[2021-12-10 20:00:58] <%멍멍이는냐옹 (halfdiehalflife)> 얌얌 최근에 좀 많이 나오는거같기도 하고
[2021-12-10 20:01:08] <@^Nightbot> 라빵이의 왁싱후기, 리액션교차편집, 브이로그 등을 보고싶다면? 🎆 https://www.youtube.com/watch?v=U_A8BPcJJZ4
[2021-12-10 20:01:37] <%국쮸 (bong6419)> zzzzzzzzzzzzzzzzz
[2021-12-10 20:01:40] <%라빵먹뱉냠냠장인 (newspy2000)> ㅋㅋㅋㅋㅋㅋㅋㅋㅋㅋㅋㅋ 이게 여기서 나오네
[2021-12-10 20:01:41] <%라빵이카톡읽씹하는뚱냥이 (choivid)> ㅋㅋㅋㅋ
[2021-12-10 20:01:44] <%dntkdcjf> ㅋㅋㅋㅋㅋㅋㅋㅋㅋ
[2021-12-10 20:01:46] <%멍멍이는냐옹 (halfdiehalflife)> 가기 전에 이게 나오네 ㅋㅋㅋㅋ
[2021-12-10 20:01:48] <%밤하늘향 (kisa9579)> 이게 나오네
[2021-12-10 20:01:50] <%국쮸 (bong6419)> 이게 지금나오네
[2021-12-10 20:01:50] <%라빵이카톡읽씹하는뚱냥이 (choivid)> 얼낙 10분인데 ㅋㅋㅋㅋ
[2021-12-10 20:01:50] <%라빵방송만보는웹소맨 (websoman)> 안 되겠다
[2021-12-10 20:01:50] <%dntkdcjf> ㄹㅇ 매일하네 ㅋㅋㅋ
[2021-12-10 20:01:53] <%라빵방송만보는웹소맨 (websoman)> 나도 뽑을래!
[2021-12-10 20:02:00] <%라빵이카톡읽씹하는뚱냥이 (choivid)> 10분 연장?
[2021-12-10 20:02:06] <학문 (hakmoondownbad)> ㅋ
[2021-12-10 20:02:08] <학문 (hakmoondownbad)> ㅋㅋㅋㅋㅋㅋㅋㅋ
[2021-12-10 20:02:13] <%밤하늘향 (kisa9579)> 뭐하지
[2021-12-10 20:02:14] <%라빵방송만보는웹소맨 (websoman)> 그거지 역시 그거
[2021-12-10 20:02:21] <%라빵이카톡읽씹하는뚱냥이 (choivid)> 트수오빠 사랑해
[2021-12-10 20:02:22] <%영구감자 (jhobbang)> 최준만만세
[2021-12-10 20:02:27] <%라빵먹뱉냠냠장인 (newspy2000)> 최준-사랑해
[2021-12-10 20:02:29] <%라빵방송만보는웹소맨 (websoman)> 가지 애호가
[2021-12-10 20:02:41] <%라빵이카톡읽씹하는뚱냥이 (choivid)> 응 아니야
[2021-12-10 20:02:46] <%라빵이카톡읽씹하는뚱냥이 (choivid)> 그건 그림도네로 할게
[2021-12-10 20:02:47] <%멍멍이는냐옹 (halfdiehalflife)> 고양이 수염도 커엽긴하겠네
[2021-12-10 20:02:59] <%영구감자 (jhobbang)> 웻보이여친
[2021-12-10 20:02:59] <%라빵방송만보는웹소맨 (websoman)> 그건 우리가 그릴게
[2021-12-10 20:03:11] <%밤하늘향 (kisa9579)> 아 고르기 어렵네
[2021-12-10 20:03:17] <%멍멍이는냐옹 (halfdiehalflife)> 아이고
[2021-12-10 20:03:24] <%라빵이카톡읽씹하는뚱냥이 (choivid)> 트수오빠 사랑해♡
[2021-12-10 20:03:37] <%영구감자 (jhobbang)> 권유임
[2021-12-10 20:03:38] <%dntkdcjf> 권유하는거지
[2021-12-10 20:03:40] <봄또봄의암내나는겨털파크 (hoohooparkca)> ㅋㅋㅋㅋㅋㅋ
[2021-12-10 20:03:42] <%라빵이카톡읽씹하는뚱냥이 (choivid)> 제안이지
[2021-12-10 20:03:45] <%라빵방송만보는웹소맨 (websoman)> 롤 흐접
[2021-12-10 20:03:48] <%밤하늘향 (kisa9579)> 가지 사랑해
[2021-12-10 20:03:51] <%라빵방송만보는웹소맨 (websoman)> 저는 아이언입니다
[2021-12-10 20:03:52] <%라빵이카톡읽씹하는뚱냥이 (choivid)> ㅋㅋㅋㅋㅋ
[2021-12-10 20:03:55] <봄또봄의암내나는겨털파크 (hoohooparkca)> 강매일뿐 ㅋㅋㅋ
[2021-12-10 20:04:03] <%dntkdcjf> 강요 ㄴ
[2021-12-10 20:04:07] <%라빵먹뱉냠냠장인 (newspy2000)> 제발요 ㅋㅋㅋㅋㅋㅋㅋㅋㅋㅋ
[2021-12-10 20:04:11] <나는나는뭉탱코 (kanekokoko12345678)> ㄹㅇㅋㅋ
[2021-12-10 20:04:11] <%영구감자 (jhobbang)> 협박하지마세요
[2021-12-10 20:04:12] <%밤하늘향 (kisa9579)> 빨리 그려주세요
[2021-12-10 20:04:13] <%라빵방송만보는웹소맨 (websoman)> 강요 ㄴㄴ
[2021-12-10 20:04:20] <%dntkdcjf> rabban2Eggplant rabban2H
[2021-12-10 20:04:33] <%영구감자 (jhobbang)> ㅋㅋㅋㅋㅋㅋㅋㅋㅋ
[2021-12-10 20:04:37] <%라빵먹뱉냠냠장인 (newspy2000)> 아..300포인트가 모자라서 셀카 신청을 못하네 ㅋㅋㅋ
[2021-12-10 20:04:38] <%국쮸 (bong6419)> 대신 그려드렸습니다~
[2021-12-10 20:04:44] <나는나는뭉탱코 (kanekokoko12345678)> 야옹~
[2021-12-10 20:04:45] <%라빵방송만보는웹소맨 (websoman)> ㅋㅋㅋㅋㅋㅋㅋㅋㅋ
[2021-12-10 20:04:45] <%라빵이카톡읽씹하는뚱냥이 (choivid)> ㅋㅋㅋㅋㅋ
[2021-12-10 20:04:49] <%라빵방송만보는웹소맨 (websoman)> 와
[2021-12-10 20:04:53] <%dntkdcjf> 킹투나
[2021-12-10 20:04:59] <%영구감자 (jhobbang)> 포상은 좀;
[2021-12-10 20:05:00] <%lsj4632> 그래도 가지 정도면 약하네요
[2021-12-10 20:05:01] <나는나는뭉탱코 (kanekokoko12345678)> PogBones PogBones
[2021-12-10 20:05:06] <%멍멍이는냐옹 (halfdiehalflife)> ㅋㅋㅋㅋ
[2021-12-10 20:05:08] <%라빵먹뱉냠냠장인 (newspy2000)> ㅋㅋㅋㅋㅋㅋㅋㅋㅋ
[2021-12-10 20:05:12] <%멍멍이는냐옹 (halfdiehalflife)> 겨드랑이보단 약하긴해
[2021-12-10 20:05:12] <%밤하늘향 (kisa9579)> 약한거 골라드렸음
[2021-12-10 20:05:19] <%dntkdcjf> rabban2DD
[2021-12-10 20:05:22] <%lsj4632> 네 맘에 듭니다 아주
[2021-12-10 20:05:32] <나는나는뭉탱코 (kanekokoko12345678)> Kreygasm Kreygasm SeemsGood
[2021-12-10 20:05:40] <%국쮸 (bong6419)> 5곡채워드렸습니다
[2021-12-10 20:05:56] <%라빵먹뱉냠냠장인 (newspy2000)> ㅋㅋㅋㅋㅋㅋㅋㅋㅋㅋㅋ
[2021-12-10 20:05:56] <%dntkdcjf> rabban2H
[2021-12-10 20:05:59] <%라빵이카톡읽씹하는뚱냥이 (choivid)> 귀여워
[2021-12-10 20:06:00] <%라빵방송만보는웹소맨 (websoman)> 최준을... 사랑한다?
[2021-12-10 20:06:01] <%멍멍이는냐옹 (halfdiehalflife)> 오예
[2021-12-10 20:06:04] <%lsj4632> 최준님 한테 보내는 하튜
[2021-12-10 20:06:09] <%국쮸 (bong6419)> 하튜~
[2021-12-10 20:06:14] <%라빵방송만보는웹소맨 (websoman)> 핫클립은 가까스로 참았다
[2021-12-10 20:06:31] <nullandvoid0x> ekun7Wow
[2021-12-10 20:06:32] <%라빵이카톡읽씹하는뚱냥이 (choivid)> 라빵이 귀여워
[2021-12-10 20:06:32] <%라빵방송만보는웹소맨 (websoman)> ㅋㅋㅋㅋㅋㅋㅋㅋㅋㅋㅋㅋㅋㅋㅋㅋ
[2021-12-10 20:06:34] <%라빵방송만보는웹소맨 (websoman)> 볼 봐 ㅋㅋㅋ
[2021-12-10 20:06:36] <%멍멍이는냐옹 (halfdiehalflife)> rabban2Good rabban2Good rabban2Good
[2021-12-10 20:06:39] <%dntkdcjf> KPOPTT KPOPTT
[2021-12-10 20:06:44] <%라빵기름종이수집하는소별 (pwr1981)> heeheeY heeheeY heeheeY
[2021-12-10 20:06:46] <%lsj4632> 표정이ㅋㅋㅋㅋ
[2021-12-10 20:06:48] <%라빵먹뱉냠냠장인 (newspy2000)> 낙서가 시강하네 ㅋㅋㅋ
[2021-12-10 20:06:48] <%라빵기름종이수집하는소별 (pwr1981)> heeheeQ11 heeheeQ11 heeheeQ11
[2021-12-10 20:06:51] <nullandvoid0x> heeheeY heeheeY heeheeY
[2021-12-10 20:06:53] <%dntkdcjf> 표정 이러니까 불량해보여 ㅋㅋ
[2021-12-10 20:06:56] <%라빵방송만보는웹소맨 (websoman)> 진짜 좋으니까 저렇게 춤추지 ㅋㅋㅋ
[2021-12-10 20:07:02] <nullandvoid0x> nlnlD nlnlD nlnlD
[2021-12-10 20:07:09] <%dntkdcjf> rabban2Ra KPOPTT rabban2Ra rabban2Bbang KPOPTT
[2021-12-10 20:07:09] <nullandvoid0x> ekun7Wow ekun7Wow ekun7Wow
[2021-12-10 20:07:25] <%dntkdcjf> rabban2Ra rabban2Bbang rabban2H rabban2Ra rabban2Bbang rabban2H rabban2Ra rabban2Bbang rabban2H
[2021-12-10 20:07:29] <nullandvoid0x> zoodasaGood zoodasaGood zoodasaGood
[2021-12-10 20:07:31] <%라빵먹뱉냠냠장인 (newspy2000)> rabban2Eggplant rabban2T rabban2Eggplant rabban2T rabban2Eggplant rabban2T rabban2Eggplant rabban2T rabban2Eggplant rabban2T rabban2Eggplant rabban2T rabban2Eggplant rabban2T
[2021-12-10 20:07:31] <봄또봄의암내나는겨털파크 (hoohooparkca)> ㅗㅜㅑㅗㅜㅑ
[2021-12-10 20:07:35] <nullandvoid0x> zoodasaGood  zoodasaGood zoodasaGood
[2021-12-10 20:07:37] <%라빵방송만보는웹소맨 (websoman)> rabban2Ra rabban2Bbang rabban2H rabban2Ra rabban2Bbang rabban2H rabban2Ra rabban2Bbang rabban2H rabban2Ra rabban2Bbang rabban2H rabban2Ra rabban2Bbang rabban2H rabban2Ra rabban2Bbang rabban2H
[2021-12-10 20:07:40] <nullandvoid0x> zoodasaGood zoodasaGood zoodasaGood
[2021-12-10 20:07:41] <%dntkdcjf> rabban2Ra rabban2Bbang KPOPTT rabban2Ra KPOPTT rabban2Ra rabban2Bbang KPOPTT rabban2Ra rabban2Bbang KPOPTT
[2021-12-10 20:07:43] <nullandvoid0x> ekun7Wow ekun7Wow ekun7Wow
[2021-12-10 20:07:44] <%라빵방송만보는웹소맨 (websoman)> rabban2Ra rabban2Bbang rabban2H rabban2Ra rabban2Bbang rabban2H rabban2Ra rabban2Bbang rabban2H rabban2Ra rabban2Bbang rabban2H
[2021-12-10 20:07:45] <nullandvoid0x> zoodasaGood zoodasaGood zoodasaGood
[2021-12-10 20:07:53] <%라빵방송만보는웹소맨 (websoman)> rabban2Ra rabban2Bbang rabban2H
[2021-12-10 20:07:55] <%lsj4632> rabban2Ra rabban2Bbang rabban2Good rabban2Good rabban2Good
[2021-12-10 20:08:04] <%라빵방송만보는웹소맨 (websoman)> rabban2Ra rabban2Bbang rabban2H rabban2Ra rabban2Bbang rabban2H rabban2Ra rabban2Bbang rabban2H rabban2Ra rabban2Bbang rabban2H
[2021-12-10 20:08:22] <%dntkdcjf> !바나나차차
[2021-12-10 20:08:22] <@^Nightbot> 🙈바나나🍌🙊함부로🍌🙉차지마라🍌🙈바나나🍌🙊함부로🍌🙉차지마라🍌🙈바나나🍌🙊함부로🍌🙉차지마라🍌🙈바나나🍌🙊함부로🍌🙉차지마라🍌🙈바나나🍌🙊함부로🍌🙉차지마라🍌🙈바나나🍌🙊함부로🍌🙉차지마라🍌
[2021-12-10 20:08:23] Viewerstats (19:36-20:08): avg:164 min:157 max:175 [17/169+0-5-5+0+7+9+0-8+0-3+0-4+0-3+0+0]
[2021-12-10 20:08:26] <%dntkdcjf> 🙈바나나🍌🙊함부로🍌🙉차지마라🍌🙈바나나🍌🙊함부로🍌🙉차지마라🍌🙈바나나🍌🙊함부로🍌🙉차지마라🍌🙈바나나🍌🙊함부로🍌🙉차지마라🍌🙈바나나🍌🙊함부로🍌🙉차지마라🍌🙈바나나🍌🙊함부로🍌🙉차지마라🍌
[2021-12-10 20:08:30] <nullandvoid0x> 🙈 바나나 🍌 🙊 함부로 🍌 🙉 차지마라 🍌 🙈 바나나 🍌 🙊 함부로 🍌 🙉 차지마라 🍌 🙈 바나나 🍌 🙊 함부로 🍌 🙉 차지마라 🍌 🙈 바나나 🍌 🙊 함부로 🍌 🙉 차지마라 🍌 🙈 바나나 🍌 🙊 함부로 🍌 🙉 차지마라 🍌 🙈 바나나 🍌 🙊 함부로 🍌 🙉 차지마라 🍌
[2021-12-10 20:08:32] <nullandvoid0x> zoodasaGood zoodasaGood zoodasaGood
[2021-12-10 20:08:36] <%영구감자 (jhobbang)> rabban2Shake rabban2DD rabban2Shake
[2021-12-10 20:08:39] <nullandvoid0x> heeheeY heeheeY heeheeY
[2021-12-10 20:08:49] <Krystal_mecjtepwn> azmizuCheer azmizuCheer azmizuCheer azmizuCheer
[2021-12-10 20:08:50] <%라빵기름종이수집하는소별 (pwr1981)> heeheeY heeheeY heeheeY
[2021-12-10 20:08:53] <%라빵기름종이수집하는소별 (pwr1981)> chodan1Bbyongbbyong chodan1HeartHug chodan1Bbyongbbyong chodan1HeartHug
[2021-12-10 20:08:58] <%라빵이카톡읽씹하는뚱냥이 (choivid)> rabban2Good rabban2Good rabban2Good rabban2Good rabban2Good
[2021-12-10 20:09:04] <nullandvoid0x> 🙈 바나나 🍌 🙊 함부로 🍌 🙉 차지마라 🍌 🙈 바나나 🍌 🙊 함부로 🍌 🙉 차지마라 🍌 🙈 바나나 🍌 🙊 함부로 🍌 🙉 차지마라 🍌 🙈 바나나 🍌 🙊 함부로 🍌 🙉 차지마라 🍌 🙈 바나나 🍌 🙊 함부로 🍌 🙉 차지마라 🍌 🙈 바나나 🍌 🙊 함부로 🍌 🙉 차지마라 🍌
[2021-12-10 20:09:12] <%dntkdcjf> rabban2Eggplant얌얌 바나나🍌차차rabban2Eggplant얌얌 바나나🍌차차
[2021-12-10 20:09:13] <%라빵이카톡읽씹하는뚱냥이 (choivid)> rabban2Eggplant rabban2Eggplant rabban2Eggplant rabban2Eggplant rabban2Eggplant
[2021-12-10 20:09:16] <%lsj4632> rabban2Ra rabban2Bbang rabban2Good rabban2Good rabban2Good
[2021-12-10 20:09:25] <%멍멍이는냐옹 (halfdiehalflife)> 냠냠
[2021-12-10 20:09:29] <%lsj4632> rabban2Natto rabban2Eggplant rabban2Hanrabong
[2021-12-10 20:09:35] <%dntkdcjf> rabban2Eggplant 얌얌 rabban2Natto rabban2Wook
[2021-12-10 20:09:36] <nullandvoid0x> heeheeY heeheeY heeheeY
[2021-12-10 20:09:42] <%라빵이카톡읽씹하는뚱냥이 (choivid)> rabban2Eggplant 냠냠
[2021-12-10 20:09:43] <nullandvoid0x> zoodasaGood zoodasaGood zoodasaGood
[2021-12-10 20:09:46] <%dntkdcjf> rabban2Ra rabban2Bbang rabban2Good rabban2Ra rabban2Bbang rabban2Good
[2021-12-10 20:09:47] <%라빵이카톡읽씹하는뚱냥이 (choivid)> rabban2Eggplant 냠냠 rabban2Eggplant 냠냠 rabban2Eggplant 냠냠 rabban2Eggplant 냠냠 rabban2Eggplant 냠냠 rabban2Eggplant 냠냠 rabban2Eggplant 냠냠 rabban2Eggplant 냠냠 rabban2Eggplant 냠냠
[2021-12-10 20:09:48] <nullandvoid0x> zoodasaGood  zoodasaGood zoodasaGood
[2021-12-10 20:09:50] <%라빵기름종이수집하는소별 (pwr1981)> rabban2Eggplant 얌얌 rabban2Eggplant rabban2Eggplant
[2021-12-10 20:09:50] <nullandvoid0x> heeheeY heeheeY heeheeY
[2021-12-10 20:10:02] <%라빵이카톡읽씹하는뚱냥이 (choivid)> rabban2Eggplant 냠냠 rabban2Eggplant 냠냠 rabban2Eggplant 냠냠 rabban2Eggplant 냠냠 rabban2Eggplant 냠냠 rabban2Eggplant 냠냠 rabban2Eggplant 냠냠 rabban2Eggplant 냠냠 rabban2Eggplant 냠냠 rabban2Eggplant 냠냠 rabban2Eggplant 냠냠 rabban2Eggplant 냠냠
[2021-12-10 20:10:04] <nullandvoid0x> zoodasaGood zoodasaGood zoodasaGood
[2021-12-10 20:10:10] <%dntkdcjf> rabban2Eggplant 냠냠 rabban2Eggplant 냠냠 rabban2Eggplant 냠냠 rabban2Eggplant 냠냠 rabban2Eggplant 냠냠 rabban2Eggplant 냠냠 rabban2Eggplant 냠냠 rabban2Eggplant 냠냠 rabban2Eggplant 냠냠
[2021-12-10 20:10:13] <봄또봄의암내나는겨털파크 (hoohooparkca)> ㅗㅜㅑㅗㅜㅑ
[2021-12-10 20:10:17] <nullandvoid0x> zoodasaGood  zoodasaGood zoodasaGood
[2021-12-10 20:10:19] <%국쮸 (bong6419)> rabban2Eggplant 냠냠  rabban2Eggplant  냠냠  rabban2Eggplant  냠냠  rabban2Eggplant  냠냠  rabban2Eggplant  냠냠  rabban2Eggplant  냠냠  rabban2Eggplant  냠냠  rabban2Eggplant  냠냠  rabban2Eggplant  냠냠
[2021-12-10 20:10:23] <nullandvoid0x> heeheeY heeheeY heeheeY
[2021-12-10 20:10:32] <%dntkdcjf> rabban2Natto 우욱 rabban2Natto 우욱
[2021-12-10 20:10:38] <봄또봄의암내나는겨털파크 (hoohooparkca)> rabban2Eggplant 냠냠  rabban2Eggplant  냠냠  rabban2Eggplant  냠냠  rabban2Eggplant  냠냠  rabban2Eggplant  냠냠  rabban2Eggplant  냠냠  rabban2Eggplant  냠냠  rabban2Eggplant  냠냠  rabban2Eggplant  냠냠
[2021-12-10 20:10:41] <%lsj4632> rabban2Ra rabban2Bbang rabban2Good rabban2Good rabban2Good
[2021-12-10 20:10:49] <%dntkdcjf> rabban2Next
[2021-12-10 20:10:50] <%lsj4632> rabban2Next rabban2Next
[2021-12-10 20:11:00] <nullandvoid0x> 💁 I'm on the Next Level 💁 절대적 잉 ℹ ️ 🆖 을 지켜 💪 내손을 🤝 놓지 말아 ✖ ️ 결속은 🔒 나의 무기 ⚔ ️ 광야로 🚶 ♀ ️ 걸어가 👣 알아 네 Home Ground 🏳 ️ 🌈 위협에 🔪 맞서서 👁 ️ 🗨 ️ 제껴라 🔫 제껴라 🗡 ️ 제껴라 ⛏ ️
[2021-12-10 20:11:05] <nullandvoid0x> zoodasaGood zoodasaGood zoodasaGood
[2021-12-10 20:11:11] <봄또봄의암내나는겨털파크 (hoohooparkca)> 💁 I'm on the Next Level 💁 절대적 잉 ℹ ️ 🆖 을 지켜 💪 내손을 🤝 놓지 말아 ✖ ️ 결속은 🔒 나의 무기 ⚔ ️ 광야로 🚶 ♀ ️ 걸어가 👣 알아 네 Home Ground 🏳 ️ 🌈 위협에 🔪 맞서서 👁 ️ 🗨 ️ 제껴라 🔫 제껴라 🗡 ️ 제껴라 ⛏ ️
[2021-12-10 20:11:15] <nullandvoid0x> 💁 I'm on the Next Level 💁 절대적 잉 ℹ ️ 🆖 을 지켜 💪 내손을 🤝 놓지 말아 ✖ ️ 결속은 🔒 나의 무기 ⚔ ️ 광야로 🚶 ♀ ️ 걸어가 👣 알아 네 Home Ground 🏳 ️ 🌈 위협에 🔪 맞서서 👁 ️ 🗨 ️ 제껴라 🔫 제껴라 🗡 ️ 제껴라 ⛏ ️
[2021-12-10 20:11:33] <nullandvoid0x> zoodasaGood zoodasaGood zoodasaGood
[2021-12-10 20:11:36] <%dntkdcjf> rabban2Next rabban2Next
[2021-12-10 20:11:43] <nullandvoid0x> zoodasaGood  zoodasaGood zoodasaGood
[2021-12-10 20:11:58] <%lsj4632> rabban2Ra rabban2Bbang rabban2Good rabban2Good rabban2Good
[2021-12-10 20:12:11] <%라빵기름종이수집하는소별 (pwr1981)> chodan1Bbyongbbyong chodan1HeartHug chodan1Bbyongbbyong chodan1HeartHug
[2021-12-10 20:12:12] <%국쮸 (bong6419)> !미쿠미쿠
[2021-12-10 20:12:13] <%dntkdcjf> ?
[2021-12-10 20:12:13] <@^Nightbot> !물음표 수집 11593번!
[2021-12-10 20:12:16] <%라빵방송만보는웹소맨 (websoman)> ?
[2021-12-10 20:12:18] <%멍멍이는냐옹 (halfdiehalflife)> 오랜만에 하네
[2021-12-10 20:12:23] <%라빵방송만보는웹소맨 (websoman)> ??
[2021-12-10 20:12:27] <학문 (hakmoondownbad)> ?
[2021-12-10 20:12:27] <@^Nightbot> !물음표 수집 11594번!
[2021-12-10 20:12:31] <%국쮸 (bong6419)> 누가 면접보러옴?
[2021-12-10 20:12:36] <nullandvoid0x> zoodasaGood zoodasaGood zoodasaGood
[2021-12-10 20:12:42] <nullandvoid0x> zoodasaGood  zoodasaGood zoodasaGood
[2021-12-10 20:12:43] <%라빵방송만보는웹소맨 (websoman)> 면접번호 134번 라빵
[2021-12-10 20:12:43] <nullandvoid0x> zoodasaGood zoodasaGood zoodasaGood
[2021-12-10 20:12:45] <%dntkdcjf> rabban2Ra rabban2Bbang rabban2Good rabban2Ra rabban2Bbang rabban2Good rabban2Ra rabban2Bbang rabban2Good
[2021-12-10 20:12:47] <nullandvoid0x> heeheeY heeheeY heeheeY
[2021-12-10 20:12:55] <%국쮸 (bong6419)> 기획사 면접이었구나
[2021-12-10 20:12:58] <nullandvoid0x> heeheeY  heeheeY heeheeY
[2021-12-10 20:12:58] <%멍멍이는냐옹 (halfdiehalflife)> 감귤펀ㅊ
[2021-12-10 20:12:59] <%dntkdcjf> 목소리 구수하네 ㅋㅋ
[2021-12-10 20:13:01] <nullandvoid0x> zoodasaGood zoodasaGood zoodasaGood
[2021-12-10 20:13:02] <%라빵방송만보는웹소맨 (websoman)> rabban2Ra rabban2Bbang rabban2Eggplant rabban2Eggplant rabban2Ra rabban2Bbang rabban2Eggplant rabban2Eggplant rabban2Ra rabban2Bbang rabban2Eggplant rabban2Eggplant rabban2Ra rabban2Bbang rabban2Eggplant rabban2Eggplant rabban2Ra rabban2Bbang rabban2Eggplant rabban2Eggplant rabban2Ra rabban2Bbang rabban2Eggplant rabban2Eggplant
[2021-12-10 20:13:03] <nullandvoid0x> zoodasaGood  zoodasaGood zoodasaGood
[2021-12-10 20:13:12] <%dntkdcjf> 👊👊👊
[2021-12-10 20:13:13] <nullandvoid0x> zoodasaGood zoodasaGood zoodasaGood
[2021-12-10 20:13:16] <%멍멍이는냐옹 (halfdiehalflife)> 한라봉 펀치
[2021-12-10 20:13:17] <nullandvoid0x> heeheeY heeheeY heeheeY
[2021-12-10 20:13:20] <%국쮸 (bong6419)> rabban2Shake rabban2Shake rabban2Shake rabban2Shake
[2021-12-10 20:13:21] <nullandvoid0x> heeheeY  heeheeY heeheeY
[2021-12-10 20:13:22] <%라빵기름종이수집하는소별 (pwr1981)> 감귤펀치
[2021-12-10 20:13:26] <봄또봄의암내나는겨털파크 (hoohooparkca)> 카와이 ㅋㅋㅋ
[2021-12-10 20:13:32] <nullandvoid0x> heeheeY heeheeY heeheeY
[2021-12-10 20:13:35] <%국쮸 (bong6419)> rabban2Eggplant 펀치
[2021-12-10 20:13:37] <%dntkdcjf> 미쿠 에코 겁나 넣고 부르네
[2021-12-10 20:13:37] <nullandvoid0x> zoodasaGood zoodasaGood zoodasaGood
[2021-12-10 20:13:51] <%국쮸 (bong6419)> rabban2Good rabban2Good rabban2Good rabban2Good
[2021-12-10 20:13:52] <%dntkdcjf> rabban2Shake rabban2Shake
[2021-12-10 20:13:58] <nullandvoid0x> zoodasaGood  zoodasaGood zoodasaGood
[2021-12-10 20:14:07] <%lsj4632> rabban2Ra rabban2Bbang rabban2Good rabban2Good rabban2Good
[2021-12-10 20:14:25] <%국쮸 (bong6419)> rabban2Good rabban2Good rabban2Good rabban2Good
[2021-12-10 20:14:27] <%멍멍이는냐옹 (halfdiehalflife)> 저번에 한번 추고 두번째긴하지
[2021-12-10 20:14:28] <%dntkdcjf> 원작이 어케 추는지 몰?루
[2021-12-10 20:14:34] <%라빵이카톡읽씹하는뚱냥이 (choivid)> 넹
[2021-12-10 20:14:37] <%라빵먹뱉냠냠장인 (newspy2000)> ㅠㅠ 잘가
[2021-12-10 20:14:39] <%lsj4632> 낼 올게요~~
[2021-12-10 20:14:39] <%국쮸 (bong6419)> 짧방이라 아쉽
[2021-12-10 20:14:40] <%멍멍이는냐옹 (halfdiehalflife)> 작가님이랑 대화 잘하고 와요
[2021-12-10 20:14:40] <%라빵기름종이수집하는소별 (pwr1981)> 고생하셨어요
[2021-12-10 20:14:42] <%dntkdcjf> 빵바 ㅜㅜ
[2021-12-10 20:14:42] <@^Nightbot> dntkdcjf님 바이~
[2021-12-10 20:14:45] <%라빵이카톡읽씹하는뚱냥이 (choivid)> 이야기 잘하구 낼보쟈
[2021-12-10 20:14:50] <%멍멍이는냐옹 (halfdiehalflife)> 잘해결되어야 될건데
[2021-12-10 20:15:04] <%dntkdcjf> 8시였는데 많이 늘렸다
[2021-12-10 20:15:20] <%lsj4632> rabban2Eggplant 사랑해
[2021-12-10 20:15:31] <%국쮸 (bong6419)> rabban2O ㅇㅃㄷㅇㅃㄷ~ 이쁘다니까
[2021-12-10 20:15:32] <%라빵방송만보는웹소맨 (websoman)> 진짜 많이 놀렸다
[2021-12-10 20:15:47] <%라빵기름종이수집하는소별 (pwr1981)> 호스팅?
[2021-12-10 20:15:51] <%라빵이카톡읽씹하는뚱냥이 (choivid)> 오랜만에 레이드?
[2021-12-10 20:16:01] <%국쮸 (bong6419)> 치만앙뽀
[2021-12-10 20:16:24] <%라빵이카톡읽씹하는뚱냥이 (choivid)> 리링이?
[2021-12-10 20:16:32] <%멍멍이는냐옹 (halfdiehalflife)> 내일봐
[2021-12-10 20:16:36] <%라빵이카톡읽씹하는뚱냥이 (choivid)> ㅋㅋㅋㅋ
[2021-12-10 20:16:41] <%라빵이카톡읽씹하는뚱냥이 (choivid)> 안될꺼 있나 ㅋㅋㅋ
[2021-12-10 20:16:43] <벅아 (lllliilill)> 빵바
[2021-12-10 20:16:44] <@^Nightbot> 벅아님 바이~
[2021-12-10 20:16:44] <%멍멍이는냐옹 (halfdiehalflife)> 코카인하시나?
[2021-12-10 20:16:50] <%라빵기름종이수집하는소별 (pwr1981)> ㅋㅋㅋ
[2021-12-10 20:16:53] <%국쮸 (bong6419)> 몰?루
[2021-12-10 20:16:57] <%라빵방송만보는웹소맨 (websoman)> 라빵이 코카인보여드려야겠네 ㅋㅋㅋ
[2021-12-10 20:16:59] <%라빵이카톡읽씹하는뚱냥이 (choivid)> 건너건너 친하긴하네 ㅋㅋㅋ
[2021-12-10 20:16:59] <%라빵먹뱉냠냠장인 (newspy2000)> 갔다 안오는거 아닌가 ㅋㅋㅋㅋ
[2021-12-10 20:17:11] <%멍멍이는냐옹 (halfdiehalflife)> 삐빅 환승이요
[2021-12-10 20:17:11] <%라빵방송만보는웹소맨 (websoman)> ㄴㄴㄴ
[2021-12-10 20:17:12] <%dntkdcjf> ㅋㅋㅋㅋㅋㅋ
[2021-12-10 20:17:15] <%라빵방송만보는웹소맨 (websoman)> 무조건 돌아옴
[2021-12-10 20:17:17] <%lsj4632> 오겠습니다
[2021-12-10 20:17:20] <%라빵방송만보는웹소맨 (websoman)> 파병 허락해 주세요
[2021-12-10 20:17:22] <%라빵이카톡읽씹하는뚱냥이 (choivid)> 라빵이가 코카인 해달래요 라빵이가 코카인 해달래요 라빵이가 코카인 해달래요 라빵이가 코카인 해달래요 라빵이가 코카인 해달래요 라빵이가 코카인 해달래요
[2021-12-10 20:17:29] <%lsj4632> 일단 보고 한 번 생각을 해볼게요
[2021-12-10 20:17:31] <%밤하늘향 (kisa9579)> 기억할게!!
[2021-12-10 20:17:32] <%멍멍이는냐옹 (halfdiehalflife)> 거 시장조사만 하고 올게요
[2021-12-10 20:17:34] <salerly> ㅋㅋㅋㅋㅋㅋㅋ
[2021-12-10 20:17:34] <%라빵이카톡읽씹하는뚱냥이 (choivid)> 이뻐
[2021-12-10 20:17:38] <salerly> ㅋㅋㅋㅋㅋㅋㅋㅋㅋㅋㅋㅋㅋㅋㅋㅋ
[2021-12-10 20:17:42] <%라빵이카톡읽씹하는뚱냥이 (choivid)> 그래도 라빵이가 젤 이쁘지
[2021-12-10 20:17:43] <%라빵방송만보는웹소맨 (websoman)> 오늘 근데 역대급이다 진짜
[2021-12-10 20:17:55] <salerly> 라빵님만큼 이쁜분 보기도 힘들긴하지
[2021-12-10 20:17:59] <%lsj4632> 다시 오지 않을가요??
[2021-12-10 20:18:00] <%라빵방송만보는웹소맨 (websoman)> 맞지
[2021-12-10 20:18:02] <%라빵이카톡읽씹하는뚱냥이 (choivid)> 갈꺼면 벌써 갔지 ㅋㅋㅋㅋ
[2021-12-10 20:18:03] <salerly> 큼흠
[2021-12-10 20:18:05] <%멍멍이는냐옹 (halfdiehalflife)> 내일 보자
[2021-12-10 20:18:06] <salerly> ㅋㅋㅋㅋㅋㅋㅋㅋ
[2021-12-10 20:18:09] <%밤하늘향 (kisa9579)> 다시 오도록 노력할게
[2021-12-10 20:18:14] <%라빵방송만보는웹소맨 (websoman)> 새탭으로 켜 놓은 트수들 다 닫아ㅏㅏ
[2021-12-10 20:18:26] <%라빵이카톡읽씹하는뚱냥이 (choivid)> 채팅 햇갈리면 안된다
[2021-12-10 20:18:26] <%국쮸 (bong6419)> 멀티뷰 보는사람 다 닫아
[2021-12-10 20:18:27] <%라빵기름종이수집하는소별 (pwr1981)> 오
[2021-12-10 20:18:29] <%dntkdcjf> 빵바
[2021-12-10 20:18:29] <@^Nightbot> dntkdcjf님 바이~
[2021-12-10 20:18:30] <%라빵이카톡읽씹하는뚱냥이 (choivid)> 빵바빵바
[2021-12-10 20:18:30] <%밤하늘향 (kisa9579)> 빵바
[2021-12-10 20:18:31] <%lsj4632> 내일 올게여 바바
[2021-12-10 20:18:31] <%라빵기름종이수집하는소별 (pwr1981)> 포탈열렸다
[2021-12-10 20:18:31] <salerly> ㅋㅋㅋㅋㅋㅋㅋㅋㅋㅋ
[2021-12-10 20:18:31] <%멍멍이는냐옹 (halfdiehalflife)> 빵바
[2021-12-10 20:18:33] <카티아스 (cartiasit)> HeyGuys
[2021-12-10 20:18:34] <%라빵먹뱉냠냠장인 (newspy2000)> 빵바
[2021-12-10 20:18:34] <@^Nightbot> 라빵먹뱉냠냠장인님 바이~
[2021-12-10 20:18:37] <nullandvoid0x> ㅂㅂ TearGlove ㅇㅂㅇ
[2021-12-10 20:18:38] <%라빵의돌핀팬츠쓴저금통 (rkawhk)> 빵바
[2021-12-10 20:18:38] <%라빵이카톡읽씹하는뚱냥이 (choivid)> 저녁 맛있게 먹고
[2021-12-10 20:18:41] <%dntkdcjf> rabban2Shake
[2021-12-10 20:18:42] <%라빵기름종이수집하는소별 (pwr1981)> 빠이구.. 빵바
[2021-12-10 20:18:44] <%라빵방송만보는웹소맨 (websoman)> 그래 내일 보자~
[2021-12-10 20:18:45] <%국쮸 (bong6419)> 가지를 사랑하는 라빵이
[2021-12-10 20:18:46] <%멍멍이는냐옹 (halfdiehalflife)> 코카인 조금만 즐기고 올게요
[2021-12-10 20:18:49] <%라빵방송만보는웹소맨 (websoman)> 지금 가잖아 ㅋㅋㅋ
[2021-12-10 20:18:49] <%lsj4632> ㅋㅋㅋㅋ
[2021-12-10 20:18:50] <%라빵이카톡읽씹하는뚱냥이 (choivid)> ㅋㅋㅋㅋㅋ
[2021-12-10 20:18:51] <봄또봄의암내나는겨털파크 (hoohooparkca)> 빵바 오뱅알 귿나잇~
[2021-12-10 20:18:51] <@^Nightbot> 봄또봄의암내나는겨털파크님 바이~
[2021-12-10 20:18:53] <%밤하늘향 (kisa9579)> 즐기고 올게~
[2021-12-10 20:18:53] <%lsj4632> 바바
[2021-12-10 20:18:54] <salerly> 빵바
[2021-12-10 20:18:55] <%라빵이카톡읽씹하는뚱냥이 (choivid)> 빠잉
[2021-12-10 20:19:05] <salerly> ㅋㅋㅋㅋㅋ
[2021-12-10 20:19:05] <%국쮸 (bong6419)> 불금 즐겨야겠다
[2021-12-10 20:19:06] <nullandvoid0x> TearGlove
[2021-12-10 20:19:10] [Info] Now hosting 리링이__.
[2021-12-10 20:19:17] <%vynrial> TearGlove ....
[2021-12-10 20:20:16] <학문 (hakmoondownbad)> TearGlove TearGlove TearGlove
[2021-12-10 20:20:51] ~Stream offline~
[2021-12-10 20:38:32] Viewerstats (20:10-20:18): avg:154 min:152 max:162 [5/154+0-2+0+10_]
[2021-12-10 21:43:48] [Info] riring2 has gone offline. Exiting host mode.
[2021-12-10 21:45:49] You have left #rabbang
# Log closed: 2021-12-10 21:45:49 +0900
-
