# Log started: 2021-12-10 23:32:56 +0900
[2021-12-10 23:32:56] #rainblue37 채널 입장 중입니다
[2021-12-10 23:32:56] #rainblue37 채널에 입장했습니다
[2021-12-10 23:32:57] ~김블루 배그 무료화래 ㄷㄷㄷㄷ !디코 !편집자 (Just Chatting)~
[2021-12-10 23:32:57] <dorothy_226> ㅋㅋㅋㅋㅋㅋㅋㅋ
[2021-12-10 23:32:59] <jjiro9999> 블르신
[2021-12-10 23:33:01] <쁠순이ㅎ (jangchanghwan03)> -틀-
[2021-12-10 23:33:03] <루미님_ (fnal12)> ㅋㅋㄱㅋㄱㅋㅋㅋㅋㅋ
[2021-12-10 23:33:08] <울트라마린블루 (backtop0120)> ㅋㅋㅋ
[2021-12-10 23:33:08] <모찌라이언 (yoosoohun04)> ㅋㅋㅋㅋㅋㅋㅋㅋㅋㅋㅋㅋㅋㅋㅋㅋㅋㅋㅋㅋㅋㅋㅋ
[2021-12-10 23:33:08] <tlsk14> ㅋㅋㅋㅋㅋ
[2021-12-10 23:33:11] <슈퍼피플 (rlawlsrb13)> 김틀루
[2021-12-10 23:33:20] <bluevol37> 블버지....ㅋㅋㅋㅋ
[2021-12-10 23:33:22] <%+마깨비 (makkaebi04)> ㅋㅋㅋㅋㅋㅋ
[2021-12-10 23:33:23] <@%탸토 (bibin9906)> dkt
[2021-12-10 23:33:24] <@%탸토 (bibin9906)> 앗
[2021-12-10 23:33:25] <콩순이노래방 (lus8838)> ㅋㅋㅋㅋㅋㅋㅋㅋㅋㅋㅋ
[2021-12-10 23:33:25] <dorothy_226> ??: 내가...뭐라 말했지...?
[2021-12-10 23:33:26] <%벌레_ (choijunghyun1234)> ㅋㅋㅋㅋㅋㅋㅋㅋㅋㅋㅋㅋ
[2021-12-10 23:33:26] <노가리진심녀 (love_107)> 나중에 하셔요... ㅋㅋㅋㄱ
[2021-12-10 23:33:26] <jjiro9999> 블딱
[2021-12-10 23:33:30] <루미님_ (fnal12)> ㅋㅋㅋㅋㅋㅋㅋㅋㅋㅋㅋㅋㅋㅋㅋ
[2021-12-10 23:33:30] <jinwook2006> ㅋㅋㅋㅋㅋㅋㅋ
[2021-12-10 23:33:30] <junseo1102> ㅋㅋ
[2021-12-10 23:33:31] <헿헿헿망 (gmlgmlgmlakd06)> 응애 나 아기블루 연동해줘
[2021-12-10 23:33:31] <울트라마린블루 (backtop0120)> 공감된다 ㅋㅋㅋㅋㅋ
[2021-12-10 23:33:35] <junseo1102> 형사랑해
[2021-12-10 23:33:47] <dorothy_226> 앗
[2021-12-10 23:33:48] <빅바1028 (bigba1028)> 않이
[2021-12-10 23:33:48] <헿헿헿망 (gmlgmlgmlakd06)> 어이쿠!
[2021-12-10 23:33:52] <페일비 (pale_b03)> 거절당한다
[2021-12-10 23:33:54] <jinwook2006> 어이쿠
[2021-12-10 23:33:56] <콩순이노래방 (lus8838)> 않이
[2021-12-10 23:34:00] <노가리진심녀 (love_107)> 어이쿠? 어이쿠??
[2021-12-10 23:34:02] <@%탸토 (bibin9906)> 띠용
[2021-12-10 23:34:05] <%윤윤튭 (yoonyoontub)> ㅋㅋㅋㅋ
[2021-12-10 23:34:09] <콩순이노래방 (lus8838)> ㅋㅋㅋㅋ
[2021-12-10 23:34:09] <쁠순이ㅎ (jangchanghwan03)> ㅋ?
[2021-12-10 23:34:12] <%윤윤튭 (yoonyoontub)> rainblCut
[2021-12-10 23:34:14] <%tmddl2684> ㅋ?
[2021-12-10 23:34:18] <bluevol37> 어잌후 붕셰
[2021-12-10 23:34:20] <%tmddl2684> rainblFoo rainblZ
[2021-12-10 23:34:24] <jinwook2006> 애?ㅋㅋㅋ
[2021-12-10 23:34:24] <%lil_butterFLY26> ㅋㅋㅋㅋㅋㅋㅋㅋㅋㅋㅋㅋㅋㅋ
[2021-12-10 23:34:24] <@%탸토 (bibin9906)> 이미 연동되어 있어서 저렇게 안했는데 버겁구나 ㄷㄷ
[2021-12-10 23:34:24] <헿헿헿망 (gmlgmlgmlakd06)> 김블루 계정 평행우주론
[2021-12-10 23:34:25] <루미님_ (fnal12)> ㅋㅋㅋㅋㅋㅋㅋㅋㅋㅋ
[2021-12-10 23:34:26] <페일비 (pale_b03)> 연동 해줘!
[2021-12-10 23:34:27] <%윤윤튭 (yoonyoontub)> rainblFoo
[2021-12-10 23:34:28] <dorothy_226> 입구컫ㄷ
[2021-12-10 23:34:28] <빅바1028 (bigba1028)> 해킹?
[2021-12-10 23:34:33] <_마춘 (koh06062123)> 그거 코드 보여주면 안되는데.....
[2021-12-10 23:34:35] <%윤윤튭 (yoonyoontub)> rainblAk
[2021-12-10 23:34:37] <jjiro9999> 봉세 컷ㅋㅋ
[2021-12-10 23:34:38] <노가리진심녀 (love_107)> 그러다가 밤새시는거 아니에요??
[2021-12-10 23:34:39] <ryuaya> 배그 무료에요?
[2021-12-10 23:34:45] <luke_4343> 코드 보여조서 그런거 아니에요??
[2021-12-10 23:34:51] <헿헿헿망 (gmlgmlgmlakd06)> 헉 ㅋㅋㅋ
[2021-12-10 23:35:02] <%tmddl2684> 코드 보여줘서 그런거 아니에요?
[2021-12-10 23:35:02] <헿헿헿망 (gmlgmlgmlakd06)> ???: 야 김블우 막아 저분이 내 욕함
[2021-12-10 23:35:07] <톰_7 (tom34111)> ㅋㅋㅋㅋㅋㅋㅋㅋㅋㅋㅋㅋㅋ
[2021-12-10 23:35:07] <유둘리 (dbenffl877)> 그거 계정 1개만 연동 가능한데 한 번 연동하면 다시는 연동 못 함...
[2021-12-10 23:35:08] <페일비 (pale_b03)> ㅋㅋㅋㅋㅋㅋㅋㅋㅋㅋㅋ
[2021-12-10 23:35:11] <루미님_ (fnal12)> ㅋㅋㅋㅋㅋㅋㅋㅋㅋ빠른포기
[2021-12-10 23:35:22] <노가리진심녀 (love_107)> 배그 유튜버 포기 선언??
[2021-12-10 23:35:25] <dorothy_226> 아하
[2021-12-10 23:35:26] <빅바1028 (bigba1028)> 하나 끊죠
[2021-12-10 23:35:29] <헿헿헿망 (gmlgmlgmlakd06)> Why?
[2021-12-10 23:35:33] <유둘리 (dbenffl877)> 나도 모름...
[2021-12-10 23:35:46] <Twipkr>* EICprojectIV님 1,000원 후원 너무나 감사합니다! 개꿀!
[2021-12-10 23:36:02] <헿헿헿망 (gmlgmlgmlakd06)> 운영자님 치트키 쓰죠
[2021-12-10 23:36:24] <%tmddl2684> 써요!!!
[2021-12-10 23:36:25] <헿헿헿망 (gmlgmlgmlakd06)> 가는게 있으면..오는ㄱ..크흠
[2021-12-10 23:36:32] <%+마깨비 (makkaebi04)> 지원비?
[2021-12-10 23:36:34] <%6강의엘리펀츠 (electronicelephants)> 대회..?
[2021-12-10 23:36:36] <%LIAN_201> ㅋㅋㅋㅋㅋㅋㅋㅋㅋㅋㅋㅋ
[2021-12-10 23:36:37] <츠히엔 (tsuhien)> 이미 하고왔지
[2021-12-10 23:36:37] <tlsk14> ㅋㅋㅋㅋㅋ
[2021-12-10 23:36:38] <%hoou25> ㅋㅋㅋㅋㅋㅋㅋㅋㅋㅋ
[2021-12-10 23:36:38] <키리키리키리토 (cdw8809)> ㅋㅋㅋㅋㅋ
[2021-12-10 23:36:38] <%벌레_ (choijunghyun1234)> ㅋㅋㅋㅋㅋㅋㅋㅋㅋㅋ
[2021-12-10 23:36:39] <dorothy_226> 앗ㅋㅋㅋㅋㅋㅋㅋ
[2021-12-10 23:36:40] <빅바1028 (bigba1028)> 블챔 어우...
[2021-12-10 23:36:40] <하늘업 (sky_up56)> 그 대회
[2021-12-10 23:36:41] <%_현지니 (guswlsl9164)> ㅋㅋㅋㅋㅋㅋㅋㅋㅋㅋㅋㅋㅋㅋㅋ
[2021-12-10 23:36:41] <%6강의엘리펀츠 (electronicelephants)> 그냥 기부하자ㅋㅋㅋㅋㅋ
[2021-12-10 23:36:41] <루미님_ (fnal12)> 아ㅋㅋㅋㅋ
[2021-12-10 23:36:42] <쁠순이ㅎ (jangchanghwan03)> 앗
[2021-12-10 23:36:42] <heyrim17> ㅋㅋㅋㅋ
[2021-12-10 23:36:42] <페일비 (pale_b03)> 아픈 손가락
[2021-12-10 23:36:46] <%tmddl2684> 앗...
[2021-12-10 23:36:50] <헿헿헿망 (gmlgmlgmlakd06)> 캬
[2021-12-10 23:37:04] <슈퍼피플 (rlawlsrb13)> 본진에다가 해야겠네
[2021-12-10 23:37:08] <쁠순이ㅎ (jangchanghwan03)> 언제는 안 지원해줬나...?
[2021-12-10 23:37:09] <헿헿헿망 (gmlgmlgmlakd06)> 175만 구독자만 믿으라구
[2021-12-10 23:37:11] <슈퍼피플 (rlawlsrb13)> 김블루가 본진
[2021-12-10 23:37:17] <@$펍지메드킷 (pubgbattlegrounds_kr)> 아이템을 사서
[2021-12-10 23:37:18] <페일비 (pale_b03)> 티끌모아 태산
[2021-12-10 23:37:22] <@$펍지메드킷 (pubgbattlegrounds_kr)> 쁠몬 선생님들한테 뿌릴 수도 있음
[2021-12-10 23:37:27] <@%탸토 (bibin9906)> ㅇ0ㅇ
[2021-12-10 23:37:27] <페일비 (pale_b03)> 오
[2021-12-10 23:37:29] <헿헿헿망 (gmlgmlgmlakd06)> 드가자
[2021-12-10 23:37:32] <키리키리키리토 (cdw8809)> 워우
[2021-12-10 23:37:36] <쁠순이ㅎ (jangchanghwan03)> 형 믿고있어
[2021-12-10 23:37:40] <헿헿헿망 (gmlgmlgmlakd06)> ㅋㅋㅋㅋㅋㅋㅋㅋㅋ
[2021-12-10 23:37:40] <톰_7 (tom34111)> ㅋㅋㅋㅋㅋㅋㅋㅋㅋㅋㅋㅋㅋㅋㅋ
[2021-12-10 23:37:43] <@%탸토 (bibin9906)> 코드로 주실려나
[2021-12-10 23:37:43] <%6강의엘리펀츠 (electronicelephants)> ㅋㅋㅋㅋㅋㅋㅋㅋ
[2021-12-10 23:37:49] <헿헿헿망 (gmlgmlgmlakd06)> 운영자 야근 부서 팀장 김블루
[2021-12-10 23:37:49] <빅바1028 (bigba1028)> 좋네요 선물기능 만들어주세요!
[2021-12-10 23:37:50] <%tmddl2684> 오우
[2021-12-10 23:37:53] <페일비 (pale_b03)> 산타기능
[2021-12-10 23:37:54] <유둘리 (dbenffl877)> 김블루 후원한 사람한테 뿌리는 거임?
[2021-12-10 23:38:02] <@$펍지메드킷 (pubgbattlegrounds_kr)> 코드는 아까 그 총쏘신 분한테 뿌려 달라고 합시다
[2021-12-10 23:38:08] <미론이 (miron1018)> 배그 무료로 풀렸어요?
[2021-12-10 23:38:13] <%6강의엘리펀츠 (electronicelephants)> 친애하는 쁠몬 여러분...
[2021-12-10 23:38:15] <헿헿헿망 (gmlgmlgmlakd06)> 사랑하는 쁠몬들아 돈 좀 다오
[2021-12-10 23:38:35] <유둘리 (dbenffl877)> 댓글로?
[2021-12-10 23:38:36] <헿헿헿망 (gmlgmlgmlakd06)> 커뮤니티?
[2021-12-10 23:38:39] <노가리진심녀 (love_107)> 댓글? 커뮤니티??
[2021-12-10 23:38:41] <%_해일로 (iolite03)> 그럼 커뮤니티?
[2021-12-10 23:38:44] <dorothy_226> 디코방..?
[2021-12-10 23:38:47] <%tmddl2684> 커뮤니티?
[2021-12-10 23:38:51] <페일비 (pale_b03)> 영상 끝부분?
[2021-12-10 23:38:59] <제트콘 (jat_coon)> 오오..
[2021-12-10 23:39:09] <노가리진심녀 (love_107)> 아앗 귀차니즘..!!
[2021-12-10 23:39:12] <표피디 (10qawse)> 블하
[2021-12-10 23:39:13] <%벌레_ (choijunghyun1234)> 쇼츠는 너무 짧은가
[2021-12-10 23:39:19] <@%탸토 (bibin9906)> 저거 홈페이지 경로를 모르겠네
[2021-12-10 23:39:21] <쁠순이ㅎ (jangchanghwan03)> 투표 게시물이 알고리즘 잘타는데 그걸로ㄱ?
[2021-12-10 23:39:23] <유둘리 (dbenffl877)> 어떤 외국유튜버는 영상에다가 그냥 너서 함.
[2021-12-10 23:39:25] <페일비 (pale_b03)> 오
[2021-12-10 23:39:43] <빅바1028 (bigba1028)> 국ㅃ
[2021-12-10 23:39:44] <%6강의엘리펀츠 (electronicelephants)> 저 양반 소닉스 아님?
[2021-12-10 23:39:47] <%ㅣ하늘소ㅣ (hajeog)> 브으을하
[2021-12-10 23:39:51] <페일비 (pale_b03)> 티글튼 아님?
[2021-12-10 23:39:51] <빅바1028 (bigba1028)> 국뽕이 차오른다
[2021-12-10 23:40:08] <페일비 (pale_b03)> 맞네
[2021-12-10 23:40:08] <%ㅣ하늘소ㅣ (hajeog)> ㅋㅋㅋㅋㅋㅋㅋ
[2021-12-10 23:40:11] <%벌레_ (choijunghyun1234)> ㅋㅋㅋㅋㅋㅋㅋㅋㅋㅋㅋ
[2021-12-10 23:40:11] <페일비 (pale_b03)> ㅋㅋㅋㅋㅋㅋㅋㅋㅋㅋㅋㅋ
[2021-12-10 23:40:11] <dorothy_226> 이런 방법 은근히 해외에서 많이 사용되던데
[2021-12-10 23:40:13] <울트라마린블루 (backtop0120)> ㅋㅋㅋ
[2021-12-10 23:40:14] <@^Nightbot> 후원은 https://twip.kr/donate/rainblue37 // https://toon.at/donate/636949771761511868
[2021-12-10 23:40:16] <%ㅣ하늘소ㅣ (hajeog)> 닮은게 아니라 그사람
[2021-12-10 23:40:17] <@$펍지메드킷 (pubgbattlegrounds_kr)> 이분이 님 채널 구독 해줬자나여? ㅋㅋ
[2021-12-10 23:40:20] <표피디 (10qawse)> 어제 1대4로 발리신 크흠
[2021-12-10 23:40:22] <dorothy_226> 오잉
[2021-12-10 23:40:23] <쁠순이ㅎ (jangchanghwan03)> ???
[2021-12-10 23:40:25] <인간은약하지크킄 (kdm272727)> ????
[2021-12-10 23:40:26] <울트라마린블루 (backtop0120)> 핵
[2021-12-10 23:40:27] <%ㅣ하늘소ㅣ (hajeog)> 으잉?
[2021-12-10 23:40:32] <페일비 (pale_b03)> ?
[2021-12-10 23:40:32] <유둘리 (dbenffl877)> 에이 형도 할 수 있잖아.
[2021-12-10 23:40:32] <%6강의엘리펀츠 (electronicelephants)> ???
[2021-12-10 23:40:32] <@$펍지메드킷 (pubgbattlegrounds_kr)> ???
[2021-12-10 23:40:32] <%ㅣ하늘소ㅣ (hajeog)> 네?
[2021-12-10 23:40:32] <%백_5325 (back5325)> 어제 대회 보셨습니까?
[2021-12-10 23:40:33] <헿헿헿망 (gmlgmlgmlakd06)> ?
[2021-12-10 23:40:33] <dorothy_226> ?
[2021-12-10 23:40:34] <@$펍지메드킷 (pubgbattlegrounds_kr)> 방금.. ㅋㅋㅋ
[2021-12-10 23:40:34] <@%탸토 (bibin9906)> 방금?
[2021-12-10 23:40:35] <페일비 (pale_b03)> ㅋㅋㅋㅋㅋㅋㅋㅋㅋㅋㅋ
[2021-12-10 23:40:36] <제트콘 (jat_coon)> 방.금
[2021-12-10 23:40:37] <%_해일로 (iolite03)> ?
[2021-12-10 23:40:37] <dorothy_226> ㅋㅋㅋㅋㅋㅋㅋㅋ
[2021-12-10 23:40:38] <%_현지니 (guswlsl9164)> ㅋㅋㅋㅋㅋㅋㅋㅋㅋㅋㅋㅋㅋㅋ
[2021-12-10 23:40:38] <루미님_ (fnal12)> 방금ㅋㄱㅋㄱㅋㄱㅋㅋ
[2021-12-10 23:40:39] <쁠순이ㅎ (jangchanghwan03)> 양심ㅋㅋㅋ
[2021-12-10 23:40:44] <bluevol37> ㅋㅋㅋㅋ
[2021-12-10 23:40:44] <%ㅣ하늘소ㅣ (hajeog)> 멋지다 김블ㄹ...
[2021-12-10 23:40:47] <빅바1028 (bigba1028)> 암튼 하긴했으니까...
[2021-12-10 23:40:51] <페일비 (pale_b03)> 우선 구독제ㅋㅋㅋㅋㅋㅋ
[2021-12-10 23:41:02] <헿헿헿망 (gmlgmlgmlakd06)> ㅋㅋㅋㅋㅋㅋㅋㅋㅋ
[2021-12-10 23:41:08] <@^Nightbot> @김블루 -> A 60s commercial has been started.
[2021-12-10 23:41:15] <헿헿헿망 (gmlgmlgmlakd06)> 김블루 유튭 구독과 좋아요라네요
[2021-12-10 23:41:27] <%ㅣ하늘소ㅣ (hajeog)> 흠
[2021-12-10 23:41:32] <%ㅣ하늘소ㅣ (hajeog)> !업타임
[2021-12-10 23:41:33] <@^Nightbot> 방송시간: 1 hour 37 minutes 2 seconds
[2021-12-10 23:42:10] <헿헿헿망 (gmlgmlgmlakd06)> 와!
[2021-12-10 23:42:10] <이재원이라고 (jaewonjason0714)> 정말 배그 무료인가요??
[2021-12-10 23:42:12] <%ㅣ하늘소ㅣ (hajeog)> 몰?루
[2021-12-10 23:42:12] <_마춘 (koh06062123)> 흠.....
[2021-12-10 23:42:23] <_마춘 (koh06062123)> 로그인 하면 바로 떠요.
[2021-12-10 23:42:27] <@%탸토 (bibin9906)> 저거 경로 어려워서 그냥 치고 들어갔어요
[2021-12-10 23:42:33] <%EICprojectIV> 공홈에서 로그아웃 옆 설정버튼 가면 있던데
[2021-12-10 23:42:48] <페일비 (pale_b03)> 경로 찾기 힘들어요
[2021-12-10 23:42:58] <@%탸토 (bibin9906)> 설정버튼에있구나 ㄷㄷ
[2021-12-10 23:43:08] <_마춘 (koh06062123)> 펍지 공식 사이트에서 로그인 하면 됩니다.
[2021-12-10 23:43:08] <@%탸토 (bibin9906)> 에 같다 붙히면 나와요 accounts
[2021-12-10 23:43:25] <유둘리 (dbenffl877)> accounts.krafton.com
[2021-12-10 23:43:25] BAN: dbenffl877 (5s)
[2021-12-10 23:43:25] <@^Nightbot> @유둘리 -> Nice try. [stop posting links] [warning]
[2021-12-10 23:43:29] <Twipkr>* 톰_7님 1,000원 후원 너무나 감사합니다! 개꿀!
[2021-12-10 23:43:31] <@$펍지메드킷 (pubgbattlegrounds_kr)> pubg.com 인데..
[2021-12-10 23:43:39] <$웃크 (eudkeu)> 블하
[2021-12-10 23:43:39] <@$펍지메드킷 (pubgbattlegrounds_kr)> 미아눼여 설명이 내가 너무 후졌네 ㅠㅠ
[2021-12-10 23:44:00] <Twipkr>* EICprojectIV님 1,000원 후원 너무나 감사합니다! 개꿀!
[2021-12-10 23:44:06] <@$펍지메드킷 (pubgbattlegrounds_kr)> 로그인 하고 톱니바퀴 모양
[2021-12-10 23:44:25] <@%탸토 (bibin9906)> 아~~ 이렇게 들어가는구나
[2021-12-10 23:44:27] <페일비 (pale_b03)> 오 설정이 있구나
[2021-12-10 23:44:29] <dorothy_226> 짜라란~
[2021-12-10 23:44:30] <루미님_ (fnal12)> 아아
[2021-12-10 23:44:34] <puding11245> !디코
[2021-12-10 23:44:34] <@^Nightbot> https://discord.gg/z9pY7PJ 생방송에서 하는 컨텐츠들을 알려주는 공지방입니다
[2021-12-10 23:44:36] <우고팁이 (kimblemon1)> 오
[2021-12-10 23:44:39] <_마춘 (koh06062123)> 크~ 쉽다~
[2021-12-10 23:44:44] <빅바1028 (bigba1028)> 아 이미 김블ㄹ
[2021-12-10 23:45:00] <빅바1028 (bigba1028)> 이미 김블루를 눌러버렸지 뭡니까
[2021-12-10 23:45:22] <유둘리 (dbenffl877)> 김블루를 쳐주시면 다양한 혜택을 들여요.
[2021-12-10 23:45:23] <dorothy_226> 추첨을 통해 김블루 컴퓨터를 드립니다!
[2021-12-10 23:45:24] <페일비 (pale_b03)> 설정 어딧는지 알려줘야 쉽게 찾을거 같아요
[2021-12-10 23:45:25] <츠히엔 (tsuhien)> 이미 김블루로 하고왔지~
[2021-12-10 23:45:26] <유둘리 (dbenffl877)> 개꿀!
[2021-12-10 23:45:29] <justin102848> 좋은곳에 쓰겠습니다
[2021-12-10 23:45:31] <@%탸토 (bibin9906)> 의리?
[2021-12-10 23:45:39] <페일비 (pale_b03)> ㅋㅋㅋㅋㅋㅋㅋㅋㅋ
[2021-12-10 23:45:40] <@%탸토 (bibin9906)> ㅋㅋㅋㅋㅋㅋㅋㅋㅋ
[2021-12-10 23:45:41] <설화설 (snow_fl_0204)> ㅋㅋㄱ
[2021-12-10 23:45:43] <%6강의엘리펀츠 (electronicelephants)> 77ㅓ억
[2021-12-10 23:45:43] <%_현지니 (guswlsl9164)> ㅋㅋㅋㅋㅋㅋㅋㅋㅋㅋㅋㅋㅋ
[2021-12-10 23:45:44] <제트콘 (jat_coon)> 계정 만들기 할떄도 생년월일  밑에  크리에이터 코드 입력하기가 뜬답니다
[2021-12-10 23:45:44] <%tmddl2684> ㅋㅋㅋㅋㅋ
[2021-12-10 23:45:45] <tlsk14> ㅋㅋㅋㅋㅋㅋ
[2021-12-10 23:45:45] <@%탸토 (bibin9906)> 어허ㅋㅋㅋ
[2021-12-10 23:45:46] <루미님_ (fnal12)> ㅋㅋㄱㅋㄱㅋㄱㅋㅋㄱㅋㅋㅋㅋㅋ
[2021-12-10 23:45:49] <톰_7 (tom34111)> ㅋㅋㅋㅋㅋㅋㅋㅋㅋㅋㅋㅋㅋㅋ
[2021-12-10 23:45:49] <_마춘 (koh06062123)> 추첨을 통해 다 쓴 코드를 드리겠습니다.(?)
[2021-12-10 23:45:50] <%잠오는댕댕이 (alsghks0416)> ㅋㅋㅋㅋㅋㅋㅋㅋㅋㅋㅋㅋ
[2021-12-10 23:45:52] <츠히엔 (tsuhien)> ㅋㅋㅋㅋㅋㅋㅋㅋㅋㅋ
[2021-12-10 23:45:53] <%6강의엘리펀츠 (electronicelephants)> 산악회 회비로 사용ㄱㄱ
[2021-12-10 23:45:57] <30년간우승없는롯데 (hong_7957)> 노예들아 코드입력해라
[2021-12-10 23:45:58] <유둘리 (dbenffl877)> 다양한 혜택을 드립니다?
[2021-12-10 23:46:02] <쁠순이ㅎ (jangchanghwan03)> 다 여러분을 위해 쓰입니다
[2021-12-10 23:46:16] <dorothy_226> 와우
[2021-12-10 23:46:16] <설화설 (snow_fl_0204)> 와우
[2021-12-10 23:46:22] <츠히엔 (tsuhien)> 자전거 회비 쓰자
[2021-12-10 23:46:24] <쿠쿠라리 (gkdms058)> 오
[2021-12-10 23:46:25] <%6강의엘리펀츠 (electronicelephants)> 저런 멘트는 유튜버가 할 수 있는게 아닌데?
[2021-12-10 23:46:27] <@%탸토 (bibin9906)> 3줄 요약~
[2021-12-10 23:46:30] <설화설 (snow_fl_0204)> 다양한 혜택을 드립니다
[2021-12-10 23:46:33] <%레이디_ (fpdleld)> 형 지금 했어
[2021-12-10 23:46:37] <루미님_ (fnal12)> 오오
[2021-12-10 23:46:37] <톰_7 (tom34111)> ㅋㅋㅋㅋㅋㅋㅋㅋㅋㅋㅋㅋ
[2021-12-10 23:46:38] <%레이디_ (fpdleld)> 바로 해버렸어
[2021-12-10 23:46:52] <%+마깨비 (makkaebi04)> 음ㅋㅋㅋ
[2021-12-10 23:46:58] <쁠순이ㅎ (jangchanghwan03)> 유하
[2021-12-10 23:46:59] <@%탸토 (bibin9906)> 유하
[2021-12-10 23:47:00] <%레이디_ (fpdleld)> 유하
[2021-12-10 23:47:01] <츠히엔 (tsuhien)> 유하
[2021-12-10 23:47:02] <루미님_ (fnal12)> 유하아ㅏ
[2021-12-10 23:47:03] <키리키리키리토 (cdw8809)> 유하
[2021-12-10 23:47:03] <설화설 (snow_fl_0204)> 유하
[2021-12-10 23:47:03] <하늘2에요 (bluesky72425)> 유하
[2021-12-10 23:47:03] <제트콘 (jat_coon)> 유하
[2021-12-10 23:47:03] <모도치 (kungboo_)> 유하
[2021-12-10 23:47:04] <$웃크 (eudkeu)> 유하
[2021-12-10 23:47:04] <dorothy_226> 유하ㅏ
[2021-12-10 23:47:04] <톰_7 (tom34111)> 유하 ㅋㅋㅋㅋㅋㅋㅋ
[2021-12-10 23:47:05] <minjjun8850> 유하
[2021-12-10 23:47:05] <_하와이안민트초코피자_ (kkrubbingbbong9414)> 유하
[2021-12-10 23:47:05] <%레이디_ (fpdleld)> 유하하ㅏ
[2021-12-10 23:47:06] <%_현지니 (guswlsl9164)> 유하
[2021-12-10 23:47:06] <%밤하늘23 (lierl1)> 유하
[2021-12-10 23:47:06] <%+마깨비 (makkaebi04)> 유하
[2021-12-10 23:47:08] <페일비 (pale_b03)> 유하
[2021-12-10 23:47:08] <울트라마린블루 (backtop0120)> 유하
[2021-12-10 23:47:09] <설화설 (snow_fl_0204)> ㅋㅋㅋ
[2021-12-10 23:47:09] <%LIAN_201> ㅋㅋㅋㅋㅋㅋㅋㅋㅋ
[2021-12-10 23:47:10] <%레이디_ (fpdleld)> 에베레레레레
[2021-12-10 23:47:10] <tlsk14> 유하
[2021-12-10 23:47:10] <하늘2에요 (bluesky72425)> ㅋㅋㅋㅋㅋㅋ
[2021-12-10 23:47:11] <유둘리 (dbenffl877)> 유하
[2021-12-10 23:47:12] <키리키리키리토 (cdw8809)> ㅋㅋㅋㅋ
[2021-12-10 23:47:14] <_하와이안민트초코피자_ (kkrubbingbbong9414)> ㅋㅋㅋㅋㅋㅋㅋㅋ
[2021-12-10 23:47:14] <_마춘 (koh06062123)> 유하
[2021-12-10 23:47:14] <유둘리 (dbenffl877)> 유하 유하 유하
[2021-12-10 23:47:15] <%잠오는댕댕이 (alsghks0416)> ㅋㅋㅋㅋㅋㅋㅋㅋㅋㅋ
[2021-12-10 23:47:15] <%6강의엘리펀츠 (electronicelephants)> 세계최초 자신의 이름이 어려운 유튜버
[2021-12-10 23:47:15] <@%탸토 (bibin9906)> 김쁠루~~
[2021-12-10 23:47:16] <루미님_ (fnal12)> ㅋㅋㅋㅋㄱㅋㄱㅋㄱㅋㅋㄱㅋㅋ
[2021-12-10 23:47:17] <%벌레_ (choijunghyun1234)> ㅋㅋㅋㅋㅋㅋㅋㅋㅋ
[2021-12-10 23:47:19] <%잠오는댕댕이 (alsghks0416)> 유하~~
[2021-12-10 23:47:20] <limetree345> youha
[2021-12-10 23:47:21] <_하와이안민트초코피자_ (kkrubbingbbong9414)> 유하
[2021-12-10 23:47:21] <설화설 (snow_fl_0204)> 방송알람음인줄ㅋㅋ
[2021-12-10 23:47:22] <톰_7 (tom34111)> ㅋㅋㅋㅋㅋㅋㅋㅋㅋㅋ
[2021-12-10 23:47:24] <%skdh0258> ㅋㅋㅋㅋ
[2021-12-10 23:47:27] <%+마깨비 (makkaebi04)> ㅋㅋㅋㅋㅋ
[2021-12-10 23:47:28] <%tmddl2684> 유하
[2021-12-10 23:47:28] <모도치 (kungboo_)> ㅋㅋㅋㅋㅋㅋㅋㅋㅋㅋㅋㅋㅋ
[2021-12-10 23:47:29] <dorothy_226> 갞꿀!
[2021-12-10 23:47:30] <제트콘 (jat_coon)> 개꿀
[2021-12-10 23:47:30] <%tmddl2684> ㅋㅋㅋㅋ
[2021-12-10 23:47:32] <유둘리 (dbenffl877)> 한 번 더
[2021-12-10 23:47:32] <페일비 (pale_b03)> 개꿀
[2021-12-10 23:47:35] <%잠오는댕댕이 (alsghks0416)> 개꿀
[2021-12-10 23:47:35] <_하와이안민트초코피자_ (kkrubbingbbong9414)> ㅋㅋ
[2021-12-10 23:47:35] <츠히엔 (tsuhien)> 개꿀
[2021-12-10 23:47:37] <$뮨륜턴 (mulyunton413)> 개꿀
[2021-12-10 23:47:37] <%tmddl2684> 개꿀~!
[2021-12-10 23:47:39] <빅바1028 (bigba1028)> 킴불루
[2021-12-10 23:47:40] <_하와이안민트초코피자_ (kkrubbingbbong9414)> 개꿀
[2021-12-10 23:47:40] <%+마깨비 (makkaebi04)> 발음을 굴려보세요ㅋㅋㅋ
[2021-12-10 23:47:41] <팬티서리꾼 (ondal0913)> kimblue 검색해야 나오는듯
[2021-12-10 23:47:44] <_마춘 (koh06062123)> 킴불루
[2021-12-10 23:47:46] <dorothy_226> ㅋㅋㅋㅋㅋㅋㅋㅋㅋㅋ
[2021-12-10 23:47:47] <쁠순이ㅎ (jangchanghwan03)> 오디오 따는거야?
[2021-12-10 23:47:47] <츠히엔 (tsuhien)> 안어려운데 ㅋㅋㅋㅋㅋㅋ
[2021-12-10 23:47:50] <빅바1028 (bigba1028)> 김불룩
[2021-12-10 23:47:52] <_하와이안민트초코피자_ (kkrubbingbbong9414)> 킴파랑
[2021-12-10 23:47:54] <%레이디_ (fpdleld)> 왜 이름을 말을 못해
[2021-12-10 23:48:02] <@%탸토 (bibin9906)> ㅋㅋㅋㅋㅋㅋㅋㅋ
[2021-12-10 23:48:04] <%레이디_ (fpdleld)> 한명밖에 안되는구나
[2021-12-10 23:48:08] <빅바1028 (bigba1028)> 객꿀?
[2021-12-10 23:48:09] <dorothy_226> 갞꿀!
[2021-12-10 23:48:12] <%6강의엘리펀츠 (electronicelephants)> 말을 못하는 문과...
[2021-12-10 23:48:13] <Twipkr>* EICprojectIV님 1,000원 후원 너무나 감사합니다! 개꿀!
[2021-12-10 23:48:14] <jinwook2006> ㅋㅋㅋㅋㅋㅋㅋ
[2021-12-10 23:48:15] <justin102848> 자신의 이름을 못읽는 사람이 있다니 ㅋㅎ
[2021-12-10 23:48:16] <%+마깨비 (makkaebi04)> ㅋㅋㅋㅋㅋㅋ
[2021-12-10 23:48:16] <키리키리키리토 (cdw8809)> ㅋㅋㅋㅋㅋㅋ
[2021-12-10 23:48:17] <페일비 (pale_b03)> 아무나 해주겠지
[2021-12-10 23:48:17] <_하와이안민트초코피자_ (kkrubbingbbong9414)> 개꿀
[2021-12-10 23:48:23] <톰_7 (tom34111)> ㅋㅋㅋㅋㅋㅋㅋㅋㅋㅋㅋㅋ
[2021-12-10 23:48:24] <_하와이안민트초코피자_ (kkrubbingbbong9414)> 개뀰
[2021-12-10 23:48:25] <제트콘 (jat_coon)> 김블루:찡긋
[2021-12-10 23:48:29] <%벌레_ (choijunghyun1234)> NG도 넣어주시나요
[2021-12-10 23:48:29] <%tmddl2684> ㅋㅋㅋㅋㅋㅋ
[2021-12-10 23:48:35] <_하와이안민트초코피자_ (kkrubbingbbong9414)> 걔꿀
[2021-12-10 23:48:51] <justin102848> 더 많은 배틀그라운드 콘텐츠를 만들겠습니다
[2021-12-10 23:48:52] <@%탸토 (bibin9906)> ㅋㅋㅋ저런
[2021-12-10 23:48:54] <설화설 (snow_fl_0204)> 즐겜하도록 해드리겠습니다?
[2021-12-10 23:48:57] <bluevol37> ㅋㅋㅋㄱㅋ
[2021-12-10 23:48:58] <쁠순이ㅎ (jangchanghwan03)> 어디서 계속 오더가 들어온다?ㅋㅋ
[2021-12-10 23:48:58] <톰_7 (tom34111)> ㅋㅋㅋㅋㅋㅋㅋㅋㅋㅋㅋㅋㅋㅋ
[2021-12-10 23:48:59] <블청_ (cheon_00)> ㅋㅋㅋㅋㅋㅋㅋ
[2021-12-10 23:49:06] <제트콘 (jat_coon)> 김블루님의 크리에이터 코드가 뭔가여
[2021-12-10 23:49:09] <%tmddl2684> ㅋㅋㅋㅋㅋㅋㅋㅋ
[2021-12-10 23:49:11] <$웃크 (eudkeu)> 등록했다
[2021-12-10 23:49:15] <_마춘 (koh06062123)> kimblue
[2021-12-10 23:49:24] <justin102848> 그거 링크좀 주세연
[2021-12-10 23:49:30] <%레이디_ (fpdleld)> 했숨다!
[2021-12-10 23:49:39] <minjjun8850> 했습니당
[2021-12-10 23:49:39] <츠히엔 (tsuhien)> 메드킷님 블짠의 개인 매니저겸 작가야?
[2021-12-10 23:49:40] <~%김블루 (rainblue37)> https://accounts.krafton.com/login
[2021-12-10 23:49:42] <%6강의엘리펀츠 (electronicelephants)> 늦은 시간 카톡 멈춰!
[2021-12-10 23:49:44] <유둘리 (dbenffl877)> 나는 이미 했다.
[2021-12-10 23:49:49] <%레이디_ (fpdleld)> pubg.com 으로 들어가면되는뎅
[2021-12-10 23:49:49] BAN: fpdleld (5s)
[2021-12-10 23:49:49] <@^Nightbot> @레이디_ -> I'm sorry, did I break your concentration? [stop posting links] [warning]
[2021-12-10 23:49:50] <_하와이안민트초코피자_ (kkrubbingbbong9414)> 아 이건 못참지ㅋㅋ
[2021-12-10 23:49:54] <쁠순이ㅎ (jangchanghwan03)> 11시까지 일시키더니 퇴근하고 나서도 일이라니ㅠ
[2021-12-10 23:50:03] <톰_7 (tom34111)> ㅋㅋㅋㅋㅋㅋㅋㅋㅋㅋㅋㅋㅋ
[2021-12-10 23:50:10] <@$펍지메드킷 (pubgbattlegrounds_kr)> (당근) 흔들흔들..
[2021-12-10 23:50:13] <@^Nightbot> 후원은 https://twip.kr/donate/rainblue37 // https://toon.at/donate/636949771761511868
[2021-12-10 23:50:13] <페일비 (pale_b03)> ㅋㅋㅋㅋㅋㅋ
[2021-12-10 23:50:16] <$웃크 (eudkeu)> ㅋㅋㅋㅋㅋㅋ
[2021-12-10 23:50:18] <bborever> ㅋㅋㅋㅋㅋㅋ
[2021-12-10 23:50:21] <Twipkr>* EICprojectIV님 1,000원 후원 너무나 감사합니다! 개꿀!
[2021-12-10 23:50:21] <%6강의엘리펀츠 (electronicelephants)> 늘펑님 사내 괴롭힘 당한다...
[2021-12-10 23:50:21] <%tmddl2684> ㅋㅋㅋㅋㅋ
[2021-12-10 23:50:22] <츠히엔 (tsuhien)> ㅋㅋㅋㅋㅋㅋㅋ
[2021-12-10 23:50:22] <_하와이안민트초코피자_ (kkrubbingbbong9414)> ㅋㅋㅋㅋㅋ
[2021-12-10 23:50:24] <$코코넛0_ (0_coconut)> rainblCut
[2021-12-10 23:50:25] <설화설 (snow_fl_0204)> ㅋㅋㅋ
[2021-12-10 23:50:25] <@$펍지메드킷 (pubgbattlegrounds_kr)> pubgmeMehi
[2021-12-10 23:50:37] <헤헷1109 (tlgns1103)> ㄷㄷ 배스 무료화됬어요?
[2021-12-10 23:50:42] <헤헷1109 (tlgns1103)> 배그
[2021-12-10 23:50:48] <%6강의엘리펀츠 (electronicelephants)> 저게 꼰대력 레벨 1???
[2021-12-10 23:50:51] <쁠순이ㅎ (jangchanghwan03)> 당근당근
[2021-12-10 23:50:51] <_마춘 (koh06062123)> 1월 12일에 무료화
[2021-12-10 23:50:53] <페일비 (pale_b03)> ㅋㅋㅋㅋㅋㅋㅋㅋㅋㅋㅋㅋㅋㅋ
[2021-12-10 23:50:56] <%악백 (kgjkr5030)> 블하
[2021-12-10 23:50:56] <설화설 (snow_fl_0204)> 왜 블짠을 치면 찾을수없지
[2021-12-10 23:51:01] <톰_7 (tom34111)> ㅋㅋㅋㅋㅋㅋㅋㅋㅋㅋㅋㅋㅋ
[2021-12-10 23:51:03] <루미님_ (fnal12)> ㅋㅋㅋㅋㅋㅋㅋㅋㅋㅋㅋㅋ
[2021-12-10 23:51:14] <dorothy_226> 편집자님 ㅎㅇㅌ...
[2021-12-10 23:51:17] <bluevol37> ㅋㅋㅋㅋ
[2021-12-10 23:51:17] <페일비 (pale_b03)> 블과장ㅋㅋㅋㅋㅋㅋㅋ
[2021-12-10 23:51:17] <%skdh0258> 내년 1월 12일에 무료전환한다네요
[2021-12-10 23:51:20] <rlaehddnr12345> 블하
[2021-12-10 23:51:20] <쁠순이ㅎ (jangchanghwan03)> 추가수당은 주시나여
[2021-12-10 23:51:21] <빅바1028 (bigba1028)> 당근당근
[2021-12-10 23:51:23] <츠히엔 (tsuhien)> 편집자님 화이팅
[2021-12-10 23:51:30] <%tmddl2684> 늘풍님 화이팅..!!!
[2021-12-10 23:51:39] <@%탸토 (bibin9906)> ㅉㅉㅉㅉㅉㅉㅉ
[2021-12-10 23:51:41] <%EICprojectIV> ㅉㅉㅉㅉㅉㅉㅉㅉ
[2021-12-10 23:51:41] <rlaehddnr12345> 짝
[2021-12-10 23:51:41] <%+마깨비 (makkaebi04)> 와ㅏㅏ
[2021-12-10 23:51:42] <%6강의엘리펀츠 (electronicelephants)> 와ㅏㅏㅏㅏㅏㅏ
[2021-12-10 23:51:42] <쁠순이ㅎ (jangchanghwan03)> 어 메하
[2021-12-10 23:51:43] <$윈드브릿지 (poonggyo0415)> ㅉㅉㅉㅉㅉㅉㅉㅉㅉㅉㅉㅉ
[2021-12-10 23:51:43] <유둘리 (dbenffl877)> ㅉㅉㅉㅉㅉㅉㅉㅉㅉㅉㅉㅉㅉㅉㅉㅉㅉㅉㅉㅉㅉㅉㅉㅉㅉㅉㅉㅉㅉㅉㅉㅉㅉㅉㅉㅉㅉㅉㅉㅉㅉ
[2021-12-10 23:51:44] <dorothy_226> 우와ㅏㅏㅏㅏㅏㅏ
[2021-12-10 23:51:44] <루미님_ (fnal12)> ㅉㅈㅉㅉㅉㅉㅉㅉ
[2021-12-10 23:51:45] <_하와이안민트초코피자_ (kkrubbingbbong9414)> ㅉㅉㅉㅉㅉㅉ
[2021-12-10 23:51:45] <페일비 (pale_b03)> ㅉㅉㅉㅉㅉㅉㅉㅉㅉ
[2021-12-10 23:51:45] <rlaehddnr12345> ㅉㅉㅉㅉㅉㅉㅉㅉㅉㅉㅉㅉㅉㅉㅉㅉㅉㅉㅉ ㅉㅉㅉㅉㅉㅉㅉ
[2021-12-10 23:51:46] <쿠쿠라리 (gkdms058)> ㅉㅉㅉㅉㅉ
[2021-12-10 23:51:46] <설화설 (snow_fl_0204)> ㅉㅉㅉㅉ
[2021-12-10 23:51:46] <츠히엔 (tsuhien)> ㅉㅉㅉㅉㅉㅉ
[2021-12-10 23:51:47] <%악백 (kgjkr5030)> ㅉㅉㅉㅉㅉ
[2021-12-10 23:51:47] <_마춘 (koh06062123)> 나쁘지 않은 무료화같다고 생각해요.
[2021-12-10 23:51:48] <rlaehddnr12345> ㅉㅉㅉㅉㅉㅉㅉㅉㅉㅉ
[2021-12-10 23:51:50] <모찌라이언 (yoosoohun04)> ㅉㅉㅉㅉㅉㅉㅉㅉㅉㅉㅉ
[2021-12-10 23:51:50] <인간은약하지크킄 (kdm272727)> 빠게티
[2021-12-10 23:51:51] <_하와이안민트초코피자_ (kkrubbingbbong9414)> ㅉㅉㅉㅉㅉㅉㅉㅉㅉㅉㅉㅉㅉㅉ
[2021-12-10 23:51:52] <dorothy_226> ㅉㅉㅉㅉㅉㅉㅉ
[2021-12-10 23:51:53] <$윈드브릿지 (poonggyo0415)> 메하
[2021-12-10 23:51:53] <%tmddl2684> ㅉㅉㅉㅉㅉㅉㅉㅉ
[2021-12-10 23:51:53] <페일비 (pale_b03)> 해위
[2021-12-10 23:51:55] <rlaehddnr12345> ㅉㅉㅉㅉㅉㅉㅉㅉㅉㅉㅉ
[2021-12-10 23:51:56] <%_현지니 (guswlsl9164)> 메하
[2021-12-10 23:51:56] <페일비 (pale_b03)> 메하
[2021-12-10 23:51:58] <루미님_ (fnal12)> 메하ㅏ
[2021-12-10 23:52:00] <페일비 (pale_b03)> 메하ㅏ
[2021-12-10 23:52:01] <rlaehddnr12345> 메하
[2021-12-10 23:52:02] <모도치 (kungboo_)> 메하
[2021-12-10 23:52:02] <%tmddl2684> 메하
[2021-12-10 23:52:04] <_하와이안민트초코피자_ (kkrubbingbbong9414)> 메하
[2021-12-10 23:52:05] <%+마깨비 (makkaebi04)> 메하
[2021-12-10 23:52:05] <bborever> 메하
[2021-12-10 23:52:07] <tlsk14> 메하
[2021-12-10 23:52:12] <%uoosawol> 메하
[2021-12-10 23:52:13] <rkaxndy213> 메하
[2021-12-10 23:52:15] <유둘리 (dbenffl877)> 메하
[2021-12-10 23:52:17] <$윈드브릿지 (poonggyo0415)> ㅋㅋㅋㅋㅋ
[2021-12-10 23:52:17] <크래비티사랑 (24062406bpbp)> 메하
[2021-12-10 23:52:19] <dorothy_226> 메-하ㅏ
[2021-12-10 23:52:19] <limetree345> 메하
[2021-12-10 23:52:43] <@%탸토 (bibin9906)> 뭐..였더라
[2021-12-10 23:52:44] <%6강의엘리펀츠 (electronicelephants)> 식당에서 맥주 마시던거?
[2021-12-10 23:52:44] <유둘리 (dbenffl877)> 배그 브론즈에서 마스터로
[2021-12-10 23:52:45] <dorothy_226> 몰카 아닌가
[2021-12-10 23:52:46] <페일비 (pale_b03)> 오래 되지 않았ㄴ나?
[2021-12-10 23:52:52] <설화설 (snow_fl_0204)> 아?
[2021-12-10 23:52:58] <kyh09531> 이거 크리에이터 지원 뭐라고 치면 나와요
[2021-12-10 23:52:58] <@%탸토 (bibin9906)> 그 전에 또없었나
[2021-12-10 23:53:06] <페일비 (pale_b03)> 무려 1년전
[2021-12-10 23:53:06] <limetree345> 1년전 ㅋㅋㅋㅋㅋ
[2021-12-10 23:53:06] <@%탸토 (bibin9906)> 오ㅋㅋㅋㅋ
[2021-12-10 23:53:08] <$윈드브릿지 (poonggyo0415)> 앜ㅋㅋㅋㅋㅋㅋㅋㅋㅋㅋㅋㅋㅋ
[2021-12-10 23:53:08] <%벌레_ (choijunghyun1234)> ㅋㅋㅋㅋㅋㅋㅋㅋㅋㅋㅋ
[2021-12-10 23:53:10] <페일비 (pale_b03)> ㅋㅋㅋㅋㅋㅋㅋㅋㅋㅋㅋㅋ
[2021-12-10 23:53:13] <츠히엔 (tsuhien)> 벌써...
[2021-12-10 23:53:14] <루미님_ (fnal12)> 와ㅋㅋㅋㅋㄱㅋㄱㅋㅋ
[2021-12-10 23:53:16] <톰_7 (tom34111)> 1년전..... ㅋㅋㅋㅋㅋㅋㅋㅋ
[2021-12-10 23:53:17] <%tmddl2684> 오ㅋㅋㅋㅋㅋㅋ
[2021-12-10 23:53:21] <_하와이안민트초코피자_ (kkrubbingbbong9414)> 1년?!!!
[2021-12-10 23:53:26] <설화설 (snow_fl_0204)> 둘만은 뇌와 피지컬아니였나?
[2021-12-10 23:53:31] <페일비 (pale_b03)> 많이 바쁘셨나보내
[2021-12-10 23:53:31] <설화설 (snow_fl_0204)> ㅋㅋㅋㅋ
[2021-12-10 23:53:37] <%+마깨비 (makkaebi04)> ㅋㅋㅋㅋㅋㅋㅋㅋ
[2021-12-10 23:53:37] <쁠순이ㅎ (jangchanghwan03)> ㅋㅋㅋㅋㅋㅋㅋㅋㅋㅋㅋ
[2021-12-10 23:53:37] <톰_7 (tom34111)> ㅋㅋㅋㅋㅋㅋㅋㅋㅋㅋㅋㅋㅋㅋㅋ
[2021-12-10 23:53:40] <페일비 (pale_b03)> 이악물고 무시
[2021-12-10 23:53:40] <루미님_ (fnal12)> ㅋㅋㅋㅋㅋㅋㅋㅋㅋㅋㅋㅋㅋ
[2021-12-10 23:53:40] <@메리엄 (merriam72)> !코드
[2021-12-10 23:53:42] <@%탸토 (bibin9906)> ㅋㅋㅋㅋㅋㅋ
[2021-12-10 23:53:43] <쁠순이ㅎ (jangchanghwan03)> 색맹이신가
[2021-12-10 23:53:43] <페일비 (pale_b03)> ㅋㅋㅋㅋㅋㅋㅋㅋㅋㅋㅋㅋㅋㅋ
[2021-12-10 23:53:44] <@메리엄 (merriam72)> 크리에이터 코드
[2021-12-10 23:53:50] <$윈드브릿지 (poonggyo0415)> ㅋㅋㅋㅋㅋㅋㅋㅋㅋㅋㅋㅋㅋㅋㅋ
[2021-12-10 23:53:51] <kyh09531> 크리에이터 코드
[2021-12-10 23:53:54] <루미님_ (fnal12)> 엌ㅋㅋㅋㅋㅋㅋㅋㅋㅋㅋㅋㅋㅋㅋ
[2021-12-10 23:53:54] <dorothy_226> ㅋㅋㅋㅋㅋㅋㅋㅋㅋㅋ
[2021-12-10 23:53:56] <@%탸토 (bibin9906)> 메하
[2021-12-10 23:53:56] <_하와이안민트초코피자_ (kkrubbingbbong9414)> ㅋㅋㅋㅋㅋㅋㅋㅋ
[2021-12-10 23:53:57] <%6강의엘리펀츠 (electronicelephants)> 아냐 회는 살 안쪄ㅋㅋㅋㅋ
[2021-12-10 23:54:01] <설화설 (snow_fl_0204)> 블짠 크리에잍 코드가 뭐에여
[2021-12-10 23:54:01] <dorothy_226> 맛있게 먹으면 0칼로리
[2021-12-10 23:54:03] <@메리엄 (merriam72)> 저 가입 중
[2021-12-10 23:54:07] <페일비 (pale_b03)> 초장은...
[2021-12-10 23:54:09] <츠히엔 (tsuhien)> ㅋㅋㅋㅋㅋㅋㅋ김불룩
[2021-12-10 23:54:11] <쁠순이ㅎ (jangchanghwan03)> 광어 지방 덩어리
[2021-12-10 23:54:19] <$뮨륜턴 (mulyunton413)> 메하
[2021-12-10 23:54:25] <%벌레_ (choijunghyun1234)> 의무인가요
[2021-12-10 23:54:25] <설화설 (snow_fl_0204)> 안돼... 대문자에욪
[2021-12-10 23:54:27] <설화설 (snow_fl_0204)> ?
[2021-12-10 23:54:28] <_마춘 (koh06062123)> kimblue
[2021-12-10 23:54:29] <skinhead0000> 김블루 쳤는데 치면 뭐가 좋아요??
[2021-12-10 23:54:31] <@메리엄 (merriam72)> 방법이 조금 귀찮긴..
[2021-12-10 23:54:31] <%LIAN_201> 이미 해놔찌
[2021-12-10 23:54:32] <Twipkr>* EICprojectIV님 1,000원 후원 너무나 감사합니다! 개꿀!
[2021-12-10 23:54:39] <@%탸토 (bibin9906)> 사전예약하면서 할수있을라나
[2021-12-10 23:54:41] <유둘리 (dbenffl877)> 나 첫 타자로 했짢녀...
[2021-12-10 23:54:48] <%skdh0258> 김블루님 크리에이터 코드>>kimblue
[2021-12-10 23:54:48] <설화설 (snow_fl_0204)> 마자..
[2021-12-10 23:54:57] <luke_4343> 전 이미 했습니 ^^7
[2021-12-10 23:55:04] <skinhead0000> 크리에이터 코드 치면 어떤점이 좋은걸까요 벌써 하긴 했습니다
[2021-12-10 23:55:10] <유둘리 (dbenffl877)> !크리에이터 코드
[2021-12-10 23:55:12] <페일비 (pale_b03)> ㅋㅋㅋㅋㅋㅋㅋㅋㅋㅋ
[2021-12-10 23:55:17] <유둘리 (dbenffl877)> !코드
[2021-12-10 23:55:18] <@%탸토 (bibin9906)> 저런ㅋㅋㅋ
[2021-12-10 23:55:22] <톰_7 (tom34111)> ㅋㅋㅋㅋㅋㅋㅋㅋㅋㅋㅋㅋ
[2021-12-10 23:55:25] <~%김블루 (rainblue37)> !감듀ㅗ
[2021-12-10 23:55:27] <~%김블루 (rainblue37)> !감도
[2021-12-10 23:55:27] <@^Nightbot> 수시로 바뀝니다.
[2021-12-10 23:55:41] <유둘리 (dbenffl877)> !감도
[2021-12-10 23:55:41] <@^Nightbot> 수시로 바뀝니다.
[2021-12-10 23:55:48] <하늘업 (sky_up56)> !명령어
[2021-12-10 23:55:49] <@^Nightbot> https://nightbot.tv/t/rainblue37/commands
[2021-12-10 23:55:58] <kyh09531> !코드
[2021-12-10 23:56:08] <%skdh0258> !코드
[2021-12-10 23:56:11] <dhhdhdhsw> 블하
[2021-12-10 23:56:12] <@$펍지메드킷 (pubgbattlegrounds_kr)> 배그 파트너 전용 코드! PUBG.com에서 Kimblue 입력!
[2021-12-10 23:56:12] <@%탸토 (bibin9906)> 크리에이터 감사 프로그램..
[2021-12-10 23:56:16] <유둘리 (dbenffl877)> 근데 이 밖에 코드도 있잖아
[2021-12-10 23:56:18] <%tmddl2684> !코드
[2021-12-10 23:56:18] <코르타 (ajs0219)> !코드
[2021-12-10 23:56:19] <hyun8012> 블하
[2021-12-10 23:56:21] <하늘업 (sky_up56)> !코드
[2021-12-10 23:56:22] <%6강의엘리펀츠 (electronicelephants)> pubg.com에서 kimblue
[2021-12-10 23:56:22] BAN: electronicelephants (5s)
[2021-12-10 23:56:22] <@^Nightbot> @6강의엘리펀츠 -> Wohoo! [stop posting links] [warning]
[2021-12-10 23:56:23] <hyun8012> !코드
[2021-12-10 23:56:26] <pafksihoo> 블하
[2021-12-10 23:56:37] <pafksihoo> 배그 무료로 됬어요??
[2021-12-10 23:56:40] <하늘업 (sky_up56)> 지금 되는줄
[2021-12-10 23:56:41] <페일비 (pale_b03)> 본업할때 멋있는 남자
[2021-12-10 23:56:49] <%tmddl2684> !코드
[2021-12-10 23:56:52] <%skdh0258> 1월12일 무료전환
[2021-12-10 23:56:52] <@%탸토 (bibin9906)> 네
[2021-12-10 23:56:52] <페일비 (pale_b03)> 넹
[2021-12-10 23:57:03] <쁠순이ㅎ (jangchanghwan03)> ㅋ?
[2021-12-10 23:57:04] <%6강의엘리펀츠 (electronicelephants)> 트위치를 모르는 트위치 스트리머
[2021-12-10 23:57:05] <dorothy_226> 앗
[2021-12-10 23:57:06] <dhhdhdhsw> 툭탁
[2021-12-10 23:57:06] <bborever> !코드
[2021-12-10 23:57:06] <%tmddl2684> 넹
[2021-12-10 23:57:06] <@^Nightbot> 배그 파트너 전용 코드! PUBG.com 에서 Kimblue 입력!
[2021-12-10 23:57:10] <코르타 (ajs0219)> !코드
[2021-12-10 23:57:10] <모도치 (kungboo_)> !코드
[2021-12-10 23:57:21] <dhhdhdhsw> 뾰로롱
[2021-12-10 23:57:22] <%LIAN_201> 오 굿
[2021-12-10 23:57:41] <유둘리 (dbenffl877)> !코드
[2021-12-10 23:57:41] <@^Nightbot> 배그 파트너 전용 코드! PUBG.com 에서 Kimblue 입력!
[2021-12-10 23:58:00] <하늘업 (sky_up56)> !크레이터코드
[2021-12-10 23:58:04] <유둘리 (dbenffl877)> !파트너코드
[2021-12-10 23:58:05] <@^Nightbot> 배그 파트너 전용 코드! PUBG.com 에서 Kimblue 입력!
[2021-12-10 23:58:12] [Notification] 러끼섹시 subscribed at Tier 1. They've subscribed for 3 months! [블하]
[2021-12-10 23:58:13] <페일비 (pale_b03)> 오
[2021-12-10 23:58:18] <유둘리 (dbenffl877)> !드롭스
[2021-12-10 23:58:25] <앤디즈 (ow_andies)> 이거 어디에다 입력하나요?
[2021-12-10 23:58:30] <모도치 (kungboo_)> !크리에이터코드
[2021-12-10 23:58:30] <@^Nightbot> 배그 파트너 전용 코드! PUBG.com 에서 Kimblue 입력!
[2021-12-10 23:58:40] <쁠순이ㅎ (jangchanghwan03)> 말뚝박기ㅋㅋㅋ
[2021-12-10 23:58:48] <justin102848> 오 현재 지원 크리에이터라고 나오네
[2021-12-10 23:58:51] <설화설 (snow_fl_0204)> ㅋㅋㅋ
[2021-12-10 23:58:54] <하늘업 (sky_up56)> 3줄요약
[2021-12-10 23:59:03] <페일비 (pale_b03)> 쓰면 아무나 세줄요약 해주지 않을까?
[2021-12-10 23:59:08] <쁠순이ㅎ (jangchanghwan03)> 투표로 올리자 알고리즘 타게
[2021-12-10 23:59:09] <@%탸토 (bibin9906)> 이정도면 메드킷님이ㅋㅋㅋ
[2021-12-10 23:59:47] <유둘리 (dbenffl877)> 안녕하세요. 쁠몬여러분?
[2021-12-10 23:59:47] <%6강의엘리펀츠 (electronicelephants)> 글 쓰는거는 제너럴 매니저 업무 ㅋㅋ
[2021-12-10 23:59:53] <설화설 (snow_fl_0204)> 들어가서 어딜가야 되는거에요
[2021-12-11 00:00:15] <페일비 (pale_b03)> 펍지 닷컴이요
[2021-12-11 00:00:22] <@^Nightbot> 후원은 https://twip.kr/donate/rainblue37 // https://toon.at/donate/636949771761511868
[2021-12-11 00:00:29] <_마춘 (koh06062123)> 펍지 닷컴(펍지 공식 사이트)
[2021-12-11 00:00:35] <유둘리 (dbenffl877)> 할 마음도 없다
[2021-12-11 00:00:37] <하하헤헤헤헤헿ㅎㅎ헤 (heheh_eheh)> 진짜 무료에요???
[2021-12-11 00:00:39] <유둘리 (dbenffl877)> 라고 쓰면
[2021-12-11 00:00:42] <%6강의엘리펀츠 (electronicelephants)> 쁠몬들은 나빠서 안할거다가 많을거임
[2021-12-11 00:00:50] <나는야정비사 (jeon7250)> 아 배그 무료화 되는군요...
[2021-12-11 00:01:03] <페일비 (pale_b03)> 로그인 옆에 기어모양 있어요
[2021-12-11 00:01:11] <@%탸토 (bibin9906)> ㅋㅋㅋㅋㅋ
[2021-12-11 00:01:13] <%LIAN_201> 딜리트 엄청 많이 쓰는데
[2021-12-11 00:01:15] <@^Nightbot> https://discord.gg/z9pY7PJ 생방송에서 하는 컨텐츠들을 알려주는 공지방입니다
[2021-12-11 00:01:24] <페일비 (pale_b03)> 딜리트 뭐할때 많이써요?
[2021-12-11 00:01:25] <@%탸토 (bibin9906)> 엌ㅋㅋㅋ
[2021-12-11 00:01:26] <%LIAN_201> 어도비 많이 써서 그런가
[2021-12-11 00:01:27] <하하헤헤헤헤헿ㅎㅎ헤 (heheh_eheh)> 그럼 배스 돈주고 산 사람은 호구에요??
[2021-12-11 00:01:42] <_마춘 (koh06062123)> 기존 유저는 보상 지급 한데요.
[2021-12-11 00:01:45] <페일비 (pale_b03)> 요즘 귤 맛있어요
[2021-12-11 00:01:54] <@%탸토 (bibin9906)> 1주일빵이신데ㅋㅋ
[2021-12-11 00:02:04] <teepa000> 블하
[2021-12-11 00:02:04] <페일비 (pale_b03)> 달아졌습니다
[2021-12-11 00:02:09] <@%탸토 (bibin9906)> 귤맛집?
[2021-12-11 00:02:15] <@^Nightbot> @김블루 -> A 60s commercial has been started.
[2021-12-11 00:02:18] <애틀랜타레인화이팅 (kyumin19)> 서귀포 귤이제
[2021-12-11 00:02:19] <페일비 (pale_b03)> ㅋㅋㅋㅋㅋㅋㅋㅋ
[2021-12-11 00:02:20] <나는야정비사 (jeon7250)> 제주도?
[2021-12-11 00:02:26] <_마춘 (koh06062123)> 제주도?
[2021-12-11 00:02:28] <쁠순이ㅎ (jangchanghwan03)> 귤 구워먹어보심?
[2021-12-11 00:02:28] <%벌레_ (choijunghyun1234)> ㅋㅋㅋㅋㅋㅋㅋㅋㅋㅋㅋㅋ
[2021-12-11 00:02:28] <페일비 (pale_b03)> 귤은 서귀폰데
[2021-12-11 00:02:29] <%6강의엘리펀츠 (electronicelephants)> 공유하라! 공유하라!
[2021-12-11 00:02:40] <츠히엔 (tsuhien)> 진짜 쇼호스트 지원했음 잘됬을듯
[2021-12-11 00:02:42] <bborever> ㅋㅋㅋㅋㅋ
[2021-12-11 00:02:44] <@%탸토 (bibin9906)> ㅋㅋㅋㅋㅋㅋㅋㅋ
[2021-12-11 00:02:47] <루미님_ (fnal12)> ㅋㅋㅋㅋㅋㅋㅋㅋㅋㅋ
[2021-12-11 00:02:55] <%6강의엘리펀츠 (electronicelephants)> 독점 계약 안된다! 공개하라! 공개하라!
[2021-12-11 00:02:58] <dorothy_226> 넹
[2021-12-11 00:03:00] <쁠순이ㅎ (jangchanghwan03)> 김블루/약사
[2021-12-11 00:03:00] <%6강의엘리펀츠 (electronicelephants)> 어허
[2021-12-11 00:03:01] <justin102848> 아아아아ㅏ 알려주세여
[2021-12-11 00:03:03] <페일비 (pale_b03)> 어허
[2021-12-11 00:03:04] <설화설 (snow_fl_0204)> 이니어아아
[2021-12-11 00:03:06] <@%탸토 (bibin9906)> rainblPop
[2021-12-11 00:03:09] <루미님_ (fnal12)> 알려줘여어ㅓ
[2021-12-11 00:03:09] Viewerstats (23:32-00:03): avg:613 min:584 max:650 [17/650+0+0-27+0-39+0+45-8+0+0-15+0-9+0-12+0]
[2021-12-11 00:03:13] <bborever> 아 이 밀당머야
[2021-12-11 00:03:18] <tlsk14> 살먹을께여 알려줘여
[2021-12-11 00:03:20] <모찌라이언 (yoosoohun04)> 알려주세염!
[2021-12-11 00:03:25] <%6강의엘리펀츠 (electronicelephants)> 이사람아 귤의 계절이 다가오는데!
[2021-12-11 00:03:26] <페일비 (pale_b03)> 비틱질인가?
[2021-12-11 00:03:30] <나는야정비사 (jeon7250)> 그래서 어딘데요?
[2021-12-11 00:03:30] <루미님_ (fnal12)> ㅋㅋㅋㅋㅋㅋㅋㅋㅋㅋㅋㅋㅋ
[2021-12-11 00:03:30] <%벌레_ (choijunghyun1234)> 갑자기 귤이 먹고싶네요
[2021-12-11 00:03:36] <쁠순이ㅎ (jangchanghwan03)> 그것을 알려드림도 아니고ㅋㅋ
[2021-12-11 00:04:09] <페일비 (pale_b03)> ㅋㅋㅋㅋㅋㅋㅋㅋㅋㅋㅋㅋㅋㅋㅋㅋ
[2021-12-11 00:04:40] <설화설 (snow_fl_0204)> ㅋㅋㅋㅋㅋㅋㅋ
[2021-12-11 00:04:44] <%LIAN_201> ㅋㅋㅋㅋㅋㅋㅋㅋㅋㅋㅋㅋㅋㅋㅋ
[2021-12-11 00:04:44] <%6강의엘리펀츠 (electronicelephants)> ㅋㅋㅋㅋㅋㅋㅋㅋ
[2021-12-11 00:04:45] <@%탸토 (bibin9906)> 시읏 ㅋㅋㅋ
[2021-12-11 00:04:47] <루미님_ (fnal12)> ㅋㅋㅋㅋㅋㅋㅋㅋㅋㅋㅋㅋㅋㅋㅋㅋㅋㅋ
[2021-12-11 00:04:48] <solina1020> ㅋㅋㅋ
[2021-12-11 00:04:48] <모찌라이언 (yoosoohun04)> ㅋㅋㅋㅋㅋㅋㅋㅋㅋㅋㅋㅋㅋㅋㅋㅋㅋㅋㅋㅋㅋㅋㅋ
[2021-12-11 00:04:48] <$윈드브릿지 (poonggyo0415)> ㅋㅋㅋㅋㅋㅋㅋㅋㅋㅋㅋㅋㅋㅋㅋㅋㅋㅋㅋㅋ
[2021-12-11 00:04:49] <쁠순이ㅎ (jangchanghwan03)> ㅋㅋㅋㅋㅋㅋㅋㅋㅋㅋㅋ
[2021-12-11 00:04:54] <츠히엔 (tsuhien)> ㅋㅋㅋㅋㅋㅋㅋㅋㅋㅋㅋㅋㅋ
[2021-12-11 00:05:00] <gaiaia0524> ㅋㅋㅋㅋㅋㅋㅋㅋㅋㅋㅋㅋ
[2021-12-11 00:05:03] <tlsk14> ㅋㅋㅋㅋㅋㅋㅋㅋ
[2021-12-11 00:05:11] <hyun_040> ㅋㅋㅋㅋㅋㅋㅋㅋㅋㅋㅋㅋㅋ
[2021-12-11 00:05:13] <설화설 (snow_fl_0204)> 감탄샄ㅋㅋㅋ
[2021-12-11 00:05:16] <%악백 (kgjkr5030)> ㅋㅋㅋㅋㅋㅋㅋㅋ
[2021-12-11 00:05:22] <_마춘 (koh06062123)> 감탄샄ㅋㅋㅋㅋㅋㅋㅋㅋㅋ
[2021-12-11 00:05:25] <쿠쿠라리 (gkdms058)> ㅋㅋㅋㅋㅋㅋㅋㅋ
[2021-12-11 00:05:33] <@%탸토 (bibin9906)> ㅇ0ㅇ
[2021-12-11 00:05:37] <dorothy_226> ㅇ0ㅇ
[2021-12-11 00:05:42] <쁠순이ㅎ (jangchanghwan03)> 안물리시려나ㅋㅋㅋ
[2021-12-11 00:05:44] <츠히엔 (tsuhien)> 오
[2021-12-11 00:05:49] <모찌라이언 (yoosoohun04)> 와우
[2021-12-11 00:05:55] <limetree345> !코드
[2021-12-11 00:05:55] <@^Nightbot> 배그 파트너 전용 코드! PUBG.com 에서 Kimblue 입력!
[2021-12-11 00:05:55] <나는야정비사 (jeon7250)> 귤 얼려먹으면 맛있는데
[2021-12-11 00:05:55] <설화설 (snow_fl_0204)> ㄹㅇ 제철이네
[2021-12-11 00:05:56] <앤디즈 (ow_andies)> !코드
[2021-12-11 00:06:00] <헤리멜_ (eun1276)> 공유점 ㅠ
[2021-12-11 00:06:04] <bborever> 찐맛집
[2021-12-11 00:06:17] <쁠순이ㅎ (jangchanghwan03)> 쩝쩝충 좀ㅎ
[2021-12-11 00:06:19] <lyj17> 비싸겠는데..?
[2021-12-11 00:06:23] <에이스050 (juhyeon0)> 코드 적는 칸이 홈페이지 들어가서 어디지.
[2021-12-11 00:06:32] <페일비 (pale_b03)> 그래서 그곳이 어디죠?
[2021-12-11 00:06:40] <$윈드브릿지 (poonggyo0415)> ㅋㅋㅋㅋㅋㅋㅋㅋㅋ
[2021-12-11 00:06:44] <츠히엔 (tsuhien)> ㅋㅋㅋㅋㅋㅋㅋㅋ
[2021-12-11 00:06:45] <@%탸토 (bibin9906)> 60년인생일정도면..?
[2021-12-11 00:06:46] <%EICprojectIV> 코드적는속=공홈 로그인 후 설정탭
[2021-12-11 00:07:03] <에이스050 (juhyeon0)> @EICprojectIV 감사함돠
[2021-12-11 00:07:04] <$윈드브릿지 (poonggyo0415)> 대체 얼마나 맛있는 것인...
[2021-12-11 00:07:09] <나는야정비사 (jeon7250)> 그냥 서귀포 귤이나 먹어야지..
[2021-12-11 00:07:27] <하늘업 (sky_up56)> !코드
[2021-12-11 00:07:28] <@^Nightbot> 배그 파트너 전용 코드! PUBG.com 오른쪽위 설정창에서 Kimblue 입력!
[2021-12-11 00:07:43] <설화설 (snow_fl_0204)> 아하 이제 이해됐어요!
[2021-12-11 00:07:57] <쁠순이ㅎ (jangchanghwan03)> 치킨을 뼈를 발라서 떠먹여주는데ㅋㅋ
[2021-12-11 00:07:59] <나는야정비사 (jeon7250)> 메일로 보내드릴게요
[2021-12-11 00:07:59] <%6강의엘리펀츠 (electronicelephants)> 메일로 손편지 보내겠읍니다
[2021-12-11 00:07:59] <하늘업 (sky_up56)> 후기요?
[2021-12-11 00:08:08] <@%탸토 (bibin9906)> 어..?
[2021-12-11 00:08:08] <$윈드브릿지 (poonggyo0415)> 으흠
[2021-12-11 00:08:11] <%벌레_ (choijunghyun1234)> 어?
[2021-12-11 00:08:12] <나는야정비사 (jeon7250)> 아하
[2021-12-11 00:08:16] <헤리멜_ (eun1276)> 그만큼 맛있다면 가치가 있는거 아닐까
[2021-12-11 00:08:16] <$윈드브릿지 (poonggyo0415)> 그래도 맛있다면 전 사겠어요
[2021-12-11 00:08:16] <$웃크 (eudkeu)> 저요
[2021-12-11 00:08:21] <츠히엔 (tsuhien)> 가격이 어떻길레?
[2021-12-11 00:08:27] <Twipkr>* EICprojectIV님 1,000원 후원 너무나 감사합니다! 개꿀!
[2021-12-11 00:08:34] <nine__90> 효돈귤인가
[2021-12-11 00:08:43] <헤리멜_ (eun1276)> 근데 생각해야하는게 어차피 2박스 사면 1박스 실패하는데 뭐...
[2021-12-11 00:08:47] <나는야정비사 (jeon7250)> 당도선별기 하나 사면 되는건가요?
[2021-12-11 00:08:57] <알케빈 (r_kebin)> !디코
[2021-12-11 00:08:57] <@^Nightbot> https://discord.gg/z9pY7PJ 생방송에서 하는 컨텐츠들을 알려주는 공지방입니다
[2021-12-11 00:08:57] <키지리 (ekelekeleh)> 비싼 값을 하는거죠
[2021-12-11 00:09:27] <@%탸토 (bibin9906)> 추천인 김블루ㅋㅋㅋ?
[2021-12-11 00:09:31] <$윈드브릿지 (poonggyo0415)> 사고 후기 남길 자신 있습니다
[2021-12-11 00:09:32] <루미님_ (fnal12)> ㅋㅋㅋㅋㅋㅋㅋㅋㅋㅋㅋㅋㅋㅋㅋ
[2021-12-11 00:09:33] <$웃크 (eudkeu)> 있어요
[2021-12-11 00:09:36] <shjfked> 어우
[2021-12-11 00:09:36] <설화설 (snow_fl_0204)> ㅋㅋㅋㅋ
[2021-12-11 00:09:38] <%6강의엘리펀츠 (electronicelephants)> 사게되면 메일로 손편지 한 통...
[2021-12-11 00:09:59] <justin102848> 가격 대충 귀뜸으로
[2021-12-11 00:10:08] <%6강의엘리펀츠 (electronicelephants)> 쁠몬 특명: 김블루의 귤을 빼앗아라!
[2021-12-11 00:10:12] <@^Nightbot> 후원은 https://twip.kr/donate/rainblue37 // https://toon.at/donate/636949771761511868
[2021-12-11 00:10:13] <키지리 (ekelekeleh)> 아아~~
[2021-12-11 00:10:14] <$윈드브릿지 (poonggyo0415)> 으흠
[2021-12-11 00:10:16] <하늘업 (sky_up56)> 확인
[2021-12-11 00:10:19] <%악백 (kgjkr5030)> 오옹
[2021-12-11 00:10:21] <키지리 (ekelekeleh)> 여기 맛있죠~
[2021-12-11 00:10:22] <설화설 (snow_fl_0204)> 와 맛ㅇㅆ겠는데
[2021-12-11 00:10:23] <@%탸토 (bibin9906)> ㅇㅎ..
[2021-12-11 00:10:25] <루미님_ (fnal12)> 오오
[2021-12-11 00:10:40] <%벌레_ (choijunghyun1234)> 외워놔야겠다
[2021-12-11 00:10:46] <다이댁트 (unsc2553)> 안녕하세여
[2021-12-11 00:10:49] <justin102848> 비싸다
[2021-12-11 00:10:51] <$윈드브릿지 (poonggyo0415)> 4만원이라...메모메모
[2021-12-11 00:10:52] <shjfked> 광고인가요?
[2021-12-11 00:10:59] <다이댁트 (unsc2553)> 이미 귤이 산처럼 쌓여서,,,
[2021-12-11 00:11:01] <키지리 (ekelekeleh)> 여기 진짜 맛있습니다~ 가격대가 있어도 그만큼의 관리와 품질을 보증하기 때문에 가격이 나가는거라서
[2021-12-11 00:11:11] <키지리 (ekelekeleh)> 확실히 맛은 보증할 만큼 맛잇죠
[2021-12-11 00:11:19] <luke_4343> 꿀팁 감사합니다.
[2021-12-11 00:11:20] <%6강의엘리펀츠 (electronicelephants)> ㅁㅋㅋㅋㅋㅋㅋㅋㅋ
[2021-12-11 00:11:21] <@%탸토 (bibin9906)> 그거 맞나요ㅋㅋㅋ..?
[2021-12-11 00:11:21] <설화설 (snow_fl_0204)> ㅋㅋㅋㅋㅋㅋ
[2021-12-11 00:11:22] <루미님_ (fnal12)> 엌ㅋㅋㄱㅋㄱㅋㄱㅋㄱㅋㅋㅋㅋㅋㅋ
[2021-12-11 00:11:24] <%+마깨비 (makkaebi04)> ?ㅋㅋㅋㅋㅋㅋ
[2021-12-11 00:11:25] <%악백 (kgjkr5030)> ㅋㅋㅋㅋㅋㅋㅋㅋㅋㅋㅋㅋ
[2021-12-11 00:11:29] <썬더워드 (pjm0375)> ㅋㅋㅋㅋㅋㅋㅋㅋ
[2021-12-11 00:11:30] <shjfked> 귤이조금 쉬죠
[2021-12-11 00:11:32] <@%탸토 (bibin9906)> 오
[2021-12-11 00:11:44] <%6강의엘리펀츠 (electronicelephants)> 기업 기밀 유출?
[2021-12-11 00:11:44] <키지리 (ekelekeleh)> 강남 사는 사람이라 갤러리아 가끔 가니...
[2021-12-11 00:12:00] <히힛이지로ㅓㅇ (wlrnjs1234)> !디코
[2021-12-11 00:12:00] <@^Nightbot> https://discord.gg/z9pY7PJ 생방송에서 하는 컨텐츠들을 알려주는 공지방입니다
[2021-12-11 00:12:01] <@%탸토 (bibin9906)> ㄷㄷ
[2021-12-11 00:12:02] <__조조__ (zojo34)> ㅋㅋㅋㅋㅋㅋㅋ
[2021-12-11 00:12:03] <luke_4343> 사용자 평점 4.9대박이다 ㅋㅋ
[2021-12-11 00:12:07] <nine__90> 와 연간구독
[2021-12-11 00:12:08] <히힛이지로ㅓㅇ (wlrnjs1234)> !편집자
[2021-12-11 00:12:08] <@^Nightbot> 편집자, 새싹편집자, 작가, 매니저님 상시 모집! https://youtu.be/LRn-gx92Mf4
[2021-12-11 00:12:10] <키지리 (ekelekeleh)> 갤러리아나 현대 백화점에 파는 브랜드라서
[2021-12-11 00:12:16] <설화설 (snow_fl_0204)> 와. 솔ㅈㄱ해 ㅋㅋㅋㅋㅋ
[2021-12-11 00:12:18] <%벌레_ (choijunghyun1234)> ㄷ
[2021-12-11 00:12:32] <dorothy_226> 명품인가
[2021-12-11 00:12:34] <키지리 (ekelekeleh)> 잘 안올라오는데
[2021-12-11 00:12:47] <키지리 (ekelekeleh)> 가끔가다 들어오는 브랜드 중 하나예요
[2021-12-11 00:12:55] <키지리 (ekelekeleh)> 자주는 아니라서 희귀해요
[2021-12-11 00:13:18] <%$크레짱 (riri1090)> !업타임
[2021-12-11 00:13:19] <@^Nightbot> 방송시간: 2 hours 8 minutes 48 seconds
[2021-12-11 00:13:24] <나는야정비사 (jeon7250)> ???
[2021-12-11 00:13:25] <%6강의엘리펀츠 (electronicelephants)> ?????
[2021-12-11 00:13:26] <%벌레_ (choijunghyun1234)> ???
[2021-12-11 00:13:27] <루미님_ (fnal12)> ㅋㅋㅋㅋㅋㅋㅋㅋ??
[2021-12-11 00:13:28] <페일비 (pale_b03)> ??
[2021-12-11 00:13:28] <%악백 (kgjkr5030)> ?
[2021-12-11 00:13:33] <%$크레짱 (riri1090)> !멤ㅂㆍㄱ
[2021-12-11 00:13:37] <%$크레짱 (riri1090)> ㅋㅋㅋ
[2021-12-11 00:13:44] <%$크레짱 (riri1090)> !멤버
[2021-12-11 00:13:44] <@^Nightbot> Server commands other than /me are blocked.
[2021-12-11 00:13:49] <@%탸토 (bibin9906)> 멤버 김블루 메드킷
[2021-12-11 00:13:54] <하늘업 (sky_up56)> 3줄요약좀
[2021-12-11 00:13:59] <%$크레짱 (riri1090)> ㅋㅋㅋ
[2021-12-11 00:14:05] <%$크레짱 (riri1090)> 세줄 요약 ㅋㅋ
[2021-12-11 00:14:15] <@%탸토 (bibin9906)> 어허..3줄이상이구만..
[2021-12-11 00:14:20] <세자입니다 (syproud)> 현재 지금 배그 무료되었나요?
[2021-12-11 00:14:23] <다이댁트 (unsc2553)> 머엉
[2021-12-11 00:14:26] <%$크레짱 (riri1090)> ㅋㅋㅋㅋㅋㅋ
[2021-12-11 00:14:30] <루미님_ (fnal12)> ㅋㅋㅋㅋㅋㅋㅋㅋㅋ
[2021-12-11 00:14:34] <하늘업 (sky_up56)> 선생님 3줄요약좀요
[2021-12-11 00:15:19] <@%탸토 (bibin9906)> 편안
[2021-12-11 00:15:21] <페일비 (pale_b03)> 사랑한닼ㅋㅋㅋㅋㅋㅋㅋㅋㅋㅋ
[2021-12-11 00:15:22] <%$크레짱 (riri1090)> ㅁㅇㅁㅇ ㅋㅋㅋㅋㅋㅋㅋㅋ  감동이라고 블형
[2021-12-11 00:15:22] <설화설 (snow_fl_0204)> ㅋㅋㅋㅋㅋ
[2021-12-11 00:15:26] <하늘업 (sky_up56)> 편안
[2021-12-11 00:15:29] <%벌레_ (choijunghyun1234)> 간단하다 ㅋㅋㅋㅋㅋㅋㅋㅋ
[2021-12-11 00:15:30] <familyjotgata> 아이템 주면 뭐하누 배그가 없는데 ㅠㅠ
[2021-12-11 00:15:32] <@%탸토 (bibin9906)> 맛나거 준다
[2021-12-11 00:15:35] <justin102848> 재밌는거 해주겠다
[2021-12-11 00:15:42] <경찰청쇠창살라익 (raic1)> 오
[2021-12-11 00:15:45] <%$크레짱 (riri1090)> ㅋㅋㅋ
[2021-12-11 00:15:47] <페일비 (pale_b03)> ㅋㅋㅋㅋㅋㅋㅋㅋㅋㅋㅋㅋ
[2021-12-11 00:15:49] <키지리 (ekelekeleh)> 사이트에서 김블루 코드 입력해줘라
[2021-12-11 00:15:49] <루미님_ (fnal12)> 엌ㅋㅋㅋㅋㅋㅋㅋㅋㅋㅋ
[2021-12-11 00:15:49] <%$크레짱 (riri1090)> ㅁㅇㅁㅇ
[2021-12-11 00:15:49] <설화설 (snow_fl_0204)> ㅋㅋㅋ
[2021-12-11 00:15:54] <%$크레짱 (riri1090)> 스윗하네
[2021-12-11 00:16:03] <familyjotgata> 4줄 요약
[2021-12-11 00:16:08] <하늘업 (sky_up56)> 4줄요약쯤은 나쁘지 않네
[2021-12-11 00:16:09] <%$크레짱 (riri1090)> 어허
[2021-12-11 00:16:11] <%$크레짱 (riri1090)> ㅋㅋㅋㅋ
[2021-12-11 00:16:29] <페일비 (pale_b03)> 지금 하러갈꺼다
[2021-12-11 00:16:54] <%$크레짱 (riri1090)> 언제까지 해야되 블형?
[2021-12-11 00:16:58] <%$크레짱 (riri1090)> 저거
[2021-12-11 00:16:59] <키지리 (ekelekeleh)> 사이트가 반응형이 조금 부족하당...QHD 절반에서는 설정 버튼이 가려지네용...
[2021-12-11 00:17:11] <@%탸토 (bibin9906)> 평균너무높히시네
[2021-12-11 00:17:14] <맥_심 (gta2525)> 스팀이에요?
[2021-12-11 00:17:27] <_마춘 (koh06062123)> 어....
[2021-12-11 00:17:30] <$윈드브릿지 (poonggyo0415)> 엇ㅋㅋㅋㅋㅋㅋㅋ
[2021-12-11 00:17:33] <루미님_ (fnal12)> ㅋㅋㅋㅋㅋㅋㅋㅋㅋㅋㅋㅋㅋ
[2021-12-11 00:18:02] <김실비 (ehxhfl31)> !코드
[2021-12-11 00:18:02] <@^Nightbot> 배그 파트너 전용 코드! PUBG.com 오른쪽위 설정창에서 Kimblue 입력!
[2021-12-11 00:18:11] <페일비 (pale_b03)> 앗
[2021-12-11 00:18:15] <다이댁트 (unsc2553)> ㅋㅋㅋㅋㅋㅋ
[2021-12-11 00:18:15] <설화설 (snow_fl_0204)> ㅏ
[2021-12-11 00:18:16] <dorothy_226> 앗
[2021-12-11 00:18:18] <단발남자 (minjun0424)> 아이고...
[2021-12-11 00:18:21] <다이댁트 (unsc2553)> 유튭이 컷한다
[2021-12-11 00:18:22] <familyjotgata> ㅍㅋㅍㅋ
[2021-12-11 00:19:01] <페일비 (pale_b03)> 역시 2만명이 선택한 유튜바
[2021-12-11 00:19:09] <토리78 (tory_787)> 오오
[2021-12-11 00:19:29] <다이댁트 (unsc2553)> 음?
[2021-12-11 00:19:37] <설화설 (snow_fl_0204)> 음~
[2021-12-11 00:19:47] <설화설 (snow_fl_0204)> ㅋㅋㅋㅋㅋ
[2021-12-11 00:19:48] <sehun2009> 이런 완벽주의자
[2021-12-11 00:19:53] <설화설 (snow_fl_0204)> 3뚝?
[2021-12-11 00:20:14] <@^Nightbot> 후원은 https://twip.kr/donate/rainblue37 // https://toon.at/donate/636949771761511868
[2021-12-11 00:20:20] <@%탸토 (bibin9906)> ㅋㅋㅋㅋㅋㅋㅋㅋㅋ
[2021-12-11 00:20:21] <%+마깨비 (makkaebi04)> ㅋㅋㅋㅋㅋㅋㅋㅋㅋ
[2021-12-11 00:20:21] <멍청한띨띠리 (kim24080)> ㅋㅋㅋㅋ
[2021-12-11 00:20:22] <설화설 (snow_fl_0204)> ㅋㅋㅋㅋ
[2021-12-11 00:20:23] <루미님_ (fnal12)> ㅋㅋㅋㄱㅋㄱㅋㄱㅋㄱㅋㅋㅋ
[2021-12-11 00:20:24] <하마마요 (pjsung1229977)> ㅋㅋㅋㅋㅋㅋㅋㅋ
[2021-12-11 00:20:27] <dorothy_226> ㅋㅋㅋㅋㅋㅋㅋㅋㅋㅋ
[2021-12-11 00:20:29] <%악백 (kgjkr5030)> ㅋㅋㅋㅋㅋㅋㅋㅋㅋㅋ
[2021-12-11 00:20:30] <설화설 (snow_fl_0204)> 대학교 발표시간인줄
[2021-12-11 00:20:38] <페일비 (pale_b03)> 앗 블루님 눈에서 물이 보이는거 같아요!
[2021-12-11 00:20:41] <모노0632 (hyun0632)> !디코
[2021-12-11 00:20:41] <@^Nightbot> https://discord.gg/z9pY7PJ 생방송에서 하는 컨텐츠들을 알려주는 공지방입니다
[2021-12-11 00:20:48] <츠히엔 (tsuhien)> ㅋㅋㅋㅋㅋㅋㅋ대학교 과제 발표ㅋㅋㅋ
[2021-12-11 00:20:51] <키지리 (ekelekeleh)> 이거 땜에 며칠전에 주가가 상승 조금 했던건가?
[2021-12-11 00:20:56] <키지리 (ekelekeleh)> 아니겠지....
[2021-12-11 00:21:11] <@^Nightbot> @김블루 -> A 60s commercial has been started.
[2021-12-11 00:21:13] <@%탸토 (bibin9906)> 이야 광어..
[2021-12-11 00:21:13] <페일비 (pale_b03)> ㅋㅋㅋㅋㅋㅋㅋㅋㅋ
[2021-12-11 00:21:14] <설화설 (snow_fl_0204)> 이런 킹파트너 없다 지짜~
[2021-12-11 00:21:15] <루미님_ (fnal12)> ㅋㅋㅋㅋㅋㅋㅋㅋㅋㅋㅋㅋㅋㅋ
[2021-12-11 00:21:18] <%_현지니 (guswlsl9164)> ㅋㅋㅋㅋㅋㅋㅋㅋㅋㅋㅋㅋㅋㅋ
[2021-12-11 00:21:35] <%yoon8019> anffhs gudzkemfh
[2021-12-11 00:21:38] <%yoon8019> 물론 형카드로
[2021-12-11 00:21:45] <@%탸토 (bibin9906)> 이왕 그렇게되면 같이?
[2021-12-11 00:21:45] <헤리멜_ (eun1276)> 그 바다가 그 바다 맞아?
[2021-12-11 00:21:48] <%+마깨비 (makkaebi04)> 낙시 하실려고요?ㅋㅋㅋㅋ
[2021-12-11 00:21:51] <설화설 (snow_fl_0204)> 광어회의 광어가 셀프네ㅋㅋㅋㅋ
[2021-12-11 00:22:01] <츠히엔 (tsuhien)> 자연산 광어 ㅋㅋㅋㅋㅋㅋㅋ
[2021-12-11 00:22:02] <%+마깨비 (makkaebi04)> ㅋㅋㅋㅋㅋㅋㅋㅋ
[2021-12-11 00:22:18] <%+마깨비 (makkaebi04)> 쌍방이네ㅋㅋㅋ
[2021-12-11 00:22:22] <설화설 (snow_fl_0204)> ㅋㅋㅋㅋㅋㅋ쌍방
[2021-12-11 00:22:26] <루미님_ (fnal12)> ㅋㅋㅋㅋㅋㅋㅋㅋㅋ
[2021-12-11 00:22:31] <dorothy_226> 쌍방ㅋㅋㅋㅋ
[2021-12-11 00:22:36] <$윈드브릿지 (poonggyo0415)> ㅋㅋㅋㅋㅋㅋㅋㅋㅋㅋㅋㅋㅋㅋㅋ
[2021-12-11 00:22:41] <츠히엔 (tsuhien)> ㅋㅋㅋㅋㅋㅋㅋㅋㅋㅋㅋ
[2021-12-11 00:22:46] <에이스050 (juhyeon0)> rainblZz rainblZz
[2021-12-11 00:22:48] <페일비 (pale_b03)> ㅋㅋㅋㅋㅋㅋㅋㅋㅋㅋㅋㅋ
[2021-12-11 00:22:49] <$윈드브릿지 (poonggyo0415)> 앜ㅋㅋㅋㅋㅋㅋㅋㅋㅋㅋㅋㅋㅋㅋㅋㅋㅋㅋㅋㅋ
[2021-12-11 00:22:55] <설화설 (snow_fl_0204)> ㅋㅋㅋㅋㅋㅋ
[2021-12-11 00:22:59] <@루오피스 (luopis)> 제주아일랜드요?
[2021-12-11 00:23:00] <루미님_ (fnal12)> 엌ㅋㅋㅋㅋㅋㅋㅋㅋㅋㅋㅋㅋㅋㅋㅋ
[2021-12-11 00:23:00] <츠히엔 (tsuhien)> 억 ㅋㅋㅋㅋㅋㅋㅋㅋ
[2021-12-11 00:23:07] <페일비 (pale_b03)> ㅋㅋㅋㅋㅋㅋㅋㅋㅋ
[2021-12-11 00:23:09] <헤리멜_ (eun1276)> 형
[2021-12-11 00:23:10] <%+마깨비 (makkaebi04)> 귤ㅋㅋㅋㅋㅋㅋ
[2021-12-11 00:23:11] <dorothy_226> ㅋㅋㅋㅋㅋㅋㅋㅋㅋㅋㅋ
[2021-12-11 00:23:13] <헤리멜_ (eun1276)> 루오피스님...
[2021-12-11 00:23:14] <페일비 (pale_b03)> 크흠
[2021-12-11 00:23:17] <츠히엔 (tsuhien)> 제주아일랜드 ㅋㅋㅋㅋㅋㅋㅋ
[2021-12-11 00:23:17] <@%탸토 (bibin9906)> 앗
[2021-12-11 00:23:18] <_마춘 (koh06062123)> 제주도민와따.
[2021-12-11 00:23:18] <$윈드브릿지 (poonggyo0415)> 앗ㅋㅋㅋㅋㅋㅋㅋㅋㅋㅋㅋㅋㅋ
[2021-12-11 00:23:19] <%+마깨비 (makkaebi04)> 어 뭐야ㅋㅋㅋㅋ
[2021-12-11 00:23:19] <%악백 (kgjkr5030)> ㅋㅋㅋㅋㅋㅋㅋㅋㅋ
[2021-12-11 00:23:19] <설화설 (snow_fl_0204)> ㅋㅋㅋ
[2021-12-11 00:23:20] <루미님_ (fnal12)> 흠흠..
[2021-12-11 00:23:21] <tlsk14> ㅋㅋㅋㅋㅋㅋ
[2021-12-11 00:23:26] <설화설 (snow_fl_0204)> 와우ㅋㅋ
[2021-12-11 00:23:27] <%_현지니 (guswlsl9164)> ㅋㅋㅋㅋㅋㅋㅋㅋㅋㅋㅋㅋ
[2021-12-11 00:23:29] <@루오피스 (luopis)> 에헴
[2021-12-11 00:23:30] <$윈드브릿지 (poonggyo0415)> 아 맞지맞지
[2021-12-11 00:23:34] <루미님_ (fnal12)> ㅋㅋㅋㅋㅋㅋㅋㅋㅋㅋㅋㅋㅋ
[2021-12-11 00:23:35] <소장각 (kbjsh1203pys)> ?
[2021-12-11 00:23:35] <_마춘 (koh06062123)> 맞지맞지
[2021-12-11 00:23:37] <설화설 (snow_fl_0204)> 킹갓
[2021-12-11 00:23:44] <@%탸토 (bibin9906)> 빛루오피스
[2021-12-11 00:23:54] <헤리멜_ (eun1276)> ㄹㅇㅋㅋ
[2021-12-11 00:23:59] <츠히엔 (tsuhien)> ㅋㅋㅋㅋㅋㅋㅋㅋㅋㅋㅋㅋ
[2021-12-11 00:24:17] <설화설 (snow_fl_0204)> ㅋㅋㄲㅋ다시
[2021-12-11 00:24:36] <%+마깨비 (makkaebi04)> 어?
[2021-12-11 00:24:38] <dorothy_226> ?
[2021-12-11 00:24:39] <@%탸토 (bibin9906)> 이미지문제인가
[2021-12-11 00:24:40] <$윈드브릿지 (poonggyo0415)> ㅔ?
[2021-12-11 00:24:40] <루미님_ (fnal12)> ??
[2021-12-11 00:24:40] <$웃크 (eudkeu)> 글자
[2021-12-11 00:24:40] <rderde> 엥
[2021-12-11 00:24:43] <빨판상어__ (holymolyee)> 에에?
[2021-12-11 00:24:43] <%_현지니 (guswlsl9164)> ??
[2021-12-11 00:24:44] <설화설 (snow_fl_0204)> 되따
[2021-12-11 00:24:47] <소장각 (kbjsh1203pys)> ?
[2021-12-11 00:24:48] <하룽_08 (harung_08)> ㅋㅋㅋㅋㅋㅋㅋㅋㅋ
[2021-12-11 00:24:49] <츠히엔 (tsuhien)> ㅋㅋㅋㅋㅋㅋㅋㅋㅋㅋㅋ
[2021-12-11 00:24:49] <%$디지코777 (kwonsemo77)> ?
[2021-12-11 00:24:49] <dorothy_226> ㅋㅋㅋㅋㅋㅋㅋㅋㅋㅋㅋㅋㅋㅋ
[2021-12-11 00:24:49] <루미님_ (fnal12)> ㅋㅋㅋㄱㅋㄱㅋㄱㅋㄱㅋㅋㅋㅋㅋ
[2021-12-11 00:24:50] <%+마깨비 (makkaebi04)> ㅋㅋㅋㅋㅋㅋㅋ
[2021-12-11 00:24:50] <tlsk14> ㅋㅋㅋㅋㅋ
[2021-12-11 00:24:52] <빨판상어__ (holymolyee)> ㅋㅋㅋㅋㅋ
[2021-12-11 00:24:52] <$doctorman11> 블하
[2021-12-11 00:24:53] <saram_in> ㅋㅌㅋㅌㅋㅋㅌㅌㅌㅌㅌㅌㅋㅋㅌ
[2021-12-11 00:24:54] <소장각 (kbjsh1203pys)> 뭐지 사진이
[2021-12-11 00:24:56] <토스토리 (vg2e)> 안녕하세요
[2021-12-11 00:24:56] <$hawon_e> ㅋㅋㅋㅋ
[2021-12-11 00:24:56] <%_현지니 (guswlsl9164)> ㅋㅋㅋㅋㅋㅋㅋㅋㅋㅋㅋㅋ
[2021-12-11 00:24:59] <%벌레_ (choijunghyun1234)> ㅋㅋㅋㅋㅋㅋㅋㅋㅋㅋㅋ
[2021-12-11 00:25:05] <%$디지코777 (kwonsemo77)> 와 드디어 된다
[2021-12-11 00:25:19] <설화설 (snow_fl_0204)> ?됐는데 사라져따ㅋㅋ
[2021-12-11 00:25:41] <헤리멜_ (eun1276)> ㅋㅋㅋㅋㅋㅋ
[2021-12-11 00:25:42] <하늘업 (sky_up56)> 안옴
[2021-12-11 00:25:42] <츠히엔 (tsuhien)> 안뜸
[2021-12-11 00:25:43] <%$디지코777 (kwonsemo77)> 팔로우 한지 1년이상 지났는데 오류땜에 챗팅 못치고 있었잖너…
[2021-12-11 00:25:46] <@%탸토 (bibin9906)> 김블루 커뮤니티 알람은 안뜨던데
[2021-12-11 00:25:49] <루미님_ (fnal12)> 안떠여ㅋㅋㅋㅋㅋ
[2021-12-11 00:25:57] <%+마깨비 (makkaebi04)> ?ㅋㅋㅋㅋ
[2021-12-11 00:25:59] <%$디지코777 (kwonsemo77)> ㅋㅋㅋㅋ
[2021-12-11 00:26:04] <@%탸토 (bibin9906)> 다른 유튜버분들 뜨던데
[2021-12-11 00:26:04] <츠히엔 (tsuhien)> ?ㅋㅋㅋㅋㅋ
[2021-12-11 00:26:07] <justin102848> 커뮤니티에 개시했다고 알람 오는데
[2021-12-11 00:26:07] <%+마깨비 (makkaebi04)> 가끔 오는것도 있어요
[2021-12-11 00:26:10] <츠히엔 (tsuhien)> 동영상만 옴
[2021-12-11 00:26:13] <saram_in> 알람은 안 떴던 것 같은데
[2021-12-11 00:26:15] <$윈드브릿지 (poonggyo0415)> 커뮤 알람은 뜨긴 하는데
[2021-12-11 00:26:19] <_마춘 (koh06062123)> 아주 가끔 와요.
[2021-12-11 00:26:24] <$윈드브릿지 (poonggyo0415)> 블루님 것은 잘 안 떠요
[2021-12-11 00:26:27] <%_핑_구_ (remedy217)> 뜨는것도 있고 아닌것도 있고
[2021-12-11 00:26:32] <헤리멜_ (eun1276)> 커뮤 알람 뜨낀해...
[2021-12-11 00:26:34] <@%탸토 (bibin9906)> ㅋㅋㅋㅋㅋㅋㅋㅋㅋ
[2021-12-11 00:26:39] <루미님_ (fnal12)> ㅋㅋㅋㅋㅋㅋㅋㅋㅋㅋㅋ
[2021-12-11 00:26:42] <%_핑_구_ (remedy217)> 커뮤 알람 뜨는 기준을 모르겠다
[2021-12-11 00:26:50] <츠히엔 (tsuhien)> ㅋㅋㅋㅋㅋㅋ자체모자이크 ㅋㅋㅋㅋ
[2021-12-11 00:26:50] <%_핑_구_ (remedy217)> 백화점 식품관 과일이 진리지
[2021-12-11 00:27:21] <%$디지코777 (kwonsemo77)> 백화점 과일은 킹정임
[2021-12-11 00:27:24] <헤리멜_ (eun1276)> ㅋㅋㅋㅋㅋㅋㅋㅋ
[2021-12-11 00:27:32] <%$디지코777 (kwonsemo77)> 과일도 명품도 있다
[2021-12-11 00:27:46] <%$디지코777 (kwonsemo77)> 배를 먹었는데 차원이 달라
[2021-12-11 00:28:00] <베다믹 (mapflow0701)> 백화점 식품관이 어지간한데 보다는 훨 나은듯
[2021-12-11 00:28:05] <%_핑_구_ (remedy217)> 백화점 과일들이 크기도 크고 당도도 높고
[2021-12-11 00:28:13] <헤리멜_ (eun1276)> 진정한 핵과의 저 전쟁 시작...
[2021-12-11 00:28:14] <%_핑_구_ (remedy217)> 비싸서 그렇지
[2021-12-11 00:28:22] <dorothy_226> 고생하셨어요 관계자님들...
[2021-12-11 00:28:25] <justin102848> 배그 언제까지 무료에요?
[2021-12-11 00:28:39] <설화설 (snow_fl_0204)> 아ㅋㅋㅋㅋ
[2021-12-11 00:28:42] <%_핑_구_ (remedy217)> 핵 잘 잡아쥬세요 화이팅…
[2021-12-11 00:28:43] <@%탸토 (bibin9906)> 배그가 무료지요~
[2021-12-11 00:28:43] <%+마깨비 (makkaebi04)> 1월 12일
[2021-12-11 00:28:44] <츠히엔 (tsuhien)> 1월12일부터
[2021-12-11 00:28:45] <하늘업 (sky_up56)> 1월12일
[2021-12-11 00:28:46] <헤리멜_ (eun1276)> 핵 화이팅...
[2021-12-11 00:28:46] <tlsk14> 1월12일이요
[2021-12-11 00:28:48] <아무무는씹덕캐 (aeroaxl)> 배그하지말자 이제 우리형
[2021-12-11 00:28:50] <페일비 (pale_b03)> 12일
[2021-12-11 00:28:52] <_마춘 (koh06062123)> 1월 12일 ~ 서비스 종료까지....
[2021-12-11 00:28:58] <hajinindeyo> 배그 진짜 무료야?
[2021-12-11 00:28:59] <페일비 (pale_b03)> ㅋㅋㅋㅋㅋㅋㅋㅋㅋㅋㅋ
[2021-12-11 00:28:59] <justin102848> ? 이미 산사람은
[2021-12-11 00:29:02] <%_핑_구_ (remedy217)> 진짜 이걸 틀리네
[2021-12-11 00:29:03] <%_핑_구_ (remedy217)> ㅋㅋㅋㅋㅋㅋㅋㅋㅋㅋㅋㅋㅋ
[2021-12-11 00:29:06] <헤리멜_ (eun1276)> ㅋㅋㅋ
[2021-12-11 00:29:07] <sehun2009> 그래도 되는건가?
[2021-12-11 00:29:08] <설화설 (snow_fl_0204)> 어?ㅋㅋㅋ 운영자
[2021-12-11 00:29:08] <hajinindeyo> 이미 산사람은 호구 되는거야?
[2021-12-11 00:29:14] <%_핑_구_ (remedy217)> 이미 산 사람은 플러스 계정 전환해서 보상 지급 예정
[2021-12-11 00:29:15] <아무무는씹덕캐 (aeroaxl)> 이미산사람은 "호구"했네
[2021-12-11 00:29:15] <츠히엔 (tsuhien)> 시차 블랙홀
[2021-12-11 00:29:17] <헤리멜_ (eun1276)> 이미 산사람은 그만큼 보상해준다고해요
[2021-12-11 00:29:20] <영원위로 (sma10106)> ㅋㅋㅋㅋㅋㅋㅋㅋㅋ
[2021-12-11 00:29:21] <justin102848> 내 30000원 돌려내
[2021-12-11 00:29:23] <@%탸토 (bibin9906)> 이미 산사람들은 배그 플러스로 전환됩니다 정확하게 알고싶은분들은 배그 공식카페로~
[2021-12-11 00:29:25] <하늘업 (sky_up56)> 이미 산분슨 보상있음
[2021-12-11 00:29:39] <아무무는씹덕캐 (aeroaxl)> ^^7
[2021-12-11 00:29:40] <hajinindeyo> 방금 와쓰여
[2021-12-11 00:29:45] <%$디지코777 (kwonsemo77)> 난 얼리 부터 샀는데
[2021-12-11 00:29:50] <%+마깨비 (makkaebi04)> ㅋㅋㅋㅋㅋㅋㅋ
[2021-12-11 00:29:50] <키지리 (ekelekeleh)> 아까 못들었는데, 카배 스배 관계 없이 플러스로 전환되는거예용?
[2021-12-11 00:29:50] <%_핑_구_ (remedy217)> ㅋㅋㅋㅋㅋㅋㅋㅋㅋㅋ
[2021-12-11 00:29:53] <설화설 (snow_fl_0204)> ㅇㅁㅋㅋㅋ
[2021-12-11 00:29:56] <%_핑_구_ (remedy217)> 라이언 사서 오시라고 하자
[2021-12-11 00:29:57] <%$디지코777 (kwonsemo77)> 미안 늦게 들어왔어 형
[2021-12-11 00:30:04] <다이댁트 (unsc2553)> 뭐지 저 케릭터는
[2021-12-11 00:30:10] <%_핑_구_ (remedy217)> 플랫폼 상관 없이 전부입니다
[2021-12-11 00:30:11] <dongwook5299> !멤버
[2021-12-11 00:30:12] <@^Nightbot> Server commands other than /me are blocked.
[2021-12-11 00:30:14] <_마춘 (koh06062123)> 네 기존 유저는 스배 카배 관계 없이 다 플러스 계정으로 전환되요.
[2021-12-11 00:30:18] <츠히엔 (tsuhien)> 라이언
[2021-12-11 00:30:18] <@^Nightbot> 후원은 https://twip.kr/donate/rainblue37 // https://toon.at/donate/636949771761511868
[2021-12-11 00:30:18] <@%탸토 (bibin9906)> 배그 플랫품자체가 무료될듯합니다
[2021-12-11 00:30:21] <@%탸토 (bibin9906)> 멤버 김블루 메드킷
[2021-12-11 00:30:26] <%_핑_구_ (remedy217)> 라이언 키가 조금 클뿐
[2021-12-11 00:30:31] <sehun2009> 라이언이 많이컸네
[2021-12-11 00:30:39] <모도치 (kungboo_)> ㅋㅋㅋㅋㅋㅋㅋㅋㅋㅋㅋㅋㅋㅋㅋㅋㅋㅋ
[2021-12-11 00:30:49] <%_핑_구_ (remedy217)> ㅋㅋㅋㅋㅋㅋㅋㅋ
[2021-12-11 00:30:55] <다이댁트 (unsc2553)> 아이고
[2021-12-11 00:30:55] <%_핑_구_ (remedy217)> 배그다워질 필요 없다… ㅋㅋㅋㅋㅋㅋㅋㅋ
[2021-12-11 00:30:55] <%+마깨비 (makkaebi04)> 포기?ㅋㅋㅋㅋㅋㅋ
[2021-12-11 00:30:56] <@%탸토 (bibin9906)> 배그ㅋㅋㅋㅋㅋ
[2021-12-11 00:31:04] <요와이 (yowhy08)> 보상으로 pgc스킨 돌리십쇼
[2021-12-11 00:31:07] <%_핑_구_ (remedy217)> 공존하는거지
[2021-12-11 00:31:12] <@^Nightbot> https://discord.gg/z9pY7PJ 생방송에서 하는 컨텐츠들을 알려주는 공지방입니다
[2021-12-11 00:31:14] <츠히엔 (tsuhien)> 가제....
[2021-12-11 00:31:15] <아무무는씹덕캐 (aeroaxl)> 보상으로 롤스킨이나 주지
[2021-12-11 00:31:31] <%_핑_구_ (remedy217)> ㅋㅋㅋㅋㅋㅋㅋㅋㅋㅋㅋ
[2021-12-11 00:31:36] <sehun2009> 과거는과거일뿐
[2021-12-11 00:31:37] <%_핑_구_ (remedy217)> 귀여운건 어쩔수업어…
[2021-12-11 00:31:53] <%_핑_구_ (remedy217)> ?
[2021-12-11 00:31:57] <페일비 (pale_b03)> 맞지맞지
[2021-12-11 00:31:58] <%_해일로 (iolite03)> ?
[2021-12-11 00:31:58] <%$p0502> ?
[2021-12-11 00:31:58] <%벌레_ (choijunghyun1234)> ?
[2021-12-11 00:31:58] <%+마깨비 (makkaebi04)> ㅋㅋㅋㅋㅋㅋㅋㅋ
[2021-12-11 00:32:00] <루미님_ (fnal12)> 음...?
[2021-12-11 00:32:00] <%$p0502> ㅡㅡ
[2021-12-11 00:32:00] <%_핑_구_ (remedy217)> 김블루 귀엽다 발언
[2021-12-11 00:32:00] <아무무는씹덕캐 (aeroaxl)> 커엽ㅋㅋㅋ
[2021-12-11 00:32:01] <헤리멜_ (eun1276)> 맞는데
[2021-12-11 00:32:01] <%악백 (kgjkr5030)> ㅋㅋㅋㅋㅋㅋㅋㅋㅋㅋㅋㅋ
[2021-12-11 00:32:04] <페일비 (pale_b03)> 옳게된 소리
[2021-12-11 00:32:06] <%$p0502> 응 아니야
[2021-12-11 00:32:13] <%밤하늘23 (lierl1)> 음~그렇지
[2021-12-11 00:32:17] <헤리멜_ (eun1276)> 84
[2021-12-11 00:32:25] <아무무는씹덕캐 (aeroaxl)> 그러면 뭐해 여자가 읍..
[2021-12-11 00:32:29] <%+마깨비 (makkaebi04)> ㅋㅋㅋㅋㅋㅋㅋㅋㅋㅋ
[2021-12-11 00:32:30] <헤리멜_ (eun1276)> ㅋㅋㅋㅋㅋㅋㅋㅋㅋㅋㅋ
[2021-12-11 00:32:31] <@%탸토 (bibin9906)> ㅋㅋㅋㅋㅋㅋㅋㅋㅋㅋㅋㅋㅋㅋㅋㅋㅋㅋㅋㅋ
[2021-12-11 00:32:33] <모도치 (kungboo_)> ㅋㅋㅋㅋㅋㅋㅋㅋㅋㅋㅋㅋㅋㅋㅋ
[2021-12-11 00:32:33] <에탄올맛쿠키 (ch_e17)> ㅋㅋㅋㅋㅋㅋㅋㅋㅋㅋㅋㅋ
[2021-12-11 00:32:33] <루미님_ (fnal12)> ㅋㅋㅋㅋㅋㅋㅋㅋㅋㅋㅋㅋㅋㅋㅋㅋㅋㅋ
[2021-12-11 00:32:36] <%_핑_구_ (remedy217)> 얼굴 크기 반칙이네 ㅋㅋㅋㅋㅋㅋㅋㅋㅋ
[2021-12-11 00:32:36] <츠히엔 (tsuhien)> ㅋㅋㅋㅋㅋㅋㅋㅋㅋㅋㅋㅋㅋ
[2021-12-11 00:32:37] <모찌라이언 (yoosoohun04)> ㅋㅋㅋㅋㅋㅋㅋㅋㅋㅋㅋㅋㅋㅋㅋㅋㅋㅋㅋㅋㅋㅋㅋㅋㅋㅋㅋ
[2021-12-11 00:32:38] <인간은약하지크킄 (kdm272727)> 아앗…
[2021-12-11 00:32:43] <@%탸토 (bibin9906)> 꿀팁ㅋㅋㅋㅋ
[2021-12-11 00:32:47] <%+마깨비 (makkaebi04)> 와 이건 몰랐는데
[2021-12-11 00:32:56] <하늘업 (sky_up56)> 또는 찰라서
[2021-12-11 00:32:59] <%_핑_구_ (remedy217)> 차라리 뒤에 있어서 다행이야
[2021-12-11 00:33:10] <@%탸토 (bibin9906)> 심사위원
[2021-12-11 00:33:17] Viewerstats (00:05-00:33): avg:587 min:540 max:622 [15/622+0-39+0+8+0-7+0+11+6+0+0-61+19+0]
[2021-12-11 00:33:20] <%+마깨비 (makkaebi04)> 어...
[2021-12-11 00:33:23] <@%탸토 (bibin9906)> 비슷비슷하신데..?
[2021-12-11 00:33:24] <%LIAN_201> 흠
[2021-12-11 00:33:24] <츠히엔 (tsuhien)> 대-두
[2021-12-11 00:33:25] <루미님_ (fnal12)> 음...
[2021-12-11 00:33:26] <%_핑_구_ (remedy217)> 많이 뒤는 아닌것 같….
[2021-12-11 00:33:26] <페일비 (pale_b03)> 흠
[2021-12-11 00:33:28] <모도치 (kungboo_)> 비슷한데?
[2021-12-11 00:33:32] <%LIAN_201> 노코멘트 하겠습니다
[2021-12-11 00:33:32] <영원위로 (sma10106)> 음
[2021-12-11 00:33:32] <하늘업 (sky_up56)> 어 비슷한데?
[2021-12-11 00:33:34] <페일비 (pale_b03)> 머리카락 차이 아닌가
[2021-12-11 00:33:34] <@%탸토 (bibin9906)> 앗..
[2021-12-11 00:33:35] <루미님_ (fnal12)> 앗...
[2021-12-11 00:33:39] <%+마깨비 (makkaebi04)> 아이고...
[2021-12-11 00:33:41] <에탄올맛쿠키 (ch_e17)> ㅋㅋㅋㅋㅋㅋㅋ
[2021-12-11 00:33:44] <한국이지우 (leejiu07)> !멤버
[2021-12-11 00:33:44] <@^Nightbot> Server commands other than /me are blocked.
[2021-12-11 00:33:44] <뉴츄로쥐나 (saram_in)> 아앗,,,
[2021-12-11 00:33:44] <모찌라이언 (yoosoohun04)> 아앗..........
[2021-12-11 00:33:45] <%악백 (kgjkr5030)> 앗..
[2021-12-11 00:33:46] <페일비 (pale_b03)> 지금도 울고있을지 몰라
[2021-12-11 00:33:48] <한국이지우 (leejiu07)> 아앗…..
[2021-12-11 00:33:52] <@%탸토 (bibin9906)> 눈물이 배경따라 바다 되셨네..
[2021-12-11 00:33:59] <한국이지우 (leejiu07)> 군대생활 부럽지 않네
[2021-12-11 00:34:02] <하늘업 (sky_up56)> 현제맴버 메드킷님
[2021-12-11 00:34:07] <%_핑_구_ (remedy217)> ㄹㅇ
[2021-12-11 00:34:08] <한국이지우 (leejiu07)> 정보 감사용
[2021-12-11 00:34:09] <츠히엔 (tsuhien)> 자닌한 배그...
[2021-12-11 00:34:14] <sehun2009> 군대에선 실제총을 쏘겠네
[2021-12-11 00:34:15] <dorothy_226> ㅋㅋㅋㅋㅋㅋㅋㅋㅋ
[2021-12-11 00:34:17] <루미님_ (fnal12)> ㅋㅋㅋㅋㅋㅋㅋㅋㄱㅋㄱㅋㅋ
[2021-12-11 00:34:18] <%_핑_구_ (remedy217)> 파리바게트 ㅋㅋㅋㅋㅋㅋㅋㅋㅋ
[2021-12-11 00:34:26] <츠히엔 (tsuhien)> 파리바게트 ㅋㅋㅋㅋㅋㅋ
[2021-12-11 00:34:27] <%밤하늘23 (lierl1)> 블루님 머리땜에 더 커보여
[2021-12-11 00:34:27] <@%탸토 (bibin9906)> 비슷비슷한걸로
[2021-12-11 00:34:28] <%_핑_구_ (remedy217)> 머리 좀 클 수 있지
[2021-12-11 00:34:30] <%+마깨비 (makkaebi04)> 그래도 블루님이 조금 크신거같은데ㅋㅋ
[2021-12-11 00:34:33] <한국이지우 (leejiu07)> 그래도 배그 경쟁전에서 치킨 먹고 군대 가셨으니까
[2021-12-11 00:34:34] <%_핑_구_ (remedy217)> 머리 큰게 어때서
[2021-12-11 00:34:41] <sehun2009> 결국은 졸귀다
[2021-12-11 00:34:51] <hyun_040> 머리가 곱슬이여서 커보이는 거 아녀?
[2021-12-11 00:34:54] <츠히엔 (tsuhien)> ㅋㅋㅋㅋㅋㅋㅋㅋㅋ와 장수!
[2021-12-11 00:34:56] <_해정 (gowjd1)> ? 배그 무료호ㅓ?
[2021-12-11 00:35:07] <한국이지우 (leejiu07)> rainblHaha
[2021-12-11 00:35:10] <헤리멜_ (eun1276)> ㅋㅋㅋㅋㅋㅋㅋㅋㅋㅋㅋㅋㅋㅋㅋㅋㅋㅋㅋㅋㅋ
[2021-12-11 00:35:12] <%+마깨비 (makkaebi04)> ㅉㅉㅉㅉㅉ
[2021-12-11 00:35:12] <dorothy_226> ㅉㅉ
[2021-12-11 00:35:12] <%_핑_구_ (remedy217)> ㅋㅋㅋㅋㅋㅋㅋㅋㅋㅋㅋㅋ
[2021-12-11 00:35:14] <루미님_ (fnal12)> ㅉㅉㅉㅉㅉㅉ
[2021-12-11 00:35:14] <%LIAN_201> ㅉㅉㅉㅉㅉㅉㅉ
[2021-12-11 00:35:14] <tlsk14> ㅉㅉㅉㅉㅉㅉㅉ
[2021-12-11 00:35:18] <한국이지우 (leejiu07)> rainblHaha rainblHaha 왕구님께
[2021-12-11 00:35:22] <%_현지니 (guswlsl9164)> ㅉㅉㅉㅉㅉㅉㅉㅉ
[2021-12-11 00:35:22] <모도치 (kungboo_)> ㅉㅉㅉㅉㅉㅉㅉㅉㅉㅉㅉㅉㅉ
[2021-12-11 00:35:24] <%_핑_구_ (remedy217)> 파인트 맛 세가지
[2021-12-11 00:35:30] <%+마깨비 (makkaebi04)> 오ㅋㅋㅋ
[2021-12-11 00:35:32] <@%탸토 (bibin9906)> 베스킨라벤스에 귤아이스크림도있나
[2021-12-11 00:35:33] <mjunny1105> 뭐라고?배그가 무료화?
[2021-12-11 00:35:37] <키지리 (ekelekeleh)> 18달러면 환전하면 2만원은 더 되져
[2021-12-11 00:35:50] <sehun2009> 파인트가 두개지요
[2021-12-11 00:35:52] <%_핑_구_ (remedy217)> ㅋㅋㅋㅋㅋㅋㅋㅋㅋㅋ
[2021-12-11 00:35:56] <루미님_ (fnal12)> 와아아아ㅏ
[2021-12-11 00:35:59] <@%탸토 (bibin9906)> 어..
[2021-12-11 00:35:59] <%_핑_구_ (remedy217)> 와아아아아ㅏㅏ
[2021-12-11 00:36:00] <모도치 (kungboo_)> 우와아아ㅏㅏ
[2021-12-11 00:36:00] <페일비 (pale_b03)> 와아아아ㅏㅇ
[2021-12-11 00:36:00] <tlsk14> 와ㅏㅏㅏ
[2021-12-11 00:36:05] <한국이지우 (leejiu07)> 또 현잘하시게?
[2021-12-11 00:36:07] <sehun2009> ㅋㅋㅋ
[2021-12-11 00:36:27] <%_핑_구_ (remedy217)> 오
[2021-12-11 00:36:29] <루미님_ (fnal12)> 오오
[2021-12-11 00:36:30] <%+마깨비 (makkaebi04)> 오오
[2021-12-11 00:36:30] <sehun2009> 배그실력은?
[2021-12-11 00:36:34] <tlsk14> 오오
[2021-12-11 00:36:35] <%+마깨비 (makkaebi04)> 오?
[2021-12-11 00:36:35] <dorothy_226> ㄷㄷㄷ
[2021-12-11 00:36:37] <%_핑_구_ (remedy217)> 이야
[2021-12-11 00:36:38] <@%탸토 (bibin9906)> 장교출신..?
[2021-12-11 00:36:40] <lamyeon_23> ㅎㅎ
[2021-12-11 00:36:49] <_해정 (gowjd1)> 박격포... 펑...
[2021-12-11 00:37:00] <little7599> 무반동?
[2021-12-11 00:37:04] <99865543> 와 배그 무료화....
[2021-12-11 00:37:05] <%+마깨비 (makkaebi04)> ㅋㅋㅋㅋㅋㅋㅋㅋㅋㅋ
[2021-12-11 00:37:05] <%LIAN_201> ㅇ0ㅇ
[2021-12-11 00:37:07] <lamyeon_23> ㅋㅋㅋㅋㅋㅋㅋㅋㅋ
[2021-12-11 00:37:07] <@%탸토 (bibin9906)> 앗 ㅋㅋㅋㅋㅋ
[2021-12-11 00:37:08] <베다믹 (mapflow0701)> 육군쪽인가보구먼 ㅋㅋ
[2021-12-11 00:37:08] <루미님_ (fnal12)> ㅋㅋㅋㅋㅋㅋㅋㄱㅋㄱㅋㄱㅋㅋㅋㅋ
[2021-12-11 00:37:08] <99865543> ㅋㅋ
[2021-12-11 00:37:08] <hyun_040> ㅋㅋㅋㅋㅋㅋㅋㅋㅋㅋㅋ
[2021-12-11 00:37:10] <모도치 (kungboo_)> ㅋㅋㅋㅋㅋㅋㅋㅋㅋㅋㅋㅋㅋ
[2021-12-11 00:37:11] <츠히엔 (tsuhien)> ㅋㅋㅋㅋㅋㅋㅋㅋㅋㅋㅋ
[2021-12-11 00:37:12] <lamyeon_23> ㅋㅋㅋㅋㅋㅋㅋㅋ
[2021-12-11 00:37:13] <%LIAN_201> 진짜 너무해 ㅋㅋㅋㅋㅋㅋㅋㅋㅋ
[2021-12-11 00:37:13] <$파랑사랑해요 (r_cho0320)> 지금도 책상자리가 빠질수동
[2021-12-11 00:37:15] <%+마깨비 (makkaebi04)> 진짜 너무하다ㅋㅋㅋㅋ
[2021-12-11 00:37:16] <루미님_ (fnal12)> 앜ㅋㅋㅋㅋㅋㅋㅋ
[2021-12-11 00:37:16] <베다믹 (mapflow0701)> ㅋㅋㅋㅋㅋㅋ
[2021-12-11 00:37:17] <%악백 (kgjkr5030)> ㅋㅋㅋㅋㅋㅋㅋㅋㅋㅋ
[2021-12-11 00:37:17] <@%탸토 (bibin9906)> 이야ㅋㅋㅋㅋㅋㅋㅋㅋ
[2021-12-11 00:37:22] <페일비 (pale_b03)> 아앗
[2021-12-11 00:37:23] <lamyeon_23> 무료화를
[2021-12-11 00:37:24] <츠히엔 (tsuhien)> 너무 자닌해...
[2021-12-11 00:37:30] <@%탸토 (bibin9906)> 와
[2021-12-11 00:37:33] <lamyeon_23> 으떻게
[2021-12-11 00:37:35] <@%탸토 (bibin9906)> 배그에서 결혼식장 ㄷㄷ
[2021-12-11 00:37:35] <페일비 (pale_b03)> 자닌한 운영자
[2021-12-11 00:37:36] <_마춘 (koh06062123)> 이야 잔인한 바껴포님
[2021-12-11 00:37:44] <한국이지우 (leejiu07)> 배그 운영자님께 궁금한게 있는데 핵을 잡긴 잡으시는데 핵장이들 게임이 조금 심해요 요즘에 그리고 티밍도 요즘 심해요 경쟁전 돌릴따마다 10판중에 6판은 티밍이며 핵이네요
[2021-12-11 00:37:47] <한국이지우 (leejiu07)> 이상입니다
[2021-12-11 00:37:47] <%벌레_ (choijunghyun1234)> ㅋㅋㅋㅋㅋㅋㅋㅋㅋㅋㅋㅋ
[2021-12-11 00:37:53] <yoon0442> 막 들어왔는데 카배도 무료화되고 보상주나요?
[2021-12-11 00:38:06] <_마춘 (koh06062123)> 네 카배도
[2021-12-11 00:38:06] <페일비 (pale_b03)> ㅋㅋㅋㅋㅋㅋㅋㅋㅋㅋㅋㅋㅋㅋㅋㅋ
[2021-12-11 00:38:08] <%+마깨비 (makkaebi04)> ?ㅋㅋㅋㅋㅋ
[2021-12-11 00:38:08] <@%탸토 (bibin9906)> 버기타고ㅋㅋㅋ
[2021-12-11 00:38:09] <루미님_ (fnal12)> ㅋㅋㅋㅋㅋㅋㅋㅋㅋㅋㅋㅋㅋㅋㅋ
[2021-12-11 00:38:09] <lamyeon_23> ㅋㅋㅋㅋㅋㅋㅋㅋ
[2021-12-11 00:38:10] <페일비 (pale_b03)> 버기 입장ㅋㅋㅋㅋㅋㅋㅋㅋㅋㅋㅋㅋㅋㅋㅋ
[2021-12-11 00:38:12] <츠히엔 (tsuhien)> 버기 ㅋㅋㅋㅋㅋㅋㅋㅋ
[2021-12-11 00:38:17] <$윈드브릿지 (poonggyo0415)> 앜ㅋㅋㅋㅋㅋㅋㅋㅋㅋㅋㅋㅋ
[2021-12-11 00:38:17] <$파랑사랑해요 (r_cho0320)> 지금도 책상을 잘 사수하시고 계시나요?
[2021-12-11 00:38:18] <sehun2009> 신부가 도망가는거아니냐곸ㅋ
[2021-12-11 00:38:20] <lamyeon_23> 버기
[2021-12-11 00:38:21] <하늘업 (sky_up56)> 모두 무료화입니다
[2021-12-11 00:38:22] <@%탸토 (bibin9906)> 디알디엠 안되나ㅋㅋㅋ
[2021-12-11 00:38:26] <%벌레_ (choijunghyun1234)> ㅋㅋㅋㅋㅋㅋㅋㅋㅋㅋㅋㅋ
[2021-12-11 00:38:39] <루미님_ (fnal12)> 아..!ㅋㅋㅋㅋㅋㅋㅋ
[2021-12-11 00:38:43] <츠히엔 (tsuhien)> 버기말고 brdm으로
[2021-12-11 00:38:45] <lamyeon_23> 아니 어디까지야 무한의 비슷
[2021-12-11 00:38:49] <한국이지우 (leejiu07)> 배그 누스테아트도 무효화인가요?
[2021-12-11 00:38:53] <%$p0502> 2050년이네요
[2021-12-11 00:38:57] <한국이지우 (leejiu07)> 료
[2021-12-11 00:39:02] <헤리멜_ (eun1276)> 아닠ㅋㅋㅋㅋ
[2021-12-11 00:39:04] <@%탸토 (bibin9906)> 어ㅋㅋㅋ?
[2021-12-11 00:39:04] <%+마깨비 (makkaebi04)> ㅖ?ㅋㅋㅋㅋㅋ
[2021-12-11 00:39:05] <kesd1> 배그 무료화 되면 핵이 더풀릴것같은데....
[2021-12-11 00:39:09] <_마춘 (koh06062123)> 뉴배는 원래 무료에요.
[2021-12-11 00:39:12] <lamyeon_23> 음.......
[2021-12-11 00:39:18] <@%탸토 (bibin9906)> 왜 서로 때리세요..
[2021-12-11 00:39:21] <헤리멜_ (eun1276)> 솔로들의 모임...
[2021-12-11 00:39:28] <lamyeon_23> 죽이자
[2021-12-11 00:39:30] <헤리멜_ (eun1276)> 왜 서로를 때려요.... 둘다 솔로잖아
[2021-12-11 00:39:45] <페일비 (pale_b03)> 왜 둘이 때리는데 내가 아프지
[2021-12-11 00:39:51] <닛산최고 (djsajdi)> 음
[2021-12-11 00:39:54] <%$p0502> 궁금한거 없어요
[2021-12-11 00:40:01] <닛산최고 (djsajdi)> 역시 스배를 안사길 잘했어
[2021-12-11 00:40:03] <sehun2009> 김블루님과 얼마나 가까운 사인가요?
[2021-12-11 00:40:10] <닛산최고 (djsajdi)> 대신 카배를 샀지...
[2021-12-11 00:40:10] <justin102848> 4만개 있으시면서 함 뽑아보세여
[2021-12-11 00:40:12] <%벌레_ (choijunghyun1234)> ㄷㄷ
[2021-12-11 00:40:13] <@^Nightbot> 후원은 https://twip.kr/donate/rainblue37 // https://toon.at/donate/636949771761511868
[2021-12-11 00:40:30] <$윈드브릿지 (poonggyo0415)> 아ㅋㅋㅋㅋ
[2021-12-11 00:40:43] <츠히엔 (tsuhien)> 눈에 잴뛰는 미니일거같다
[2021-12-11 00:40:54] <%_핑_구_ (remedy217)> ㅇㅎ
[2021-12-11 00:40:58] <%_핑_구_ (remedy217)> 우두머리 ㅋㅋㅋㅋㅋㅋㅋ
[2021-12-11 00:40:59] <요와이 (yowhy08)> 플러스 계정이랑 베이직 계정이랑 게임에서 만날수 있나요?
[2021-12-11 00:41:12] <_마춘 (koh06062123)> 일반전에서는 만나겠죠?
[2021-12-11 00:41:12] <@^Nightbot> @김블루 -> A 60s commercial has been started.
[2021-12-11 00:41:32] <%$p0502> 궁금한거 없어요
[2021-12-11 00:41:33] <@%탸토 (bibin9906)> 핵판매유저 만나면 무시?신고?
[2021-12-11 00:41:35] <%$p0502> ㅋㅋㅋㅋ
[2021-12-11 00:41:37] <lamyeon_23> ㅋㅋㅋㅋㅋㅋ
[2021-12-11 00:41:41] <sehun2009> 그쵸
[2021-12-11 00:41:56] <sehun2009> 가능만하다,.,...
[2021-12-11 00:41:56] <justin102848> 팀킬유저좀 처단해주세요 제발
[2021-12-11 00:42:23] <페일비 (pale_b03)> 수장
[2021-12-11 00:42:27] <luke_4343> Basic 계정과 BATTLEGROUNDS Plus 계정이 서로 친구라면 함께 플레이가 가능한가요??
[2021-12-11 00:42:32] <justin102848> 랜덤을하면 갑자기 팀킬하고 마이크로 웃으면서 그런애들
[2021-12-11 00:42:58] <$파랑사랑해요 (r_cho0320)> 메드킷님께 질문!: 책상 잘사수하고 계시나요?
[2021-12-11 00:43:07] <라이도가가 (lee1018s)> 최근에 중국인이 해킹해서 경쟁전 핵쓰고 VAC걸렸는데... 메일까지 바꾸고
[2021-12-11 00:43:15] <@%탸토 (bibin9906)> 일반전만가능하지않나
[2021-12-11 00:43:42] <sehun2009> 머리진짜 크다 ㅋㅋ
[2021-12-11 00:43:44] <justin102848> 배그 이미 산 사람은 플러스말고 더 뭘 주나여?
[2021-12-11 00:43:46] <님골라스 (yesung1015)> 배그파트너끼리 합창단 만들 생각 없나요?
[2021-12-11 00:43:54] <%벌레_ (choijunghyun1234)> 배그가 다시 흥할수있을까요
[2021-12-11 00:43:55] <@%탸토 (bibin9906)> 계정이 여러개있는 배그계정은ㅋㅋㅋ?
[2021-12-11 00:43:58] <nine__90> 얼굴이 너무 귀엽구만
[2021-12-11 00:44:21] <%+마깨비 (makkaebi04)> ㅋㅋㅋㅋㅋㅋㅋ
[2021-12-11 00:44:25] <sehun2009> 머리가 감귤같당 ㅋㅋ
[2021-12-11 00:44:27] <@%탸토 (bibin9906)> 사내 지코인할인있으면 복지좋네..
[2021-12-11 00:44:30] <Twipkr>* _쌍희도님 1,000원 후원 너무나 감사합니다! 개꿀!
[2021-12-11 00:45:02] <@%탸토 (bibin9906)> 귀엽ㅋㅋ
[2021-12-11 00:45:27] <요와이 (yowhy08)> 잼민이들 미쳐 날뛰면 어떡해요?
[2021-12-11 00:45:29] <nine__90> ㅋㅋㅋㅋㅋ귀여워
[2021-12-11 00:45:46] <%+마깨비 (makkaebi04)> 오오ㅋㅋㅋㅋ
[2021-12-11 00:45:49] <$윈드브릿지 (poonggyo0415)> ㅉㅉㅉㅉ
[2021-12-11 00:45:52] <@%탸토 (bibin9906)> 일처리 빨라
[2021-12-11 00:45:55] <sehun2009> 둘이 듀오하는거 오랜만이다
[2021-12-11 00:45:55] <%6강의엘리펀츠 (electronicelephants)> 스킨샀는데 추방ㅋㅋㅋㅋ
[2021-12-11 00:45:56] <%_현지니 (guswlsl9164)> ㅉㅉㅉㅉㅉㅉㅉㅉㅉ
[2021-12-11 00:46:05] <페일비 (pale_b03)> dhdh
[2021-12-11 00:46:09] <justin102848> 스킨산걸보니 해킹당한거 아니에여?
[2021-12-11 00:46:37] <라이도가가 (lee1018s)> 요즘 스팀가드 안깔면 해킹해서 메일도 바꿔버려요 .. 중국인...
[2021-12-11 00:46:43] <%shinhs9506> 혹시...스팀연동하면 구입한의상들도 다연동되냐여...?
[2021-12-11 00:46:45] <페일비 (pale_b03)> 체감이 다르다
[2021-12-11 00:47:07] <페일비 (pale_b03)> 뭐야 낙하산 라이언 귀여워요
[2021-12-11 00:47:42] <페일비 (pale_b03)> 가질수 없으니 부셔버리는거죠
[2021-12-11 00:47:47] <@%탸토 (bibin9906)> 귀여우니깐 깨물어주는듯
[2021-12-11 00:47:55] <eunyul0321> !디코
[2021-12-11 00:47:55] <@^Nightbot> https://discord.gg/z9pY7PJ 생방송에서 하는 컨텐츠들을 알려주는 공지방입니다
[2021-12-11 00:48:10] <프리즌_ (b5goo)> 블루님 저 블루님 첫영상 때부터 본 쁠몬입니당
[2021-12-11 00:48:27] <%shinhs9506> 아하!감사합다ㅎ
[2021-12-11 00:48:45] <블랙크리 (blackcri777)> 나만의상점 좋은스킨좀 나오게해주면좋겠어요
[2021-12-11 00:48:48] <@연다 (yeunda)> 이제 무료게임이니까 프레임 최적화도 되나요
[2021-12-11 00:48:48] <sehun2009> 근데 머리가 너무큰데 ㅋㅋ
[2021-12-11 00:48:50] <@연다 (yeunda)> LUL
[2021-12-11 00:49:08] <@%탸토 (bibin9906)> 연하
[2021-12-11 00:49:09] <briankjh0916> 블하
[2021-12-11 00:49:14] <프리즌_ (b5goo)> 연하
[2021-12-11 00:49:15] <@연다 (yeunda)> 더해줘 벅벅
[2021-12-11 00:49:22] <모도치 (kungboo_)> 연하
[2021-12-11 00:49:46] <@%탸토 (bibin9906)> ㄴㅇㅅ
[2021-12-11 00:49:48] <%+마깨비 (makkaebi04)> ㄴㅇㅅ
[2021-12-11 00:49:48] <briankjh0916> 오
[2021-12-11 00:49:57] <flowingriver06> ㄴㅇㅅ
[2021-12-11 00:49:57] <헤리멜_ (eun1276)> 연하
[2021-12-11 00:50:09] <요와이 (yowhy08)> 플러스계정 보상 안들어오면 전화 걸면되요?
[2021-12-11 00:50:12] <@^Nightbot> 후원은 https://twip.kr/donate/rainblue37 // https://toon.at/donate/636949771761511868
[2021-12-11 00:50:19] <%_현지니 (guswlsl9164)> 연하
[2021-12-11 00:50:20] <@%탸토 (bibin9906)> 혹시 실제로 랜덤스쿼드에 봇이 들어오나요?
[2021-12-11 00:50:25] <블랙크리 (blackcri777)> 나만의상점 좋은스킨좀 나오게해주면좋겠어요
[2021-12-11 00:50:29] <sehun2009> 김블루가귀여운이유
[2021-12-11 00:50:29] <nine__90> 운톡~
[2021-12-11 00:50:57] <%+마깨비 (makkaebi04)> ㅋㅋㅋㅋㅋㅋㅋ
[2021-12-11 00:50:57] <%벌레_ (choijunghyun1234)> <<<<
[2021-12-11 00:51:03] <@%탸토 (bibin9906)> 그럼 아니였나보군 감사합니다..
[2021-12-11 00:51:18] <sonsw_0926> 유하
[2021-12-11 00:51:44] <sehun2009> 자전거는 왤케 무거운가요
[2021-12-11 00:51:48] <luke_4343> 배그를 정말로 재미있게 즐기는 방법은 뭐가 있나요??
[2021-12-11 00:51:52] <@%탸토 (bibin9906)> 나만의 상점은 목록있나?
[2021-12-11 00:52:12] <님골라스 (yesung1015)> 다음 맵은 어떤 컨셉으로 나오나요
[2021-12-11 00:52:18] <라이도가가 (lee1018s)> ai로얄 판수좀 늘려주세요
[2021-12-11 00:52:18] <헤리멜_ (eun1276)> 김블룩
[2021-12-11 00:52:19] <luke_4343> 그리고 권총스킨좀 많이 네주세요ㅜㅜ
[2021-12-11 00:52:27] <맨두킬러 (l00l8989)> !멤버
[2021-12-11 00:52:28] <@^Nightbot> Server commands other than /me are blocked.
[2021-12-11 00:52:38] <블랙크리 (blackcri777)> 골드,실버 엠포스킨 언제 재출시하나요?
[2021-12-11 00:53:03] <@%탸토 (bibin9906)> 멤버 김블루 메드킷
[2021-12-11 00:53:09] <삐삐룹 (bbibbirub)> !디코
[2021-12-11 00:53:09] <@^Nightbot> https://discord.gg/z9pY7PJ 생방송에서 하는 컨텐츠들을 알려주는 공지방입니다
[2021-12-11 00:53:38] <sehun2009> 왠 큰 귤이있네
[2021-12-11 00:53:58] <페일비 (pale_b03)> 이번 이스포츠 투표권 남는건 어떻게 되는거에요?
[2021-12-11 00:54:25] <eunyul0321> 라이언 머리 터트리고싶게 생겼다
[2021-12-11 00:54:33] <@%탸토 (bibin9906)> 우지가 바퀴를 터트리네
[2021-12-11 00:54:45] <@%탸토 (bibin9906)> ㄴㅇㅅ
[2021-12-11 00:54:58] <%+마깨비 (makkaebi04)> ㄴㅇㅅ
[2021-12-11 00:55:04] <%_현지니 (guswlsl9164)> ㄴㅇㅅ
[2021-12-11 00:55:07] <%+마깨비 (makkaebi04)> ㅋㅋㅋㅋㅋㅋㅋㅋㅋㅋ
[2021-12-11 00:55:16] <%+마깨비 (makkaebi04)> '그'봇
[2021-12-11 00:55:25] <@%탸토 (bibin9906)> 킹리적갓심
[2021-12-11 00:55:29] <hong0721sh> 블하
[2021-12-11 00:55:43] <대구준영 (hi_hwang)> 블하
[2021-12-11 00:56:10] <@%탸토 (bibin9906)> 이미 튜토리얼하기엔..이미..
[2021-12-11 00:56:31] <eunyul0321> 배그 무료화로 인해 회사에 수익률이 줄어들지 않나여?
[2021-12-11 00:56:36] <assosd> 그럼 배그를 돈주고 산거랑은 차이가 있어요?
[2021-12-11 00:56:44] <%$p0502> 키키 맵은 언제 나오나요?
[2021-12-11 00:56:46] <%$p0502> ㅠ
[2021-12-11 00:56:51] <danwookim090416> ㅋㅋㅋㅋㅋㅋㅋ
[2021-12-11 00:56:58] <나핑까메 (meyebrhd)> 반가워요
[2021-12-11 00:57:16] <@%탸토 (bibin9906)> 오..
[2021-12-11 00:57:23] <eunyul0321> 드래프트하는거 설렜다
[2021-12-11 00:57:25] <%+마깨비 (makkaebi04)> (기대)
[2021-12-11 00:57:27] <%$p0502> ㄷㄷ
[2021-12-11 00:57:32] <@%탸토 (bibin9906)> 미라마급?
[2021-12-11 00:57:33] <대구준영 (hi_hwang)> 블루님 메드킷님한테 질문이 있어요!! 도데체 VAC차단이 뭔가요?
[2021-12-11 00:57:36] <루미님_ (fnal12)> 오오
[2021-12-11 00:57:38] <눌러터진망고 (sally8314)> 배그 무료가 뭔소리에요?
[2021-12-11 00:57:44] <베다믹 (mapflow0701)> 혹시 캐주얼모드 에란겔 말고  다른 맵은 계획이 없나요??
[2021-12-11 00:57:56] <너보라 (pigletz5)> !명령어
[2021-12-11 00:57:56] <@^Nightbot> https://nightbot.tv/t/rainblue37/commands
[2021-12-11 00:58:03] <대구준영 (hi_hwang)> 블루님 메드킷님한테 질문이 있어요!! 도데체 VAC차단이 뭔가요?...
[2021-12-11 00:58:05] <@%탸토 (bibin9906)> 거의 대규모 업데이트하겠네
[2021-12-11 00:58:08] <%+마깨비 (makkaebi04)> 이제 배그코인 사면 되나?
[2021-12-11 00:58:12] <%$p0502> 거기 고층 빌딩도 있던데
[2021-12-11 00:58:13] <%$p0502> ㄷㄷ
[2021-12-11 00:58:27] <%+마깨비 (makkaebi04)> ㅋㅋㅋㅋㅋㅋㅋ
[2021-12-11 00:58:30] <루미님_ (fnal12)> ㅋㅋㅋㅋㅋㅋㅋ
[2021-12-11 00:58:33] <대구준영 (hi_hwang)> 블루님 메드킷님한테 질문이 있어요!! 도데체 VAC차단이 뭔가요????....
[2021-12-11 00:58:54] <%+마깨비 (makkaebi04)> ?
[2021-12-11 00:58:58] <루미님_ (fnal12)> ㅋㅋㅋㅋㅋㅋㅋㅋㅋㅋㅋㅋ
[2021-12-11 00:58:59] <%벌레_ (choijunghyun1234)> 8x8맵보다 더 큰 맵이 나올수도있나요
[2021-12-11 00:59:42] <@%탸토 (bibin9906)> 혹시 배그 무료와 동시에 신규무기 나오나요?
[2021-12-11 00:59:59] <@%탸토 (bibin9906)> ?
[2021-12-11 01:00:03] <%+마깨비 (makkaebi04)> 와 뭐야
[2021-12-11 01:00:09] <@%탸토 (bibin9906)> 이걸 확킬찍으려고하네
[2021-12-11 01:00:10] <루미님_ (fnal12)> 와
[2021-12-11 01:00:13] <inox1207> 블하~
[2021-12-11 01:00:15] <%+마깨비 (makkaebi04)> 이야 무섭네ㄷㄷ
[2021-12-11 01:00:23] <@^Nightbot> 후원은 https://twip.kr/donate/rainblue37 // https://toon.at/donate/636949771761511868
[2021-12-11 01:00:27] <페일비 (pale_b03)> 영화처럼 쓱하고 지나가네
[2021-12-11 01:00:52] <%+마깨비 (makkaebi04)> 그걸 날라와서ㅋㅋ
[2021-12-11 01:01:18] <@^Nightbot> https://discord.gg/z9pY7PJ 생방송에서 하는 컨텐츠들을 알려주는 공지방입니다
[2021-12-11 01:01:28] <%+마깨비 (makkaebi04)> 아이고
[2021-12-11 01:01:31] <@%탸토 (bibin9906)> 아이고
[2021-12-11 01:01:34] <루미님_ (fnal12)> 아고..
[2021-12-11 01:01:42] <@%탸토 (bibin9906)> 좋으신분이였는데..
[2021-12-11 01:01:43] <%+마깨비 (makkaebi04)> ?
[2021-12-11 01:01:44] <@%탸토 (bibin9906)> ?
[2021-12-11 01:01:46] <jeria914> 아이고..
[2021-12-11 01:01:46] <$윈드브릿지 (poonggyo0415)> ?
[2021-12-11 01:01:49] <jeria914> ?
[2021-12-11 01:01:51] <루미님_ (fnal12)> ?
[2021-12-11 01:01:52] <luke_4343> ?
[2021-12-11 01:01:52] <@%탸토 (bibin9906)> 재채기는 뭐야ㅋㅋㅋㅋ
[2021-12-11 01:01:58] <%+마깨비 (makkaebi04)> 뽀록샷인가?
[2021-12-11 01:01:59] <복냔 (boknyan)> 뭐지?ㅋㅋ
[2021-12-11 01:02:08] <한미랑 (inoryuusei)> 재채기 귀여워?
[2021-12-11 01:02:10] <맨두킬러 (l00l8989)> ㅋㅋㅋㅋㅋ재채기
[2021-12-11 01:02:15] <%+마깨비 (makkaebi04)> ㅋㅋㅋㅋㅋㅋㅋ
[2021-12-11 01:02:15] <@^Nightbot> @김블루 -> A 60s commercial has been started.
[2021-12-11 01:02:19] <@%탸토 (bibin9906)> ??
[2021-12-11 01:02:28] <%+마깨비 (makkaebi04)> 순간 핵인줄;;
[2021-12-11 01:02:30] <@%탸토 (bibin9906)> 오늘따라 배그가 신기하네
[2021-12-11 01:03:01] <%+마깨비 (makkaebi04)> 오늘 왜 다 핵처럼 보이지ㅋㅋㅋ
[2021-12-11 01:03:24] Viewerstats (00:35-01:03): avg:600 min:559 max:639 [15/559+7+0+7+8+0+0+11+0+47+0-25+25+0+0]
[2021-12-11 01:05:23] <%+마깨비 (makkaebi04)> 뭐야ㅋㅋㅋㅋ
[2021-12-11 01:05:32] <루미님_ (fnal12)> 오ㅋㅋㅋ
[2021-12-11 01:05:32] <kruert> 뭐여
[2021-12-11 01:05:34] <%+마깨비 (makkaebi04)> 진짜 글록사기다ㅋㅋㅋ
[2021-12-11 01:05:57] <sehun2009> 그런 귀여운얼굴로
[2021-12-11 01:06:05] <@%탸토 (bibin9906)> 9탄 권총 총이 쌔긴해
[2021-12-11 01:06:11] <sonsw_0926> ㄹㅇㅋㅋ
[2021-12-11 01:06:23] <kruert> ㅋ
[2021-12-11 01:06:41] <@%탸토 (bibin9906)> 아 맞다 주요소 뒷문계단 이상있던데
[2021-12-11 01:07:05] <kruert> 집중
[2021-12-11 01:07:54] <sonsw_0926> 어??
[2021-12-11 01:08:05] <%+마깨비 (makkaebi04)> ㅖ?
[2021-12-11 01:08:06] <$윈드브릿지 (poonggyo0415)> 엇?
[2021-12-11 01:08:07] <복냔 (boknyan)> 아..
[2021-12-11 01:08:08] <kruert> ㅋㅋㅋ
[2021-12-11 01:08:08] <루미님_ (fnal12)> ???
[2021-12-11 01:08:08] <sonsw_0926> 아ㄲㅂ
[2021-12-11 01:08:08] <헤른잉 (parkhern)> 블하
[2021-12-11 01:08:10] <jinsuh12> 블하
[2021-12-11 01:08:14] <kruert> 엇?
[2021-12-11 01:08:19] <%+마깨비 (makkaebi04)> 덕빌이 없으셨나?
[2021-12-11 01:08:20] <sehun2009> 아 부장님
[2021-12-11 01:08:22] <@%탸토 (bibin9906)> ㅋㅋㅋㅋㄲㅂ
[2021-12-11 01:08:28] <베다믹 (mapflow0701)> 펌프면 죽었을듯 ㄲㅂ
[2021-12-11 01:08:32] <sonsw_0926> 떱배였음이겼다
[2021-12-11 01:08:42] <%+마깨비 (makkaebi04)> ㅋㅋㅋㅋㅋㅋ
[2021-12-11 01:08:44] <kruert> 아이고
[2021-12-11 01:08:51] <sehun2009> 오랜만에 하니깐
[2021-12-11 01:08:53] <님골라스 (yesung1015)> 감별 안하나요 아까 ㅋㅋㅋ
[2021-12-11 01:08:59] <@%탸토 (bibin9906)> 곰철인가
[2021-12-11 01:09:07] <헤른잉 (parkhern)> 동물농장인가
[2021-12-11 01:09:07] <%+마깨비 (makkaebi04)> 그래서 권총 너프 예정이 있나요?
[2021-12-11 01:09:12] <kruert> ㅋㅋ
[2021-12-11 01:09:21] <쵸단의소다맛치약 (millano0408)> !멤버
[2021-12-11 01:09:21] <@^Nightbot> Server commands other than /me are blocked.
[2021-12-11 01:09:35] <헤른잉 (parkhern)> 동물의 왕국이다!
[2021-12-11 01:09:36] <sonsw_0926> 라이언겁나많넼ㅋㅋ
[2021-12-11 01:09:38] <kruert> 와
[2021-12-11 01:09:46] <nine__90> 궁댕이 ㅋㅋㅋ
[2021-12-11 01:10:02] <sonsw_0926> ㅋㅋㅋㅋㅋ
[2021-12-11 01:10:13] <@^Nightbot> 후원은 https://twip.kr/donate/rainblue37 // https://toon.at/donate/636949771761511868
[2021-12-11 01:10:13] <kruert> 시작
[2021-12-11 01:10:23] <mynameisamm> 아위ㅋㅋㅋㅋㅋㅋㅋㅋ
[2021-12-11 01:10:25] <sonsw_0926> 1등가즈아ㅏㅏㅏㅏㅏ
[2021-12-11 01:10:46] <kruert> 1등ㄱㄱㄱ
[2021-12-11 01:10:46] <%+마깨비 (makkaebi04)> 음~
[2021-12-11 01:11:01] <kruert> ㅇㅈ
[2021-12-11 01:11:04] <@%탸토 (bibin9906)> ㅋㅋㅋㅋㅋㅋ동상?
[2021-12-11 01:11:12] <junseo1102> 형 사랑해
[2021-12-11 01:11:12] <페일비 (pale_b03)> 이번에 나오는 ai모드는 횟수제한 있나요?
[2021-12-11 01:11:13] <sonsw_0926> 동상
[2021-12-11 01:11:17] <kruert> 와 정말 인정합니다
[2021-12-11 01:11:28] <%+마깨비 (makkaebi04)> ㅋㅋㅋㅋㅋㅋㅋㅋ
[2021-12-11 01:11:31] <sehun2009> 역할이 뭔데
[2021-12-11 01:11:35] <%+마깨비 (makkaebi04)> 펍지직원ㅋㅋㅋㅋ
[2021-12-11 01:11:50] <%+마깨비 (makkaebi04)> 즉결권?
[2021-12-11 01:11:57] <페일비 (pale_b03)> 이번에 나오는 ai모드는 횟수제한 없나요?
[2021-12-11 01:11:57] <sonsw_0926> 펍지직원???
[2021-12-11 01:12:15] <sonsw_0926> ㅋㅋㅋㅋ
[2021-12-11 01:12:28] <%+마깨비 (makkaebi04)> 아이고ㅋㅋㅋ
[2021-12-11 01:12:33] <%_현지니 (guswlsl9164)> ㅋㅋㅋㅋ
[2021-12-11 01:12:50] <가짜마법사 (leeis0304)> ㅋㅋㅋㅋ
[2021-12-11 01:12:53] <kruert> 야 1등
[2021-12-11 01:12:56] <%+마깨비 (makkaebi04)> 0딜ㅋㅋㅋㅋㅋㅋ
[2021-12-11 01:13:01] <sonsw_0926> 딜ㅋㅋㅋㅋㅋ
[2021-12-11 01:13:01] <@%탸토 (bibin9906)> ㅋㅋㅋㅋㅋ
[2021-12-11 01:13:01] <sehun2009> 펍지파트너이자 유튜버이자 펍지직원
[2021-12-11 01:13:08] <kruert> ㅇ딜ㅋㅋ
[2021-12-11 01:13:11] <세찬__ (sechan0724)> 눈하
[2021-12-11 01:13:17] <세찬__ (sechan0724)> 아
[2021-12-11 01:13:23] <세찬__ (sechan0724)> 블하
[2021-12-11 01:13:46] <sehun2009> ?
[2021-12-11 01:14:06] <kruert> 배린이 대회또안해요...
[2021-12-11 01:14:08] <mynameisamm> 마이꾸!!!
[2021-12-11 01:14:27] <kjh090702> 호우
[2021-12-11 01:14:34] <kjh090702> 블하
[2021-12-11 01:14:43] <kruert> 블바
[2021-12-11 01:14:43] <sonsw_0926> 무료화ㄴㅇㄱ
[2021-12-11 01:14:44] <세찬__ (sechan0724)> 제 친구 배그 산지 1주밖에 안됬는데 1달뒤에 무료화니까
[2021-12-11 01:14:45] <한미랑 (inoryuusei)> 샀지~
[2021-12-11 01:14:45] <@%탸토 (bibin9906)> 계속 하고있습니다 ^^7
[2021-12-11 01:14:53] <문카유 (taleskuma)> 이때를 기다렸습니다
[2021-12-11 01:15:01] <%_핑_구_ (remedy217)> 들었숩니다
[2021-12-11 01:15:02] <인성터진내친구 (adrirsed_personality0416)> 블하
[2021-12-11 01:15:06] <sonsw_0926> 아 컴바꾸면
[2021-12-11 01:15:07] <not_donatino> 블하
[2021-12-11 01:15:10] <인성터진내친구 (adrirsed_personality0416)> 전 컴이 스레귀여서
[2021-12-11 01:15:10] <%shinhs9506> 저도 ㄱ
[2021-12-11 01:15:11] <@%탸토 (bibin9906)> 앗
[2021-12-11 01:15:15] <%+마깨비 (makkaebi04)> 엇
[2021-12-11 01:15:15] <%lunap38> 저는 배린이라. . .  사놓고도 못하고 있었는데?
[2021-12-11 01:15:16] <인성터진내친구 (adrirsed_personality0416)> ㅠ
[2021-12-11 01:15:17] <%LIAN_201> 사놓고 안하고 있었는데 무료화 되면 안 산 친구들이랑 해보겠슴니다^^7
[2021-12-11 01:15:19] <%_핑_구_ (remedy217)> 컴이 꾸져서 피씨방 가서 할꿉니다
[2021-12-11 01:15:19] <recon_w35> 아주 잠깐?
[2021-12-11 01:15:20] <kruert> 블하ㅏ
[2021-12-11 01:15:23] <sonsw_0926> 생각해볼만듯
[2021-12-11 01:15:26] <not_donatino> 내려간다.....
[2021-12-11 01:15:34] <%lunap38> 봇전이 나온다니!!!
[2021-12-11 01:15:41] <한미랑 (inoryuusei)> -사놓고도 못한 배린2-
[2021-12-11 01:15:56] <%shinhs9506> 저도 계속하고있습니다!
[2021-12-11 01:15:57] <%+마깨비 (makkaebi04)> 이미 돈값은 뽑아서ㅋㅋㅋ
[2021-12-11 01:15:58] <not_donatino> -그냥 안삼-
[2021-12-11 01:16:03] <korea_yeonda_pen> 원래산 사람들은  뭘  받나요?
[2021-12-11 01:16:05] <_페크 (p3ch_)> 오 라이언 귀엽다
[2021-12-11 01:16:12] <sonsw_0926> -해도못하는 배린이3-
[2021-12-11 01:16:23] <sonsw_0926> 버근가
[2021-12-11 01:16:39] <$평범한트수_123 (kdh0901_)> 왜 3만2천원 주고 샀지
[2021-12-11 01:16:44] <not_donatino> ㅋㅋㅋㅋㅋㅋㅋㅋ
[2021-12-11 01:16:59] <not_donatino> -그냥 안삼-
[2021-12-11 01:17:10] <독도수호장인 (clogodgame)> 블하 방송 주제 왜 저챗이야?
[2021-12-11 01:17:12] <@%탸토 (bibin9906)> 친구..
[2021-12-11 01:17:19] <%+마깨비 (makkaebi04)> ㅋㅋㅋㅋㅋㅋ
[2021-12-11 01:17:21] <페일비 (pale_b03)> 슬프네
[2021-12-11 01:17:21] <not_donatino> 컨텐츠 빨아먹었자나 블형은
[2021-12-11 01:17:26] <@%탸토 (bibin9906)> 박격포 상향좀...
[2021-12-11 01:17:29] <페일비 (pale_b03)> 친구가 있는지 물어보느게..
[2021-12-11 01:17:30] <세찬__ (sechan0724)> 내 친구랑 같이 배그할 생각은 좋은데 랜스쿼드 하면 으~~~~~~~~~
[2021-12-11 01:17:30] <sonsw_0926> 박격퐄ㅋㅋㅋ
[2021-12-11 01:17:35] <한미랑 (inoryuusei)> '있다없다'가 안돼. '해안해'가 됐어
[2021-12-11 01:17:42] <_운좋은사람_ (qkdtndnr130)> 보상이 뭔지도 궁굼하네
[2021-12-11 01:17:43] <독도수호장인 (clogodgame)> ㅋㅋㅋㅋㅋㅋㅋ
[2021-12-11 01:17:51] <아아아네엡 (kjkqda)> 근데 배그는 애초에 무료화하고 안하고의 문제보다 더 큰 문제때문에 안하는거 아닐까>요
[2021-12-11 01:18:03] <_운좋은사람_ (qkdtndnr130)> 앗.....
[2021-12-11 01:18:05] <@%탸토 (bibin9906)> 혹시 추후에 보상 추가있나요ㅋㅋㅋ?
[2021-12-11 01:18:08] <$평범한트수_123 (kdh0901_)> 확실히 이제 스킨으로 돈버니까 신규유저 유입도 할겸 무료화한듯
[2021-12-11 01:18:14] <_운좋은사람_ (qkdtndnr130)> 너무 늦게 들어와 버렸다
[2021-12-11 01:18:16] <세찬__ (sechan0724)> 에이 30만언 스킨 주겠지
[2021-12-11 01:18:18] <sehun2009> 라이언이 성인이됬어 ㅠㅠ
[2021-12-11 01:18:18] <한미랑 (inoryuusei)> 야근하고있었는걸 오또캐
[2021-12-11 01:18:30] <not_donatino> 보사을원하나? 없다? 나락나온다에 한표
[2021-12-11 01:18:31] <세찬__ (sechan0724)> 보상 뭐주는지 아나요
[2021-12-11 01:18:38] <sonsw_0926> DBS좋지않음???
[2021-12-11 01:18:41] <한미랑 (inoryuusei)> 검색하면 나나
[2021-12-11 01:18:46] <한미랑 (inoryuusei)> 나와여
[2021-12-11 01:18:55] <not_donatino> 두방쏴!
[2021-12-11 01:19:31] <sonsw_0926> 방종가능할까
[2021-12-11 01:19:42] <%밤하늘23 (lierl1)> 오 인테리어 하시는구나
[2021-12-11 01:19:51] <@%탸토 (bibin9906)> 1가방 ㄹㅇ 귀엽
[2021-12-11 01:20:13] <$평범한트수_123 (kdh0901_)> 카운터 스트라이크처럼 일반 계정하고 플러스 계정으로 나뉜다는데 정확한건 아직 모름
[2021-12-11 01:20:15] <@^Nightbot> 후원은 https://twip.kr/donate/rainblue37 // https://toon.at/donate/636949771761511868
[2021-12-11 01:20:33] <not_donatino> 그럼 좋지
[2021-12-11 01:20:53] <$평범한트수_123 (kdh0901_)> 이전 구매자들은 무료 업글된다는데
[2021-12-11 01:20:55] <세찬__ (sechan0724)> 서버도 통합한다던데
[2021-12-11 01:20:59] <@%탸토 (bibin9906)> ㅋㅋㅋㅋㅋㅋㅋㅋㅋㅋㅋ
[2021-12-11 01:21:11] <@^Nightbot> @김블루 -> A 60s commercial has been started.
[2021-12-11 01:21:17] <한미랑 (inoryuusei)> 난 다시야근하러갈겡 안뇽
[2021-12-11 01:21:56] <not_donatino> 가즈아!
[2021-12-11 01:22:07] <sehun2009> 자전거 2인승도 괜찬을것같은데
[2021-12-11 01:22:16] <세찬__ (sechan0724)> 이미 산사람은 좋은 보상이 있길ㅎㅎ
[2021-12-11 01:22:19] <$평범한트수_123 (kdh0901_)> !명령어
[2021-12-11 01:22:19] <@^Nightbot> https://nightbot.tv/t/rainblue37/commands
[2021-12-11 01:22:22] <%+마깨비 (makkaebi04)> ㅋㅋㅋㅋㅋㅋㅋ
[2021-12-11 01:22:27] <@%탸토 (bibin9906)> ㅋㅋㅋㅋ맞나
[2021-12-11 01:22:34] <님골라스 (yesung1015)> 외발 자전거는 어때요 ㅋㅋㅋ
[2021-12-11 01:22:35] <%+마깨비 (makkaebi04)> 협동심이ㅋㅋㅋ
[2021-12-11 01:22:57] <not_donatino> 앞사람이 나만힘드나 하면 다룬사람이 버스타는 거임 ㅋㅋㅋㅋ
[2021-12-11 01:22:58] <@%탸토 (bibin9906)> 새벽에 참 많지..
[2021-12-11 01:23:29] <chajuhwan2112> 블하아아
[2021-12-11 01:23:29] <sonsw_0926> 외발자전거좋은데??ㅋㅋㅋㅋ
[2021-12-11 01:23:43] <@%탸토 (bibin9906)> 무료화에 대해선 딱히..
[2021-12-11 01:24:02] <@%탸토 (bibin9906)> 보상도 준다고하니..
[2021-12-11 01:24:06] <$평범한트수_123 (kdh0901_)> 나다 ㅋㅋ
[2021-12-11 01:24:08] <hkj327> 이번에 무료화 되는게 일정 기간동안만 하는거에요?  아니면 쭉 무료인거에요?
[2021-12-11 01:24:24] <페일비 (pale_b03)> 무료화에 한번 당한적이 있어서
[2021-12-11 01:24:26] <korea_yeonda_pen> 보상 뭐에요?
[2021-12-11 01:24:28] <%+마깨비 (makkaebi04)> 뉴비유입되는건 좋다고 생각해서
[2021-12-11 01:24:32] <$평범한트수_123 (kdh0901_)> ㄹㅇ
[2021-12-11 01:24:34] <not_donatino> 라이언 귀엽다... 아니 무섭다
[2021-12-11 01:24:46] <%밤하늘23 (lierl1)> 그저 다시 배그붐이 일어났으면 하는 바람이죠
[2021-12-11 01:24:54] <korea_yeonda_pen> 오늘  코드 뿌리신거  어케하는지  모른겠어요
[2021-12-11 01:24:56] <너보라 (pigletz5)> 라이언 머리 쓰고 있어도 머리 맞으면 한방인가요 ?
[2021-12-11 01:25:11] <not_donatino> 배그가 딱뜨는걸 원한거지 펍지는
[2021-12-11 01:25:17] <@%탸토 (bibin9906)> 봄이 찾아오는건가 배그
[2021-12-11 01:25:20] <가짜마법사 (leeis0304)> 배그 산지 1년 넘었는데
[2021-12-11 01:25:24] <not_donatino> 그래서 딱무료화
[2021-12-11 01:25:31] <not_donatino> 캬~
[2021-12-11 01:25:39] <han301300> 배가 무료 됬어요??
[2021-12-11 01:25:44] <gogoby> 이제무료된다구?
[2021-12-11 01:25:46] <%+마깨비 (makkaebi04)> 갓?ㅋㅋㅋㅋ
[2021-12-11 01:25:55] <not_donatino> god 신
[2021-12-11 01:25:56] <변경_ (bungung31)> 무료화면 핵이 어찌될지도 문제인뎅..
[2021-12-11 01:26:11] <korea_yeonda_pen> ?
[2021-12-11 01:26:14] <@%탸토 (bibin9906)> ㅋㅋㅋㅋ?
[2021-12-11 01:26:26] <가짜마법사 (leeis0304)> 플레이시간 70시간 정도 하고 안함
[2021-12-11 01:26:27] <korea_yeonda_pen> 저희가  쓰는게  아니에요?
[2021-12-11 01:26:31] <not_donatino> 이거 내가보기엔 뉴비들 거의다 짤릴거같음 고인물한테
[2021-12-11 01:26:59] <not_donatino> 살아남는사람만 하는거고
[2021-12-11 01:27:09] <%밤하늘23 (lierl1)> 근데 라이언 머리 써도 상대한텐 작게보이지않나
[2021-12-11 01:27:34] <sonsw_0926> ㄹㅇ
[2021-12-11 01:27:52] <님골라스 (yesung1015)> 배그 구쯔같은거 안만드려나 그립톡같은거
[2021-12-11 01:28:01] <%ㅣ하늘소ㅣ (hajeog)> 흠
[2021-12-11 01:28:23] <sonsw_0926> 형뭐먹어
[2021-12-11 01:28:44] <@%탸토 (bibin9906)> ㄴㅇㅅ
[2021-12-11 01:28:56] <sonsw_0926> ㄴㅇㅅ
[2021-12-11 01:29:03] <not_donatino> 나는 안해야지
[2021-12-11 01:29:07] <inox1207> 배그 무료화 되여?
[2021-12-11 01:29:13] <sonsw_0926> 돌파
[2021-12-11 01:29:15] <not_donatino> 네네
[2021-12-11 01:29:22] <%+마깨비 (makkaebi04)> ㄴㅇㅅ
[2021-12-11 01:29:27] <not_donatino> ㄴㅇㅅ
[2021-12-11 01:29:36] <sonsw_0926> ㄴㅇㅅ
[2021-12-11 01:29:53] <not_donatino> 프라이팬 귀여워...
[2021-12-11 01:30:17] <@^Nightbot> 후원은 https://twip.kr/donate/rainblue37 // https://toon.at/donate/636949771761511868
[2021-12-11 01:30:42] <not_donatino> 오우 위험햇다
[2021-12-11 01:30:46] <@%너울땅 (neoul_wave)> ㄴㅇㅅ
[2021-12-11 01:30:49] <jhhyuk10142> 안녕하세요
[2021-12-11 01:30:50] <inox1207> 뿌슝빠슝 이게 킴블루?
[2021-12-11 01:31:01] <jhhyuk10142> 배그 무료됐어요???
[2021-12-11 01:31:04] <hkj327> 무료화 되면 핵이 가장 큰 걱정이겠다..ㅠ
[2021-12-11 01:31:13] <@^Nightbot> https://discord.gg/z9pY7PJ 생방송에서 하는 컨텐츠들을 알려주는 공지방입니다
[2021-12-11 01:31:19] <%빨강김 (jeremia314)> g
[2021-12-11 01:31:26] <%빨강김 (jeremia314)> ㅂㅎ
[2021-12-11 01:31:37] <jhhyuk10142> 무료임?
[2021-12-11 01:32:03] <sonsw_0926> 배그가 무료화 되면 생기는일 : 뉴비가 고인물에게 전멸된다
[2021-12-11 01:32:10] <not_donatino> 이거 복제가 가능허네
[2021-12-11 01:33:17] <not_donatino> 1일차 서버가터진다 2일차 펍지가 나타난다 3번 뉴비가 고인물에게털린다 4일차 결국은 몇명만 남는다
[2021-12-11 01:33:30] Viewerstats (01:05-01:33): avg:593 min:553 max:654 [15/654-12+0-65+0+11+0-9+0+9+0+0-9+0-26]
[2021-12-11 01:33:45] <not_donatino> 이렇게 흘러갈거같은데
[2021-12-11 01:33:52] <사탕맛민초 (ghdrlf)> 핵 전제도 생각해야..
[2021-12-11 01:33:55] <sonsw_0926> 5번 다시우료화
[2021-12-11 01:34:03] <sonsw_0926> 유료화
[2021-12-11 01:34:17] <화학좌 (koreanium119)> 핵 어떡하게 펍지...
[2021-12-11 01:34:56] <not_donatino> ?어
[2021-12-11 01:34:56] <체리미팡 (sho_0125)> 뭐여
[2021-12-11 01:35:00] <@%탸토 (bibin9906)> 띠용?
[2021-12-11 01:35:01] <%+마깨비 (makkaebi04)> 뭐지?
[2021-12-11 01:35:03] <sonsw_0926> 뭐지
[2021-12-11 01:35:05] <not_donatino> 버리고 튀엇나
[2021-12-11 01:35:20] <sonsw_0926> 어?버근가
[2021-12-11 01:35:22] <%+마깨비 (makkaebi04)> 쉐복이였나?
[2021-12-11 01:35:25] <pantom0728> 앞으로 영구적으로 무료화 되요??
[2021-12-11 01:35:53] <응오아애 (12gudtjr23)> 카베만 무료?에요??
[2021-12-11 01:37:12] <주니저 (songzh01)> !멤버
[2021-12-11 01:37:12] <@^Nightbot> Server commands other than /me are blocked.
[2021-12-11 01:37:22] <주니저 (songzh01)> 개안죽네 ㅋㅋㅋㅋㅋ
[2021-12-11 01:37:25] <not_donatino> 오 뭐야 ㄴㅇㅅ
[2021-12-11 01:37:29] <sonsw_0926> ㄴㅇㅅ
[2021-12-11 01:37:41] <플레인_두유 (plainsoymilk)> 민희
[2021-12-11 01:37:51] <@%탸토 (bibin9906)> 환경시스템 구현 역시 배그..
[2021-12-11 01:37:53] <not_donatino> 불좀꺼줄래?
[2021-12-11 01:37:54] <%+마깨비 (makkaebi04)> 오우
[2021-12-11 01:37:57] <sehun2009> 마크는...
[2021-12-11 01:37:57] <@%탸토 (bibin9906)> 멤버 김블루 메드킷
[2021-12-11 01:37:58] <주니저 (songzh01)> 미니 개약하다 ㄹㅇ
[2021-12-11 01:38:44] <sonsw_0926> 미니가 총이었음???
[2021-12-11 01:39:27] <not_donatino> 미니가.....뭐엿드라....?
[2021-12-11 01:40:12] <sonsw_0926> 자동차
[2021-12-11 01:40:13] <@^Nightbot> 후원은 https://twip.kr/donate/rainblue37 // https://toon.at/donate/636949771761511868
[2021-12-11 01:40:25] <not_donatino> 가즈아!!!!
[2021-12-11 01:40:51] <sonsw_0926> 1등각인가
[2021-12-11 01:41:05] <%+마깨비 (makkaebi04)> 아이고ㅋㅋ
[2021-12-11 01:41:06] <@%탸토 (bibin9906)> 앗ㅋㅋ
[2021-12-11 01:41:08] <sonsw_0926> 하자마자 죽네
[2021-12-11 01:41:11] <@^Nightbot> @김블루 -> A 60s commercial has been started.
[2021-12-11 01:41:23] <%+마깨비 (makkaebi04)> ㅋㅋㅋㅋㅋ
[2021-12-11 01:41:24] <@%탸토 (bibin9906)> ㅋㅋㅋㅋ저런
[2021-12-11 01:41:30] <가짜마법사 (leeis0304)> ㅋㅋㅋㅋ
[2021-12-11 01:41:45] <sonsw_0926> 광고는쫌
[2021-12-11 01:41:55] <sonsw_0926> 아광고왜나옴
[2021-12-11 01:42:04] <sehun2009> 옛날에는 핵도 잡으시더니
[2021-12-11 01:42:18] <sonsw_0926> 전성기죠
[2021-12-11 01:42:31] <%+마깨비 (makkaebi04)> ㄹㅇㅋㅋ
[2021-12-11 01:43:06] <%백_5325 (back5325)> 블루님 미니 뽑으셨나요?
[2021-12-11 01:43:34] <sonsw_0926> 수류탄으로 핵2명 잡은거 아직도기억남 그땐 형이정말잘했지
[2021-12-11 01:44:58] <@%탸토 (bibin9906)> 배틀스탯 카구팔 이쁘던데
[2021-12-11 01:45:05] <%+마깨비 (makkaebi04)> 맞나...?
[2021-12-11 01:46:01] <@%탸토 (bibin9906)> 우정이 깊다
[2021-12-11 01:46:20] <hingguuw> 룸곡...
[2021-12-11 01:46:29] <sehun2009> 음?
[2021-12-11 01:46:41] <sonsw_0926> 그걸잡네
[2021-12-11 01:47:05] <@%탸토 (bibin9906)> 맞나..?
[2021-12-11 01:47:24] <lalala9736> 배그가 무료화요??
[2021-12-11 01:47:41] <sonsw_0926> 바뀜
[2021-12-11 01:47:56] <%+마깨비 (makkaebi04)> 오오
[2021-12-11 01:49:17] <삥꾸덩혜 (haiyan0319)> !후원
[2021-12-11 01:49:17] <@^Nightbot> https://twip.kr/donate/rainblue37 // https://toon.at/donate/636949771761511868
[2021-12-11 01:49:54] <삥꾸덩혜 (haiyan0319)> 매드킷님께 질문하나 해도 되려나
[2021-12-11 01:49:59] <hingguuw> 옷이 너무 시강ㅋㅋ
[2021-12-11 01:50:13] <@^Nightbot> 후원은 https://twip.kr/donate/rainblue37 // https://toon.at/donate/636949771761511868
[2021-12-11 01:50:20] <$윈드브릿지 (poonggyo0415)> ㄴㅇㅅ
[2021-12-11 01:50:41] <sonsw_0926> ㄴㅇㅅ
[2021-12-11 01:51:03] <lee_seehoo> 와 모바일 배그에 있는옷이 여기도?
[2021-12-11 01:51:31] <lee_seehoo> 가만이좀 있어봐
[2021-12-11 01:51:33] <@%탸토 (bibin9906)> ㄴㅇㅅ
[2021-12-11 01:51:36] <체리미팡 (sho_0125)> 크으
[2021-12-11 01:51:39] <lee_seehoo> 와
[2021-12-11 01:51:39] <%+마깨비 (makkaebi04)> ㄴㅇㅅ
[2021-12-11 01:51:42] <lee_seehoo> ㄴㅇㅅ
[2021-12-11 01:51:48] <sonsw_0926> ㄴㅇㅅ
[2021-12-11 01:52:09] <체리미팡 (sho_0125)> ㄴㅇㅅ
[2021-12-11 01:52:36] <@%탸토 (bibin9906)> 맞으면 프로해야지..
[2021-12-11 01:52:48] <sonsw_0926> 전자러갑니다블바
[2021-12-11 01:54:04] <Twipkr>* 직장인1님 1,000원 후원 너무나 감사합니다! 개꿀!
[2021-12-11 01:54:38] <@%탸토 (bibin9906)> ㅋㅋㅋㅋㅋㅋㅋㅋ
[2021-12-11 01:54:46] <트수같은스트리머 (zeropeople_77)> 방제보고 왔습니다
[2021-12-11 01:55:08] <@%너울땅 (neoul_wave)> 블동부,,,
[2021-12-11 01:55:18] <lee_seehoo> !디코
[2021-12-11 01:55:18] <@^Nightbot> https://discord.gg/z9pY7PJ 생방송에서 하는 컨텐츠들을 알려주는 공지방입니다
[2021-12-11 01:56:11] <맄키 (nehu0618)> 카배 무료화인가요??
[2021-12-11 01:58:28] <@%탸토 (bibin9906)> ㄴㅇㅅ
[2021-12-11 01:58:29] <%+마깨비 (makkaebi04)> ㄴㅇㅅ
[2021-12-11 02:00:16] <sehun2009> 손에묻은피
[2021-12-11 02:00:23] <@^Nightbot> 후원은 https://twip.kr/donate/rainblue37 // https://toon.at/donate/636949771761511868
[2021-12-11 02:00:38] <날쌘돌맹이맛 (nchhgbull02)> ㅋㅋㅋ피에묻은 손
[2021-12-11 02:01:00] <90일후예 (alswns364)> !편집자
[2021-12-11 02:01:01] <@^Nightbot> 편집자, 새싹편집자, 작가, 매니저님 상시 모집! https://youtu.be/LRn-gx92Mf4
[2021-12-11 02:01:06] <90일후예 (alswns364)> !디코
[2021-12-11 02:01:06] <@^Nightbot> https://discord.gg/z9pY7PJ 생방송에서 하는 컨텐츠들을 알려주는 공지방입니다
[2021-12-11 02:01:19] <@^Nightbot> https://discord.gg/z9pY7PJ 생방송에서 하는 컨텐츠들을 알려주는 공지방입니다
[2021-12-11 02:01:41] <%+마깨비 (makkaebi04)> 오ㅋㅋㅋ
[2021-12-11 02:02:08] <$_리초 (childha)> 돌았어 ㅋㅋㅋㅋㅋ
[2021-12-11 02:02:16] <@^Nightbot> @김블루 -> A 60s commercial has been started.
[2021-12-11 02:02:23] <gusdn1201> !디코
[2021-12-11 02:02:23] <@^Nightbot> https://discord.gg/z9pY7PJ 생방송에서 하는 컨텐츠들을 알려주는 공지방입니다
[2021-12-11 02:03:04] <%+마깨비 (makkaebi04)> ㄴㅇㅅ
[2021-12-11 02:03:15] <hingguuw> ㄴㅇㅅ
[2021-12-11 02:03:24] <@%탸토 (bibin9906)> ㅇㅈ
[2021-12-11 02:03:39] Viewerstats (01:35-02:03): avg:598 min:553 max:608 [15/553+33+22+0+0-23+0+16+0+7+0+0+0+0+0]
[2021-12-11 02:04:40] <nine__90> 아니 ㅋㅋㅋ업을 수가 잇었어
[2021-12-11 02:04:41] <$_리초 (childha)> 와우
[2021-12-11 02:05:23] <%+마깨비 (makkaebi04)> 오 이걸
[2021-12-11 02:05:28] <@%탸토 (bibin9906)> 와우
[2021-12-11 02:05:55] <nine__90> 와 진짜멋있었다ㅋㅋ
[2021-12-11 02:06:29] <@%탸토 (bibin9906)> ㄴㅇㅅ
[2021-12-11 02:06:29] <%+마깨비 (makkaebi04)> ㄴㅇㅅ
[2021-12-11 02:07:29] <%+마깨비 (makkaebi04)> ㅋㅋㅋㅋㅋ
[2021-12-11 02:07:32] <@%탸토 (bibin9906)> 이걸 플래그를 하시네ㅋㅋ
[2021-12-11 02:08:24] <nine__90> 치킨 옴뇸뇸
[2021-12-11 02:09:35] <damhwi5718> 블루님 배그 무료화 어떻게 된건지 운영자한테 말좀…
[2021-12-11 02:09:48] <모리오리 (franchesh1024)> 배그가 무료화 되다니요
[2021-12-11 02:09:51] <모리오리 (franchesh1024)> 진짜인가요
[2021-12-11 02:09:56] <damhwi5718> 진짜에요
[2021-12-11 02:10:00] <damhwi5718> 1월12부터
[2021-12-11 02:10:10] <모리오리 (franchesh1024)> woo wang.... 살까 말까 고민했는데
[2021-12-11 02:10:11] <@%탸토 (bibin9906)> 에고
[2021-12-11 02:10:11] <@^Nightbot> 후원은 https://twip.kr/donate/rainblue37 // https://toon.at/donate/636949771761511868
[2021-12-11 02:10:23] <해산물못먹음 (seafoodno)> 무료되면 핵전쟁인가...
[2021-12-11 02:10:24] <욕못하는선비 (dksktlq5)> 블루님 하잇!
[2021-12-11 02:10:43] <damhwi5718> 카배,스배 둘다 무료화 되던데
[2021-12-11 02:10:47] <damhwi5718> 카배 가야지
[2021-12-11 02:10:54] <모리오리 (franchesh1024)> 핵쟁이를 막을수 없긴 하죠
[2021-12-11 02:11:02] <욕못하는선비 (dksktlq5)> ㅜㅜ
[2021-12-11 02:11:03] <@%탸토 (bibin9906)> 아~ 깝다
[2021-12-11 02:11:03] BAN: dksktlq5 (5s)
[2021-12-11 02:11:03] <@^Nightbot> @욕못하는선비 -> Get off the stage. [blacklisted spam] [warning]
[2021-12-11 02:11:05] <%+마깨비 (makkaebi04)> 아이고
[2021-12-11 02:11:08] <블드__ (qmfem)> 블하 라이언 귀엽네요 ㅋㄹㅋㄹㅋㄹㅋ
[2021-12-11 02:11:09] <damhwi5718> 보상을 준다던데
[2021-12-11 02:11:09] <%LIAN_201> 아이고 까비
[2021-12-11 02:11:20] <nine__90> 아이구
[2021-12-11 02:11:32] <@%탸토 (bibin9906)> 수고하셨습니다
[2021-12-11 02:11:35] <%+마깨비 (makkaebi04)> 수고하셨습니다~
[2021-12-11 02:11:45] <%밤하늘23 (lierl1)> 수고하셨습니다
[2021-12-11 02:11:45] <damhwi5718> 블루님 배그 무료화 진짜인가요
[2021-12-11 02:11:47] <나이트런 (codeonmode)> 배그가....무료화...?
[2021-12-11 02:11:54] <%LIAN_201> 수고하셨습니다~
[2021-12-11 02:11:56] <damhwi5718> 무료화 진짜인가
[2021-12-11 02:12:00] <tlsk14> 수고하셨습니다~
[2021-12-11 02:12:05] <nine__90> 고생하셨습니다~
[2021-12-11 02:12:06] <rkaxndy213> 수고하셨습니다
[2021-12-11 02:12:08] <damhwi5718> ?????
[2021-12-11 02:12:11] <@%탸토 (bibin9906)> 메바 블바~
[2021-12-11 02:12:13] <%LIAN_201> 블바~
[2021-12-11 02:12:14] <@$펍지메드킷 (pubgbattlegrounds_kr)> 쁠바!
[2021-12-11 02:12:16] [Info] This room is now in 10 minutes followers-only mode.
[2021-12-11 02:12:17] <%밤하늘23 (lierl1)> 메바 블바
[2021-12-11 02:12:19] <시안용민 (sianym1120)> 블바
[2021-12-11 02:12:21] <햇살21 (luminous_sun)> 블바
[2021-12-11 02:12:22] <rkaxndy213> 블바
[2021-12-11 02:12:22] <군밤까먹는날 (yangsarang)> 블바!
[2021-12-11 02:12:23] <nine__90> 블바
[2021-12-11 02:12:23] <damhwi5718> 보상은??
[2021-12-11 02:12:24] <상자열쇠 (son060610)> ㅘ
[2021-12-11 02:12:26] <wldbs_166> 블바
[2021-12-11 02:12:27] <모리오리 (franchesh1024)> 쁠바
[2021-12-11 02:12:28] <엠별 (legou912)> 블바
[2021-12-11 02:12:29] <seoeunou> 와 블루님 드디어 채팅창이 풀리다니 감격이네요
[2021-12-11 02:12:32] <tlsk14> 블바
[2021-12-11 02:12:32] <zxcv0602> 쁠바
[2021-12-11 02:12:34] <%+마깨비 (makkaebi04)> ㅋㅋㅋㅋ
[2021-12-11 02:12:34] <%LIAN_201> 메바~
[2021-12-11 02:12:34] <seoeunou> 블바ㅠㅠㅠㅠ
[2021-12-11 02:12:36] <damhwi5718> 보상은 뭘준데요??
[2021-12-11 02:12:37] <cross650> 블바
[2021-12-11 02:12:37] <%+마깨비 (makkaebi04)> 블바~
[2021-12-11 02:12:39] <페일비 (pale_b03)> 사랑행
[2021-12-11 02:12:39] <zxcv0602> 블바
[2021-12-11 02:12:39] <qkrdudwo2000> 블바
[2021-12-11 02:12:40] <%아메리카노엑스 (minkyu1357)> 블바
[2021-12-11 02:12:41] <%밤하늘23 (lierl1)> 블바   펍지최고
[2021-12-11 02:12:42] <@%너울땅 (neoul_wave)> 블바바바바바
[2021-12-11 02:12:42] <ssol_vln> 까비이이ㅣ
[2021-12-11 02:12:43] <hingguuw> 블바
[2021-12-11 02:12:44] <%_해일로 (iolite03)> 블바
[2021-12-11 02:12:44] <셋쇼세츠나 (setzna071)> 블바
[2021-12-11 02:12:45] <페일비 (pale_b03)> 블바
[2021-12-11 02:12:45] <로뷰 (l5ve_u)> 블바
[2021-12-11 02:12:46] <ssol_vln> 블바아아아
[2021-12-11 02:12:46] <%단니_ (leedaay)> 블바
[2021-12-11 02:12:47] <seoeunou> 메바 블바~
[2021-12-11 02:12:48] <damhwi5718> 블바…
[2021-12-11 02:12:48] <$뮨륜턴 (mulyunton413)> 블바
[2021-12-11 02:12:48] <cross650> 아 다음계정
[2021-12-11 02:12:49] <aboutathing> 블바
[2021-12-11 02:12:50] <뿅아 (bbyong_ah)> 블바
[2021-12-11 02:12:52] <쮜낀2 (jjunwoo2)> 블바
[2021-12-11 02:12:53] <cross650> 꼭 통합해야해여?
[2021-12-11 02:12:53] <%LIAN_201> 블바~~~
[2021-12-11 02:12:54] <seoeunou> 블바~
[2021-12-11 02:12:55] <@%탸토 (bibin9906)> 블바
[2021-12-11 02:12:56] <ssol_vln> 블바아아 아이참 자비롭다
[2021-12-11 02:12:57] <%백_5325 (back5325)> 블바 ㅋㅋ
[2021-12-11 02:13:01] <nine__90> ㅋㅋㅋㅋㅋㅋ재채기
[2021-12-11 02:13:03] <%LIAN_201> ㅋㅋㅋㅋㅋㅋㅋㅋ
[2021-12-11 02:13:04] <jinboom> 지금 나오는 곡명이 궁금 하네
[2021-12-11 02:13:04] <ssol_vln> 블레스유
[2021-12-11 02:13:06] <%+마깨비 (makkaebi04)> 아마두?ㅋㅋㅋ
[2021-12-11 02:13:06] <군밤까먹는날 (yangsarang)> ㅋㅋㅋㅋㅋㅋㅋㅋㅋㅋ
[2021-12-11 02:13:06] <seoeunou> 에취훙~
[2021-12-11 02:13:06] <pgy0114> 배그무료화?
[2021-12-11 02:13:10] <쮜낀2 (jjunwoo2)> 그냥 이대로 냅뒀으면...
[2021-12-11 02:13:10] <seoeunou> 블바~
[2021-12-11 02:13:12] <%lil_butterFLY26> 블바
[2021-12-11 02:13:19] <$뮨륜턴 (mulyunton413)> 블바
[2021-12-11 02:13:20] <엠별 (legou912)> 블바!!
[2021-12-11 02:13:23] <%백_5325 (back5325)> 믿어~
[2021-12-11 02:13:23] <seoeunou> 블바~~
[2021-12-11 02:13:23] <쮜낀2 (jjunwoo2)> 블바
[2021-12-11 02:13:23] <현지쓰 (hyunjis_01)> 수고하셨습니당~블바!
[2021-12-11 02:13:26] <pgy0114> 뭐여 오자마자방종
[2021-12-11 02:13:26] <seoeunou> 잘자요!
[2021-12-11 02:14:13] ~Stream offline~
[2021-12-11 02:14:22] You have left #rainblue37
[2021-12-11 02:14:22] Viewerstats (02:05-02:11): avg:634 min:619 max:660 [4/619+10+0+31_]
# Log closed: 2021-12-11 02:14:22 +0900
-
