# Log started: 2021-12-10 22:30:32 +0900
[2021-12-10 22:30:32] #rainblue37 채널 입장 중입니다
[2021-12-10 22:30:32] #rainblue37 채널에 입장했습니다
[2021-12-10 22:30:33] <saarm_725> 에이~ㅎ
[2021-12-10 22:30:33] <펭귄곰0213 (khskhs8791)> 아직 아케이드 2칸 남았는데
[2021-12-10 22:30:33] ~김블루 배그 무료화래 ㄷㄷㄷㄷ !디코 !편집자 (Just Chatting)~
[2021-12-10 22:30:33] <인간은약하지크킄 (kdm272727)> 에이 설마
[2021-12-10 22:30:36] <노가리진심녀 (love_107)> 댕청
[2021-12-10 22:30:37] <$트위치파댕이 (raum_padang)> ...?
[2021-12-10 22:30:43] <@%탸토 (bibin9906)> 오 있긴하구나
[2021-12-10 22:30:45] <흙송이 (soilsongyi)> 허
[2021-12-10 22:30:50] <마왕스탈린 (gangdh02)> ㅋㅋㅋㅋㅋㅋ
[2021-12-10 22:30:51] <saarm_725> ㄷㄷ
[2021-12-10 22:30:53] <쁠순이ㅎ (jangchanghwan03)> =못한다
[2021-12-10 22:31:00] <긴돌리 (altusaltus)> 3줄요약좀
[2021-12-10 22:31:01] <울강이 (allegxander)> 일주일넘어도 환불못해유
[2021-12-10 22:31:03] <@%탸토 (bibin9906)> 배그 베이직 및 플러스
[2021-12-10 22:31:06] <십일월_06 (dspi2125)> 근데 저 무료화 기존 보상이 카배랑 스팀 둘다 적용이 되는건가요?
[2021-12-10 22:31:07] <realjk08> 오 스팀도 무료인가요?
[2021-12-10 22:31:08] <크봇 (mat6882)> 기존 구매자는 옷 같은거라도 주겠지
[2021-12-10 22:31:09] <하늘업 (sky_up56)> 무료화가된다
[2021-12-10 22:31:10] <@^Nightbot> https://discord.gg/z9pY7PJ 생방송에서 하는 컨텐츠들을 알려주는 공지방입니다
[2021-12-10 22:31:12] <루시아97 (skdml308)> 핵
[2021-12-10 22:31:13] <쁠순이ㅎ (jangchanghwan03)> 핵
[2021-12-10 22:31:16] <펭귄곰0213 (khskhs8791)> rainblZ
[2021-12-10 22:31:18] <울강이 (allegxander)> 핵
[2021-12-10 22:31:19] <카레상궁 (77_1991ray)> 정리하면 주식 사둘걸 엉엉!
[2021-12-10 22:31:23] <휴___랑 (hurang613)> 카베랑 스베 둘다 무료화 된다는 건가?
[2021-12-10 22:31:25] <크봇 (mat6882)> 핵쟁이들 더 들어오는거 아닐까요?
[2021-12-10 22:31:26] <인간은약하지크킄 (kdm272727)> 핵 무개념유저
[2021-12-10 22:31:27] <또비또비 (ddobie6740)> 무료화 되면 핵이 더 판치지않을까요..??
[2021-12-10 22:31:29] <_마춘 (koh06062123)> 핵은 안티치트 공지 따로 올렸다던데.
[2021-12-10 22:31:31] <자쿠가_세_배지요 (helium7947)> 주식 안사둔거?
[2021-12-10 22:31:33] <saarm_725> ㄷㄷ
[2021-12-10 22:31:33] <루시아97 (skdml308)> 더 많이 손쉽게 접하게 해주고 핵은 함부로 못들어오게
[2021-12-10 22:31:35] <인생전소 (qprtmddn)> 핵은 따로 공지 올렸음
[2021-12-10 22:31:35] <하늘업 (sky_up56)> 배그 전부다 무료
[2021-12-10 22:31:36] <플릭이다 (plice_01)> 음...
[2021-12-10 22:31:39] <@%탸토 (bibin9906)> 경쟁전은 증가률 감소 ?
[2021-12-10 22:31:41] <울강이 (allegxander)> 경쟁안하는사람은 플러스 상관없는거 아니에요?
[2021-12-10 22:31:46] <긴돌리 (altusaltus)> 1. 무료화  2, 경쟁할려면 돈내라 3. 이미 산사람들은 알아서 준다
[2021-12-10 22:31:47] <@%탸토 (bibin9906)> ㅋㅋㅋㅋㅋㅋㅋ
[2021-12-10 22:31:47] <쁠순이ㅎ (jangchanghwan03)> 양학할 뉴비 많아져서 좋긴한데
[2021-12-10 22:31:48] <개구리922 (dnbxmfk99)> ? 카배 무료임?
[2021-12-10 22:31:49] <%yoon8019> singomNowaydude
[2021-12-10 22:31:49] <kor_bomber> ㅋㅋㅋㅋㅋㅋㅋ
[2021-12-10 22:31:49] <%skdh0258> 소통에 유탄발사기달린거라도 나오려나?
[2021-12-10 22:31:49] <로이03 (fpfhdl07)> ㅋㅋㅋㅋㅋㅋㅋㅋㅋㅋㅋㅋ
[2021-12-10 22:31:51] <jisangpa> 배그 유입은 많아지겠지만 그만큼 핵이 많아질거 같은데
[2021-12-10 22:31:51] <saarm_725> 슬프다
[2021-12-10 22:31:51] <자쿠가_세_배지요 (helium7947)> ㅋㅋㅋㅋㅋㅋㅋㅋㅋㅋ
[2021-12-10 22:31:52] <펭귄곰0213 (khskhs8791)> 근데 우리는 또 스패셜 뭐시기 리미티두에디션팩도 받는다
[2021-12-10 22:31:52] <%+마깨비 (makkaebi04)> 그뒤에 잘할지가 모르는거?
[2021-12-10 22:31:57] <십일월_06 (dspi2125)> 흠 그럼 카배랑 스팀 둘다 보상 들어오려나.. 둘다 샀는데..
[2021-12-10 22:32:00] <펭귄곰0213 (khskhs8791)> 개이득인데
[2021-12-10 22:32:03] <_리핸_ (jhr5324)> ㅋㅋㅋㅋㅋㅋㅋㅋㅋㅌ
[2021-12-10 22:32:05] <크봇 (mat6882)> 아 카스처럼 무료화 하는대 돈내야 머 언락해주는거 에요???
[2021-12-10 22:32:06] <%모리와키아카리 (kjs8390)> 주식이랑 진짜 연이 없네
[2021-12-10 22:32:13] <@%탸토 (bibin9906)> ㄷㄱㄷㄱ
[2021-12-10 22:32:16] <휴___랑 (hurang613)> 형 그럼 카배 스배 둘다 무료화야?
[2021-12-10 22:32:17] <긴돌리 (altusaltus)> ㄷㄱㄷㄱㄷㄱㄷ
[2021-12-10 22:32:17] <플릭이다 (plice_01)> ㄷㄱㄷㄱ
[2021-12-10 22:32:18] <쁠순이ㅎ (jangchanghwan03)> ㄷㄱㄷㄱㄷㄱㄷㄱ
[2021-12-10 22:32:20] <%밤하늘23 (lierl1)> ㄷㄱㄷㄱㄷㄱ
[2021-12-10 22:32:21] <saarm_725> 고연..
[2021-12-10 22:32:22] <흙송이 (soilsongyi)> 어린 친구들의 접근이 매우..
[2021-12-10 22:32:22] <인간은약하지크킄 (kdm272727)> 픽스펍지같은건 아니것지
[2021-12-10 22:32:26] <십일월_06 (dspi2125)> ㄷㄱㄷㄱㄷㄱㄷㄱ
[2021-12-10 22:32:26] BITS: bigba1028 (100)
[2021-12-10 22:32:26] <$빅바1028 (bigba1028)> Cheer100 기대가 됩니다
[2021-12-10 22:32:30] <자쿠가_세_배지요 (helium7947)> ㄷㄱㄷㄱㄷㄱㄷㄱㄷㄱ
[2021-12-10 22:32:30] <%+마깨비 (makkaebi04)> 엌ㅋㅋㅋ
[2021-12-10 22:32:31] <saarm_725> ㅈㅂㅈㅂㅈㅂ
[2021-12-10 22:32:33] <geon12404> ㄷㄱㄷㄱㄷㄱㄷㄱㄷㄱ
[2021-12-10 22:32:34] <@%탸토 (bibin9906)> 일반전유저한테 왜그라누 허어엉..
[2021-12-10 22:32:34] <saarm_725> ㅋㅋㅋㅋㅋㅋㅋㅋㅋㅋㅋㅋㅋㅋㅋㅋㅋㅋ
[2021-12-10 22:32:35] <마왕스탈린 (gangdh02)> 보상 너무짜 ㅋㅋㅋ
[2021-12-10 22:32:35] <%레이디_ (fpdleld)> 일반전유저거든요
[2021-12-10 22:32:40] <%레이디_ (fpdleld)> 갑자기빡치네
[2021-12-10 22:32:50] <플릭이다 (plice_01)> ??
[2021-12-10 22:32:50] <@%탸토 (bibin9906)> 러브레터?
[2021-12-10 22:32:52] <saarm_725> ㅋㅋㅋㅋㅋㅋㅋㅋㅋㅋㅋㅋㅋㅋㅋㅋ
[2021-12-10 22:32:53] <%레이디_ (fpdleld)> 데브?
[2021-12-10 22:32:53] <요와이 (yowhy08)> 무료화하면 잼민이 놈들 날뛸거 같은데
[2021-12-10 22:32:54] <인생전소 (qprtmddn)> 개발자
[2021-12-10 22:32:54] <_마춘 (koh06062123)> 개발
[2021-12-10 22:32:55] <긴돌리 (altusaltus)> 러브레턴줄
[2021-12-10 22:32:55] <$윈드브릿지 (poonggyo0415)> 디벨로퍼?
[2021-12-10 22:32:57] <%레이디_ (fpdleld)> 데드레터가 아니라?
[2021-12-10 22:32:57] <쁠순이ㅎ (jangchanghwan03)> 데 뭐??
[2021-12-10 22:32:58] <긴돌리 (altusaltus)> 디벨로퍼
[2021-12-10 22:33:00] <기분이가좋은사람 (kimseowoo123)> 시스터즈
[2021-12-10 22:33:02] <크봇 (mat6882)> 데브시스터즈
[2021-12-10 22:33:03] <tlsk14> 데브?
[2021-12-10 22:33:03] <%레이디_ (fpdleld)> 죽음의 편지 아니야?
[2021-12-10 22:33:03] <saarm_725> 영어 울렁증...
[2021-12-10 22:33:04] <카레상궁 (77_1991ray)> 데구 브산
[2021-12-10 22:33:04] <루시아97 (skdml308)> 개발자 편지..
[2021-12-10 22:33:05] <%레이디_ (fpdleld)> ㅋㅋㅋㅋㅋ
[2021-12-10 22:33:09] <_마춘 (koh06062123)> 데브(개발) 레터(일지)
[2021-12-10 22:33:14] <aswns0> 쿠키런 회사
[2021-12-10 22:33:17] <%tmddl2684> 개발자....
[2021-12-10 22:33:22] <_마춘 (koh06062123)> 데브 쿠키런 회샄ㅋㅋㅋㅋㅋ
[2021-12-10 22:33:23] <마왕스탈린 (gangdh02)> 읽는사람 생각 안하누...
[2021-12-10 22:33:39] <@%탸토 (bibin9906)> 맞지..
[2021-12-10 22:33:40] <saarm_725> 그치
[2021-12-10 22:33:40] <빅바1028 (bigba1028)> 허엉 ㅠㅠ
[2021-12-10 22:33:41] <긴돌리 (altusaltus)> 하드웨어 제재?
[2021-12-10 22:33:46] <%blue_billcipher> ㅋㅋㅋㅋㅋㅋㅋㅋㅋ
[2021-12-10 22:33:50] <pgh192837> 와
[2021-12-10 22:33:50] <빅바1028 (bigba1028)> 너무 힘들어한 펍지
[2021-12-10 22:33:55] <쁠순이ㅎ (jangchanghwan03)> 아직 안버렸구나!?
[2021-12-10 22:33:56] <pgh192837> 정말대단하다
[2021-12-10 22:34:00] <크봇 (mat6882)> 내가 신고하면서 30명은 잡았는대 뭘 잡아
[2021-12-10 22:34:06] <@%탸토 (bibin9906)> 안티치트가 극한직업..
[2021-12-10 22:34:11] <saarm_725> ㅋㅋㅋㅋㅋㅋㅋㅋㅋㅋㅋㅋㅋㅋ
[2021-12-10 22:34:14] <idopopop> 악
[2021-12-10 22:34:15] <좋구만좋아 (hihimp5252)> 절대 막을 수 없지
[2021-12-10 22:34:17] <카레상궁 (77_1991ray)> 그것을 전문용어로 쿠션어 라고 함미다
[2021-12-10 22:34:20] <_리핸_ (jhr5324)> 절대 못 막지
[2021-12-10 22:34:30] <인생전소 (qprtmddn)> 요즘 핵도 AI 기술까지 도입하는 중이라고 함
[2021-12-10 22:34:32] <엄청개고수 (highwater1350)> 오.,.배그 뭔가 좀 바뀌나?
[2021-12-10 22:34:35] <$윈드브릿지 (poonggyo0415)> 아무리 빡센 안티치트여도 새는 경우가 있지
[2021-12-10 22:34:39] <%yoon8019> 사람은 한정되있는데 계속 나오잖아
[2021-12-10 22:34:47] <pgh192837> 핵을 그래도 확실하게 다 막을수는 없지
[2021-12-10 22:34:54] <자쿠가_세_배지요 (helium7947)> 저거 막는 fps게임은 유저 없는 게임뿐이지
[2021-12-10 22:34:55] <쁠순이ㅎ (jangchanghwan03)> 15배
[2021-12-10 22:36:10] <%$크레짱 (riri1090)> 으음
[2021-12-10 22:36:13] <%6강의엘리펀츠 (electronicelephants)> 블하
[2021-12-10 22:36:20] <%$크레짱 (riri1090)> 블하
[2021-12-10 22:36:29] <@%탸토 (bibin9906)> 오 자킨토스 뭔가 멋져..
[2021-12-10 22:36:35] <인간은약하지크킄 (kdm272727)> 배틀아이 버리는건가
[2021-12-10 22:36:40] <마왕스탈린 (gangdh02)> 프로토스 친구인가
[2021-12-10 22:36:45] <saarm_725> 흠
[2021-12-10 22:36:49] <junseo1102> 일단?사전예약 완료
[2021-12-10 22:37:10] <긴돌리 (altusaltus)> ㅋㅋ
[2021-12-10 22:37:10] <@%탸토 (bibin9906)> 당해봐야한다ㅋㅋ
[2021-12-10 22:37:12] <%6강의엘리펀츠 (electronicelephants)> 일단 예방주사부터ㅋㅋㅋㅋ
[2021-12-10 22:37:15] <junseo1102> ㅋㅋㅋ
[2021-12-10 22:37:15] <긴돌리 (altusaltus)> 일단 맞고 봐야지
[2021-12-10 22:37:15] <dse2122> ㅋ
[2021-12-10 22:37:20] <플릭이다 (plice_01)> ㅌㅋㅋㅋㅋㅋㅋㅋㅋㅋ
[2021-12-10 22:37:22] <_마춘 (koh06062123)> 예방주사 ㅋㅋㅋㅋㅋㅋㅋㅋㅋ
[2021-12-10 22:37:31] <자쿠가_세_배지요 (helium7947)> 백신 맞네ㅋㅋㅋㅋ
[2021-12-10 22:37:50] <@%탸토 (bibin9906)> 오...
[2021-12-10 22:37:54] <마왕스탈린 (gangdh02)> 종간나이더스 커널 드라이버 기술 도입
[2021-12-10 22:38:06] <%6강의엘리펀츠 (electronicelephants)> 플레이어 김블루즈 배틀그라운드 만들죠
[2021-12-10 22:38:10] <@%탸토 (bibin9906)> ㅋㅋㅋㅋㅋㅋㅋㅋㅋㅋ
[2021-12-10 22:38:13] BITS: bigba1028 (100)
[2021-12-10 22:38:13] <빅바1028 (bigba1028)> Cheer100 나름 노오력중일수도
[2021-12-10 22:38:16] <쁠순이ㅎ (jangchanghwan03)> ㅋㅋㅋㅋ?
[2021-12-10 22:38:16] <학교가기싫다ㅏ (kjammini)> zzzzzzzz
[2021-12-10 22:38:20] <pgh192837> 어?
[2021-12-10 22:38:21] <junseo1102> ㅋㅋㅋ
[2021-12-10 22:38:24] <%blue_billcipher> ㅋㅋㅋㅋㅋㅋㅋㅋㅋㅋㅋ
[2021-12-10 22:38:34] <@%탸토 (bibin9906)> 오 24시간
[2021-12-10 22:38:36] <인생전소 (qprtmddn)> 28퍼센트면 나름 엄청 노력한겁니다
[2021-12-10 22:38:56] <흙송이 (soilsongyi)> 카카오 보상 획득 조건이 뭐에요?
[2021-12-10 22:39:00] <로이03 (fpfhdl07)> 많이 좋아졌네요~
[2021-12-10 22:39:02] <쁠순이ㅎ (jangchanghwan03)> 아
[2021-12-10 22:39:50] <bluevol37> 블하
[2021-12-10 22:39:53] <@%탸토 (bibin9906)> 오..
[2021-12-10 22:40:02] <빅바1028 (bigba1028)> 크흠
[2021-12-10 22:40:04] <saarm_725> 음...
[2021-12-10 22:40:11] <@^Nightbot> 후원은 https://twip.kr/donate/rainblue37 // https://toon.at/donate/636949771761511868
[2021-12-10 22:40:27] <빅바1028 (bigba1028)> 어떤애는 경쟁전에서 맵뚫고 보트타고있던데
[2021-12-10 22:40:27] <비둘기당9999 (jhy9988)> 배그 무료,,?
[2021-12-10 22:40:32] <@%탸토 (bibin9906)> 99퍼 감소 오.
[2021-12-10 22:40:39] <hyun_040> 와
[2021-12-10 22:40:41] <학교가기싫다ㅏ (kjammini)> 오오
[2021-12-10 22:40:43] <마왕스탈린 (gangdh02)> 데톨처럼 100%는 아니구나
[2021-12-10 22:40:45] <@%탸토 (bibin9906)> 비켄디 때ㅋㅋㅋ
[2021-12-10 22:40:46] <쁠순이ㅎ (jangchanghwan03)> 플라잉핵 만난적이 한번...?
[2021-12-10 22:40:48] <%_에덴 (edenberyl95)> 블하 rainblHI
[2021-12-10 22:40:55] <$윈드브릿지 (poonggyo0415)> ㅋㅋㅋㅋㅋㅋㅋㅋㅋ
[2021-12-10 22:40:55] <%+마깨비 (makkaebi04)> 아 그거ㅋㅋㅋㅋㅋ
[2021-12-10 22:40:55] <빅바1028 (bigba1028)> 잡는다의 의미를
[2021-12-10 22:40:56] <@%탸토 (bibin9906)> 아 메드킷 정의구현ㅋㅋ
[2021-12-10 22:40:56] <자쿠가_세_배지요 (helium7947)> ㅋㅋㅋㅋㅋㅋㅋㅋ
[2021-12-10 22:40:57] <쁠순이ㅎ (jangchanghwan03)> ㅋㅋㅋㅋㅋㅋㅋㅋㅋㅋㅋ
[2021-12-10 22:40:58] <%_현지니 (guswlsl9164)> ㅋㅋㅋㅋㅋㅋㅋㅋㅋㅋㅋ
[2021-12-10 22:40:58] <@$펍지메드킷 (pubgbattlegrounds_kr)> 물리
[2021-12-10 22:40:59] <비둘기당9999 (jhy9988)> ㅋㅋㅋㅋ
[2021-12-10 22:40:59] <플릭이다 (plice_01)> 아 ㅋㅋㅋㅋㅋㅋㅋㅋㅋㅋㅋ
[2021-12-10 22:41:00] <%밤하늘23 (lierl1)> 요격 ㅋㅋㅋㅋㅋㅋㅋ
[2021-12-10 22:41:00] <tlsk14> ㅋㅋㅋㅋㅋㅋㅋㅋ
[2021-12-10 22:41:03] <학교가기싫다ㅏ (kjammini)> ㅌㅋㅋㅋㅋㅋㅋㅋㅋ
[2021-12-10 22:41:03] <%tmddl2684> ㅋㅋㅋㅋㅋㅋㅋㅋ
[2021-12-10 22:41:03] <인생전소 (qprtmddn)> 아에 움직임 관련 함수를 대대적으로 손본거 같아요
[2021-12-10 22:41:03] <@$펍지메드킷 (pubgbattlegrounds_kr)> ㅋㅋㅋㅋ
[2021-12-10 22:41:03] <빅바1028 (bigba1028)> 그거 아직도 못잊음 ㅋㅋㅋㅋㅋㅋㅋㅋㅋ
[2021-12-10 22:41:03] <%blue_billcipher> ㅋㅋㅋㅋㅋㅋㅋㅋㅋㅋ
[2021-12-10 22:41:04] <%백_5325 (back5325)> 아 맞어요 ,ㅋㅋㅋㅋㅋ
[2021-12-10 22:41:09] <@^Nightbot> @김블루 -> A 60s commercial has been started.
[2021-12-10 22:41:10] <긴돌리 (altusaltus)> 핵잡기 (물리)
[2021-12-10 22:41:12] <빅바1028 (bigba1028)> 잡다(물리)
[2021-12-10 22:41:21] <학교가기싫다ㅏ (kjammini)> 처치(물리)
[2021-12-10 22:41:28] <@%탸토 (bibin9906)> 굿
[2021-12-10 22:41:30] <로이03 (fpfhdl07)> ㅋㅋㅋㅋㅋㅋㅋㅋㅋㅋㅋㅋㅋㅋ
[2021-12-10 22:41:32] <빅바1028 (bigba1028)> 해충 박멸이다 이마리야
[2021-12-10 22:41:32] <moonsil> 거의 손소독제
[2021-12-10 22:41:34] <인생전소 (qprtmddn)> 박살내긴했네 ㅋㅋㅋㅋ
[2021-12-10 22:41:34] <@%탸토 (bibin9906)> ㅋㅋㅋㅋㅋㅋㅋㅋㅋㅋ
[2021-12-10 22:41:36] <$윈드브릿지 (poonggyo0415)> ㅋㅋㅋㅋㅋㅋㅋㅋㅋㅋㅋㅋㅋㅋㅋㅋ
[2021-12-10 22:41:36] <%+마깨비 (makkaebi04)> ㅋㅋㅋㅋㅋㅋㅋ
[2021-12-10 22:41:38] <%밤하늘23 (lierl1)> ㅋㅋㅋㅋㅋㅋㅋㅋㅋㅋㅋ
[2021-12-10 22:41:41] <@$펍지메드킷 (pubgbattlegrounds_kr)> 한번이 아닐텐데?
[2021-12-10 22:41:43] <하늘업 (sky_up56)> 갔지 그때
[2021-12-10 22:41:45] <학교가기싫다ㅏ (kjammini)> ㅋㅋㅋㅋㅋㅋㅋㅋㅋ
[2021-12-10 22:41:46] <쁠순이ㅎ (jangchanghwan03)> 그건 너님 잘못이자나ㅋㅋㅋ
[2021-12-10 22:41:47] <톰_7 (tom34111)> ㅋㅋㅋㅋㅋㅋㅋㅋㅋㅋㅋㅋㅋㅋㅋㅋㅋㅋㅋㅋㅋㅋ
[2021-12-10 22:41:47] <%tmddl2684> ㅋㅋㅋㅋㅋㅋㅋ
[2021-12-10 22:41:48] <긴돌리 (altusaltus)> 두세번아님?
[2021-12-10 22:41:49] <%+마깨비 (makkaebi04)> 바로 컫ㅋㅋㅋ
[2021-12-10 22:41:59] <@%탸토 (bibin9906)> 많이 했지ㅋㅋㅋ
[2021-12-10 22:42:01] <학교가기싫다ㅏ (kjammini)> ???:제가 직접 해보겠습니다
[2021-12-10 22:42:02] <빅바1028 (bigba1028)> 유튭각의 위한 제물이랄까
[2021-12-10 22:42:05] <%압구정호랑이 (seo1797)> 맞지
[2021-12-10 22:42:08] <데일리라마 (ish070112)> 이렇게 개발일지 올리면서 불법 프로그램에 대한 대응을 하고있으면 다행이도(?) 계속 노력중인거고 99.97%에 대한 핵은 막으려고 노력은 그래도 대단하다고 생각함
[2021-12-10 22:42:11] <%tmddl2684> ㅋㅋㅋㅋㅋ
[2021-12-10 22:42:11] <@$펍지메드킷 (pubgbattlegrounds_kr)> 아 그럼 나쁜짓할려고 가이날 재미만 있으면 날라다녀도 된다??
[2021-12-10 22:42:23] <내가_보는_스트리머_바보 (kor_geonbread)> 핵을 잡은적도 많고...
[2021-12-10 22:42:24] <로이03 (fpfhdl07)> ㅋㅋㅋㅋㅋㅋㅋㅋㅋ
[2021-12-10 22:42:25] <데일리라마 (ish070112)> ㅋㅋㅋㅋㅋㅋㅋ
[2021-12-10 22:42:29] <빅바1028 (bigba1028)> 핵한테 버스받는거?
[2021-12-10 22:42:31] <플릭이다 (plice_01)> 아아.. ㅋㅋㅋㅋㅋ
[2021-12-10 22:42:33] <%6강의엘리펀츠 (electronicelephants)> 부계정으로 들어와서 킬 조작하는거
[2021-12-10 22:42:33] <%yoon8019> 일부러 지는거
[2021-12-10 22:42:37] <크봇 (mat6882)> 킬조작
[2021-12-10 22:42:37] <_마춘 (koh06062123)> 핵한테 버스 타기.
[2021-12-10 22:42:47] <moonsil> 일부러 지거나 상대 매수같은거
[2021-12-10 22:42:50] <학교가기싫다ㅏ (kjammini)> 일부러 상대방이랑 같이 매칭잡아서 티밍 비슷하게하는거
[2021-12-10 22:42:51] <긴돌리 (altusaltus)> 승부조작
[2021-12-10 22:42:57] BITS: chan06829 (1)
[2021-12-10 22:42:57] <chan06829> Cheer1 형 나 이제 와서 지금 상황을 몰라 죄송한데 알려주세요ㅠ
[2021-12-10 22:43:01] <_마춘 (koh06062123)> 일부러 지기, 승부 조작, 핵한테 버스 타기
[2021-12-10 22:43:06] <%_에덴 (edenberyl95)> 앗
[2021-12-10 22:43:08] <$윈드브릿지 (poonggyo0415)> 앗
[2021-12-10 22:43:08] <%6강의엘리펀츠 (electronicelephants)> 그게 누구지?
[2021-12-10 22:43:10] <solina1020> 아앗..
[2021-12-10 22:43:11] <쁠순이ㅎ (jangchanghwan03)> ㄱㅂ
[2021-12-10 22:43:11] <junseo1102> 앗
[2021-12-10 22:43:13] <%blue_billcipher> 앗
[2021-12-10 22:43:18] <%밤하늘23 (lierl1)> 아...
[2021-12-10 22:43:18] <빅바1028 (bigba1028)> 앗..아아...
[2021-12-10 22:43:19] <@%탸토 (bibin9906)> 허허..
[2021-12-10 22:43:22] <%tmddl2684> 앗...
[2021-12-10 22:43:23] <wuco1473> 앗
[2021-12-10 22:43:26] <dse2122> rainblHaha
[2021-12-10 22:43:26] <빅바1028 (bigba1028)> 다이아 구간부터 핵증가
[2021-12-10 22:43:30] <학교가기싫다ㅏ (kjammini)> 아앗.....
[2021-12-10 22:44:04] <톰_7 (tom34111)> ㅋㅋㅋㅋㅋㅋㅋㅋㅋㅋ
[2021-12-10 22:44:07] <쁠순이ㅎ (jangchanghwan03)> 청년노안;;
[2021-12-10 22:44:13] <학교가기싫다ㅏ (kjammini)> 나이가 드는구먼....
[2021-12-10 22:44:22] <엄청개고수 (highwater1350)> 안티치트...이게 효과가 있으려나...
[2021-12-10 22:44:29] <@%탸토 (bibin9906)> 거의 타노스해버린건가
[2021-12-10 22:44:31] <콘샐러드0 (abc1184)> 그냥 질린거아닐까
[2021-12-10 22:44:35] <쁠순이ㅎ (jangchanghwan03)> ㄹㅇ?
[2021-12-10 22:44:38] <코리아피아 (korpia_)> ㄱㄹ ㄴㄴㄴ
[2021-12-10 22:44:48] <흙송이 (soilsongyi)> 카카오도 1300g코인 들와요?
[2021-12-10 22:44:50] <테엠페에스으트으 (t3mp35t_)> ,
[2021-12-10 22:45:11] <겁많은팽도리 (starocean3)> 그만큼 유저도하락..
[2021-12-10 22:45:17] <빅바1028 (bigba1028)> 경쟁돌리는데 한판에 퇴장당하는사람이 5명이였던게 기억에 남네요
[2021-12-10 22:45:31] <쁠순이ㅎ (jangchanghwan03)> 어우 그래프;;
[2021-12-10 22:45:32] <톰_7 (tom34111)> ㄹㅇㅋㅋ
[2021-12-10 22:45:36] <코리아피아 (korpia_)> 아니죠 게임을 하는 사람이 주는 거죠
[2021-12-10 22:45:38] <톰_7 (tom34111)> 한글로...
[2021-12-10 22:45:39] <@%탸토 (bibin9906)> 이미지 한국어 없나..
[2021-12-10 22:45:48] <Gam_clean1> 배그 무료ㅘ 날짜가??
[2021-12-10 22:46:09] <톰_7 (tom34111)> ㅋㅋㅋㅋㅋㅋㅋㅋㅋ
[2021-12-10 22:46:15] <빅바1028 (bigba1028)> 몰래몰래 쓰는거디
[2021-12-10 22:46:16] <흙송이 (soilsongyi)> 카카오는 어떻게 되는건가요?
[2021-12-10 22:46:22] <@%탸토 (bibin9906)> 자세히 알고싶은분들은 배그공식카페로 보시는게
[2021-12-10 22:46:33] <@$펍지메드킷 (pubgbattlegrounds_kr)> 1월 12일 입니당
[2021-12-10 22:46:40] <Gam_clean1> 알려주면 안됌? 걍
[2021-12-10 22:46:43] <톰_7 (tom34111)> ㅋㅋㅋㅋㅋㅋㅋㅋㅋㅋㅋㅋㅋㅋㅋㅋㅋㅋㅋㅋㅋㅋㅋㅋ
[2021-12-10 22:46:45] <%blue_billcipher> ㅋㅋㅋㅋㅋㅋㅋ
[2021-12-10 22:46:46] <쁠순이ㅎ (jangchanghwan03)> ㅋㅋㅋㅋㅋㅋㅋㅋㅋㅋㅋ
[2021-12-10 22:46:48] <톰_7 (tom34111)> 유지인데....
[2021-12-10 22:46:50] <인생전소 (qprtmddn)> 핵 고소엔딩 필요하다
[2021-12-10 22:46:53] <Gam_clean1> 오 감사함당
[2021-12-10 22:47:08] <톰_7 (tom34111)> 아~~~~
[2021-12-10 22:47:13] <톰_7 (tom34111)> 테스트 한거구나~
[2021-12-10 22:47:17] <Gam_clean1> 메드킷님이 직접 알려주시다니 ㄷ
[2021-12-10 22:47:24] <쁠순이ㅎ (jangchanghwan03)> 아 그게 테스트였ㅋㅋㅋ
[2021-12-10 22:47:54] <_마춘 (koh06062123)> 테스트를 왜 고통스럽게 우리가.....
[2021-12-10 22:47:55] <톰_7 (tom34111)> ㄹㅇㅋㅋ ㅋㅋㅋㅋㅋㅋㅋㅋ
[2021-12-10 22:47:55] <빅바1028 (bigba1028)> ㅋㅋ루ㅃㅃ
[2021-12-10 22:48:02] <orangistic> ㅋㅋㅋㅋㅋㅋㅋㅋ
[2021-12-10 22:48:03] <톰_7 (tom34111)> ㅋㅋㅋㅋㅋㅋㅋㅋㅋㅋㅋㅋㅋㅋㅋㅋㅋㅋㅋㅋㅋ
[2021-12-10 22:48:05] <야끼무_ (yakkimu)> 뭐야 무슨일이야
[2021-12-10 22:48:05] <에엠천사 (super_mhs)> 방제보고왔는데 ㄹㅇ?
[2021-12-10 22:48:08] <tlsk14> ㅋㅋㅋㅋㅋㅋㅋㅋㅋㅋㅋ
[2021-12-10 22:48:11] <@%탸토 (bibin9906)> 그땐 거의 핵..
[2021-12-10 22:48:11] <인생전소 (qprtmddn)> 이론과 실제는 다르다
[2021-12-10 22:48:24] <엄청개고수 (highwater1350)> 하긴...
[2021-12-10 22:48:28] <야끼무_ (yakkimu)> 지금 무슨일이죠
[2021-12-10 22:48:28] <톰_7 (tom34111)> ㄹㅇ
[2021-12-10 22:48:40] <@%탸토 (bibin9906)> ㅋㅋㅋㅋㅋ??
[2021-12-10 22:48:40] <톰_7 (tom34111)> ㅋㅋㅋㅋㅋㅋㅋㅋㅋㅋㅋㅋㅋㅋㅋㅋㅋㅋㅋㅋㅋㅋㅋㅋㅋㅋㅋㅋㅋㅋ
[2021-12-10 22:48:42] <k_jam1210> 안녕하세요
[2021-12-10 22:48:45] <햇살21 (luminous_sun)> ㅋㅋㅋㅋㅋㅋㅋㅋㅋ
[2021-12-10 22:48:47] <빅바1028 (bigba1028)> 도망치세요 제발....
[2021-12-10 22:48:47] <쁠순이ㅎ (jangchanghwan03)> ㅋㅋㅋㅋ?
[2021-12-10 22:48:51] <욕못하는선비 (dksktlq5)> 무료화 되지만 2500시간 32000원 하나도 안아깝다ㅠㅠ
[2021-12-10 22:49:02] <야끼무_ (yakkimu)> 진짜 무료화인가요
[2021-12-10 22:49:07] <흙송이 (soilsongyi)> 네
[2021-12-10 22:49:09] <woojinjeong0910> 갑자기 홍보…
[2021-12-10 22:49:13] <야끼무_ (yakkimu)> 언제부터이죠?
[2021-12-10 22:49:14] <Twipkr>* 톰_7님 1,000원 후원 너무나 감사합니다! 개꿀!
[2021-12-10 22:49:22] <에이스050 (juhyeon0)> !디코
[2021-12-10 22:49:22] <@^Nightbot> https://discord.gg/z9pY7PJ 생방송에서 하는 컨텐츠들을 알려주는 공지방입니다
[2021-12-10 22:49:32] <톰_7 (tom34111)> ㄹㅇㅋㅋ
[2021-12-10 22:49:33] <%6강의엘리펀츠 (electronicelephants)> 백문이 불여일견이니라....
[2021-12-10 22:49:34] <욕못하는선비 (dksktlq5)> 신고율이 줄은게 핵을 많이 잡아서 줄은걸까.. 유저가 줄은걸까..
[2021-12-10 22:49:38] <%+마깨비 (makkaebi04)> ㅋㅋㅋㅋㅋㅋㅋ
[2021-12-10 22:49:39] <dohosmun> 백문이불여일견이요
[2021-12-10 22:49:40] <톰_7 (tom34111)> ㅋㅋㅋㅋㅋㅋㅋㅋㅋㅋㅋㅋㅋㅋㅋㅋㅋㅋㅋㅋㅋㅋㅋㅋㅋㅋㅋㅋㅋㅋㅋ
[2021-12-10 22:49:43] <에엠천사 (super_mhs)> ㅋㅋㅋㅋㅋㅋㅋㅋㅋ
[2021-12-10 22:49:44] <%blue_billcipher> ㅋㅋㅋㅋㅋㅋㅋㅋㅋㅋㄴ
[2021-12-10 22:49:44] <jeria914> ㅋㅋㅋㅋㅋㅋㅋㅋㅋㅋㅋㅋ
[2021-12-10 22:49:45] <%skdh0258> ㅋㅋㅋㅋㅋ
[2021-12-10 22:49:46] <@%탸토 (bibin9906)> 이야
[2021-12-10 22:49:48] <앰구 (am_gool)> 블하
[2021-12-10 22:49:50] <톰_7 (tom34111)> ㅋㅋㅋㅋㅋㅋㅋㅋㅋㅋ
[2021-12-10 22:49:55] <쁠순이ㅎ (jangchanghwan03)> 나만 죽을수 없ㅈ
[2021-12-10 22:50:00] <인생전소 (qprtmddn)> 진짜 함 해보쉴?
[2021-12-10 22:50:04] <spr2435> 백말ㅋㅋㅋ
[2021-12-10 22:50:07] <%tmddl2684> ㅋㅋㅋㅋㅋㅋㅋㅋㅋㅋㅋㅋㅋ
[2021-12-10 22:50:12] <@^Nightbot> 후원은 https://twip.kr/donate/rainblue37 // https://toon.at/donate/636949771761511868
[2021-12-10 22:50:12] <에엠천사 (super_mhs)> 드디어 일한다(?)
[2021-12-10 22:50:14] <톰_7 (tom34111)> ㅋㅋㅋㅋㅋㅋㅋㅋㅋ
[2021-12-10 22:50:17] <@%탸토 (bibin9906)> 직접 체험ㅋㅋ
[2021-12-10 22:50:23] <앰구 (am_gool)> 블루님은 핵잡아서 상관없으시자나요 ㅋㅋㅋㅋ
[2021-12-10 22:50:24] <$윈드브릿지 (poonggyo0415)> ㅋㅋㅋㅋㅋㅋㅋㅋㅋㅋㅋㅋㅋㅋㅋㅋㅋㅋ
[2021-12-10 22:50:31] <spr2435> ㅋㅋㅋㅋㅋㅋ
[2021-12-10 22:50:31] <에엠천사 (super_mhs)> ㅋㅋㅋㅋㅋㅋ
[2021-12-10 22:50:32] <%_현지니 (guswlsl9164)> ㅋㅋㅋㅋㅋㅋㅋㅋㅋㅋㅋㅋㅋ
[2021-12-10 22:50:33] <톰_7 (tom34111)> ㅋㅋㅋㅋㅋㅋㅋㅋㅋㅋㅋㅋㅋㅋㅋㅋㅋㅋㅋㅋㅋㅋㅋㅋㅋㅋㅋㅋㅋ
[2021-12-10 22:50:36] <$윈드브릿지 (poonggyo0415)> 자, 직접 체험해봐야지?
[2021-12-10 22:50:42] <에엠천사 (super_mhs)> 라떼는말이야~
[2021-12-10 22:50:45] <앰구 (am_gool)> 자 드가자
[2021-12-10 22:50:57] BITS: bigba1028 (50)
[2021-12-10 22:50:57] <빅바1028 (bigba1028)> Cheer50 ???:내가 해봐야 알지
[2021-12-10 22:51:22] <ububgg9> 배그 무료라고용?
[2021-12-10 22:51:28] <에엠천사 (super_mhs)> ㄹㅇ 많긴맣음
[2021-12-10 22:51:37] <톰_7 (tom34111)> 감소인가??
[2021-12-10 22:51:40] <인생전소 (qprtmddn)> 감소하긴 했음
[2021-12-10 22:51:49] <앰구 (am_gool)> 핵 그래도 많이 감소했다
[2021-12-10 22:51:51] <빅바1028 (bigba1028)> 살짝
[2021-12-10 22:51:52] <에엠천사 (super_mhs)> 감소인지 모르겠군
[2021-12-10 22:52:04] <빅바1028 (bigba1028)> 향후 중요
[2021-12-10 22:52:12] <@%탸토 (bibin9906)> 아
[2021-12-10 22:52:19] <야끼무_ (yakkimu)> 무료화 언제부터인가요
[2021-12-10 22:52:22] <에엠천사 (super_mhs)> ???:3줄요약해주세요
[2021-12-10 22:52:28] <ndk4507> 배그 이제 무료인가요?
[2021-12-10 22:52:28] <톰_7 (tom34111)> 마자요
[2021-12-10 22:52:37] <테엠페에스으트으 (t3mp35t_)> 80요
[2021-12-10 22:52:38] <인생전소 (qprtmddn)> 너무 높이면 그건 그거대로 문제라서
[2021-12-10 22:52:51] <톰_7 (tom34111)> ㄹㅇㅋㅋ
[2021-12-10 22:52:54] <qpwosg> 배그가무료라니 ;;;
[2021-12-10 22:52:56] <에엠천사 (super_mhs)> ㅋㅋㅋㅋ맞짘ㅋㅋ
[2021-12-10 22:52:57] <빅바1028 (bigba1028)> 삭둑삭둑
[2021-12-10 22:52:58] <qpwosg> ㄷㄷ
[2021-12-10 22:52:58] <쁠순이ㅎ (jangchanghwan03)> ㅋㅋㅋㅋ?
[2021-12-10 22:53:10] <에엠천사 (super_mhs)> 쉽게쉽게 가야지
[2021-12-10 22:53:38] <김블루유튭구독2번한쁠몬 (twitch_cha4s_0723)> 블하
[2021-12-10 22:53:45] <코리아피아 (korpia_)> 그 태두리 핵은?
[2021-12-10 22:53:52] <페일비 (pale_b03)> 고생이 많으시네
[2021-12-10 22:53:54] <에엠천사 (super_mhs)> 음~
[2021-12-10 22:53:55] <톰_7 (tom34111)> 그쵸그쵸
[2021-12-10 22:54:02] <김히치 (kimchi1919)> 며칠부터 무료화 시작인가용
[2021-12-10 22:54:12] <톰_7 (tom34111)> ㅋㅋㅋㅋㅋㅋㅋㅋㅋㅋㅋㅋ
[2021-12-10 22:54:13] <페일비 (pale_b03)> 1월14일 일꺼에요
[2021-12-10 22:54:17] <에엠천사 (super_mhs)> 이걸로 더 강화 될수있긴하지핵이
[2021-12-10 22:54:21] <_마춘 (koh06062123)> 2022년 1월 12일 수요일이요.
[2021-12-10 22:54:23] <인생전소 (qprtmddn)> 사실 통계밖에 못 보여주는 이유도 저기서 나온걸껍니다
[2021-12-10 22:54:28] <페일비 (pale_b03)> 아 12일 이구나
[2021-12-10 22:54:34] <에엠천사 (super_mhs)> 맞지맞지
[2021-12-10 22:54:34] <ububgg9> 무료화되면 핵  더 많아지긋너
[2021-12-10 22:55:01] <graplc> 블하
[2021-12-10 22:55:02] <그해 (taiyang8274)> 이제 핵과의 전쟁인가
[2021-12-10 22:55:29] <에엠천사 (super_mhs)> ???:핵들과의 전쟁 12일 대개봉
[2021-12-10 22:55:35] <@%탸토 (bibin9906)> 경험담이 많다
[2021-12-10 22:55:35] <톰_7 (tom34111)> ㅋㅋㅋㅋㅋㅋㅋㅋㅋㅋㅋㅋㅋㅋㅋㅋㅋ
[2021-12-10 22:55:42] <tyishwjw> 오
[2021-12-10 22:55:47] <톰_7 (tom34111)> ㄹㅇㅋㅋ
[2021-12-10 22:55:49] <tyishwjw> ㅋㅋㅋㅋㅋㅋ
[2021-12-10 22:56:15] <톰_7 (tom34111)> ㅋㅋㅋㅋㅋㅋㅋㅋㅋㅋㅋ
[2021-12-10 22:56:22] <tyishwjw> ㅇㅇ
[2021-12-10 22:56:34] <빅바1028 (bigba1028)> 거의 어벤져스 앤드게임
[2021-12-10 22:56:35] <그해 (taiyang8274)> ㄹㅇㅋㅋ
[2021-12-10 22:56:35] <tyishwjw> ㅇㅈ
[2021-12-10 22:56:38] <츠히엔 (tsuhien)> 개발자들도 직접 경험을 해봐야 한다...
[2021-12-10 22:56:48] <%뻠쓰123 (rlaqjagh123)> 배그 5개 샀으니 접는다
[2021-12-10 22:57:07] <에엠천사 (super_mhs)> 이건 조금 아쉽다
[2021-12-10 22:57:09] <tyishwjw> 나 강퇴해주셈
[2021-12-10 22:57:10] [Notification] 뻠쓰123 subscribed at Tier 1. They've subscribed for 3 months, currently on a 3 month streak! [앙]
[2021-12-10 22:57:10] <톰_7 (tom34111)> ㄹㅇㅋㅋ...
[2021-12-10 22:57:16] <나가림 (coma0805)> 배그 업데 할때마다 드는 생각 아 게임도 안해보고 업데하네ㅋㅋㅋ
[2021-12-10 22:57:18] <tyishwjw> ㅅㅅ
[2021-12-10 22:57:28] <에엠천사 (super_mhs)> ?
[2021-12-10 22:57:32] <밤바람15 (duddn7213)> 존버는 승리한다인가
[2021-12-10 22:57:32] <tyishwjw> ㅏ나나나
[2021-12-10 22:57:35] <톰_7 (tom34111)> ㅋㅋㅋㅋㅋㅋㅋㅋㅋㅋㅋㅋㅋㅋㅋㅋㅋㅋㅋㅋㅋㅋㅋ
[2021-12-10 22:57:37] <밤바람15 (duddn7213)> 안샀는데
[2021-12-10 22:57:39] <@%탸토 (bibin9906)> ㅋㅋㅋㅋㅋㅋㅋㅋㅋㅋ
[2021-12-10 22:57:43] BAN: tyishwjw
[2021-12-10 22:57:48] <쁠순이ㅎ (jangchanghwan03)> 와! 김블루 버스!
[2021-12-10 22:57:53] <밤바람15 (duddn7213)> 개이득
[2021-12-10 22:57:58] <그해 (taiyang8274)> 말잇못..
[2021-12-10 22:58:11] <에엠천사 (super_mhs)> 와 블루버스 무료승차권!
[2021-12-10 22:58:13] <톰_7 (tom34111)> ㅇㅎㅇㅎ
[2021-12-10 22:58:33] <%KillerXero> 오..?
[2021-12-10 22:58:35] <쁠순이ㅎ (jangchanghwan03)> 의미가?ㅋㅋㅋ
[2021-12-10 22:58:36] <톰_7 (tom34111)> 아 어제 배그 파트너 모임
[2021-12-10 22:58:41] <톰_7 (tom34111)> 이여?
[2021-12-10 22:58:42] <dohosmun> 크래프톤 가셨었나요??
[2021-12-10 22:58:49] <%6강의엘리펀츠 (electronicelephants)> 아 어제 모임있었지
[2021-12-10 22:58:52] <tjwnsgh6632> 카카오배그도 똑같이 무료화?
[2021-12-10 22:58:56] <%+마깨비 (makkaebi04)> ㅋㅋㅋㅋㅋㅋㅋ
[2021-12-10 22:58:58] <에엠천사 (super_mhs)> ㅋㅋㅋㅋㅋㅋㅋ
[2021-12-10 22:58:58] <beryl_08> 그럼 내 3만2천우ㅜㄴ
[2021-12-10 22:58:58] <%tmddl2684> 오옹?
[2021-12-10 22:58:58] <톰_7 (tom34111)> ? ㅋㅋㅋㅋㅋㅋ
[2021-12-10 22:58:58] <@%탸토 (bibin9906)> 띠용?
[2021-12-10 22:59:00] <_마춘 (koh06062123)> 카배도 무료화.
[2021-12-10 22:59:00] <쁠순이ㅎ (jangchanghwan03)> ㅋㅋㅋㅋ?
[2021-12-10 22:59:00] <@$펍지메드킷 (pubgbattlegrounds_kr)> 열심히 만들었는데..
[2021-12-10 22:59:04] <%tmddl2684> 버려...???
[2021-12-10 22:59:04] <%6강의엘리펀츠 (electronicelephants)> 그거 빨간 봉투에 담겨온거자너
[2021-12-10 22:59:05] <@%탸토 (bibin9906)> 그걸 버리시네..
[2021-12-10 22:59:05] <에엠천사 (super_mhs)> ㅋㅋㅋㅋㅋ
[2021-12-10 22:59:07] <beryl_08> 어캐 돼는검?
[2021-12-10 22:59:08] <톰_7 (tom34111)> ㅋㅋㅋㅋㅋㅋㅋㅋㅋㅋㅋㅋㅋㅋ
[2021-12-10 22:59:14] <jscabin> 카배만 무료화 인가요?
[2021-12-10 22:59:15] <tjwnsgh6632> 홀리몰리..
[2021-12-10 22:59:16] <Twipkr>* 프로듀서트수님 1,000원 후원 너무나 감사합니다! 개꿀!
[2021-12-10 22:59:17] <빅바1028 (bigba1028)> 쩝..
[2021-12-10 22:59:25] <하늘업 (sky_up56)> 배그 모두무료
[2021-12-10 22:59:27] <_마춘 (koh06062123)> 스배, 카배, 콘솔 배그 다 무료화라고 듣긴 했는데.
[2021-12-10 22:59:29] <그해 (taiyang8274)> 근데 무료화 의도는 뭐임?
[2021-12-10 22:59:29] <dohosmun> ㅔ
[2021-12-10 22:59:31] <에엠천사 (super_mhs)> 과연 있을까?ㅋㅋ
[2021-12-10 22:59:41] <하늘업 (sky_up56)> 1월입니다
[2021-12-10 22:59:52] <갤_럭시 (leejm4551)> 차라리 배그 무료화 한 김에 인원을 더 쏟아붓는거 보다는 배그 2를 개발하는게 시간적인 측면말고는 다 좋을거 같은데
[2021-12-10 22:59:54] <%tmddl2684> 1월 입니다..
[2021-12-10 22:59:55] <_마춘 (koh06062123)> 유저 감소로 인한 매치메이킹 문제로 인해 무료화 하는거 아닐까 싶어요.
[2021-12-10 22:59:55] <%6강의엘리펀츠 (electronicelephants)> ㅁㅋㅋㅋㅋㅋㅋㅋㅋㅋㅋ
[2021-12-10 22:59:55] <빅바1028 (bigba1028)> 말만듣고가네 ㅋㅋㅋㅋㅋㅋㅋㅋㅋㅋ
[2021-12-10 22:59:56] <%+마깨비 (makkaebi04)> ㅋㅋㅋㅋㅋ
[2021-12-10 22:59:57] <톰_7 (tom34111)> ㅋㅋㅋㅋㅋㅋㅋㅋㅋㅋㅋㅋㅋㅋㅋㅋㅋ
[2021-12-10 22:59:58] <dohosmun> 쿨트수 ㄷㄷㄷ
[2021-12-10 22:59:59] <에엠천사 (super_mhs)> 내 디코인줄 알았네 ㅋㅋ
[2021-12-10 23:00:00] <@%탸토 (bibin9906)> ㅋㅋㅋㅋ
[2021-12-10 23:00:02] <%tmddl2684> ㅋㅋㅋㅋㅋㅋㅋㅋㅋㅋ
[2021-12-10 23:00:02] <쁠순이ㅎ (jangchanghwan03)> 펀쿨섹하시네ㅋㅋㅋ
[2021-12-10 23:00:03] <tjwnsgh6632> 디코 소리 듣고 순간 디코를 들어가버렸다
[2021-12-10 23:00:04] <%chuaakx_x> ㅋㅋㅋㅋㅋㅋㅋㅋㅋㅋ
[2021-12-10 23:00:09] <빅바1028 (bigba1028)> 수고비읍
[2021-12-10 23:00:12] <에엠천사 (super_mhs)> 디코킨사람?ㅋㅋ
[2021-12-10 23:00:14] <kbj090308> ㅋㅋㅋㅋㅋ
[2021-12-10 23:00:17] <tjwnsgh6632> ㅋㅋㅋㅋㅋㅋㅋㅋㅋㅋㅋ
[2021-12-10 23:00:18] <@^Nightbot> 후원은 https://twip.kr/donate/rainblue37 // https://toon.at/donate/636949771761511868
[2021-12-10 23:00:21] <@%탸토 (bibin9906)> 오
[2021-12-10 23:00:22] <%+마깨비 (makkaebi04)> 오 뭐야ㅋㅋ
[2021-12-10 23:00:24] <tlsk14> 오
[2021-12-10 23:00:24] <쁠순이ㅎ (jangchanghwan03)> 오
[2021-12-10 23:00:25] <빅바1028 (bigba1028)> 입쁘다
[2021-12-10 23:00:25] <에엠천사 (super_mhs)> 오
[2021-12-10 23:00:27] <%tmddl2684> 오
[2021-12-10 23:00:27] <모찌라이언 (yoosoohun04)> 오!
[2021-12-10 23:00:29] <모도치 (kungboo_)> 오
[2021-12-10 23:00:29] <페일비 (pale_b03)> 오
[2021-12-10 23:00:29] <%_현지니 (guswlsl9164)> 오
[2021-12-10 23:00:31] <%tmddl2684> 예쁘다!!
[2021-12-10 23:00:31] <%+마깨비 (makkaebi04)> 어...
[2021-12-10 23:00:32] <@%탸토 (bibin9906)> 악 내목
[2021-12-10 23:00:32] <모도치 (kungboo_)> 뭐야
[2021-12-10 23:00:32] <에엠천사 (super_mhs)> 오 이쁜디?
[2021-12-10 23:00:34] <%6강의엘리펀츠 (electronicelephants)> 에라이 안봐
[2021-12-10 23:00:35] <톰_7 (tom34111)> ? ㅋㅋㅋㅋㅋㅋㅋ
[2021-12-10 23:00:37] <%chuaakx_x> 봉투 이쁘다
[2021-12-10 23:00:39] <그해 (taiyang8274)> 스트레칭 ㄷㄷ
[2021-12-10 23:00:42] <빅바1028 (bigba1028)> 어리 90도로 꺾어야하다니
[2021-12-10 23:00:47] <%tmddl2684> ?ㅋㅋㅋㅋㅋㅋㅋㅋ
[2021-12-10 23:00:52] <갤_럭시 (leejm4551)> 키키 맵?
[2021-12-10 23:00:53] <톰_7 (tom34111)> ㅋㅋㅋㅋㅋㅋㅋㅋㅋㅋㅋㅋㅋㅋㅋㅋㅋㅋㅋㅋㅋㅋ
[2021-12-10 23:00:56] <tlsk14> ㅋㅋㅋㅋㅋㅋㅋㅋㅋ
[2021-12-10 23:00:57] <에엠천사 (super_mhs)> 목 90도로 꺽어야 볼수있는방송 ㅋㅋ
[2021-12-10 23:00:58] <kbj090308> ㅋㅋㅋㅋㅋㅋㅋㅋㅋㅋ
[2021-12-10 23:00:59] <%tmddl2684> ㅋㅋㅋㅋㅋㅋㅋㅋㅋㅋㅋㅋㅋㅋ
[2021-12-10 23:01:07] Viewerstats (22:30-23:01): avg:657 min:599 max:745 [17/745+0-63+0+0-22+0+0+28-67+0+12+0+0-13+0-21]
[2021-12-10 23:01:23] <@^Nightbot> https://discord.gg/z9pY7PJ 생방송에서 하는 컨텐츠들을 알려주는 공지방입니다
[2021-12-10 23:01:27] <@%탸토 (bibin9906)> 편안
[2021-12-10 23:01:28] <빅바1028 (bigba1028)> 이야
[2021-12-10 23:01:30] <그해 (taiyang8274)> 이야
[2021-12-10 23:01:30] <톰_7 (tom34111)> 편----안
[2021-12-10 23:01:30] <빅바1028 (bigba1028)> 편-안
[2021-12-10 23:01:30] <tlsk14> 와
[2021-12-10 23:01:30] <%_현지니 (guswlsl9164)> 편안
[2021-12-10 23:01:30] <츠히엔 (tsuhien)> 편안
[2021-12-10 23:01:31] <에엠천사 (super_mhs)> 와 대다나다
[2021-12-10 23:01:32] <쁠순이ㅎ (jangchanghwan03)> 편안
[2021-12-10 23:01:32] <페일비 (pale_b03)> 이야 역시
[2021-12-10 23:01:40] <하늘2에요 (bluesky72425)> 블하
[2021-12-10 23:01:46] <%tmddl2684> 와 편안하다~~
[2021-12-10 23:01:53] <hongyw090917> 편안
[2021-12-10 23:01:58] <빅바1028 (bigba1028)> party?
[2021-12-10 23:01:59] <톰_7 (tom34111)> ㅋㅌㅋㅋㅋㅋㅋㅋㅋㅋㅋㅋㅋㅋㅋㅋㅋㅋㅋㅋㅋ
[2021-12-10 23:01:59] <인간은약하지크킄 (kdm272727)> 맛난거 주는줄알았는데
[2021-12-10 23:02:04] <tlsk14> ㅋㅋㅋㅋㅋㅋ
[2021-12-10 23:02:07] <junseo1102> ㅋㅋㅋㅋㅋㅋㅋㅋㅋㅋㅋ
[2021-12-10 23:02:13] <형준이형 (nighta07)> !배그
[2021-12-10 23:02:13] <@^Nightbot> @김블루 -> A 60s commercial has been started.
[2021-12-10 23:02:18] <@%탸토 (bibin9906)> 와우
[2021-12-10 23:02:35] <에엠천사 (super_mhs)> 또 디코 내꺼인줄ㅋㅋ
[2021-12-10 23:02:42] <%tmddl2684> ㅋㅋㅋㅋㅋㅋㅋㅋㅋ
[2021-12-10 23:02:44] <빅바1028 (bigba1028)> 거의 학교 시간표
[2021-12-10 23:03:05] <쁠순이ㅎ (jangchanghwan03)> ㅋㅋㅋㅋㅋㅋㅋㅋㅋㅋㅋ
[2021-12-10 23:03:08] <@%탸토 (bibin9906)> 와ㅋㅋㅋ
[2021-12-10 23:03:08] <톰_7 (tom34111)> ㅇㅎㅇㅎ
[2021-12-10 23:03:09] <%+마깨비 (makkaebi04)> ㅋㅋㅋㅋㅋㅋㅋ
[2021-12-10 23:03:11] <톰_7 (tom34111)> ㅋㅋㅋㅋㅋㅋㅋㅋㅋㅋㅋㅋㅋㅋㅋㅋㅋㅋㅋㅋㅋㅋㅋㅋ
[2021-12-10 23:03:13] <%tmddl2684> ㅇㅎㅇㅎ
[2021-12-10 23:03:14] <junseo1102> ㅋㅋㅋㅋ
[2021-12-10 23:03:15] <%_현지니 (guswlsl9164)> ㅋㅋㅋㅋㅋㅋㅋㅋㅋ
[2021-12-10 23:03:16] <tlsk14> ㅋㅋㅋㅋㅋㅋㅋ
[2021-12-10 23:03:16] <모찌라이언 (yoosoohun04)> ㅋㅋㅋㅋㅋㅋㅋㅋㅋㅋㅋㅋㅋㅋㅋ
[2021-12-10 23:03:16] <그해 (taiyang8274)> ?
[2021-12-10 23:03:16] <에엠천사 (super_mhs)> ㅋㅋㅋㅋㅋ 함정카드발동!!!
[2021-12-10 23:03:19] <톰_7 (tom34111)> ㅎㄷ ㄷ
[2021-12-10 23:03:20] <junseo1102> ?
[2021-12-10 23:03:22] <%KillerXero> (대충 물음표 핑 찍히는 소리)
[2021-12-10 23:03:23] <그해 (taiyang8274)> (충격)
[2021-12-10 23:03:23] <@%탸토 (bibin9906)> 상상도 못한
[2021-12-10 23:03:23] <leesang052> 블하
[2021-12-10 23:03:25] <%tmddl2684> ㅎㄷㄷ...??????
[2021-12-10 23:03:25] <톰_7 (tom34111)> ㅋㅋㅋㅋㅋㅋㅋㅋㅋㅋㅋㅋㅋㅋㅋㅋㅋㅋㅋㅋㅋ
[2021-12-10 23:03:33] <junseo1102> ㄴㅇㄱ
[2021-12-10 23:03:46] <에엠천사 (super_mhs)> 상상치도 못한정체 ㅋㅋㅋ
[2021-12-10 23:03:47] <엄청개고수 (highwater1350)> 오...배그 페스티벌?
[2021-12-10 23:03:50] <%+마깨비 (makkaebi04)> 오?ㅋㅋㅋㅋ
[2021-12-10 23:03:52] <톰_7 (tom34111)> 네ㅔ
[2021-12-10 23:03:52] <쁠순이ㅎ (jangchanghwan03)> 오오
[2021-12-10 23:03:54] <@%탸토 (bibin9906)> 오
[2021-12-10 23:03:54] <%tmddl2684> 오오
[2021-12-10 23:03:56] <모도치 (kungboo_)> 오오오
[2021-12-10 23:03:57] <%tmddl2684> 네네!!
[2021-12-10 23:03:59] <그해 (taiyang8274)> 잘했상
[2021-12-10 23:03:59] <junseo1102> ?
[2021-12-10 23:04:03] <모찌라이언 (yoosoohun04)> 오오오!
[2021-12-10 23:04:07] <츠히엔 (tsuhien)> 오
[2021-12-10 23:04:12] <@$펍지메드킷 (pubgbattlegrounds_kr)> 어제 상받고 김블루님 울었음
[2021-12-10 23:04:13] <@$펍지메드킷 (pubgbattlegrounds_kr)> 비밀
[2021-12-10 23:04:16] <@%탸토 (bibin9906)> ㄷㄷ
[2021-12-10 23:04:16] <페일비 (pale_b03)> ㅋㅋㅋㅋㅋㅋㅋ
[2021-12-10 23:04:17] <%_청사초롱 (kimyukgug)> 블하
[2021-12-10 23:04:17] <@$펍지메드킷 (pubgbattlegrounds_kr)> 빨리 채팅 넘겨..
[2021-12-10 23:04:18] <%LIAN_201> ㅋㅋㅋㅋㅋㅋㅋㅋㅋㅋㅋㅋ
[2021-12-10 23:04:19] <_마춘 (koh06062123)> 헐.... ㅎㄷㄷ
[2021-12-10 23:04:19] <벌레_ (choijunghyun1234)> ㅋㅋㅋㅋㅋㅋㅋㅋ
[2021-12-10 23:04:20] <$우일이 (wooil27)> ㅋㅋㅋㅋㅋ
[2021-12-10 23:04:20] <쿠쿠라리 (gkdms058)> ㅋㅋㅋㅋㅋㅋㅋ
[2021-12-10 23:04:21] <페일비 (pale_b03)> ^^7
[2021-12-10 23:04:21] <@%탸토 (bibin9906)> ^^7
[2021-12-10 23:04:22] <%LIAN_201> 넘겨넘겨
[2021-12-10 23:04:22] <junseo1102> ㅋㅋㅋㅋㅋㅋㅋㅋㅋㅋㅋ
[2021-12-10 23:04:22] <쁠순이ㅎ (jangchanghwan03)> 늘바
[2021-12-10 23:04:24] <츠히엔 (tsuhien)> ㅋㅋ ㅋㅋㅋㅋㅋㅋㅋㅋ
[2021-12-10 23:04:24] <벌레_ (choijunghyun1234)> 영차
[2021-12-10 23:04:25] <그해 (taiyang8274)> ㄹㅇㅋㅋ
[2021-12-10 23:04:25] <%마리야_ (lovmarie)> ㅋㅋㅋㅋㅋㅋㅋ
[2021-12-10 23:04:26] <junseo1102> ^^7
[2021-12-10 23:04:26] <%tmddl2684> ^^7
[2021-12-10 23:04:27] <%chuaakx_x> ㅋㅋㅋㅋㅋㅋㅋㅋㅋㅋㅋㅋㅋㅋㅋㅋㅋㅋㅋㅋㅋㅋㅋㅋㅋㅋㅋㅋㅋㅋㅋ
[2021-12-10 23:04:27] <페일비 (pale_b03)> ^^7~
[2021-12-10 23:04:27] <%LIAN_201> ^^7
[2021-12-10 23:04:27] <_마춘 (koh06062123)> ^^7
[2021-12-10 23:04:28] <@%탸토 (bibin9906)> ㅋㅋㅋㅋㅋㅋㅋㅋㅋㅋ
[2021-12-10 23:04:29] <벌레_ (choijunghyun1234)> 앗
[2021-12-10 23:04:31] <junseo1102> ^^7~
[2021-12-10 23:04:31] <페일비 (pale_b03)> 아 걸렸넹
[2021-12-10 23:04:32] <모찌라이언 (yoosoohun04)> ^^7
[2021-12-10 23:04:34] <$우일이 (wooil27)> 앜
[2021-12-10 23:04:34] <쿠쿠라리 (gkdms058)> 앗ㅋㅋㅋㅋㅋㅋ
[2021-12-10 23:04:35] <%LIAN_201> 굿^^
[2021-12-10 23:04:37] <페일비 (pale_b03)> ^^7
[2021-12-10 23:04:37] <%chuaakx_x> ㅋㅋㅋㅋㅋㅋㅋㅋㅋㅋㅋㅋㅋㅋㅋㅋ
[2021-12-10 23:04:37] <hongyw090917> ㅋㅋㅋㅋㅋㅂ
[2021-12-10 23:04:37] <모도치 (kungboo_)> 아이
[2021-12-10 23:04:38] <%tmddl2684> ㅋㅋㅋㅋㅋㅋㅋㅋ
[2021-12-10 23:04:38] <junseo1102> ㅋㅋㅋㅋㅋㅋㅋㅋㅋㅋㅋ
[2021-12-10 23:04:40] <톰_7 (tom34111)> ㅋㅋㅋㅋㅋㅋㅋㅋㅋㅋㅋㅋㅋㅋㅋㅋㅋㅋㅋㅋㅋㅋㅋㅋㅋㅋㅋㅋㅋ
[2021-12-10 23:04:40] <루미님_ (fnal12)> ㅋㅋㅋㅋㅋㄱㅋㄱㅋㄱㅋㄱㅋㅋ
[2021-12-10 23:04:42] <tlsk14> ㅋㅋㅋㅋㅋㅋㅋ
[2021-12-10 23:04:43] <_마춘 (koh06062123)> 아~ 걸렸넹.
[2021-12-10 23:04:43] <모도치 (kungboo_)> ㅋㅋㅋㅋㅋㅋ
[2021-12-10 23:04:43] <그해 (taiyang8274)> ? ㅋㅋㅋ
[2021-12-10 23:04:43] <%tmddl2684> 앗...
[2021-12-10 23:04:44] <페일비 (pale_b03)> ㅋㅋㅋㅋㅋ
[2021-12-10 23:04:44] <junseo1102> 훌쩍
[2021-12-10 23:04:45] <%LIAN_201> 들켰네
[2021-12-10 23:04:46] <%tmddl2684> ㅋㅋㅋㅋㅋㅋㅋ
[2021-12-10 23:04:48] <엄청개고수 (highwater1350)> ㅋㅋㅋㅋ
[2021-12-10 23:04:48] <@%탸토 (bibin9906)> 캠하
[2021-12-10 23:04:50] <%_현지니 (guswlsl9164)> 캠하
[2021-12-10 23:04:52] <쁠순이ㅎ (jangchanghwan03)> 미개봉 중고거래 가능한가요
[2021-12-10 23:04:53] <%6강의엘리펀츠 (electronicelephants)> 옷은 맨날 똑같네
[2021-12-10 23:04:55] <하늘업 (sky_up56)> 캠하
[2021-12-10 23:04:56] <%+마깨비 (makkaebi04)> 어 뭐야ㅋㅋㅋ
[2021-12-10 23:04:57] <모도치 (kungboo_)> 오 제대론데?
[2021-12-10 23:04:58] <@%탸토 (bibin9906)> 오
[2021-12-10 23:04:59] <%tmddl2684> 캠하
[2021-12-10 23:04:59] <루미님_ (fnal12)> 오오
[2021-12-10 23:05:00] <그해 (taiyang8274)> 존잘
[2021-12-10 23:05:01] <heyrim17> 캠하
[2021-12-10 23:05:01] <%LIAN_201> 오
[2021-12-10 23:05:01] <페일비 (pale_b03)> 오오
[2021-12-10 23:05:03] <tlsk14> 오오오
[2021-12-10 23:05:03] <%yoon8019> 배가 더 나왔네
[2021-12-10 23:05:04] <heyrim17> 오오
[2021-12-10 23:05:04] <%chuaakx_x> 크흐
[2021-12-10 23:05:05] <톰_7 (tom34111)> ㅋㅋㅋㅋㅋㅋㅋㅋㅋㅋㅋㅋㅋㅋㅋㅋㅋㅋㅋㅋㅋㅋㅋㅋㅋㅋㅋ
[2021-12-10 23:05:05] <햇살21 (luminous_sun)> 오오
[2021-12-10 23:05:12] <_리핸_ (jhr5324)> 오오오오
[2021-12-10 23:05:15] <벌레_ (choijunghyun1234)> 블루님 왜 옷이 안바뀌시는거같지
[2021-12-10 23:05:17] <%+마깨비 (makkaebi04)> ㅋㅋㅋㅋㅋㅋㅋㅋ
[2021-12-10 23:05:18] <junseo1102> 오
[2021-12-10 23:05:18] <%6강의엘리펀츠 (electronicelephants)> 상장 90도 꺾기!
[2021-12-10 23:05:18] <@%탸토 (bibin9906)> 김사장ㅋㅋㅋㅋㅋㅋ
[2021-12-10 23:05:20] <루미님_ (fnal12)> ㅋㅋㅋㅋㅋㅋ김사장
[2021-12-10 23:05:21] <%KillerXero> 김사장ㅋㅋㅋㅋㅋㅋ
[2021-12-10 23:05:23] <하늘업 (sky_up56)> 감사장
[2021-12-10 23:05:23] <빅바1028 (bigba1028)> 김사장!
[2021-12-10 23:05:23] <junseo1102> 이제 새거 아니네
[2021-12-10 23:05:24] <heyrim17> ㅋㅋㅋㅋㅋㅋㅋㅋ
[2021-12-10 23:05:27] <츠히엔 (tsuhien)> 김사장 ㅋㅋㅋㅋㅋ
[2021-12-10 23:05:40] <페일비 (pale_b03)> 크으
[2021-12-10 23:05:43] <톰_7 (tom34111)> 크으.......
[2021-12-10 23:05:44] <$우일이 (wooil27)> 정보 제공...?
[2021-12-10 23:05:46] <@%탸토 (bibin9906)> 와아..
[2021-12-10 23:05:48] <%tmddl2684> 크으......
[2021-12-10 23:05:49] <쿠쿠라리 (gkdms058)> 크으
[2021-12-10 23:05:52] <모찌라이언 (yoosoohun04)> 와우
[2021-12-10 23:05:56] <페일비 (pale_b03)> 키야~
[2021-12-10 23:05:58] <루미님_ (fnal12)> 오오
[2021-12-10 23:06:00] <톰_7 (tom34111)> 트로피~~~~
[2021-12-10 23:06:01] <쁠순이ㅎ (jangchanghwan03)> 금?
[2021-12-10 23:06:01] <%tmddl2684> 와아아
[2021-12-10 23:06:02] <@%탸토 (bibin9906)> ㅇ0ㅇ
[2021-12-10 23:06:03] <%_현지니 (guswlsl9164)> 오오\
[2021-12-10 23:06:04] <%+마깨비 (makkaebi04)> 오오
[2021-12-10 23:06:09] <%tmddl2684> 오오오오오
[2021-12-10 23:06:09] <%6강의엘리펀츠 (electronicelephants)> 아 양주 아니네
[2021-12-10 23:06:11] <톰_7 (tom34111)> ㅋㅋㅋㅋㅋㅋㅋㅋㅋㅋㅋㅋ
[2021-12-10 23:06:12] <meykeith37> 청룡영화제
[2021-12-10 23:06:16] <츠히엔 (tsuhien)> ㅋㅋㅋㅋㅋㅋㅋㅋㅋㅋ
[2021-12-10 23:06:19] <junseo1102> zㅋㅋㅋㅋㅋㅋㅋㅋㅋㅋ
[2021-12-10 23:06:21] <_리핸_ (jhr5324)> ㅋㅋㅋㅋㅋㅋㅋㅋㅋㅋㅋ
[2021-12-10 23:06:30] <쁠순이ㅎ (jangchanghwan03)> 나름..?잘 만들었네요ㅋㅋㅋ
[2021-12-10 23:06:32] <톰_7 (tom34111)> ㅋㅋㅋㅋㅋㅋㅋㅋㅋ
[2021-12-10 23:06:37] <@%탸토 (bibin9906)> 뿌듯하시겠다
[2021-12-10 23:06:42] <%uoosawol> 오오
[2021-12-10 23:06:42] <츠히엔 (tsuhien)> 정보제공이 눈에 잘뛴다
[2021-12-10 23:06:42] <bluevol37> ㅋㅋㅋㅋ
[2021-12-10 23:06:42] <ddolbay> 이러케 보여주다 떨궈서 깨지면 유튭각
[2021-12-10 23:06:49] <%6강의엘리펀츠 (electronicelephants)> 저거 무거운 플라스틱ㅋㅋㅋ
[2021-12-10 23:06:54] <%tmddl2684> 와 예쁘게 잘 만들었네요ㅎㅎ
[2021-12-10 23:07:06] <페일비 (pale_b03)> 맞지
[2021-12-10 23:07:07] <벌레_ (choijunghyun1234)> ㅋㅋㅋㅋㅋㅋ
[2021-12-10 23:07:07] <톰_7 (tom34111)> ㅋㅋㅋㅋㅋㅋㅋㅋㅋㅋㅋㅋㅋㅋㅋㅋㅋㅋㅋㅋㅋㅋㅋㅋㅋㅋㅋㅋㅋㅋㅋㅋㅋㅋㅋㅋㅋㅋㅋ
[2021-12-10 23:07:10] <톰_7 (tom34111)> ㄹㅇㅋㅋ
[2021-12-10 23:07:12] <@%탸토 (bibin9906)> 순금이였으면 읍..
[2021-12-10 23:07:12] <페일비 (pale_b03)> ㅋㅋㅋㅋㅋㅋㅋㅋ
[2021-12-10 23:07:16] <쁠순이ㅎ (jangchanghwan03)> 아니?
[2021-12-10 23:07:18] <%tmddl2684> 맞지ㅋㅋㅋㅋㅋㅋ
[2021-12-10 23:07:21] <쿠쿠라리 (gkdms058)> 맞지맞지
[2021-12-10 23:07:32] <@%탸토 (bibin9906)> 모르겠다라니ㅋㅋㅋ
[2021-12-10 23:07:33] <%tmddl2684> 그치그치
[2021-12-10 23:07:43] <%KillerXero> 집에서 뉴발 슬리퍼를 신으시네
[2021-12-10 23:07:43] <츠히엔 (tsuhien)> 자리만 차지하는 쓸데없는 장식품..
[2021-12-10 23:07:47] <톰_7 (tom34111)> ㅋㅋㅋㅋㅋㅋㅋㅋ
[2021-12-10 23:07:49] <bluevol37> 상장은 문상에 딸려오는 종이지
[2021-12-10 23:07:50] <쁠순이ㅎ (jangchanghwan03)> 옷 빠는거 맞지...?
[2021-12-10 23:07:50] <나가림 (coma0805)> 옛날에는 진짜금이였는데 도난사건이 많아서 가짜로 바뀜
[2021-12-10 23:07:56] <엄청개고수 (highwater1350)> 캠하~~
[2021-12-10 23:08:18] <톰_7 (tom34111)> ㅋㅋㅋㅋㅋㅋㅋㅋㅋ
[2021-12-10 23:08:22] <%윤윤튭 (yoonyoontub)> 블하
[2021-12-10 23:08:24] <%tmddl2684> ㅋㅋㅋㅋㅋㅋㅋㅋㅋㅋㅋ
[2021-12-10 23:08:24] <junseo1102> 미리 유튜브 편집을..
[2021-12-10 23:08:24] <@%탸토 (bibin9906)> 캠바?
[2021-12-10 23:08:25] <%윤윤튭 (yoonyoontub)> 캠하
[2021-12-10 23:08:28] <톰_7 (tom34111)> ㅋㅋㅋㅋㅋㅋㅋ
[2021-12-10 23:08:32] <$뮨륜턴 (mulyunton413)> 블하
[2021-12-10 23:08:32] <_마춘 (koh06062123)> 무료화 할때 되긴 한것 같긴 했음.
[2021-12-10 23:08:33] <@%탸토 (bibin9906)> ㅋㅋㅋㅋㅋㅋ
[2021-12-10 23:08:40] <쁠순이ㅎ (jangchanghwan03)> ㅂㄱㄱ?
[2021-12-10 23:08:41] <페일비 (pale_b03)> 1주뒤에 먼지 그득
[2021-12-10 23:08:45] <@%탸토 (bibin9906)> 저런
[2021-12-10 23:08:46] <%6강의엘리펀츠 (electronicelephants)> ㅋㅋㅋㅋㅋㅋㅋㅋㅋㅋㅋ
[2021-12-10 23:08:46] <tlsk14> ㅋㅋㅋㅋㅋ
[2021-12-10 23:08:47] <%tmddl2684> 근데 블루님 옷 없으세요...???
[2021-12-10 23:08:47] <인간은약하지크킄 (kdm272727)> 앗
[2021-12-10 23:08:47] <모도치 (kungboo_)> ㅋㅋㅋㅋㅋㅋㅋㅋㅋㅋㅋㅋㅋㅋㅋㅋㅋ
[2021-12-10 23:08:47] <엄청개고수 (highwater1350)> ㅋㅋㅋㅋ
[2021-12-10 23:08:48] <%+마깨비 (makkaebi04)> ?ㅋㅋㅋㅋㅋㅋㅋ
[2021-12-10 23:08:48] <페일비 (pale_b03)> ㅋㅋㅋㅋㅋㅋㅋㅋㅋㅋㅋㅋㅋ
[2021-12-10 23:08:48] <쁠순이ㅎ (jangchanghwan03)> ㅋㅋㅋㅋㅋㅋㅋㅋㅋㅋㅋ
[2021-12-10 23:08:48] <Twipkr>* 눈치없는사람님 1,000원 후원 너무나 감사합니다! 개꿀!
[2021-12-10 23:08:49] <%LIAN_201> ㅋㅋㅋㅋㅋㅋㅋㅋㅋㅋㅋ
[2021-12-10 23:08:49] <하늘2에요 (bluesky72425)> ㅋㅋㅋㅋㅋㅋ
[2021-12-10 23:08:49] <%KillerXero> 어ㅡ?
[2021-12-10 23:08:50] <%_현지니 (guswlsl9164)> ㅋㅋㅋㅋㅋㅋㅋㅋㅋㅋㅋㅋㅋ
[2021-12-10 23:08:50] <햇살21 (luminous_sun)> ㅋㅋㅋㅋㅋㅋㅋㅋㅋㅋㅋ
[2021-12-10 23:08:51] <쿠쿠라리 (gkdms058)> ㅋㅋㅋㅋㅋㅋㅋ
[2021-12-10 23:08:52] <벌레_ (choijunghyun1234)> ㅋㅋㅋㅋㅋㅋㅋㅋ
[2021-12-10 23:08:55] <junseo1102> ㅋㅋㅋㅋㅋ
[2021-12-10 23:08:55] <heyrim17> ㅋㅋㅋㅋㅋㅋㅋㅋㅋㅋㅋㅋ
[2021-12-10 23:08:55] <페일비 (pale_b03)> 맥이네
[2021-12-10 23:08:56] <하늘2에요 (bluesky72425)> 국방 ㅋㅋㅋㅋㅋ
[2021-12-10 23:08:56] <%tmddl2684> 앗....ㅋㅋㅋㅋㅋㅋ
[2021-12-10 23:08:56] <%LIAN_201> 저런ㅋㅋㅋㅋㅋㅋㅋㅋ
[2021-12-10 23:08:56] <%+마깨비 (makkaebi04)> 마지막까지ㅋㅋㅋㅋㅋㅋ
[2021-12-10 23:08:57] <톰_7 (tom34111)> 봤어요 ㅋㅋㅋㅋㅋㅋㅋ
[2021-12-10 23:08:57] <페일비 (pale_b03)> ㅋㅋㅋㅋㅋㅋㅋㅋㅋㅋㅋㅋㅋㅋ
[2021-12-10 23:08:58] <%6강의엘리펀츠 (electronicelephants)> 크래프톤 나쁜 인간들ㅋㅋㅋㅋㅋㅋㅋ
[2021-12-10 23:08:58] <많이게으른개미 (blueheartcf)> 카트
[2021-12-10 23:08:59] <$애리스_ (irislike)> 까까머리 보셨나요
[2021-12-10 23:08:59] <모찌라이언 (yoosoohun04)> ㅋㅋㅋㅋㅋㅋㅋㅋㅋㅋㅋㅋㅋㅋㅋㅋㅋㅋㅋ
[2021-12-10 23:08:59] <_리핸_ (jhr5324)> ㅋㅋㅋㅋㅋㅋㅋㅋㅋㅋㅋ
[2021-12-10 23:09:00] <$우일이 (wooil27)> 이걸ㅋㅋㅋㅋ
[2021-12-10 23:09:01] <공룡ㅋ둘리 (goddulii)> ㅋㅋ
[2021-12-10 23:09:04] <jinwook2006> 아앗ㅋㅋㅋㅋㅋㅋㅋ
[2021-12-10 23:09:04] <@%탸토 (bibin9906)> 혹시 그거 브이로그하셨나요ㅋㅋ?
[2021-12-10 23:09:06] <츠히엔 (tsuhien)> 앗 군바의 상장 ㅋㅋㅋㅋㅋ
[2021-12-10 23:09:06] <쁠순이ㅎ (jangchanghwan03)> 와 진짜 나쁘다ㅋㅋ이걸 보내버리네
[2021-12-10 23:09:06] <junseo1102> 너어무 부러업다
[2021-12-10 23:09:06] <빅바1028 (bigba1028)> 아 ㅋㅋㅋㅋㅋㅋㅋㅋㅋ
[2021-12-10 23:09:07] <ddolbay> 상이 아니라 멕이는건데?
[2021-12-10 23:09:09] <moonsil> 진짜 나빴다 ㅋㅋㅋㅋㅋㅋㅋ
[2021-12-10 23:09:11] <%+마깨비 (makkaebi04)> 진짜 나쁘다ㅋㅋㅋ
[2021-12-10 23:09:15] <sgminpig> ㅋㅋㅋㅋㅋㅋ
[2021-12-10 23:09:17] <Twipkr>* 톰_7님 1,000원 후원 너무나 감사합니다! 개꿀!
[2021-12-10 23:09:17] <엄청개고수 (highwater1350)> ㅋㅋㅋㅋ 역시 군입대하는사람은 놀려야 제맛이지
[2021-12-10 23:09:21] <하늘업 (sky_up56)> 거의 멕이는것인데?
[2021-12-10 23:09:23] <@%탸토 (bibin9906)> ㅋㅋㅋㅋㅋㅋㅋ
[2021-12-10 23:13:45] <%KillerXero> 쇼츠로 올리자여
[2021-12-10 23:14:48] <%6강의엘리펀츠 (electronicelephants)> 훈련소 가면 폰도 못쓰니까 못볼거야ㅎㅎ
[2021-12-10 23:15:05] <톰_7 (tom34111)> 네ㅔㅔㅔ
[2021-12-10 23:15:11] <$우일이 (wooil27)> ㅔㅔ
[2021-12-10 23:16:03] <junseo1102> 제일 웃었을듯
[2021-12-10 23:16:42] <$애리스_ (irislike)> 이제 가실때는 차로 태워다 주시는거죠?
[2021-12-10 23:16:50] <%tmddl2684> ㅔㅔ
[2021-12-10 23:16:58] <_리핸_ (jhr5324)> 형 꼭 올려줘
[2021-12-10 23:17:12] <빅바1028 (bigba1028)> 인*그램
[2021-12-10 23:17:17] <톰_7 (tom34111)> ㅋㅋㅋㅋㅋㅋㅋㅋㅋㅋㅋㅋㅋㅋㅋㅋㅋㅋㅋㅋㅋㅋㅋ
