# Log started: 2021-12-10 22:02:33 +0900
[2021-12-10 22:02:33] #s2_mariel 채널 입장 중입니다
[2021-12-10 22:02:34] #s2_mariel 채널에 입장했습니다
[2021-12-10 22:02:34] ~얍 (´• ω •`)ﾉ🧡 (Just Chatting)~
[2021-12-10 22:02:35] <%갱생_베네디아 (benedia24)> 리에링은 평소에 어떤 게임 해요?
[2021-12-10 22:02:49] <%노여야아 (shdudidk)> 요즘은 컴 모바일 둘다 고인물들만 남아서 안 하시는게 좋으실거에요
[2021-12-10 22:02:50] <%갱생_베네디아 (benedia24)> 아하
[2021-12-10 22:02:57] <%갱생_베네디아 (benedia24)> 요새 롤체에 좀 빠지고있는데
[2021-12-10 22:02:57] <%설친치즈 (cream_pong)> 롤도 하셨어요?
[2021-12-10 22:02:58] <gangwange> 아무것두하기싫당 daromMackerel
[2021-12-10 22:03:01] <gangwange> kangsa1N
[2021-12-10 22:03:10] <%새미킥 (semikick)> 롤체 고수 리에링
[2021-12-10 22:03:12] <%갱생_베네디아 (benedia24)> 저번에 보니까 1등도 하고 잘하는거같더라구요
[2021-12-10 22:03:44] <%노여야아 (shdudidk)> 쨋든 1등하면 잘한거죠
[2021-12-10 22:03:44] <%네임드핀_ (jun123f)> 5959
[2021-12-10 22:03:55] <gangwange> 롤체1등출신 BegWan
[2021-12-10 22:04:00] <gangwange> 나는 6등 daromMackerel
[2021-12-10 22:05:11] <gangwange> 오늘 실버2갔어요!
[2021-12-10 22:05:12] <%야마모또_안개꽃ㅇㅅㅇ (nhs0301_ovo)> 이 노래 레오루였나
[2021-12-10 22:05:18] <gangwange> 1에서 daromBb
[2021-12-10 22:05:21] <%kjhjihon> 롤은 티어 올리고 싶을때 협곡하시면됩니다  물론 그것도 연습해야 합니다
[2021-12-10 22:05:31] <%노여야아 (shdudidk)> 리에링은 티어 어디에요?
[2021-12-10 22:05:33] <%witdjlast> 흐음
[2021-12-10 22:05:40] <%witdjlast> 모래의 행성이라는 노래도 좋긴한데 말이죠
[2021-12-10 22:05:40] <%하울집사냥이 (h34rd)> 전 롤체 지금 골드까지 찍고 골드에서 수면중...
[2021-12-10 22:05:48] <%야마모또_안개꽃ㅇㅅㅇ (nhs0301_ovo)> 롤체 골드출신 이번엔 배치만 받고 즐겜하는중
[2021-12-10 22:05:48] <gangwange> 로올
[2021-12-10 22:05:48] <%노여야아 (shdudidk)> 오옹
[2021-12-10 22:05:50] <%하울집사냥이 (h34rd)> 실버판테온~(?)
[2021-12-10 22:06:19] <용진경 (darktir5679)> 엘하
[2021-12-10 22:06:19] <@^Nightbot> 용진경 님 오소와 (^０^)ﾉ
[2021-12-10 22:06:20] <%하울집사냥이 (h34rd)> 요번에 처음으로 골드찍고 렝갬 정체기...
[2021-12-10 22:06:35] <%네임드핀_ (jun123f)> 빵테빵테!
[2021-12-10 22:06:38] <%야마모또_안개꽃ㅇㅅㅇ (nhs0301_ovo)> 롤체 이번시즌 뭔덱이 좋은지 잘 모르곘음요
[2021-12-10 22:06:51] <%하울집사냥이 (h34rd)> 다행히(?) 골드에선 강등이 없다고 해서 골드에서 수면중
[2021-12-10 22:06:52] <%하울집사냥이 (h34rd)> ㅋㅋㅋㅋㅋㅋㅋㅋㅋㅋ
[2021-12-10 22:07:12] <gangwange> ㅋㅋㅋㅋㅋㅋㅋㅋㅋ
[2021-12-10 22:07:17] <gangwange> 판테오오오오온 daromMackerel
[2021-12-10 22:07:19] <%kjhjihon> 판테온:장범준이 선호하는 챔프
[2021-12-10 22:07:24] <%하울집사냥이 (h34rd)> 하와와와~
[2021-12-10 22:07:24] <%네임드핀_ (jun123f)> 5959
[2021-12-10 22:07:38] <%네임드핀_ (jun123f)> 리에링손!
[2021-12-10 22:07:40] <%하울집사냥이 (h34rd)> 실제 소환사명도 실버판테온이었다(?!)
[2021-12-10 22:08:01] <%푸린과천민 (f0046237)> s2mari1Cheer s2mari1Butlercat s2mari1Cheer s2mari1Butlercat
[2021-12-10 22:08:07] <gangwange> 둥기둥기~
[2021-12-10 22:08:34] <%kjhjihon> 요즘 야스오 미드오면 라인전 힘들다고 하던데
[2021-12-10 22:08:36] <%푸린과천민 (f0046237)> s2mari1Cheer 오홍홍 노래 조와용 s2mari1Butlercat
[2021-12-10 22:08:48] <gangwange> 뽀큐 kangsa1E
[2021-12-10 22:09:21] <%갱생_베네디아 (benedia24)> 요즘엔 원딜은 별로 아니에요?
[2021-12-10 22:09:26] <%소슬__ (soseul2)> 야스오 치속땜에 떡상했는데
[2021-12-10 22:09:43] <%kjhjihon> 이노래 별들의 오케스트라 아닌가요?지금 노래
[2021-12-10 22:09:49] <gangwange> 야스오원딜하면
[2021-12-10 22:09:54] <gangwange> 얻어맞아요! daromBb
[2021-12-10 22:10:06] <%푸린과천민 (f0046237)> s2mari1Cheer s2mari1Butlercat s2mari1Cheer s2mari1Butlercat
[2021-12-10 22:10:18] <%소슬__ (soseul2)> 맞아 상대가 포킹 조합이고 우리 서폿이 유지력이 좋거나 억제력이 좋으면 야스오 원딜 좋아요
[2021-12-10 22:10:40] <%소슬__ (soseul2)> 아니요?
[2021-12-10 22:10:44] <%소슬__ (soseul2)> 아리 원딜은 아주 안좋은뒈요?
[2021-12-10 22:10:57] <%갱생_베네디아 (benedia24)> 아리...원딜?
[2021-12-10 22:11:03] <%소슬__ (soseul2)> 아리 원딜이 좋은 상황은 상대 서폿이 못할..뿐..
[2021-12-10 22:11:16] <%witdjlast> 나쁘진 않죠 나쁘짆....
[2021-12-10 22:11:33] <세츠나 (rlawltjd157)> 아리 원딜이라....
[2021-12-10 22:11:35] <%갱생_베네디아 (benedia24)> 세상에 아리원딜이라니
[2021-12-10 22:11:39] <%witdjlast> 참고로 실제로 사용해본 1인인데 나쁘진 않아요 나름 6렙부터는 생존기도 쓸만하고 자체 cc에 라인 푸싱도 좋아서
[2021-12-10 22:11:41] <세츠나 (rlawltjd157)> 서폿이 힘들죠....
[2021-12-10 22:11:45] <%kjhjihon> 아리 원딜  나쁘지는 않지만 사람들이 많이 쓰진 않아요
[2021-12-10 22:11:48] <%witdjlast> 단지 서폿이 죽을만큼 괴로워하지만요
[2021-12-10 22:12:14] <%witdjlast> 그건요
[2021-12-10 22:12:14] <세츠나 (rlawltjd157)> 유미 원딜이요?!
[2021-12-10 22:12:16] <%제이제인 (kjyrety123)> 엘하~
[2021-12-10 22:12:23] <세츠나 (rlawltjd157)> 진짜 서폿을 힘들게하시네요....
[2021-12-10 22:12:23] <%푸린과천민 (f0046237)> s2mari1Cheer s2mari1Butlercat s2mari1Cheer s2mari1Butlercat
[2021-12-10 22:12:24] <%witdjlast> 엘님의 상대방이 못해서 구요...
[2021-12-10 22:12:38] <gangwange> 아리는이뻐서 쎄요 daromMackerel
[2021-12-10 22:12:43] <%witdjlast> 진짜 상대로 케이틀린 이런거 만나면 고통의 이야기만 존재하는데요
[2021-12-10 22:12:54] <세츠나 (rlawltjd157)> 유미 원딜은 서폿이 Q거리도 줘야되서...
[2021-12-10 22:12:55] <%노여야아 (shdudidk)> 팀을 힘들게하면 안되죠
[2021-12-10 22:13:02] <%witdjlast> 케틀 미포 이런 원딜에 상대 서폿이 쓰래쉬 브라움 이런거면
[2021-12-10 22:13:07] <%witdjlast> 진짜 지옥도 가능한데
[2021-12-10 22:13:28] <세츠나 (rlawltjd157)> 리에링 리에링
[2021-12-10 22:13:28] <%kjhjihon> 아리는 매혹한 잘맞추면 쎄죠
[2021-12-10 22:13:28] <%witdjlast> 막말로 룰루나 카르마 모르가나 서폿이면
[2021-12-10 22:13:31] <%witdjlast> 더 고통이고...
[2021-12-10 22:13:31] <슬기로운솜하생활 (risk0902)> 엘하
[2021-12-10 22:13:32] <@^Nightbot> 슬기로운솜하생활 님 어서오세요! ( ° ∀ ° )ﾉ
[2021-12-10 22:13:41] <%노여야아 (shdudidk)> 전 뭔지 몰?루
[2021-12-10 22:13:42] <%witdjlast> R로 붙는다구요? 라인전에서?!
[2021-12-10 22:13:44] <%제이제인 (kjyrety123)> 붙는순간 CC기 맞으면 망하는거지 음음
[2021-12-10 22:13:47] <%witdjlast> 그 혹시 봇이랑 하셨나요?
[2021-12-10 22:13:53] <세츠나 (rlawltjd157)> 아리 궁은....라인전에서...쓰면....안되요...
[2021-12-10 22:14:01] <%제이제인 (kjyrety123)> ㅋㅋㅋ
[2021-12-10 22:14:01] <세츠나 (rlawltjd157)> 궁으로 붙으면 그건 자살행위에요...
[2021-12-10 22:14:03] <%witdjlast> R 근접 하는순간 쓰래쉬가 채찍질 오지게 할텐데 ㅋㅋㅋ
[2021-12-10 22:14:08] <%제이제인 (kjyrety123)> 아리 궁은 도주기지
[2021-12-10 22:14:12] <%새미킥 (semikick)> zㅋㅋㅋㅋㅋ
[2021-12-10 22:14:20] <%kjhjihon> 근데 아리매혹 여성 챔프도 걸리나요?
[2021-12-10 22:14:22] <세츠나 (rlawltjd157)> 아리가 궁으로 붙으로 간다 그건 킬각을 상대한테 보여주는거에요
[2021-12-10 22:14:28] <%witdjlast> 그 뭐냐
[2021-12-10 22:14:34] <%witdjlast> 미드에서나 아리 R이 킬각용이죠
[2021-12-10 22:14:43] <%witdjlast> 그거 아니면 도주용 R입니다만...
[2021-12-10 22:14:48] <세츠나 (rlawltjd157)> 그러니깐 리에링 서폿부터 시작해볼래요??
[2021-12-10 22:15:00] <%제이제인 (kjyrety123)> 아리가 궁으로 붙는다? CC기 맞으면 상대편한테 떠먹여주는
[2021-12-10 22:15:01] <%witdjlast> 진짜 엘님이
[2021-12-10 22:15:06] <%제이제인 (kjyrety123)> 엘냥이
[2021-12-10 22:15:08] <세츠나 (rlawltjd157)> 유미는...날먹...
[2021-12-10 22:15:09] <%witdjlast> 아리 원딜했다가 상대가 모르가나 서폿인순간
[2021-12-10 22:15:15] <gangwange> 아리아 어흥하면 다 도망쳐요 kangsa1Sp
[2021-12-10 22:15:16] <세츠나 (rlawltjd157)> 판테온 해보실래요??
[2021-12-10 22:15:18] <gangwange> rumomoGG rumomoGG
[2021-12-10 22:15:21] <세츠나 (rlawltjd157)> 딜 날먹 챔프인데^^
[2021-12-10 22:15:26] <%witdjlast> 0.5인분도아니고 0.01분 되어보셔야 ㅋㅋㅋ
[2021-12-10 22:15:44] <gangwange> 저 쓰레쉬잘하는사람 좋아해요 BegWan
[2021-12-10 22:15:49] <%kjhjihon> 서폿은 도구라서 원딜이 못해도 서폿이 욕먹은다 하던데 괜찮아요?
[2021-12-10 22:15:51] <%witdjlast> 빵태가 참... 계륵이긴하죠
[2021-12-10 22:15:59] <세츠나 (rlawltjd157)> 빵테...쉬운데...
[2021-12-10 22:15:59] <%노여야아 (shdudidk)> 판테온하면 장범준 밖애 생각안난다
[2021-12-10 22:16:07] <%witdjlast> 참고로 서폿으로 갱플도 사용해본1인입니다
[2021-12-10 22:16:09] <%witdjlast> ㅋㅋㅋㅋㅋㅋ
[2021-12-10 22:16:10] <%제이제인 (kjyrety123)> ㅋㅋㅋㅋㅋㅋ
[2021-12-10 22:16:14] <%노여야아 (shdudidk)> ㅋㅋㅋㅋㅋㅋㅋ
[2021-12-10 22:16:16] <%witdjlast> 갱플 서폿 예전에 깡패였는데....
[2021-12-10 22:16:19] <세츠나 (rlawltjd157)> 저는 원딜 잘하는사람 좋아해요
[2021-12-10 22:16:21] <%제이제인 (kjyrety123)> 리에링은 못해도 좋아하는데?
[2021-12-10 22:16:41] <gangwange> 포항항항 daromAingzzz
[2021-12-10 22:16:48] <gangwange> 쫌 웃겼다!
[2021-12-10 22:17:40] <%kjhjihon> 마왕님이랑 나중에 바텀 데이트 어때요?
[2021-12-10 22:17:41] <%제이제인 (kjyrety123)> 리에링 헌혈해본적 있어요?
[2021-12-10 22:18:11] <%노여야아 (shdudidk)> 전 헌혈 한번 해볼려다가
[2021-12-10 22:18:17] <%제이제인 (kjyrety123)> 오늘 했는데 피뽑는거보다 밴드 떼는게 더 아파요 ㅋㅋㅋ
[2021-12-10 22:18:17] <%노여야아 (shdudidk)> 그것도 나이제한이 있더라구요
[2021-12-10 22:18:21] <gangwange> 내 피는 소듕하다구 daromMackerel
[2021-12-10 22:18:29] <gangwange> 어지러울것같애
[2021-12-10 22:18:42] <%제이제인 (kjyrety123)> 400ml
[2021-12-10 22:18:56] <%제이제인 (kjyrety123)> 일단 전 별 느낌 없었습니다
[2021-12-10 22:18:57] <%kjhjihon> 근데 현혈하려면 당일 뭐 먹으면 안되요
[2021-12-10 22:18:57] <%노여야아 (shdudidk)> 생각보다 많이 뺀다
[2021-12-10 22:19:00] <%네임드핀_ (jun123f)> 헌혈?
[2021-12-10 22:19:11] <%제이제인 (kjyrety123)> 네?
[2021-12-10 22:19:13] <%노여야아 (shdudidk)> 네
[2021-12-10 22:19:14] <%제이제인 (kjyrety123)> 화장실인가요?
[2021-12-10 22:19:18] <%갱생_베네디아 (benedia24)> 네네
[2021-12-10 22:19:19] <%kgop1998> 엘또똥?
[2021-12-10 22:19:19] <%제이제인 (kjyrety123)> 다녀오시죠?
[2021-12-10 22:19:21] <%노여야아 (shdudidk)> 쾌변하시러가시나요?
[2021-12-10 22:19:28] <%새미킥 (semikick)> 넹~
[2021-12-10 22:19:29] <%kjhjihon> myong1Why myong1Why
[2021-12-10 22:19:30] <%네임드핀_ (jun123f)> [[[ㅔㅔㅔ
[2021-12-10 22:19:31] <%제이제인 (kjyrety123)> 넹!
[2021-12-10 22:19:34] <%노여야아 (shdudidk)> 네
[2021-12-10 22:19:38] <%제2의제시생 (hoen012)> 왜 불러
[2021-12-10 22:19:40] <%네임드핀_ (jun123f)> ??
[2021-12-10 22:19:40] <%제이제인 (kjyrety123)> ?
[2021-12-10 22:19:41] <@^빵_떡 (bbangddeock)> bbangd1Un
[2021-12-10 22:19:42] <%갱생_베네디아 (benedia24)> 엘바~ 잘자요
[2021-12-10 22:19:43] <gangwange> 애용
[2021-12-10 22:19:44] <%푸린과천민 (f0046237)> hasiKokonenne hasiKokonenne hasiKokonenne hasiKokonenne
[2021-12-10 22:19:44] <%제2의제시생 (hoen012)> 엘바야?
[2021-12-10 22:19:45] <%kjhjihon> ??
[2021-12-10 22:19:46] <%제이제인 (kjyrety123)> 잘자라구요?
[2021-12-10 22:19:47] <%새미킥 (semikick)> 오잉?
[2021-12-10 22:19:51] <%$4강 (limsw2447)> ?
[2021-12-10 22:19:51] <%미러윈드 (wjsdbsgur4)> 엘하 하러왔는데
[2021-12-10 22:19:51] <@^빵_떡 (bbangddeock)> bbangd1Un
[2021-12-10 22:19:52] <@^Nightbot> 미러윈드 님 어서오세요! ( ° ∀ ° )ﾉ
[2021-12-10 22:19:52] <%제이제인 (kjyrety123)> 엘바인고야?
[2021-12-10 22:19:53] <%미러윈드 (wjsdbsgur4)> 엘바라니
[2021-12-10 22:19:55] <%노여야아 (shdudidk)> 리에링 잘거야?
[2021-12-10 22:19:57] <gangwange> 우쒸이.. kangsa1E
[2021-12-10 22:19:57] <%푸린과천민 (f0046237)> 주무시러 가시나요?
[2021-12-10 22:20:03] <gangwange> 안농히주무세요.. daromZz
[2021-12-10 22:20:10] <@^Nightbot> 이번에 올라온 신곡이에요♥ 노래 정말 귀엽습니다!! https://www.youtube.com/watch?v=BTshKa2DRcc
[2021-12-10 22:20:27] <%kjhjihon> 10시 넘긴 했는데
[2021-12-10 22:20:37] <gangwange> 이불 끝까지덮구자요! daromZz
[2021-12-10 22:20:40] <%노여야아 (shdudidk)> 노래 트시고 잠든건가
[2021-12-10 22:20:48] <%네임드핀_ (jun123f)> 코 하는거얌?
[2021-12-10 22:20:58] <%네임드핀_ (jun123f)> 리변엘태
[2021-12-10 22:20:58] <@^Nightbot> 리에링이 259번 변태짓을 했습니다! 자꾸 놀리면.. 곤란해 ;ㅁ;!!!
[2021-12-10 22:21:00] <%네임드핀_ (jun123f)> 리바엘보
[2021-12-10 22:21:00] <@^Nightbot> 리바엘보가 1188번 리바엘보 했습니다! 트바수보!! ㅡ3ㅡ
[2021-12-10 22:21:08] <%kjhjihon> 이게 바로 잘때 자더라도 방송은 키고 자는건가?
[2021-12-10 22:21:09] <%새미킥 (semikick)> 아항 자러 가려 하시나 보군요
[2021-12-10 22:21:12] <%노여야아 (shdudidk)> 살아계시나요?
[2021-12-10 22:21:18] <%소슬__ (soseul2)> 얼레 호떡 사오는 사이에 주무시고 계신가?
[2021-12-10 22:21:21] <%제이제인 (kjyrety123)> 그니까 방종하고 자야?
[2021-12-10 22:21:26] <%제이제인 (kjyrety123)> 그냥 자는건가?
[2021-12-10 22:21:34] <gangwange> 오디가써!
[2021-12-10 22:21:38] <%노여야아 (shdudidk)> 잘자하고 잠드신건가
[2021-12-10 22:21:41] <gangwange> 깨물어버린당 daromMackerel
[2021-12-10 22:21:44] <%제2의제시생 (hoen012)> 엘바
[2021-12-10 22:21:46] <%노여야아 (shdudidk)> 잠드신줄
[2021-12-10 22:21:47] <%소슬__ (soseul2)> 앙녕
[2021-12-10 22:21:48] <%새미킥 (semikick)> 수고했어요
[2021-12-10 22:21:49] <%제이제인 (kjyrety123)> ㅋㅋㅋㅋ
[2021-12-10 22:21:50] <%Galaxy_qovksrms1972> 이게 머선일이고
[2021-12-10 22:21:52] <%제이제인 (kjyrety123)> 앙냥
[2021-12-10 22:21:53] <gangwange> 앙농
[2021-12-10 22:21:54] <%노여야아 (shdudidk)> 할루
[2021-12-10 22:21:58] <%제이제인 (kjyrety123)> 리에링 쓰담쓰담
[2021-12-10 22:22:02] <%kjhjihon> myong1Ha myong1Ha
[2021-12-10 22:22:07] <%네임드핀_ (jun123f)> 햘짝할ㅉ가
[2021-12-10 22:22:09] <%제이제인 (kjyrety123)> 리에링 졸려?
[2021-12-10 22:22:10] <%미러윈드 (wjsdbsgur4)> 이제보러왔는데 떠나는건가요
[2021-12-10 22:22:20] <%노여야아 (shdudidk)> 뭐 드세요?
[2021-12-10 22:22:25] <%쉐도윙즈 (gim06577)> 엘바?
[2021-12-10 22:22:26] <gangwange> 앙냥냥 daromMackerel
[2021-12-10 22:22:29] <%쉐도윙즈 (gim06577)> 에요?
[2021-12-10 22:22:34] <%제이제인 (kjyrety123)> 음 귀여워
[2021-12-10 22:22:35] <%노여야아 (shdudidk)> 두유 맛있죠
[2021-12-10 22:22:36] <%소슬__ (soseul2)> 두유? 팩소주자나여!
[2021-12-10 22:22:36] <%witdjlast> 흠냐
[2021-12-10 22:22:42] <%새미킥 (semikick)> 두유 먹는 중이군요
[2021-12-10 22:22:47] <%제이제인 (kjyrety123)> 아휴 난 커피나 마셔야징
[2021-12-10 22:22:52] <%witdjlast> 내일이나 모레 곱창 대창 막창이라는 아주 맛있는걸 먹방할예정입니다만
[2021-12-10 22:22:55] <%쉐도윙즈 (gim06577)> 다행이다
[2021-12-10 22:23:02] <%노여야아 (shdudidk)> 저도 오늘 아침에 두유 먹었는데
[2021-12-10 22:23:13] <gangwange> 심장이 철렁해써 daromBb
[2021-12-10 22:23:19] <%제이제인 (kjyrety123)> 리에링 귀요미야 ㅎㅎ
[2021-12-10 22:23:25] <%제이제인 (kjyrety123)> 리에링꺼는? 하자
[2021-12-10 22:23:27] <gangwange> 이거 무슨노래에요? BegWan
[2021-12-10 22:23:34] <%소슬__ (soseul2)> 저는 지금 호떡 먹는중
[2021-12-10 22:23:51] <%제이제인 (kjyrety123)> 리에링도 맛있게 먹을수있는데
[2021-12-10 22:24:25] <%노여야아 (shdudidk)> 전 검은콩있어요
[2021-12-10 22:24:28] <%새미킥 (semikick)> 아주 고소하겠네요
[2021-12-10 22:24:32] <%새미킥 (semikick)> 호두맛 아몬드라
[2021-12-10 22:24:34] <%제이제인 (kjyrety123)> 음
[2021-12-10 22:24:40] <%제이제인 (kjyrety123)> 둘다 고소하니 맛있겠다
[2021-12-10 22:24:47] <gangwange> 저는 쪼꼬우유 먹구이써요! daromMackerel
[2021-12-10 22:24:55] <%네임드핀_ (jun123f)> 소보루?
[2021-12-10 22:24:59] <%노여야아 (shdudidk)> ㅇㅁㅇ
[2021-12-10 22:25:00] <아르테미스오리온 (book0029)> 아 맞짱뜨고싶다 날 상대할수잇는 강자어디없나
[2021-12-10 22:25:03] <%제이제인 (kjyrety123)> 오
[2021-12-10 22:25:05] <%노여야아 (shdudidk)> 맛있겠다
[2021-12-10 22:25:05] <%소슬__ (soseul2)> 소보루..?
[2021-12-10 22:25:07] <gangwange> 여기이따 daromMackerel
[2021-12-10 22:25:07] <%소슬__ (soseul2)> 달달한가..?
[2021-12-10 22:25:09] <%제이제인 (kjyrety123)> 리에링 맛있는거 먹네요
[2021-12-10 22:25:25] <gangwange> 나 초코머핀 주세욤 BegWan
[2021-12-10 22:25:46] <%노여야아 (shdudidk)> 트수도 한입만...
[2021-12-10 22:25:47] <%제이제인 (kjyrety123)> 애기꺼 뺏어먹는거 아니야
[2021-12-10 22:25:55] <%노여야아 (shdudidk)> 트수도 빵 잘먹는데
[2021-12-10 22:26:04] <%노여야아 (shdudidk)> 퉁퉁이인가
[2021-12-10 22:26:09] <gangwange> 애기꺼 뺏어먹는게 제일 맛있는건데 daromMackerel
[2021-12-10 22:26:22] <gangwange> 이 욕심쟁이 daromBb
[2021-12-10 22:26:24] <%witdjlast> 엘님거 훔쳐먹는게 꿀맛이긴한데...
[2021-12-10 22:26:27] <%제이제인 (kjyrety123)> 트수꺼 리에링꺼야? 아이스아메리카노 2샷추가 있는데 리에링 먹을수있오?
[2021-12-10 22:26:30] <%kjhjihon> 다 리에링 꺼야 !!  귀여워
[2021-12-10 22:26:39] <%노여야아 (shdudidk)> 뺏어먹는게 맛있긴하죠
[2021-12-10 22:26:55] <%witdjlast> 엘님 롤체할떄 말도없이 침투해서 엘님이 어! 이거먹을거야! 하는거 훔쳐먹으면 진짜 꿀맛일거같은데...
[2021-12-10 22:26:57] <%witdjlast> 흠흠
[2021-12-10 22:27:03] <%네임드핀_ (jun123f)> ㅋㅋㅋㅋ
[2021-12-10 22:27:04] <%제이제인 (kjyrety123)> ㅋㅋㅋㅋㅋㅋ
[2021-12-10 22:27:04] <%witdjlast> 롤을 지워버려서 불가능한 이야기지만요
[2021-12-10 22:27:05] <%노여야아 (shdudidk)> ㅋㅋㅋㅋㅋㅋ
[2021-12-10 22:27:07] <%제이제인 (kjyrety123)> 너무쓰구나 ㅋㅋㅋ
[2021-12-10 22:27:10] <gangwange> 나는 먹는게 아니라구 kangsa1E
[2021-12-10 22:27:12] <%노여야아 (shdudidk)> 편식하시네요
[2021-12-10 22:27:19] <%제이제인 (kjyrety123)> 리에링 울겠다
[2021-12-10 22:27:32] <%witdjlast> 편식엘...
[2021-12-10 22:27:46] <%노여야아 (shdudidk)> 변명 멈춰!
[2021-12-10 22:27:46] <%제이제인 (kjyrety123)> 육포는 먹을 수 있오?
[2021-12-10 22:28:04] <%witdjlast> 가끔 집에서 뭐 만들기 귀찮을때 자주 만드는게 양파 대파 볶아서 밥비벼먹는건데 말이죠 허허
[2021-12-10 22:28:09] <%제이제인 (kjyrety123)> 아마도 ㅋㅋ
[2021-12-10 22:28:09] <gangwange> 저는 리에링한테 피망 양보해줄꺼에요 daromMackerel
[2021-12-10 22:28:23] <%witdjlast> 피망이 싫으시면 파프리카 어떠십니까 달달한데
[2021-12-10 22:28:38] <gangwange> 구냥 아삭아삭한테 써서 싫어 daromBb
[2021-12-10 22:28:48] <%노여야아 (shdudidk)> 짱구도 피망 먹는데 리에링 편식쟁이
[2021-12-10 22:28:53] <%제이제인 (kjyrety123)> 양파는 맛있어
[2021-12-10 22:29:04] <%witdjlast> 애초에 파프리카는 자주먹어서 뭐...
[2021-12-10 22:29:08] <%노여야아 (shdudidk)> 생마늘 드실래요?
[2021-12-10 22:29:12] <%witdjlast> 생파프리카 된장이랑 같이 먹는데요?
[2021-12-10 22:29:13] <%파피민트 (jdw04054)> 리에링 아앙해줘
[2021-12-10 22:29:27] <%푸린과천민 (f0046237)> 아ㅏㅏㅏㅏㅏㅏㅏㅏ
[2021-12-10 22:29:30] <%kjhjihon> 싫어하는건 트수한테 양보하네요 ㅋㅋ
[2021-12-10 22:29:38] <%제이제인 (kjyrety123)> 충치가 보이네요 양치 해야겠어요
[2021-12-10 22:29:38] <%파피민트 (jdw04054)> 아앙
[2021-12-10 22:29:44] <%새미킥 (semikick)> 앙~
[2021-12-10 22:29:45] <gangwange> 뇸 daromMackerel
[2021-12-10 22:29:52] <gangwange> 몬지몰라도 마싯당
[2021-12-10 22:29:52] <%소슬__ (soseul2)> 퉤!
[2021-12-10 22:29:54] <%노여야아 (shdudidk)> 리에링 통마늘 그냥 드셔보셨나요?
[2021-12-10 22:30:04] <%제이제인 (kjyrety123)> 리에링 양보도 하고 착해착해
[2021-12-10 22:30:15] <%노여야아 (shdudidk)> ㄷㄷ
[2021-12-10 22:30:48] <%소슬__ (soseul2)> 동요 듣는건 어때요
[2021-12-10 22:30:52] <adam923456> =3=...
[2021-12-10 22:30:57] <%제이제인 (kjyrety123)> 우리랑있는데 쓸쓸해?
[2021-12-10 22:30:59] <%노여야아 (shdudidk)> 그럼 신나는 노래 듣죠
[2021-12-10 22:31:02] <gangwange> 몸이 축 늘어져.. kangsa1N
[2021-12-10 22:31:20] <%제이제인 (kjyrety123)> 그렇구나
[2021-12-10 22:31:26] <%소슬__ (soseul2)> 그 tts 키는거 어때요
[2021-12-10 22:31:29] <%소슬__ (soseul2)> 채팅 읽어주는 tts
[2021-12-10 22:31:30] <%제이제인 (kjyrety123)> 딜을 넣
[2021-12-10 22:31:35] <%슈우퍼마리오 (nox287)> 엘하
[2021-12-10 22:31:36] <@^Nightbot> 슈우퍼마리오 님 오소와 (^０^)ﾉ
[2021-12-10 22:31:36] <%네임드핀_ (jun123f)> 혼자라고 생각 말기~
[2021-12-10 22:31:39] <%슈우퍼마리오 (nox287)> 헐 뭐야 저거
[2021-12-10 22:31:42] <%네임드핀_ (jun123f)> 힘들다고 울지말기~~
[2021-12-10 22:31:43] <gangwange> 외로워 daromBb
[2021-12-10 22:31:43] <%제이제인 (kjyrety123)> 레로레로파티 가는건가?
[2021-12-10 22:31:44] <%슈우퍼마리오 (nox287)> 뭐에요 저거 귀엽다
[2021-12-10 22:31:45] <%네임드핀_ (jun123f)> 너와나~~
[2021-12-10 22:32:02] <%kjhjihon> 리에링 쓸쓸하구나
[2021-12-10 22:32:04] <%푸린과천민 (f0046237)> s2mari1Cheer s2mari1Butlercat s2mari1Cheer s2mari1Butlercat
[2021-12-10 22:32:13] <%네임드핀_ (jun123f)> 가을타 리엘이?
[2021-12-10 22:32:22] <gangwange> 겨울타!
[2021-12-10 22:32:25] <%네임드핀_ (jun123f)> 늦가을
[2021-12-10 22:32:26] <%새미킥 (semikick)> s2mari1Cheer s2mari1Butlercat s2mari1Cheer s2mari1Butlercat
[2021-12-10 22:32:26] <%네임드핀_ (jun123f)> ㅋㅋㅋㅋㅋ
[2021-12-10 22:32:30] <gangwange> kangsa1Bb
[2021-12-10 22:32:35] <%네임드핀_ (jun123f)> 남자라..
[2021-12-10 22:32:41] <%kjhjihon> 여기서 신데렐라 나온다 아이돌 마스터 분가 오프닝곡
[2021-12-10 22:32:48] <%네임드핀_ (jun123f)> 아직 준비가 안도ㅒㅆ지만.. 리엘이에 행복을 위해서라면 ㅠㅠ
[2021-12-10 22:32:50] <%노여야아 (shdudidk)> 뒷북 장인이니까 가을타는것도 뒷북하시는듯
[2021-12-10 22:32:58] Viewerstats (22:02-22:32): avg:47 min:45 max:49 [17/49+0+0+0-1+0+0+1+0-4+0+1+0+0+0-1+0]
[2021-12-10 22:33:09] <gangwange> 리에링 잼잼!
[2021-12-10 22:33:20] <%노여야아 (shdudidk)> ?
[2021-12-10 22:33:20] <@^빵_떡 (bbangddeock)> bbangd1Un
[2021-12-10 22:34:33] <%노여야아 (shdudidk)> 배부르면 비우시러 가야죠
[2021-12-10 22:35:09] <@^Nightbot> 유튜브 구독 해죠!!♥ shorturl.at/duvCL
[2021-12-10 22:35:49] <%노여야아 (shdudidk)> 리에링 리에링
[2021-12-10 22:35:51] <%새미킥 (semikick)> 리에링 두유 먹고 배부른가요
[2021-12-10 22:35:57] <%노여야아 (shdudidk)> 성인되면 뭘 먼저하고 싶어요?
[2021-12-10 22:36:09] <gangwange> 구름과자 daromMackerel
[2021-12-10 22:36:23] <gangwange> 클라우드스낵!
[2021-12-10 22:36:44] <%제이제인 (kjyrety123)> 리에링 밤늦게 돌아다니면 위험해
[2021-12-10 22:36:49] <%노여야아 (shdudidk)> 술뱅 걱정되는데
[2021-12-10 22:37:08] <%소슬__ (soseul2)> 생각 많은 리에링은 바보에 어울리지 않아여
[2021-12-10 22:37:16] <gangwange> 술마시구 막 트수한테 술주정부릴것같애!
[2021-12-10 22:37:19] <%제이제인 (kjyrety123)> 리에링을 생각을 하고 있어 음...
[2021-12-10 22:37:46] <%제이제인 (kjyrety123)> 리에링은 응애야
[2021-12-10 22:37:55] <%노여야아 (shdudidk)> 리에링이 생각을 한다라 머단해!
[2021-12-10 22:38:05] <%노여야아 (shdudidk)> 생각하는 방법을 기억했군요
[2021-12-10 22:38:35] <gangwange> 갑자기 공중제비가 돌구 싶어졌다 daromMackerel
[2021-12-10 22:38:40] <gangwange> 피슈우우웅
[2021-12-10 22:39:55] <gangwange> 리에링 배 빵빵 daromMackerel
[2021-12-10 22:39:58] <gangwange> 배치기!
[2021-12-10 22:40:09] <%완두콩두 (hyeok030825)> 리바엘보
[2021-12-10 22:40:10] <@^Nightbot> 리바엘보가 1189번 리바엘보 했습니다! 트바수보!! ㅡ3ㅡ
[2021-12-10 22:40:11] <@^Nightbot> 이번에 올라온 신곡이에요♥ 노래 정말 귀엽습니다!! https://www.youtube.com/watch?v=BTshKa2DRcc
[2021-12-10 22:40:17] <%소슬__ (soseul2)> 배쓰담은요?
[2021-12-10 22:40:19] <%노여야아 (shdudidk)> 왜요?
[2021-12-10 22:40:20] <%소슬__ (soseul2)> 배쓰담쓰담!
[2021-12-10 22:40:34] <gangwange> 문질문질 daromZz
[2021-12-10 22:41:29] <gangwange> 안해피나루.. daromBb
[2021-12-10 22:42:03] <%새미킥 (semikick)> 노래가 참 개구지네요
[2021-12-10 22:42:33] <%마왕된케이 (kei4549)> ZZzzz
[2021-12-10 22:42:43] <%새미킥 (semikick)> 오 이 노래는 커버로 들었어요
[2021-12-10 22:43:07] <gangwange> 리에링 나른해! kangsa1Jj
[2021-12-10 22:43:11] <%새미킥 (semikick)> 원곡은 처음 듣네요
[2021-12-10 22:44:27] <%새미킥 (semikick)> 아 이것도 커버에요? ㅋㅋ
[2021-12-10 22:45:13] <gangwange> 우리이제 자자! daromZz
[2021-12-10 22:45:16] <gangwange> 코오오
[2021-12-10 22:45:33] <%마왕된케이 (kei4549)> 잠방이시군요
[2021-12-10 22:45:56] <%파피민트 (jdw04054)> 지금은리에링이네네코오 시간입니다
[2021-12-10 22:46:00] <%소슬__ (soseul2)> 먼가 조용..
[2021-12-10 22:46:03] <%마왕된케이 (kei4549)> 잠(을 안자고) 방(송 24시간행)
[2021-12-10 22:46:13] <%마왕된케이 (kei4549)> ㅋㅋㅋㅋㅋㅋ
[2021-12-10 22:46:34] <%노여야아 (shdudidk)> 좋다 잠 안다고 24시간 방송
[2021-12-10 22:46:56] <gangwange> 사실 리에링은 호랑이야 kangsa1Sp
[2021-12-10 22:47:09] <gangwange> 트수 잡아먹을라구 숨죽이는중
[2021-12-10 22:47:19] <%노여야아 (shdudidk)> 호랑이도 고양이과이긴하지
[2021-12-10 22:47:22] <찹쌀튀김 (sticky_rice_fried)> LuvPeekR
[2021-12-10 22:47:25] <%새미킥 (semikick)> 호리에링
[2021-12-10 22:47:48] <%크로ㅡ니아 (caincronia)> 리에링은 애기 고양이야
[2021-12-10 22:47:50] <찹쌀튀김 (sticky_rice_fried)> s2mari1Hoeee
[2021-12-10 22:47:53] <%크로ㅡ니아 (caincronia)> 코 꾹 누르면 응애하고 울어
[2021-12-10 22:47:57] <$낭만빌런_ (nang_man)> 엘하
[2021-12-10 22:47:57] <@^Nightbot> 낭만빌런_ 님 안녕하세요! (o^ ^o)/
[2021-12-10 22:47:57] <찹쌀튀김 (sticky_rice_fried)> 돔황챠~
[2021-12-10 22:48:12] <%노여야아 (shdudidk)> 리에링 손 누르면 삑삑 거릴거같아
[2021-12-10 22:48:35] <gangwange> 고양이들은 나보면 도망치는데.. daromMackerel
[2021-12-10 22:48:40] <gangwange> 왜구러지.. daromBb
[2021-12-10 22:48:51] <%크로ㅡ니아 (caincronia)> 리에링이 트수들 괴롭혀서 그래요
[2021-12-10 22:48:52] <%마왕된케이 (kei4549)> 리에링 짜부 만들어버리자
[2021-12-10 22:49:01] <%새미킥 (semikick)> 집 주변에 길고양이 많은데 접근하지 않으면 도망 안가더라고요
[2021-12-10 22:49:26] <%소슬__ (soseul2)> 저희 집도 길냥이 짱많은데
[2021-12-10 22:49:33] <%노여야아 (shdudidk)> 여긴 한두마리만 보여요
[2021-12-10 22:49:34] <%새미킥 (semikick)> 저랑 20cm거리로 그냥 서로 갈길 갔죠 ㅋㅋ
[2021-12-10 22:49:43] <gangwange> 제가 길고양이 쫓아갔는데
[2021-12-10 22:49:46] <%kjhjihon> 길고양이 밥만주면 잘따라오더라구요
[2021-12-10 22:49:47] <%새미킥 (semikick)> 넹 나름 관리가 잘 됐는지 귀엽더라고요
[2021-12-10 22:49:48] <gangwange> 엄청빨리도망갔어요 daromBb
[2021-12-10 22:49:50] <%노여야아 (shdudidk)> 따라가면 도망가요
[2021-12-10 22:49:57] <gangwange> kangsa1E
[2021-12-10 22:50:15] <%소슬__ (soseul2)> 저희네 길냥이들은 밥 달라고 할때만 애옹애옹 하고 만지려고 하거나 가까이 가면 하악 하든데
[2021-12-10 22:50:18] <%소슬__ (soseul2)> 못된 놈들..
[2021-12-10 22:50:29] <%새미킥 (semikick)> 영악하네요 ㅋ
[2021-12-10 22:50:35] <gangwange> 근데 학교 여자애들이 가면 안도망가요!
[2021-12-10 22:50:42] <gangwange> 나쁜뇨속들
[2021-12-10 22:50:54] <%쀍쀑쀒쀓쀎쀘쀊쀉쀆쀟쀝 (toru0087)> 어..? 리에링 방송 채팅 다시 바뀌였네요...?
[2021-12-10 22:51:20] <%kjhjihon> 옛날엔 몇번 챙겨 주었는데 요즘은 코로나 이고 추워 그런지 안보이더라구요
[2021-12-10 22:51:29] <%노여야아 (shdudidk)> 학교에 여자가 있다니
[2021-12-10 22:51:44] <%소슬__ (soseul2)> 전 호랑이형님만 봐요
[2021-12-10 22:51:45] <%노여야아 (shdudidk)> 아뇨
[2021-12-10 22:51:45] <%살아있는산소 (aovm9545)> 엘하
[2021-12-10 22:51:45] <@^Nightbot> 살아있는산소 님 안녕하세요! (o^ ^o)/
[2021-12-10 22:51:49] <%갱생_베네디아 (benedia24)> 어떤거요?
[2021-12-10 22:51:59] <%kjhjihon> 저 뷰티풀 군바리 봅니다
[2021-12-10 22:52:11] <gangwange> 많이봐서 몰루!
[2021-12-10 22:52:12] <%소슬__ (soseul2)> 호랑이형님 정주행 해보세여
[2021-12-10 22:52:15] <%갱생_베네디아 (benedia24)> 아 웹툰
[2021-12-10 22:52:17] <%갱생_베네디아 (benedia24)> 음... 딱 두개봐요
[2021-12-10 22:52:18] <%소슬__ (soseul2)> 진짜 꿀잼이에요
[2021-12-10 22:52:20] <gangwange> (레바툰 재미써요..!)
[2021-12-10 22:52:28] <%새미킥 (semikick)> 앗 그분은....
[2021-12-10 22:52:43] <gangwange> 이제 리에링도 으른이니까!
[2021-12-10 22:52:58] <%kjhjihon> 옛날엔 노블레스 신과 함께, 은밀하게 위대하게도  봤습니다
[2021-12-10 22:53:10] <%갱생_베네디아 (benedia24)> 레바툰 으거 보다가 안보고 있는데 재밌으려나요
[2021-12-10 22:53:18] <%새미킥 (semikick)> 다 네임드 웹툰들
[2021-12-10 22:53:23] <%소슬__ (soseul2)> 노블레스는 애니화만 있죠
[2021-12-10 22:53:28] <%갱생_베네디아 (benedia24)> 신의탑이나 금요일에 주님 악마가 되게 해주세요인가 그런 만화 보고있어요
[2021-12-10 22:53:37] <%미러윈드 (wjsdbsgur4)> 웹툰잼난거많아용
[2021-12-10 22:53:49] <%새미킥 (semikick)> 옛날에 조의 영역 보고 충격받았었는데
[2021-12-10 22:53:51] <%파피민트 (jdw04054)> 떨어져서죽은거맞아요
[2021-12-10 22:53:58] <%소슬__ (soseul2)> 기억은 안나지만 기억에 남는 장면
[2021-12-10 22:54:01] <%소슬__ (soseul2)> 크으
[2021-12-10 22:54:09] <%새미킥 (semikick)> 금요일 이랑
[2021-12-10 22:54:34] <%새미킥 (semikick)> 공포웹툰이에요
[2021-12-10 22:54:47] <gangwange> 무서운건 못봐.. dodam6Echi
[2021-12-10 22:55:33] <%kjhjihon> 싸우자 귀신아 재미 있던데 옛날엔 드라마도 했던거
[2021-12-10 22:55:47] <gangwange> 리에링이 으른스러워져써!
[2021-12-10 22:55:49] <gangwange> BegWan
[2021-12-10 22:56:19] <%소슬__ (soseul2)> 그게머에요?
[2021-12-10 22:56:31] <%홀맨__ (gkswjddnd123)> 엘하
[2021-12-10 22:56:31] <@^Nightbot> 홀맨__ 님 안녕하세요! (o^ ^o)/
[2021-12-10 22:57:12] <%kjhjihon> 그 동네 변호사도 그럭저럭 볼만합니다
[2021-12-10 22:58:28] <%소슬__ (soseul2)> 원래 많았죠
[2021-12-10 22:58:55] <%kjhjihon> 웹툰은 판타지가 많죠
[2021-12-10 22:59:15] <%소슬__ (soseul2)> 오 마지막화요?
[2021-12-10 22:59:24] <%소슬__ (soseul2)> 재밌겠네요 완결 어케 났을지 기대 안돼요?
[2021-12-10 22:59:31] <%새미킥 (semikick)> 오 완결이라니
[2021-12-10 22:59:37] <gangwange> 마지막화 나오면 슬퍼.. daromBb
[2021-12-10 22:59:40] <%살아있는산소 (aovm9545)> 네
[2021-12-10 22:59:42] <gangwange> 나만구런가
[2021-12-10 23:00:05] <gangwange> 나도 그거봤는데
[2021-12-10 23:00:06] <%kjhjihon> 솔직히 즐겨보던 웹툰이 완결나면 진짜 볼게 없어요 웹툰 같은 경우는
[2021-12-10 23:00:09] <gangwange> 너무매워요 daromBb
[2021-12-10 23:00:18] <@^Nightbot> 이번에 올라온 신곡이에요♥ 노래 정말 귀엽습니다!! https://www.youtube.com/watch?v=BTshKa2DRcc
[2021-12-10 23:02:10] <%마왕된케이 (kei4549)> 리에링을 치치먹는 형벌 내려줘야하는데
[2021-12-10 23:02:34] <gangwange> 롤한판할까.. daromMackerel
[2021-12-10 23:02:37] <gangwange> 심심하넹
[2021-12-10 23:02:45] <%소슬__ (soseul2)> 하 빨리 클레가 복각 해야 리에링이 원신 다시 할거같은데
[2021-12-10 23:03:07] Viewerstats (22:34-23:03): avg:49 min:46 max:52 [15/46+0+2+0+2+0+0+2+0-3+0+0+2+0+0]
[2021-12-10 23:03:23] <%하울집사냥이 (h34rd)> 웹툰 재밌게 보던게 완결나면 뭔가 허무해짐....
[2021-12-10 23:03:34] <%마왕된케이 (kei4549)> 클레 복각해요
[2021-12-10 23:03:35] <%살아있는산소 (aovm9545)> 슬프네여
[2021-12-10 23:03:37] <%소슬__ (soseul2)> 복각 해도 원신 안하실거에요?
[2021-12-10 23:03:39] <%마왕된케이 (kei4549)> 1년후에
[2021-12-10 23:03:50] <%하울집사냥이 (h34rd)> 그래서 유미의세포들 완결됐을때 얼마나 허무했는데....
[2021-12-10 23:03:50] <%파피민트 (jdw04054)> 5959
[2021-12-10 23:03:55] <%소슬__ (soseul2)> ?
[2021-12-10 23:03:55] <@^빵_떡 (bbangddeock)> bbangd1Un
[2021-12-10 23:03:58] <%하울집사냥이 (h34rd)> ?
[2021-12-10 23:03:59] <%소슬__ (soseul2)> 갑자기?
[2021-12-10 23:03:59] <%폴라리스__ (polaris__02)> ?
[2021-12-10 23:03:59] <%살아있는산소 (aovm9545)> ㅋㅋㅋㅋ
[2021-12-10 23:04:02] <%마왕된케이 (kei4549)> ㅋㅋㅋㅋㅈㅋㅈㅋ
[2021-12-10 23:04:05] <%소슬__ (soseul2)> ㅋㅋㅋㅋ 방심했구나!
[2021-12-10 23:04:07] <%하울집사냥이 (h34rd)> ㅋㅋㅋㅋㅋㅋㅋㅋㅋㅋㅋㅋㅋㅋ
[2021-12-10 23:04:11] <%새미킥 (semikick)> ㅋㅋㅋㅋㅋㅋㅋㅋㅋㅋ
[2021-12-10 23:04:12] <%kjhjihon> ㅋㅋㅋㅋㅋ
[2021-12-10 23:04:13] <%노여야아 (shdudidk)> ㅋㅋㅋㅋㅋㅋ
[2021-12-10 23:04:15] <%하울집사냥이 (h34rd)> 아 저거 ㅋㅋㅋㅋㅋㅋㅋㅋ
[2021-12-10 23:04:19] <%폴라리스__ (polaris__02)> zzzzzzzzzz
[2021-12-10 23:04:25] <%마왕된케이 (kei4549)> 이애운데요
[2021-12-10 23:04:27] <%소슬__ (soseul2)> 아 이 영상... 제 편지는 통편집 당해버린..ㅠㅠ
[2021-12-10 23:04:31] <%하울집사냥이 (h34rd)> 울지마 바보야~!
[2021-12-10 23:04:36] <gangwange> 캬아
[2021-12-10 23:04:37] <%하울집사냥이 (h34rd)> 나 정말 괜찮아~
[2021-12-10 23:04:40] <%하울집사냥이 (h34rd)> ㅋㅋㅋㅋㅋㅋㅋㅋ
[2021-12-10 23:04:45] <%새미킥 (semikick)> 효과는 뛰어났다!!
[2021-12-10 23:04:46] <gangwange> 울지마! 울지마! 울지마!
[2021-12-10 23:04:57] <gangwange> 리에링의 나른나른병이 나았다!
[2021-12-10 23:05:11] <%하울집사냥이 (h34rd)> 울지마 바보야Yee~
[2021-12-10 23:05:25] <%kjhjihon> 짧은 시간 재미있게 할수 있는 컨텐츠 없을까요?
[2021-12-10 23:05:29] <%하울집사냥이 (h34rd)> 너 정말 괜찮아?
[2021-12-10 23:05:38] <%하울집사냥이 (h34rd)> ㅋㅋㅋㅋㅋ
[2021-12-10 23:06:02] <%소슬__ (soseul2)> ㅋㅋㅋㅋㅋㅋ
[2021-12-10 23:06:05] <%소슬__ (soseul2)> 나른엘
[2021-12-10 23:06:09] <%홀맨__ (gkswjddnd123)> 의욕이 없는 리에링
[2021-12-10 23:06:15] <%하울집사냥이 (h34rd)> 울지마 바보야~(리바엘보 야? ㅋㅋㅋㅋ)
[2021-12-10 23:06:20] <%하울집사냥이 (h34rd)> 리바엘보 ㅋㅋㅋㅋ
[2021-12-10 23:06:21] <@^Nightbot> 리바엘보가 1190번 리바엘보 했습니다! 트바수보!! ㅡ3ㅡ
[2021-12-10 23:06:30] <%하울집사냥이 (h34rd)> 풉 ㅋ
[2021-12-10 23:06:30] <@^빵_떡 (bbangddeock)> 하울집사냥이님이 81번이나 비웃었습니다. bbangd1Pubb
[2021-12-10 23:06:35] <%하울집사냥이 (h34rd)> 풉
[2021-12-10 23:06:41] <%하울집사냥이 (h34rd)> ㅋㅋㅋㅋㅋㅋ
[2021-12-10 23:06:55] <%살아있는산소 (aovm9545)> 풉
[2021-12-10 23:06:56] <@^빵_떡 (bbangddeock)> 살아있는산소님이 1번이나 비웃었습니다. bbangd1Pubb
[2021-12-10 23:07:09] <%하울집사냥이 (h34rd)> 결혼까지 생각했어 였나 ? 김태우님 랩 피쳐링 했는데 역대급 방송사고났었음
[2021-12-10 23:07:12] <%하울집사냥이 (h34rd)> ㅋㅋㅋㅋㅋㅋㅋㅋㅋㅋㅋㅋㅋㅋㅋ
[2021-12-10 23:07:24] <%하울집사냥이 (h34rd)> 손바닥에 가사 적어놨는데 땀나서 가사 지워지고
[2021-12-10 23:07:25] <%하울집사냥이 (h34rd)> ㅋㅋㅋㅋㅋㅋㅋㅋㅋㅋㅋㅋㅋㅋ
[2021-12-10 23:07:33] <%하울집사냥이 (h34rd)> ㅖ
[2021-12-10 23:07:43] <%하울집사냥이 (h34rd)> 김태우님이 직접 방송에서 얘기했었음
[2021-12-10 23:07:51] <%하울집사냥이 (h34rd)> 전설의 방송사고 ㅋㅋㅋㅋ
[2021-12-10 23:08:07] <%하울집사냥이 (h34rd)> 그래서 휘성님도 빵터지고
[2021-12-10 23:08:09] <%하울집사냥이 (h34rd)> ㅋㅋㅋㅋㅋㅋㅋ
[2021-12-10 23:08:44] <%푸린과천민 (f0046237)> s2mari1Cheer s2mari1Butlercat s2mari1Cheer s2mari1Butlercat
