# Log started: 2021-12-10 23:31:34 +0900
[2021-12-10 23:31:34] #s2_mariel 채널 입장 중입니다
[2021-12-10 23:31:34] #s2_mariel 채널에 입장했습니다
[2021-12-10 23:31:35] ~얍 (´• ω •`)ﾉ🧡 (Just Chatting)~
[2021-12-10 23:31:35] <%제2의제시생 (hoen012)> 웃참도 좋을거 같아
[2021-12-10 23:31:37] <%이_시현 (tachi5923)> 잠깐 내려놓고
[2021-12-10 23:31:40] <%파피민트 (jdw04054)> ㅋㅋ
[2021-12-10 23:31:43] <%제2의제시생 (hoen012)> 영도로 해서 웃참하는거지
[2021-12-10 23:31:46] <%이_시현 (tachi5923)> 편안해지는건 어때요?>
[2021-12-10 23:31:48] <%kgop1998> 세간에선 그걸 졸린거라고 말해요
[2021-12-10 23:32:04] <%파피민트 (jdw04054)> 영도 웃참시기가 된건가 ㅋㅋ
[2021-12-10 23:32:09] <%햄도담 (hamdodam)> ㅋㅋㅋㅋㅋㅋㅋ
[2021-12-10 23:32:09] <gangwange> 트수가 쫌 재미없긴하지!
[2021-12-10 23:32:13] <%소슬__ (soseul2)> 리에링 그냥 업보들 처리할때까지 쉬는게 어때요
[2021-12-10 23:32:13] <%마왕된케이 (kei4549)> 애초에 번아웃증상을 고칠려면
[2021-12-10 23:32:13] <%하울집사냥이 (h34rd)> 리에링 제가 리에링 방송을 본게 2년? 정도 되어가는데 약간 쿨타임? 돈것 같아요
[2021-12-10 23:32:15] <%하울집사냥이 (h34rd)> ㅋㅋㅋㅋㅋㅋ
[2021-12-10 23:32:18] <%살아있는산소 (aovm9545)> ㅋㅋㅋ
[2021-12-10 23:32:21] <%푸린과천민 (f0046237)> 그럴 땐 뭘 억지로 하는 것도 좋지 않다고 생각합니다
[2021-12-10 23:32:22] <%제2의제시생 (hoen012)> 미라는 졸린게 아니라 그냥 잠자고 싶은거예요
[2021-12-10 23:32:22] <%마왕된케이 (kei4549)> 지금하고있는일을 줄이거나
[2021-12-10 23:32:23] <%노여야아 (shdudidk)> 말하기가 싫으면 메모장을 켜서 글을 쓰죠
[2021-12-10 23:32:29] <%햄도담 (hamdodam)> 으이구
[2021-12-10 23:32:36] <%쉐도윙즈 (gim06577)> 수능이끝나서무욕증이생긴게아닐까요??????
[2021-12-10 23:32:36] <%마왕된케이 (kei4549)> 아예 완전히 하지않거나 둘중에하나임
[2021-12-10 23:32:40] <%제2의제시생 (hoen012)> 음 그면 미라야
[2021-12-10 23:32:43] <gangwange> 리에링 운동하쟈 BegWan
[2021-12-10 23:32:48] <%제2의제시생 (hoen012)> 미라야 그면
[2021-12-10 23:32:52] <%마왕된케이 (kei4549)> 매니저직이여서 공부해봐서알아요
[2021-12-10 23:32:54] <%하울집사냥이 (h34rd)> ㅋㅋㅋㅋㅋ
[2021-12-10 23:32:54] <gangwange> 그뉵몬이 되서 돌아오는거야
[2021-12-10 23:32:56] <%햄도담 (hamdodam)> ㅋㅋㅋㅋㅋㅋㅋㅋㅋ
[2021-12-10 23:32:59] <%노여야아 (shdudidk)> ㅋㅋㅋㅋㅋㅋㅋ
[2021-12-10 23:33:01] <%제2의제시생 (hoen012)> 수요일 이 휴방 이잖아
[2021-12-10 23:33:06] <%새미킥 (semikick)> ㅋㅋㅋㅋㅋㅋㅋㅋㅋㅋ
[2021-12-10 23:33:10] <%제2의제시생 (hoen012)> 담주는 화수 2일 휴방하자
[2021-12-10 23:33:10] <%마왕된케이 (kei4549)> 수능안보고 ㅋㅋㅋ
[2021-12-10 23:33:11] <악동천사 (komono0907)> 엘하
[2021-12-10 23:33:12] <@^Nightbot> 악동천사 님 안녕하세요! (o^ ^o)/
[2021-12-10 23:33:12] <%마왕된케이 (kei4549)> 수시임
[2021-12-10 23:33:32] <%노여야아 (shdudidk)> 귀엽다
[2021-12-10 23:33:33] <%햄도담 (hamdodam)> 하..너무 귀여워..
[2021-12-10 23:33:36] <%쉐도윙즈 (gim06577)> ㅋㅋㅋㅋ수능을안보셨엌ㅋㅋ몰랐다
[2021-12-10 23:33:43] <%제2의제시생 (hoen012)> ● ▅ ▇ █▇▅▄ ▄ ▌<<< 현 미라 상태
[2021-12-10 23:33:45] <%햄도담 (hamdodam)> 리에링보다 귀여워ㅠㅠ
[2021-12-10 23:33:55] <%다롬전용엉덩이패드 (thereisnocowl)> 집에 8마리 있는데 주고싶다 ㅠ
[2021-12-10 23:34:12] <%제2의제시생 (hoen012)> 맞다 미라야 나 좋은 컨텐츠 하나 생각났다
[2021-12-10 23:34:14] <%이_시현 (tachi5923)> 그냥 일을 좀 쉬고
[2021-12-10 23:34:17] <%푸린과천민 (f0046237)> 쉬고 싶을 땐 쉬는 게 좋지 않을까 싶습니다
[2021-12-10 23:34:23] <%하울집사냥이 (h34rd)> 내려놓는게 힘들긴 하죠...
[2021-12-10 23:34:23] <%이_시현 (tachi5923)> 잠깐의 리프레쉬를 가져보는거죠
[2021-12-10 23:34:29] <%마왕된케이 (kei4549)> 리에링 아예 2달동안방송안하는거죠
[2021-12-10 23:34:33] <%마왕된케이 (kei4549)> 고칠려면
[2021-12-10 23:34:35] <%노여야아 (shdudidk)> 쉬고 하고 싶은거하면되죠
[2021-12-10 23:34:37] <%하울집사냥이 (h34rd)> 마침표 말고 쉼표를 찍는거지
[2021-12-10 23:34:38] <%이_시현 (tachi5923)> 평소에 해보고 싶었던걸 하기위해 잠깐 일을 쉬는거죠
[2021-12-10 23:34:39] <gangwange> 리에링 산속으로가서
[2021-12-10 23:34:42] <%살아있는산소 (aovm9545)> ㅋㅋㅋ
[2021-12-10 23:34:45] <%노여야아 (shdudidk)> ㅋㅋㅋㅋㅋㅋ
[2021-12-10 23:34:45] <gangwange> 자연인이 되는거야!
[2021-12-10 23:34:46] <%푸린과천민 (f0046237)> 네
[2021-12-10 23:34:46] <%양이13 (miyang21)> ㅋㅋㅋㅋ
[2021-12-10 23:34:47] <%햄도담 (hamdodam)> 아니 비뚫어지라는게 아니야 리에링..
[2021-12-10 23:34:47] <%파피민트 (jdw04054)> 필터링없이?
[2021-12-10 23:34:48] <%마왕된케이 (kei4549)> 근데 쉬고있는게너무넘치
[2021-12-10 23:34:50] <%푸린과천민 (f0046237)> 당연하죠
[2021-12-10 23:34:52] <%다롬전용엉덩이패드 (thereisnocowl)> 자연인 찍자
[2021-12-10 23:34:54] <%마왕된케이 (kei4549)> 12개월이휴방이됌
[2021-12-10 23:34:55] <%하울집사냥이 (h34rd)> 마침표(.) 말고 쉼표(,) 를 찍어!
[2021-12-10 23:34:55] <%양이13 (miyang21)> 마리엘님 너무 귀여워요
[2021-12-10 23:34:58] <%노여야아 (shdudidk)> 선만 안 넘으시면 됩니다
[2021-12-10 23:35:03] <%제2의제시생 (hoen012)> 마리야 우리 시청자 랜덤으로 지정해서 전자녀가 대답해주는거 있잖아 그걸로 스무고개 해보는거 어때?
[2021-12-10 23:35:09] <%푸린과천민 (f0046237)> 스트리머가 하고 싶은 대로 하는 게 맞죠
[2021-12-10 23:35:09] <@^Nightbot> 유튜브 구독 해죠!!♥ shorturl.at/duvCL
[2021-12-10 23:35:26] <%제2의제시생 (hoen012)> 좋은생각이지?
[2021-12-10 23:35:35] <gangwange> 리에링이 4대크루 통합하구와
[2021-12-10 23:35:38] <%마왕된케이 (kei4549)> 리에링 그냥 일 더추가하지않고
[2021-12-10 23:35:47] <%마왕된케이 (kei4549)> 컨텐츠도생각하지않고
[2021-12-10 23:35:54] <%마왕된케이 (kei4549)> 할일 필요하지않나?
[2021-12-10 23:35:59] <%이_시현 (tachi5923)> 적당한 휴식은 항상 필요하다고 생각해요
[2021-12-10 23:36:04] <%햄도담 (hamdodam)> 열심히 하던거를 잠시 쉬는거..?
[2021-12-10 23:36:11] <%이_시현 (tachi5923)> ㅋㅋㅋㅋㅋㅋㅋㅋㅋㅋㅋㅋ
[2021-12-10 23:36:13] <%노여야아 (shdudidk)> 집에만 있지 말고 밖에 나가서 재밌는거 찾아보는거 어때요?
[2021-12-10 23:36:14] <%하울집사냥이 (h34rd)> 모든일엔 휴식이 필요하죠...
[2021-12-10 23:36:16] <%노여야아 (shdudidk)> ㅋㅋㅋㅋㅋㅋㅋㅋㅋㅋㅋ
[2021-12-10 23:36:20] <%햄도담 (hamdodam)> 아니
[2021-12-10 23:36:22] <%하울집사냥이 (h34rd)> ㅋㅋㅋㅋㅋㅋㅋㅋ
[2021-12-10 23:36:23] <%햄도담 (hamdodam)> ㅋㅋㅋㅋㅋㅋㅋㅋㅋ
[2021-12-10 23:36:25] <%마왕된케이 (kei4549)> 지금 리에링 크리스마스 랩을제작중인데
[2021-12-10 23:36:27] <%하울집사냥이 (h34rd)> 아니 그건 좀... ㅋㅋㅋㅋㅋ
[2021-12-10 23:36:31] <%마왕된케이 (kei4549)> 그걸 잠시 내려놓고
[2021-12-10 23:36:43] <%하울집사냥이 (h34rd)> 그런 장난은 저희 마음 아파요...
[2021-12-10 23:36:45] <%다롬전용엉덩이패드 (thereisnocowl)> 까비 탈출 불가능하네
[2021-12-10 23:36:46] <%푸린과천민 (f0046237)> 앞으로 평생 이런 자리에서 말하기가 안 내켜진다면 어쩔 수 없지만, 마음에 없는 일을 억지로 하면서 스트레스 받는 것도 옳진 않다고 봅니다
[2021-12-10 23:36:48] <%새미킥 (semikick)> 당분간은 편안한 마음으로 말 적게라고 하시는게?
[2021-12-10 23:36:50] <%마왕된케이 (kei4549)> 미뤘던걸하는것도가능할지도?
[2021-12-10 23:36:58] <%제2의제시생 (hoen012)> 미라야 내가 기운 조금이라도 나게 외치기 한번 해줄까?
[2021-12-10 23:37:03] <gangwange> 나는 잘 모르게써
[2021-12-10 23:37:14] <32호라몬 (34qwrr23ss)> 엘하
[2021-12-10 23:37:14] <gangwange> 쉬구싶으면 쉬어두대!
[2021-12-10 23:37:14] <@^Nightbot> 32호라몬 님 오소와 (^０^)ﾉ
[2021-12-10 23:37:22] <%이_시현 (tachi5923)> 그냥 쉬고싶다면 쉬고 싶다고 말하고 힐링하고 오세요. 우리가 뭐 어디 도망갈것도 아닌데
[2021-12-10 23:37:22] <%라비7 (tlsghl9696)> 어디 자연 좋은 곳에서 놀고 오시는 건 어때요
[2021-12-10 23:37:28] <%하울집사냥이 (h34rd)> 리에링 질문 있는데 혹시 스트레스 받거나 할때 푸는 방법 있나요?
[2021-12-10 23:37:34] <%햄도담 (hamdodam)> 그냥 놀아!
[2021-12-10 23:37:36] <%햄도담 (hamdodam)> ㅋㅋㅋㅋㅋ
[2021-12-10 23:37:41] <%마왕된케이 (kei4549)> ㅋㅋㅋㅋㅋㅋㅋㅋ
[2021-12-10 23:37:43] <%제2의제시생 (hoen012)> 미라야 내가 외치기로 너 기운 나게 해줄게 기달려줘
[2021-12-10 23:37:44] <%노여야아 (shdudidk)> 집에만 있지말고 집 밖에 나가서 재밌는거 찾아보시죠
[2021-12-10 23:37:44] <gangwange> 여행이라두 갔다오는것두 좋구
[2021-12-10 23:37:55] <%다롬전용엉덩이패드 (thereisnocowl)> 운동하자
[2021-12-10 23:38:02] <%마왕된케이 (kei4549)> 그냥 리에링 지금 크리스마스 노래 끝나둠?
[2021-12-10 23:38:02] <%이_시현 (tachi5923)> 운동!!
[2021-12-10 23:38:15] <gangwange> 좀나가! kangsa1E
[2021-12-10 23:38:18] <%이_시현 (tachi5923)> 운동은 자신을 리프레쉬하는데 도움을 많이 줘요
[2021-12-10 23:38:24] <%이_시현 (tachi5923)> 운동을 하는것도 좋은거 같아요
[2021-12-10 23:38:33] <%햄도담 (hamdodam)> 스트레스 받으면 친구랑 노래방가서 미친듯이 노는뎅
[2021-12-10 23:38:35] <gangwange> 리에링 헬스다니쟈
[2021-12-10 23:38:43] <%노여야아 (shdudidk)> 네
[2021-12-10 23:38:43] <%하울집사냥이 (h34rd)> 아니 내가 전에 몇번 말했잖수 가을이랑 몽실이 산책이라도 시켜라니까?!
[2021-12-10 23:38:46] <%이_시현 (tachi5923)> 우선 나가긴하죠
[2021-12-10 23:38:46] <%마왕된케이 (kei4549)> 오늘은 크리스마스노래만작업합시다
[2021-12-10 23:38:47] <%쀍쀑쀒쀓쀎쀘쀊쀉쀆쀟쀝 (toru0087)> 네..
[2021-12-10 23:38:47] <%파피민트 (jdw04054)> 손
[2021-12-10 23:38:48] <%햄도담 (hamdodam)> 손
[2021-12-10 23:38:52] <%제2의제시생 (hoen012)> 난 반반
[2021-12-10 23:38:54] <%푸린과천민 (f0046237)> 지금 하는 얘기가 따로 할 말이 없고 컨텐츠 진행도 안 내킨다는 내용으로 요약이 되는데, 이게 지친 게 아니면 뭔가 싶네용ㅇㅇa
[2021-12-10 23:38:58] <%하울집사냥이 (h34rd)> 집-학원-집 이 하루임
[2021-12-10 23:39:00] <%하울집사냥이 (h34rd)> ㅋㅋㅋㅋㅋㅋㅋㅋㅋㅋ
[2021-12-10 23:39:04] <%시더31 (seeder31)> 손
[2021-12-10 23:39:06] <%ji3589310> 히키코모니 손~~
[2021-12-10 23:39:07] <gangwange> 나두학생이라서!
[2021-12-10 23:39:08] <%ggook1096> 손
[2021-12-10 23:39:09] <%햄도담 (hamdodam)> 손!
[2021-12-10 23:39:10] <%파피민트 (jdw04054)> 소
[2021-12-10 23:39:12] <%제2의제시생 (hoen012)> 난 반반.
[2021-12-10 23:39:13] <%갱생_베네디아 (benedia24)> 손
[2021-12-10 23:39:14] <gangwange> 학교집학원
[2021-12-10 23:39:14] <야이샤11 (046545)> 손
[2021-12-10 23:39:18] <%햄도담 (hamdodam)> 손!!
[2021-12-10 23:39:19] <%파피민트 (jdw04054)> 손
[2021-12-10 23:39:19] <%이_시현 (tachi5923)> 손
[2021-12-10 23:39:21] <%노여야아 (shdudidk)> 손
[2021-12-10 23:39:23] <%하울집사냥이 (h34rd)> 산책 일부러 하려고 하지
[2021-12-10 23:39:27] <%이_시현 (tachi5923)> 일바하러 갑니다.
[2021-12-10 23:39:30] <쿄초우시노부 (mnkisy0521)> 엘님은요?
[2021-12-10 23:39:31] <%마왕된케이 (kei4549)> 살려줘
[2021-12-10 23:39:35] <%ji3589310> 손!
[2021-12-10 23:39:36] <%노여야아 (shdudidk)> ㅋㅋㅋㅋㅋㅋㅋㅋ
[2021-12-10 23:39:38] <%쀍쀑쀒쀓쀎쀘쀊쀉쀆쀟쀝 (toru0087)> 학교가 산 중턱에 있어서.. 매일 등산하는데요..
[2021-12-10 23:39:39] <%마왕된케이 (kei4549)> 내주변에확진자나와요
[2021-12-10 23:39:43] <%파피민트 (jdw04054)> 일이니까어쩔수없잖아
[2021-12-10 23:39:43] <%이_시현 (tachi5923)> 히키도 밖에 나갈수있죠
[2021-12-10 23:39:44] <%갱생_베네디아 (benedia24)> 손
[2021-12-10 23:39:46] <%햄도담 (hamdodam)> 히키에도 급을 매기는 찐히키님..
[2021-12-10 23:39:46] <%마왕된케이 (kei4549)> 강제히키생활이예요
[2021-12-10 23:39:46] <%_서_니_ (thdtjs0119)> 아침형인간이라서... 매일 산책나가는데...
[2021-12-10 23:39:47] <%_서_니_ (thdtjs0119)> 새벽에...
[2021-12-10 23:39:50] <%노여야아 (shdudidk)> 리에링도 히키 벗어나자
[2021-12-10 23:39:53] <%_서_니_ (thdtjs0119)> 5시...
[2021-12-10 23:39:55] <%ji3589310> 내일 친구 집으로
[2021-12-10 23:40:04] <gangwange> 이제 히키 그만할때두 됐디
[2021-12-10 23:40:05] <%마왕된케이 (kei4549)> 확진자의해 강제 히키
[2021-12-10 23:40:08] <%_서_니_ (thdtjs0119)> 히키가 뭐죠...?
[2021-12-10 23:40:09] <%_서_니_ (thdtjs0119)> 그나저나...
[2021-12-10 23:40:13] <@^Nightbot> 이번에 올라온 신곡이에요♥ 노래 정말 귀엽습니다!! https://www.youtube.com/watch?v=BTshKa2DRcc
[2021-12-10 23:40:13] <%햄도담 (hamdodam)> 산책정도는 봐줘라!ㅋㅋㅋㅋ
[2021-12-10 23:40:14] <%_서_니_ (thdtjs0119)> 히키를 모르는데...
[2021-12-10 23:40:15] <%마왕된케이 (kei4549)> ?
[2021-12-10 23:40:15] <@^빵_떡 (bbangddeock)> bbangd1Un
[2021-12-10 23:40:19] <킹리스 (kingless213)> 엘하
[2021-12-10 23:40:19] <%노여야아 (shdudidk)> 리에링도 친구있자나요
[2021-12-10 23:40:20] <@^Nightbot> 킹리스 님 안녕하세요! (o^ ^o)/
[2021-12-10 23:40:22] <%파피민트 (jdw04054)> 내 직장인 밖에서하는 일인데 ㅋㅋ
[2021-12-10 23:40:37] <%마왕된케이 (kei4549)> 내친구
[2021-12-10 23:40:40] <%마왕된케이 (kei4549)> 군대갔다
[2021-12-10 23:40:44] <%마왕된케이 (kei4549)> 흙흙
[2021-12-10 23:40:52] <%마왕된케이 (kei4549)> 놀친구가없고 놀릴친구가있다
[2021-12-10 23:40:53] <%햄도담 (hamdodam)> 온라인 친구야? 어ㅐ 만나러 안가유
[2021-12-10 23:40:57] <%파피민트 (jdw04054)> 군바
[2021-12-10 23:40:58] <%노여야아 (shdudidk)> 히키는 친구 없다, 리에링은 히키다 고로 리에링은 친구없다
[2021-12-10 23:41:00] <%푸린과천민 (f0046237)> 히키코모리는 외출거부자 쯤으로 해석할 수 있지 않나요? 외출을 거부하는 거하고 친구 유무는 그렇게 상관이 없을텐뎅ㅇㅇb
[2021-12-10 23:41:32] <%새미킥 (semikick)> 그쵸 외출거부자죠 정확히는
[2021-12-10 23:41:33] <gangwange> 아.
[2021-12-10 23:41:38] <gangwange> 공부하기싫당 daromMackerel
[2021-12-10 23:41:42] <%노여야아 (shdudidk)> 리에링 밖에 좀 나가요
[2021-12-10 23:41:49] <%노여야아 (shdudidk)> 밖에 나가면 재밌는게 많아요
[2021-12-10 23:41:53] <%푸린과천민 (f0046237)> 다양한 경우가 있겠죠
[2021-12-10 23:42:05] <%햄도담 (hamdodam)> 리에링 밖은 의외로 괜찮은 곳이야..
[2021-12-10 23:42:08] <%이_시현 (tachi5923)> 엘님
[2021-12-10 23:42:13] <%이_시현 (tachi5923)> 여행다녀오시는건 어때요?
[2021-12-10 23:42:22] <%이_시현 (tachi5923)> 겨울바다라도 보고오세요
[2021-12-10 23:42:26] <%마왕된케이 (kei4549)> 히키코모리 뜻은 외출거부자가아니고 사회생활및 교류 관계를 안하는걸 히키코모리라고합니다
[2021-12-10 23:42:29] <%노여야아 (shdudidk)> 친구랑 밖에서 놀고 그러세요
[2021-12-10 23:42:35] <gangwange> 진짜 나두 그만누워있고싶은데
[2021-12-10 23:42:36] <%이_시현 (tachi5923)> 해외여행이라니..
[2021-12-10 23:42:39] <gangwange> 못일어나겠어
[2021-12-10 23:42:47] <%이_시현 (tachi5923)> 부럽네요 저는 해외여행을 한번 가봤는데...
[2021-12-10 23:42:55] <%햄도담 (hamdodam)> 해외 한번도 못가봐써
[2021-12-10 23:43:07] <%노여야아 (shdudidk)> 그럼 몇일 지나면 성인이니까 친구들이랑 가봐요
[2021-12-10 23:43:07] <%마왕된케이 (kei4549)> 리에링은 약간
[2021-12-10 23:43:13] <%이_시현 (tachi5923)> 미쿡 가보셨나요?
[2021-12-10 23:43:21] <%마왕된케이 (kei4549)> 라때시절 시전하는데
[2021-12-10 23:43:30] <%이_시현 (tachi5923)> 미국 어디 가셨나요?
[2021-12-10 23:43:31] <%마왕된케이 (kei4549)> 라때시절 시전하지마
[2021-12-10 23:43:35] <%마왕된케이 (kei4549)> 아가야
[2021-12-10 23:43:44] <%햄도담 (hamdodam)> 라떼 판다 리에링
[2021-12-10 23:43:46] <%햄도담 (hamdodam)> ㅋㅋㅋㅋㅋ
[2021-12-10 23:43:47] <%마왕된케이 (kei4549)> ㅋㅋㅋㅋㅋㅋ
[2021-12-10 23:43:49] <%노여야아 (shdudidk)> ㅋㅋㅋㅋㅋㅋㅋ
[2021-12-10 23:43:54] <%이_시현 (tachi5923)> 그러면
[2021-12-10 23:43:56] <%이_시현 (tachi5923)> 뉴욕이네요
[2021-12-10 23:43:59] <%이_시현 (tachi5923)> LA랑
[2021-12-10 23:44:20] <%햄도담 (hamdodam)> 이 노래 알다니 혹시 동년배..?
[2021-12-10 23:44:49] <%마왕된케이 (kei4549)> 7500살까지?
[2021-12-10 23:44:59] <%노여야아 (shdudidk)> 7500살 ㄷㄷ
[2021-12-10 23:45:00] <%마왕된케이 (kei4549)> 신체가이미 미라수준되지않..
[2021-12-10 23:45:08] <%노여야아 (shdudidk)> 평생 사시겠네
[2021-12-10 23:45:23] <%제2의제시생 (hoen012)> 우리 마리는 오래 오래 살아야죠
[2021-12-10 23:45:40] <%제2의제시생 (hoen012)> 우리 마리야 트수들 생각해줘서 고마워^^
[2021-12-10 23:45:41] <%노여야아 (shdudidk)> 이제 나중에 7500살 최고령 스트리머 되는거죠
[2021-12-10 23:45:49] <%햄도담 (hamdodam)> 네넹
[2021-12-10 23:45:55] <%햄도담 (hamdodam)> 어떤 말이요?
[2021-12-10 23:46:01] <%노여야아 (shdudidk)> 무슨말이요?
[2021-12-10 23:46:11] <%마왕된케이 (kei4549)> 리에링이 아직 정신적이나 멘탈 성장이 덜 되서 그래요
[2021-12-10 23:46:32] <%노여야아 (shdudidk)> 힘들면 말하셔도되요 쉬어도 되고
[2021-12-10 23:46:40] <%마왕된케이 (kei4549)> 나쁜걸당해야 멘탈이 성장이되거나 그런데
[2021-12-10 23:46:43] <%푸린과천민 (f0046237)> 시청자들이 진짜 안 좋아하는 화제는 그런 게 아닙니다ㅇㅇb
[2021-12-10 23:46:43] <%노여야아 (shdudidk)> 그렇다고 너무 오래 쉬진 말고
[2021-12-10 23:46:49] <%하울집사냥이 (h34rd)> 그렇다고 혼자 끙끙 대다가 전처럼 갑자기 잠수타버리면 안돼자너...
[2021-12-10 23:46:50] <%제2의제시생 (hoen012)> 음 누구한테 들은건지 모르겠지만 그 말도 맞는말중 하나야
[2021-12-10 23:46:59] <%햄도담 (hamdodam)> 혼자 앓는 것보단 나아요
[2021-12-10 23:47:04] <%마왕된케이 (kei4549)> 리에링은 부모님이 소중해서 멘탈하고 정신이 성장이 못 한거지
[2021-12-10 23:47:10] <%제2의제시생 (hoen012)> 원래 세상에 정답은 없잖아
[2021-12-10 23:47:31] <%마왕된케이 (kei4549)> 힘들면 정신병원가서 상담 받는게 좋아요
[2021-12-10 23:47:33] <%제2의제시생 (hoen012)> 난 5959 안해
[2021-12-10 23:47:41] <%하울집사냥이 (h34rd)> 다른 청자들은 모르겠는데 여기 사람들은 리에링이 힘들면 힘들구나 걱정해주는 사람들이자너....
[2021-12-10 23:47:52] <%노여야아 (shdudidk)> 그냥 말하세요
[2021-12-10 23:48:03] <%노여야아 (shdudidk)> 지금 여기에 오구오구하는 사람이 있나요?
[2021-12-10 23:48:06] <%햄도담 (hamdodam)> 조금만 힘들어도 말하는게 아니라 진짜 힘들 때는 말하는거잖아요 그건 어쩔 수 없지 뭐!
[2021-12-10 23:48:12] <%마왕된케이 (kei4549)> 리에링이 힘들때 5959  안해
[2021-12-10 23:48:15] <%하울집사냥이 (h34rd)> 난 예전엔 5959 하는 편이었는데 요즘은 그냥 내가 하고 싶은대로 말해버림 ㅋㅋㅋㅋ
[2021-12-10 23:48:26] <%구름양반 (giseonho)> 안녕하세요!!
[2021-12-10 23:48:30] <%갱생_베네디아 (benedia24)> 일단은 쉬어요
[2021-12-10 23:48:30] <%햄도담 (hamdodam)> 몰?루
[2021-12-10 23:48:49] <%마왕된케이 (kei4549)> 리에링 그냥 번아웃증상 바로 해결하는방법은
[2021-12-10 23:48:59] <%하울집사냥이 (h34rd)> 근데 진짜 힘들다고 판단하면 쉬어가는것도 방법이긴 하죠
[2021-12-10 23:49:04] <%마왕된케이 (kei4549)> 정신병원에가서 상담받는게 제일 빨라요
[2021-12-10 23:49:07] <%제2의제시생 (hoen012)> 마리야 너 생일이 6월4일 이라고 했나?
[2021-12-10 23:49:17] <%마왕된케이 (kei4549)> 전문의사가 그걸 해결하는방법이 아닌까요
[2021-12-10 23:49:23] <%제2의제시생 (hoen012)> 가지고 싶은거 있어?
[2021-12-10 23:49:51] <%제2의제시생 (hoen012)> 지금으로써는?
[2021-12-10 23:50:01] <%하울집사냥이 (h34rd)> 정신병원 간다고 하면 이상하게 보는 사람들이 많은데 그만큼 요즘 사람들이 많이 힘들어한다는 얘기 아닐까 싶어요...
[2021-12-10 23:50:10] <%제2의제시생 (hoen012)> ㅋㅋㅋㅋㅋ
[2021-12-10 23:50:13] <%제2의제시생 (hoen012)> 궁금해서
[2021-12-10 23:50:26] <%마왕된케이 (kei4549)> 참고 정신병원가는게 추천이예요
[2021-12-10 23:50:26] <%노여야아 (shdudidk)> 리에링 운동해보실래요?
[2021-12-10 23:50:40] <%하울집사냥이 (h34rd)> 그래서 요즘 정신병원 얘기도 많이 나오는게 아닐까 생각해요
[2021-12-10 23:50:48] <%마왕된케이 (kei4549)> 아무리 1세대 방송인이여도사람인지 멘탈 가린사람있는데 정신병원갔어요
[2021-12-10 23:51:01] <%하울집사냥이 (h34rd)> 맞다 링피트!
[2021-12-10 23:51:01] <%노여야아 (shdudidk)> 정신병원에서 상담 받는것도 좋죠
[2021-12-10 23:51:04] <%새미킥 (semikick)> 오 어떤 운동이요?
[2021-12-10 23:51:22] <%마왕된케이 (kei4549)> 우울증이아니고
[2021-12-10 23:51:29] <%마왕된케이 (kei4549)> 번아웃증상이
[2021-12-10 23:51:47] <%제2의제시생 (hoen012)> 미라야 나도 너처럼 그렇때 있었는데 그때 책 읽거나 헬스장 가서 1시간 씩 하거나 맛집 탐방 해보긴 했는데 몸 움직이는게 잴 좋더라
[2021-12-10 23:51:51] <%마왕된케이 (kei4549)> 일종이 뭔가 하기싫어하고 실증나는거예요
[2021-12-10 23:51:53] <gangwange> ㅋㅋㅋㅋㅋㅋㅋㅋㅋ
[2021-12-10 23:51:55] <%제2의제시생 (hoen012)> 그럴때
[2021-12-10 23:51:55] <gangwange> 노래 머야
[2021-12-10 23:52:12] <%새미킥 (semikick)> 파티시에~
[2021-12-10 23:52:22] <%제2의제시생 (hoen012)> 근데 미라야 저거 뭐야? 아래 움직이는거
[2021-12-10 23:52:22] <%하울집사냥이 (h34rd)> 트수들이 아는 기준에서 최대한 도움이 되는 방법을 찾아보는건데 리에링이 받아들이기엔 뭔가 심각하게 생각하는것처럼 보이나보군요...
[2021-12-10 23:52:22] <%마왕된케이 (kei4549)> 리에링 목표 정한거 있엉노?
[2021-12-10 23:52:38] <%제2의제시생 (hoen012)> 너꺼 브이튜야?
[2021-12-10 23:52:40] <%이_시현 (tachi5923)> 우선 지금은 휴식이 필요한거 아닐까 싶어요.
[2021-12-10 23:52:42] <%마왕된케이 (kei4549)> 있나요?
[2021-12-10 23:53:06] <%노여야아 (shdudidk)> 목표가 뭔데요?
[2021-12-10 23:53:08] <%제2의제시생 (hoen012)> 우리 미라 목표  유튜브  구독 3만 채우기
[2021-12-10 23:53:12] <%마왕된케이 (kei4549)> 왠지 증상이 오는게 알것같다
[2021-12-10 23:53:24] <%노여야아 (shdudidk)> 가능하죠
[2021-12-10 23:53:27] <%마왕된케이 (kei4549)> 본인이 된다고생각하기는것보다
[2021-12-10 23:53:29] <%이_시현 (tachi5923)> 충분히 하실수 있어요
[2021-12-10 23:53:31] <%파피민트 (jdw04054)> 가능할수도
[2021-12-10 23:53:32] <gangwange> 안되면 되게 만들라구 kangsa1E
[2021-12-10 23:53:34] <%마왕된케이 (kei4549)> 안된다고 미리생각해서
[2021-12-10 23:53:37] <%이_시현 (tachi5923)> 마리엘님 그만큼 매력있으니까요
[2021-12-10 23:53:41] <%마왕된케이 (kei4549)> 번아웃증상이 오는것같음
[2021-12-10 23:53:46] <%노여야아 (shdudidk)> 사람 일은 모르는거에요
[2021-12-10 23:53:48] <%제2의제시생 (hoen012)> 근데 그 표청장? 그건 뭐야? 손편지야?
[2021-12-10 23:54:16] <%노여야아 (shdudidk)> 평청자 잘못들으신건가.
[2021-12-10 23:54:18] <%제2의제시생 (hoen012)> 아까 목표 말했던거
[2021-12-10 23:54:18] <%하울집사냥이 (h34rd)> 표청장???
[2021-12-10 23:54:18] <%이_시현 (tachi5923)> 평청자를 표청장으로 들으신거 같아요
[2021-12-10 23:54:24] <gangwange> 안될거라는생각을버리라구
[2021-12-10 23:54:26] <%제2의제시생 (hoen012)> 평청자  구나
[2021-12-10 23:54:32] <%이_시현 (tachi5923)> 평균 시청자
[2021-12-10 23:54:32] <%하울집사냥이 (h34rd)> 평청자를 잘못들으셨구나
[2021-12-10 23:54:34] <%마왕된케이 (kei4549)> 안된다는 생각을버리고
[2021-12-10 23:54:35] <%제2의제시생 (hoen012)> 잘못 알아들었네
[2021-12-10 23:54:42] <%제2의제시생 (hoen012)> 근데 그건 뭐야?
[2021-12-10 23:54:46] <%마왕된케이 (kei4549)> 된다고생각하면될것같은데
[2021-12-10 23:54:48] <%제2의제시생 (hoen012)> ㅇㅁㅇ?
[2021-12-10 23:54:53] <%제2의제시생 (hoen012)> ㅇㅎ
[2021-12-10 23:55:01] <%하울집사냥이 (h34rd)> 시청자들이 얼마나 리에링 뱅송을 봣는지...?
[2021-12-10 23:55:13] <%하울집사냥이 (h34rd)> 냐냐~ 냐냐~!
[2021-12-10 23:55:22] <%제2의제시생 (hoen012)> 미라야 이번년에는 살짝 힘들겠지만 가능성 있는건 딱 하나 있어
[2021-12-10 23:55:27] <%새미킥 (semikick)> 할수있는 목표에요 그럼요~
[2021-12-10 23:55:29] <%푸린과천민 (f0046237)> hasiNyang hasiNyang hasiNyang hasiNyang
[2021-12-10 23:55:31] <%노여야아 (shdudidk)> 고양이랑 말이 통해요?
[2021-12-10 23:55:36] <%하울집사냥이 (h34rd)> ㅋㅋㅋㅋㅋ
[2021-12-10 23:55:47] <%마왕된케이 (kei4549)> 리에링 처음부터
[2021-12-10 23:55:52] <%하울집사냥이 (h34rd)> ㅇ0ㅇ!
[2021-12-10 23:55:56] <%노여야아 (shdudidk)> 오
[2021-12-10 23:55:57] <%마왕된케이 (kei4549)> 거대한목표 잡는것보다
[2021-12-10 23:56:02] <%제2의제시생 (hoen012)> 야옹 이 아니라 으르릉 대면서?
[2021-12-10 23:56:08] <%마왕된케이 (kei4549)> 소소한 목표를 잡아서달성하는게 좋아요
[2021-12-10 23:56:16] <%하울집사냥이 (h34rd)> 맞지...
[2021-12-10 23:56:25] <%제2의제시생 (hoen012)> 마리야 200명 말고 반으로 100명 어때?
[2021-12-10 23:56:30] <%마왕된케이 (kei4549)> 지금 리에링은 평청자 75명으로 잡고 가능해요
[2021-12-10 23:56:36] <%마왕된케이 (kei4549)> 75명성고하면 100명
[2021-12-10 23:56:40] <%하울집사냥이 (h34rd)> 처음부터 너무 높으면 거기에 매달리다가 본인이 먼저 지쳐버리거든요...
[2021-12-10 23:56:45] <%제2의제시생 (hoen012)> 100명이 딱 적당할거 같은데
[2021-12-10 23:56:47] <%마왕된케이 (kei4549)> 하면서 목표늘리는게 좋아요
[2021-12-10 23:57:10] <%하울집사냥이 (h34rd)> 뭐 드셔유...?
[2021-12-10 23:57:19] <%하울집사냥이 (h34rd)> ㅋㅋㅋㅋㅋ
[2021-12-10 23:57:19] <%제2의제시생 (hoen012)> 근데 생각해보니 내가 미라 방송 본지 벌써 3개월이 넘었구나
[2021-12-10 23:57:29] <%하울집사냥이 (h34rd)> 빨대 빠는 소리였구만
[2021-12-10 23:57:30] <%하울집사냥이 (h34rd)> ㅋㅋㅋㅋㅋㅋㅋㅋ
[2021-12-10 23:57:35] <%제2의제시생 (hoen012)> 시간 빨리가네
[2021-12-10 23:57:49] <%하울집사냥이 (h34rd)> 알았어요~ 잘자요~
[2021-12-10 23:57:49] <%마왕된케이 (kei4549)> 네
[2021-12-10 23:57:50] <%노여야아 (shdudidk)> 네네
[2021-12-10 23:57:53] <%노여야아 (shdudidk)> 잘자요
[2021-12-10 23:57:55] <%이_시현 (tachi5923)> 고생하셧어요
[2021-12-10 23:57:56] <%제2의제시생 (hoen012)> 3분뒤에 가자
[2021-12-10 23:57:57] <gangwange> 수고해써요..
[2021-12-10 23:57:58] <%마왕된케이 (kei4549)> 엘바
[2021-12-10 23:57:58] <%하울집사냥이 (h34rd)> kimroa07 kimroa07
[2021-12-10 23:57:59] <%갱생_베네디아 (benedia24)> 그렇게해요~
[2021-12-10 23:58:01] <%푸린과천민 (f0046237)> 엘야스미
[2021-12-10 23:58:03] <%노여야아 (shdudidk)> 이제 방종 시간도됬네요
[2021-12-10 23:58:03] <%제2의제시생 (hoen012)> 3분뒤 딱 12시니깐
[2021-12-10 23:58:09] <%햄도담 (hamdodam)> 리에링 잘자요! 좋은 꿈꾸고!
[2021-12-10 23:58:14] <%노여야아 (shdudidk)> 잘자요
[2021-12-10 23:58:16] <%햄도담 (hamdodam)> 트수 꿈 꿔!
[2021-12-10 23:58:16] <%제2의제시생 (hoen012)> 2분 남았다
[2021-12-10 23:58:17] <%이_시현 (tachi5923)> 잘자요 엘님
[2021-12-10 23:58:21] <%하울집사냥이 (h34rd)> 쉴때는 아무생각 하지말고 쉬어요!
[2021-12-10 23:58:24] <%제2의제시생 (hoen012)> 엘바~
[2021-12-10 23:58:27] <%노여야아 (shdudidk)> 엘바~~~~
[2021-12-10 23:58:34] <%ji3589310> 잘자요 좋은 꿈 꾸세요
[2021-12-10 23:58:38] <%햄도담 (hamdodam)> 그저 리에링이 행복하기만 바래요 엘바ㅏㅏ
[2021-12-10 23:58:42] <%ji3589310> 엘바
[2021-12-10 23:58:43] <%_랑이___ (han02020)> dpfqk
[2021-12-10 23:58:46] <%하울집사냥이 (h34rd)> 괜히 이런 저런 생각 하다가 시간 잡아먹지 말고
[2021-12-10 23:58:47] <%_랑이___ (han02020)> 엘바
[2021-12-10 23:58:49] <%마왕된케이 (kei4549)> 트수닉으로 애교 하지마요
[2021-12-10 23:58:51] <%하울집사냥이 (h34rd)> 푹 쉬어요
[2021-12-10 23:58:52] <%제2의제시생 (hoen012)> 미라야 오늘은 시청자 닉 불러주지 말고 가서 푹자자
[2021-12-10 23:58:52] <%구름양반 (giseonho)> 엘바
[2021-12-10 23:58:54] <%푸린과천민 (f0046237)> 엘바 s2mari1Hi 또바
[2021-12-10 23:58:56] <%ggook1096> 엘바
[2021-12-10 23:58:57] <%하울집사냥이 (h34rd)> ?
[2021-12-10 23:58:57] <@^빵_떡 (bbangddeock)> bbangd1Un
[2021-12-10 23:58:58] <%하울집사냥이 (h34rd)> ㅋㅋㅋㅋㅋㅋㅋ
[2021-12-10 23:59:03] <%이_시현 (tachi5923)> ㅋㅋㅋㅋㅋㅋㅋㅋㅋㅋ
[2021-12-10 23:59:04] <%노여야아 (shdudidk)> ㅋㅋㅋㅋㅋㅋㅋㅋ
[2021-12-10 23:59:05] <%라비7 (tlsghl9696)> 엘바
[2021-12-10 23:59:13] <%이_시현 (tachi5923)> 엘바
[2021-12-10 23:59:14] <%제2의제시생 (hoen012)> 우리 미라 피곤하니 청자 닉 불러주지 말자
[2021-12-10 23:59:15] <%마왕된케이 (kei4549)> 엘바
[2021-12-10 23:59:16] <%ggook1096> 수고하셨어요
[2021-12-10 23:59:18] <%제2의제시생 (hoen012)> 빨리 가서 자자
[2021-12-10 23:59:21] <%마왕된케이 (kei4549)> 빨리갑시다
[2021-12-10 23:59:21] <%ggook1096> 내일도 만나요
[2021-12-10 23:59:21] <%쀍쀑쀒쀓쀎쀘쀊쀉쀆쀟쀝 (toru0087)> 엘바
[2021-12-10 23:59:22] <%노여야아 (shdudidk)> 리에링도 잘자요
[2021-12-10 23:59:23] <%마왕된케이 (kei4549)> 코코해야지
[2021-12-10 23:59:27] <%쀍쀑쀒쀓쀎쀘쀊쀉쀆쀟쀝 (toru0087)> 내일도 뵈요!!
[2021-12-10 23:59:28] <%하울집사냥이 (h34rd)> ZARA!
[2021-12-10 23:59:31] <%쀍쀑쀒쀓쀎쀘쀊쀉쀆쀟쀝 (toru0087)> 오뱅알!!
[2021-12-10 23:59:33] <%쀍쀑쀒쀓쀎쀘쀊쀉쀆쀟쀝 (toru0087)> 엘바
[2021-12-10 23:59:34] <%제2의제시생 (hoen012)> 호스팅도 하지마
[2021-12-10 23:59:34] <%하울집사냥이 (h34rd)> 펑!
[2021-12-10 23:59:34] <%햄도담 (hamdodam)> 잘자! 안눙!
[2021-12-10 23:59:37] <%하울집사냥이 (h34rd)> 예
[2021-12-10 23:59:38] <%마왕된케이 (kei4549)> 네
[2021-12-10 23:59:39] <%갱생_베네디아 (benedia24)> 엘바~
[2021-12-10 23:59:39] <%제2의제시생 (hoen012)> 응
[2021-12-10 23:59:40] <%노여야아 (shdudidk)> 네
[2021-12-10 23:59:40] <%라비7 (tlsghl9696)> 네
[2021-12-10 23:59:42] <%이_시현 (tachi5923)> 당ㅇ연하죠
[2021-12-10 23:59:43] <%쀍쀑쀒쀓쀎쀘쀊쀉쀆쀟쀝 (toru0087)> 넹!!!!!
[2021-12-10 23:59:43] <%제2의제시생 (hoen012)> 당연하지
[2021-12-10 23:59:43] <%마왕된케이 (kei4549)> 내일타로보기예요
[2021-12-10 23:59:44] <%노여야아 (shdudidk)> 봐도 되요
[2021-12-10 23:59:45] <%하울집사냥이 (h34rd)> 왜이리 자신감이 떨어졌어!
[2021-12-10 23:59:46] <%ji3589310> 빠삐~
[2021-12-10 23:59:51] <%이_시현 (tachi5923)> 내일 타로잖아요
[2021-12-10 23:59:53] <%제2의제시생 (hoen012)> 우리가 있잖아
[2021-12-10 23:59:57] <%마왕된케이 (kei4549)> 내일타로보기라 기운이날꺼예요
[2021-12-10 23:59:57] <%하울집사냥이 (h34rd)> 내일 컨텐츠 있는데...?
[2021-12-11 00:00:01] <%쀍쀑쀒쀓쀎쀘쀊쀉쀆쀟쀝 (toru0087)> 자고 일어나면 트수들 나 갑자기 기운났어 하실거 같아요..
[2021-12-11 00:00:01] <%제2의제시생 (hoen012)> 우리 트수들이 있잖아
[2021-12-11 00:00:03] <%푸린과천민 (f0046237)> 그러면 기운 없는 상태로 같이 있는 거죠
[2021-12-11 00:00:09] <%제2의제시생 (hoen012)> 우리 트수들 보로 와
[2021-12-11 00:00:10] <%이_시현 (tachi5923)> 타로보면서 힐링해보는것도 좋을거 같아요
[2021-12-11 00:00:15] <%하울집사냥이 (h34rd)> 항상 텐션이 좋을 수는 없지...
[2021-12-11 00:00:19] <%마왕된케이 (kei4549)> 아니요
[2021-12-11 00:00:21] <@^Nightbot> 이번에 올라온 신곡이에요♥ 노래 정말 귀엽습니다!! https://www.youtube.com/watch?v=BTshKa2DRcc
[2021-12-11 00:00:24] <%푸린과천민 (f0046237)> 굳이 방송을 켠다고 거창한 걸 해야한다는 생각을 할 필요는 없습니다
[2021-12-11 00:00:27] <%마왕된케이 (kei4549)> 타로보면 좋은결과나오면
[2021-12-11 00:00:27] <%제2의제시생 (hoen012)> 우리가 기운 나게 해주면 되지
[2021-12-11 00:00:29] <%새미킥 (semikick)> 천천히 리에링이 회복하길 같이 기다리는거죠
[2021-12-11 00:00:32] <%구름양반 (giseonho)> 안와서 아쉬운 것보다 차라리 같이 있는게 더 힘이 나서...
[2021-12-11 00:00:34] <%새미킥 (semikick)> 우리가 도와주기도 하고
[2021-12-11 00:00:34] <%마왕된케이 (kei4549)> 좋아지는거죠
[2021-12-11 00:00:39] <%하울집사냥이 (h34rd)> 그렇게 부정적으로 생각하지 말라고 몇번이나 말했는데!!!
[2021-12-11 00:00:42] <%하울집사냥이 (h34rd)> -3-
[2021-12-11 00:00:49] <%햄도담 (hamdodam)> 트수는 잘 기다릴 수 있다구! 회복이나 하라구!
[2021-12-11 00:00:51] <%마왕된케이 (kei4549)> 리에링
[2021-12-11 00:00:56] <%하울집사냥이 (h34rd)> 리에링 말 드릅게 안드뤄! -3-
[2021-12-11 00:00:57] <%노여야아 (shdudidk)> 리에링 화이팅!
[2021-12-11 00:01:01] <%마왕된케이 (kei4549)> 소소한목표로 평청자75명 잡자
[2021-12-11 00:01:03] <%마왕된케이 (kei4549)> 약속
[2021-12-11 00:01:14] <@^Nightbot> 유튜브 구독 해죠!!♥ shorturl.at/duvCL
[2021-12-11 00:01:16] <%제2의제시생 (hoen012)> 마리야 자신이 기운 없을때 다른사람들 가면 기운 빠진다 치자 그면 그 반대로 생각하면 우리가 미라에게 가면 기운이 더 좋게 할수도 있지 않을까?
[2021-12-11 00:01:26] <%하울집사냥이 (h34rd)> 그니까 최대한 긍정적으로 생각해보자구요~!
[2021-12-11 00:01:30] <%하울집사냥이 (h34rd)> 화이팅!!
[2021-12-11 00:01:30] <%푸린과천민 (f0046237)> 시청자 분들도 대단한 무언가를 바라는 게 아니라, 리엘님하고 함께 시간을 보내고 싶은 거니까요ㅇㅇb
[2021-12-11 00:01:30] <%마왕된케이 (kei4549)> 괜찮아요
[2021-12-11 00:01:31] <%노여야아 (shdudidk)> 아니요 미안할거없어요
[2021-12-11 00:01:32] <%ggook1096> 리에링이 미안해하지마
[2021-12-11 00:01:36] <%햄도담 (hamdodam)> 시무룩해지진 말어요! 긍정적ㅇ러!
[2021-12-11 00:01:40] <%ggook1096> 리에링 잘못아니야
[2021-12-11 00:01:48] <%제2의제시생 (hoen012)> 그니깐 우리 기운 많은 트수들 보로 와
[2021-12-11 00:02:04] <%제2의제시생 (hoen012)> 그면 너도 기운 나겠지?
[2021-12-11 00:02:07] <%마왕된케이 (kei4549)> 요즘 클립 영상 알고리즘타기시작해서
[2021-12-11 00:02:08] <%노여야아 (shdudidk)> 이제 자러가야죠
[2021-12-11 00:02:13] <%ggook1096> 잘자용
[2021-12-11 00:02:13] <%노여야아 (shdudidk)> 12시 지났네요
[2021-12-11 00:02:14] <%마왕된케이 (kei4549)> 괜찮아질꺼예요
[2021-12-11 00:02:14] <%제2의제시생 (hoen012)> 그니깐 팟팅하자
[2021-12-11 00:02:18] <%햄도담 (hamdodam)> 잘못한 거 아니니까 미안하다고는 하지 말구 고맙다고만 해줘요 s2mari1Cheer
[2021-12-11 00:02:20] <%kgop1998> 리에링 엘바
[2021-12-11 00:02:23] <%푸린과천민 (f0046237)> GivePLZ 엘야스미 하십시오 TakeNRG
[2021-12-11 00:02:24] <%구찌야 (gucciya)> 엘바~!!
[2021-12-11 00:02:25] <%제2의제시생 (hoen012)> 12시  넘었다 얼른 자자
[2021-12-11 00:02:25] <%ggook1096> 리에링 좋아해요
[2021-12-11 00:02:26] <%마왕된케이 (kei4549)> 뺨
[2021-12-11 00:02:27] <%이_시현 (tachi5923)> ㅗㅜㅑ!
[2021-12-11 00:02:27] <%노여야아 (shdudidk)> ㅇ0ㅇ
[2021-12-11 00:02:28] <%구름양반 (giseonho)> 엘바!!
[2021-12-11 00:02:30] <%구찌야 (gucciya)> 오뱅알~~
[2021-12-11 00:02:31] <%라비7 (tlsghl9696)> 엘바
[2021-12-11 00:02:32] <%갱생_베네디아 (benedia24)> 엘바~
[2021-12-11 00:02:32] <%제2의제시생 (hoen012)> ㄴㅇㅂㅈ
[2021-12-11 00:02:35] <%노여야아 (shdudidk)> 엘바
[2021-12-11 00:02:36] <%푸린과천민 (f0046237)> 이게 리엘님이지 BloodTrail
[2021-12-11 00:02:39] <%햄도담 (hamdodam)> 엘바ㅏㅏ
[2021-12-11 00:02:40] <%제2의제시생 (hoen012)> 엘바~  다들 내일보자
[2021-12-11 00:02:52] <%제2의제시생 (hoen012)> 우리 트수님들도 수고하셨습니다
[2021-12-11 00:02:57] <%ggook1096> 빠빠이
[2021-12-11 00:02:59] <%제2의제시생 (hoen012)> 내일뵈요 ㅎㅎ
[2021-12-11 00:03:02] <%크로ㅡ니아 (caincronia)> 엘바
[2021-12-11 00:03:09] Viewerstats (23:31-00:01): avg:43 min:40 max:48 [16/47+0+1+0+0-5+0+0-2+0+0+1+0+0-2+0]
[2021-12-11 00:03:11] <%제2의제시생 (hoen012)> 다같이
[2021-12-11 00:03:15] <%제2의제시생 (hoen012)> 엘바~~~~
[2021-12-11 00:03:16] <호두과자천국 (asdzxcf15243)> 엘바
[2021-12-11 00:03:19] <%새미킥 (semikick)> 엘바~~
[2021-12-11 00:03:19] <호두과자천국 (asdzxcf15243)> 사랑합니다!!
[2021-12-11 00:03:23] <%새미킥 (semikick)> 수고했어요
[2021-12-11 00:03:30] <%푸린과천민 (f0046237)> 엘바 s2mari1Hi 또바
[2021-12-11 00:03:43] ~Stream offline~
[2021-12-11 00:03:57] <%제2의제시생 (hoen012)> 이거 사진 캡쳐해서
[2021-12-11 00:04:06] <%제2의제시생 (hoen012)> 엘게더에 올려야지
[2021-12-11 00:04:15] <%제2의제시생 (hoen012)> 모두 굿밤
[2021-12-11 00:31:49] You have left #s2_mariel
# Log closed: 2021-12-11 00:31:49 +0900
-
