# Log started: 2021-12-10 21:23:24 +0900
[2021-12-10 21:23:24] #sorammmm 채널 입장 중입니다
[2021-12-10 21:23:24] #sorammmm 채널에 입장했습니다
[2021-12-10 21:23:24] <퓨리1 (carlmos)> 응 제대로 뼈맞았어
[2021-12-10 21:23:25] ~8 (Just Chatting)~
[2021-12-10 21:23:28] <zoonsik> 플래티넘 나미장인 ㅋㅋ
[2021-12-10 21:23:31] <집에있지만집가고싶다 (joon528)> ㅋㅋ 어떻게 몇백판 플레티넘
[2021-12-10 21:23:34] <미친소리만하는놈 (dukefeeling)> 플레는..인간이아니야누나..
[2021-12-10 21:23:36] <punctuate69> 퍼커의 아로하 들으셨나요? 감미롭지 않나요?
[2021-12-10 21:23:39] <첨봄 (jin1lll)> 의문의 플레장인
[2021-12-10 21:23:41] <집에있지만집가고싶다 (joon528)> 아 농담입니다
[2021-12-10 21:23:45] <zoonsik> 요즘 나미 잘 안하시던데 유기했나요?
[2021-12-10 21:23:55] <roy6924> 나미 구워먹었답니다
[2021-12-10 21:23:56] <흑표포수 (alal356)> 유기견 나미 ㅠㅠ
[2021-12-10 21:23:57] <%폭강 (pokgang)> ㅋㅋㅋ
[2021-12-10 21:23:58] <%이정철4세 (with8888)> 유미 장인을 꿈꿔봐요
[2021-12-10 21:23:58] <%티르나 (tonsia)> 화이팅!!
[2021-12-10 21:24:03] <300만행복도시인천 (hell_cheon)> 앗
[2021-12-10 21:24:03] <zoonsik> ㅋㅋㅋ
[2021-12-10 21:24:08] <juntwinch> the soul so big and rotund
[2021-12-10 21:24:10] <300만행복도시인천 (hell_cheon)> 할수있다 ~
[2021-12-10 21:24:13] <%이정철4세 (with8888)> 저 유미 20만점인데 왜 무시하세요 ..
[2021-12-10 21:24:14] <zoonsik> 유미는 챔프자체가 리얼 도구컨셉임 ㅋㅋ
[2021-12-10 21:24:15] <흑표포수 (alal356)> ㅈ냥이
[2021-12-10 21:24:16] <집에있지만집가고싶다 (joon528)> 루루보단 유미가 재밌던데요
[2021-12-10 21:24:17] <영등포핵주먹 (kba0402)> ㅈ냥이 노잼?
[2021-12-10 21:24:20] <punctuate69> 요즘 금값이 비싸대요~!!
[2021-12-10 21:24:21] <%티르나 (tonsia)> ㅋㅋㅋㅋㅋㅋ
[2021-12-10 21:24:22] <사자레오 (leo_kp)> 오늘 볼터치왤케귀여움
[2021-12-10 21:24:23] <잊혀질이름 (adnagaporp94)> 1500판 아니자나요
[2021-12-10 21:24:25] <zoonsik> 1500판 플래 ㅋㅋ
[2021-12-10 21:24:30] <득근득근민쵸단 (colabolation19)> ㅅㅍㅌㄴㄲ
[2021-12-10 21:24:31] <잊혀질이름 (adnagaporp94)> 지금까지 10000판 넘었을거같은데...
[2021-12-10 21:24:35] <곡고부 (rjh6618)> 근데 여기에 1500판 브실골들도 있을텐데 뭐 ㅋㅋㅋ
[2021-12-10 21:24:35] <흑표포수 (alal356)> ㅅㅍㅌㄴㄲ
[2021-12-10 21:24:36] <zoonsik> 코꾸멍 개웃겨용
[2021-12-10 21:24:38] <punctuate69> 서포터니까 ㅋㅋㅋ
[2021-12-10 21:24:39] <_설한_ (seolhan0223)> 3천판골드도있어누나
[2021-12-10 21:24:39] <punctuate69> ㅋㅋㅋㅋㅋㅋㅋ
[2021-12-10 21:24:40] <%티르나 (tonsia)> 플레가 말대꾸..?
[2021-12-10 21:24:44] <oleksander_k> sora DU USE PiK LiTL iNGLiSH?
[2021-12-10 21:24:46] <그냥으노 (idmsgh)> 노오오오오력이 부족해서그래
[2021-12-10 21:24:46] <%이정철4세 (with8888)> 1500판 밖에 ㅋㅋㅋㅋㅋㅋㅋ
[2021-12-10 21:24:48] <cexgoldrang2> 멋있어요
[2021-12-10 21:24:50] <zoonsik> 도구가.. 말대꾸??
[2021-12-10 21:24:52] <흑표포수 (alal356)> 도구가... 말대꾸!?
[2021-12-10 21:24:53] <%전준우 (lotteno8)> 도구가.. 말대꾸?
[2021-12-10 21:24:54] <집에있지만집가고싶다 (joon528)> 플레면
[2021-12-10 21:24:56] <집에있지만집가고싶다 (joon528)> 몇퍼센트죠
[2021-12-10 21:24:57] <죠죠블랙죠 (leopard10)> 1500판 실버도 있어
[2021-12-10 21:24:59] <300만행복도시인천 (hell_cheon)> ㅋㅋㅋㅋㅋㅋㅋㅋㅋㅋ
[2021-12-10 21:24:59] <zoonsik> 요즘 도구가..말대꾸? 이거 왤케 재밋는지 모르겠음
[2021-12-10 21:24:59] <영등포핵주먹 (kba0402)> 예쁘니까 괜찮아~
[2021-12-10 21:25:06] <%폭강 (pokgang)> ㅋㅋㅋㅋ
[2021-12-10 21:25:07] <뚱뚱뚱뚱이 (doyoooo)> ㅋㅋㅋㅋㅋㅋㅋㅋㅋㅋㅋ
[2021-12-10 21:25:08] <카레향쿠키 (akkpang18)> 도구가...말대꾸?
[2021-12-10 21:25:11] <300만행복도시인천 (hell_cheon)> 요즘 화제의 만화에 나옵니다 ..
[2021-12-10 21:25:12] <%폭강 (pokgang)> 도구가..말대꾸?
[2021-12-10 21:25:12] <%단강 (goodwigs)> ㅋㅋㅋㅋ웹툰요
[2021-12-10 21:25:13] <%티르나 (tonsia)> 뭐!
[2021-12-10 21:25:14] <흑표포수 (alal356)> 만-신
[2021-12-10 21:25:15] <punctuate69> 근데 솔직히 서포터 라인전에서 하는거 없고 그냥 중간에 한번씩 q w e r한번씩 눌러주면 되는거 아닌가요?
[2021-12-10 21:25:16] <%전준우 (lotteno8)> 왱!
[2021-12-10 21:25:17] <zoonsik> 웹툰에서 ㅋㅋ
[2021-12-10 21:25:17] <인생을살수있을까요 (healy0277)> 롤져서 또 곱창났나요?
[2021-12-10 21:25:18] <%이정철4세 (with8888)> 여자가 .. 말대꾸 ?!
[2021-12-10 21:25:19] <테쏠_ (slouly123)> 만신
[2021-12-10 21:25:20] <%전준우 (lotteno8)> 럭키짱 ㅋㅋㅋ
[2021-12-10 21:25:25] <미쉘잉 (pemgu29)> 만신웹툰을 모르다니
[2021-12-10 21:25:26] <zoonsik> 원본은 여자가 말대꾸임 ㅋㅋ
[2021-12-10 21:25:27] <%티르나 (tonsia)> 만화의 신 있음
[2021-12-10 21:25:27] <미친소리만하는놈 (dukefeeling)> 럭키짱을안봐?
[2021-12-10 21:25:28] <테쏠_ (slouly123)> 만신음해 ㄴㄴ
[2021-12-10 21:25:34] <%전준우 (lotteno8)> ?
[2021-12-10 21:25:37] <lcis> 소람잉님 이제 카톡에 사진 못올린다면서요
[2021-12-10 21:25:39] <레펠드리안 (jsm00929)> 미리 곱창 내고 가신답니다
[2021-12-10 21:25:39] <카레향쿠키 (akkpang18)> 반대겠찌
[2021-12-10 21:25:40] <영등포핵주먹 (kba0402)> 바텀 라인전은 서폿이 70%
[2021-12-10 21:25:42] <미쉘잉 (pemgu29)> ㅇㅇ
[2021-12-10 21:25:43] <%전준우 (lotteno8)> ㄹㅇ임
[2021-12-10 21:25:43] <300만행복도시인천 (hell_cheon)> 듣기만해도 웃음이 빵 터지는 대사 ㅋㅋ
[2021-12-10 21:25:44] <하양바이브 (white_vibe_)> ㅖ
[2021-12-10 21:25:44] <검존 (kyh940402)> 네 맞아요
[2021-12-10 21:25:45] <키구니 (kigooni)> 만신이 또..
[2021-12-10 21:25:46] <%전준우 (lotteno8)> 상남자 웹툰이라
[2021-12-10 21:25:47] <테쏠_ (slouly123)> 그게 만신이니까
[2021-12-10 21:25:48] <asterroid03> 근데 작가가 원래 그런사람이라 그러려니 하고 또 ㅋㅋㅋ
[2021-12-10 21:25:49] <%단강 (goodwigs)> 여자가...말대꾸?
[2021-12-10 21:25:49] <also0307> 만신이라 ㄱㅊ
[2021-12-10 21:25:50] <인생을살수있을까요 (healy0277)> 코자가..야대꾸?!
[2021-12-10 21:25:50] <잊혀질이름 (adnagaporp94)> 만화는 만화로 봐야지
[2021-12-10 21:25:51] <검존 (kyh940402)> 요즘 같은 시대에 나온 만화가 아니에요 ㅋㅋ
[2021-12-10 21:25:51] <cyosep> 박태준 만화임
[2021-12-10 21:25:51] <퓨리1 (carlmos)> 정보)말대꾸도 안했다 심지어
[2021-12-10 21:25:52] <흑표포수 (alal356)> 잉붕이가... 말대꾸?!
[2021-12-10 21:25:53] <미쉘잉 (pemgu29)> ㅖ
[2021-12-10 21:25:53] <300만행복도시인천 (hell_cheon)> ㅇㅇ
[2021-12-10 21:25:54] <%이정철4세 (with8888)> 네
[2021-12-10 21:25:55] <카레향쿠키 (akkpang18)> ㅔ
[2021-12-10 21:25:55] <키구니 (kigooni)> 일부러 그러는거임
[2021-12-10 21:25:55] <300만행복도시인천 (hell_cheon)> 요즘임
[2021-12-10 21:25:56] <은팔찌철컹철컹 (wih0000)> ㅔ
[2021-12-10 21:25:56] <죠죠블랙죠 (leopard10)> 김성모면 가능
[2021-12-10 21:25:57] <테쏠_ (slouly123)> ㅇㅇ
[2021-12-10 21:25:57] <미친소리만하는놈 (dukefeeling)> 암퇘지년이라고 대사쳤다가 잘려서 여자야라고 정정됐어 누나
[2021-12-10 21:25:58] <qweyui97> 거긴 남비여비라 갠찮음 ㅋㅋㅋㅋㅋㅋㅋㅋㅋ
[2021-12-10 21:25:58] <%전준우 (lotteno8)> 박태준+김성모 콜라보
[2021-12-10 21:25:59] <테쏠_ (slouly123)> 연재중이야
[2021-12-10 21:26:01] <punctuate69> 혼나지
[2021-12-10 21:26:02] <테쏠_ (slouly123)> 매일 연재중임
[2021-12-10 21:26:02] <also0307> 쇼미더럭키짱
[2021-12-10 21:26:02] <scarecrow9292> 네이버 웹툰 1위임
[2021-12-10 21:26:03] <%단강 (goodwigs)> ㅋㅋㅋㅋㅋ근데 일부러 논란될만한걸 개그소재로 쓰는 만화임
[2021-12-10 21:26:03] <zoonsik> ㄹㅇ 노빠꾸 상남자 웹툰 호감이면 개추 ㅋㅋ
[2021-12-10 21:26:04] <미쉘잉 (pemgu29)> 만신이여서 ㄱㅊ
[2021-12-10 21:26:05] <%단강 (goodwigs)> 노리고 쓰는거임
[2021-12-10 21:26:06] <카레향쿠키 (akkpang18)> 버전 개많음
[2021-12-10 21:26:07] <뚱뚱뚱뚱이 (doyoooo)> 만신이라 ㄱㅊ
[2021-12-10 21:26:07] <흑표포수 (alal356)> 김성모 ㅋㅋㅋ
[2021-12-10 21:26:07] <키구니 (kigooni)> 럭키짱이에여
[2021-12-10 21:26:07] <daewookkim> ㅋㅋㅋㅋㅋㅋㅋㅋㅋㅋㅋㅋ
[2021-12-10 21:26:08] <asterroid03> 건드려도 딜 1도 안들어감..
[2021-12-10 21:26:10] <그림라크 (rkddnjs1)> 근데 그거 옛날 만화 올리는거 아닌가?
[2021-12-10 21:26:10] <인생을살수있을까요 (healy0277)> 그쪽도 포기한분이에요
[2021-12-10 21:26:11] <%이정철4세 (with8888)> 별점테러 당했어요
[2021-12-10 21:26:11] <jm1010k> 만신
[2021-12-10 21:26:11] <흑표포수 (alal356)> 럭키짜이자나~
[2021-12-10 21:26:12] <%전준우 (lotteno8)> 지금 인기 젤 많을건데 ㅋㅋ
[2021-12-10 21:26:16] <300만행복도시인천 (hell_cheon)> 오히려 대놓고 그러니까 어이없어서 웃김 ㅋㅋ
[2021-12-10 21:26:18] <zenogglokk> Baddie
[2021-12-10 21:26:18] <%트위치백수가되고싶다 (elinhise)> 만신의 세계엔 남자는 깡패 여자는 창X 다른 직업은 택시기사정도임
[2021-12-10 21:26:18] <asterroid03> 원래 그런분이라 포기함 ㅋㅋㅋㅋ
[2021-12-10 21:26:18] <punctuate69> ㅋㅋㅋㅋㅋㅋㅋㅋㅋㅋㅋㅋㅋ
[2021-12-10 21:26:19] <카레향쿠키 (akkpang18)> 유저가 말대꾸? 던이 말대꾸? 도구가 말대꾸?
[2021-12-10 21:26:20] <mrsonakool> natsuLove
[2021-12-10 21:26:21] <zenogglokk> 🔥 🔥
[2021-12-10 21:26:24] <%단강 (goodwigs)> 일부러 대놓고 그런걸 써서 웃기는거임
[2021-12-10 21:26:24] <그냥으노 (idmsgh)> 남녀평등한 웹툰이라 남자는 다깡패고 여자는다 그거인세계관
[2021-12-10 21:26:25] <흑표포수 (alal356)> 노빠꾸
[2021-12-10 21:26:27] <scarecrow9292> 근데 네이버 웹툰 1위 ㅋㅋㅋㅋㅋㅋ
[2021-12-10 21:26:29] <Agapepitoch10> hello, do you have tips for a support main? VoHiYo
[2021-12-10 21:26:30] <테쏠_ (slouly123)> 진심이던데?
[2021-12-10 21:26:31] <키구니 (kigooni)> ㄹㅇ진심이던데
[2021-12-10 21:26:32] <미친소리만하는놈 (dukefeeling)> ㅈㄴ웃긴데보면.ㅋㅋㅋ
[2021-12-10 21:26:32] <zenogglokk> Beautiful 😍
[2021-12-10 21:26:36] <%전준우 (lotteno8)> 그분 예전에 어두운쪽 만화그리시던분이라 ㅋㅋㅋ
[2021-12-10 21:26:38] <%전준우 (lotteno8)> 표현 심함ㅋㅋ
[2021-12-10 21:26:41] <인생을살수있을까요 (healy0277)> 남깡여창만화라서 다들 그러려니 하는
[2021-12-10 21:26:45] <300만행복도시인천 (hell_cheon)> 대털 같은거
[2021-12-10 21:26:46] <zoonsik> 음지요 ㅇㅇ
[2021-12-10 21:26:46] <흑표포수 (alal356)> 나의 빽드릴 킥을 알까?
[2021-12-10 21:26:47] <%전준우 (lotteno8)> 조폭만화같은거
[2021-12-10 21:26:49] <scarecrow9292> 남자는 깡패가되고 여자는...
[2021-12-10 21:26:51] <미친소리만하는놈 (dukefeeling)> 킹털은봐야지...
[2021-12-10 21:26:52] <punctuate69> 근데 그런뷴들은 더 좋을걸? 댓글 남기려면 조회해서 조회수 늘자너 ㅋㅋㅋㅋ
[2021-12-10 21:26:52] <%폭강 (pokgang)> 조폭만화
[2021-12-10 21:26:52] <테쏠_ (slouly123)> 조폭만화 그런거
[2021-12-10 21:26:54] <%티르나 (tonsia)> ㅋㅋㅋㅋㅋ
[2021-12-10 21:26:56] <picasoeasel> 그냥 건달만화임
[2021-12-10 21:26:57] <%티르나 (tonsia)> 느와르전문이야?
[2021-12-10 21:26:58] <%트위치백수가되고싶다 (elinhise)> 여자만 그런게 아니라 남자는 더 시궁창인 만화라..
[2021-12-10 21:26:58] <카레향쿠키 (akkpang18)> 배틀물
[2021-12-10 21:27:00] <%폭강 (pokgang)> 1장 제목부터 좀 어지럽긴해
[2021-12-10 21:27:01] <퓨리1 (carlmos)> 정보)여자가 말대꾸는 앞을 못봐서 부딪혀서 미안하다는 말에 대한 반응이다
[2021-12-10 21:27:02] <한쪽손가락 (jw06samuel)> 제목이 뭔데
[2021-12-10 21:27:03] <테쏠_ (slouly123)> 그것도 옛날감성 조폭만화
[2021-12-10 21:27:05] <mouther93> MOMMY
[2021-12-10 21:27:06] <도겐 (khw327)> 김성모 조폭사시미원툴 ㅋㅋ
[2021-12-10 21:27:09] <punctuate69> 내가 아는건 노블레스가 끝인데
[2021-12-10 21:27:11] <parrot9860> 롤 안함?
[2021-12-10 21:27:15] <%폭강 (pokgang)> 여자가 사과한건데
[2021-12-10 21:27:19] <zoonsik> 친구 엄마 <-요런느낌
[2021-12-10 21:27:20] <%폭강 (pokgang)> 여자가... 말대꾸?
[2021-12-10 21:27:20] <punctuate69> 집주인 딸내미가 명작입니다
[2021-12-10 21:27:22] <%트위치백수가되고싶다 (elinhise)> 근데 문제는 이번엔 스토리 작가가 따로 있다는거
[2021-12-10 21:27:26] <parrot9860> ?
[2021-12-10 21:27:28] <흑표포수 (alal356)> 사과했는데 ㅋㅋㅋ 말대꾸!? ㅇㅈㄹ ㅋㅋ
[2021-12-10 21:27:28] <%전준우 (lotteno8)> ㅋㅋㅋㅋㅋㅋㅋㅋㅋㅋㅋㅋㅋㅋㅋㅋㅋ
[2021-12-10 21:27:29] <300만행복도시인천 (hell_cheon)> ㅋㅋㅋㅋㅋㅋㅋㅋㅋㅋㅋㅋ
[2021-12-10 21:27:31] <테쏠_ (slouly123)> 여친이 지각을?
[2021-12-10 21:27:32] <%티르나 (tonsia)> ㅋㅋㅋㅋㅋㅋㅋ
[2021-12-10 21:27:32] <카레향쿠키 (akkpang18)> ㅋㅋㅋㅋㅋㅋㅋㅋㅋㅋㅋㅋㅋㅋㅋ
[2021-12-10 21:27:33] <punctuate69> 집주인 딸내미 동네누나가 명작입니다
[2021-12-10 21:27:35] <카레향쿠키 (akkpang18)> ㄷㄷㄷㄷ
[2021-12-10 21:27:37] <zoonsik> ㅋㅋㅋ
[2021-12-10 21:27:38] <scarecrow9292> 미안하다 했는데 말대꾼한다고 ㅋㅋㅋㅋ
[2021-12-10 21:27:39] <%전준우 (lotteno8)> 그런식으로 진행됨 ㅋㅋㅋ
[2021-12-10 21:27:40] <카레향쿠키 (akkpang18)> 오..오...어지럽네
[2021-12-10 21:27:41] <하양바이브 (white_vibe_)> ㅋㅋㅋㅋㅋ
[2021-12-10 21:27:42] <련박죽하고승천한_떡볶이 (ksg0910)> 김성모의 고민은 자기가 왜 여성팬이 없을까이다
[2021-12-10 21:27:42] <%티르나 (tonsia)> 쓰레기였잖아 ㅋㅋㅋ
[2021-12-10 21:27:43] <%단강 (goodwigs)> ㅋㅋㅋㅋㅋㅋㅋㅋㅋ그래서 웃긴거임
[2021-12-10 21:27:44] <미친소리만하는놈 (dukefeeling)> 그게상남자다...
[2021-12-10 21:27:47] <%전준우 (lotteno8)> 그게 김성모..
[2021-12-10 21:27:48] <련박죽하고승천한_떡볶이 (ksg0910)> 근데 많이 순해진거임
[2021-12-10 21:27:49] <흑표포수 (alal356)> ㅋㅋㅋㅋㅋㅋㅋㅋ
[2021-12-10 21:27:49] <상어_밥 (qmfkqh1998)> 김성모 유니버스...
[2021-12-10 21:27:50] <하양바이브 (white_vibe_)> ㅇㅅㅁㅅ
[2021-12-10 21:27:52] <집에있지만집가고싶다 (joon528)> 이번 애인은 단점을 부각시켜주는데 어떻게 된일이죠?
[2021-12-10 21:27:52] <흑표포수 (alal356)> 만-신
[2021-12-10 21:27:52] <mrsonakool> natsuLove natsuLove
[2021-12-10 21:27:55] <잊혀질이름 (adnagaporp94)> 썅남자지
[2021-12-10 21:27:55] <카레향쿠키 (akkpang18)> 멋있긴해
[2021-12-10 21:27:56] <picasoeasel> 그저 만신
[2021-12-10 21:27:57] <키구니 (kigooni)> 여친은 없지 그러면
[2021-12-10 21:28:00] <blueclusader> 칸포터  오피셜이라 재밌어졌네
[2021-12-10 21:28:00] <zoonsik> 순해진게 여자가 말대꾸임 ㅋㅋ
[2021-12-10 21:28:01] <그림라크 (rkddnjs1)> 그런 어처구니 없는 대사 많음 ㅋㅋㅋ
[2021-12-10 21:28:04] <%이정철4세 (with8888)> 소람잉이 .. 말대꾸 ?!
[2021-12-10 21:28:05] <%트위치백수가되고싶다 (elinhise)> 페미니스트 양성 웹툰임
[2021-12-10 21:28:06] <슬픈정공남 (godtmdals216)> 여자가.... 말대꾸?
[2021-12-10 21:28:07] <련박죽하고승천한_떡볶이 (ksg0910)> 김성모는 예전에는 더했지
[2021-12-10 21:28:10] <레펠드리안 (jsm00929)> 하스스톤버전은 '던이....말대꾸?' 임
[2021-12-10 21:28:13] <%전준우 (lotteno8)> ㅋㅋㅋㅋㅋㅋㅋㅋㅋㅋㅋㅋㅋㅋㅋㅋㅋㅋㅋㅋㅋㅋㅋㅋ
[2021-12-10 21:28:14] <흑표포수 (alal356)> ㅋㅋㅋㅋㅋㅋㅋㅋㅋㅋㅋㅋㅋㅋ
[2021-12-10 21:28:14] <punctuate69> 어디서 말대꾸를?
[2021-12-10 21:28:14] <blueclusader> ㅋㄱ
[2021-12-10 21:28:15] <잊혀질이름 (adnagaporp94)> ㅋㅋㅋㅋ
[2021-12-10 21:28:15] <%티르나 (tonsia)> ㅋㅋㅋㅋㅋㅋㅋ
[2021-12-10 21:28:17] <영등포핵주먹 (kba0402)> ㅋㅋㅋㅋㅋㅋ
[2021-12-10 21:28:19] <슬픈정공남 (godtmdals216)> ㄹㅇㅋㅋㅋㅋㅋ
[2021-12-10 21:28:19] <카레향쿠키 (akkpang18)> 어허~
[2021-12-10 21:28:23] <blueclusader> 어허
[2021-12-10 21:28:25] <카레향쿠키 (akkpang18)> 그런 방 안입니다.
[2021-12-10 21:28:28] <련박죽하고승천한_떡볶이 (ksg0910)> 남자는 깡패고 여자는 창 이라서 남깡여창 으로 불리던 전설의 작가
[2021-12-10 21:28:29] <잊혀질이름 (adnagaporp94)> 그게 그 미러링인가 뭔가인가
[2021-12-10 21:28:34] <뵤미 (hoin2177)> 그런방 맞읍니다
[2021-12-10 21:28:36] <%트위치백수가되고싶다 (elinhise)> 쿠하님 방송 켠듯?
[2021-12-10 21:28:43] <흑표포수 (alal356)> 낄낄
[2021-12-10 21:28:43] <punctuate69> 그런방인가요?
[2021-12-10 21:28:44] <뚱뚱뚱뚱이 (doyoooo)> ㅋㅋㅋㅋㅋㅋㅋㅋㅋㅋㅋ
[2021-12-10 21:28:44] <련박죽하고승천한_떡볶이 (ksg0910)> 얘는 어떤 쪽을 할만한 머리가 없어요!
[2021-12-10 21:28:44] <%이정철4세 (with8888)> 너무 가식적이에요
[2021-12-10 21:28:45] <키구니 (kigooni)> 대선 나가시나여?
[2021-12-10 21:28:45] <300만행복도시인천 (hell_cheon)> PC함을 강조
[2021-12-10 21:28:45] <blueclusader> ?
[2021-12-10 21:28:47] <mrsonakool> natsuLove natsuLove natsuLove
[2021-12-10 21:28:51] <뚱뚱뚱뚱이 (doyoooo)> 그런방인 줄 알고 들어왔는데
[2021-12-10 21:28:53] <련박죽하고승천한_떡볶이 (ksg0910)> 이사람은 사상을 가질만한 능지가 없습니다!
[2021-12-10 21:28:54] <레펠드리안 (jsm00929)> PC잉
[2021-12-10 21:28:54] <키구니 (kigooni)> 정치인인가여
[2021-12-10 21:28:55] <%티르나 (tonsia)> 대선나가시나여?
[2021-12-10 21:28:57] <zoonsik> pc잉 ㅋㅋ
[2021-12-10 21:28:57] <blueclusader> 아
[2021-12-10 21:28:59] <흑표포수 (alal356)> 서폿적 올바름
[2021-12-10 21:29:05] <blueclusader> 정계선언?
[2021-12-10 21:29:07] <카레향쿠키 (akkpang18)> ㅋㅋㅋㅋㅋㅋㅋㅋ
[2021-12-10 21:29:12] <zoonsik> 소람잉을 국회로~
[2021-12-10 21:29:12] <300만행복도시인천 (hell_cheon)> 도구적 올바름 ㅋㅋ
[2021-12-10 21:29:14] <punctuate69> 그런방입니다~
[2021-12-10 21:29:15] <레펠드리안 (jsm00929)> 속보)소람잉 정계 진출
[2021-12-10 21:29:18] <흑표포수 (alal356)> 도구적 올바름 ㅋㅋㅋㅋㅋ
[2021-12-10 21:29:21] <HYPERGACHI> BOOBA
[2021-12-10 21:29:22] <picasoeasel> 서폿이 캐리하는 세상은 안오냐고 ㅋㅋ
[2021-12-10 21:29:25] <%트위치백수가되고싶다 (elinhise)> 근데 진짜 그 짤은 만능이라...
[2021-12-10 21:29:25] <집에있지만집가고싶다 (joon528)> 블루팀 진영이 좋으신가요 레드팀 진영이 좋으신가요?
[2021-12-10 21:29:26] <잊혀질이름 (adnagaporp94)> 소람잉을 국회로'
[2021-12-10 21:29:26] <zoonsik> 기호 1번 소람잉 출마 ㅋㅋ
[2021-12-10 21:29:27] <%이정철4세 (with8888)> 선생님 로로체스는 요즘 안하나용?
[2021-12-10 21:29:32] <%단강 (goodwigs)> ㅋㅋㅋㅋ코런사람
[2021-12-10 21:29:34] <키구니 (kigooni)> 실망입니다...
[2021-12-10 21:29:36] <잊혀질이름 (adnagaporp94)> 툴
[2021-12-10 21:29:39] <picasoeasel> 보급로
[2021-12-10 21:29:41] <황족정글 (dipalya)> 난서폿이 원딜탑보다 케리력 높다고보는데
[2021-12-10 21:29:43] <소니쇼의코끼리 (arctic0917)> 메라 : ???
[2021-12-10 21:29:45] <황제제갈통 (nohs95)> 그런방이네요
[2021-12-10 21:29:47] <zoonsik> 서포터 말자체가 도와주는 조연이죠 ㅇㅇ
[2021-12-10 21:29:48] <punctuate69> 난 침대에 버튼 하나 있고 버튼 누르면 물척 가져다 주고 밥 척 가져다 주면 좋겠음
[2021-12-10 21:29:48] <카레향쿠키 (akkpang18)> 와드싸개와 렌즈돌리개로 순화해 주세요
[2021-12-10 21:29:49] <한쪽손가락 (jw06samuel)> 파이크는 캐리 가능한데
[2021-12-10 21:29:50] <레펠드리안 (jsm00929)> 도구가.....캐리??
[2021-12-10 21:29:57] <KYJY9611> hi babe
[2021-12-10 21:30:00] <잊혀질이름 (adnagaporp94)> 도구가 캐리?..
[2021-12-10 21:30:00] <zoonsik> 도구가..캐리력?
[2021-12-10 21:30:00] <테쏠_ (slouly123)> 버퍼 보단 서포터가 있어보이잖아
[2021-12-10 21:30:01] <%이정철4세 (with8888)> 전라인 영향 끼치잖아요
[2021-12-10 21:30:01] <흑표포수 (alal356)> 파이크 무섭
[2021-12-10 21:30:06] <fight7373731> !IG
[2021-12-10 21:30:07] <카레향쿠키 (akkpang18)> 도구가... 말대꾸?
[2021-12-10 21:30:08] <mrsonakool> natsuLove natsuLove natsuLove natsuLove pokiPOP
[2021-12-10 21:30:14] <집에있지만집가고싶다 (joon528)> 딜러를 키우는게 서포터 아닌가요
[2021-12-10 21:30:15] <%전준우 (lotteno8)> ㅋㅋㅋㅋㅋㅋㅋㅋㅋㅋㅋㅋㅋㅋㅋㅋㅋㅋㅋ
[2021-12-10 21:30:17] <흑표포수 (alal356)> 제라스가.. 딜1등?!
[2021-12-10 21:30:18] <punctuate69> 어허 말대꾸?
[2021-12-10 21:30:18] <300만행복도시인천 (hell_cheon)> 트수가.. 말대꾸 ?
[2021-12-10 21:30:19] <zoonsik> ㅋㅋㅋ
[2021-12-10 21:30:21] <%트위치백수가되고싶다 (elinhise)> 유틸성 서포터는 뭔가 비열함
[2021-12-10 21:30:22] <에이브_ (ghdwls212)> 도구가 말?
[2021-12-10 21:30:22] <%티르나 (tonsia)> ㅋㅋㅋㅋㅋ
[2021-12-10 21:30:23] <카레향쿠키 (akkpang18)> 도구가...자아를?
[2021-12-10 21:30:24] <%전준우 (lotteno8)> 무적기임 그냥 ㅋㅋㅋㅋㅋㅋㅋㅋㅋㅋㅋ
[2021-12-10 21:30:25] <레펠드리안 (jsm00929)> 입을 열면 말대꾸입니다
[2021-12-10 21:30:29] <뻥우 (fibwoo)> ㅋㅋㅋ
[2021-12-10 21:30:29] <KYJY9611> midbeast want to go to korea because of you
[2021-12-10 21:30:32] <잊혀질이름 (adnagaporp94)> 무적방패
[2021-12-10 21:30:32] <흑표포수 (alal356)> 자아를 ㅇㅈㄹ ㅋㅋㅋㅋㅋㅋㅋㅋㅋㅋ
[2021-12-10 21:30:33] <%트위치백수가되고싶다 (elinhise)> 힘 대 힘으로 붙어야지
[2021-12-10 21:30:33] <까밀루 (kamillus12)> 도구가 입열어?
[2021-12-10 21:30:33] <%전준우 (lotteno8)> ㅋㅋㅋㅋㅋㅋㅋㅋㅋㅋㅋㅋㅋㅋㅋ
[2021-12-10 21:30:38] <뚱뚱뚱뚱이 (doyoooo)> ㅋㅋㅋㅋㅋㅋㅋㅋㅋㅋㅋㅋ
[2021-12-10 21:30:39] <300만행복도시인천 (hell_cheon)> 뻥긋 하면 바로 대사치시면됨
[2021-12-10 21:30:40] <키구니 (kigooni)> 엄마아빠 메타네
[2021-12-10 21:30:47] <%이정철4세 (with8888)> 뭘 하려고 하지 마 요
[2021-12-10 21:30:53] <집에있지만집가고싶다 (joon528)> 오다 내리지 말래요
[2021-12-10 21:30:53] <%티르나 (tonsia)> 판단 혼자하는거?
[2021-12-10 21:30:55] <zoonsik> 생각을 가지고 의견을 내면 자아를 가지고있는거임
[2021-12-10 21:30:55] <흑표포수 (alal356)> 정신
[2021-12-10 21:30:58] <은팔찌철컹철컹 (wih0000)> 에고
[2021-12-10 21:30:58] <잊혀질이름 (adnagaporp94)> ㅋㅋㅋㅋ
[2021-12-10 21:30:58] <%전준우 (lotteno8)> 자기가 생각하고 판단
[2021-12-10 21:30:59] <흑표포수 (alal356)> 생각 판단
[2021-12-10 21:31:00] <%단강 (goodwigs)> ㅋㅋㅋㅋㅋㅋㅋㅋㅋㅋㅋㅋㅋ
[2021-12-10 21:31:01] <punctuate69> 그냥 아 ㅋㅋㅋ ㄹㅇ 만 치라고
[2021-12-10 21:31:02] <shampooo_1> ㅋㅋㅋㅋ
[2021-12-10 21:31:02] <%트위치백수가되고싶다 (elinhise)> 로봇을 원하는거임
[2021-12-10 21:31:03] <소니쇼의코끼리 (arctic0917)> 탑혐
[2021-12-10 21:31:05] <zoonsik> 그냥 수동적으로 받아들여야 자아강 없는거임
[2021-12-10 21:31:08] <카레향쿠키 (akkpang18)> 레벨 제일 낮은애가 뭘 할려고 하니깐 빡이치지
[2021-12-10 21:31:10] <%이정철4세 (with8888)> 핑만 들어요 그냥
[2021-12-10 21:31:10] <은팔찌철컹철컹 (wih0000)> ㄹㅇㅋㅋ만해
[2021-12-10 21:31:13] <감사합니다영어님 (sunkist09300)> 원딜왕자님이 원하는대로 맞추라고 ㅋㅋㅋㅋ
[2021-12-10 21:31:13] <흑표포수 (alal356)> ㅋㅋㅋㅋㅋㅋㅋㅋㅋㅋ
[2021-12-10 21:31:17] <%티르나 (tonsia)> ㅇㅇ 막상 생각 안하면 더 까이긴해
[2021-12-10 21:31:19] <카레향쿠키 (akkpang18)> ㅋㅋㅋㅋㅋㅋ
[2021-12-10 21:31:19] <%전준우 (lotteno8)> oh...
[2021-12-10 21:31:19] <집에있지만집가고싶다 (joon528)> 판단은 미드가
[2021-12-10 21:31:22] <%전준우 (lotteno8)> 댄스..?
[2021-12-10 21:31:24] <카레향쿠키 (akkpang18)> 02 오우...
[2021-12-10 21:31:26] <레펠드리안 (jsm00929)> 춤출시간이다
[2021-12-10 21:31:27] <황족정글 (dipalya)> 댄스?
[2021-12-10 21:31:27] <흑표포수 (alal356)> 아 판단은 정글이지 ㅋㅋㅋ
[2021-12-10 21:31:27] <300만행복도시인천 (hell_cheon)> 딴스 .. ?
[2021-12-10 21:31:28] <뵤미 (hoin2177)> 닥치고 미드모여
[2021-12-10 21:31:30] <%전준우 (lotteno8)> 여기 제로투밖에모릅니다
[2021-12-10 21:31:31] <황족정글 (dipalya)> 댄스다다아아아앙
[2021-12-10 21:31:32] <zoonsik> 02가무임?
[2021-12-10 21:31:35] <%이정철4세 (with8888)> 도구는 빽핑 삭제해야함
[2021-12-10 21:31:40] <키구니 (kigooni)> 갑분떈스?
[2021-12-10 21:31:41] <레펠드리안 (jsm00929)> 제로투
[2021-12-10 21:31:41] <%전준우 (lotteno8)> 02 = 제로투아님?ㅋㅋ
[2021-12-10 21:31:42] <팹시채고 (jack970908)> 여기방장 제로투 원툴이에요
[2021-12-10 21:31:42] <%티르나 (tonsia)> ㅋㅋㅋㅋㅋ
[2021-12-10 21:31:47] <zoonsik> 단가 올리죠 ㅇㅇ
[2021-12-10 21:31:49] <300만행복도시인천 (hell_cheon)> 롤하기전에 몸풀기 좋아요
[2021-12-10 21:31:50] <잊혀질이름 (adnagaporp94)> 아 그냥 서폿 없애고 원딜 스킬 4개 더 줘라 ㅋㅋ
[2021-12-10 21:31:52] <%티르나 (tonsia)> 롤하기전에 체력 빼기 ㅋㅋㅋ
[2021-12-10 21:31:54] <punctuate69> 아니 당연히 판단은 딜러가하죠 도구가 판단하면 딜은 도구가 하나요?
[2021-12-10 21:31:56] <황족정글 (dipalya)> 얀코스 유입이 해달라고하네요
[2021-12-10 21:32:00] <%전준우 (lotteno8)> 그러기엔 단가에 맞지않는 실력이..
[2021-12-10 21:32:02] <zoonsik> 춤추기 싫을땐 단가 올려버리기 ㅋㅋ
[2021-12-10 21:32:03] <picasoeasel> 저거 얀코스임
[2021-12-10 21:32:03] <%이정철4세 (with8888)> 단가를 .. 올려 ?
[2021-12-10 21:32:06] <감사합니다영어님 (sunkist09300)> 급작스런 가격인상??ㅋㅋㅋㅋㅋㅋㅋㅋ
[2021-12-10 21:32:10] <흑표포수 (alal356)> 단가를... 올려?!
[2021-12-10 21:32:11] <zoonsik> 도구가..단가?
[2021-12-10 21:32:17] <레펠드리안 (jsm00929)> ㅋㅋㅋㅋㅋㅋㅋㅋㅋㅋㅋㅋ
[2021-12-10 21:32:19] <300만행복도시인천 (hell_cheon)> PrideUwu
[2021-12-10 21:32:25] <키구니 (kigooni)> 요즘 서폿탬이 비싸다네여
[2021-12-10 21:32:27] <kevinbee0614> 메이드복 ㅗㅜㅑ
[2021-12-10 21:32:30] <전역하니좋다 (boybored)> 소람잉..... 제로투?
[2021-12-10 21:32:30] <흑표포수 (alal356)> 3잉
[2021-12-10 21:32:31] <%티르나 (tonsia)> 못추니까
[2021-12-10 21:32:33] <%이정철4세 (with8888)> 못추는 맛에 보는거에요
[2021-12-10 21:32:35] <zoonsik> ㅋㅋㅋ
[2021-12-10 21:32:39] <300만행복도시인천 (hell_cheon)> 춤의 완성도가 중요한가요
[2021-12-10 21:32:42] <뵤미 (hoin2177)> 못추긴해
[2021-12-10 21:32:42] <레펠드리안 (jsm00929)> 잘추는걸 원하면 소람잉 방송을 보겠냐고 ㅋㅋㅋ
[2021-12-10 21:32:49] <%이정철4세 (with8888)> 좋아요 ~ 좋아요 ~ 좋아요 ~
[2021-12-10 21:32:51] <오누룬 (junepik)> 소하
[2021-12-10 21:32:52] <@^Nightbot> 오누룬님 하이~
[2021-12-10 21:32:58] <punctuate69> 잘추면 여기서 이러고 있겠습니까?
[2021-12-10 21:32:58] <%전준우 (lotteno8)> ㅗㅜㅑ
[2021-12-10 21:32:58] <@^Nightbot> 11443번
[2021-12-10 21:33:02] <zoonsik> 헉
[2021-12-10 21:33:04] <%티르나 (tonsia)> 입으면되지
[2021-12-10 21:33:04] <300만행복도시인천 (hell_cheon)> PrideCute PrideCute PrideCute
[2021-12-10 21:33:05] <흑표포수 (alal356)> 털바지 ㅋㅋㅋㅋ
[2021-12-10 21:33:07] <키구니 (kigooni)> ㅗㅜㅑ
[2021-12-10 21:33:07] <%전준우 (lotteno8)> 입고해~
[2021-12-10 21:33:07] <%이정철4세 (with8888)> 수면바지 입죠
[2021-12-10 21:33:07] <kevinbee0614> 팔뚝 ㄷㄷ
[2021-12-10 21:33:07] <황족정글 (dipalya)> ㅗㅜㅑ
[2021-12-10 21:33:10] <shampooo_1> 굿굿굿
[2021-12-10 21:33:14] <오누룬 (junepik)> ㅇㄷㅇㄷㅇㄷㅇ
[2021-12-10 21:33:15] <레펠드리안 (jsm00929)> ...돼!!
[2021-12-10 21:33:16] <parrot9860> SeemsGood
[2021-12-10 21:33:17] <흑표포수 (alal356)> 아까 핑크털바지 ㄱㄱ ㅋㅋㅋㅋㅋㅋ
[2021-12-10 21:33:18] <뵤미 (hoin2177)> 돌핀바지도 안대나요
[2021-12-10 21:33:22] <아노노 (asdzz125)> 돼!!
[2021-12-10 21:33:25] <300만행복도시인천 (hell_cheon)> 이미 카카오 인증도 받으셨는데
[2021-12-10 21:33:28] <300만행복도시인천 (hell_cheon)> 걍 지르져
[2021-12-10 21:33:33] <오누룬 (junepik)> ?
[2021-12-10 21:33:35] <zoonsik> 여우잉 ㅋㅋ
[2021-12-10 21:33:37] <%티르나 (tonsia)> ㅋㅋㅋㅋㅋㅋ
[2021-12-10 21:33:38] <scarecrow9292> ㅗㅜㅑ
[2021-12-10 21:33:38] <@^Nightbot> 11444번
[2021-12-10 21:33:40] <300만행복도시인천 (hell_cheon)> 오
[2021-12-10 21:33:41] <zoonsik> 헉
[2021-12-10 21:33:42] <뚱뚱뚱뚱이 (doyoooo)> ㅗㅜㅑ
[2021-12-10 21:33:43] <오누룬 (junepik)> 시동 거네
[2021-12-10 21:33:43] <%이정철4세 (with8888)> 바지 맞나요 ? ㅋㅋ
[2021-12-10 21:33:45] <흑표포수 (alal356)> 퐉-쓰
[2021-12-10 21:33:47] <300만행복도시인천 (hell_cheon)> PrideUwu
[2021-12-10 21:33:48] <dkang_> 요-염
[2021-12-10 21:33:50] <bcsy0403> 오우 토우.
[2021-12-10 21:33:51] <릴주 (wlgy33)> 헉
[2021-12-10 21:33:52] <%전준우 (lotteno8)> 여캠바지 ㅋㅋㅋ
[2021-12-10 21:33:54] <zoonsik> 제 팬티보다 짧은데 바지 맞나요?
[2021-12-10 21:33:54] <300만행복도시인천 (hell_cheon)> ㄷㄷ..
[2021-12-10 21:33:57] <kevinbee0614> 제로투 ?
[2021-12-10 21:33:59] <%이정철4세 (with8888)> 튜브 비싼거 꼈네요
[2021-12-10 21:34:03] <%할리퀸즈_루시퍼 (rhksdn__9228)> 뱃짤 ㅋㅋ
[2021-12-10 21:34:08] <300만행복도시인천 (hell_cheon)> PrideCute PrideCute PrideCute PrideCute
[2021-12-10 21:34:09] <%전준우 (lotteno8)> 2배가능?
[2021-12-10 21:34:10] <오누룬 (junepik)> 소로투 ㄷㄷ
[2021-12-10 21:34:11] <뚱뚱뚱뚱이 (doyoooo)> 와 2배속
[2021-12-10 21:34:12] <zoonsik> ㅋㅋ
[2021-12-10 21:34:14] <오누룬 (junepik)> ??? 속도가 이게 왜이래
[2021-12-10 21:34:16] <kevinbee0614> 너무 빠른데
[2021-12-10 21:34:16] <%티르나 (tonsia)> 느려지는거봐
[2021-12-10 21:34:16] <%전준우 (lotteno8)> 2배속하면 이분죽습네다..
[2021-12-10 21:34:16] <zxcv1212s> 누나 나주거
[2021-12-10 21:34:18] <sylvia1255> ？
[2021-12-10 21:34:19] <zoonsik> 헉
[2021-12-10 21:34:19] <트롯신사단 (seojoon79)> 극
[2021-12-10 21:34:20] <오누룬 (junepik)> ?
[2021-12-10 21:34:21] <트롯신사단 (seojoon79)> 락
[2021-12-10 21:34:23] <Russospa> KPOPglow
[2021-12-10 21:34:24] <흑표포수 (alal356)> 느릿..느릿...
[2021-12-10 21:34:28] <%단강 (goodwigs)> 유해해...
[2021-12-10 21:34:30] <picasoeasel> 늙어서그런가 느려보이네
[2021-12-10 21:34:30] <울먹울먹찔찔김정수 (02470396)> 이거보려고 기다럇지
[2021-12-10 21:34:30] <astiagon> 느린건 싫다구...
[2021-12-10 21:34:32] <zoonsik> 할매잉 ㅋㅋ
[2021-12-10 21:34:34] <300만행복도시인천 (hell_cheon)> 유해..유해에요
[2021-12-10 21:34:37] <별1없낮 (u_yoon2)> KPOPheart KPOPheart KPOPheart
[2021-12-10 21:34:37] <sylvia1255> hhhhhhhhhh
[2021-12-10 21:34:40] <오누룬 (junepik)> 라이엇 선정 몸에 해로운 제로투 댄스 1위
[2021-12-10 21:34:40] <2시간쯤생각해봤는데 (shk0702)> 와 미쳤다
[2021-12-10 21:34:41] <kevinbee0614> 흐느적 흐느적
[2021-12-10 21:34:42] <300만행복도시인천 (hell_cheon)> PrideUwu
[2021-12-10 21:34:44] <%단강 (goodwigs)> 유 해 잉
[2021-12-10 21:34:47] <전역하니좋다 (boybored)> 흐음.... 뭐랄까
[2021-12-10 21:34:47] <미친소리만하는놈 (dukefeeling)> 누나천천히춰 무릎아파 나이가있어서 이제
[2021-12-10 21:34:48] <%전준우 (lotteno8)> ?
[2021-12-10 21:34:51] <Russospa> D:
[2021-12-10 21:34:51] <otlotzotl> ⣰⣇⣀⢠⣤⢠⡄⢀⣤⣤⣤⣄⠀⢀⣴⠶⢶⣄ ⠉⣉⣉⡉⢸⣿⢸⡇⣿⡇⠀⠈⣿⠀⠸⣧⣀⣸⡿ ⢸⡏⠉⣿⢻⣿⢸⡇⠙⣷⣤⣴⠟⠀⣤⣬⣭⣭⡤⠤ ⠘⠷⠶⠋⢸⡟⢸⡇⣀⣤⣤⣤⣤⡄⠀⣴⠖⢲⣄ ⠀⠀⠀⠀⠀⠁ ⠈⠀⠀⠉⠉⠉⠁⠀⠀ ⠷⣤⡼⠋
[2021-12-10 21:34:52] <RainingRythm> <3 <3 <3
[2021-12-10 21:34:54] <매시리의밥도둑두루치기 (durumi1260)> 헤으응
[2021-12-10 21:34:54] <300만행복도시인천 (hell_cheon)> 헉
[2021-12-10 21:34:56] <+standardsoapbox> SeemsGood
[2021-12-10 21:34:58] <darkedreamwizcom> 곧 숨차하며 앉을겁니다
[2021-12-10 21:35:02] <%티르나 (tonsia)> ㅋㅋㅋㅋ
[2021-12-10 21:35:11] <%전준우 (lotteno8)> 벌써 힘들어보이네
[2021-12-10 21:35:12] <%전준우 (lotteno8)> ㅋㅋㅋㅋㅋㅋㅋㅋㅋㅋㅋㅋㅋㅋㅋㅋㅋㅋㅋ
[2021-12-10 21:35:13] <300만행복도시인천 (hell_cheon)> HahaSleep 깨꼬닥
[2021-12-10 21:35:16] <astiagon> ㅋㅋㅋㅋㅋㅋㅋㅋㅋㅋㅋㅋㅋㅋ
[2021-12-10 21:35:16] <오누룬 (junepik)> ?
[2021-12-10 21:35:17] <뚱뚱뚱뚱이 (doyoooo)> ㅠㅠ
[2021-12-10 21:35:19] <미친소리만하는놈 (dukefeeling)> 벌써숨이차다니...
[2021-12-10 21:35:19] <%전준우 (lotteno8)> 1바퀴 ...
[2021-12-10 21:35:20] <astiagon> 이미 한계
[2021-12-10 21:35:21] <흑표포수 (alal356)> ㅋㅋㅋㅋㅋㅋㅋㅋㅋㅋㅋㅋ
[2021-12-10 21:35:21] <머더러진 (kkm1106)> 저질체력이시넹..
[2021-12-10 21:35:21] <뚱뚱뚱뚱이 (doyoooo)> 힘내세요
[2021-12-10 21:35:23] <kevinbee0614> !나이
[2021-12-10 21:35:24] <%이정철4세 (with8888)> 님 등 근육 지리는데요 ..?
[2021-12-10 21:35:24] <astiagon> ㅋㅋㅋㅋㅋㅋㅋㅋㅋㅋㅋㅋㅋㅋㅋㅋㅋㅋㅋ
[2021-12-10 21:35:26] <300만행복도시인천 (hell_cheon)> 아니 체력이 ㅋㅋㅋㅋ
[2021-12-10 21:35:26] <오누룬 (junepik)> ㅋㅋㅋㅋㅋㅋㅋㅋㅋㅋㅋㅋㅋ
[2021-12-10 21:35:28] <빅숭이우끼끼 (kkkoooyyyf)> ㅋㅋㅋㅋ 힘듬??
[2021-12-10 21:35:30] <흑표포수 (alal356)> 체력뭐냐구 ㅋㅋㅋ
[2021-12-10 21:35:34] <astiagon> 어째 예상을 못벗어나니...
[2021-12-10 21:35:36] <로킨데요 (100sooo10)> 오늘 롤은 안함?
[2021-12-10 21:35:41] <집에있지만집가고싶다 (joon528)> 이제 노래 못하는것만 보여주시면 되겠네요
[2021-12-10 21:35:43] <오누룬 (junepik)> 혹시 연장 도네 받나요?
[2021-12-10 21:35:45] <키구니 (kigooni)> 이게 여캠...?
[2021-12-10 21:35:46] <zeusin4879> 머리카락 나빠
[2021-12-10 21:35:48] <%티르나 (tonsia)> 많이약해졌어
[2021-12-10 21:35:48] <sylvia1255> 웃으셔도 돼요hhhhhhhh
[2021-12-10 21:35:49] <카레향쿠키 (akkpang18)> ㅋㅋㅋㅋㅋㅋㅋ
[2021-12-10 21:35:52] <300만행복도시인천 (hell_cheon)> 다이어트중이셧구나 ㅜ
[2021-12-10 21:35:54] <zoonsik> 시리얼은 못참지
[2021-12-10 21:35:59] <우드북 (royalsis)> 거짓말
[2021-12-10 21:36:01] <%전준우 (lotteno8)> ㅋㅋㅋㅋㅋㅋㅋㅋㅋㅋㅋ
[2021-12-10 21:36:03] <우드북 (royalsis)> 시리얼 한 통!
[2021-12-10 21:36:03] <트수사학사 (sadstart)> 체력이 안됨 ㅋㅋㅋㅋㅋㅋㅋ
[2021-12-10 21:36:04] <300만행복도시인천 (hell_cheon)> 오오
[2021-12-10 21:36:05] <%이정철4세 (with8888)> 선생님은 강아지 산책 못 시킬듯
[2021-12-10 21:36:08] <kevinbee0614> 헉 헉
[2021-12-10 21:36:09] <richard1212112> zuyuCUTE zuyuCUTE zuyuCUTE
[2021-12-10 21:36:09] <흑표포수 (alal356)> 시리얼 한통 ㅋㅋㅋㅋㅋㅋㅋㅋㅋㅋㅋ
[2021-12-10 21:36:10] <키구니 (kigooni)> ㅋㅋㅋㅋㅋ 그런날은 안올것
[2021-12-10 21:36:10] <%할리퀸즈_루시퍼 (rhksdn__9228)> 그 발언..
[2021-12-10 21:36:10] <빅숭이우끼끼 (kkkoooyyyf)> ㅋㅋㅋㅋㅋㅋㅋㅋㅋㅋ
[2021-12-10 21:36:11] <팹시채고 (jack970908)> 수금데이인가요
[2021-12-10 21:36:11] <%전준우 (lotteno8)> 제로투데이요? ㅋㅋ
[2021-12-10 21:36:12] <뚱뚱뚱뚱이 (doyoooo)> 사실상 안 한다는 뜻
[2021-12-10 21:36:14] <%티르나 (tonsia)> 이 체력으로? ㅋㅋㅋㅋ
[2021-12-10 21:36:14] <%sbring8> 많이 힘들어보여요
[2021-12-10 21:36:14] <빅숭이우끼끼 (kkkoooyyyf)> 한통 ㅋㅋㅋㅋㅋㅋ
[2021-12-10 21:36:17] <uksusu777> ㅋㅋ
[2021-12-10 21:36:20] <건빵쥔놈 (lv1ax)> 오레오 오즈 드셨나요
[2021-12-10 21:36:27] <오누룬 (junepik)> ㅗㅜㅑ
[2021-12-10 21:36:27] <빅숭이우끼끼 (kkkoooyyyf)> 헥헥헥
[2021-12-10 21:36:27] <@^Nightbot> 11445번
[2021-12-10 21:36:29] <uksusu777> ㅗㅜㅑ
[2021-12-10 21:36:29] <%sbring8> 그개 부족해 보이진않는데...
[2021-12-10 21:36:35] <300만행복도시인천 (hell_cheon)> 진짜 힘드신가본데 ㅋㅋ
[2021-12-10 21:36:39] <%티르나 (tonsia)> ㅇㅈ
[2021-12-10 21:36:41] <uksusu777> 맛알못 ㄷㄷㄷㄷㄷ
[2021-12-10 21:36:42] <흑표포수 (alal356)> 콩?
[2021-12-10 21:36:42] <곰은최강이야 (khkh0218)> 뭘 벗은거야 ㄷㄷ
[2021-12-10 21:36:43] <picasoeasel> 아몬드 후레이크
[2021-12-10 21:36:43] <오누룬 (junepik)> 콘푸로스트가 갑이긴 해
[2021-12-10 21:36:43] <키구니 (kigooni)> 켈로근가요
[2021-12-10 21:36:43] <%이정철4세 (with8888)> 그거 눅눅해지면 줜노맛
[2021-12-10 21:36:43] <shampooo_1> ㅇㅇㅈ
[2021-12-10 21:36:43] <%전준우 (lotteno8)> 난 후르트링..
[2021-12-10 21:36:44] <레펠드리안 (jsm00929)> ?
[2021-12-10 21:36:45] <zoonsik> 콘푸러스트가 젤나음 ㅇㅇ
[2021-12-10 21:36:47] <%티르나 (tonsia)> 설탕코팅이 제일 좋음
[2021-12-10 21:36:48] <흑표포수 (alal356)> 설탕맛
[2021-12-10 21:36:50] <집에있지만집가고싶다 (joon528)> 콘푸로스트랑 라이트랑 다른거 아시나요?
[2021-12-10 21:36:53] <kevinbee0614> 그냥먹어도 맛있음
[2021-12-10 21:36:54] <뚱뚱뚱뚱이 (doyoooo)> 초코링이
[2021-12-10 21:36:55] <shampooo_1> 코코볼이랑 오레오 다먹어봐도 원조 미만잡인듯
[2021-12-10 21:36:56] <zoonsik> 콘푸러스트 미만 잡 ㅋㅋ
[2021-12-10 21:36:57] <우드북 (royalsis)> 코코볼입니당
[2021-12-10 21:36:57] <300만행복도시인천 (hell_cheon)> 콘프로스트 달달
[2021-12-10 21:36:57] <오누룬 (junepik)> 소람잉 기운 ㄷㄷ
[2021-12-10 21:37:00] <심뿔 (justrhinoceros)> 젝스초코
[2021-12-10 21:37:02] <키구니 (kigooni)> ㄷㄷ 포스트도 먹어여?
[2021-12-10 21:37:04] <집에있지만집가고싶다 (joon528)> 맛잘알
[2021-12-10 21:37:05] <흑표포수 (alal356)> 노설탕도 꼬소하이 직인다이
[2021-12-10 21:37:05] <레펠드리안 (jsm00929)> 소람잉 기운 ㄷㄷ
[2021-12-10 21:37:06] <minethink7> sorammGg
[2021-12-10 21:37:07] <%전준우 (lotteno8)> 리본 귀엽당
[2021-12-10 21:37:07] <집에있지만집가고싶다 (joon528)> 인정합ㄴ디ㅏ
[2021-12-10 21:37:08] <zoonsik> 소람잉 : 콘푸러스트 미만잡 ㅇㅇ
[2021-12-10 21:37:10] <zxcv1212s> 오늘 쿠하랑 듀오?
[2021-12-10 21:37:10] <%티르나 (tonsia)> 코코볼도 별로
[2021-12-10 21:37:12] <우드북 (royalsis)> 결국 당
[2021-12-10 21:37:14] <%티르나 (tonsia)> ㅇㅇ 그나마 첵스초코
[2021-12-10 21:37:18] <+Andr3So4res> so perfect
[2021-12-10 21:37:18] <shampooo_1> ㅋㅋㅋㅋㅇㅈ
[2021-12-10 21:37:19] <flatron4706> 파맛첵스를 거른다고?!
[2021-12-10 21:37:20] <우드북 (royalsis)> 꿀 뿌려드세
[2021-12-10 21:37:21] <%티르나 (tonsia)> ㅋㅋㅋ 후르츠링 진짜 쳐내
[2021-12-10 21:37:21] <죄송민 (kniax815)> 외국 시리얼먹고 충격먹은게 외국시리얼은 설탕 있는거 100개중에 1개있음
[2021-12-10 21:37:22] <흑표포수 (alal356)> -6000원 볼
[2021-12-10 21:37:25] <오누룬 (junepik)> 오곡?
[2021-12-10 21:37:27] <adulteen> 후루츠링 맛있는데요 ㅋㅋ
[2021-12-10 21:37:28] <쿠하방송보는루이 (ruianen1)> ㄹㅇ 코코볼 극혐
[2021-12-10 21:37:29] <%전준우 (lotteno8)> 후르츠링 맛있는뎅 ㅠ_ㅠ흑흑
[2021-12-10 21:37:31] <미쉘잉 (pemgu29)> 오레오는 어떰
[2021-12-10 21:37:32] <cexgoldrang2> 고소할게요
[2021-12-10 21:37:33] <%이정철4세 (with8888)> 시나몬 토스트 크런치 먹죠 ? 맛있음
[2021-12-10 21:37:36] <%티르나 (tonsia)> ㅋㅋㅋㅋㅋㅋㅋ
[2021-12-10 21:37:38] <zoonsik> 그냥 콘푸러스트가 제일 가성비 좋은데 딴거 왜먹음 ㅋㅋ
[2021-12-10 21:37:42] <300만행복도시인천 (hell_cheon)> 시리얼에 진심인 분이었나
[2021-12-10 21:37:43] <shampooo_1> 첵스, 콘푸로스트>>오레오>>기타미만 잡
[2021-12-10 21:37:44] <%민키키남친사귀지마 (bjhooon)> 아 썸네일 3분할이길래 황급히 들어왔는데
[2021-12-10 21:37:45] <%티르나 (tonsia)> 오래오도 노맛..
[2021-12-10 21:37:47] <%민키키남친사귀지마 (bjhooon)> 에라이
[2021-12-10 21:37:49] <흑표포수 (alal356)> 후-르츠 링 어떤가여
[2021-12-10 21:37:50] <오누룬 (junepik)> 현미 후레이크 ㄱㄱ
[2021-12-10 21:37:52] <%티르나 (tonsia)> ㄹㅇㅋㅋ 한없이 들어가
[2021-12-10 21:37:53] <키구니 (kigooni)> 국밥형 씨리얼
[2021-12-10 21:37:54] <+Andr3So4res> you're so beautifull
[2021-12-10 21:37:55] <우드북 (royalsis)> 그거 살찌
[2021-12-10 21:37:56] <%전준우 (lotteno8)> ㅋㅋㅋㅋㅋㅋㅋㅋㅋ
[2021-12-10 21:37:56] <머더러진 (kkm1106)> 저는 초코후레이크용
[2021-12-10 21:37:58] <300만행복도시인천 (hell_cheon)> ㅠㅜ
[2021-12-10 21:38:00] <%전준우 (lotteno8)> 다시보기보세오~
[2021-12-10 21:38:00] <쿠하방송보는루이 (ruianen1)> ㅋㅋㅋㅋㅋㅋ
[2021-12-10 21:38:02] <레펠드리안 (jsm00929)> 아 늦었습니다 선생님~
[2021-12-10 21:38:07] <건빵쥔놈 (lv1ax)> 영업 끝났습니다
[2021-12-10 21:38:08] <%이정철4세 (with8888)> (안함)
[2021-12-10 21:38:11] <오누룬 (junepik)> 아 킹로투 타임 끝남
[2021-12-10 21:38:18] <득근득근민쵸단 (colabolation19)> 살빼려면 그래놀라
[2021-12-10 21:38:20] <%티르나 (tonsia)> 허쉬 그거는 맛있나?
[2021-12-10 21:38:23] <레펠드리안 (jsm00929)> 영업 끝났어요~나가세요~
[2021-12-10 21:38:25] <%민키키남친사귀지마 (bjhooon)> 오늘은 코스프레 아닌가요
[2021-12-10 21:38:27] <%티르나 (tonsia)> 그래놀라도 맛있음
[2021-12-10 21:38:27] <집에있지만집가고싶다 (joon528)> 다음주 언제요
[2021-12-10 21:38:33] <300만행복도시인천 (hell_cheon)> 어쨰 다 별로라고 하는것같은데
[2021-12-10 21:38:35] <son1601> 오레오오즈 맛있음
[2021-12-10 21:38:37] <흑표포수 (alal356)> 초코후레이크는 질감이 면도날 씹는느낌...
[2021-12-10 21:38:39] <%이정철4세 (with8888)> 시나몬 토스트 크런치 먹으면 님 정신 못차림
[2021-12-10 21:38:40] <머더러진 (kkm1106)> 초코 풀어지면 우유마실때 초코우유같아용
[2021-12-10 21:38:42] <_달공_ (dalgong2ya)> 나는 현미
[2021-12-10 21:38:44] <%티르나 (tonsia)> ㄹㅇㅋㅋ 근본이 진리임
[2021-12-10 21:38:44] <%전준우 (lotteno8)> ㅋㅋㅋㅋ
[2021-12-10 21:38:46] <300만행복도시인천 (hell_cheon)> 아 ㅋㅋ
[2021-12-10 21:38:46] <선플라워_ (your_asunflower)> 미국것들이 달고 좋은데
[2021-12-10 21:38:47] <adulteen> 인디안밥 추천
[2021-12-10 21:38:48] <오누룬 (junepik)> 현미 ㄱㄱ
[2021-12-10 21:38:53] <몬스트럼 (ddongs01)> 콘푸로스트가 최고임
[2021-12-10 21:38:57] <집에있지만집가고싶다 (joon528)> 넥슨식 코스프레인가요?
[2021-12-10 21:38:59] <흑표포수 (alal356)> 후르츠링 졸맛탱구리
[2021-12-10 21:39:03] <득근득근민쵸단 (colabolation19)> 입맛에 맞는거 드셈
[2021-12-10 21:39:07] <%민키키남친사귀지마 (bjhooon)> 건푸레이크가 제일 맛있는데
[2021-12-10 21:39:07] <오누룬 (junepik)> 건강해지는 맛
[2021-12-10 21:39:08] <레펠드리안 (jsm00929)> 파맛첵스
[2021-12-10 21:39:08] <zoonsik> 오늘은 춤안추나여
[2021-12-10 21:39:09] <%민키키남친사귀지마 (bjhooon)> 이걸 모르네
[2021-12-10 21:39:13] <%전준우 (lotteno8)> ㅋㅋㅋㅋㅋ
[2021-12-10 21:39:13] <%티르나 (tonsia)> 쳐내!!!
[2021-12-10 21:39:13] <%이정철4세 (with8888)> 쳐내
[2021-12-10 21:39:13] <미쉘잉 (pemgu29)> ㅋㅋㅋㅋㅋ
[2021-12-10 21:39:14] <300만행복도시인천 (hell_cheon)> 이단 ㄷㄷ
[2021-12-10 21:39:15] <오누룬 (junepik)> ㅋㅋㅋㅋ
[2021-12-10 21:39:17] <트수사학사 (sadstart)> ㅋㅋㅋㅋㅋㅋㅋㅋㅋ
[2021-12-10 21:39:18] <uksusu777> ㄷㄷㄷㄷㄷ
[2021-12-10 21:39:19] <흑표포수 (alal356)> ㅔ
[2021-12-10 21:39:20] <%이정철4세 (with8888)> 후르츠링이 .. 맛있어 ?
[2021-12-10 21:39:21] <알딸딸술술 (manycoin)> 후루츠링 왜요?
[2021-12-10 21:39:23] <득근득근민쵸단 (colabolation19)> 군대 짬으로 후르츠링 나오면 취사병 후두러 팼지
[2021-12-10 21:39:24] <%rukara> ...
[2021-12-10 21:39:26] <오누룬 (junepik)> 그런방 안 입니다
[2021-12-10 21:39:28] <레펠드리안 (jsm00929)> 파맛첵스 미만 잡임
[2021-12-10 21:39:28] <집에있지만집가고싶다 (joon528)> 죽일까요 "플레티넘"?
[2021-12-10 21:39:28] <astiagon> ? 후르츠링이 왱..
[2021-12-10 21:39:29] <%전준우 (lotteno8)> 여친 귓왔나
[2021-12-10 21:39:29] <흑표포수 (alal356)> 너무하네..
[2021-12-10 21:39:32] <%rukara> 그건 선넘네 진짜
[2021-12-10 21:39:37] <뻥우 (fibwoo)> 소라카 보여줘요
[2021-12-10 21:39:37] <알딸딸술술 (manycoin)> 군대에서 나름 맛나게 먹었는데...
[2021-12-10 21:39:40] <뻥우 (fibwoo)> 소라카 해주세요
[2021-12-10 21:39:41] <레펠드리안 (jsm00929)> 당당하게 투표로 뽑힌 파맛첵스
[2021-12-10 21:39:43] <흑표포수 (alal356)> 눈물나네
[2021-12-10 21:39:44] <머더러진 (kkm1106)> 파맛첵스 드셔보셨어요?
[2021-12-10 21:39:51] <%티르나 (tonsia)> ㅋㅋㅋㅋㅋ
[2021-12-10 21:39:51] <오누룬 (junepik)> ?
[2021-12-10 21:39:52] <리빙 (bluemen931115)> 씨리얼은 근본이 최고인데
[2021-12-10 21:39:52] <소니쇼의코끼리 (arctic0917)> 이것이 민주주의의 맛이다
[2021-12-10 21:39:54] <%티르나 (tonsia)> 스킨 맞추려고?
[2021-12-10 21:39:55] <dontfeedthis> 쿠하 초밥에 와사비 한숟갈씩 올려먹는중
[2021-12-10 21:39:59] <astiagon> 와사비맛 첵스
[2021-12-10 21:39:59] <ChlDNTN7> 와사비 먹고있음 ㅋㅋㅋ
[2021-12-10 21:39:59] <오누룬 (junepik)> 초밥 먹음??
[2021-12-10 21:40:06] <%민키키남친사귀지마 (bjhooon)> 후루츠링 그거 우유말고 요플레랑 먹으면 맛있는디...
[2021-12-10 21:40:06] <uksusu777> 와사비<<< 이게 진짜 맛있음
[2021-12-10 21:40:07] <%티르나 (tonsia)> ㅋㅋㅋㅋㅋㅋㅋ
[2021-12-10 21:40:08] <300만행복도시인천 (hell_cheon)> 요샌 스테이크에도 와사비 괜찮던데
[2021-12-10 21:40:11] <뻥우 (fibwoo)> 와사비 초밥
[2021-12-10 21:40:12] <%전준우 (lotteno8)> ㅋㅋㅋㅋㅋㅋㅋㅋㅋㅋ
[2021-12-10 21:40:15] <흑표포수 (alal356)> 첵스 우유에 뿔려먹으면 졸맛탱구리
[2021-12-10 21:40:15] <%민키키남친사귀지마 (bjhooon)> 약간 눅진하게
[2021-12-10 21:40:16] <%티르나 (tonsia)> 와사비 맛있신해
[2021-12-10 21:40:18] <+Andr3So4res> 😍😍😍🤤🤤🤤🤤🤤
[2021-12-10 21:40:18] <dontfeedthis> 나미초밥 드가자
[2021-12-10 21:40:22] <%전준우 (lotteno8)> 어제 도미노피자시켰는데 거기도 와사비마요있던데
[2021-12-10 21:40:26] <몬스트럼 (ddongs01)> 누나도 스트리머라면 한번 먹어야 하지 않을까
[2021-12-10 21:40:30] <오누룬 (junepik)> ㅋㅋㅋㅋ
[2021-12-10 21:40:30] <난돼지야 (dydwk620)> 와사비맛 아몬드 개꿀맛
[2021-12-10 21:40:35] <%전준우 (lotteno8)> ㅋㅋㅋㅋㅋ
[2021-12-10 21:40:41] <흑표포수 (alal356)> ㅋㅋㅋㅋㅋㅋㅋㅋㅋ
[2021-12-10 21:40:42] <astiagon> 뭐야...고기에 생와사비 안먹어봤어??
[2021-12-10 21:40:42] <300만행복도시인천 (hell_cheon)> !유튜브
[2021-12-10 21:40:42] <@^Nightbot> https://www.youtube.com/channel/UCmgSrClpMwtHfbmBtZpr43w?view_as=subscriber
[2021-12-10 21:40:43] <%티르나 (tonsia)> ㅋㅋㅋㅋㅋㅋㅋ
[2021-12-10 21:40:44] <dontfeedthis> 아하
[2021-12-10 21:40:44] <소니쇼의코끼리 (arctic0917)> 신호등 치킨 가자
[2021-12-10 21:40:45] <%민키키남친사귀지마 (bjhooon)> ㄹㅇㅋㅋ
[2021-12-10 21:40:45] <레펠드리안 (jsm00929)> 유튜버면 더 먹어야지
[2021-12-10 21:40:46] <300만행복도시인천 (hell_cheon)> 헉 진짜네
[2021-12-10 21:40:47] <%rukara> 와 asmr 유튜버
[2021-12-10 21:40:47] <카레향쿠키 (akkpang18)> 깔라만시 데자와 솔의눈 맛 좀 볼래?
[2021-12-10 21:40:48] <몬스트럼 (ddongs01)> 유튜버는 더 먹어야지 ㅋㅋ
[2021-12-10 21:40:50] <트수사학사 (sadstart)> ㅋㅋㅋㅋㅋㅋㅋ
[2021-12-10 21:40:50] <흑표포수 (alal356)> 석탄치킨 ㅋㅋㅋㅋ
[2021-12-10 21:40:51] <빌게이츠 (sin05561)> 유뷰버는더먹지
[2021-12-10 21:40:52] <%단강 (goodwigs)> ㅋㅋㅋㅋㅋㅋ
[2021-12-10 21:40:54] <뻥우 (fibwoo)> 롤 언제하끄야ㅏㅏㅏ
[2021-12-10 21:40:55] <%티르나 (tonsia)> 생와사비 좋아
[2021-12-10 21:40:56] <%민키키남친사귀지마 (bjhooon)> 유튜버면...
[2021-12-10 21:40:56] <astiagon> 아니 생와사비는 진짜야;;
[2021-12-10 21:40:58] <300만행복도시인천 (hell_cheon)> 츄라이 츄라이 맛있음
[2021-12-10 21:40:58] <레펠드리안 (jsm00929)> 근데 고기랑 와사비는 진짜 잘어울림
[2021-12-10 21:41:01] <%티르나 (tonsia)> 소금, 생와사비
[2021-12-10 21:41:03] <%전준우 (lotteno8)> 소고기에 생와사비 존맛..
[2021-12-10 21:41:03] <카레향쿠키 (akkpang18)> 와사비 괜찮은데
[2021-12-10 21:41:04] <picasoeasel> 느끼한거 삭 날아감
[2021-12-10 21:41:05] <잊혀질이름 (adnagaporp94)> 돈까스에 와사비 존맛탱
[2021-12-10 21:41:05] <흑표포수 (alal356)> 소고기 생와사비 진짜맛난데
[2021-12-10 21:41:06] <소니쇼의코끼리 (arctic0917)> 기름진 고기는 찍어야해
[2021-12-10 21:41:07] <300만행복도시인천 (hell_cheon)> 와사비 소고기는 진짜 임
[2021-12-10 21:41:08] <atlasmvp1> juicy boobs!!!!!
[2021-12-10 21:41:08] <zoonsik> 슈넬치킨 진짜 맛있는데
[2021-12-10 21:41:10] <키구니 (kigooni)> 오잉 진짜 와사비?
[2021-12-10 21:41:11] <dontfeedthis> 거의 다 먹음
[2021-12-10 21:41:13] <zoonsik> 재입대 해서라도 먹고싶음~
[2021-12-10 21:41:15] <astiagon> 진짜 못먹는사람도 고기에 생와사비는 존맛탱이라니까??
[2021-12-10 21:41:15] <흑표포수 (alal356)> 슈넬 올만이네
[2021-12-10 21:41:19] <머더러진 (kkm1106)> 기름장
[2021-12-10 21:41:20] <몬스트럼 (ddongs01)> 진짜 마블링 개쩌는 고기들은 느끼해서 와사비 찾게됨
[2021-12-10 21:41:22] <빌게이츠 (sin05561)> 기본인디
[2021-12-10 21:41:22] <%티르나 (tonsia)> 기름장 좋지
[2021-12-10 21:41:23] <잊혀질이름 (adnagaporp94)> 기름장
[2021-12-10 21:41:26] <300만행복도시인천 (hell_cheon)> 참치에 기름장
[2021-12-10 21:41:28] <atlasmvp1> juicy boobs!!!!!!
[2021-12-10 21:41:31] <rmsid2023t> 오늘 성적표 받았는데 누님덕분에 수능망했네요 감사합니다
[2021-12-10 21:41:31] <흑표포수 (alal356)> 소고기를... 쌈장에!?
[2021-12-10 21:41:32] <zoonsik> 군대에만 파는 슈넬치킨 아시나요?
[2021-12-10 21:41:33] <사자레오 (leo_kp)> 입맛이아재네
[2021-12-10 21:41:33] <%티르나 (tonsia)> 삼겹살에 고추장도 좋은데
[2021-12-10 21:41:34] <atlasmvp1> juicy boobs!!!
[2021-12-10 21:41:37] <%전준우 (lotteno8)> 와사비쌈무도 있자너
[2021-12-10 21:41:38] <잊혀질이름 (adnagaporp94)> 소고기를 쌈무에 누가먹음
[2021-12-10 21:41:41] <집에있지만집가고싶다 (joon528)> 와사비맛 아몬드는요?
[2021-12-10 21:41:43] <소니쇼의코끼리 (arctic0917)> 초록색이자너
[2021-12-10 21:41:43] <하양바이브 (white_vibe_)> 초밥 먹을때 와사비 더 올려 먹게 되던데
[2021-12-10 21:41:45] <아끼미 (uunm)> 여전히이쁘십니다 여사님
[2021-12-10 21:41:45] <300만행복도시인천 (hell_cheon)> ㅋㅋ..
[2021-12-10 21:41:46] <팹시채고 (jack970908)> ?
[2021-12-10 21:41:46] <검은별아이 (swy5209)> ?
[2021-12-10 21:41:46] <머더러진 (kkm1106)> ㄱㅇㅇ...
[2021-12-10 21:41:47] <빌게이츠 (sin05561)> ?
[2021-12-10 21:41:47] <트수사학사 (sadstart)> ?
[2021-12-10 21:41:47] <dontfeedthis> ?
[2021-12-10 21:41:48] <레펠드리안 (jsm00929)> ?
[2021-12-10 21:41:48] <uksusu777> ???
[2021-12-10 21:41:49] <cexgoldrang2> ?
[2021-12-10 21:41:49] <atlasmvp1> juicy boobs!!
[2021-12-10 21:41:49] <건빵쥔놈 (lv1ax)> 유투브 각 뽑아보죠
[2021-12-10 21:41:49] <zoonsik> 엄
[2021-12-10 21:41:50] <흑표포수 (alal356)> ????
[2021-12-10 21:41:50] <picasoeasel> 화나네
[2021-12-10 21:41:51] <하양바이브 (white_vibe_)> ㅋㅋㅋㅋ
[2021-12-10 21:41:51] <sylvia1255> ？
[2021-12-10 21:41:52] <흑표포수 (alal356)> 엄
[2021-12-10 21:41:54] <%단강 (goodwigs)> ㅋㅋㅋㅋㅋㅋㅋㅋㅋ아오 둘다 빡쳐
[2021-12-10 21:41:54] <astiagon> ???
[2021-12-10 21:41:55] <%민키키남친사귀지마 (bjhooon)> ㅋㅋㅋㅋㅋㅋㅋㅋㅋ
[2021-12-10 21:41:57] <하양바이브 (white_vibe_)> 갈고리 수집 무쳤네
[2021-12-10 21:41:57] <뻥우 (fibwoo)> 소고기 마늘버터 발라도 맛잇는데
[2021-12-10 21:41:58] <소니쇼의코끼리 (arctic0917)> 진짜 방제가 나이였어?
[2021-12-10 21:41:58] <astiagon> 킹받네
[2021-12-10 21:42:00] <잊혀질이름 (adnagaporp94)> 나잇값좀 하시죠...
[2021-12-10 21:42:03] <%민키키남친사귀지마 (bjhooon)> 무수한 미아핑
[2021-12-10 21:42:05] <%전준우 (lotteno8)> 와사비 ASMR ㅋㅋ
[2021-12-10 21:42:06] <atlasmvp1> juicy boobs!
[2021-12-10 21:42:07] <레펠드리안 (jsm00929)> 신호등치킨 asmr ㄱㄱ
[2021-12-10 21:42:07] <%티르나 (tonsia)> 후루룩 asmr ㅋㅋㅋ
[2021-12-10 21:42:09] <트수사학사 (sadstart)> 잠시 소란이 있었어요
[2021-12-10 21:42:10] <하양바이브 (white_vibe_)> 라임향 왕뚜껑 ASMR
[2021-12-10 21:42:10] <+Andr3So4res> perfect boobs
[2021-12-10 21:42:11] <미친소리만하는놈 (dukefeeling)> 누나이제 나이도있는데 가려먹으면안돼..
[2021-12-10 21:42:11] <흑표포수 (alal356)> 갈고리
[2021-12-10 21:42:12] <300만행복도시인천 (hell_cheon)> 유튜브에도 신선한 바람이 필요
[2021-12-10 21:42:13] <카레향쿠키 (akkpang18)> 와사비 asmr ㅋㅋㅋㅋ
[2021-12-10 21:42:13] <astiagon> 방금 사운드 asmr로 써보자
[2021-12-10 21:42:14] <zoonsik> 유튜브에 asmr말고 게임영상이나 저챗은 안올리나요??
[2021-12-10 21:42:16] <atlasmvp1> juicy boobs
[2021-12-10 21:42:18] <%민키키남친사귀지마 (bjhooon)> 8세
[2021-12-10 21:42:18] <sylvia1255> 네트워크가 안 좋아요.
[2021-12-10 21:42:22] <rmsid2023t> 남친이랑 8일되신거?
[2021-12-10 21:42:23] <뻥우 (fibwoo)> ㅋ
[2021-12-10 21:42:23] <잊혀질이름 (adnagaporp94)> 메론 바나나 딸기였나?
[2021-12-10 21:42:25] <선플라워_ (your_asunflower)> 잼민이 asmr ㅋㅋ
[2021-12-10 21:42:25] <뚱뚱뚱뚱이 (doyoooo)> 그거 맛있다던데
[2021-12-10 21:42:25] <하양바이브 (white_vibe_)> 소수를 위했다잖아요
[2021-12-10 21:42:26] <picasoeasel> 마케팅이지뭐
[2021-12-10 21:42:27] <키구니 (kigooni)> 먹을거에 진심 ㅋㅋ
[2021-12-10 21:42:28] <%단강 (goodwigs)> ㅋㅋㅋㅋㅋ치킨에 대한 모욕
[2021-12-10 21:42:29] <레펠드리안 (jsm00929)> 신호등치킨은 ㄹㅇ 아이유라도 용서못한다
[2021-12-10 21:42:31] <흑표포수 (alal356)> 오
[2021-12-10 21:42:37] <%티르나 (tonsia)> 유튜버들 먹으라 만든거임
[2021-12-10 21:42:39] <트수사학사 (sadstart)> 진짜 메론 바나나 딸기는 무슨..
[2021-12-10 21:42:42] <dontfeedthis> 협곡와사비 드레이븐 드간다
[2021-12-10 21:42:43] <잊혀질이름 (adnagaporp94)> 민초 치킨은요?
[2021-12-10 21:42:45] <소니쇼의코끼리 (arctic0917)> 미국 흑형들 보면 총기난사할듯
[2021-12-10 21:42:49] <뚱뚱뚱뚱이 (doyoooo)> 드셔보셨나요?
[2021-12-10 21:42:49] <뻥우 (fibwoo)> 궁금하긴해~ㅎ
[2021-12-10 21:42:51] <영등포핵주먹 (kba0402)> 또 구대기랑 듀오...?
[2021-12-10 21:42:51] <300만행복도시인천 (hell_cheon)> 베리베리 딸기 ~
[2021-12-10 21:42:53] <astiagon> 헐...진짜??
[2021-12-10 21:42:54] <%전준우 (lotteno8)> ㅋㅋㅋ
[2021-12-10 21:42:59] <rmsid2023t> 오늘 성적표 나왔습니다 누님 덕분에 재수하겠네요 감사합니다
[2021-12-10 21:42:59] <astiagon> 딸기치킨이 있음??
[2021-12-10 21:43:00] <건빵쥔놈 (lv1ax)> 김쿠하 오늘 플레1 간다고 선언
[2021-12-10 21:43:02] <흑표포수 (alal356)> 갈릭간장치킨
[2021-12-10 21:43:04] <%전준우 (lotteno8)> 근데 그거 유튜브 있기전에도 나와서..
[2021-12-10 21:43:06] <난돼지야 (dydwk620)> 최애 치킨 뭐에요??
[2021-12-10 21:43:08] <잊혀질이름 (adnagaporp94)> 초코치킨은 있던데
[2021-12-10 21:43:09] <흑표포수 (alal356)> 이거나드셔
[2021-12-10 21:43:10] <련박죽하고승천한_떡볶이 (ksg0910)> 가루삼겹살은?
[2021-12-10 21:43:12] <소니쇼의코끼리 (arctic0917)> 흑형들의 소울푸드 췩힌
[2021-12-10 21:43:13] <뚱뚱뚱뚱이 (doyoooo)> 먹어보고 까시죠
[2021-12-10 21:43:13] <%티르나 (tonsia)> ㅋㅋㅋㅋㅋㅋ
[2021-12-10 21:43:14] <astiagon> ...........선씨게 넘었네;;
[2021-12-10 21:43:15] <dontfeedthis> 알고싶지도 않음 색부터 ㅋㅋ
[2021-12-10 21:43:16] <흑표포수 (alal356)> 가루삼겹살 ㅋㅋㅋㅋ
[2021-12-10 21:43:17] <머더러진 (kkm1106)> 뼈가 근본이지
[2021-12-10 21:43:18] <키구니 (kigooni)> 파닭?
[2021-12-10 21:43:19] <잊혀질이름 (adnagaporp94)> 본인도 순살이자나요
[2021-12-10 21:43:20] <카레향쿠키 (akkpang18)> 뼈가 근본인데
[2021-12-10 21:43:20] <300만행복도시인천 (hell_cheon)> 뼈가 맛있는데
[2021-12-10 21:43:21] <dontfeedthis> 치알못
[2021-12-10 21:43:21] <%전준우 (lotteno8)> ㄹㅇ 순살
[2021-12-10 21:43:22] <goldensalad> annyeong
[2021-12-10 21:43:22] <picasoeasel> 순살비싸서안먹음
[2021-12-10 21:43:22] <%티르나 (tonsia)> 숯불순살?
[2021-12-10 21:43:24] <집에있지만집가고싶다 (joon528)> 파인애플 피자나 먹지 무슨 신호등치킨 ㅋㅋ
[2021-12-10 21:43:24] <zoonsik> 순살 퍽퍽한데 왜먹음.,치알못이네 ㅋㅋ
[2021-12-10 21:43:25] <dontfeedthis> 순살은 브라질산임
[2021-12-10 21:43:26] <잊혀질이름 (adnagaporp94)> 순살만 먹어서 순살잉?...
[2021-12-10 21:43:26] <미친소리만하는놈 (dukefeeling)> 누나원래 돼지들이 순살좋아해
[2021-12-10 21:43:27] <%단강 (goodwigs)> ㅋㅋㅋ발라먹기 귀찮은편
[2021-12-10 21:43:28] <owned_kaizer> t'es bonne
[2021-12-10 21:43:28] <카레향쿠키 (akkpang18)> 요즘 어니언크리미 맛있음
[2021-12-10 21:43:33] <뻥우 (fibwoo)> 교촌간장 먹어봤어?
[2021-12-10 21:43:33] <300만행복도시인천 (hell_cheon)> ㄹㅇ 뼈붙은게 진짠데
[2021-12-10 21:43:34] <난돼지야 (dydwk620)> 푸라닭은 하나도 안퍽퍽하던데
[2021-12-10 21:43:36] <흑표포수 (alal356)> 짠거 먹으면..
[2021-12-10 21:43:36] <머더러진 (kkm1106)> 집에선 뼈 밖에선 순살
[2021-12-10 21:43:38] <%전준우 (lotteno8)> 날개도 제대로 못뜯어먹음..
[2021-12-10 21:43:38] <daewookkim> 지코바인가요?
[2021-12-10 21:43:39] <dontfeedthis> 귀찮음과 맛을 바꾸다니
[2021-12-10 21:43:40] <+Andr3So4res> perfect melons
[2021-12-10 21:43:42] <레펠드리안 (jsm00929)> 뼈가 맛은 있는데 귀찮지 솔직히
[2021-12-10 21:43:42] <%티르나 (tonsia)> 프라닭은 너무 질림
[2021-12-10 21:43:44] <잊혀질이름 (adnagaporp94)> 치킨은 후라이드지
[2021-12-10 21:43:45] <zoonsik> 뼈없으면 그냥 치킨이 아니라 닭강정임 ㅋㅋ
[2021-12-10 21:43:47] <머더러진 (kkm1106)> 푸라닭은 무조건 닭다리살써용
[2021-12-10 21:43:47] <뚱뚱뚱뚱이 (doyoooo)> 신호등치킨은 무조건 순살인 거 같언데
[2021-12-10 21:43:48] <하양바이브 (white_vibe_)> ㄹㅇ
[2021-12-10 21:43:49] <미쉘잉 (pemgu29)> 근본조합
[2021-12-10 21:43:54] <%티르나 (tonsia)> ㅇㅇ 순정이 근본이야
[2021-12-10 21:43:58] <300만행복도시인천 (hell_cheon)> ㅋㅋㅋㅋㅋㅋ
[2021-12-10 21:44:01] <%전준우 (lotteno8)> ㅋㅋㅋㅋㅋㅋㅋㅋㅋㅋ
[2021-12-10 21:44:01] <레펠드리안 (jsm00929)> 지코바 양념에 닭먹고 밥비벼먹는게 개꿀인데
[2021-12-10 21:44:02] <dontfeedthis> 치밥 개꿀임
[2021-12-10 21:44:04] <%전준우 (lotteno8)> 저목소리이제 다쓰네..
[2021-12-10 21:44:06] <뻥우 (fibwoo)> 숯불바베큐?
[2021-12-10 21:44:10] <300만행복도시인천 (hell_cheon)> 시작된건가
[2021-12-10 21:44:11] <하양바이브 (white_vibe_)> ㄱㄷㄱ
[2021-12-10 21:44:12] <집에있지만집가고싶다 (joon528)> 웃음기 사라지기 5분전
[2021-12-10 21:44:15] <%티르나 (tonsia)> 여친의 데이트신청
[2021-12-10 21:44:17] <집에있지만집가고싶다 (joon528)> 화내기 7분전
[2021-12-10 21:44:20] <하양바이브 (white_vibe_)> 병들기 3분전
[2021-12-10 21:44:22] <%갓지은밥햇반 (macho2man)> 숯불시절이 좋았는데
[2021-12-10 21:44:22] <집에있지만집가고싶다 (joon528)> 점수까이기 20분전
[2021-12-10 21:44:22] <%전준우 (lotteno8)> 자이제 여러분 개미털기 시작합니다
[2021-12-10 21:44:23] <영등포핵주먹 (kba0402)> 점수빨아먹는 기계랑 두오...?
[2021-12-10 21:44:28] <트수사학사 (sadstart)> 드디어 헬두어가 온다
[2021-12-10 21:44:29] <뻥우 (fibwoo)> 지옥으로..
[2021-12-10 21:44:32] <흑표포수 (alal356)> 두오
[2021-12-10 21:44:44] <하양바이브 (white_vibe_)> 어허
[2021-12-10 21:44:44] <레펠드리안 (jsm00929)> ㅋㅋㅋㅋㅋㅋㅋㅋㅋ
[2021-12-10 21:44:45] <%전준우 (lotteno8)> ㅋㅋㅋㅋㅋㅋㅋㅋㅋㅋㅋㅋㅋㅋ
[2021-12-10 21:44:45] <300만행복도시인천 (hell_cheon)> ㅋㅋㅋㅋㅋㅋ
[2021-12-10 21:44:45] <트수사학사 (sadstart)> ㅋㅋㅋㅋㅋㅋㅋ
[2021-12-10 21:44:46] <dontfeedthis> ㅋㅋㅋㅋㅋㅋㅋㅋㅋㅋㅋㅋㅋ
[2021-12-10 21:44:47] <뚱뚱뚱뚱이 (doyoooo)> ㅋㅋㅋㅋㅋㅋ
[2021-12-10 21:44:49] <흑표포수 (alal356)> ㅋㅋㅋㅋㅋㅋㅋㅋㅋㅋㅋㅋㅋㅋ
[2021-12-10 21:44:49] <dontfeedthis> 의무방어전
[2021-12-10 21:44:49] <잊혀질이름 (adnagaporp94)> 어허 ㅋㅋ
[2021-12-10 21:44:50] <300만행복도시인천 (hell_cheon)> 맞말추
[2021-12-10 21:44:51] <picasoeasel> ㅋㅋ
[2021-12-10 21:44:55] <미쉘잉 (pemgu29)> 의무방어전이래 ㅋㅋㅋㅋㅋ
[2021-12-10 21:44:56] <%전준우 (lotteno8)> 일단 화면을좀..
[2021-12-10 21:44:57] <트수사학사 (sadstart)> 넘말심 ㅋㅋㅋㅋㅋㅋ
[2021-12-10 21:45:02] <%단강 (goodwigs)> ㅋㅋㅋㅋㅋㅋㅋㅋㅋㅋㅋㅋㅋ
[2021-12-10 21:45:02] <잊혀질이름 (adnagaporp94)> 패작듀오 on
[2021-12-10 21:45:02] <레펠드리안 (jsm00929)> 너무 팩트로 맞아서 반박을 못하시네
[2021-12-10 21:45:02] <반쯤먹은사과 (hjw2686)> 적절하네요
[2021-12-10 21:45:04] <ppsh1942> 빨리 게임화면 틀어줭 ㅠㅠ
[2021-12-10 21:45:09] <키구니 (kigooni)> 의방전 개웃기긴해
[2021-12-10 21:45:10] <흑표포수 (alal356)> !겜화면
[2021-12-10 21:45:10] <이미지군 (imagegoon)> 의무방어전 ㅋㅋㅋㅋㅋㅋ
[2021-12-10 21:45:11] <%전준우 (lotteno8)> 오
[2021-12-10 21:45:14] <%갓지은밥햇반 (macho2man)> 오히려 좋아
[2021-12-10 21:45:15] <%티르나 (tonsia)> 오키 저격 많은거같드라
[2021-12-10 21:45:16] <300만행복도시인천 (hell_cheon)> 맵을 가린다는건 진지하다는 뜻이지
[2021-12-10 21:45:16] <+メプチャ (naisin0811)> anzuuAAAA anzuuAAAA
[2021-12-10 21:45:29] <잊혀질이름 (adnagaporp94)> 플레를 저격이 가능함?
[2021-12-10 21:45:36] <%전준우 (lotteno8)> 맨밥에 와사비?
[2021-12-10 21:45:40] <흑표포수 (alal356)> 코모도왕도마뱀?
[2021-12-10 21:45:48] <하양바이브 (white_vibe_)> 할 수가 없지
[2021-12-10 21:45:50] <레펠드리안 (jsm00929)> 진지하게 맵을 가렸지만 두오가 쿠하라면?
[2021-12-10 21:45:51] <잊혀질이름 (adnagaporp94)> 소람잉방 트수들 롤 안해~
[2021-12-10 21:45:52] <%전준우 (lotteno8)> 이방은 다 골드이하인가..ㅠ_ㅠ
[2021-12-10 21:45:52] <황족정글 (dipalya)> 나플레4인데 저격하려면 할수잇나
[2021-12-10 21:45:58] <황족정글 (dipalya)> 근데하기귀찬다
[2021-12-10 21:45:59] <%티르나 (tonsia)> ㅋㅋㅋㅋㅋㅋㅋ
[2021-12-10 21:46:00] <미친소리만하는놈 (dukefeeling)> 누나블크만밴해서 저격하기가싫어.. 나 블크원챔유져인데..
[2021-12-10 21:46:16] <집에있지만집가고싶다 (joon528)> 저격러들도 팀으로 만날까봐 무서워서 못돌리지 않을까요 선생님?
[2021-12-10 21:46:18] <흑표포수 (alal356)> 깡-통
[2021-12-10 21:46:19] <%전준우 (lotteno8)> 오우 제라스
[2021-12-10 21:46:27] <%전준우 (lotteno8)> 럭스..?
[2021-12-10 21:46:29] <%티르나 (tonsia)> 오나?
[2021-12-10 21:46:45] ~다이아 ㄱ (League of Legends)~
[2021-12-10 21:46:46] <%티르나 (tonsia)> 덫으로 막겠지
[2021-12-10 21:46:48] <흑표포수 (alal356)> 노머고
[2021-12-10 21:46:51] <%전준우 (lotteno8)> 오우쉣..
[2021-12-10 21:46:52] <%티르나 (tonsia)> 그냥 루루하지
[2021-12-10 21:46:56] <집에있지만집가고싶다 (joon528)> 듬직하게 말파이트 한접시 하죠
[2021-12-10 21:46:56] <흑표포수 (alal356)> 제-두
[2021-12-10 21:47:03] <잊혀질이름 (adnagaporp94)> 룰루나 하지 저럴거면 ㅋㅋ
[2021-12-10 21:47:05] <흑표포수 (alal356)> 약자멸시 ㄱㄷㄱ
[2021-12-10 21:47:08] <카레향쿠키 (akkpang18)> ㅋㅋㅋㅋㅋ
[2021-12-10 21:47:10] <하양바이브 (white_vibe_)> 목소리 듣기가 질렸다거나...목소리 듣기가 질렸다거나...목소리 듣기가 질렸다거나...
[2021-12-10 21:47:10] <%전준우 (lotteno8)> 직스 제라스?
[2021-12-10 21:47:13] <picasoeasel> 욕이 두배
[2021-12-10 21:47:14] <%갓지은밥햇반 (macho2man)> sorammW
[2021-12-10 21:47:17] <%티르나 (tonsia)> ㅋㅋㅋㅋㅋㅋ
[2021-12-10 21:47:17] <he4764> 쿠하랑 별로 안친함?
[2021-12-10 21:47:18] <카레향쿠키 (akkpang18)> 오우 ㅋㅋㅋ
[2021-12-10 21:47:21] <카레향쿠키 (akkpang18)> 파멸적인데?
[2021-12-10 21:47:21] <집에있지만집가고싶다 (joon528)> 말혐을 멈춰주세요
[2021-12-10 21:47:22] <%티르나 (tonsia)> 어지럽네 조합
[2021-12-10 21:47:25] <he4764> 봇듀 디코 하는게 좋은데
[2021-12-10 21:47:32] <%갓지은밥햇반 (macho2man)> 봇듀니까 디코 하는줄
[2021-12-10 21:47:32] <카레향쿠키 (akkpang18)> 베리어 들래?
[2021-12-10 21:47:34] <%전준우 (lotteno8)> 디코해도 결과는 같습니다..
[2021-12-10 21:47:48] <흑표포수 (alal356)> 프로토스같은건가?
[2021-12-10 21:47:48] <감사합니다영어님 (sunkist09300)> 직스 제라스면
[2021-12-10 21:47:49] <parrot9860> 이거는
[2021-12-10 21:47:50] <parrot9860> 탈진이지
[2021-12-10 21:47:51] <황족정글 (dipalya)> 디코해서 야랄나는거 재밋는데
[2021-12-10 21:47:53] <감사합니다영어님 (sunkist09300)> 얼마나 맞을까
[2021-12-10 21:47:58] <황족정글 (dipalya)> 재미를위해서 디코해주세요
[2021-12-10 21:48:00] <%전준우 (lotteno8)> 힐들어 힐~~
[2021-12-10 21:48:02] <카레향쿠키 (akkpang18)> 쿠하하하
[2021-12-10 21:48:08] <흑표포수 (alal356)> 칼라로 대화 ㄷㄷㄷ
[2021-12-10 21:48:13] <잊혀질이름 (adnagaporp94)> 서로 욕박자
[2021-12-10 21:48:30] <감사합니다영어님 (sunkist09300)> 직스 제라스 vs 징크스 나미 어떤가여
[2021-12-10 21:48:30] <%티르나 (tonsia)> 서로 번갈아가면서 화내는거 웃기던데
[2021-12-10 21:48:38] <집에있지만집가고싶다 (joon528)> 맘 잘통하는건 두오분의 의견도 포함된건가요?
[2021-12-10 21:48:39] <황족정글 (dipalya)> 어수 누누 on
[2021-12-10 21:48:48] [Notification] 0피부암통키0 subscribed at Tier 1. They've subscribed for 14 months! [<원딜차이>여자친구마음 다알지 그럼]
[2021-12-10 21:48:56] <흑표포수 (alal356)> 자아 off
[2021-12-10 21:49:11] <%전준우 (lotteno8)> 카서스정글..
[2021-12-10 21:49:19] <감사합니다영어님 (sunkist09300)> 포킹 겁나 피해야 되겠는뎅
[2021-12-10 21:49:25] <%전준우 (lotteno8)> 어제 나랑한놈은 진짜 ..죽이고싶었는데
[2021-12-10 21:49:34] <카레향쿠키 (akkpang18)> 블루 훔쳐먹으면 카서스 좋아죽는데
[2021-12-10 21:49:39] <%티르나 (tonsia)> 라인 밀리면 죽는다
[2021-12-10 21:49:40] <황족정글 (dipalya)> 인베안가는 카서스 = 개초보
[2021-12-10 21:49:51] <%티르나 (tonsia)> ㅋㅋㅋㅋㅋ
[2021-12-10 21:49:52] <카레향쿠키 (akkpang18)> 카사딘 지금 op임
[2021-12-10 21:50:02] <LORECOS> HI from Thailand.
[2021-12-10 21:50:06] <흑표포수 (alal356)> 뉴뉴
[2021-12-10 21:50:14] <황족정글 (dipalya)> 저러면 카서스할줄아는거임 ㅇㅇ
[2021-12-10 21:50:15] <카레향쿠키 (akkpang18)> ad 하드카운터
[2021-12-10 21:50:35] <카레향쿠키 (akkpang18)> ?
[2021-12-10 21:50:35] <lojeuj2> 듀오누구냐...
[2021-12-10 21:50:40] <%티르나 (tonsia)> 굿
[2021-12-10 21:50:41] <%전준우 (lotteno8)> 듀오 쿠하님입니다
[2021-12-10 21:50:43] <흑표포수 (alal356)> 고래입냄시~
[2021-12-10 21:50:43] <%전준우 (lotteno8)> >_<
[2021-12-10 21:50:45] <%티르나 (tonsia)> 힐도 뺐네
[2021-12-10 21:50:46] <lojeuj2> 하...
[2021-12-10 21:50:46] <카레향쿠키 (akkpang18)> 제라스 뇌절함
[2021-12-10 21:51:04] <lojeuj2> 저분이 바로그 유명한 5대 드레이븐 장인 김쿠하님이신가요?
[2021-12-10 21:51:13] <lojeuj2> 엄청나시다고 소문들엇습니다만..
[2021-12-10 21:51:20] <%전준우 (lotteno8)> ㄷㄷ
[2021-12-10 21:51:27] <트수사학사 (sadstart)> ㅋㅋㅋㅋㅋ
[2021-12-10 21:51:31] <%티르나 (tonsia)> 과연ㅋㅋㅋ
[2021-12-10 21:51:36] <흑표포수 (alal356)> ㅋㅋㅋㅋ
[2021-12-10 21:51:40] <%전준우 (lotteno8)> 야발ㅋㅋㅋ
[2021-12-10 21:51:41] <잊혀질이름 (adnagaporp94)> ㅋㅋㅋㅋㅋㅋㅋ
[2021-12-10 21:51:42] <카레향쿠키 (akkpang18)> ㅋㅋㅋㅋㅋㅋㅋㅋ
[2021-12-10 21:51:42] <트수사학사 (sadstart)> 1야발
[2021-12-10 21:51:43] <%티르나 (tonsia)> ㅋㅋㅋㅋㅋㅋㅋ
[2021-12-10 21:51:43] <%전준우 (lotteno8)> 1회적립
[2021-12-10 21:51:44] <키위쥬스ㅋ (kiwi_1014)> ?
[2021-12-10 21:51:44] <wkddntlr9> ㅋㅋㅋㅋㅋㅋㅋㅋㅋㅋㅋㅋㅋㅋㅋㅋㅋㅋㅋㅋㅋㅋ
[2021-12-10 21:51:44] <어디서개수작 (idkabc2e8)> ㅋㅋㅋㅋㅋㅋ
[2021-12-10 21:51:44] <회엉이 (ghldud14)> ?
[2021-12-10 21:51:44] <까밀루 (kamillus12)> 진정하세요
[2021-12-10 21:51:48] <also0307> ?ㅋㅋㅋㅋ
[2021-12-10 21:51:48] <잊혀질이름 (adnagaporp94)> 욕이 자동으로 나와 ㅋㅋ
[2021-12-10 21:51:48] <lojeuj2> ㅋㅋㅋㅋㅋㅋㅋㅋㅋㅋㅋㅋㅋㅋㅋㅋㅋㅋ
[2021-12-10 21:51:48] <gakanka> 아 Cㅂ
[2021-12-10 21:51:48] <어디서개수작 (idkabc2e8)> C2EYI
[2021-12-10 21:51:49] <키구니 (kigooni)> ㅋㅋㅋㅋㅋㅋㅋㅋㅋㅋㅋㅋㅋㅋㅋㅋㅋㅋㅋㅋㅋㅋㅋ
[2021-12-10 21:51:51] <집에있지만집가고싶다 (joon528)> 화내기 5분전 맞았네요
[2021-12-10 21:51:55] <흑표포수 (alal356)> 도구가... 간정을?!
[2021-12-10 21:51:56] <%전준우 (lotteno8)> 오우야
[2021-12-10 21:52:00] <%티르나 (tonsia)> ㅋㅋㅋㅋㅋㅋ
[2021-12-10 21:52:02] <카레향쿠키 (akkpang18)> ㄴㄴ 잘함
[2021-12-10 21:52:02] <%전준우 (lotteno8)> 쟤도 야발하네 ㅋㅋㅋㅋㅋㅋㅋㅋㅋㅋㅋㅋㅋ
[2021-12-10 21:52:05] <흑표포수 (alal356)> 오우...
[2021-12-10 21:52:07] <%티르나 (tonsia)> 일단 먹은건 잘한거긴해
[2021-12-10 21:52:07] <검존 (kyh940402)> 순간 진심모드 보였잖어~
[2021-12-10 21:52:09] <gakanka> 먹어버렸네 ㅎ
[2021-12-10 21:52:13] <황족정글 (dipalya)> 킬딸치러간 르블랑잘못이지
[2021-12-10 21:52:15] <%전준우 (lotteno8)> 근데 힐주면서들어간거라...
[2021-12-10 21:52:22] <카레향쿠키 (akkpang18)> ㄲㅂ
[2021-12-10 21:52:24] <%티르나 (tonsia)> ㅋㅋㅋㅋㅋㅋ
[2021-12-10 21:52:27] <%전준우 (lotteno8)> 눈물..
[2021-12-10 21:52:27] <감사합니다영어님 (sunkist09300)> 번쩍 번쩍?
[2021-12-10 21:52:33] <회엉이 (ghldud14)> ㅇㅈ
[2021-12-10 21:52:38] <카레향쿠키 (akkpang18)> 나미 플 제라스 플 같이 돔
[2021-12-10 21:52:47] <흑표포수 (alal356)> 불굴의 카서스
[2021-12-10 21:52:49] <%티르나 (tonsia)> 직스 텔타고온다
[2021-12-10 21:52:51] <%전준우 (lotteno8)> 오
[2021-12-10 21:52:53] <%티르나 (tonsia)> 굿
[2021-12-10 21:52:54] <%전준우 (lotteno8)> 풀린다 풀려~
[2021-12-10 21:52:59] <카레향쿠키 (akkpang18)> 바텀 쟤네 뭐지 ㅋㅋㅋㅋ
[2021-12-10 21:53:07] <흑표포수 (alal356)> ㅋㅋㅋㅋㅋㅋㅋㅋㅋㅋㅋ
[2021-12-10 21:53:17] <%전준우 (lotteno8)> 미니언..
[2021-12-10 21:53:21] <%티르나 (tonsia)> 바텀 터졌네
[2021-12-10 21:53:23] <%전준우 (lotteno8)> ㄹㅇ 다털어먹음 ㅋㅋ
[2021-12-10 21:53:26] <카레향쿠키 (akkpang18)> 카서스 지금 행복사
[2021-12-10 21:53:28] <흑표포수 (alal356)> ㅋㅋㅋㅋㅋㅋㅋㅋㅋㅋㅋㅋㅋㅋㅋ
[2021-12-10 21:53:37] <%전준우 (lotteno8)> 르블랑 언해피
[2021-12-10 21:54:23] <+bagumus> Hello from Germany
[2021-12-10 21:54:23] <흑표포수 (alal356)> 블랑 cs몇개 먹었
[2021-12-10 21:54:23] <카레향쿠키 (akkpang18)> 님 점멸 생기면 제라스 플 있음
[2021-12-10 21:54:31] <%전준우 (lotteno8)> 쟨또 왜 ㅋㅋ
[2021-12-10 21:54:37] <%티르나 (tonsia)> ㅋㅋㅋㅋ
[2021-12-10 21:54:38] <카레향쿠키 (akkpang18)> 뭐지 ㅋㅋㅋㅋㅋ
[2021-12-10 21:54:43] <할게없다닫 (min_chan004)> !티어
[2021-12-10 21:54:43] <@^Nightbot> SUP플 / 계정 ㅇㅇ https://tgd.kr/s/sorammmm/52467263
[2021-12-10 21:54:46] Viewerstats (21:23-21:54): avg:1,069 min:971 max:1,157 [17/1,020+17+0+41+0-25+0+0+104+0-34+0+15+0-167+0+19]
[2021-12-10 21:54:52] <흑표포수 (alal356)> 카서스 ㅋㅋㅋㅋ
[2021-12-10 21:55:29] <%티르나 (tonsia)> 궁 안쓰네 ㅋㅋㅋ
[2021-12-10 21:55:35] <흑표포수 (alal356)> ㅋㅋㅋㅋㅋㅋㅋㅋㅋㅋ
[2021-12-10 21:55:39] <카레향쿠키 (akkpang18)> ㄴㅇㅅ
[2021-12-10 21:55:41] <%전준우 (lotteno8)> 카서스 행복...
[2021-12-10 21:55:46] <%티르나 (tonsia)> 맛집이라
[2021-12-10 21:55:48] <카레향쿠키 (akkpang18)> 카서스는 바텀이 좋다
[2021-12-10 21:56:01] <%전준우 (lotteno8)> 지금 저조합이 바텀 갱오기엔 좋긴하지
[2021-12-10 21:56:09] <카레향쿠키 (akkpang18)> 스킬 맞추기 편함
[2021-12-10 21:56:16] <%전준우 (lotteno8)> 도주기도 제라스는 없으니..
[2021-12-10 21:56:17] <흑표포수 (alal356)> 정글러는 다 좋지 뚜벅이
[2021-12-10 21:56:26] <%전준우 (lotteno8)> 디코?
[2021-12-10 21:56:29] <%티르나 (tonsia)> 디코겠지
[2021-12-10 21:56:30] <%전준우 (lotteno8)> ㅋㅋ
[2021-12-10 21:56:34] <%티르나 (tonsia)> 마음 통한다며 ㅋㅋㅋ
[2021-12-10 21:56:39] <%전준우 (lotteno8)> 칼라 연결실패..
[2021-12-10 21:56:40] <감사합니다영어님 (sunkist09300)> 할래? ㅗㅜㅑ...
[2021-12-10 21:56:47] <+Cardscook77> xqc:
[2021-12-10 21:56:48] <+Cardscook77> xqcL
[2021-12-10 21:57:02] <%전준우 (lotteno8)> 르블랑 울겠다..
[2021-12-10 21:57:14] <키구니 (kigooni)> 오 굳
[2021-12-10 21:57:17] <%전준우 (lotteno8)> 헤업~
[2021-12-10 21:57:20] <%티르나 (tonsia)> 넘 멀어
[2021-12-10 21:57:51] <%티르나 (tonsia)> 이야
[2021-12-10 21:57:54] <카레향쿠키 (akkpang18)> 오우 굿
[2021-12-10 21:57:58] <흑표포수 (alal356)> 준비됐어 잉? 물론이지 코
[2021-12-10 21:57:59] <%티르나 (tonsia)> 카서스도 키워둔 보람이 있네
[2021-12-10 21:58:05] <%전준우 (lotteno8)> 근데 제드 무난하게 크면..
[2021-12-10 21:58:11] <카레향쿠키 (akkpang18)> ㅋㅋㅋㅋㅋㅋㅋㅋ
[2021-12-10 21:58:13] <카레향쿠키 (akkpang18)> 미션이야?
[2021-12-10 21:58:15] <로킨데요 (100sooo10)> 오늘 롤방 하네?
[2021-12-10 21:58:23] <%티르나 (tonsia)> 범죄일으키려하네
[2021-12-10 21:58:26] <%전준우 (lotteno8)> 드레이븐vs 칼리스타..
[2021-12-10 21:58:29] <%전준우 (lotteno8)> 가슴이 웅장해진다..
[2021-12-10 21:58:32] <kardasm> pluffy
[2021-12-10 21:58:50] <감사합니다영어님 (sunkist09300)> 칼리 쓰레쉬
[2021-12-10 21:58:51] <%전준우 (lotteno8)> 오
[2021-12-10 21:58:55] <%티르나 (tonsia)> 연패듀오가겠네
[2021-12-10 21:58:56] <감사합니다영어님 (sunkist09300)> 칼리 알리 영혼의 콤비 아닌가
[2021-12-10 21:59:12] <bicest> soram do u have bf?
[2021-12-10 21:59:17] <로킨데요 (100sooo10)> 알리 할줄 안보네
[2021-12-10 21:59:24] <로킨데요 (100sooo10)> 한판도 하는거 못봣는데
[2021-12-10 21:59:44] <집에있지만집가고싶다 (joon528)> 징크스는 이제 버려지는건가요?
[2021-12-10 21:59:47] <%전준우 (lotteno8)> 나이스 큐...
[2021-12-10 21:59:47] <%티르나 (tonsia)> ㅋㅋㅋㅋㅋ
[2021-12-10 22:00:00] <%전준우 (lotteno8)> 르블랑 킬좀줘...
[2021-12-10 22:00:00] <%전준우 (lotteno8)> ㅠ_ㅠ
[2021-12-10 22:00:11] <카레향쿠키 (akkpang18)> ㄲㅂ
[2021-12-10 22:00:18] <카레향쿠키 (akkpang18)> 르블랑 스킬 잘 썼는데 ㅠㅠ
[2021-12-10 22:00:26] <%전준우 (lotteno8)> 오
[2021-12-10 22:00:29] <%전준우 (lotteno8)> 잘맞았당
[2021-12-10 22:00:31] <%티르나 (tonsia)> ㅋㅋㅋㅋ
[2021-12-10 22:00:34] <%전준우 (lotteno8)> 헹
[2021-12-10 22:00:42] <%전준우 (lotteno8)> ㄴ머이리쎄
[2021-12-10 22:00:47] <역시릅갈 (mirror5ego)> zzzzzzzz
[2021-12-10 22:00:50] <역시릅갈 (mirror5ego)> 와드인가보네
[2021-12-10 22:00:50] <카레향쿠키 (akkpang18)> ㅋㅋㅋㅋㅋㅋㅋ
[2021-12-10 22:00:54] <카레향쿠키 (akkpang18)> 직스 저걸 날ㄹ리네
[2021-12-10 22:01:14] <%전준우 (lotteno8)> 제드내려오면 순삭일거같은
[2021-12-10 22:01:36] <%전준우 (lotteno8)> ㅋㅋㅋㅋㅋㅋㅋㅋㅋㅋㅋㅋ
[2021-12-10 22:01:39] <역시릅갈 (mirror5ego)> 혈압~
[2021-12-10 22:01:51] <%티르나 (tonsia)> ㅋㅋㅋㅋㅋㅋㅋ
[2021-12-10 22:01:56] <%전준우 (lotteno8)> 르블랑...
[2021-12-10 22:02:00] <%전준우 (lotteno8)> 제드 너무큰다 ...
[2021-12-10 22:02:12] <로킨데요 (100sooo10)> 님이 도구라서 만만한게 아닐까요
[2021-12-10 22:02:16] <GANDOR1126> 104면 바텀케리지
[2021-12-10 22:02:36] <%전준우 (lotteno8)> 굳
[2021-12-10 22:02:39] <%티르나 (tonsia)> 나미 궁 개사기 ㄷㄷ
[2021-12-10 22:02:39] <풀밭에누운봄바람 (cyho5545)> 옹
[2021-12-10 22:02:49] <역시릅갈 (mirror5ego)> 개사기챔이네
[2021-12-10 22:03:01] <감사합니다영어님 (sunkist09300)> 진짜.. 10연승??
[2021-12-10 22:03:23] [Notification] kakerudh subscribed with Prime.
[2021-12-10 22:03:34] <gakanka> 나미가 맛있어보이긴해
[2021-12-10 22:03:48] <%티르나 (tonsia)> ㅋㅋㅋㅋㅋㅋ
[2021-12-10 22:03:54] <%티르나 (tonsia)> 르블랑도 미친놈인가봐
[2021-12-10 22:03:55] <gakanka> 르블랑 과투자 ㄷㄷ
[2021-12-10 22:04:10] <%전준우 (lotteno8)> 르블랑 카서스가 바텀봐줄때 혼자울고있었음
[2021-12-10 22:04:10] <gakanka> 과투자후 사망 ㅋㅋㅋㅋ
[2021-12-10 22:04:13] <%티르나 (tonsia)> 열심히 죽어주는중
[2021-12-10 22:04:22] <GANDOR1126> 저런걸 우린 던진다고하죠
[2021-12-10 22:04:36] <%전준우 (lotteno8)> 탑미드..
[2021-12-10 22:04:42] <%전준우 (lotteno8)> 또 상체가..?
[2021-12-10 22:04:57] <rate5555> 20살 나이공개 ㄷㄷㄷㄷ
[2021-12-10 22:05:00] <%티르나 (tonsia)> 막 던지는건 아닌데
[2021-12-10 22:05:05] <%티르나 (tonsia)> 막하긴하늦긋
[2021-12-10 22:05:11] <카레향쿠키 (akkpang18)> ㄴㅇㅅ
[2021-12-10 22:05:39] <zoonsik> 오늘 무빙좀 치시네요 ㅇㅇ
[2021-12-10 22:06:04] <카레향쿠키 (akkpang18)> 어?
[2021-12-10 22:06:07] <%티르나 (tonsia)> 딜각이 안나왔네
[2021-12-10 22:06:10] <카레향쿠키 (akkpang18)> 카밀이 저러면 안되는데?
[2021-12-10 22:06:10] <zoonsik> 르블랑 잘하는데?
[2021-12-10 22:06:15] <%전준우 (lotteno8)> 허허
[2021-12-10 22:06:16] <까밀루 (kamillus12)> 르블랑 드뎌 한입한거?
[2021-12-10 22:06:31] <감사합니다영어님 (sunkist09300)> 제드가 쑥쑥 크네 ㅋㅋㅋ
[2021-12-10 22:06:33] <%전준우 (lotteno8)> 르블랑 초반에 킬좀먹었으면 풀리긴했을거같은데..
[2021-12-10 22:06:40] <%전준우 (lotteno8)> 언해피띄울때부터 뭔가...
[2021-12-10 22:06:48] <zoonsik> 르블랑 잘한다고 칭찬 한번 해주죠 ㅇㅇ
[2021-12-10 22:07:02] <%전준우 (lotteno8)> 그건 맞긴해 ㅋㅋw딜이
[2021-12-10 22:07:05] <%전준우 (lotteno8)> 킬일줄이야 ㄷㄷ
[2021-12-10 22:07:07] <zoonsik> 도구가...킬딸을?
[2021-12-10 22:07:11] <황족정글 (dipalya)> 초반킬은 킬딸욕심낸 르블랑잘못임
[2021-12-10 22:07:18] <%티르나 (tonsia)> 우리 왕자님..
[2021-12-10 22:07:21] <%전준우 (lotteno8)> 어이구야
[2021-12-10 22:07:24] <%전준우 (lotteno8)> 제드딜봐라...
[2021-12-10 22:07:27] <카레향쿠키 (akkpang18)> 제드 ㄷㄷ
[2021-12-10 22:07:48] <%전준우 (lotteno8)> ㅠㅠ..
[2021-12-10 22:08:29] <집에있지만집가고싶다 (joon528)> 멘탈 잡죠
[2021-12-10 22:08:32] <집에있지만집가고싶다 (joon528)> 멘잡
[2021-12-10 22:08:40] <%티르나 (tonsia)> 아직할만해
[2021-12-10 22:08:56] <%전준우 (lotteno8)> 오
[2021-12-10 22:09:01] <%전준우 (lotteno8)> 아모른직다
[2021-12-10 22:09:20] <%티르나 (tonsia)> 너무 따로따로 잘린다
[2021-12-10 22:09:26] <감사합니다영어님 (sunkist09300)> 유리한거 같았는데 겜이 왜 이래 되고 있지?
[2021-12-10 22:09:44] <%전준우 (lotteno8)> 지금현상금걸려있음?
[2021-12-10 22:09:58] <%티르나 (tonsia)> 미드때문에 지는거같긴해
[2021-12-10 22:10:12] <%전준우 (lotteno8)> 제드 계속크면 궁돌떄마다 징크스죽을텐데...
[2021-12-10 22:10:36] <집에있지만집가고싶다 (joon528)> 덤으로 나미도 회썰릴 예정
[2021-12-10 22:10:58] <%티르나 (tonsia)> 다행이다
[2021-12-10 22:10:59] <%전준우 (lotteno8)> 오
[2021-12-10 22:11:46] <%티르나 (tonsia)> 도망챠
[2021-12-10 22:13:04] <%전준우 (lotteno8)> 와
[2021-12-10 22:13:05] <%티르나 (tonsia)> 오우
[2021-12-10 22:13:06] <%전준우 (lotteno8)> 이걸맞추네
[2021-12-10 22:13:08] <%티르나 (tonsia)> 이게 맞네
[2021-12-10 22:13:11] <%전준우 (lotteno8)> 이것이..쿠크스?
[2021-12-10 22:13:41] <%티르나 (tonsia)> ㅇㅇ 궁 있으면 딜 씹을수있어서
[2021-12-10 22:13:45] <%전준우 (lotteno8)> 진짜
[2021-12-10 22:13:46] <%전준우 (lotteno8)> 순삭이다
[2021-12-10 22:13:52] <zoonsik> weq평에 사망 ㅋㅋ
[2021-12-10 22:13:54] <%티르나 (tonsia)> 궁없이도 죽네 ㅋㅋㅋ
[2021-12-10 22:13:54] <%전준우 (lotteno8)> 아무것도못했음ㅋㅋ
[2021-12-10 22:14:01] <집에있지만집가고싶다 (joon528)> 프하라도 가야하나
[2021-12-10 22:14:05] <죄송민 (kniax815)> 둘다 궁 안썻지않나?
[2021-12-10 22:14:10] <%전준우 (lotteno8)> 원형낫저거때문에 궁도 진짜 빨리돌겠네 ㄷㄷ
[2021-12-10 22:14:14] <베이가서폿 (ghdld243)> 프하 하니까 쿠하생각나네
[2021-12-10 22:14:20] <%티르나 (tonsia)> 일단 초시계
[2021-12-10 22:14:21] <하얀꼼 (whitecolorbear)> !티어
[2021-12-10 22:14:21] <@^Nightbot> SUP플 / 계정 ㅇㅇ https://tgd.kr/s/sorammmm/52467263
[2021-12-10 22:14:22] <집에있지만집가고싶다 (joon528)> 든든하게 란두인가죠
[2021-12-10 22:14:25] <+Besserk> salve
[2021-12-10 22:14:26] <황제제갈통 (nohs95)> 존야는어떰
[2021-12-10 22:14:29] <집에있지만집가고싶다 (joon528)> 국밥나미 한접시
[2021-12-10 22:14:52] <%티르나 (tonsia)> 부여왕이라 살았다
[2021-12-10 22:15:11] <%전준우 (lotteno8)> 어어 본진./.?
[2021-12-10 22:15:18] <%티르나 (tonsia)> 달려!!!
[2021-12-10 22:15:32] <%티르나 (tonsia)> 본진이 털렸네
[2021-12-10 22:15:44] <%티르나 (tonsia)> ㅋㅋㅋㅋㅋㅋ
[2021-12-10 22:15:57] <zoonsik> 도구가..존야?
[2021-12-10 22:16:17] <집에있지만집가고싶다 (joon528)> 요네도 있으니까 든든하지 않을까요?
[2021-12-10 22:16:19] <zoonsik> 그냥 안물리면 되지않나요
[2021-12-10 22:16:35] <zoonsik> 도구가..존야라
[2021-12-10 22:16:39] <%전준우 (lotteno8)> 눙물..
[2021-12-10 22:16:55] <집에있지만집가고싶다 (joon528)> 쿠크스가?
[2021-12-10 22:17:18] <%티르나 (tonsia)> 저 조합이면 존야 좋으
[2021-12-10 22:17:21] <%전준우 (lotteno8)> 15 5 6..
[2021-12-10 22:17:26] <집에있지만집가고싶다 (joon528)> 란두인 좋을것같은데
[2021-12-10 22:17:37] <집에있지만집가고싶다 (joon528)> 들어오면 한번 슬로우라도 걸어주고
[2021-12-10 22:17:38] <%티르나 (tonsia)> 란두인은 쓰기전에 죽을듯
[2021-12-10 22:17:50] <astiagon> 셋이 ap라..딴게 낫지않을까?
[2021-12-10 22:17:54] <%전준우 (lotteno8)> ㅋㅋㅋ
[2021-12-10 22:17:58] <%전준우 (lotteno8)> 차라리 초시계로 시간이라도 더..
[2021-12-10 22:18:07] <XayahWithDash> 안녕 내 친구 orzeł 은 당신과 데이트를 하고 싶어
[2021-12-10 22:18:30] <백상현장현재결혼해 (wcj1578)> 오르젤이 누군데
[2021-12-10 22:19:05] <카레향쿠키 (akkpang18)> 지금 제드 세상임
[2021-12-10 22:19:26] <카레향쿠키 (akkpang18)> ㄴㅇㅅ
[2021-12-10 22:19:26] <%티르나 (tonsia)> 다행이다
[2021-12-10 22:19:31] <%티르나 (tonsia)> 카서스 궁 써쪘네
[2021-12-10 22:19:32] <카레향쿠키 (akkpang18)> 와 카서스궁 딱 떨어졌다
[2021-12-10 22:19:32] <astiagon> 오 나미 좋다
[2021-12-10 22:19:36] <%티르나 (tonsia)> ㅋㅋㅋㅋㅋㅋㅋ
[2021-12-10 22:19:47] <꿈날 (dyd7167)> 징크스돌발행동ㅋㅋ
[2021-12-10 22:19:49] <%전준우 (lotteno8)> 살았따
[2021-12-10 22:19:51] <카레향쿠키 (akkpang18)> ㄴㄴ 잘했음
[2021-12-10 22:19:52] <%티르나 (tonsia)> 어지럽네 ㅋㅋㅋ
[2021-12-10 22:20:07] <카레향쿠키 (akkpang18)> 카서스 궁 끊어졌으면 난리났는데
[2021-12-10 22:20:15] <astiagon> 궁 끊기는줄..ㅋ
[2021-12-10 22:20:36] <카레향쿠키 (akkpang18)> ?
[2021-12-10 22:20:39] <%티르나 (tonsia)> 눈띠르기 ㅋㅋㅋㅋ
[2021-12-10 22:20:39] <카레향쿠키 (akkpang18)> 눈찌르기 뭐야?
[2021-12-10 22:21:27] <카레향쿠키 (akkpang18)> 카밀 여왕님
[2021-12-10 22:21:31] <%티르나 (tonsia)> 제드 없으면 쭉간다!!
[2021-12-10 22:21:33] <카레향쿠키 (akkpang18)> 저게 탑이다!!!
[2021-12-10 22:21:36] <astiagon> 오 분위기 완전 넘어갔네
[2021-12-10 22:22:19] <%티르나 (tonsia)> ㅋㅋㅋㅋㅋ
[2021-12-10 22:22:23] <%티르나 (tonsia)> 깁쿠하 무빙 ㅋㅋㅋㅋ
[2021-12-10 22:22:26] <astiagon> 존야 ㅠ
[2021-12-10 22:22:28] <astiagon> 까비
[2021-12-10 22:22:35] <astiagon> 다급한 손놀림이 보였어..
[2021-12-10 22:22:39] <카레향쿠키 (akkpang18)> ㄴㄴ 딜러한테 포커싱 안감 개꿀
[2021-12-10 22:22:41] <집에있지만집가고싶다 (joon528)> 피지컬 이슈
[2021-12-10 22:22:46] <%전준우 (lotteno8)> 그래도 이기면됐지..
[2021-12-10 22:22:52] <카레향쿠키 (akkpang18)> ㅈㅈ
[2021-12-10 22:23:02] <%티르나 (tonsia)> ㅇㅈ
[2021-12-10 22:23:02] <%전준우 (lotteno8)> 이걸이기네
[2021-12-10 22:23:07] <%티르나 (tonsia)> 이기몈 된거지
[2021-12-10 22:23:07] <집에있지만집가고싶다 (joon528)> 누구 캐리인가요?>
[2021-12-10 22:23:09] <astiagon> 킬딸빼곤 잘했네
[2021-12-10 22:23:13] <zoonsik> 상대 서포터에게 벽을 느끼게 해줬다 소람잉이라는 완'벽'
[2021-12-10 22:23:27] <하양바이브 (white_vibe_)> 레벨 두렵다 ㄹㅇ
[2021-12-10 22:23:29] <%티르나 (tonsia)> 챌린저 8층
[2021-12-10 22:23:35] <에이이브릴 (abril414b2)> 허미
[2021-12-10 22:23:43] <꿈날 (dyd7167)> 아리생일1203일
[2021-12-10 22:23:43] <카레향쿠키 (akkpang18)> 골키퍼 ㅋㅋㅋㅋㅋ
[2021-12-10 22:23:45] <집에있지만집가고싶다 (joon528)> 캐리한 사람중 두오분은 언급안해주시나요
[2021-12-10 22:23:46] <astiagon> 어지럽다ㅡ.,ㅡ;;
[2021-12-10 22:23:46] <%전준우 (lotteno8)> 디코가즈아
[2021-12-10 22:23:48] <zoonsik> 네 채팅이 어지럽네요~
[2021-12-10 22:23:50] <하양바이브 (white_vibe_)> ㅖ
[2021-12-10 22:24:05] <앙풍뎅띠 (ghkdslswk)> ㄱㅊ아용
[2021-12-10 22:24:06] <앙풍뎅띠 (ghkdslswk)> ㅋㅋㅋㅋㅋ
[2021-12-10 22:24:12] <astiagon> 김쿠하가 누군지
[2021-12-10 22:24:15] <로킨데요 (100sooo10)> 갓냐? 갓네 갓어
[2021-12-10 22:24:18] <astiagon> 스트리머임?
[2021-12-10 22:24:22] <앙풍뎅띠 (ghkdslswk)> ㅔ
[2021-12-10 22:24:23] <황제제갈통 (nohs95)> 소
[2021-12-10 22:24:27] <하양바이브 (white_vibe_)> 난지쓰 라고 있어요
[2021-12-10 22:24:27] <Arenba> 쿠하라고 치면 나옴
[2021-12-10 22:24:28] <whtmddhks> 람
[2021-12-10 22:24:32] <황제제갈통 (nohs95)> 잉
[2021-12-10 22:24:33] <whtmddhks> 잉
[2021-12-10 22:24:34] <로킨데요 (100sooo10)> ㅗ
[2021-12-10 22:24:35] <앙풍뎅띠 (ghkdslswk)> 잉
[2021-12-10 22:24:36] <whtmddhks> 소
[2021-12-10 22:24:41] <황제제갈통 (nohs95)> 람
[2021-12-10 22:24:43] <whtmddhks> 람
[2021-12-10 22:24:45] <whtmddhks> 잉
[2021-12-10 22:24:47] <%티르나 (tonsia)> 잉
[2021-12-10 22:24:49] <%티르나 (tonsia)> 치
[2021-12-10 22:24:49] <황제제갈통 (nohs95)> 소
[2021-12-10 22:24:51] <%티르나 (tonsia)> 킨
[2021-12-10 22:24:54] <%티르나 (tonsia)> 플
[2021-12-10 22:24:55] <로킨데요 (100sooo10)> 따
[2021-12-10 22:24:56] <%티르나 (tonsia)> 딱
[2021-12-10 22:24:57] Viewerstats (21:56-22:24): avg:896 min:831 max:990 [15/990-58+0-26+0+0-25+0+38+0-46+0-21+0-21]
[2021-12-10 22:24:57] <로킨데요 (100sooo10)> 치
[2021-12-10 22:24:58] <%티르나 (tonsia)> 잍
[2021-12-10 22:24:58] <%전준우 (lotteno8)> ㄲㅂ
[2021-12-10 22:24:58] <하양바이브 (white_vibe_)> ㄱㄴ?
[2021-12-10 22:24:58] <로킨데요 (100sooo10)> 킨
[2021-12-10 22:25:00] <황제제갈통 (nohs95)> 람
[2021-12-10 22:25:08] <whtmddhks> 앙
[2021-12-10 22:25:11] <하양바이브 (white_vibe_)> ?
[2021-12-10 22:25:12] <집에있지만집가고싶다 (joon528)> ㅋㅋ 여기 방장님 개못하지 않나요?
[2021-12-10 22:25:18] <%전준우 (lotteno8)> ?ㅋㅋ
[2021-12-10 22:25:19] <하양바이브 (white_vibe_)> ㅋㅋㅋㅋ
[2021-12-10 22:25:19] <로킨데요 (100sooo10)> 어허 팩트 노벤
[2021-12-10 22:25:21] <%티르나 (tonsia)> ㅋㅋㅋ
[2021-12-10 22:25:24] <키구니 (kigooni)> 오늘은 디코는 안하시나요?
[2021-12-10 22:25:25] <건빵쥔놈 (lv1ax)> 팩트 쳐네
[2021-12-10 22:25:25] <whtmddhks> ?
[2021-12-10 22:25:26] <하양바이브 (white_vibe_)> 타이밍 ㅋㅋ
[2021-12-10 22:25:36] <집에있지만집가고싶다 (joon528)> 검거완료
[2021-12-10 22:25:41] <하양바이브 (white_vibe_)> 노래 검지
[2021-12-10 22:25:48] <집에있지만집가고싶다 (joon528)> 이래서 노래잘하는 남친을...
[2021-12-10 22:25:49] <astiagon> 저 듀오분은 전판 뭐였나요?
[2021-12-10 22:25:51] <하양바이브 (white_vibe_)> 허밍 검지검지
[2021-12-10 22:25:52] <astiagon> 원딜임?
[2021-12-10 22:25:54] <%티르나 (tonsia)> 쭤여쭤여
[2021-12-10 22:25:57] <%티르나 (tonsia)> 원딜
[2021-12-10 22:26:03] <하양바이브 (white_vibe_)> 5대 드븐
[2021-12-10 22:26:05] <카레향쿠키 (akkpang18)> ㅋㅋㅋㅋㅋㅋ
[2021-12-10 22:26:05] <%티르나 (tonsia)> 유미 노잼@
[2021-12-10 22:26:07] <%전준우 (lotteno8)> 칼리쓰레쉬
[2021-12-10 22:26:08] <카레향쿠키 (akkpang18)> 악질들
[2021-12-10 22:26:14] <Dayeong19> 안녕하세요!!!
[2021-12-10 22:26:16] <집에있지만집가고싶다 (joon528)> 쿠리스타 잉레쉬조합?
[2021-12-10 22:26:19] <집에있지만집가고싶다 (joon528)> 이거 아무나 막습니다
[2021-12-10 22:26:20] <로킨데요 (100sooo10)> 요새 욕이 점점 늘어나시네요
[2021-12-10 22:26:23] <%티르나 (tonsia)> ㅋㅋㅋㅋㅋ
[2021-12-10 22:26:28] <로킨데요 (100sooo10)> 롤 스트리머 답다!
[2021-12-10 22:26:55] <%티르나 (tonsia)> 노래가 신나니 허밍을 하네
[2021-12-10 22:26:57] <炎黄子孙 (stiej20)> 小姐姐
[2021-12-10 22:27:11] <炎黄子孙 (stiej20)> 你会说中文吗
[2021-12-10 22:27:16] <키구니 (kigooni)> 구냥 깡패네 ㅋㅋㅋ
[2021-12-10 22:27:25] <%티르나 (tonsia)> ㄹㅇ
[2021-12-10 22:27:30] <%티르나 (tonsia)> 뽀삐 밴을 해버리네
[2021-12-10 22:27:31] <로킨데요 (100sooo10)> 중국말 할줄 아는지 물어보네
[2021-12-10 22:27:34] <GamePainz> 나미말고는 없나
[2021-12-10 22:27:38] <로킨데요 (100sooo10)> 기대값이 너무 큰거 아닌가
[2021-12-10 22:27:49] <炎黄子孙 (stiej20)> 哈喽哈喽
[2021-12-10 22:27:52] <%전준우 (lotteno8)> 세라핀~
[2021-12-10 22:27:56] <%티르나 (tonsia)> 잉레쉬는 보기 싫은가버네
[2021-12-10 22:27:57] <집에있지만집가고싶다 (joon528)> 듬직하게 브라움 연습하죠?
[2021-12-10 22:28:00] <astiagon> 소람이 노틸은..
[2021-12-10 22:28:03] <쇼팽에튀드 (leet2020)> 혜지폿 마스터
[2021-12-10 22:28:07] <집에있지만집가고싶다 (joon528)> 잉레쉬 쿠크스 ㄱㄱ
[2021-12-10 22:28:10] <로킨데요 (100sooo10)> 서폿 벡스 좋다는데
[2021-12-10 22:28:15] <炎黄子孙 (stiej20)> 喂喂喂喂
[2021-12-10 22:28:16] <ArmadylOCE> hi
[2021-12-10 22:28:23] <집에있지만집가고싶다 (joon528)> 블츠 ㄱㄱ
[2021-12-10 22:28:32] <MarkMorrison_> ㅋㅋㅋㅋ
[2021-12-10 22:28:33] <하양바이브 (white_vibe_)> ㅋㅋㅋㅋㅋ
[2021-12-10 22:28:33] <ArmadylOCE> you look nice
[2021-12-10 22:28:35] <炎黄子孙 (stiej20)> hi
[2021-12-10 22:28:37] <%티르나 (tonsia)> ㅋㅋㅋㅋㅋㅋㅋ
[2021-12-10 22:28:37] <카레향쿠키 (akkpang18)> ㅋㅋㅋㅋㅋㅋㅋㅋ
[2021-12-10 22:28:49] <하양바이브 (white_vibe_)> 막하막하
[2021-12-10 22:28:50] <키위쥬스ㅋ (kiwi_1014)> 드븐 ㄱㄱ
[2021-12-10 22:28:51] <MarkMorrison_> 파멸적이다 ㅋㅋㅋ
[2021-12-10 22:28:53] <asterroid03> 너 뒤지고 싶어? 라고 하는거 같다 ㅋㅋㅋㅋㅋㅋㅋ
[2021-12-10 22:28:54] <%티르나 (tonsia)> 칼리를 봐보는게 낫지
[2021-12-10 22:28:54] <炎黄子孙 (stiej20)> 哈哈哈哈哈哈
[2021-12-10 22:28:54] <astiagon> 드븐
[2021-12-10 22:28:57] <GamePainz> 유미인대 룰루한다고
[2021-12-10 22:28:58] <키위쥬스ㅋ (kiwi_1014)> 칼리는 파국이야
[2021-12-10 22:29:05] <MarkMorrison_> 칼리 잘해요 칼리 ㄱㄱ
[2021-12-10 22:29:05] <엑스밥 (wkweh)> 테디ㄷㄷㄷ
[2021-12-10 22:29:06] <astiagon> 드븐이 보는맛도있지..
[2021-12-10 22:29:06] <%티르나 (tonsia)> 아 그럼 안되겠네
[2021-12-10 22:29:07] <키위쥬스ㅋ (kiwi_1014)> 칼리는 몇판도안돌려봄
[2021-12-10 22:29:09] <하양바이브 (white_vibe_)> 쟤 뭐 못보게 뺏어야하는거 아니..앗차차
[2021-12-10 22:29:11] <카레향쿠키 (akkpang18)> 잉난감 전쟁놀이 당하는중
[2021-12-10 22:29:14] <bellatimo> 나만 벌써 지옥이 보이나
[2021-12-10 22:29:15] <집에있지만집가고싶다 (joon528)> 테디 바텀 타워앞 2:1 보셨나
[2021-12-10 22:29:16] <炎黄子孙 (stiej20)> 你胸好大
[2021-12-10 22:29:19] <하양바이브 (white_vibe_)> ㅋㅋㅋ
[2021-12-10 22:29:22] <감사합니다영어님 (sunkist09300)> 칼리 쓰레쉬냐 드븐 쓰레쉬냐 ㅋㅋㅋㅋ
[2021-12-10 22:29:29] <카레향쿠키 (akkpang18)> 유미로 반격해
[2021-12-10 22:29:31] <MarkMorrison_> 칼리 ㄱㄱ
[2021-12-10 22:29:34] <카레향쿠키 (akkpang18)> 유미 럭스로 반격해
[2021-12-10 22:29:36] <하양바이브 (white_vibe_)> ㅋㅋㅋㅋㅋ
[2021-12-10 22:29:37] <MarkMorrison_> 세기말을 보고 싶다면 칼리 ㅋㅋㅋ
[2021-12-10 22:29:43] <하양바이브 (white_vibe_)> 곤란한데
[2021-12-10 22:29:53] <%티르나 (tonsia)> ㅋㅋㅋㅋㅋ
[2021-12-10 22:29:56] <하양바이브 (white_vibe_)> 팩트네요
[2021-12-10 22:29:58] <%티르나 (tonsia)> 박은만큼 하는ㅍ7ㄴ
[2021-12-10 22:30:01] <ravensky111> 卧槽，这里也能看到好兄弟
[2021-12-10 22:30:04] <ArmadylOCE> 2 girls duo bot?
[2021-12-10 22:30:08] <하양바이브 (white_vibe_)> 헉
[2021-12-10 22:30:09] <%티르나 (tonsia)> y
[2021-12-10 22:30:12] <하양바이브 (white_vibe_)> 돔황챠
[2021-12-10 22:30:21] <%티르나 (tonsia)> ㅋㅋㅋㅋㅋㅋㅋ
[2021-12-10 22:30:26] <%티르나 (tonsia)> 오로지 원딜의 문제 ㅋㅋㅋ
[2021-12-10 22:30:34] <%전준우 (lotteno8)> ㅋㅋㅋㅋ
[2021-12-10 22:30:36] <+AlierenoZZy> @ArmadylOCE and they are also korean: Like a dream right?
[2021-12-10 22:30:41] <%티르나 (tonsia)> 40점대 ㅋㅋㅋㅋ
[2021-12-10 22:30:43] <p0larisssss> hello
[2021-12-10 22:30:48] <p0larisssss> u down?
[2021-12-10 22:30:59] <라망고 (dotori614)> 보라색글씨가 너무 커요
[2021-12-10 22:31:04] <%티르나 (tonsia)> ㅋㅋㅋㅋㅋㅋ
[2021-12-10 22:31:06] <ArmadylOCE> @ArmadylOCE 2 korean girls bot lane Kreygasm
[2021-12-10 22:31:10] <하양바이브 (white_vibe_)> 가리질 않아서 이 사태까지..
[2021-12-10 22:31:12] <집에있지만집가고싶다 (joon528)> 미니맵 가리개가 너무 작은것같아요 선생님
[2021-12-10 22:31:14] <%전준우 (lotteno8)> 12점도르..
[2021-12-10 22:31:33] <p0larisssss> SUBO MO TITE KO
[2021-12-10 22:31:34] <%티르나 (tonsia)> 칼리쓰레쉬 ㅋㅋㅋㅋ
[2021-12-10 22:31:38] <집에있지만집가고싶다 (joon528)> 그랩류 한번 해주세우
[2021-12-10 22:31:39] <%티르나 (tonsia)> ㅋㅋㅋㅋㅋㅋㅋㅋ
[2021-12-10 22:31:49] <p0larisssss> PARANAS NAMAN PO MALUNOD
[2021-12-10 22:31:57] <%티르나 (tonsia)> ㅋㅋㅋㅋㅋ
[2021-12-10 22:32:12] <astiagon> 어지럽네
[2021-12-10 22:32:14] <%티르나 (tonsia)> 문제가 많네..
[2021-12-10 22:32:46] <%티르나 (tonsia)> ㅋㅋㅋㅋ
[2021-12-10 22:32:51] <ArmadylOCE> i wanna vs 2 korean girls in the bot lane :)
[2021-12-10 22:33:07] <%티르나 (tonsia)> 점멸w까비
[2021-12-10 22:33:08] <p0larisssss> PALAMAS NAMAN PO IDOLO
[2021-12-10 22:33:24] <ArmadylOCE> how old is this girl?
[2021-12-10 22:33:40] <p0larisssss> Sikretong malupit, pwede pabulong? Mapapamura ka ng fuckshit, malutong Makinis, maputi s'ya pero ba't gano'n? Bakit sobrang grabeng maitim ang utong?
[2021-12-10 22:34:05] <%티르나 (tonsia)> 과연
[2021-12-10 22:34:13] <%티르나 (tonsia)> ㅋㅋㅋㅋㅋㅋ
[2021-12-10 22:34:15] <집에있지만집가고싶다 (joon528)> 영어보니까 갑자기 어지럽네
[2021-12-10 22:34:23] <집에있지만집가고싶다 (joon528)> 영어 아니구나
[2021-12-10 22:34:34] <카레향쿠키 (akkpang18)> ㅋㅋㅋㅋㅋㅋㅋ
[2021-12-10 22:34:37] <카레향쿠키 (akkpang18)> 이상한 소리나 ㅋㅋㅋㅋ
[2021-12-10 22:34:39] <p0larisssss> ILL GIVE U 1000 CROWNS
[2021-12-10 22:34:45] <p0larisssss> where u wanna go love
[2021-12-10 22:34:47] <炎黄子孙 (stiej20)> 我听不懂你说话，但是你好漂亮
[2021-12-10 22:34:58] <p0larisssss> hey we dont speak noodles here
[2021-12-10 22:35:01] <라망고 (dotori614)> 채팅이 글로벌하네
[2021-12-10 22:35:04] <하양바이브 (white_vibe_)> 왜 영어랑 한자가
[2021-12-10 22:35:05] <%티르나 (tonsia)> ㅋㅋㅋㅋㅋ
[2021-12-10 22:35:15] <OXSYON> oxsyonEYEBALLZ oxsyonEYEBALLZ
[2021-12-10 22:35:35] <카레향쿠키 (akkpang18)> 이상한 놈 왔네
[2021-12-10 22:35:43] <%티르나 (tonsia)> 우리 상체 해줘!!
[2021-12-10 22:35:47] <炎黄子孙 (stiej20)> 喂喂喂
[2021-12-10 22:35:55] <炎黄子孙 (stiej20)> 你好
[2021-12-10 22:36:00] <집에있지만집가고싶다 (joon528)> 상체는 하체때문에 오열하지 않을까요
[2021-12-10 22:36:05] <%티르나 (tonsia)> 요네는 지금 오나?
[2021-12-10 22:36:08] <593989952> 你发中文她也看不懂
[2021-12-10 22:36:15] <%티르나 (tonsia)> 오 탑
[2021-12-10 22:36:16] BAN: stiej20
[2021-12-10 22:36:19] BAN: 593989952
[2021-12-10 22:36:23] <황비홍2 (kkill270)> ㅋㅋㅋㅋㅋㅋㅋㅋㅋㅋ
[2021-12-10 22:36:25] <%티르나 (tonsia)> ㅋㅋㅋㅋㅋ
[2021-12-10 22:36:26] <황비홍2 (kkill270)> byeDddd
[2021-12-10 22:36:37] <카레향쿠키 (akkpang18)> ㅋㅋㅋㅋㅋ
[2021-12-10 22:36:40] <카레향쿠키 (akkpang18)> 무섭다
[2021-12-10 22:36:42] <언제천만원모으냐 (rlarla1004)> 그 발언
[2021-12-10 22:36:43] <dontfeedthis> 플래그
[2021-12-10 22:36:44] <불쌍맨0201 (fsguitar0201)> 플래그 on
[2021-12-10 22:36:44] <%티르나 (tonsia)> ㅋㅋㅋㅋㅋㅋ
[2021-12-10 22:36:48] <%티르나 (tonsia)> 이미 늦었더
[2021-12-10 22:36:50] <집에있지만집가고싶다 (joon528)> sorammSup
[2021-12-10 22:37:00] <황비홍2 (kkill270)> 에휴 입터는거 보니 강등당하건네
[2021-12-10 22:37:12] <언제천만원모으냐 (rlarla1004)> 이분 왜 오늘 화 잘 참음?
[2021-12-10 22:37:13] <%티르나 (tonsia)> ㅋㅋㅋㅋㅋㅋㅋ
[2021-12-10 22:37:17] <언제천만원모으냐 (rlarla1004)> 공약걸음?
[2021-12-10 22:37:23] <%티르나 (tonsia)> 꼴받게하려고
[2021-12-10 22:37:27] <미친소리만하는놈 (dukefeeling)> 쿠하님은 왜입으로만 딜교환을 하시나요 궁금해요 소람님
[2021-12-10 22:37:32] <cannonthief9999> 유미도 장인이 있다는거 이제 믿으시는가요?
[2021-12-10 22:37:33] <황제제갈통 (nohs95)> <<<<
[2021-12-10 22:37:46] <%티르나 (tonsia)> ㅋㅋㅋㅋㅋㅋㅋ
[2021-12-10 22:37:54] <집에있지만집가고싶다 (joon528)> 서폿 룰루는 어떻게 생각하시나요?
[2021-12-10 22:38:04] <%티르나 (tonsia)> ㅇ어제말한건데 드디어 내려와따
[2021-12-10 22:38:06] <MarkMorrison_> 뉴비시절 유미 첨봤을때 캐시템인줄 알았음..
[2021-12-10 22:38:21] <%티르나 (tonsia)> ㅋㅋㅋㅋㅋㅋㅋㅋㅋㅋㅋㅋㅋㅋㅋ
[2021-12-10 22:38:21] <카레향쿠키 (akkpang18)> ㅋㅋㅋㅋㅋㅋㅋㅋ
[2021-12-10 22:38:22] <밍선하코딱지탕후루 (dnacome)> 람님도 유미 하죠
[2021-12-10 22:38:23] <總司令_ (naifan123)> ZZZZ
[2021-12-10 22:38:28] <카레향쿠키 (akkpang18)> ㄲㅂ
[2021-12-10 22:38:29] <%티르나 (tonsia)> 졌다 ㅋㅋㅋ
[2021-12-10 22:38:30] <불쌍맨0201 (fsguitar0201)> 죽써숴 개줌
[2021-12-10 22:38:32] <집에있지만집가고싶다 (joon528)> 야미
[2021-12-10 22:38:42] <cannonthief9999> 상대한테 e박는 루루보단 유미가 나을수됴
[2021-12-10 22:39:44] <%티르나 (tonsia)> ㅋㅋㅋㅋ
[2021-12-10 22:39:50] <%티르나 (tonsia)> 키보드 샷건때문에 고장났데
[2021-12-10 22:40:14] <%티르나 (tonsia)> ㅋㅋㅋㅋㅋㅋㅋ
[2021-12-10 22:40:17] <%전준우 (lotteno8)> >_<
[2021-12-10 22:40:30] <%전준우 (lotteno8)> 케틀 덫 업데이트되고 많이하는거같넹
[2021-12-10 22:40:30] <cannonthief9999> 유미 클라스 >_<
[2021-12-10 22:40:33] <황비홍2 (kkill270)> byeSd
[2021-12-10 22:40:49] <%전준우 (lotteno8)> 어?1
[2021-12-10 22:40:56] <%전준우 (lotteno8)> 와케인 저걸또살아가네
[2021-12-10 22:41:05] <innychixwho> hallo
[2021-12-10 22:41:16] <%티르나 (tonsia)> 이득 크게 봤다
[2021-12-10 22:41:21] <집에있지만집가고싶다 (joon528)> 이 방은 방장님보다 두오분이 더 오디오를 잘 채워주시네요
[2021-12-10 22:41:34] <%티르나 (tonsia)> ㅋㅋㅋㅋㅋ
[2021-12-10 22:41:37] <hym180619> 혜지좀역겹네이친구
[2021-12-10 22:41:38] <하양바이브 (white_vibe_)> 어? 그 고양..앗차차
[2021-12-10 22:41:45] <집에있지만집가고싶다 (joon528)> 유미도 유미만의 철학이 있지 않을까요?
[2021-12-10 22:41:48] BAN: hym180619
[2021-12-10 22:41:52] <%전준우 (lotteno8)> ㅋㅋㅋ
[2021-12-10 22:41:53] <%티르나 (tonsia)> 나가!
[2021-12-10 22:42:03] <집에있지만집가고싶다 (joon528)> ㅈㅅ ㅎㅎ
[2021-12-10 22:42:08] <집에있지만집가고싶다 (joon528)> 죄송합미다
[2021-12-10 22:42:31] <innychixwho> 용감한 놀이.
[2021-12-10 22:42:34] <지니미이 (oyoy7738)> 서폿도 갑자기
[2021-12-10 22:42:37] <지니미이 (oyoy7738)> ...
[2021-12-10 22:42:40] <%전준우 (lotteno8)> 극-복
[2021-12-10 22:42:46] <%티르나 (tonsia)> 갑자기 애들이 이상해지는걸
[2021-12-10 22:42:49] <cannonthief9999> 호옹?
[2021-12-10 22:42:52] <innychixwho> can u play valorant ft viewers
[2021-12-10 22:42:59] <cannonthief9999> 아니 왜 루루 어시?
[2021-12-10 22:43:13] <집에있지만집가고싶다 (joon528)> 텔포전 버프?
[2021-12-10 22:43:13] <%티르나 (tonsia)> ㄴㅇㅅ
[2021-12-10 22:43:31] <%티르나 (tonsia)> 케인 뒤졌는데 밀자!!
[2021-12-10 22:43:43] <집에있지만집가고싶다 (joon528)> 역시 믿고 있었습니다 선생님
[2021-12-10 22:43:45] <cannonthief9999> 루루도 서리있는데 포골먹죠 ㅇㅇ
[2021-12-10 22:43:46] <%티르나 (tonsia)> 맞지
[2021-12-10 22:43:51] <%티르나 (tonsia)> 퀘 깨자
[2021-12-10 22:43:58] <%티르나 (tonsia)> ㄹㅇㅋㅋ
[2021-12-10 22:44:01] <%티르나 (tonsia)> 아는만큼 보이지
[2021-12-10 22:44:09] <innychixwho> you're so adorable
[2021-12-10 22:44:09] <카레향쿠키 (akkpang18)> 게임억까는 무조건 있찌
[2021-12-10 22:44:27] <cannonthief9999> 유미 어디감
[2021-12-10 22:44:47] <%티르나 (tonsia)> 케인 유미는 좀 무서운데
[2021-12-10 22:45:57] <zoonsik> 두오용 아이디임 너무 거슬리는데 겜할때는 없애주시면 안되나여
[2021-12-10 22:46:01] <%티르나 (tonsia)> 점화는 아쉽다
[2021-12-10 22:46:05] <황비홍2 (kkill270)> ㅋㅋㅋㅋㅋㅋㅋㅋㅋㅋㅋ
[2021-12-10 22:46:10] <밍선하코딱지탕후루 (dnacome)> ?
[2021-12-10 22:46:14] <밍선하코딱지탕후루 (dnacome)> 용 ....
[2021-12-10 22:46:27] <%티르나 (tonsia)> 뭔가 아쉽네
[2021-12-10 22:46:31] <cannonthief9999> 유미 클라스 >_<
[2021-12-10 22:46:40] <카레향쿠키 (akkpang18)> ㅋㅋㅋㅋㅋㅋ
[2021-12-10 22:46:42] <카레향쿠키 (akkpang18)> 냥혐
[2021-12-10 22:46:42] <%티르나 (tonsia)> 유미차이!
[2021-12-10 22:46:57] <%티르나 (tonsia)> 유미한텐 포상이지 ㅋㅋㅋ
[2021-12-10 22:46:59] <카레향쿠키 (akkpang18)> 극극찬
[2021-12-10 22:47:11] <황비홍2 (kkill270)> 제이스도 싫어 유미도 싫어 쩨드도 실어 아주 다싫네요 쿠하게이게이야
[2021-12-10 22:47:17] <지니미이 (oyoy7738)> 이번판은 스무스하데 이길듯
[2021-12-10 22:47:50] <mikuchang> 소하
[2021-12-10 22:47:50] <@^Nightbot> mikuchang님 하이~
[2021-12-10 22:47:53] <황제제갈통 (nohs95)> 람머스도 카밀한테찢길듯
[2021-12-10 22:48:09] <mikuchang> ㅋㅋㅋㅋㅋㅋㅋㅋㅋㅋㅋㅋㅋㅋ
[2021-12-10 22:48:12] <카레향쿠키 (akkpang18)> ㅋㅋㅋㅋㅋㅋ
[2021-12-10 22:48:25] <cannonthief9999> 죽으면 안되겟다(유기함)
[2021-12-10 22:48:31] <%티르나 (tonsia)> ㅋㅋㅋㅋㅋ
[2021-12-10 22:49:04] <mikuchang> ㅋㅋㅋㅋㅋㅋㅋㅋㅋㅋㅋㅋㅋㅋㅋㅋㅋ
[2021-12-10 22:49:14] <%티르나 (tonsia)> 쿠네가 나을지도
[2021-12-10 22:49:16] <집에있지만집가고싶다 (joon528)> 징크스의 킬은 1.5배인데 징크스 잘 키워먹죠
[2021-12-10 22:49:37] <mikuchang> 오
[2021-12-10 22:49:37] <%티르나 (tonsia)> 굿
[2021-12-10 22:49:40] <mikuchang> 우와
[2021-12-10 22:49:48] <mikuchang> ㅋㅋㅋ
[2021-12-10 22:49:52] <cannonthief9999> 힘없는 고양이를 죽이고 소리지르시는거보니ㅠ
[2021-12-10 22:49:53] <황제제갈통 (nohs95)> 나이스~
[2021-12-10 22:50:00] <%티르나 (tonsia)> ㅋㅋㅋㅋㅋ
[2021-12-10 22:50:10] <%전준우 (lotteno8)> ㅋㅋㅋㅋㅋㅋㅋㅋㅋㅋㅋㅋㅋㅋㅋㅋㅋㅋㅋㅋㅋㅋㅋ?
[2021-12-10 22:50:13] <%티르나 (tonsia)> 아 그 행복한 ㅋㅋㅋㅋ
[2021-12-10 22:50:21] <mikuchang> ㅋㅋㅋㅋㅋㅋㅋㅋㅋㅋㅋㅋㅋㅋ
[2021-12-10 22:50:21] <밍선하코딱지탕후루 (dnacome)> 저건 돌려까는거 아님?
[2021-12-10 22:50:26] <%전준우 (lotteno8)> 어제봤구나..
[2021-12-10 22:50:28] <카레향쿠키 (akkpang18)> 씨게 맞았네 ㅋㅋㅋㅋ
[2021-12-10 22:50:32] <%전준우 (lotteno8)> 그래서 채팅밴먹었나보네나..
[2021-12-10 22:50:33] <밍선하코딱지탕후루 (dnacome)> 돌려 까는거네 쿠하님이
[2021-12-10 22:50:38] <지니미이 (oyoy7738)> ㅋㅋㅋㅋㅋ
[2021-12-10 22:50:47] <mikuchang> ㅋㅋㅋㅋㅋㅋㅋㅋㅋㅋㅋㅋㅋㅋㅋㅋ
[2021-12-10 22:50:48] <%티르나 (tonsia)> ㅋㅋㅋㅋㅋㅋㅋ
[2021-12-10 22:50:59] <카레향쿠키 (akkpang18)> 유미 + 케인 사기임
[2021-12-10 22:51:02] <cannonthief9999> 루루님이 죽이셨네요 w만 있었어도
[2021-12-10 22:51:16] <innychixwho> sooo adorable
[2021-12-10 22:51:19] <mikuchang> ㅋㅋㅋㅋ
[2021-12-10 22:51:30] <%전준우 (lotteno8)> ㅋㅋㅋ
[2021-12-10 22:51:30] <mikuchang> 무섭 ㄷㄷㄷ
[2021-12-10 22:51:31] <%티르나 (tonsia)> ㅋㅋㅋㅋㅋㅋ
[2021-12-10 22:51:34] <%전준우 (lotteno8)> 조심해라 밴날라온다
[2021-12-10 22:51:40] <mikuchang> 소엄령
[2021-12-10 22:51:46] <swegduckk> Hellow
[2021-12-10 22:51:48] <키구니 (kigooni)> 머리에 맞으면 훅간다..
[2021-12-10 22:51:58] <카레향쿠키 (akkpang18)> 너네 바이퍼 좀 많이 고장났는데
[2021-12-10 22:51:58] <황제제갈통 (nohs95)> 제이스 요네 맞딜신청
[2021-12-10 22:52:12] <freebo_live> ᝦᝪᝢᝬᝩᝬᝦᝩᝬᝦᝪᝬᝦᝪᝳ ᝦᝪᝢᝬᝩᝬᝦᝩᝬᝦᝪᝬᝦᝪᝳ ᝦᝪᝢᝬᝩᝬᝦᝩᝬᝦᝪᝬᝦᝪᝳ ᝦᝪᝢᝬᝩᝬᝦᝩᝬᝦᝪᝬᝦᝪᝳ ᝦᝪᝢᝬᝩᝬᝦᝩᝬ BatChest ᝦᝪᝬᝦᝪᝳ ᝦᝬᝩᝦᝩᝪᝬᝦᝪᝳ ᝦᝪᝢᝬᝩᝬᝦᝩᝬᝦᝪᝬᝦᝪᝳ ᝦᝪᝢᝬᝩᝬᝦᝩᝬᝪᝬᝦᝪᝳ ᝦᝪᝢᝬᝩᝬᝦᝩᝬᝦᝪᝬᝦᝪᝳ ᝦᝪᝢᝬᝩᝬᝦᝩᝬᝦᝪᝬᝦᝪᝳ
[2021-12-10 22:52:23] <%티르나 (tonsia)> 궁도 못맞추네
[2021-12-10 22:52:30] <%전준우 (lotteno8)> 저건 뭐야
[2021-12-10 22:52:32] <%전준우 (lotteno8)> 이모지..
[2021-12-10 22:52:37] <집에있지만집가고싶다 (joon528)> 징짜로
[2021-12-10 22:52:37] <카레향쿠키 (akkpang18)> 채팅창 어지럽네
[2021-12-10 22:52:53] <vasko_stokata> <3 <3 <3
[2021-12-10 22:52:54] <심심하다메 (alfo7722)> 홀리
[2021-12-10 22:53:15] <%티르나 (tonsia)> ㅋㅋㅋ 케인유미 못막겠다
[2021-12-10 22:53:16] <cannonthief9999> 이번엔 제이스가 다죽이네요 ㄷㄷ
[2021-12-10 22:53:19] <황제제갈통 (nohs95)> 야  참서폿
[2021-12-10 22:53:20] <mikuchang> 엌 ㅋㅋㅋㅋㅋㅋㅋㅋㅋㅋㅋ
[2021-12-10 22:53:24] <qkrtkdrj> 주저리주저리
[2021-12-10 22:53:38] <카레향쿠키 (akkpang18)> 유미 케인 막기 힘들어
[2021-12-10 22:53:39] <mikuchang> 싸움낫다
[2021-12-10 22:53:44] <mikuchang> ㅋㅋㅋㅋㅋㅋㅋㅋㅋㅋㅋㅋㅋ
[2021-12-10 22:53:51] <%티르나 (tonsia)> 상체차이
[2021-12-10 22:54:56] <mikuchang> ㅋㅋㅋㅋㅋㅋㅋㅋㅋㅋㅋㅋㅋㅋㅋㅋㅋㅋㅋㅋㅋ
[2021-12-10 22:54:58] <%티르나 (tonsia)> ㅋㅋㅋㅋㅋㅋㅋㅋ
[2021-12-10 22:55:02] <mikuchang> ㅋㅋㅋㅋㅋㅋㅋㅋㅋ
[2021-12-10 22:55:02] <카레향쿠키 (akkpang18)> ㅋㅋㅋㅋㅋㅋㅋㅋㅋ
[2021-12-10 22:55:04] Viewerstats (22:26-22:55): avg:792 min:769 max:831 [15/831-36+0+13+0+0+0-16+0-15+0+0-8+0+8]
[2021-12-10 22:55:16] <mikuchang> 캐웃경 ㅋㅋㅋㅋㅋㅋㅋㅋㅋ
[2021-12-10 22:55:18] <%단강 (goodwigs)> 진정하세요...
[2021-12-10 22:55:23] <%티르나 (tonsia)> 정신나갈거같애
[2021-12-10 22:55:32] <황비홍2 (kkill270)> 화이팅!!,잉맘 !!!
[2021-12-10 22:55:38] <dkaps215> 이게 롤이지
[2021-12-10 22:55:39] <honkkki> zzzzzzzzzz
[2021-12-10 22:55:45] <mikuchang> ㅋㅋㅋㅋㅋㅋㅋㅋㅋㅋㅋㅋㅋ
[2021-12-10 22:55:47] <집에있지만집가고싶다 (joon528)> 믿고있었다구
[2021-12-10 22:55:51] <황제제갈통 (nohs95)> 킹하
[2021-12-10 22:56:05] <%티르나 (tonsia)> 그래 굴려보자
[2021-12-10 22:56:11] <vasko_stokata> PogChamp PogChamp
[2021-12-10 22:56:23] <집에있지만집가고싶다 (joon528)> ?
[2021-12-10 22:56:24] <mikuchang> 와
[2021-12-10 22:56:26] <mikuchang> 피다는거보송
[2021-12-10 22:56:28] <mikuchang> ㅎㄷㄷㄷ
[2021-12-10 22:56:34] <astiagon> q 뭔데 저리많이다냐;;
[2021-12-10 22:56:48] <뚱이일겁니다 (sadmay_)> 누나커엽;;
[2021-12-10 22:57:02] <mikuchang> ㅋㅋㅋㅋㅋㅋㅋㅋㅋㅋㅋㅋㅋㅋ
[2021-12-10 22:57:04] <mikuchang> 야랄ㄹ ㅋㅋㅋ
[2021-12-10 22:57:06] <cannonthief9999> ㅋㅋㅋㅋㅋㅋ
[2021-12-10 22:57:06] <집에있지만집가고싶다 (joon528)> 선생님 보조보조룬 주문력 2개 말고 한개는 쿨감 어떻게 생각하세요
[2021-12-10 22:57:10] <트수사학사 (sadstart)> 아이고 ㅋㅋㅋㅋ
[2021-12-10 22:57:23] <%티르나 (tonsia)> ㅋㅋㅋㅋㅋㅋ
[2021-12-10 22:57:32] <onichan_pollypuff> hello
[2021-12-10 22:57:57] <%티르나 (tonsia)> 달려@!!
[2021-12-10 22:58:04] <%티르나 (tonsia)> 변이 타이밍 나이스
[2021-12-10 22:58:04] <mikuchang> 워
[2021-12-10 22:58:06] <mikuchang> 오
[2021-12-10 22:58:10] <집에있지만집가고싶다 (joon528)> cc는 좋네
[2021-12-10 22:58:18] <%티르나 (tonsia)> 나이스
[2021-12-10 22:58:20] <mikuchang> 와
[2021-12-10 22:58:22] <%티르나 (tonsia)> 잘 빨았다
[2021-12-10 22:58:26] <mikuchang> ㅋㅋㅋㅋㅋㅋㅋㅋㅋㅋㅋㅋ
[2021-12-10 22:58:30] <qkrtkdrj> ㅋㅋ
[2021-12-10 22:58:30] <cannonthief9999> ㅋㅋㅋㅋㅋㅋ 자기가 조심못함 ㅋㅋ
[2021-12-10 22:58:33] <qkrtkdrj> 조심해야할건 나였고
[2021-12-10 22:58:33] <%티르나 (tonsia)> 아냐 이득이야
[2021-12-10 22:58:43] <mikuchang> ㅋㅋㅋㅋㅋㅋㅋㅋㅋㅋㅋㅋㅋ
[2021-12-10 22:58:44] <뚱이일겁니다 (sadmay_)> 이거지
[2021-12-10 22:58:44] <카레향쿠키 (akkpang18)> ㅋㅋㅋㅋㅋㅋ
[2021-12-10 22:58:45] <집에있지만집가고싶다 (joon528)> 징스 나노무빙 ㄷㄷ
[2021-12-10 22:58:46] <mikuchang> 하하하하핳
[2021-12-10 22:58:47] <카레향쿠키 (akkpang18)> 뭔 소리야 ㅋㅋㅋㅋ
[2021-12-10 22:58:48] <%티르나 (tonsia)> ㄹㅇㅋㅋ
[2021-12-10 22:58:48] <건빵쥔놈 (lv1ax)> 쿠폰지밥
[2021-12-10 22:58:52] <황제제갈통 (nohs95)> ???
[2021-12-10 22:58:58] <k0alb> ㅋㅋㅋㅋㅋㅋㅋ
[2021-12-10 22:59:11] <cannonthief9999> 요네가 짱구네요
[2021-12-10 22:59:13] <%티르나 (tonsia)> 타워는 밀었으면 ㄷ됐다 ㅋㅋㅋ
[2021-12-10 22:59:25] <mikuchang> ㅋㅋㅋㅋㅋㅋㅋㅋㅋㅋㅋㅋㅋㅋㅋㅋㅋㅋㅋ
[2021-12-10 22:59:33] <%티르나 (tonsia)> ㅋㅋㅋㅋㅋㅋㅋ
[2021-12-10 22:59:39] <트수사학사 (sadstart)> ㅋㅋㅋㅋㅋㅋㅋㅋㅋ
[2021-12-10 22:59:39] <mikuchang> ㅋㅋㅋㅋ
[2021-12-10 22:59:45] <qkrtkdrj> 자신의 죽음에는 관대한
[2021-12-10 22:59:47] <qkrtkdrj> 듀오 ㅋㅋ
[2021-12-10 22:59:47] <%티르나 (tonsia)> 홍삼이래 ㅋㅋㅋㅋㅋ
[2021-12-10 22:59:49] <황제제갈통 (nohs95)> 홍삼파워
[2021-12-10 22:59:49] <cannonthief9999> 맞습니다~
[2021-12-10 22:59:57] <miklynx> kkkk
[2021-12-10 23:00:02] <밍선하코딱지탕후루 (dnacome)> 원딜이 구데기인걸 알았죠 ? 정글이
[2021-12-10 23:00:13] <황비홍2 (kkill270)> 잉맘 회초리 드셔야 합니다
[2021-12-10 23:00:20] <miklynx> hello
[2021-12-10 23:00:25] <cannonthief9999> 도구가 아니라 턱받침이네요
[2021-12-10 23:00:44] <bandi0801> 아니 미드킹이신데 왜 서폿을?
[2021-12-10 23:01:20] <카레향쿠키 (akkpang18)> 아 ㄲㅂ
[2021-12-10 23:01:22] <%티르나 (tonsia)> 조오오올ㄹ라까비
[2021-12-10 23:01:23] <dkaps215> 진짜 요네는 혼모노다
[2021-12-10 23:01:23] <mikuchang> ㅋㅋㅋㅋㅋㅋㅋㅋ
[2021-12-10 23:01:28] <mikuchang> ㅋㅋㅋㅋㅋㅋㅋㅋㅋㅋㅋㅋㅋㅋㅋ
[2021-12-10 23:01:29] <카레향쿠키 (akkpang18)> 보이면 그냥 들어오네
[2021-12-10 23:01:29] <%티르나 (tonsia)> ㅋㅋㅋㅋㅋ
[2021-12-10 23:01:31] <집에있지만집가고싶다 (joon528)> w평 컷
[2021-12-10 23:01:32] <집에있지만집가고싶다 (joon528)> 말되나
[2021-12-10 23:01:36] <황제제갈통 (nohs95)> 나자나?
[2021-12-10 23:01:42] <%티르나 (tonsia)> 진짜 제라스도 있어서 미치네
[2021-12-10 23:01:42] <mikuchang> 터져뿌렷다
[2021-12-10 23:01:49] <cannonthief9999> 유미 클라쓰>_<
[2021-12-10 23:01:51] <%티르나 (tonsia)> 텔은 머선
[2021-12-10 23:02:07] <밍선하코딱지탕후루 (dnacome)> 원딜이 키운 정글인가요?
[2021-12-10 23:02:25] <muds80> 원딜이 밉다.
[2021-12-10 23:02:33] <%티르나 (tonsia)> 아쉽다
[2021-12-10 23:03:05] <%티르나 (tonsia)> 저쪽이 합류 더 빨라서
[2021-12-10 23:03:06] <황제제갈통 (nohs95)> 한타때 요네궁 못본거같음 ㅋㅋ
[2021-12-10 23:03:08] <%티르나 (tonsia)> 힙들걸
[2021-12-10 23:03:25] <%티르나 (tonsia)> 진짜 딜 미친련인가봐..
[2021-12-10 23:03:33] <mikuchang> 와
[2021-12-10 23:03:33] <%티르나 (tonsia)> 오
[2021-12-10 23:03:35] <mikuchang> 딜뭐야
[2021-12-10 23:03:37] <mikuchang> 녹앗어 ㄷㄷ
[2021-12-10 23:03:44] <카레향쿠키 (akkpang18)> ㄴㅇㅅ
[2021-12-10 23:03:44] <%티르나 (tonsia)> 끝내자
[2021-12-10 23:03:47] <트수사학사 (sadstart)> 오 끝났다
[2021-12-10 23:03:47] <집에있지만집가고싶다 (joon528)> 끝났네
[2021-12-10 23:03:49] <카레향쿠키 (akkpang18)> 람머스 잘했다
[2021-12-10 23:03:53] <집에있지만집가고싶다 (joon528)> 오늘 다이아 가겠는데요?
[2021-12-10 23:04:00] <%티르나 (tonsia)> ㅇㅇ 징키 안죽은게 다행
[2021-12-10 23:04:05] <카레향쿠키 (akkpang18)> 탑은 신이야
[2021-12-10 23:04:10] <qkrtkdrj> 매일같이
[2021-12-10 23:04:10] <밍선하코딱지탕후루 (dnacome)> 욕만하다 이기네요
[2021-12-10 23:04:14] <qkrtkdrj> 버스엔딩
[2021-12-10 23:04:14] <mikuchang> 오
[2021-12-10 23:04:15] <집에있지만집가고싶다 (joon528)> sorammSup
[2021-12-10 23:04:18] <%전준우 (lotteno8)> 오 2연승
[2021-12-10 23:04:18] <mikuchang> ㅋㅋㅋㅋㅋㅋㅋㅋㅋㅋㅋㅋ
[2021-12-10 23:04:25] <건빵쥔놈 (lv1ax)> 욕을해서 이긴겁니다
[2021-12-10 23:04:28] <mikuchang> 욕만하다 ㅋㅋㅋ
[2021-12-10 23:04:30] <트수사학사 (sadstart)> ㅋㅋㅋㅋㅋㅋㅋ
[2021-12-10 23:04:30] <%티르나 (tonsia)> ㅋㅋㅋㅋㅋㅋ
[2021-12-10 23:04:48] <sb727643> 13점은 맛이갔는데요 선생님?
[2021-12-10 23:04:49] <mikuchang> ㅋㅋㅋㅋㅋㅋㅋㅋㅋㅋㅋㅋㅋㅋㅋㅋㅋ
[2021-12-10 23:04:54] <%티르나 (tonsia)> ㅋㅋㅋㅋ 케인한테만 타있던놈이
[2021-12-10 23:04:54] <mikuchang> 싸움으로 마무리
[2021-12-10 23:04:55] <mikuchang> 훈훈하다
[2021-12-10 23:05:09] <황제제갈통 (nohs95)> 유미가... 말대꾸?
[2021-12-10 23:05:14] <mikuchang> ㅋㅋㅋㅋㅋㅋㅋㅋㅋㅋㅋㅋㅋㅋㅋㅋㅋㅋㅋㅋㅋㅋ
[2021-12-10 23:05:15] <%티르나 (tonsia)> ㅋㅋㅋㅋㅋㅋㅋ
[2021-12-10 23:05:18] <에보니_ (btypeebony)> "ㅋ"
[2021-12-10 23:05:21] <카레향쿠키 (akkpang18)> ㅋㅋㅋㅋㅋㅋㅋ
[2021-12-10 23:05:21] <파나락2 (mime887)> 서폿이 말대꾸?
[2021-12-10 23:05:21] <지니미이 (oyoy7738)> zzzzzzzzzzz
[2021-12-10 23:05:34] <우잉엥에 (dohn19)> 업보 ㅋㅋ
[2021-12-10 23:05:34] <%티르나 (tonsia)> 진짜 유미 보여주자
[2021-12-10 23:05:35] <카레향쿠키 (akkpang18)> ㅋㅋㅋㅋㅋㅋ
[2021-12-10 23:05:43] <키위쥬스ㅋ (kiwi_1014)> 보여줘
[2021-12-10 23:05:48] <카레향쿠키 (akkpang18)> 진짜 도구 보여줘
[2021-12-10 23:05:48] <집에있지만집가고싶다 (joon528)> 잉레쉬 쿠리스타 ㄱㄱ
[2021-12-10 23:05:49] <mikuchang> ㅋㅋㅋㅋㅋㅋㅋㅋㅋㅋㅋㅋㅋ
[2021-12-10 23:05:50] <%티르나 (tonsia)> ㄲㅂ
[2021-12-10 23:06:04] <qkrtkdrj> 그거하라고있는건데
[2021-12-10 23:06:06] <설렁탕수육 (alxnal123)> 유미 극찬 중
[2021-12-10 23:06:13] <100연차폭사 (9thse)> 케인을 결정한 것 자체가 잘한겁니다
[2021-12-10 23:06:14] <%티르나 (tonsia)> 고양이혐오를 멈춰주세요
[2021-12-10 23:06:22] <키위쥬스ㅋ (kiwi_1014)> 유미초상화 ㄱㄱ
[2021-12-10 23:06:24] <mikuchang> ㅋㅋㅋㅋㅋㅋㅋㅋㅋ
[2021-12-10 23:06:35] <%티르나 (tonsia)> ㅋㅋㅋㅋㅋㅋㅋ
[2021-12-10 23:06:38] <집에있지만집가고싶다 (joon528)> "판단력"
[2021-12-10 23:06:54] <100연차폭사 (9thse)> 기사여도 유미 활용법 모르는 기사 타면 ㅈ됩니다
[2021-12-10 23:06:57] <%트위치백수가되고싶다 (elinhise)> 이모 항상 놓치는거 같던데?
[2021-12-10 23:06:58] <mikuchang> ㅋㅋㅋㅋㅋㅋㅋㅋㅋㅋ파멸
[2021-12-10 23:06:59] <트수사학사 (sadstart)> ㅋㅋㅋㅋㅋㅋㅋㅋㅋ
[2021-12-10 23:07:08] <%티르나 (tonsia)> ㅋㅋㅋㅋㅋ
[2021-12-10 23:07:21] <%티르나 (tonsia)> 이럼 또 룰루네
[2021-12-10 23:07:36] <아안룡 (mbwlstjrdm)> !업타임
[2021-12-10 23:07:36] <@^Nightbot> 방송시간: 3 hours 6 minutes 32 seconds
[2021-12-10 23:07:57] <100연차폭사 (9thse)> 숟가락 척살 전문가 두명 등판
[2021-12-10 23:08:07] <%티르나 (tonsia)> ㅋㅋㅋㅋ
[2021-12-10 23:08:10] <cannonthief9999> 징크스 좋아죽겠네요
[2021-12-10 23:08:12] <mikuchang> ㅋㅋㅋㅋㅋㅋㅋㅋㅋㅋㅋ
[2021-12-10 23:08:19] <하양바이브 (white_vibe_)> ?
[2021-12-10 23:08:24] <하양바이브 (white_vibe_)> 우리가 무슨 억까를 해
[2021-12-10 23:08:27] <%티르나 (tonsia)> 여기 트수들 착하긴해
[2021-12-10 23:08:28] <집에있지만집가고싶다 (joon528)> 블라디 erq에 바텀두오 터지는 미래가 그려지는데요?
[2021-12-10 23:08:30] <우잉엥에 (dohn19)> ㅋㅋㅋㅋㅋㅋ
[2021-12-10 23:08:32] <cannonthief9999> 내가 착하긴해
[2021-12-10 23:08:36] <%단강 (goodwigs)> 도구는 컷이 낮아...
[2021-12-10 23:08:38] <%단강 (goodwigs)> 기대를 안하거든
[2021-12-10 23:08:39] <whehdrb702> 쿠하는 까는 맛이 좋아
[2021-12-10 23:08:42] <하양바이브 (white_vibe_)> 우린 그러려니 하지
[2021-12-10 23:08:50] <100연차폭사 (9thse)> 여기는 미니언을 안먹어도 되니까 안깐다고 전해주십시오
[2021-12-10 23:09:06] <%티르나 (tonsia)> ㅋㅋㅋㅋㅋ
[2021-12-10 23:09:09] <하양바이브 (white_vibe_)> ㅋㅋㅋㅋㅋ
[2021-12-10 23:09:10] <$tatutatu16> sorammG
[2021-12-10 23:09:11] <cannonthief9999> ㅋㅋㅋㅋㅋ
[2021-12-10 23:09:12] <mikuchang> ㅋㅋㅋㅋㅋㅋㅋㅋㅋ
[2021-12-10 23:09:13] <트수사학사 (sadstart)> 까는만큼 좋은 반발력 ㄹㅇ
[2021-12-10 23:09:15] <%전준우 (lotteno8)> ㅋㅋㅋㅋ디지몬ㅋㅋ
[2021-12-10 23:09:17] <하양바이브 (white_vibe_)> 그저 돈통으로만 봐서 저방은
[2021-12-10 23:09:22] <%티르나 (tonsia)> 트평ㅋ ㅋㅋㅋㅋ
[2021-12-10 23:16:58] <카레향쿠키 (akkpang18)> ㅋㅋㅋㅋㅋㅋㅋㅋㅋ
[2021-12-10 23:16:58] <mikuchang> ㅋㅋㅋㅋㅋㅋㅋㅋㅋㅋㅋ
[2021-12-10 23:17:01] <%트위치백수가되고싶다 (elinhise)> 딱히 잘하는 사람 말을 들을거 같진 않은데;
[2021-12-10 23:17:06] <하양바이브 (white_vibe_)> ㅋㅋㅋ
[2021-12-10 23:17:06] <%티르나 (tonsia)> ㅋㅋㅋㅋㅋ
[2021-12-10 23:17:09] <100연차폭사 (9thse)> 짤랑짤랑~
[2021-12-10 23:17:16] <카레향쿠키 (akkpang18)> 우린 깐..부..아니고 돈통이잖아 ㅠㅠ
[2021-12-10 23:17:23] <하양바이브 (white_vibe_)> ??? : 꽤 짤랑거리네
