# Log started: 2021-12-10 19:36:25 +0900
[2021-12-10 19:36:25] #spooony99 채널 입장 중입니다
[2021-12-10 19:36:26] #spooony99 채널에 입장했습니다
[2021-12-10 19:36:26] ~간장공장공장장은강공장장이고, 된장공장공장장은공공장장이다. (Just Chatting)~
[2021-12-10 19:36:27] <%컴터 (sminech1004)> 뱃살은 키운건 방장인데요;
[2021-12-10 19:36:28] <%발향기취해버린킁카좌조커 (joker11316)> 뱃살은 님이 만들었는데요
[2021-12-10 19:36:28] <신끼_ (handicappedfool)> 먹은건 선생님인데요
[2021-12-10 19:36:30] <%곰곰22 (bb22)> 오빠들의 의리 믿어라
[2021-12-10 19:36:40] <%여물이_ (sayjin6209)> 불닭3개씩 먹은건 말이 되고?
[2021-12-10 19:37:01] <엄청개고수 (highwater1350)> ㅋㅋㅋㅋ
[2021-12-10 19:37:07] <%컴터 (sminech1004)> 큰컵 하나먹고 마는데
[2021-12-10 19:37:10] <엄청개고수 (highwater1350)> 한번에..컵라면 3개 먹는건...말이 되고?
[2021-12-10 19:37:15] <%여물이_ (sayjin6209)> 네 보통 작은거 세개를 먹진 않습니다
[2021-12-10 19:37:21] <당신의아랫뱃살 (stimscv)> 드가자ㅏ
[2021-12-10 19:38:15] <엄청개고수 (highwater1350)> 저분 누구심...?
[2021-12-10 19:38:18] <%우한경겨탐나헤으응 (kylee24)> 콩이도 저런머리하면 귀여울듯
[2021-12-10 19:38:20] <movie0_0> 콩하
[2021-12-10 19:38:28] <movie0_0> !출첵
[2021-12-10 19:38:28] <@^빵_떡 (bbangddeock)> movie0_0 --> [2021-12-10] 이 채널의 6 번째 출석체크입니다. bbangd1Love  [2연속]
[2021-12-10 19:38:30] <%우한경겨탐나헤으응 (kylee24)> 핑크판타지 희선님요
[2021-12-10 19:38:35] <%곰곰22 (bb22)> 작은 컵라면 3개면 일반 불닭2개 먹는셈이야
[2021-12-10 19:38:40] <%우한경겨탐나헤으응 (kylee24)> 응
[2021-12-10 19:39:06] <%곰곰22 (bb22)> 너 룰렛 조작했지?
[2021-12-10 19:39:19] <%곰곰22 (bb22)> 대박인데?
[2021-12-10 19:39:20] <%컴터 (sminech1004)> ㅅㅅ
[2021-12-10 19:39:22] <%곰곰22 (bb22)> 뱃캠이다.
[2021-12-10 19:40:21] <당신의아랫뱃살 (stimscv)> 계속간다리~
[2021-12-10 19:40:51] <%영어띠기 (dirjrjjd)> 아 그거 덜먹어서 그러네
[2021-12-10 19:40:54] <%영어띠기 (dirjrjjd)> 많이먹으면 머리 자랄듯
[2021-12-10 19:41:09] <%곰곰22 (bb22)> 짱갈래
[2021-12-10 19:41:46] <%컴터 (sminech1004)> ㅋㅋㅋㅋㅋㅋㅋ
[2021-12-10 19:41:48] <%컴터 (sminech1004)> 머리에 길생겼어요!
[2021-12-10 19:41:54] <몽현_ (tlgus1004)> 안테나 굿굿
[2021-12-10 19:42:22] <%곰곰22 (bb22)> 고딩조카가 초딩 코스프레하면서 말 안듣는 조카같네;
[2021-12-10 19:42:48] <@^빵_떡 (bbangddeock)> 1. 닉언 금지2. 타스언급 금지3. 흐름 끊는 강요금지
[2021-12-10 19:42:48] <@^빵_떡 (bbangddeock)> 트윕> https://bit.ly/3AQyZo1 투네>https://url.kr/bj978f  스티키밤> https://bit.ly/3DYZXvV PAYPAL>https://streamlabs.com/spooony99
[2021-12-10 19:42:52] <smilk0214> !sl
[2021-12-10 19:42:52] <@^빵_떡 (bbangddeock)> 음악 리스트 : https://bbang.unripesoft.com/song.php?streamer=spooony99
[2021-12-10 19:43:11] <%곰곰22 (bb22)> 이거 조회수 쩌는건데
[2021-12-10 19:43:28] <훈토리 (hoontory)> 이거 뭐 구슬로 하는그거가튼데
[2021-12-10 19:43:29] <smilk0214> 1.9억뷰였나
[2021-12-10 19:43:33] <%컴터 (sminech1004)> ㅗ
[2021-12-10 19:43:36] <훈토리 (hoontory)> ㅗ
[2021-12-10 19:44:01] <%곰곰22 (bb22)> 이 형이 능력자야;
[2021-12-10 19:44:14] <%컴터 (sminech1004)> 방장은 뱃살로 연주 쌉가능인데
[2021-12-10 19:44:16] <바지먹는푸 (whgusdh159)> 오;;
[2021-12-10 19:44:21] <smilk0214> 근대 이 제작자분 최근에 설계상의 큰 미스를 발견했다고 해서
[2021-12-10 19:44:26] <%곰곰22 (bb22)> 확실한 건 이것보다 높은 건 안나오더라 저 형유튜브;
[2021-12-10 19:44:30] <smilk0214> 만들던거 대충 마무리 하고 다시 만든다던데
[2021-12-10 19:44:37] <%우한경겨탐나헤으응 (kylee24)> !sr Leo Rojas - El Condor Pasa
[2021-12-10 19:44:39] <@^빵_떡 (bbangddeock)> [음악] @우한경겨탐나헤으응 Leo Rojas - El Condor Pasa (Videoclip) 이(가) 6번째로 등록되었습니다.
[2021-12-10 19:44:44] <smilk0214> 기능보다 미를 우선했어서
[2021-12-10 19:44:50] <smilk0214> 이번에는 기능을 더 우선하겠다고
[2021-12-10 19:45:10] <%우한경겨탐나헤으응 (kylee24)> !sr Lily Allen | Not Fair
[2021-12-10 19:45:10] <%컴터 (sminech1004)> ㅗㅜㅑㅗㅜㅑ
[2021-12-10 19:45:11] <@^빵_떡 (bbangddeock)> [음악] @우한경겨탐나헤으응 Lily Allen | Not Fair (Official Video) 이(가) 7번째로 등록되었습니다.
[2021-12-10 19:45:16] <%곰곰22 (bb22)> 뱃캠이라니
[2021-12-10 19:45:23] <당신의아랫뱃살 (stimscv)> 달다달아
[2021-12-10 19:45:28] <바지먹는푸 (whgusdh159)> 귀엽네
[2021-12-10 19:45:46] <류로얄뉴로얄 (gls1311)> 뱃하
[2021-12-10 19:45:47] <%곰곰22 (bb22)> 아...나쁜손
[2021-12-10 19:45:59] <혼요기 (qqwwe3e3)> 양갈래 머리 지린다
[2021-12-10 19:46:02] <%컴터 (sminech1004)> ㅋㅋㅋㅋㅋㅋㅋㅋㅋㅋㅋ
[2021-12-10 19:46:04] <%곰곰22 (bb22)> 눈이 어디가야할지 모르겠다;
[2021-12-10 19:46:10] <훈토리 (hoontory)> 2일전보다 더 ...
[2021-12-10 19:46:12] <훈토리 (hoontory)> 뭐랄까...
[2021-12-10 19:46:15] <류로얄뉴로얄 (gls1311)> 치욕그자체 ㅋㅋㅋㅋㅋ
[2021-12-10 19:46:16] <%여물이_ (sayjin6209)> 와 이걸 55인치 크기로 보니까
[2021-12-10 19:46:23] <바지먹는푸 (whgusdh159)> ㅋㅋㅋㄱㅋㅋㄱㅋ
[2021-12-10 19:46:23] <%여물이_ (sayjin6209)> 배가 머리만하다!!!
[2021-12-10 19:46:30] <훈토리 (hoontory)> 배가 머리만하대 ㅋㅋㅋㅋㅋㅋㅋㅋㅋㅋ
[2021-12-10 19:46:33] <%발향기취해버린킁카좌조커 (joker11316)> ㅋㅋㅋㅋ
[2021-12-10 19:46:39] <훈토리 (hoontory)> 짜증난다면서 웃고잇네
[2021-12-10 19:46:40] <바지먹는푸 (whgusdh159)> 말만 들어도 수치
[2021-12-10 19:46:43] <훈토리 (hoontory)> 사실은 즐기는걸지도?
[2021-12-10 19:46:48] <smilk0214> !sr https://youtu.be/m1F7Vl2szd4
[2021-12-10 19:46:48] <%컴터 (sminech1004)> ㄹㅇㅋㅋ
[2021-12-10 19:46:49] <@^빵_떡 (bbangddeock)> [음악] @smilk0214 Wintergatan - Proof of Concept (Music Only) 이(가) 8번째로 등록되었습니다.
[2021-12-10 19:46:53] <%여물이_ (sayjin6209)> 이거 8K까지 되는거아
[2021-12-10 19:47:00] <훈토리 (hoontory)> 배를 보여주는 나 싫지 않을지도?
[2021-12-10 19:47:06] <%컴터 (sminech1004)> 씨앗도 크겠다...부럽..
[2021-12-10 19:47:09] <%여물이_ (sayjin6209)> 배에 때도 보일수있어요 조심해주세요
[2021-12-10 19:47:10] <%영어띠기 (dirjrjjd)> 근데 아이패드캠 저 줄간거는 안없어짐?
[2021-12-10 19:47:34] <%곰곰22 (bb22)> 그거
[2021-12-10 19:47:39] <%곰곰22 (bb22)> 설정들어가서 카메라 들어가서
[2021-12-10 19:47:43] <%곰곰22 (bb22)> 그리드 옵션 꺼
[2021-12-10 19:47:52] <%영어띠기 (dirjrjjd)> !sl
[2021-12-10 19:47:52] <@^빵_떡 (bbangddeock)> 음악 리스트 : https://bbang.unripesoft.com/song.php?streamer=spooony99
[2021-12-10 19:47:54] <%곰곰22 (bb22)> 오
[2021-12-10 19:48:00] <%컴터 (sminech1004)> 깔끔
[2021-12-10 19:48:00] <%곰곰22 (bb22)> 스맛했다.
[2021-12-10 19:48:01] <%영어띠기 (dirjrjjd)> 편안
[2021-12-10 19:48:08] <%곰곰22 (bb22)> 멋진데?
[2021-12-10 19:48:12] <훈토리 (hoontory)> 아뇨 10분이요
[2021-12-10 19:48:17] <%컴터 (sminech1004)> ㅋㅋㅋㅋㅋㅋㅋㅋㅋ
[2021-12-10 19:48:22] <훈토리 (hoontory)> ㄲㅂ
[2021-12-10 19:48:25] <%컴터 (sminech1004)> 뱃살을 위해 발전하는 모습 보기 좋아여^^7
[2021-12-10 19:48:29] <당신의아랫뱃살 (stimscv)> ㄲㅂ~
[2021-12-10 19:48:33] <바지먹는푸 (whgusdh159)> 챱챱 대기중
[2021-12-10 19:48:43] <훈토리 (hoontory)> 영도치우고 뱃살 보여조라!
[2021-12-10 19:48:50] <%영어띠기 (dirjrjjd)> 야쓰?
[2021-12-10 19:48:51] <시그넷 (walker1541)> 오늘도 뱃살 화이팅!
[2021-12-10 19:48:52] <당신의아랫뱃살 (stimscv)> ?
[2021-12-10 19:48:52] <@^빵_떡 (bbangddeock)> bbangd1Un
[2021-12-10 19:48:57] <%컴터 (sminech1004)> 뱃캠 가리잖아 방장 머해
[2021-12-10 19:49:09] <바지먹는푸 (whgusdh159)> 저게 뭔노래야 ㅋㅋㅋㅋ
[2021-12-10 19:49:20] <시그넷 (walker1541)> 브금 뭐임
[2021-12-10 19:49:30] <시그넷 (walker1541)> 뱃살같이 이상하넹
[2021-12-10 19:49:39] <시그넷 (walker1541)> 점심나갈거 같은 브금
[2021-12-10 19:50:19] <시그넷 (walker1541)> 와...
[2021-12-10 19:50:22] <시그넷 (walker1541)> 실화냐
[2021-12-10 19:50:24] <훈토리 (hoontory)> 나날이 발전하는 뱃살 보기 좋습니다
[2021-12-10 19:50:29] <시그넷 (walker1541)> 두눈을 의심하게되네
[2021-12-10 19:50:30] <훈토리 (hoontory)> 좋읍니다 ~
[2021-12-10 19:50:35] <훈토리 (hoontory)> 힘 빼~
[2021-12-10 19:50:47] <smilk0214> !sr https://youtu.be/mFfe4ZRQOH8
[2021-12-10 19:50:48] <@^빵_떡 (bbangddeock)> [음악] @smilk0214 Music Box \u0026 Modulin - 2 new music instruments (\"All Was Well\" by Wintergatan) 이(가) 7번째로 등록되었습니다.
[2021-12-10 19:50:53] <시그넷 (walker1541)> 왜 가리죠?
[2021-12-10 19:51:08] <당신의아랫뱃살 (stimscv)> 힘주면맛없지~
[2021-12-10 19:51:11] <시그넷 (walker1541)> 부끄럽나요? 당당해지세요
[2021-12-10 19:51:13] <%컴터 (sminech1004)> ㅋㅋㅋㅋㅋㅋㅋㅋㅋㅋㅋ
[2021-12-10 19:51:22] <바지먹는푸 (whgusdh159)> 개좋아
[2021-12-10 19:51:23] <시그넷 (walker1541)> 그동안 먹은 증거인데
[2021-12-10 19:51:25] <훈토리 (hoontory)> ㅋㅋㅋㅋㅋㅋ
[2021-12-10 19:51:28] <훈토리 (hoontory)> 눈사람같앸ㅋ
[2021-12-10 19:51:33] <시그넷 (walker1541)> 자부심을 가져도 될 배임
[2021-12-10 19:51:37] <%여물이_ (sayjin6209)> 진짜 55인치로 보면 진짜 얼굴만함
[2021-12-10 19:51:38] <%여물이_ (sayjin6209)> 우와
[2021-12-10 19:51:39] <바지먹는푸 (whgusdh159)> ㅋㅋㅋㅋㅋㄱ
[2021-12-10 19:51:44] <smilk0214> 하지만 거절하기엔 너무 많은 돈이였다
[2021-12-10 19:51:45] <바지먹는푸 (whgusdh159)> 챱챱
[2021-12-10 19:51:47] <%곰곰22 (bb22)> 진짜 물개 소리나;;;
[2021-12-10 19:51:51] <%여물이_ (sayjin6209)> 대형 뽈롱빔이다!!
[2021-12-10 19:51:52] <%곰곰22 (bb22)> 물개 배박수;
[2021-12-10 19:51:52] <시그넷 (walker1541)> 뱃살을 컨텐츠로 만들다니
[2021-12-10 19:51:57] <시그넷 (walker1541)> 재능충이다
[2021-12-10 19:51:58] <훈토리 (hoontory)> 화살표가 옆으로 늘어졌다
[2021-12-10 19:52:02] <%곰곰22 (bb22)> 타다다다다다닫닥
[2021-12-10 19:52:03] <당신의아랫뱃살 (stimscv)> 오늘평소보다없는디?
[2021-12-10 19:52:10] <훈토리 (hoontory)> ㅋㅋㅋㅋㅋㅋㅋㅋㅋㅋㅋㅋㅋㅋㅋㅋ
[2021-12-10 19:52:10] <%여물이_ (sayjin6209)> ㅋㅋㅋㅋㅋㅋㅋㅋㅋㅋㅋㅋㅋㅋㅋㅋㅋㅋㅋㅋㅋㅋ
[2021-12-10 19:52:13] <%컴터 (sminech1004)> ㅋㅋㅋㅋㅋㅋㅋㅋㅋ
[2021-12-10 19:52:14] <시그넷 (walker1541)> 와 재능 치트키 보소
[2021-12-10 19:52:22] <我不知道這個字怎麼唸 (whyadsotroll0519)> 술 취한?
[2021-12-10 19:52:40] <훈토리 (hoontory)> ㅃㄹ
[2021-12-10 19:52:44] <훈토리 (hoontory)> ㅂ~
[2021-12-10 19:52:54] <%컴터 (sminech1004)> ㅋㅋㅋㅋㅋㅋㅋㅋㅋㅋㅋㅋ
[2021-12-10 19:52:55] <시그넷 (walker1541)> 선생님 트위치 생태계에 이런 치트키 들고 오시면 어떻게합니까
[2021-12-10 19:53:05] <시그넷 (walker1541)> 너무하시네
[2021-12-10 19:53:13] <시그넷 (walker1541)> 재능보소...
[2021-12-10 19:53:18] <%컴터 (sminech1004)> 3분 ㅈㄴ 짧네
[2021-12-10 19:53:34] <%곰곰22 (bb22)> 귀하다 귀해
[2021-12-10 19:53:36] <시그넷 (walker1541)> 여캠방에서 볼수없는 재능충
[2021-12-10 19:53:39] <마키시마 (hjm0708)> 그래도 아직 힘주면 괜찮을지도
[2021-12-10 19:53:44] <시그넷 (walker1541)> !클립
[2021-12-10 19:53:45] <@^빵_떡 (bbangddeock)> [클립생성] 클립 생성이 진행중입니다. 클립 생성에 약 5초 정도 소요됩니다.
[2021-12-10 19:53:50] <%여물이_ (sayjin6209)> 아니 진짜 배가 진짜
[2021-12-10 19:53:50] <@^빵_떡 (bbangddeock)> [클립생성] @시그넷 클립이 생성되었습니니다. 클립 주소 : https://clips.twitch.tv/RenownedHappyCoffeeBatChest-dTB7_PyRb-D_jDG2
[2021-12-10 19:53:52] <%컴터 (sminech1004)> ㅋㅋㅋㅋㅋㅋㅋㅋㅋㅋ
[2021-12-10 19:53:53] <%여물이_ (sayjin6209)> 이쁜배야
[2021-12-10 19:53:58] <我不知道這個字怎麼唸 (whyadsotroll0519)> ㅋㅋㅋㅋㅋㅋㅋㅋㅋㅋ
[2021-12-10 19:54:00] <%여물이_ (sayjin6209)> 그 식빵 윗부분 같아요
[2021-12-10 19:54:07] <바지먹는푸 (whgusdh159)> 갓 구운 식빵
[2021-12-10 19:54:13] <%여물이_ (sayjin6209)> 갓 구운 식빵
[2021-12-10 19:54:14] <시그넷 (walker1541)> 배가 남자인 나랑 비슷하네...
[2021-12-10 19:54:29] <바지먹는푸 (whgusdh159)> 3분 너무 빠르다
[2021-12-10 19:54:29] <asdf40000> 이쁜배야 ㅇㅈㄹ ㅋㅋㅋㅋㅋㅋㅋ
[2021-12-10 19:54:36] <훈토리 (hoontory)> ㅋㅋㅋㅋㅋㅋㅋㅋㅋㅋㅋㅋㅋㅋㅋㅋㅋㅋㅋㅋ
[2021-12-10 19:54:38] <%컴터 (sminech1004)> ㅋㅋㅋㅋㅋㅋㅋㅋㅋㅋㅋㅋㅋㅋㅋㅋㅋㅋㅋㅋㅋ
[2021-12-10 19:54:44] <시그넷 (walker1541)> 여자는 마르는거 아닌데
[2021-12-10 19:54:45] <바지먹는푸 (whgusdh159)> 이쁜배야 배부심을 가져
[2021-12-10 19:54:48] <%곰곰22 (bb22)> 난 뱃살있는게 좋아
[2021-12-10 19:54:49] <시그넷 (walker1541)> 여캠중에선 처음봄
[2021-12-10 19:55:04] <시그넷 (walker1541)> 눈에서 광기 빼시구여
[2021-12-10 19:55:12] <훈토리 (hoontory)> 쳐져있어요?
[2021-12-10 19:55:14] <훈토리 (hoontory)> ㅋㅋㅋㅋㅋㅋㅋㅋㅋㅋㅋㅋㅋㅋㅋㅋㅋㅋㅋㅋㅋ
[2021-12-10 19:55:16] <%죄송바람 (listenwell)> 좀 처진 나
[2021-12-10 19:55:17] <%컴터 (sminech1004)> ㅇㅃㅈㅇ!
[2021-12-10 19:55:18] <바지먹는푸 (whgusdh159)> ㅋㅋㅋㄱㄱㅋㅋㅋㅋㅋㄱ
[2021-12-10 19:55:28] <훈토리 (hoontory)> 예뻐..?
[2021-12-10 19:55:35] <훈토리 (hoontory)> 표정이 안예뻨ㅋㅋㅋㅋㅋ
[2021-12-10 19:55:38] <%컴터 (sminech1004)> 개웃곀ㅋㅋㅋㅋㅋㅋ
[2021-12-10 19:55:53] <시그넷 (walker1541)> 결론은 지갑 열어
[2021-12-10 19:56:06] <류로얄뉴로얄 (gls1311)> 여캠말고 뱃캠하자
[2021-12-10 19:56:11] <노영진샤코제자 (shacostudent)> 이쁘니까 사귈래요?
[2021-12-10 19:56:13] <훈토리 (hoontory)> ㅏㅖ
[2021-12-10 19:56:18] <%죄송바람 (listenwell)> 마 다해써 인마
[2021-12-10 19:56:21] <양재12 (halsb12)> 배캠도있지
[2021-12-10 19:56:21] <%컴터 (sminech1004)> 기래요
[2021-12-10 19:56:22] <%여물이_ (sayjin6209)> 배도 있고!!
[2021-12-10 19:56:26] <%여물이_ (sayjin6209)> 예쁜거 맞아요
[2021-12-10 19:56:27] <시그넷 (walker1541)> 있을건 다 있는데
[2021-12-10 19:56:29] <%여물이_ (sayjin6209)> 이쁜데 맞는데
[2021-12-10 19:56:30] <시그넷 (walker1541)> 없어야할게
[2021-12-10 19:56:32] <%여물이_ (sayjin6209)> 배가 더이쁘
[2021-12-10 19:56:32] <%곰곰22 (bb22)> 맞아
[2021-12-10 19:56:34] <시그넷 (walker1541)> 있네요
[2021-12-10 19:56:42] <%컴터 (sminech1004)> ㅇㅁㄴㄴ~
[2021-12-10 19:56:51] <훈토리 (hoontory)> 화났녜~
[2021-12-10 19:56:51] <시그넷 (walker1541)> ㅋㅋㅋㅋㅋ
[2021-12-10 19:56:51] <%컴터 (sminech1004)> ㅎㄴㄴ~
[2021-12-10 19:56:54] <훈토리 (hoontory)> 진지하게 받지마~
[2021-12-10 19:56:55] <시그넷 (walker1541)> LUL LUL LUL LUL LUL
[2021-12-10 19:57:05] <바지먹는푸 (whgusdh159)> ㅋㅋㅋㅋㅋㄱㅋㅋㄱ
[2021-12-10 19:57:08] <훈토리 (hoontory)> ㅗㅗㅗㅗ
[2021-12-10 19:57:16] <%곰곰22 (bb22)> 아...
[2021-12-10 19:57:19] <+에메랄드그린 (kwangyoung006)> ㅋㅋㅋㅋ
[2021-12-10 19:57:20] <시그넷 (walker1541)> ㅗㅜㅑ ㅋㅋㅋㅋ
[2021-12-10 19:57:30] <훈토리 (hoontory)> 2번째분은 가슴으ㅡㄴ 왜케 만져싸...
[2021-12-10 19:57:30] <我不知道這個字怎麼唸 (whyadsotroll0519)> ㅋㅋㅋㅋ
[2021-12-10 19:57:30] <%우한경겨탐나헤으응 (kylee24)> 찹찹찹
[2021-12-10 19:57:33] <%컴터 (sminech1004)> ㅋㅋㅋㅋㅋㅋㅋㅋㅋㅋㅋㅋㅋㅋㅋㅋㅋㅋㅋㅋㅋㅋ
[2021-12-10 19:57:35] <바지먹는푸 (whgusdh159)> 챱챱
[2021-12-10 19:57:37] <훈토리 (hoontory)> 나날이 발전하네요 뱃살이 ㅋㅋㅋㅋ
[2021-12-10 19:57:45] <%컴터 (sminech1004)> 일주일때가 제일 기대되네여~
[2021-12-10 19:57:47] <%곰곰22 (bb22)> 4중첩 실화냐?
[2021-12-10 19:57:48] <@^빵_떡 (bbangddeock)> 어서오세요 아직 팔로우 안하셨다면 팔로우 부탁해요 °˖✧◝(⁰▿⁰)◜✧˖°
[2021-12-10 19:57:48] <@^빵_떡 (bbangddeock)> 저는 영어외에는 잘 몰라요ㅠㅠ 되도록 영어를 사용해 주세요.除了英语以外我什么都不懂ㅠㅠ 请尽量使用英语.Я почти ничего не знаю, кроме английского ㅠㅠ Пожалуйста, используйте английский как можно больше.
[2021-12-10 19:57:48] <바지먹는푸 (whgusdh159)> 스택 쌓인다
[2021-12-10 19:57:49] <시그넷 (walker1541)> 선생님 물구나무서서
[2021-12-10 19:57:54] <%여름에꿀벌이온다 (cho00260)> 뽈롱
[2021-12-10 19:57:59] <시그넷 (walker1541)> 가슴을 왜 자꾸 만지세여
[2021-12-10 19:58:13] <시그넷 (walker1541)> 노출 넘심 ㅠㅠ
[2021-12-10 19:58:18] <당신의아랫뱃살 (stimscv)> 늘기만..하네…?
[2021-12-10 19:58:24] <훈토리 (hoontory)> 아 ㄴ브라
[2021-12-10 19:58:34] <%컴터 (sminech1004)> 뱃살애기만 해주세요~
[2021-12-10 19:58:36] <시그넷 (walker1541)> 이해를 못했네
[2021-12-10 19:58:44] <시그넷 (walker1541)> 물구나무서서<-
[2021-12-10 19:58:48] <@^빵_떡 (bbangddeock)> 트윕> https://bit.ly/3AQyZo1 투네>https://url.kr/bj978f  스티키밤> https://bit.ly/3DYZXvV PAYPAL>https://streamlabs.com/spooony99
[2021-12-10 19:58:49] <%컴터 (sminech1004)> ㅗ
[2021-12-10 19:58:51] <훈토리 (hoontory)> ㅗ예민하네
[2021-12-10 19:58:53] <%여름에꿀벌이온다 (cho00260)> ㅋㅋㅋ
[2021-12-10 19:58:54] <%영어띠기 (dirjrjjd)> ㅋㅋㅋㅋㅋㅋㅋㅋ
[2021-12-10 19:58:59] <%곰곰22 (bb22)> 아까 양쪽에 뻐큐 어질어질했다;
[2021-12-10 19:59:03] <%컴터 (sminech1004)> nanajamGhk nanajamDPals
[2021-12-10 19:59:28] <%우한경겨탐나헤으응 (kylee24)> ㅋㅋㅋㅋㅋㅋ
[2021-12-10 19:59:29] <%컴터 (sminech1004)> 뱃살눈물~
[2021-12-10 19:59:34] <당신의아랫뱃살 (stimscv)> ㅋㅋㅋㅋㅋㅋㅋ
[2021-12-10 19:59:54] <%우한경겨탐나헤으응 (kylee24)> ㅔ
[2021-12-10 20:00:08] <%컴터 (sminech1004)> ㄱ?
[2021-12-10 20:00:11] <당신의아랫뱃살 (stimscv)> 넘어갈까무서움ㅁ
[2021-12-10 20:00:12] <%우한경겨탐나헤으응 (kylee24)> 18년전엔 물구나무서서 푸쉬업했었음
[2021-12-10 20:00:26] <%곰곰22 (bb22)> 다친다 그러다
[2021-12-10 20:00:38] <%여름에꿀벌이온다 (cho00260)> 저러다 넘어지는거 아닌가몰러
[2021-12-10 20:00:43] <훈토리 (hoontory)> ?>
[2021-12-10 20:00:43] <%컴터 (sminech1004)> ㅋㅋㅋㅋㅋㅋㅋㅋㅋㅋㅋㅋ
[2021-12-10 20:00:47] <바지먹는푸 (whgusdh159)> ㅋㅋㅋㅋㅋㅋ
[2021-12-10 20:00:48] <我不知道這個字怎麼唸 (whyadsotroll0519)> ㅋㅋㅋㅋㅋㅋㅋㅋㅋㅋㅋㅋ
[2021-12-10 20:00:49] <%컴터 (sminech1004)> 올라가지도 못해서 다칠일은 없겠네요~
[2021-12-10 20:00:56] <훈토리 (hoontory)> 머리를  문에 붙이니까 안되쥬?
[2021-12-10 20:00:59] <%여물이_ (sayjin6209)> 무게중심이 배에 있어서
[2021-12-10 20:00:59] <당신의아랫뱃살 (stimscv)> 무게가늘어ㅅ…
[2021-12-10 20:01:01] <smilk0214> 억지로 하지 말아요 목 다친다
[2021-12-10 20:01:03] <%여물이_ (sayjin6209)> 더 씨게 올라가
[2021-12-10 20:01:12] <%여물이_ (sayjin6209)> 그러다 다쳐요
[2021-12-10 20:01:13] <훈토리 (hoontory)> ㅋㅋㅋㅋ
[2021-12-10 20:01:24] <%컴터 (sminech1004)> 뱃살만 튼실함
[2021-12-10 20:01:26] <훈토리 (hoontory)> 네
[2021-12-10 20:01:27] <%여름에꿀벌이온다 (cho00260)> 네
[2021-12-10 20:01:28] <%컴터 (sminech1004)> ㅋㅋㅋㅋㅋㅋㅋㅋㅋㅋㅋㅋㅋㅋ
[2021-12-10 20:01:28] <훈토리 (hoontory)> 잘오셨습니다
[2021-12-10 20:01:29] <%여물이_ (sayjin6209)> ㅔ
[2021-12-10 20:01:30] <%컴터 (sminech1004)> ㅔ
[2021-12-10 20:01:35] <%여름에꿀벌이온다 (cho00260)> ㅋㅋㅋㅋㅋㅋㅋㅋㅋㅋㅋ
[2021-12-10 20:01:41] <%영어띠기 (dirjrjjd)> 아주 기름이 좔좔 흐릅니다
[2021-12-10 20:01:41] <%우한경겨탐나헤으응 (kylee24)> 뱃살빔
[2021-12-10 20:01:45] <%컴터 (sminech1004)> 야발
[2021-12-10 20:02:00] <%여름에꿀벌이온다 (cho00260)> 올
[2021-12-10 20:02:00] <%컴터 (sminech1004)> 이걸하네
[2021-12-10 20:02:02] <훈토리 (hoontory)> 아 마이크 치아라
[2021-12-10 20:02:04] <바지먹는푸 (whgusdh159)> 욜
[2021-12-10 20:02:09] <훈토리 (hoontory)> 마이크 치우고 다시하쇼
[2021-12-10 20:02:12] <%컴터 (sminech1004)> ㅋㅋㅋㅋㅋㅋㅋㅋㅋㅋㅋㅋ
[2021-12-10 20:02:15] <문뉸뉴 (sun031029)> 어떻게 내려가요 라니
[2021-12-10 20:02:17] <我不知道這個字怎麼唸 (whyadsotroll0519)> ㅋㅋㅋㅋㅋㅋㅋㅋㅋㅋㅋㅋ
[2021-12-10 20:02:21] <문뉸뉴 (sun031029)> 거서 채팅이 보이긴 합니까
[2021-12-10 20:02:38] <%컴터 (sminech1004)> 도전!
[2021-12-10 20:02:42] <jessng999> ㅋㅋㅋㅋㅋ
[2021-12-10 20:02:52] <%영어띠기 (dirjrjjd)> 그럼 핫클립각이죠
[2021-12-10 20:02:52] <훈토리 (hoontory)> 그럼 방송 레전드 찍는거지
[2021-12-10 20:03:01] <당신의아랫뱃살 (stimscv)> 그럼다시먹죠ㅋㅋ
[2021-12-10 20:03:01] <%여물이_ (sayjin6209)> 엉하!
[2021-12-10 20:03:05] <훈토리 (hoontory)> ㅋㅋㅋㅋㅋㅋㅋㅋㅋㅋㅋㅋㅋㅋㅋㅋㅋㅋㅋㅋㅋㅋㅋㅋㅋㅋ
[2021-12-10 20:03:06] <%여물이_ (sayjin6209)> ㅋㅋㅋㅋㅋㅋㅋ
[2021-12-10 20:03:09] <훈토리 (hoontory)> ㅋㅋㅋㅋㅋㅋㅋㅋㅋㅋㅋㅋㅋㅋㅋㅋㅋㅋㅋㅋㅋㅋㅋㅋㅋ
[2021-12-10 20:03:10] <%여물이_ (sayjin6209)> ㅋㅋㅋㅋㅋㅋㅋㅋㅋㅋㅋㅋㅋㅋㅋㅋㅋ
[2021-12-10 20:03:14] <%컴터 (sminech1004)> ㅋㅋㅋㅋㅋㅋㅋㅋㅋㅋㅋㅋㅋㅋ
[2021-12-10 20:03:14] <바지먹는푸 (whgusdh159)> ㅋㅋㅋㅋㅋㅋㅋㅋㅋㅋㄱ
[2021-12-10 20:03:17] <%영어띠기 (dirjrjjd)> ㅋㅋㅋㅋㅋㅋㅋㅋㅋㅋㅋㅋㅋㅋㅋㅋ
[2021-12-10 20:03:19] <바지먹는푸 (whgusdh159)> ㄹㅇ 혜자
[2021-12-10 20:03:19] <%여물이_ (sayjin6209)> 저러다 다칠라
[2021-12-10 20:03:26] <%여물이_ (sayjin6209)> 아 이거 ㅋㅋㅋㅋㅋㅋㅋㅋㅋㅋㅋ
[2021-12-10 20:03:37] <$하루하루과제지옥 (dbdhmwkhl)> ?
[2021-12-10 20:03:38] <@^빵_떡 (bbangddeock)> bbangd1Un
[2021-12-10 20:03:39] <훈토리 (hoontory)> 짜잔
[2021-12-10 20:03:41] <%컴터 (sminech1004)> 뿅
[2021-12-10 20:03:44] <문뉸뉴 (sun031029)> 왜저러는걸까요
[2021-12-10 20:03:49] <%영어띠기 (dirjrjjd)> 다리 사이에 뭐가 생김 ㅋㅋㅋㅋㅋㅋㅋㅋㅋ
[2021-12-10 20:03:50] <%우한경겨탐나헤으응 (kylee24)> ㅇ0ㅇ
[2021-12-10 20:03:57] <살랑이누나전남친 (gusgh0215)> 섬넬 뻐큐 ㄹㅈㄷ
[2021-12-10 20:03:58] <jessng999> ㅋㅋㅋㅋㅋㅋ
[2021-12-10 20:03:58] <%컴터 (sminech1004)> 물구나무하면 생긴답니다~
[2021-12-10 20:04:24] <%우한경겨탐나헤으응 (kylee24)> 엇
[2021-12-10 20:04:54] <당신의아랫뱃살 (stimscv)> 어디까지커지는거야!
[2021-12-10 20:05:17] <%우한경겨탐나헤으응 (kylee24)> ㅇ0ㅇ
[2021-12-10 20:05:37] <%영어띠기 (dirjrjjd)> 눈나가 형아가 되어버렸네
[2021-12-10 20:05:38] <%우한경겨탐나헤으응 (kylee24)> 즈기요 전화를 그렇게 받구그러시면... 좋아요
[2021-12-10 20:06:12] <%영어띠기 (dirjrjjd)> 새끼발가락 언제 낫는대요?
[2021-12-10 20:06:22] Viewerstats (19:36-20:06): avg:55 min:51 max:59 [16/55+0-2+0-2+0+2+0+1+0+5+0+0-1+0+0]
[2021-12-10 20:06:53] <%우한경겨탐나헤으응 (kylee24)> ㅋㅋㅋㅋㅋ
[2021-12-10 20:07:02] <훈토리 (hoontory)> 오 똑같애
[2021-12-10 20:07:10] <바보아저씨 (tngur1200)> 오 뱃살 ㅗㅜㅑ
[2021-12-10 20:07:12] <%영어띠기 (dirjrjjd)> 트우거! 트우거! 트우거! 트우거! 트우거! 트우거!
[2021-12-10 20:07:14] <당신의아랫뱃살 (stimscv)> 뭐하시는뎈ㅋㅋㅋㅋㅋㅋㅋ
[2021-12-10 20:07:35] <바보아저씨 (tngur1200)> 역시 뱃살전문스트리머...
[2021-12-10 20:07:49] <%우한경겨탐나헤으응 (kylee24)> 엄마가 왜 거기서 나와
[2021-12-10 20:07:53] <바보아저씨 (tngur1200)> 저분은 바보인가?
[2021-12-10 20:08:27] <훈토리 (hoontory)> ㅋㅋㅋㅋㅋㅋㅋㅋㅋㅋㅋㅋㅋㅋㅋ
[2021-12-10 20:08:28] <%영어띠기 (dirjrjjd)> ㅋㅋㅋㅋㅋㅋㅋㅋㅋㅋㅋㅋㅋㅋㅋㅋ
[2021-12-10 20:08:29] <%여물이_ (sayjin6209)> 이거 ㅋㅋㅋㅋㅋㅋㅋㅋㅋ
[2021-12-10 20:08:31] <%영어띠기 (dirjrjjd)> 이게 뭐야 ㅋㅋㅋㅋㅋㅋㅋㅋㅋ
[2021-12-10 20:08:32] <당신의아랫뱃살 (stimscv)> ㅋㅋㅋㅋㅋㅋㅋㅋㅋㅋㅋ
[2021-12-10 20:08:32] <%여물이_ (sayjin6209)> 엉덩이 ㅋㅋㅋㅋㅋㅋ
[2021-12-10 20:08:33] <바보아저씨 (tngur1200)> 근력부족..  ㅋㅋㅋ
[2021-12-10 20:08:34] <바지먹는푸 (whgusdh159)> ㅋㅋㅋㅋㅋㄱㅋㅋㅋㄱ
[2021-12-10 20:08:40] <%컴터 (sminech1004)> ㅋㅋㅋㅋㅋㅋㅋㅋㅋㅋㅋㅋ
[2021-12-10 20:08:48] <smilk0214> 그냥 그 상태에서 팔굽혀펴기 하면 운동 많이 되는데
[2021-12-10 20:08:56] <바보아저씨 (tngur1200)> 안되는것 하지말죠 다쳐요
[2021-12-10 20:09:02] <jessng999> ㅋㅋㅋㅋㅋㅋ
[2021-12-10 20:09:06] <바지먹는푸 (whgusdh159)> 허리다칠라
[2021-12-10 20:09:07] <당신의아랫뱃살 (stimscv)> 눈나들전용기술입다~
[2021-12-10 20:09:07] <바보아저씨 (tngur1200)> ㅋㅋㅋ
[2021-12-10 20:09:10] <바지먹는푸 (whgusdh159)> ㅋㅋㅋㅋㅋㅋㅋㄱ
[2021-12-10 20:09:38] <$하루하루과제지옥 (dbdhmwkhl)> .........
[2021-12-10 20:09:42] <바지먹는푸 (whgusdh159)> 챱챱
[2021-12-10 20:09:46] <바보아저씨 (tngur1200)> 뽈롱..
[2021-12-10 20:09:46] <%곰곰22 (bb22)> 수저야 그만해 다치겠다.
[2021-12-10 20:09:48] <훈토리 (hoontory)> ㅇㄴㅇ
[2021-12-10 20:09:48] <%영어띠기 (dirjrjjd)> 출렁이는게 늘은거 같아 ㅠㅠㅠㅠ
[2021-12-10 20:09:57] <당신의아랫뱃살 (stimscv)> 뱃누나?
[2021-12-10 20:09:59] <당신의아랫뱃살 (stimscv)> ㄱㄴㅋㅋ
[2021-12-10 20:10:06] <$하루하루과제지옥 (dbdhmwkhl)> ...불쌍한 사람이다...
[2021-12-10 20:10:11] <jessng999> ㅋㅋㅋㅋㅋㅋ
[2021-12-10 20:10:17] <바보아저씨 (tngur1200)> !몸무게
[2021-12-10 20:10:32] <%영어띠기 (dirjrjjd)> 54라고 주장중
[2021-12-10 20:10:39] <%컴터 (sminech1004)> !능지
[2021-12-10 20:10:40] <바보아저씨 (tngur1200)> 60이시군..
[2021-12-10 20:10:53] <%여물이_ (sayjin6209)> ㅋㅋㅋㅋㅋㅋㅋ
[2021-12-10 20:10:58] <바보아저씨 (tngur1200)> ㅋㅋㅋ
[2021-12-10 20:11:00] <%여물이_ (sayjin6209)> 지금 배만 봐선 65쯤 됨
[2021-12-10 20:11:11] <%영어띠기 (dirjrjjd)> 그렇게 먹고 56이겠지? 이러면 58쯤 될겁니다
[2021-12-10 20:11:14] <훈토리 (hoontory)> 아이큐가 60넘어본적 없으시답니다
[2021-12-10 20:11:14] <당신의아랫뱃살 (stimscv)> 이렇게계속간다면..?
[2021-12-10 20:11:15] <훈토리 (hoontory)> 수고하세요
[2021-12-10 20:11:16] <%영어띠기 (dirjrjjd)> 안늘었을수가 없음
[2021-12-10 20:11:29] <smilk0214> 저런
[2021-12-10 20:11:32] <%발향기취해버린킁카좌조커 (joker11316)> 저런
[2021-12-10 20:11:33] <%컴터 (sminech1004)> ㄷㄷ
[2021-12-10 20:11:38] <%영어띠기 (dirjrjjd)> "내놔"
[2021-12-10 20:11:55] <smilk0214> 팬심으로 체중계 보내면 되나요?
[2021-12-10 20:12:13] <훈토리 (hoontory)> ㅔ
[2021-12-10 20:12:15] <%영어띠기 (dirjrjjd)> 180까지 잴수있는 고급체중계로 보내야할듯
[2021-12-10 20:12:28] <%영어띠기 (dirjrjjd)> ㅋㅋㅋㅋㅋㅋㅋㅋㅋㅋ
[2021-12-10 20:12:37] <%컴터 (sminech1004)> 오...
[2021-12-10 20:12:42] <smilk0214> 저거 오늘 나온 영상인데
[2021-12-10 20:12:42] <%영어띠기 (dirjrjjd)> 아 이거 언제출시지
[2021-12-10 20:12:57] <smilk0214> 저거 잘 보면
[2021-12-10 20:13:06] <smilk0214> cgv Mnet 올리브영 보여요
[2021-12-10 20:13:30] <%컴터 (sminech1004)> 11시 뱃살춤
[2021-12-10 20:13:48] <@^빵_떡 (bbangddeock)> 트윕> https://bit.ly/3AQyZo1 투네>https://url.kr/bj978f  스티키밤> https://bit.ly/3DYZXvV PAYPAL>https://streamlabs.com/spooony99
[2021-12-10 20:13:59] <훈토리 (hoontory)> 걔가 님 움직이는거아님?
[2021-12-10 20:14:03] <%영어띠기 (dirjrjjd)> ? 말도 하잖아요
[2021-12-10 20:14:03] <@^빵_떡 (bbangddeock)> bbangd1Un
[2021-12-10 20:14:05] <훈토리 (hoontory)> 뱃살이 본체
[2021-12-10 20:14:10] <%영어띠기 (dirjrjjd)> 분명 인사도 나눴는데...
[2021-12-10 20:14:18] <당신의아랫뱃살 (stimscv)> ㄹㅇㅋㅋ
[2021-12-10 20:14:31] <%컴터 (sminech1004)> 되는걸요..
[2021-12-10 20:14:32] <훈토리 (hoontory)> 뱃살님보러왔는데...
[2021-12-10 20:14:50] <%영어띠기 (dirjrjjd)> 오 구슬슬함?
[2021-12-10 20:14:54] <%컴터 (sminech1004)> 구슬슬 ㄷㄷ
[2021-12-10 20:14:55] <훈토리 (hoontory)> 마블온스트림
[2021-12-10 20:14:58] <%컴터 (sminech1004)> 난 절대 방어다..
[2021-12-10 20:14:59] <훈토리 (hoontory)> 스팀
[2021-12-10 20:15:04] <훈토리 (hoontory)> marble어쩌구
[2021-12-10 20:15:08] <%컴터 (sminech1004)> ㄴㄴ
[2021-12-10 20:15:08] <훈토리 (hoontory)> 무료
[2021-12-10 20:15:34] <%영어띠기 (dirjrjjd)> 이 인원로 몇판하면 닉넴 싹 갈린다 ㅋㅋㅋ
[2021-12-10 20:15:45] <훈토리 (hoontory)> ㄴㄴ
[2021-12-10 20:15:47] <훈토리 (hoontory)> 마블 온 스트림
[2021-12-10 20:16:23] <훈토리 (hoontory)> 잠1지 너!
[2021-12-10 20:16:44] <%영어띠기 (dirjrjjd)> 잠1지 ㅋㅋㅋㅋㅋㅋㅋㅋㅋ
[2021-12-10 20:16:59] <%영어띠기 (dirjrjjd)> 오 딱걸렸네
[2021-12-10 20:17:12] <%영어띠기 (dirjrjjd)> ㅋㅋㅋㅋㅋㅋㅋㅋ
[2021-12-10 20:17:26] <훈토리 (hoontory)> 님 저번에 저한테 트리키타워 지고 혼자 연습했어요?
[2021-12-10 20:17:28] <%컴터 (sminech1004)> 바꾼게 더 레전드임
[2021-12-10 20:17:38] <%우한경겨탐나헤으응 (kylee24)> 무라고 바꿨는데요
[2021-12-10 20:17:45] <%컴터 (sminech1004)> 좌우지잠1지지
[2021-12-10 20:17:48] <@^빵_떡 (bbangddeock)> 1. 닉언 금지2. 타스언급 금지3. 흐름 끊는 강요금지
[2021-12-10 20:17:49] <%영어띠기 (dirjrjjd)> ㅋㅋㅋㅋㅋㅋㅋㅋㅋㅋ
[2021-12-10 20:17:54] <%영어띠기 (dirjrjjd)> 바꾸나 마나네 ㅋㅋㅋㅋㅋㅋ
[2021-12-10 20:18:19] <%컴터 (sminech1004)> 나도 참여했었는데 안걸렸음 ㅠ
[2021-12-10 20:18:39] <%컴터 (sminech1004)> 악질닉 후욱후욱
[2021-12-10 20:18:53] <smilk0214> 남남수수학학원원장장기기증증서서명명단
[2021-12-10 20:18:54] <%컴터 (sminech1004)> 뱃살필수 아님?
[2021-12-10 20:19:07] <%영어띠기 (dirjrjjd)> 악질닉 시뮬레이터 있긴 한데
[2021-12-10 20:19:11] <첫사랑우한경끝사랑우한경 (galatasa_)> 콩수저겨드랑이땀모아호수
[2021-12-10 20:19:23] <%컴터 (sminech1004)> ㅇㅇ사이트 있음 근데 그렇게 재밌지는않음
[2021-12-10 20:19:37] <훈토리 (hoontory)> 악질대장이세요?
[2021-12-10 20:19:38] <%우한경겨탐나헤으응 (kylee24)> ㅋㅋㅋㅋ
[2021-12-10 20:19:50] <%컴터 (sminech1004)> 뱃살모아태산의저자콩수저
[2021-12-10 20:19:57] <%영어띠기 (dirjrjjd)> 뱃크리트 티 확나겠네 ㅋㅋㅋ
[2021-12-10 20:20:01] <%ynwa1973> spooon7Hi
[2021-12-10 20:20:04] <smilk0214> 배꼽비빔밥
[2021-12-10 20:20:07] <%컴터 (sminech1004)> 무친ㅋㅋㅋㅋㅋㅋㅋㅋㅋㅋ
[2021-12-10 20:20:07] <%곰곰22 (bb22)> 악질이네;
[2021-12-10 20:20:13] <바지먹는푸 (whgusdh159)> ㅋㅋㅋㅋㄱㅋㅋㅋㅋㅋㄱ
[2021-12-10 20:20:19] <%영어띠기 (dirjrjjd)> ㅋㅋㅋㅋㅋㅋㅋㅋㅋ
[2021-12-10 20:20:19] <훈토리 (hoontory)> 개좋아하네
[2021-12-10 20:20:32] <바지먹는푸 (whgusdh159)> 아찔하네
[2021-12-10 20:20:37] <%곰곰22 (bb22)> 콩수저겨드랑이햇반뚝딱
[2021-12-10 20:20:40] <훈토리 (hoontory)> 콩수저뱃살덮밥
[2021-12-10 20:20:41] <%여물이_ (sayjin6209)> 콩수저배꼽때에난털
[2021-12-10 20:20:52] <%우한경겨탐나헤으응 (kylee24)> 뽈롱빔에기억상실한
[2021-12-10 20:21:10] <%컴터 (sminech1004)> 트게더에 악질닉 생성사이트 올리긴함
[2021-12-10 20:21:22] <%영어띠기 (dirjrjjd)> 콩수저뱃살빔파동방정식
[2021-12-10 20:21:34] <뱃살좋아해요 (djsk)> ㅋㅋㅋㅋㅋㅋㅋ
[2021-12-10 20:21:58] <%우한경겨탐나헤으응 (kylee24)> 배꼽에서콩육수가
[2021-12-10 20:22:12] <%발향기취해버린킁카좌조커 (joker11316)> 콩수저뱃살에파묻혀질식사
[2021-12-10 20:22:16] <%영어띠기 (dirjrjjd)> 뱃살왁싱샵지박령콩수저 나오는데요?
[2021-12-10 20:22:35] <신끼_ (handicappedfool)> 선생님
[2021-12-10 20:22:41] <신끼_ (handicappedfool)> https://name.ho9.me/
[2021-12-10 20:22:43] <신끼_ (handicappedfool)> 이거 편해요
[2021-12-10 20:22:43] <smilk0214> 배꼽파서배고파
[2021-12-10 20:22:59] <%영어띠기 (dirjrjjd)> 뱃살도서관카사노바콩수저
[2021-12-10 20:23:10] <%우한경겨탐나헤으응 (kylee24)> 슈퍼참치뽈롱빔
[2021-12-10 20:23:22] <%영어띠기 (dirjrjjd)> 노숙자붉닭훔쳐먹는홍수진
[2021-12-10 20:23:31] <%컴터 (sminech1004)> 하기도 전인데 벌써 웅장하네여
[2021-12-10 20:23:46] <%영어띠기 (dirjrjjd)> 글자수제한 12자 걸어야될걸요
[2021-12-10 20:23:46] <%여물이_ (sayjin6209)> 콩수저뱃살딲개
[2021-12-10 20:23:58] <%발향기취해버린킁카좌조커 (joker11316)> 글자수12개
[2021-12-10 20:24:29] <smilk0214> 배스트셀러
[2021-12-10 20:24:33] <%우한경겨탐나헤으응 (kylee24)> 배꼽때주유솤ㅋㅋㅋㅋㅋ
[2021-12-10 20:25:24] <韋伯1992 (web1992)> Belly NU NA Hello~
[2021-12-10 20:25:45] <%영어띠기 (dirjrjjd)> 벨리는 배에요
[2021-12-10 20:26:06] <%영어띠기 (dirjrjjd)> 통장에 천원인데 상품을...?
[2021-12-10 20:26:15] <신끼_ (handicappedfool)> 3등상품으로 숟갈님을 드립니다.
[2021-12-10 20:26:23] <%발향기취해버린킁카좌조커 (joker11316)> 상품은 볼롱빔?
[2021-12-10 20:26:27] <%영어띠기 (dirjrjjd)> 10년뒤 결혼권 어때요
[2021-12-10 20:26:31] <뱃살좋아해요 (djsk)> 지금 뭐하는중?
[2021-12-10 20:26:38] <오버워칭칭잉토끼 (ohleenice)> 얼굴이너무 이쁘신데 아이디선정은 어지럽네요^^
[2021-12-10 20:26:40] <뱃살좋아해요 (djsk)> 저기 닉들 뭐야? ㅋㅋㅋ
[2021-12-10 20:26:40] <%영어띠기 (dirjrjjd)> 구슬슬 준비중
[2021-12-10 20:26:45] <%컴터 (sminech1004)> 저게 벌칙아님? ㄷㄷ
[2021-12-10 20:27:01] <뱃살좋아해요 (djsk)> 악질닉 파는거야? ㅋㅋ
[2021-12-10 20:27:11] <%영어띠기 (dirjrjjd)> 구슬겜해서 걸리면 닉변입니다
[2021-12-10 20:27:16] <뱃살좋아해요 (djsk)> 앜ㅋㅋ
[2021-12-10 20:27:17] <신끼_ (handicappedfool)> 손편지 상품 맞워요?
[2021-12-10 20:27:19] <뱃살좋아해요 (djsk)> 좋다
[2021-12-10 20:27:24] <%곰곰22 (bb22)> 저정도 닉이면..어딜가도 채팅못치겠는데?
[2021-12-10 20:27:25] <smilk0214> 배 사진
[2021-12-10 20:27:32] <%컴터 (sminech1004)> 배사진ㅋㅋㅋㅋㅋㅋㅋㅋㅋㅋ
[2021-12-10 20:27:37] <%영어띠기 (dirjrjjd)> 인스타에 다 다른분 사진이던데...
[2021-12-10 20:27:40] <뱃살좋아해요 (djsk)> 채팅 못치겟다 저정도 닉이면 ㅋㅋㅋㅋㅋ
[2021-12-10 20:27:41] <%여름에꿀벌이온다 (cho00260)> ㅋㅋㅋㅋㅋㅋㅋㅋㅋ
[2021-12-10 20:27:44] <%여름에꿀벌이온다 (cho00260)> 으악
[2021-12-10 20:27:46] <%발향기취해버린킁카좌조커 (joker11316)> 와 배사진 못참지
[2021-12-10 20:27:48] <%우한경겨탐나헤으응 (kylee24)> 콩뱃살에코박죽킁카킁카
[2021-12-10 20:27:48] <@^빵_떡 (bbangddeock)> 어서오세요 아직 팔로우 안하셨다면 팔로우 부탁해요 °˖✧◝(⁰▿⁰)◜✧˖°
[2021-12-10 20:27:51] <%여물이_ (sayjin6209)> 와 배사딘
[2021-12-10 20:27:53] <%여물이_ (sayjin6209)> 미쳣
[2021-12-10 20:27:57] <%여물이_ (sayjin6209)> 단가 얼마?
[2021-12-10 20:27:59] <뱃살좋아해요 (djsk)> 배사진 헤으응... 미쳐요
[2021-12-10 20:28:00] <%곰곰22 (bb22)> 여기 악질이 많아
[2021-12-10 20:28:02] <%여름에꿀벌이온다 (cho00260)> 좋을지도
[2021-12-10 20:28:02] <smilk0214> 배사진 하면 레전드다
[2021-12-10 20:28:05] <%발향기취해버린킁카좌조커 (joker11316)> 아니 배사진 좋다
[2021-12-10 20:28:08] <%영어띠기 (dirjrjjd)> 배라로이드 ㄷㄷㄷㄷ
[2021-12-10 20:28:15] <뱃살좋아해요 (djsk)> ㅋㅋㅋㅋㅋㅋㅋㅋㅋ
[2021-12-10 20:28:23] <바지먹는푸 (whgusdh159)> ㄹㅋㅋㅋㅋㅋㅋ
[2021-12-10 20:28:35] <%영어띠기 (dirjrjjd)> 배먹어 배!
[2021-12-10 20:28:38] <%여름에꿀벌이온다 (cho00260)> 배먹어배
[2021-12-10 20:28:40] <%컴터 (sminech1004)> 얘!
[2021-12-10 20:28:43] <%발향기취해버린킁카좌조커 (joker11316)> 배먹어 배
[2021-12-10 20:28:45] <%곰곰22 (bb22)> 배가 달단다
[2021-12-10 20:28:47] <%우한경겨탐나헤으응 (kylee24)> 주겨블랑
[2021-12-10 20:28:48] <@^빵_떡 (bbangddeock)> 트윕> https://bit.ly/3AQyZo1 투네>https://url.kr/bj978f  스티키밤> https://bit.ly/3DYZXvV PAYPAL>https://streamlabs.com/spooony99
[2021-12-10 20:28:51] <%발향기취해버린킁카좌조커 (joker11316)> 겨울배가 맛있단다
[2021-12-10 20:28:57] <첫사랑우한경끝사랑우한경 (galatasa_)> 뭐 드시냐고 세번째 물어봅니다
[2021-12-10 20:29:09] <%컴터 (sminech1004)> ㅈㄱㅂㄹ~
[2021-12-10 20:29:09] <뱃살좋아해요 (djsk)> ㅋㅋㅋㅋㅋㅋㅋㅋ
[2021-12-10 20:29:16] <%컴터 (sminech1004)> ㄱㅇㅂㄱ ㅁㅇㄷㄷ
[2021-12-10 20:29:18] <첫사랑우한경끝사랑우한경 (galatasa_)> ㅂㅁㅇㅂ~!
[2021-12-10 20:29:21] <바지먹는푸 (whgusdh159)> ㅋㅋㅋㅋㅋㅋㅋ
[2021-12-10 20:29:23] <%발향기취해버린킁카좌조커 (joker11316)> ㅈㄴ 서윗하네
[2021-12-10 20:29:24] <뱃살좋아해요 (djsk)> 우리는 다른 배인데
[2021-12-10 20:29:26] <%영어띠기 (dirjrjjd)> 이거 첨본다니 ㄷㄷ
[2021-12-10 20:29:27] <뱃살좋아해요 (djsk)> ㅋㅋㅋㅋㅋㅋ
[2021-12-10 20:29:47] <%발향기취해버린킁카좌조커 (joker11316)> 뱃살찍어 뱃살
[2021-12-10 20:29:50] <뱃살좋아해요 (djsk)> 뱃살 키워!
[2021-12-10 20:29:50] <%영어띠기 (dirjrjjd)> 겨울배가 찰지단다
[2021-12-10 20:29:58] <뱃살좋아해요 (djsk)> ㅋㅋㅋㅋㅋㅋㅋㅋ
[2021-12-10 20:30:05] <뱃살좋아해요 (djsk)> 여튼 빨리하자 잼있겟다
[2021-12-10 20:30:16] <뱃살좋아해요 (djsk)> 오
[2021-12-10 20:30:21] <smilk0214> 오
[2021-12-10 20:30:28] <%컴터 (sminech1004)> ㅇㅋ
[2021-12-10 20:30:41] <%컴터 (sminech1004)> ㅔ~
[2021-12-10 20:30:43] <뱃살좋아해요 (djsk)> ㅇㅋ
[2021-12-10 20:30:44] <%발향기취해버린킁카좌조커 (joker11316)> ㅗ
[2021-12-10 20:30:44] <뱃살좋아해요 (djsk)> ㄱㄱㄱ
[2021-12-10 20:30:46] <%발향기취해버린킁카좌조커 (joker11316)> 극락
[2021-12-10 20:30:48] <바지먹는푸 (whgusdh159)> ㅔ
[2021-12-10 20:30:48] <%컴터 (sminech1004)> 쉴드는 얼마인가요
[2021-12-10 20:30:54] <%영어띠기 (dirjrjjd)> 와 두번째 걸리면 억울할듯
[2021-12-10 20:31:15] <%컴터 (sminech1004)> 두번 걸리면 만원 내야하넼ㅋㅋㅋㅋㅋㅋ
[2021-12-10 20:31:18] <뱃살좋아해요 (djsk)> ㅋㅋㅋㅋㅋㅋ
[2021-12-10 20:31:27] <뱃살좋아해요 (djsk)> 가자가자
[2021-12-10 20:31:35] <%영어띠기 (dirjrjjd)> 몇등이 상품이고 몇등이 닉변임?
[2021-12-10 20:31:45] <%컴터 (sminech1004)> 알려드렸습니다~
[2021-12-10 20:32:01] <%컴터 (sminech1004)> 일단 참여수 보고 ㅇㅇ
[2021-12-10 20:32:03] <뱃살좋아해요 (djsk)> ㅇㅈㅇㅈ
[2021-12-10 20:32:09] <%영어띠기 (dirjrjjd)> 탈락 빼고 1등 꼴등 하면 되지않나?
[2021-12-10 20:32:15] <%컴터 (sminech1004)> 방파면 됨
[2021-12-10 20:32:24] <%영어띠기 (dirjrjjd)> 연습게임 하실?
[2021-12-10 20:32:26] <%컴터 (sminech1004)> 스머가 아니라서 모르겠네요~
[2021-12-10 20:32:41] <%영어띠기 (dirjrjjd)> 일단 한판 돌려봐야 대충 견적나옴
[2021-12-10 20:33:05] <뱃살좋아해요 (djsk)> ㅋㅋㅋㅋㅋㅋㅋㅋㅋ
[2021-12-10 20:33:22] <키181센치_인천_이창민 (till_uu0)> !play
[2021-12-10 20:33:22] <뱃살좋아해요 (djsk)> 아니 왜 맵을 만들려고 햌ㅋㅋ
[2021-12-10 20:33:27] <jessng999> ㅋㅋㅋㅋㅋ
[2021-12-10 20:33:27] <%영어띠기 (dirjrjjd)> 거기 맵임 나가셈
[2021-12-10 20:33:29] <%컴터 (sminech1004)> ㅋㅋㅋㅋㅋㅋㅋㅋㅋㅋㅋ
[2021-12-10 20:33:33] <뱃살좋아해요 (djsk)> 나가
[2021-12-10 20:33:37] <%컴터 (sminech1004)> 몰?루
[2021-12-10 20:33:44] <뱃살좋아해요 (djsk)> 레이스 ㄱ?
[2021-12-10 20:33:51] <%컴터 (sminech1004)> 옆에가 방임
[2021-12-10 20:33:52] <%컴터 (sminech1004)> 맵
[2021-12-10 20:34:03] <뱃살좋아해요 (djsk)> 지금 스크롤 되는게 방 아님?
[2021-12-10 20:34:17] <뱃살좋아해요 (djsk)> 아니네
[2021-12-10 20:35:06] <%영어띠기 (dirjrjjd)> 전굽네....
[2021-12-10 20:35:11] <$하루하루과제지옥 (dbdhmwkhl)> 전 탄다
[2021-12-10 20:35:14] <%컴터 (sminech1004)> 이집 전 잘하네..
[2021-12-10 20:35:32] <$하루하루과제지옥 (dbdhmwkhl)> 수저표 전
[2021-12-10 20:35:35] <%영어띠기 (dirjrjjd)> 아까 거기서 랜덤누르고
[2021-12-10 20:35:37] <%영어띠기 (dirjrjjd)> 레이스 누르면 되는듯
[2021-12-10 20:36:17] <%컴터 (sminech1004)> 맵마다 다른데 낙도 생각하시면됨
[2021-12-10 20:36:32] Viewerstats (20:08-20:36): avg:54 min:50 max:58 [15/56+0+2+0-4+0-3+0+2+0+1-4+0+6+0]
[2021-12-10 20:37:16] <%영어띠기 (dirjrjjd)> !play
[2021-12-10 20:37:16] <%컴터 (sminech1004)> !play
[2021-12-10 20:37:25] <%컴터 (sminech1004)> 방장도 ㄱ
[2021-12-10 20:37:28] <~%콩수저 (spooony99)> !play
[2021-12-10 20:37:28] <@^StreamElements> 콩수저, songrequest is now playing!
[2021-12-10 20:37:31] <$하루하루과제지옥 (dbdhmwkhl)> !play
[2021-12-10 20:37:37] <jih01212> 너무 커여워요~~
[2021-12-10 20:37:38] <$하루하루과제지옥 (dbdhmwkhl)> 보석금은 얼만데?
[2021-12-10 20:37:40] <%컴터 (sminech1004)> 방장 닉 변 드가자~
[2021-12-10 20:37:42] <%영어띠기 (dirjrjjd)> 만원이래요
[2021-12-10 20:37:43] <뱃살좋아해요 (djsk)> !play
[2021-12-10 20:37:45] <키181센치_인천_이창민 (till_uu0)> 애들아
[2021-12-10 20:37:46] <키181센치_인천_이창민 (till_uu0)> 참가하지마라
[2021-12-10 20:37:48] <@^빵_떡 (bbangddeock)> 저는 영어외에는 잘 몰라요ㅠㅠ 되도록 영어를 사용해 주세요.除了英语以外我什么都不懂ㅠㅠ 请尽量使用英语.Я почти ничего не знаю, кроме английского ㅠㅠ Пожалуйста, используйте английский как можно больше.
[2021-12-10 20:37:50] <키181센치_인천_이창민 (till_uu0)> 참가 ㄴㄴ하자
[2021-12-10 20:37:54] BAN: till_uu0 (600s)
[2021-12-10 20:37:54] <$하루하루과제지옥 (dbdhmwkhl)> 음 담판은 빼야지
[2021-12-10 20:38:01] <smilk0214> 저런
[2021-12-10 20:38:01] <뱃살좋아해요 (djsk)> 연습판 ㄱㄱ
[2021-12-10 20:38:06] <바지먹는푸 (whgusdh159)> !play
[2021-12-10 20:38:06] <%컴터 (sminech1004)> 졸업 ㅊㅊ
[2021-12-10 20:38:20] <%여물이_ (sayjin6209)> !play
[2021-12-10 20:38:22] <뱃살좋아해요 (djsk)> 몇 명인디?
[2021-12-10 20:38:43] <뱃살좋아해요 (djsk)> !play
[2021-12-10 20:38:43] <%여물이_ (sayjin6209)> 저 닉네임들은 무섭지
[2021-12-10 20:38:53] <뱃살좋아해요 (djsk)> ㅋㅋㅋㅋㅋㅋㅋ
[2021-12-10 20:39:01] <뱃살좋아해요 (djsk)> 무섭긴하지 그러나 나만 아니면돼~
[2021-12-10 20:39:01] <바지먹는푸 (whgusdh159)> 참여하면 뭐 하나는 얻겠네
[2021-12-10 20:39:04] <%영어띠기 (dirjrjjd)> ㅋㅋㅋㅋ
[2021-12-10 20:39:09] <smilk0214> 리턴보다 리스크가 커서
[2021-12-10 20:39:09] <뱃살좋아해요 (djsk)> 나만 아니면 돼~~~~
[2021-12-10 20:39:29] <뱃살좋아해요 (djsk)> 간다
[2021-12-10 20:39:34] <%영어띠기 (dirjrjjd)> 알트키 누르면 닉 보임
[2021-12-10 20:39:36] <%컴터 (sminech1004)> 쉬프트였나
[2021-12-10 20:39:40] <%컴터 (sminech1004)> ㅇㅎ
[2021-12-10 20:40:01] <%컴터 (sminech1004)> 하는법 익힌다고 생각하져
[2021-12-10 20:40:04] <smilk0214> 배꼽속으로 들어가네
[2021-12-10 20:40:09] <뱃살좋아해요 (djsk)> ㅋㅋㅋㅋㅋㅋㅋㅋ
[2021-12-10 20:40:20] <바지먹는푸 (whgusdh159)> ㅋㅋㅋㅋㅋㅋㅋㅋ
[2021-12-10 20:40:26] <%영어띠기 (dirjrjjd)> 탈락이다
[2021-12-10 20:40:35] <%영어띠기 (dirjrjjd)> ㅋㅋㅋㅋㅋㅋㅋㅋㅋㅋㅋ
[2021-12-10 20:40:36] <바지먹는푸 (whgusdh159)> 사망
[2021-12-10 20:40:38] <뱃살좋아해요 (djsk)> 사망
[2021-12-10 20:40:56] <뱃살좋아해요 (djsk)> 와 1등 ㅊㅊ
[2021-12-10 20:41:01] <smilk0214> 참가자 수는 적은데 난이도가 높네
[2021-12-10 20:41:21] <뱃살좋아해요 (djsk)> ㅋㅋㅋㅋㅋㅋㅋㅋ
[2021-12-10 20:41:23] <바지먹는푸 (whgusdh159)> ㄹㅇ 적자생존
[2021-12-10 20:41:23] <%영어띠기 (dirjrjjd)> 와 ㅋㅋㅋㅋㅋㅋㅋㅋㅋㅋ
[2021-12-10 20:41:25] <뱃살좋아해요 (djsk)> 난이도 개사기다
[2021-12-10 20:41:27] <%여물이_ (sayjin6209)> 뭐야 나 1등이야..?
[2021-12-10 20:41:37] <%여물이_ (sayjin6209)> 꼭 연습판에 1등이더라..
[2021-12-10 20:41:37] <%컴터 (sminech1004)> ㅋㅋㅋㅋㅋㅋㅋㅋㅋㅋ
[2021-12-10 20:41:39] <%영어띠기 (dirjrjjd)> 맵운이 안좋네
[2021-12-10 20:41:52] <뱃살좋아해요 (djsk)> 7명은 좀 적긴하네
[2021-12-10 20:41:58] <뱃살좋아해요 (djsk)> 한 10명은 돼야하는데
[2021-12-10 20:42:06] <바지먹는푸 (whgusdh159)> 배으응 하고 배라로이드 받는거임?
[2021-12-10 20:42:09] <%컴터 (sminech1004)> 이래서 스머들이 특별한 날에 함ㅋㅋㅋㅋ
[2021-12-10 20:42:10] <뱃살좋아해요 (djsk)> ㅋㅋㅋㅋㅋㅋㅋㅋ
[2021-12-10 20:42:10] <%여물이_ (sayjin6209)> ??? 뭐야 나 걸린거에요?
[2021-12-10 20:42:13] <%여물이_ (sayjin6209)> 연습판이라며!
[2021-12-10 20:42:14] <뱃살좋아해요 (djsk)> ㄴㄴ연습판
[2021-12-10 20:42:19] <%여물이_ (sayjin6209)> 어휴.. 다행
[2021-12-10 20:42:20] <%여물이_ (sayjin6209)> 어휴
[2021-12-10 20:42:23] <뱃살좋아해요 (djsk)> ㅋㅋㅋㅋㅋㅋㅋ
[2021-12-10 20:42:42] <%컴터 (sminech1004)> 기래요
[2021-12-10 20:42:42] <뱃살좋아해요 (djsk)> ㅇㅈㅇㅈ
[2021-12-10 20:42:51] <바지먹는푸 (whgusdh159)> 애껴줬다가
[2021-12-10 20:42:55] <뱃살좋아해요 (djsk)> 애껴두자
[2021-12-10 20:42:59] <%영어띠기 (dirjrjjd)> 아 이걸 닉변을 못하네
[2021-12-10 20:43:04] <뱃살좋아해요 (djsk)> 까비요
[2021-12-10 20:43:08] <%컴터 (sminech1004)> 생각 날때마다 ㅋㅋㅋ
[2021-12-10 20:43:13] <%영어띠기 (dirjrjjd)> 악질닉이 좀 순한맛이긴 해
[2021-12-10 20:43:20] <뱃살좋아해요 (djsk)> 아 나는 지금 닉 좋은데 ㅋㅋㅋ
[2021-12-10 20:43:22] <smilk0214> 간장배꼽밥
[2021-12-10 20:43:22] <%컴터 (sminech1004)> 악질닉밖에 없겠네
[2021-12-10 20:43:35] <뱃살좋아해요 (djsk)> ㅋㅋㅋㅋㅋㅋㅋㅋ
[2021-12-10 20:43:39] <%컴터 (sminech1004)> ㄷㄷ
[2021-12-10 20:43:43] <%컴터 (sminech1004)> 추첨
[2021-12-10 20:43:43] <뱃살좋아해요 (djsk)> 엌
[2021-12-10 20:43:45] <%영어띠기 (dirjrjjd)> 엌
[2021-12-10 20:43:48] <@^빵_떡 (bbangddeock)> 트윕> https://bit.ly/3AQyZo1 투네>https://url.kr/bj978f  스티키밤> https://bit.ly/3DYZXvV PAYPAL>https://streamlabs.com/spooony99
[2021-12-10 20:43:53] <뱃살좋아해요 (djsk)> 한번해보실?
[2021-12-10 20:43:58] <%영어띠기 (dirjrjjd)> 채팅 몇명이나 친다고
[2021-12-10 20:44:00] <바지먹는푸 (whgusdh159)> 강제 뱃살단 만드네 ㅠ
[2021-12-10 20:44:01] <뱃살좋아해요 (djsk)> 난 나만 아니면 됀다는 마인드
[2021-12-10 20:44:12] <%컴터 (sminech1004)> 배워오십쇼~
[2021-12-10 20:44:13] <뱃살좋아해요 (djsk)> 모야 할 줄도 몰라?
[2021-12-10 20:44:21] <뱃살좋아해요 (djsk)> ㅋㅋㅋㅋㅋㅋㅋ
[2021-12-10 20:44:34] <뱃살좋아해요 (djsk)> 강제 뱃살단 만드네
[2021-12-10 20:44:47] <%컴터 (sminech1004)> ㅁ?ㄹ
[2021-12-10 20:44:52] <뱃살좋아해요 (djsk)> ㅁㄹ
[2021-12-10 20:44:57] <$하루하루과제지옥 (dbdhmwkhl)> ?
[2021-12-10 20:44:58] <@^빵_떡 (bbangddeock)> bbangd1Un
[2021-12-10 20:45:05] <%컴터 (sminech1004)> 포인트아님?
[2021-12-10 20:45:05] <$하루하루과제지옥 (dbdhmwkhl)> 포인트 아니야?
[2021-12-10 20:45:14] <%컴터 (sminech1004)> 15일전인데
[2021-12-10 20:45:45] <%컴터 (sminech1004)> 상관없을듯?
[2021-12-10 20:46:24] <%컴터 (sminech1004)> 뭐 떠있는걸 못보나보넼ㅋㅋㅋㅋ
[2021-12-10 20:46:41] <%영어띠기 (dirjrjjd)> 트위치 투표 추첨기 크롬에 설치해야되나본데?
[2021-12-10 20:46:56] <%컴터 (sminech1004)> 응애 나 아가 뱃살 '해줘'
[2021-12-10 20:47:00] <smilk0214> 근대 그거 뭐 먹고 있는건가요
[2021-12-10 20:47:09] <뱃살좋아해요 (djsk)> 오늘 뱃살일기 썻어?
[2021-12-10 20:47:11] <오버워칭칭잉토끼 (ohleenice)> 드시는게 옛날과잔가요
[2021-12-10 20:47:32] <오버워칭칭잉토끼 (ohleenice)> 과자가루 테러
[2021-12-10 20:47:41] <smilk0214> 청소기 또 돌려야겠네요
[2021-12-10 20:48:01] <뱃살좋아해요 (djsk)> ㅋㅋㅋㅋㅋㅋㅋㅋㅋㅋ
[2021-12-10 20:48:15] <오버워칭칭잉토끼 (ohleenice)> ㅋㅋㅋㅋㅋㅋㅋㅋㅋ
[2021-12-10 20:48:18] <뱃살좋아해요 (djsk)> 골
[2021-12-10 20:48:19] <%컴터 (sminech1004)> 뱃살로 떨어지죠~
[2021-12-10 20:48:22] <jessng999> ㅋㅋㅋㅋㅋ
[2021-12-10 20:48:31] <%영어띠기 (dirjrjjd)> ㅋㅋㅋㅋ
[2021-12-10 20:48:32] <%컴터 (sminech1004)> 쿵
[2021-12-10 20:48:34] <뱃살좋아해요 (djsk)> 그러면 그럴수록 추해집니다
[2021-12-10 20:48:41] <韋伯1992 (web1992)> Shi ba！！！
[2021-12-10 20:48:46] <%컴터 (sminech1004)> nanajamDPals nanajamGhk
[2021-12-10 20:48:49] <뱃살좋아해요 (djsk)> ㅋㅋㅋㅋㅋㅋㅋㅋ
[2021-12-10 20:49:01] <smilk0214> !sr https://youtu.be/xBoLYV1x8Ew
[2021-12-10 20:49:02] <%컴터 (sminech1004)> ㄳㄳ
[2021-12-10 20:49:02] <@^빵_떡 (bbangddeock)> [음악] @smilk0214 Starmachine2000 By Wintergatan / Track 7/9 이(가) 6번째로 등록되었습니다.
[2021-12-10 20:49:11] <韋伯1992 (web1992)> HWA NA SO？
[2021-12-10 20:49:11] <%컴터 (sminech1004)> ㅗ
[2021-12-10 20:50:12] <smilk0214> 보낼 돈이 있나요?
[2021-12-10 20:50:15] <뱃살좋아해요 (djsk)> !sr 저스틴비버 peaches
[2021-12-10 20:50:16] <@^빵_떡 (bbangddeock)> [음악] @뱃살좋아해요 이 세상 힙함이 아님🍑 : Justin Bieber - Peaches (Feat. Daniel Caesar, Giveon) [가사/자막/해석] 이(가) 6번째로 등록되었습니다.
[2021-12-10 20:50:18] <바지먹는푸 (whgusdh159)> ㅋㅋㅋㅋㅋㅋㅋㄱ
[2021-12-10 20:50:23] <%컴터 (sminech1004)> 어허
[2021-12-10 20:50:24] <뱃살좋아해요 (djsk)> ㅋㅋㅋㅋㅋㅋㅋ
[2021-12-10 20:50:27] <$하루하루과제지옥 (dbdhmwkhl)> ?
[2021-12-10 20:50:27] <@^빵_떡 (bbangddeock)> bbangd1Un
[2021-12-10 20:50:28] <%컴터 (sminech1004)> 그런방입니다~
[2021-12-10 20:50:28] <뱃살좋아해요 (djsk)> 엌
[2021-12-10 20:50:31] <뱃살좋아해요 (djsk)> ?
[2021-12-10 20:50:34] <%영어띠기 (dirjrjjd)> 와 이걸 다보네
[2021-12-10 20:50:34] <韋伯1992 (web1992)> I WILL VOTE HIM
[2021-12-10 20:50:37] <뱃살좋아해요 (djsk)> 이걸 다보네
[2021-12-10 20:50:44] <바지먹는푸 (whgusdh159)> 크흠
[2021-12-10 20:50:44] <smilk0214> 뭔 영상이지
[2021-12-10 20:50:46] <뱃살좋아해요 (djsk)> 2번 지지하시나요 혹시?
[2021-12-10 20:50:46] <%컴터 (sminech1004)> 어차피 상관없긴함 대선에 안나가시니 흠흠
[2021-12-10 20:50:48] <뱃살좋아해요 (djsk)> ㅋㅋㅋㅋㅋㅋㅋㅋㅋ
[2021-12-10 20:50:49] <%영어띠기 (dirjrjjd)> 혹시 지지하셨나요?
[2021-12-10 20:51:00] <%영어띠기 (dirjrjjd)> 엌ㅋㅋㅋㅋㅋㅋㅋ
[2021-12-10 20:51:03] <뱃살좋아해요 (djsk)> 엌ㅋㅋㅋㅋㅋㅋ
[2021-12-10 20:51:12] <뱃살좋아해요 (djsk)> 수고요~
[2021-12-10 20:51:30] <뱃살좋아해요 (djsk)> ㅋㅋㅋㅋㅋㅋ
[2021-12-10 20:51:49] <smilk0214> 벌써 9시 되네요
[2021-12-10 20:52:09] <절_오빠 (gun_224)> 뭘 끊임없이 먹네
[2021-12-10 20:52:10] <뱃살좋아해요 (djsk)> 배 안불러?
[2021-12-10 20:52:15] <뱃살좋아해요 (djsk)> ㅋㅋㅋㅋㅋㅋㅋㅋㅋ
[2021-12-10 20:52:31] <%컴터 (sminech1004)> 조--------용
[2021-12-10 20:52:39] <뱃살좋아해요 (djsk)> 나간거 아냐? ㅋㅋㅋㅋ
[2021-12-10 20:52:46] <바지먹는푸 (whgusdh159)> ㄱㄴ?
[2021-12-10 20:52:48] <@^빵_떡 (bbangddeock)> 1. 닉언 금지2. 타스언급 금지3. 흐름 끊는 강요금지
[2021-12-10 20:53:16] <바지먹는푸 (whgusdh159)> ㅋㅋㅋㅋ
[2021-12-10 20:53:19] <뱃살좋아해요 (djsk)> ㅋㅋㅋㅋㅋㅋㅋㅋ
[2021-12-10 20:53:26] <%컴터 (sminech1004)> ㅋㅋㅋㅋㅋㅋㅋㅋㅋㅋㅋ
[2021-12-10 20:53:28] <%컴터 (sminech1004)> ㅇㅈㅅㅎㄴㄷ
[2021-12-10 20:53:30] <%우한경겨탐나헤으응 (kylee24)> ㅋㅋㅋㅋㅋㅋ
[2021-12-10 20:53:35] <뱃살좋아해요 (djsk)> 개웃기네
[2021-12-10 20:53:44] <바지먹는푸 (whgusdh159)> 편안
[2021-12-10 20:54:21] <$하루하루과제지옥 (dbdhmwkhl)> ?
[2021-12-10 20:54:21] <@^빵_떡 (bbangddeock)> bbangd1Un
[2021-12-10 20:54:24] <$하루하루과제지옥 (dbdhmwkhl)> 풉
[2021-12-10 20:54:24] <@^빵_떡 (bbangddeock)> 하루하루과제지옥님이 42번이나 비웃었습니다. bbangd1Pubb
[2021-12-10 20:54:24] <%컴터 (sminech1004)> 뱃살로 떨어졌다 ㄷ
[2021-12-10 20:54:41] <절_오빠 (gun_224)> ㅋㅋㅋㅋㅋㅋㅋㅋㅋㅋㅋㅋㅋ
[2021-12-10 20:54:44] <뱃살좋아해요 (djsk)> ㅋㅋㅋㅋㅋㅋㅋㅋㅋ
[2021-12-10 20:54:53] <뱃살좋아해요 (djsk)> 지금 겁나 예민합니다 다들 조심하세요
[2021-12-10 20:55:01] <바지먹는푸 (whgusdh159)> 뱃심으로 부셨네
[2021-12-10 20:55:15] <%컴터 (sminech1004)> ㄷㄷ
[2021-12-10 20:55:18] <뱃살좋아해요 (djsk)> 야 그래도 뱃살로 또 핫클립 가더만
[2021-12-10 20:55:18] <절_오빠 (gun_224)> 화내는거 잼민인줄 ㅋ
[2021-12-10 20:55:20] <뱃살좋아해요 (djsk)> ?
[2021-12-10 20:55:20] <@^빵_떡 (bbangddeock)> bbangd1Un
[2021-12-10 20:55:24] <바지먹는푸 (whgusdh159)> 폭탄선언
[2021-12-10 20:55:25] <%여물이_ (sayjin6209)> 트수들아 수저 자꾸 놀리면 도망가..
[2021-12-10 20:55:25] <%컴터 (sminech1004)> [죄수]트송합니다
[2021-12-10 20:55:31] <뱃살좋아해요 (djsk)> 트송합니다
[2021-12-10 20:55:35] <시그넷 (walker1541)> 또 드시네
[2021-12-10 20:55:48] <%컴터 (sminech1004)> ㅋㅋㅋㅋㅋㅋㅋㅋㅋㅋㅋㅋㅋㅋㅋㅋㅋ
[2021-12-10 20:55:49] <뱃살좋아해요 (djsk)> 회전차량
[2021-12-10 20:55:52] <시그넷 (walker1541)> 미친ㅋㅋㅋㅋ
[2021-12-10 20:55:56] <smilk0214> 저런
[2021-12-10 20:55:57] <시그넷 (walker1541)> 사람이 먼저다 ㅋㅋㅋ
[2021-12-10 20:55:59] <뱃살좋아해요 (djsk)> ㅋㅋㅋㅋㅋㅋㅋㅋㅋㅋㅋㅋ
[2021-12-10 20:56:11] <시그넷 (walker1541)> 개터졌네 ㅋㅋㅋㅋ
[2021-12-10 20:56:12] <%컴터 (sminech1004)> 먼저긴해 ㅋㅋ
[2021-12-10 20:56:14] <바지먹는푸 (whgusdh159)> ㅋㅋㅋㅋㄱㄱㄱㅋㅋㅋ
[2021-12-10 20:56:18] <류로얄뉴로얄 (gls1311)> 웃기네 ㅋㅋㅋㅋㅋ
[2021-12-10 20:56:19] <뱃살좋아해요 (djsk)> 궁금ㅎ9
[2021-12-10 20:56:27] <%우한경겨탐나헤으응 (kylee24)> 중점이 사람이 먼저다 아임니꺼
[2021-12-10 20:56:29] <%우한경겨탐나헤으응 (kylee24)> 훠훠훠
[2021-12-10 20:57:00] <시그넷 (walker1541)> 수감번호 4885 출소하더니 사람보다 식욕이 먼저 인거 같은데
[2021-12-10 20:57:08] <뱃살좋아해요 (djsk)> 다 먹었으니 이제 텐션 올려보자잇
[2021-12-10 20:57:13] <시그넷 (walker1541)> 저렇게 먹으니 뱃살이....
[2021-12-10 20:57:26] <시그넷 (walker1541)> 분명 다락방 수감중엔 날씬했는데
[2021-12-10 20:57:29] <%컴터 (sminech1004)> ㄱㄴ?
[2021-12-10 20:57:38] <뱃살좋아해요 (djsk)> 오늘 뱃살 그렇게 안나왔는데?
[2021-12-10 20:57:40] <%우한경겨탐나헤으응 (kylee24)> 뱃살 보충완료 했으면 또 춤춰야지
[2021-12-10 20:57:48] <@^빵_떡 (bbangddeock)> 어서오세요 아직 팔로우 안하셨다면 팔로우 부탁해요 °˖✧◝(⁰▿⁰)◜✧˖°
[2021-12-10 20:57:48] <뱃살좋아해요 (djsk)> 아 내귀
[2021-12-10 20:58:57] <%컴터 (sminech1004)> 뱃야호~
[2021-12-10 20:58:59] <시그넷 (walker1541)> 허리 놀ㄹ..아니 뱃살 놀림 실화냐
[2021-12-10 20:59:03] <바지먹는푸 (whgusdh159)> 기분 업
[2021-12-10 20:59:05] <뱃살좋아해요 (djsk)> ㅋㅋㅋㅋㅋㅋㅋ
[2021-12-10 20:59:08] <뱃살좋아해요 (djsk)> 뱃야호~
[2021-12-10 20:59:21] <시그넷 (walker1541)> 아니 그래서 수감번호 4885 출소하더니 사람보다 식욕이 먼저 인거 같은데
[2021-12-10 20:59:31] <시그넷 (walker1541)> 분명 다락방 수감중엔 날씬했는데
[2021-12-10 20:59:39] <시그넷 (walker1541)> 왜 이리 됨 ㅠㅠ
[2021-12-10 20:59:40] <뱃살좋아해요 (djsk)> ㅋㅋㅋㅋㅋㅋㅋㅋ
[2021-12-10 20:59:48] <@^빵_떡 (bbangddeock)> 트윕> https://bit.ly/3AQyZo1 투네>https://url.kr/bj978f  스티키밤> https://bit.ly/3DYZXvV PAYPAL>https://streamlabs.com/spooony99
[2021-12-10 21:00:14] <smilk0214> 네코미미모드요
[2021-12-10 21:00:17] <시그넷 (walker1541)> 노래 분위기
[2021-12-10 21:00:23] <시그넷 (walker1541)> 무섭다
[2021-12-10 21:00:28] <뱃살좋아해요 (djsk)> 무섭다잉
[2021-12-10 21:00:37] <%컴터 (sminech1004)> 순간 저것도 먹는건줄
[2021-12-10 21:00:41] <뱃살좋아해요 (djsk)> ㅋㅋㅋㅋㅋㅋㅋㅋ
[2021-12-10 21:00:45] <시그넷 (walker1541)> 나두 ㅋㅋㅋㅋ
[2021-12-10 21:00:51] <%우한경겨탐나헤으응 (kylee24)> ㅋㅋㅋㅋㅋㅋㅋㅋㅋㅋㅋ
[2021-12-10 21:00:51] <시그넷 (walker1541)> 먹는건줄 ㅌㅋㅌ
[2021-12-10 21:01:25] <%컴터 (sminech1004)> ResidentSleeper ResidentSleeper ResidentSleeper
[2021-12-10 21:01:46] <%영어띠기 (dirjrjjd)> 셀프 나작스 또 시작했네
[2021-12-10 21:01:51] <smilk0214> !sr https://youtu.be/1094TtqbSCU
[2021-12-10 21:01:52] <@^빵_떡 (bbangddeock)> [음악] @smilk0214 타곤산 대포 실패한 래원 이(가) 6번째로 등록되었습니다.
[2021-12-10 21:01:54] <뱃살좋아해요 (djsk)> ㅋㅋㅋㅋㅋㅋㅋㅋ
[2021-12-10 21:02:00] <%우한경겨탐나헤으응 (kylee24)> she is daughter of  Amazon
[2021-12-10 21:02:08] <바지먹는푸 (whgusdh159)> ㅋㅋㄱㅋㄱ
[2021-12-10 21:02:30] <뱃살좋아해요 (djsk)> !sr 저스틴비버 yummy
[2021-12-10 21:02:30] <@^빵_떡 (bbangddeock)> [음악] @뱃살좋아해요 Justin Bieber - Yummy (Official Video) 이(가) 7번째로 등록되었습니다.
[2021-12-10 21:03:11] <뱃살좋아해요 (djsk)> 가자잇
[2021-12-10 21:03:14] <%우한경겨탐나헤으응 (kylee24)> korea
[2021-12-10 21:03:15] <뱃살좋아해요 (djsk)> 멕시코
[2021-12-10 21:03:19] <$하루하루과제지옥 (dbdhmwkhl)> ???
[2021-12-10 21:03:21] <%우한경겨탐나헤으응 (kylee24)> mexico
[2021-12-10 21:03:21] <%컴터 (sminech1004)> ?
[2021-12-10 21:03:22] <@^빵_떡 (bbangddeock)> bbangd1Un
[2021-12-10 21:03:23] <바지먹는푸 (whgusdh159)> 뉴질
[2021-12-10 21:03:27] <%우한경겨탐나헤으응 (kylee24)> 몰러
[2021-12-10 21:03:30] <뱃살좋아해요 (djsk)> 네덜란드
[2021-12-10 21:03:32] <%우한경겨탐나헤으응 (kylee24)> 러시아?
[2021-12-10 21:03:34] <뱃살좋아해요 (djsk)> 일본
[2021-12-10 21:03:38] <%우한경겨탐나헤으응 (kylee24)> 왜구
[2021-12-10 21:03:38] <$하루하루과제지옥 (dbdhmwkhl)> !능지
[2021-12-10 21:03:47] <$하루하루과제지옥 (dbdhmwkhl)> !상식
[2021-12-10 21:03:48] <뱃살좋아해요 (djsk)> 우리 수저는 아무코토 몰라요~
[2021-12-10 21:04:05] <뱃살좋아해요 (djsk)> ㅇㅈ
[2021-12-10 21:04:14] <$하루하루과제지옥 (dbdhmwkhl)> 그 오스트레일리아는 좀 에반데
[2021-12-10 21:04:18] <뱃살좋아해요 (djsk)> 수저씨 허리사이즈는 몇인가요?
[2021-12-10 21:04:20] <smilk0214> !sr https://youtu.be/TC0k1GZKljM
[2021-12-10 21:04:21] <@^빵_떡 (bbangddeock)> [음악] @smilk0214 뭐라는거야 ㅋㅋㅋㅋㅋ 이(가) 8번째로 등록되었습니다.
[2021-12-10 21:04:42] <뱃살좋아해요 (djsk)> 암요암요
[2021-12-10 21:04:43] <%컴터 (sminech1004)> 암요암요~
[2021-12-10 21:04:44] <$하루하루과제지옥 (dbdhmwkhl)> 암요암요
[2021-12-10 21:04:48] <바지먹는푸 (whgusdh159)> 암요암요
[2021-12-10 21:04:55] <%컴터 (sminech1004)> 킹받는 안경 ㄱ
[2021-12-10 21:04:56] <$하루하루과제지옥 (dbdhmwkhl)> <<<<암요암요
[2021-12-10 21:04:58] <뱃살좋아해요 (djsk)> ㅋㅋㅋㅋㅋㅋㅋ
[2021-12-10 21:05:09] <$하루하루과제지옥 (dbdhmwkhl)> ☜암요암요
[2021-12-10 21:05:26] <뱃살좋아해요 (djsk)> ㅇㅈ
[2021-12-10 21:05:46] <%영어띠기 (dirjrjjd)> 콩스트 ㅋㅋㅋㅋㅋㅋㅋㅋㅋㅋㅋ
[2021-12-10 21:05:53] <뱃살좋아해요 (djsk)> ㅋㅋㅋㅋㅋㅋㅋㅋㅋㅋ
[2021-12-10 21:05:53] <$하루하루과제지옥 (dbdhmwkhl)> ㅋㅋㅋㅋㅋㅋㅋㅋㅋㅋㅋㅋㅋㅋㅋ
[2021-12-10 21:05:59] <%컴터 (sminech1004)> ㅋㅋㅋㅋㅋㅋㅋㅋㅋㅋㅋㅋㅋㅋㅋㅋㅋ
[2021-12-10 21:06:02] <뱃살좋아해요 (djsk)> 아싸 이걸로 다른 방 놀려먹어야지
[2021-12-10 21:06:06] <뱃살좋아해요 (djsk)> !클립
[2021-12-10 21:06:07] <%컴터 (sminech1004)> 나도~
[2021-12-10 21:06:07] <@^빵_떡 (bbangddeock)> [클립생성] 클립 생성이 진행중입니다. 클립 생성에 약 5초 정도 소요됩니다.
[2021-12-10 21:06:13] <@^빵_떡 (bbangddeock)> [클립생성] @뱃살좋아해요 클립이 생성되었습니니다. 클립 주소 : https://clips.twitch.tv/NiceBillowingJuicePJSalt-OP9oxYB8yhaT2Zy5
[2021-12-10 21:06:14] <%컴터 (sminech1004)> 여기가 될수도있음^^
[2021-12-10 21:06:21] <뱃살좋아해요 (djsk)> 개 꼴받겠다 다른 스트리머 ㅋㅋㅋ
[2021-12-10 21:06:24] <절_오빠 (gun_224)> 웰케 올려서 재여
[2021-12-10 21:06:32] <뱃살좋아해요 (djsk)> 30 ㅓㅜㅑ
[2021-12-10 21:06:32] <$하루하루과제지옥 (dbdhmwkhl)> 거기서 재는 거 맞어?
[2021-12-10 21:06:37] Viewerstats (20:38-21:06): avg:51 min:48 max:54 [15/50+0+4+0-6+0+0+3+0+0+2+1+0-3+0]
[2021-12-10 21:06:47] <뱃살좋아해요 (djsk)> ㅋㅋㅋㅋㅋㅋㅋㅋ
[2021-12-10 21:06:50] <절_오빠 (gun_224)> 명치를 재고있어!
[2021-12-10 21:06:52] <%컴터 (sminech1004)> ㅋㅋㅋㅋㅋㅋㅋㅋㅋㅋㅋ
[2021-12-10 21:06:55] <뱃살좋아해요 (djsk)> 야발
[2021-12-10 21:07:02] <%컴터 (sminech1004)> 다양하게 다치시네요~
[2021-12-10 21:07:39] <뱃살좋아해요 (djsk)> !클립
[2021-12-10 21:07:40] <@^빵_떡 (bbangddeock)> [클립생성] 클립 생성이 진행중입니다. 클립 생성에 약 5초 정도 소요됩니다.
[2021-12-10 21:07:45] <@^빵_떡 (bbangddeock)> [클립생성] @뱃살좋아해요 클립이 생성되었습니니다. 클립 주소 : https://clips.twitch.tv/BoringWanderingMarjoramCorgiDerp-0X01KzGVOjjah9nA
[2021-12-10 21:07:53] <뱃살좋아해요 (djsk)> 감사용
[2021-12-10 21:07:56] <%컴터 (sminech1004)> 여기다 잘 쓰겠습니다~
[2021-12-10 21:07:58] <火龍巨根 (70180cmwat)> ？
[2021-12-10 21:08:13] <%컴터 (sminech1004)> 근데 어울리네
[2021-12-10 21:08:18] <smilk0214> !sr https://youtu.be/Hs7Ivn7DMHE
[2021-12-10 21:08:18] <@^빵_떡 (bbangddeock)> [음악] @smilk0214 1인당 5개를 넘을 수 없습니다.
[2021-12-10 21:09:11] <$하루하루과제지옥 (dbdhmwkhl)> 지금 이거 신청곡 나오는거?
[2021-12-10 21:09:18] <뱃살좋아해요 (djsk)> 밥먹어서 졸립구만
[2021-12-10 21:09:18] <smilk0214> !sr https://youtu.be/Hs7Ivn7DMHE
[2021-12-10 21:09:19] <@^빵_떡 (bbangddeock)> [음악] @smilk0214 래원 - 격리해제 지리는 전기충격 플로우ㅋㅋㅋㅋ 이(가) 8번째로 등록되었습니다.
[2021-12-10 21:09:26] <$하루하루과제지옥 (dbdhmwkhl)> !sl
[2021-12-10 21:09:26] <@^빵_떡 (bbangddeock)> 음악 리스트 : https://bbang.unripesoft.com/song.php?streamer=spooony99
[2021-12-10 21:09:33] <뱃살좋아해요 (djsk)> 오늘 춤 조짐?
[2021-12-10 21:10:25] <뱃살좋아해요 (djsk)> 오 저방가서 킹받게 해야겟다 수저 클립딴걸로 ㅋㅋㅋ
[2021-12-10 21:10:33] <뱃살좋아해요 (djsk)> ㄹㅇ 빡치면 어캄?
[2021-12-10 21:10:39] <뱃살좋아해요 (djsk)> ㅋㅋㅋㅋㅋㅋㅋㅋㅋㅋㅋ
[2021-12-10 21:10:40] <%컴터 (sminech1004)> ㅋㅋㅋㅋㅋㅋㅋㅋㅋㅋㅋ
[2021-12-10 21:10:44] <$하루하루과제지옥 (dbdhmwkhl)> 오늘 보고서 많이 오겠네
[2021-12-10 21:10:44] <%컴터 (sminech1004)> 손------절
[2021-12-10 21:10:50] <뱃살좋아해요 (djsk)> 손------절
[2021-12-10 21:10:57] <바지먹는푸 (whgusdh159)> 컷
[2021-12-10 21:11:24] <뱃살좋아해요 (djsk)> 수출 오지게 하는중
[2021-12-10 21:11:41] <뱃살좋아해요 (djsk)> ㅋㅋㅋㅋㅋㅋㅋ
[2021-12-10 21:11:55] <뱃살좋아해요 (djsk)> 수저 휴방할때 보통 수출하는 편~
[2021-12-10 21:11:59] <%여물이_ (sayjin6209)> 트수인친구한테
[2021-12-10 21:12:07] <%여물이_ (sayjin6209)> 홍보해줌
[2021-12-10 21:12:10] <뱃살좋아해요 (djsk)> ㅋㅋㅋㅋㅋㅋ
[2021-12-10 21:12:26] <뱃살좋아해요 (djsk)> 낼 휴방?
[2021-12-10 21:12:31] <%여물이_ (sayjin6209)> 갓직히 섹시한건 너무많다 여기 뱃살미녀 있다 새롭다
[2021-12-10 21:12:36] <%여물이_ (sayjin6209)> 로 꼬득임
[2021-12-10 21:12:45] <뱃살좋아해요 (djsk)> ㅋㅋㅋㅋㅋㅋㅋㅋㅋ
[2021-12-10 21:12:50] <바지먹는푸 (whgusdh159)> ㅋㅋㅋㅋㅋㅋㄱ
[2021-12-10 21:12:56] <$하루하루과제지옥 (dbdhmwkhl)> 뗵! 띠
[2021-12-10 21:12:58] <%컴터 (sminech1004)> 뱃살로 충분한걸요~
[2021-12-10 21:13:07] <뱃살좋아해요 (djsk)> 뱃살이 이미 너무 섹시한걸~
[2021-12-10 21:13:09] <%여물이_ (sayjin6209)> 얼굴이 섹시상이 아니에요
[2021-12-10 21:13:12] <%여물이_ (sayjin6209)> 뱃살이 섹시상임
[2021-12-10 21:13:15] <smilk0214> !sr https://youtu.be/6iseNlvH2_s
[2021-12-10 21:13:16] <@^빵_떡 (bbangddeock)> [음악] @smilk0214 Lucky Star Opening - BluRay 720p らき☆すた 이(가) 8번째로 등록되었습니다.
[2021-12-10 21:13:17] <바지먹는푸 (whgusdh159)> ㅇㅈ
[2021-12-10 21:13:32] <%여물이_ (sayjin6209)> 얼굴은 큐티 상임
[2021-12-10 21:13:35] <뱃살좋아해요 (djsk)> ㅇㅈ
[2021-12-10 21:13:35] <$하루하루과제지옥 (dbdhmwkhl)> !sr 스트로베리 소리갱
[2021-12-10 21:13:36] <@^빵_떡 (bbangddeock)> [음악] @하루하루과제지옥 IU-strawberrymoon (cover by_소리갱) 이(가) 9번째로 등록되었습니다.
[2021-12-10 21:13:38] <smilk0214> 이거 연주하는 기계가 진짜 멋있는데
[2021-12-10 21:14:00] <바지먹는푸 (whgusdh159)> 기차 엔진같은게
[2021-12-10 21:14:03] <바지먹는푸 (whgusdh159)> 악기네
[2021-12-10 21:14:08] <뱃살좋아해요 (djsk)> !sr 프라이머리 물음표
[2021-12-10 21:14:08] <$하루하루과제지옥 (dbdhmwkhl)> 아 뭔지 알지
[2021-12-10 21:14:09] <@^빵_떡 (bbangddeock)> [음악] @뱃살좋아해요 ? (물음표 question mark) (Feat. 최자 Choiza of 다이나믹듀오 Dynamic Duo, Zion.T) 이(가) 10번째로 등록되었습니다.
[2021-12-10 21:14:13] <smilk0214> 근대 설계상 문제가 생겨서
[2021-12-10 21:14:18] <뱃살좋아해요 (djsk)> ㅓㅜㅑ
[2021-12-10 21:14:18] <smilk0214> 대충 마무리 한데요
[2021-12-10 21:14:33] <smilk0214> 저거 만드는데 4년 걸렸는데
[2021-12-10 21:14:38] <뱃살좋아해요 (djsk)> ㅋㅋㅋㅋㅋㅋㅋㅋㅋ
[2021-12-10 21:14:46] <%여물이_ (sayjin6209)> ㅋㅋㅋㅋㅋㅋㅋㅋ
[2021-12-10 21:14:48] <@^빵_떡 (bbangddeock)> 트윕> https://bit.ly/3AQyZo1 투네>https://url.kr/bj978f  스티키밤> https://bit.ly/3DYZXvV PAYPAL>https://streamlabs.com/spooony99
[2021-12-10 21:14:56] <뱃살좋아해요 (djsk)> 뱃살 졸귀탱
[2021-12-10 21:15:07] <뱃살좋아해요 (djsk)> ㅗㅜㅑ
[2021-12-10 21:15:10] <%여물이_ (sayjin6209)> 나중에 머기업되서 사인회같튼거 하시면
[2021-12-10 21:15:12] <뱃살좋아해요 (djsk)> 호떡 실하다
[2021-12-10 21:15:21] <%여물이_ (sayjin6209)> 배에 해야하나요?
[2021-12-10 21:15:24] <뱃살좋아해요 (djsk)> ㅋㅋㅋㅋㅋㅋㅋㅋ
[2021-12-10 21:15:26] <%컴터 (sminech1004)> ㅋㅋㅋㅋㅋㅋㅋㅋㅋㅋㅋㅋㅋㅋㅋㅋㅋㅋㅋㅋㅋ
[2021-12-10 21:15:31] <바지먹는푸 (whgusdh159)> ㅋㅋㄱㅋㄱㅋㅋㅋㅋㄱㅋ
[2021-12-10 21:15:32] <%컴터 (sminech1004)> 배 띵동 가능?
[2021-12-10 21:15:35] <뱃살좋아해요 (djsk)> ㅋㅋㅋㅋㅋㅋㅋㅋㅋ
[2021-12-10 21:15:40] <smilk0214> 마침 슬픈 노래가 나오네요
[2021-12-10 21:15:43] <바지먹는푸 (whgusdh159)> 즉석 호떡?
[2021-12-10 21:15:49] <%컴터 (sminech1004)> 타스는 코 뽈롱도 시켜줬는걸요 ㅠ
[2021-12-10 21:15:57] <%여물이_ (sayjin6209)> 배로 유명해지면 배민에서 광고 올지도 몰라요
[2021-12-10 21:15:57] <뱃살좋아해요 (djsk)> 합방 할 생각은 없음 그냥 궁금해서 물어봄
[2021-12-10 21:16:12] <smilk0214> 배민이 뱃살의 민족인가요
[2021-12-10 21:16:19] <%컴터 (sminech1004)> ㅔ
[2021-12-10 21:16:23] <뱃살좋아해요 (djsk)> ㅋㅋㅋㅋㅋ
[2021-12-10 21:16:31] <%영어띠기 (dirjrjjd)> 포상 달달하고
[2021-12-10 21:16:33] <%영어띠기 (dirjrjjd)> 혀하
[2021-12-10 21:16:45] <뱃살좋아해요 (djsk)> 아는 스트리머랑 같이 방송 할 생각 있냐고 물어보는거임 ㅋㅋ
[2021-12-10 21:16:55] <%영어띠기 (dirjrjjd)> 혀는 진짜 치명적으로 생김
[2021-12-10 21:16:56] <smilk0214> 이거 연주도 좋죠
[2021-12-10 21:16:59] <뱃살좋아해요 (djsk)> 오
[2021-12-10 21:17:20] <뱃살좋아해요 (djsk)> 뱃살좌에 합방? 가슴이 웅장해진다
[2021-12-10 21:17:48] <뱃살좋아해요 (djsk)> 둘다 머기업이시네
[2021-12-10 21:17:48] <@^빵_떡 (bbangddeock)> 저는 영어외에는 잘 몰라요ㅠㅠ 되도록 영어를 사용해 주세요.除了英语以外我什么都不懂ㅠㅠ 请尽量使用英语.Я почти ничего не знаю, кроме английского ㅠㅠ Пожалуйста, используйте английский как можно больше.
[2021-12-10 21:18:09] <smilk0214> 트최O 들 모여서 엑조디아 하면 재미있을듯
[2021-12-10 21:18:25] <뱃살좋아해요 (djsk)> 갱님이랑 같이하면 잼있을듯
[2021-12-10 21:18:26] <%컴터 (sminech1004)> 뱃살 융합~
[2021-12-10 21:18:31] <뱃살좋아해요 (djsk)> ㅋㅋㅋㅋㅋㅋㅋㅋㅋ
[2021-12-10 21:18:42] <바지먹는푸 (whgusdh159)> ㅋㅋㅋㅋㅋㄱ
[2021-12-10 21:18:55] <뱃살좋아해요 (djsk)> 루즈하긴 했음 ㅋㅋ
[2021-12-10 21:19:24] <뱃살좋아해요 (djsk)> 서로 배도 비교하는 사이라며 ㅋㅋ
[2021-12-10 21:19:34] <smilk0214> !sr https://youtu.be/dbB5PpcRHl4
[2021-12-10 21:19:35] <@^빵_떡 (bbangddeock)> [음악] @smilk0214 외부 재생 불가 의 이유로 등록이 불가능합니다.
[2021-12-10 21:19:40] <뱃살좋아해요 (djsk)> ㅋㅋㅋㅋㅋㅋㅋㅋㅋ
[2021-12-10 21:19:55] <뱃살좋아해요 (djsk)> 이제 압살하러 가자
[2021-12-10 21:20:01] <뱃살좋아해요 (djsk)> 혼내줘야지 뱃살로
[2021-12-10 21:20:02] <호구마맛탕 (skg05041)> 뱃하
[2021-12-10 21:20:10] <%여물이_ (sayjin6209)> 여긴 이악물고 찐다구!
[2021-12-10 21:20:19] <뱃살좋아해요 (djsk)> ㅋㅋㅋㅋㅋㅋㅋ
[2021-12-10 21:20:22] <바지먹는푸 (whgusdh159)> ㅋㅋㅋㄱㅋㅋㅋㄱㅋ
[2021-12-10 21:20:31] <뱃살좋아해요 (djsk)> 쪄도 괜차나
[2021-12-10 21:20:42] <$하루하루과제지옥 (dbdhmwkhl)> !sr 저팔계 노래
[2021-12-10 21:20:43] <@^빵_떡 (bbangddeock)> [음악] @하루하루과제지옥 날아라 슈퍼보드 저팔계송 추억 이(가) 9번째로 등록되었습니다.
[2021-12-10 21:20:44] <뱃살좋아해요 (djsk)> ㅋㅋㅋㅋㅋㅋ
[2021-12-10 21:20:52] <호구마맛탕 (skg05041)> 내일 코로나 검사 받으러 보건소 갑니다
[2021-12-10 21:21:00] <뱃살좋아해요 (djsk)> 저팔계 컷
[2021-12-10 21:21:21] <뱃살좋아해요 (djsk)> 노래 개 쌓인듯 ㅋㅋ
[2021-12-10 21:21:32] <호구마맛탕 (skg05041)> 공부하러 왔다갔다만 하다가 접촉자랑 접촉하면..
[2021-12-10 21:21:37] <호구마맛탕 (skg05041)> 기분이 아주 그지같더군요
[2021-12-10 21:22:00] <뱃살좋아해요 (djsk)> 오 야미야미
[2021-12-10 21:22:16] <%컴터 (sminech1004)> 밖을나가다니 인싸 ㄷ
[2021-12-10 21:22:18] <smilk0214> !sr https://youtu.be/-EtOAaK19bA
[2021-12-10 21:22:19] <@^빵_떡 (bbangddeock)> [음악] @smilk0214 Warframe | Sleeping In The Cold Below 이(가) 6번째로 등록되었습니다.
[2021-12-10 21:22:22] <호구마맛탕 (skg05041)> 오늘 머리 스타일은 어려보이고 싶은 이모인가요?
[2021-12-10 21:22:40] <뱃살좋아해요 (djsk)> ㅋㅋㅋㅋㅋㅋㅋㅋ
[2021-12-10 21:22:41] <호구마맛탕 (skg05041)> 너무 어려보인다
[2021-12-10 21:22:42] <호구마맛탕 (skg05041)> 뭐지?
[2021-12-10 21:22:49] <호구마맛탕 (skg05041)> 수저님 ㄹㅇ 고딩인줄
[2021-12-10 21:22:57] <호구마맛탕 (skg05041)> 아닠ㅋㅋㅋㅋㅋㅋ
[2021-12-10 21:22:58] <뱃살좋아해요 (djsk)> ㅋㅋㅋㅋㅋㅋㅋㅋㅋㅋㅋㅋㅋㅋㅋㅋㅋ
[2021-12-10 21:23:00] <호구마맛탕 (skg05041)> 죄송합니다..
[2021-12-10 21:23:00] <바지먹는푸 (whgusdh159)> 어디가!!
[2021-12-10 21:23:02] <뱃살좋아해요 (djsk)> 저기요
[2021-12-10 21:23:05] <호구마맛탕 (skg05041)> 죄송해요!!!
[2021-12-10 21:23:11] <smilk0214> !sr https://youtu.be/FpvUu3xHurU
[2021-12-10 21:23:12] <@^빵_떡 (bbangddeock)> [음악] @smilk0214 유튜버 과나의 두비두바 두부두부면쏭! 자다가도 생각나는 흥폭발, 저세상텐션 그 노래 이(가) 7번째로 등록되었습니다.
[2021-12-10 21:23:15] <호구마맛탕 (skg05041)> 여고딩인줄 ㅎㅎ
[2021-12-10 21:23:18] <뱃살좋아해요 (djsk)> 이미 이모에서 석나감
[2021-12-10 21:23:39] <뱃살좋아해요 (djsk)> 오
[2021-12-10 21:23:44] <뱃살좋아해요 (djsk)> 3400팔 넘었네
[2021-12-10 21:23:57] <뱃살좋아해요 (djsk)> ㅊㅊ
[2021-12-10 21:24:06] <뱃살좋아해요 (djsk)> 뱃살처럼 쭉쭉늘어나라~
[2021-12-10 21:24:22] <%여물이_ (sayjin6209)> 혹시 1만팔에는 집에 있는 바지 몽땅 안맞는거 아닙니까?
[2021-12-10 21:24:22] <뱃살좋아해요 (djsk)> ㅋㅋㅋㅋㅋㅋㅋ
[2021-12-10 21:24:23] <%컴터 (sminech1004)> ㅋㅋㅋㅋㅋㅋㅋㅋㅋㅋㅋㅋ
[2021-12-10 21:24:51] <호구마맛탕 (skg05041)> 근데 매운거 잘먹어요?
[2021-12-10 21:24:53] <뱃살좋아해요 (djsk)> 근데 보니까 먹는거에 비해 살 안쪄서 그정도는 안될듯 ㅋㅋㅋ
[2021-12-10 21:25:02] <호구마맛탕 (skg05041)> 아까부터 야미야미 하시는데 배고프신가요?
[2021-12-10 21:25:19] <%컴터 (sminech1004)> 트수탓ㄴ
[2021-12-10 21:25:20] <호구마맛탕 (skg05041)> 그렇구나
[2021-12-10 21:25:29] <%컴터 (sminech1004)> 왜 끄고해..
[2021-12-10 21:25:32] <호구마맛탕 (skg05041)> 방송 키고 하자
[2021-12-10 21:25:35] <$하루하루과제지옥 (dbdhmwkhl)> ?
[2021-12-10 21:25:35] <뱃살좋아해요 (djsk)> !sr 브루노마스 finese
[2021-12-10 21:25:35] <@^빵_떡 (bbangddeock)> bbangd1Un
[2021-12-10 21:25:36] <@^빵_떡 (bbangddeock)> [음악] @뱃살좋아해요 Bruno Mars - Finesse (Remix) (feat. Cardi B) (Official Music Video) 이(가) 7번째로 등록되었습니다.
[2021-12-10 21:25:36] <호구마맛탕 (skg05041)> 실시간으로 빡쳐주세요
[2021-12-10 21:25:36] <%컴터 (sminech1004)> 볼사람은 보라하죠
[2021-12-10 21:25:46] <$하루하루과제지옥 (dbdhmwkhl)> !sr https://www.youtube.com/watch?v=80-XDhrsDhc
[2021-12-10 21:25:46] <@^빵_떡 (bbangddeock)> [음악] @하루하루과제지옥 [갱복치] 살빼라 돼지야 이(가) 8번째로 등록되었습니다.
[2021-12-10 21:26:06] <$하루하루과제지옥 (dbdhmwkhl)> !sr 미미쨩 입덕 영상
[2021-12-10 21:26:07] <@^빵_떡 (bbangddeock)> [음악] @하루하루과제지옥 미미쨩 입덕 영상 이(가) 9번째로 등록되었습니다.
[2021-12-10 21:26:13] <뱃살좋아해요 (djsk)> 래원은 아무리 들어도 가사 못 외우겟다
[2021-12-10 21:26:15] <%컴터 (sminech1004)> 기래요
[2021-12-10 21:26:19] <$하루하루과제지옥 (dbdhmwkhl)> 지금 알트포?
[2021-12-10 21:26:26] <뱃살좋아해요 (djsk)> 알트 엑프포 잘함?
[2021-12-10 21:26:34] <%컴터 (sminech1004)> 700데스던데
[2021-12-10 21:26:41] <뱃살좋아해요 (djsk)> ㅋㅋㅋㅋㅋㅋㅋ
[2021-12-10 21:26:46] <뱃살좋아해요 (djsk)> 와 사람 아니구만
[2021-12-10 21:26:49] <%컴터 (sminech1004)> 머기업도 900가서 깸 ㄱㅊ
[2021-12-10 21:26:54] <바지먹는푸 (whgusdh159)> 죽는거 보는 재미가 쏠쏠함
[2021-12-10 21:26:58] <뱃살좋아해요 (djsk)> 가자
[2021-12-10 21:27:11] <%컴터 (sminech1004)> 트수는 안하죠? ㅇㅅㅇ
[2021-12-10 21:27:31] <뱃살좋아해요 (djsk)> ㅇㅋㅇㅋ
[2021-12-10 21:27:41] <뱃살좋아해요 (djsk)> 노래 계속 충전 해놓을게
[2021-12-10 21:27:48] <@^빵_떡 (bbangddeock)> 1. 닉언 금지2. 타스언급 금지3. 흐름 끊는 강요금지
[2021-12-10 21:27:48] <@^빵_떡 (bbangddeock)> 어서오세요 아직 팔로우 안하셨다면 팔로우 부탁해요 °˖✧◝(⁰▿⁰)◜✧˖°
[2021-12-10 21:27:49] <%컴터 (sminech1004)> ㅋㅋㅋㅋㅋㅋㅋㅋㅋㅋㅋㅋ
[2021-12-10 21:27:59] <뱃살좋아해요 (djsk)> !sr 소코도모 be
[2021-12-10 21:28:00] <@^빵_떡 (bbangddeock)> [음악] @뱃살좋아해요 [ENG] [SMTM10/9회] ♬ BE ! (Feat. 팔로알토, lIlBOI)- 소코도모 @세미파이널 | Mnet 211126 방송 이(가) 8번째로 등록되었습니다.
[2021-12-10 21:28:04] <smilk0214> !sr https://youtu.be/8xCXfyp5ZRQ
[2021-12-10 21:28:17] <뱃살좋아해요 (djsk)> !sr 프라이머리 씨스루
[2021-12-10 21:28:18] <@^빵_떡 (bbangddeock)> [음악] @뱃살좋아해요 프라이머리(Primary) - ''씨스루 (Feat. 개코, Zion.T)'' M/V 이(가) 8번째로 등록되었습니다.
[2021-12-10 21:28:30] <뱃살좋아해요 (djsk)> !sr 서동현 털어
[2021-12-10 21:28:32] <@^빵_떡 (bbangddeock)> [음악] @뱃살좋아해요 [4K/ENG] BIG Naughty - 털어! (Feat. M1NU, Veinyfl, Swervy, 래원, 이영지, Lil Nekh, D.Ark) | [DF LIVE] 빅나티 이(가) 9번째로 등록되었습니다.
[2021-12-10 21:28:41] ~간장공장공장장은강공장장이고, 된장공장공장장은공공장장이다. (ALTF4)~
[2021-12-10 21:28:43] <뱃살좋아해요 (djsk)> 빨리 하자 잼있겟다
[2021-12-10 21:28:53] <%컴터 (sminech1004)> 으아 알트에프포 귀신이다~
[2021-12-10 21:28:56] <뱃살좋아해요 (djsk)> ㅋㅋㅋㅋㅋㅋㅋ
[2021-12-10 21:29:01] <뱃살좋아해요 (djsk)> 가자잇~
[2021-12-10 21:29:29] <%컴터 (sminech1004)> 개미 안털리게 뱃캠 켜놓고하죠
[2021-12-10 21:29:42] <뱃살좋아해요 (djsk)> 동의합니다
[2021-12-10 21:29:48] <%컴터 (sminech1004)> ㄲㅂ
[2021-12-10 21:29:48] <@^빵_떡 (bbangddeock)> 트윕> https://bit.ly/3AQyZo1 투네>https://url.kr/bj978f  스티키밤> https://bit.ly/3DYZXvV PAYPAL>https://streamlabs.com/spooony99
[2021-12-10 21:29:52] <%컴터 (sminech1004)> 이걸 안넘어오네
[2021-12-10 21:29:53] <바지먹는푸 (whgusdh159)> ㅋㅋㅋㅋㅋㅋㅋㄱ
[2021-12-10 21:29:55] <호구마맛탕 (skg05041)> 곧 800데스시네
[2021-12-10 21:29:56] <뱃살좋아해요 (djsk)> ㅋㅋㅋㅋㅋㅋㅋ
[2021-12-10 21:30:16] <%컴터 (sminech1004)> 썸네일보고 올수도있죠~
[2021-12-10 21:30:16] <뱃살좋아해요 (djsk)> 뱃캠하면 오히려 늘어날수도? ㅋㅋㅋㅋ
[2021-12-10 21:30:30] <뱃살좋아해요 (djsk)> ㅋㅋㅋㅋㅋㅋㅋㅋㅋ
[2021-12-10 21:30:33] <뱃살좋아해요 (djsk)> 쏘리요
[2021-12-10 21:30:40] <바지먹는푸 (whgusdh159)> 츤츤
[2021-12-10 21:30:47] <뱃살좋아해요 (djsk)> 츤데레 넘 좋아
[2021-12-10 21:31:07] <뱃살좋아해요 (djsk)> 트최뱃! 트최뱃!
[2021-12-10 21:31:19] <%컴터 (sminech1004)> ㅋㅋㅋㅋㅋㅋㅋㅋㅋㅋㅋㅋㅋㅋㅋㅋㅋㅋㅋ
[2021-12-10 21:31:22] <뱃살좋아해요 (djsk)> ㅋㅋㅋㅋㅋㅋㅋㅋㅋㅋ
[2021-12-10 21:31:26] <%컴터 (sminech1004)> 이걸 해주네 역시 방장이야
[2021-12-10 21:31:26] <잭1스킹 (kmw2039)> 오 오자마자 이걸보다니ㅋㅋㅋ
[2021-12-10 21:31:26] <바지먹는푸 (whgusdh159)> ㅋㅋㅋㅋㅋㅋㄱ
[2021-12-10 21:31:37] <뱃살좋아해요 (djsk)> 좋다잉
[2021-12-10 21:31:39] <바지먹는푸 (whgusdh159)> 합체
[2021-12-10 21:31:43] <%컴터 (sminech1004)> ㅔ~
[2021-12-10 21:31:44] <뱃살좋아해요 (djsk)> 네
[2021-12-10 21:32:02] <%여물이_ (sayjin6209)> 오ㅓ ㅋㅋㅋㅋㅋ
[2021-12-10 21:32:05] <%여물이_ (sayjin6209)> 와 ㅋㅋㅋㅋㅋ
[2021-12-10 21:32:09] <뱃살좋아해요 (djsk)> 됏다
[2021-12-10 21:32:17] <%여물이_ (sayjin6209)> 원래 은근히 보이는게 더 아 아닙니다
[2021-12-10 21:32:17] <%컴터 (sminech1004)> ㅋㅋㅋㅋㅋㅋㅋㅋㅋㅋㅋㅋㅋㅋㅋㅋㅋㅋㅋㅋㅋ
[2021-12-10 21:32:22] <뱃살좋아해요 (djsk)> 뱃캠 하니 귀신같이 사람 8명 늘어나네
[2021-12-10 21:32:27] <바지먹는푸 (whgusdh159)> ㅋㅋㅋㅋㅋㅋㅋㅋ
[2021-12-10 21:32:29] <호구마맛탕 (skg05041)> ㅋㅋㅋㅋㅋㅋㅋㅋㅋ
[2021-12-10 21:32:29] <smilk0214> 이것이 4차산업혁명이다
[2021-12-10 21:32:37] <%컴터 (sminech1004)> 뱃살좌! 뱃살좌! 뱃살좌! 뱃살좌! 뱃살좌!
[2021-12-10 21:32:38] <호구마맛탕 (skg05041)> 배가 말하는거예여 수저님이 말하는거예요?
[2021-12-10 21:32:47] <뱃살좋아해요 (djsk)> 트최뱃 트최뱃 트최뱃
[2021-12-10 21:32:53] <%컴터 (sminech1004)> 뱃살살님 한판해요!
[2021-12-10 21:33:06] <뱃살좋아해요 (djsk)> 와
[2021-12-10 21:33:07] <%컴터 (sminech1004)> ㅋㅋㅋㅋㅋㅋㅋㅋㅋㅋㅋ
[2021-12-10 21:33:08] <잭1스킹 (kmw2039)> 뱃살 점점 나오는거 보소 귀엽다
[2021-12-10 21:33:11] <%컴터 (sminech1004)> 기가막히게 죽넼ㅋㅋㅋㅋ
[2021-12-10 21:33:11] <바지먹는푸 (whgusdh159)> ㅋㅋㅋㅋㅋㄱㅋㄱ
[2021-12-10 21:33:20] <뱃살좋아해요 (djsk)> ㅋㅋㅋㅋㅋㅋㅋㅋ
[2021-12-10 21:33:37] <뱃살좋아해요 (djsk)> 와
[2021-12-10 21:33:41] <뱃살좋아해요 (djsk)> 개못한다
[2021-12-10 21:34:42] <뱃살좋아해요 (djsk)> 지금 뱃살도 집중하고 있다  화이팅 하자
[2021-12-10 21:35:01] <뱃살좋아해요 (djsk)> ㅋㅋㅋㅋㅋㅋㅋㅋㅋ
[2021-12-10 21:35:02] <%컴터 (sminech1004)> ㅋㅋㅋㅋㅋㅋㅋㅋㅋㅋㅋㅋ
[2021-12-10 21:35:55] <뱃살좋아해요 (djsk)> !sr mc몽 사랑범벅
[2021-12-10 21:35:56] <@^빵_떡 (bbangddeock)> [음악] @뱃살좋아해요 [MV] MC MONG(MC몽) _ Love mash(사랑 범벅) (Feat. Chancellor(챈슬러) of the channels) 이(가) 8번째로 등록되었습니다.
[2021-12-10 21:36:15] <%여물이_ (sayjin6209)> 선생님 화내실때마다 배가 뽈롱뽈롱 거리는게 너무 신기해요
[2021-12-10 21:36:17] <$하루하루과제지옥 (dbdhmwkhl)> ㅋㅋㅋㅋㅋ
[2021-12-10 21:36:17] <%컴터 (sminech1004)> ㅋㅋㅋㅋㅋㅋㅋㅋㅋㅋㅋ
[2021-12-10 21:36:19] <바지먹는푸 (whgusdh159)> 짜릿
[2021-12-10 21:36:25] <smilk0214> !sr https://youtu.be/EQXuHjRHX00
[2021-12-10 21:36:26] <@^빵_떡 (bbangddeock)> [음악] @smilk0214 래원(Layone) - !!! (Prod. Lnb) [Lyrics / 가사] 이(가) 9번째로 등록되었습니다.
[2021-12-10 21:36:28] <%컴터 (sminech1004)> 담요가 방해한다
[2021-12-10 21:36:39] <뱃살좋아해요 (djsk)> !sr 켄드릭라마 dna
[2021-12-10 21:36:40] <@^빵_떡 (bbangddeock)> [음악] @뱃살좋아해요 Kendrick Lamar  - DNA. [한글자막/가사] 이(가) 10번째로 등록되었습니다.
[2021-12-10 21:36:43] Viewerstats (21:08-21:36): avg:46 min:44 max:52 [15/51-5+0+1+0-3+0+3+0+5-8+0+0+3-3]
[2021-12-10 21:36:51] <%여물이_ (sayjin6209)> ㅋㅋㅋㅋㅋㅋㅋㅋ
[2021-12-10 21:36:59] <뱃살좋아해요 (djsk)> ㅋㅋㅋㅋㅋㅋㅋㅋㅋㅋ
[2021-12-10 21:37:16] <%컴터 (sminech1004)> 어 게임중이셨네요  뱃살만 보느라 몰랐어요
[2021-12-10 21:37:17] <%여물이_ (sayjin6209)> 알트에프포를 봐야하나 뱃캠을 봐야하나 이거 아주 고민
[2021-12-10 21:37:35] <$하루하루과제지옥 (dbdhmwkhl)> !sr 또 떨어져
[2021-12-10 21:37:36] <@^빵_떡 (bbangddeock)> [음악] @하루하루과제지옥 떨어져 (Original) / Chit_ti 이(가) 11번째로 등록되었습니다.
[2021-12-10 21:39:12] <$하루하루과제지옥 (dbdhmwkhl)> !sr 내려간다
[2021-12-10 21:39:13] <@^빵_떡 (bbangddeock)> [음악] @하루하루과제지옥 내려간다 (Original) / Chit_ti 이(가) 11번째로 등록되었습니다.
[2021-12-10 21:39:26] <%컴터 (sminech1004)> 떼끼야!
[2021-12-10 21:39:26] <$하루하루과제지옥 (dbdhmwkhl)> 참치에 치인 참치 뱃살
[2021-12-10 21:40:32] <%컴터 (sminech1004)> ㅋㅋㅋㅋㅋㅋㅋㅋㅋ
[2021-12-10 21:40:35] <%컴터 (sminech1004)> 하자마자 죽네
[2021-12-10 21:40:49] <%컴터 (sminech1004)> 혹시 팔로우수만큼 데스하기인가요?
[2021-12-10 21:40:54] <뱃살좋아해요 (djsk)> ㅋㅋㅋㅋㅋㅋㅋㅋㅋㅋㅋㅋ
[2021-12-10 21:41:59] <%컴터 (sminech1004)> 들썩
[2021-12-10 21:42:06] <잭1스킹 (kmw2039)> ㅋㅋㅋㅋㅋㅋ
[2021-12-10 21:42:36] <잭1스킹 (kmw2039)> 몸으로 겜하는 스타일이네 ㅋㅋㅋㅋㅋㅋ
[2021-12-10 21:43:09] <노루는노루스름 (dkwkql1)> 콩하
[2021-12-10 21:43:12] <%컴터 (sminech1004)> ㅋㅋㅋㅋㅋㅋㅋㅋㅋㅋㅋ
[2021-12-10 21:44:09] <바지먹는푸 (whgusdh159)> 집중입술
[2021-12-10 21:44:14] <노루는노루스름 (dkwkql1)> 오 잘하는데?
[2021-12-10 21:44:48] <@^빵_떡 (bbangddeock)> 트윕> https://bit.ly/3AQyZo1 투네>https://url.kr/bj978f  스티키밤> https://bit.ly/3DYZXvV PAYPAL>https://streamlabs.com/spooony99
[2021-12-10 21:44:59] <%컴터 (sminech1004)> ㅋㅋㅋㅋㅋㅋㅋㅋㅋㅋㅋㅋㅋㅋㅋㅋㅋㅋㅋ
[2021-12-10 21:45:00] <잭1스킹 (kmw2039)> ㅋㅋㅋㅋㅋㅋㅋㅋㅋㅋ
[2021-12-10 21:45:06] <노루는노루스름 (dkwkql1)> 오 못하는데?
[2021-12-10 21:45:13] <%컴터 (sminech1004)> 히든미션-못하는척하기
[2021-12-10 21:45:25] <바지먹는푸 (whgusdh159)> 800뎃 금방 가겠다
[2021-12-10 21:46:07] <%발향기취해버린킁카좌조커 (joker11316)> ㅋㅋㅋㅋㅋㅋㅋㅋㅋㅋㅋㅋ
[2021-12-10 21:46:08] <잭1스킹 (kmw2039)> ㅋㅋㅋㅋㅋㅋㅋㅋㅋ
[2021-12-10 21:46:23] <%컴터 (sminech1004)> 콩뱃살의 알트에프포 다양하게 죽는법
[2021-12-10 21:47:54] <smilk0214> 입수!
[2021-12-10 21:48:34] <%컴터 (sminech1004)> ㅋㅋㅋㅋㅋㅋㅋ
[2021-12-10 21:48:41] <잭1스킹 (kmw2039)> 들켰다 ㅋㅋㅋㅋ
[2021-12-10 21:49:12] <smilk0214> !sr https://youtu.be/8xCXfyp5ZRQ
[2021-12-10 21:49:13] <@^빵_떡 (bbangddeock)> [음악] @smilk0214 강철의 연금술사 중국판 오프닝 들리는대로 버젼 이(가) 9번째로 등록되었습니다.
[2021-12-10 21:49:43] <첫사랑우한경끝사랑우한경 (galatasa_)> !sr https://www.youtube.com/watch?v=DcJFdCmN98s
[2021-12-10 21:49:43] <smilk0214> !sr https://youtu.be/dbB5PpcRHl4
[2021-12-10 21:49:44] <@^빵_떡 (bbangddeock)> [음악] @첫사랑우한경끝사랑우한경 OH MY DAYUM ft. @Daym Drops 이(가) 10번째로 등록되었습니다.
[2021-12-10 21:50:16] <smilk0214> !sr https://youtu.be/dbB5PpcRHl4
[2021-12-10 21:50:17] <@^빵_떡 (bbangddeock)> [음악] @smilk0214 외부 재생 불가 의 이유로 등록이 불가능합니다.
[2021-12-10 21:50:39] <$하루하루과제지옥 (dbdhmwkhl)> (경) 800번째 사망 (축)
[2021-12-10 21:50:56] <$하루하루과제지옥 (dbdhmwkhl)> !sr 전우야 잘자라
[2021-12-10 21:50:57] <@^빵_떡 (bbangddeock)> [음악] @하루하루과제지옥 한국가요- 전우야 잘 자라(Rest In Peace, Comrades) 이(가) 11번째로 등록되었습니다.
[2021-12-10 21:51:10] <$하루하루과제지옥 (dbdhmwkhl)> ??
[2021-12-10 21:51:37] <첫사랑우한경끝사랑우한경 (galatasa_)> 배캠 ㅋㅋㅋ
[2021-12-10 21:53:14] <$하루하루과제지옥 (dbdhmwkhl)> !sr hawaii 5 o
[2021-12-10 21:53:15] <@^빵_떡 (bbangddeock)> [음악] @하루하루과제지옥 Hawaii Five O   Theme Song Full Version 이(가) 11번째로 등록되었습니다.
[2021-12-10 21:53:25] <%컴터 (sminech1004)> ㅋㅋㅋㅋㅋㅋㅋㅋㅋㅋㅋㅋ
[2021-12-10 21:53:44] <smilk0214> !sr https://youtu.be/VbBQfcphdS8
[2021-12-10 21:53:44] <%컴터 (sminech1004)> 죽는건 세계 1위인걸?
[2021-12-10 21:53:45] <@^빵_떡 (bbangddeock)> [음악] @smilk0214 D.Ark - ''잠재력 (POTENTIAL)'' Official Video 이(가) 12번째로 등록되었습니다.
[2021-12-10 21:54:14] <$하루하루과제지옥 (dbdhmwkhl)> 死십死명이 보고 있음
[2021-12-10 21:54:39] <호수같은띵끔눈동자에건배 (masicheeeers)> 죽을 사...
[2021-12-10 21:54:40] <%컴터 (sminech1004)> ㅋㅋㅋㅋㅋㅋㅋㅋㅋ
[2021-12-10 21:54:45] <잭1스킹 (kmw2039)> ㅋㅋㅋㅋㅋㅋㅋㅋㅋ
[2021-12-10 21:55:11] <호수같은띵끔눈동자에건배 (masicheeeers)> 헉 800트
[2021-12-10 21:55:30] <%발향기취해버린킁카좌조커 (joker11316)> 오늘 황금갑옷 얻겠는대
[2021-12-10 21:55:37] <잭1스킹 (kmw2039)> 오
[2021-12-10 21:55:38] <smilk0214> !sr https://youtu.be/o8j3LcBn-Wo
[2021-12-10 21:55:39] <@^빵_떡 (bbangddeock)> [음악] @smilk0214 래원이 부르는 비오(BE''O) - Brand #shorts 이(가) 13번째로 등록되었습니다.
[2021-12-10 21:56:54] <$하루하루과제지옥 (dbdhmwkhl)> !sr Chicken Song
[2021-12-10 21:56:55] <@^빵_떡 (bbangddeock)> [음악] @하루하루과제지옥 J.Geco - Chicken Song 이(가) 13번째로 등록되었습니다.
[2021-12-10 21:57:19] <smilk0214> !sr https://youtu.be/MeXFo6zwXU8
[2021-12-10 21:57:20] <@^빵_떡 (bbangddeock)> [음악] @smilk0214 래원 랩 안하고 밴드하네ㅋㅋㅋㅋ 이(가) 14번째로 등록되었습니다.
[2021-12-10 21:57:48] <@^빵_떡 (bbangddeock)> 어서오세요 아직 팔로우 안하셨다면 팔로우 부탁해요 °˖✧◝(⁰▿⁰)◜✧˖°
[2021-12-10 21:57:48] <@^빵_떡 (bbangddeock)> 저는 영어외에는 잘 몰라요ㅠㅠ 되도록 영어를 사용해 주세요.除了英语以外我什么都不懂ㅠㅠ 请尽量使用英语.Я почти ничего не знаю, кроме английского ㅠㅠ Пожалуйста, используйте английский как можно больше.
[2021-12-10 21:59:08] <smilk0214> dlqtn wkddlsdltlspdy
[2021-12-10 21:59:15] <smilk0214> 입수 장인이시네요
[2021-12-10 21:59:39] <%컴터 (sminech1004)> ㅋㅋㅋㅋㅋㅋㅋㅋㅋ
[2021-12-10 22:00:00] <%여물이_ (sayjin6209)> ㅋㅋㅋㅋㅋㅋㅋㅋㅋ
[2021-12-10 22:00:46] <하얀꼼 (whitecolorbear)> 아 깜짝이야
[2021-12-10 22:00:48] <@^빵_떡 (bbangddeock)> 트윕> https://bit.ly/3AQyZo1 투네>https://url.kr/bj978f  스티키밤> https://bit.ly/3DYZXvV PAYPAL>https://streamlabs.com/spooony99
[2021-12-10 22:02:06] <$하루하루과제지옥 (dbdhmwkhl)> !sr 숲튽훈 아빠힘내세요
[2021-12-10 22:02:08] <@^빵_떡 (bbangddeock)> [음악] @하루하루과제지옥 숲튽훈모창 - 아빠 힘내세요 이(가) 14번째로 등록되었습니다.
[2021-12-10 22:02:15] <%컴터 (sminech1004)> 뱃살 힘내세요~
[2021-12-10 22:05:15] <첫사랑우한경끝사랑우한경 (galatasa_)> ㅋㅋㅋ
[2021-12-10 22:05:46] <%컴터 (sminech1004)> 팩트) 뭐가 나와도 죽는다
[2021-12-10 22:05:48] <@^빵_떡 (bbangddeock)> 1. 닉언 금지2. 타스언급 금지3. 흐름 끊는 강요금지
[2021-12-10 22:06:43] <첫사랑우한경끝사랑우한경 (galatasa_)> 감격
[2021-12-10 22:06:50] Viewerstats (21:38-22:06): avg:44 min:42 max:48 [15/44+4+0-2+0-3+0+0+2-2+0-1+0+2+0]
[2021-12-10 22:08:04] <muru5513> 콩수저님은
[2021-12-10 22:08:14] <muru5513> 다이어트 하면 방송이 떡상할까 떡락할까
[2021-12-10 22:08:17] <%컴터 (sminech1004)> 제발 교통사고
[2021-12-10 22:08:30] <%컴터 (sminech1004)> 잘가 세이브~
[2021-12-10 22:08:59] <첫사랑우한경끝사랑우한경 (galatasa_)> 수저 오열
[2021-12-10 22:09:14] <첫사랑우한경끝사랑우한경 (galatasa_)> ㅋㅋㅋㅋㅋㅋㅋㅋㅋㅋㅋㅋㅋㅋㅋㅋ
[2021-12-10 22:09:26] <%컴터 (sminech1004)> ㅋㅋㅋㅋㅋㅋㅋㅋㅋㅋㅋㅋ
[2021-12-10 22:09:35] <%컴터 (sminech1004)> 치킨땡기누
[2021-12-10 22:11:17] <첫사랑우한경끝사랑우한경 (galatasa_)> 이제 잘허네
[2021-12-10 22:12:12] <smilk0214> 배캠
[2021-12-10 22:12:55] <%컴터 (sminech1004)> ㅋㅋㅋㅋㅋㅋㅋㅋㅋㅋ
[2021-12-10 22:13:03] <%컴터 (sminech1004)> 일해라 배캠!
[2021-12-10 22:13:57] <$하루하루과제지옥 (dbdhmwkhl)> ?
[2021-12-10 22:13:57] <@^빵_떡 (bbangddeock)> bbangd1Un
[2021-12-10 22:14:06] <smilk0214> 데이비드 배캠
[2021-12-10 22:14:06] <$하루하루과제지옥 (dbdhmwkhl)> 1000명까진 시도해 보고
[2021-12-10 22:14:29] <$하루하루과제지옥 (dbdhmwkhl)> 900명까지만 해보자
[2021-12-10 22:15:11] <$하루하루과제지옥 (dbdhmwkhl)> ??
[2021-12-10 22:15:44] <%컴터 (sminech1004)> 초반 고수 ㄷㄷ
[2021-12-10 22:15:48] <@^빵_떡 (bbangddeock)> 트윕> https://bit.ly/3AQyZo1 투네>https://url.kr/bj978f  스티키밤> https://bit.ly/3DYZXvV PAYPAL>https://streamlabs.com/spooony99
[2021-12-10 22:15:52] <$하루하루과제지옥 (dbdhmwkhl)> 900명까지만 해보자해서 그냥 900명까지 연속사망 하려는줄
[2021-12-10 22:15:59] <%컴터 (sminech1004)> 고수라 한거 취소..
[2021-12-10 22:16:00] <첫사랑우한경끝사랑우한경 (galatasa_)> 피철철
[2021-12-10 22:18:19] <%컴터 (sminech1004)> ㄴㄺㄷ~
[2021-12-10 22:18:25] <$하루하루과제지옥 (dbdhmwkhl)> 아니야~~
[2021-12-10 22:18:41] <$하루하루과제지옥 (dbdhmwkhl)> 아 그동안 수손실 채우려는 거지 ^^
[2021-12-10 22:18:57] <첫사랑우한경끝사랑우한경 (galatasa_)> !sr https://www.youtube.com/watch?v=NRFE54svs6E
[2021-12-10 22:18:58] <@^빵_떡 (bbangddeock)> [음악] @첫사랑우한경끝사랑우한경 ALTF4 Main Theme Music (\"Round \u0026 Round\" by Albert Marlowe) 이(가) 9번째로 등록되었습니다.
[2021-12-10 22:19:23] <smilk0214> 냠냠쩝쩝 재미없다~
[2021-12-10 22:19:48] <smilk0214> 노래 가사에요
[2021-12-10 22:19:54] <%여물이_ (sayjin6209)> 오늘 배많이봐서
[2021-12-10 22:20:00] <%여물이_ (sayjin6209)> 아주 아주 알찹니다
[2021-12-10 22:20:01] <첫사랑우한경끝사랑우한경 (galatasa_)> 너무 잘하는데
[2021-12-10 22:20:11] <smilk0214> 옆비싼 허리가운
[2021-12-10 22:20:18] <smilk0214> 콩팥찟고 헐
[2021-12-10 22:20:21] <smilk0214> 옆집 똥바다
[2021-12-10 22:20:57] <%컴터 (sminech1004)> 표정으로 게임하넼ㅋㅋㅋ
[2021-12-10 22:21:20] <첫사랑우한경끝사랑우한경 (galatasa_)> ㅋㅋㅋㅋ
[2021-12-10 22:21:54] <잭1스킹 (kmw2039)> 저게 사네
[2021-12-10 22:22:16] <잭1스킹 (kmw2039)> ㅋㅋㅋㅋㅋㅋㅋ
[2021-12-10 22:22:55] <첫사랑우한경끝사랑우한경 (galatasa_)> 짧
[2021-12-10 22:22:58] <$하루하루과제지옥 (dbdhmwkhl)> 짧
[2021-12-10 22:23:42] <smilk0214> 손목터널증후군 있데요
[2021-12-10 22:23:57] <$하루하루과제지옥 (dbdhmwkhl)> 그냥 리트하는게...
[2021-12-10 22:24:19] <%컴터 (sminech1004)> ㅋㅋㅋㅋㅋㅋㅋㅋㅋㅋ
[2021-12-10 22:25:23] <신끼_ (handicappedfool)> 토마토주스 터진거 같다
[2021-12-10 22:25:31] <%컴터 (sminech1004)> 줄줄줄
[2021-12-10 22:25:50] <첫사랑우한경끝사랑우한경 (galatasa_)> 수저는 지금 급해진다
[2021-12-10 22:26:04] <smilk0214> 입수!
[2021-12-10 22:26:36] <%컴터 (sminech1004)> ㅋㅋㅋㅋㅋㅋㅋㅋㅋㅋㅋㅋㅋ
[2021-12-10 22:26:55] <%컴터 (sminech1004)> 커하
[2021-12-10 22:26:56] <첫사랑우한경끝사랑우한경 (galatasa_)> ㅋ
[2021-12-10 22:27:12] <%컴터 (sminech1004)> 알트에프포보다 무서운건 없지
[2021-12-10 22:27:13] <첫사랑우한경끝사랑우한경 (galatasa_)> 슈퍼점프!
[2021-12-10 22:27:15] <%컴터 (sminech1004)> 백점 ㄷㄷ
[2021-12-10 22:27:48] <@^빵_떡 (bbangddeock)> 어서오세요 아직 팔로우 안하셨다면 팔로우 부탁해요 °˖✧◝(⁰▿⁰)◜✧˖°
[2021-12-10 22:27:59] <smilk0214> 입수 잘하시네
[2021-12-10 22:28:28] <첫사랑우한경끝사랑우한경 (galatasa_)> 살아써!!
[2021-12-10 22:28:49] <첫사랑우한경끝사랑우한경 (galatasa_)> 난 몰랐어 수저 표정이 이리 다채로운지
[2021-12-10 22:30:47] <첫사랑우한경끝사랑우한경 (galatasa_)> 안죽네
[2021-12-10 22:31:06] <$하루하루과제지옥 (dbdhmwkhl)> !sr saw ost
[2021-12-10 22:31:07] <@^빵_떡 (bbangddeock)> [음악] @하루하루과제지옥 Saw SoundTrack 이(가) 6번째로 등록되었습니다.
[2021-12-10 22:31:20] [Raid] 1 raiders from Sentrill have joined!
[2021-12-10 22:31:25] <$하루하루과제지옥 (dbdhmwkhl)> ??
[2021-12-10 22:31:41] <첫사랑우한경끝사랑우한경 (galatasa_)> 샷건
[2021-12-10 22:31:47] <%컴터 (sminech1004)> ㅋㅋㅋㅋㅋㅋㅋㅋㅋㅋ
[2021-12-10 22:31:49] <@^빵_떡 (bbangddeock)> 트윕> https://bit.ly/3AQyZo1 투네>https://url.kr/bj978f  스티키밤> https://bit.ly/3DYZXvV PAYPAL>https://streamlabs.com/spooony99
[2021-12-10 22:32:21] <$하루하루과제지옥 (dbdhmwkhl)> 뭔 소리여
[2021-12-10 22:32:21] <%컴터 (sminech1004)> 뭐가 넘어감 보여줘잉
[2021-12-10 22:32:40] <%컴터 (sminech1004)> 런
[2021-12-10 22:32:49] <%컴터 (sminech1004)> 별거 아니네
[2021-12-10 22:33:04] <첫사랑우한경끝사랑우한경 (galatasa_)> 콩수저 방 구경
[2021-12-10 22:33:08] <%컴터 (sminech1004)> 벽에 돗자리 붙인건가요?
[2021-12-10 22:33:19] <smilk0214> 방 재밌게 생겼네요
[2021-12-10 22:33:56] <잭1스킹 (kmw2039)> 낼 알바 감?
[2021-12-10 22:34:15] <머선12_고 (gunbali80)> 가슴캠임?
[2021-12-10 22:34:18] <몽현_ (tlgus1004)> 배캠입니다
[2021-12-10 22:34:28] <호구마맛탕 (skg05041)> 이렇게 보면 허리가 얇아보이기도
[2021-12-10 22:34:32] <호구마맛탕 (skg05041)> 아니네
[2021-12-10 22:34:40] <%컴터 (sminech1004)> 아니네ㅋㅋㅋㅋㅋㅋㅋㅋㅋㅋㅋㅋㅋ
[2021-12-10 22:34:42] <머선12_고 (gunbali80)> 문신충이네
[2021-12-10 22:34:42] <몽현_ (tlgus1004)> 원래 서있으면 배가 펴져서 가장 얇아보임
[2021-12-10 22:34:49] <%컴터 (sminech1004)> 뽈롱
[2021-12-10 22:34:55] <호구마맛탕 (skg05041)> 뭐하는거지?
[2021-12-10 22:35:03] <몽현_ (tlgus1004)> 모하는거임
[2021-12-10 22:35:03] <머선12_고 (gunbali80)> 가슴작다
[2021-12-10 22:35:16] <%컴터 (sminech1004)> ㄹㅇㅋㅋ
[2021-12-10 22:35:19] <호구마맛탕 (skg05041)> ㅋㅋㅋㅋㅋㅋㅋㅋㅋㅋ
[2021-12-10 22:35:22] <몽현_ (tlgus1004)> ㅋㅋㅋㅋㅋ
[2021-12-10 22:35:24] <머선12_고 (gunbali80)> ㅋㅋㅋㅋㅋㅋ
[2021-12-10 22:35:33] <몽현_ (tlgus1004)> 찰지다 ㅋㅋㅋ
[2021-12-10 22:35:47] <머선12_고 (gunbali80)> ㅋㅋㅋㅋㅋ
[2021-12-10 22:35:47] <잭1스킹 (kmw2039)> ㅋㅋㅋㅋㅋㅋㅋㅋㅋ
[2021-12-10 22:35:51] <호구마맛탕 (skg05041)> 개웃기넼ㅋㅋㅋㅋㅋㅋ
[2021-12-10 22:36:00] <smilk0214> 님 정지먹어요
[2021-12-10 22:36:21] <머선12_고 (gunbali80)> 가슴작으서컴플렉스잇나보네발작하는거보니
[2021-12-10 22:36:35] <smilk0214> 차단하고 대응하지 말아요
[2021-12-10 22:36:38] BAN: gunbali80 (600s)
[2021-12-10 22:36:41] <%컴터 (sminech1004)> 잘가구
[2021-12-10 22:36:47] <몽현_ (tlgus1004)> ㅋㅋㅋㅋㅋㅋㅋㅋㅋ
[2021-12-10 22:36:57] <몽현_ (tlgus1004)> 콩님 욕 찰져서 중독될거같음 ㅋㅋ
[2021-12-10 22:36:59] Viewerstats (22:08-22:36): avg:39 min:32 max:46 [15/43+0+3+0-5+0+0-4+0+3+0-7+0+0-1]
[2021-12-10 22:37:02] <%컴터 (sminech1004)> ㅋㅋㅋㅋㅋㅋㅋㅋㅋㅋㅋㅋㅋ
[2021-12-10 22:37:03] BAN: gunbali80
[2021-12-10 22:37:17] <몽현_ (tlgus1004)> 닉바꿔서왔나 ㅋㅋ
[2021-12-10 22:37:17] <잭1스킹 (kmw2039)> 닉 바꾸고 왓네
[2021-12-10 22:37:18] <smilk0214> 저런
[2021-12-10 22:37:27] <%여물이_ (sayjin6209)> 닉바꾸고 왔네
[2021-12-10 22:37:46] <%여물이_ (sayjin6209)> ㅔ
[2021-12-10 22:37:48] <@^빵_떡 (bbangddeock)> 저는 영어외에는 잘 몰라요ㅠㅠ 되도록 영어를 사용해 주세요.除了英语以外我什么都不懂ㅠㅠ 请尽量使用英语.Я почти ничего не знаю, кроме английского ㅠㅠ Пожалуйста, используйте английский как можно больше.
[2021-12-10 22:38:33] <smilk0214> 좋은일도 있을거에요
[2021-12-10 22:38:33] <%컴터 (sminech1004)> ㅋㅋㅋㅋㅋㅋㅋㅋㅋ
[2021-12-10 22:38:47] <%컴터 (sminech1004)> 조명명님과 10선
[2021-12-10 22:38:48] <smilk0214> 조명 고정 안되나요
[2021-12-10 22:38:55] <잭1스킹 (kmw2039)> 여캠 조명 사야하는데
[2021-12-10 22:38:56] <%여물이_ (sayjin6209)> ㅋㅋㅋㅋㅋ조명
[2021-12-10 22:39:12] <흑화가되어버린국스였던것 (darkmode_guks)> 오늘 왜 배가 각이 안져있지?
[2021-12-10 22:39:13] <smilk0214> 싼거 샀나요
[2021-12-10 22:39:16] <%컴터 (sminech1004)> ㅋㅋㅋㅋㅋㅋㅋㅋㅋ
[2021-12-10 22:39:23] <첫사랑우한경끝사랑우한경 (galatasa_)> 스탠드 사야겠네...
[2021-12-10 22:39:38] <%여물이_ (sayjin6209)> 그리고 일단 사용자가 너무 쾅쾅치는것도 있
[2021-12-10 22:39:43] <%컴터 (sminech1004)> ㄹㅇㅋㅋ
[2021-12-10 22:39:44] <흑화가되어버린국스였던것 (darkmode_guks)> 왜이리 화나있어요?
[2021-12-10 22:39:45] <%여물이_ (sayjin6209)> ㅋㅋㅋㅋㅋㅋㅋ샷건좀 살살 처요
[2021-12-10 22:40:00] <%컴터 (sminech1004)> 알트에프포 때문에 화나심
[2021-12-10 22:40:00] <흑화가되어버린국스였던것 (darkmode_guks)> 배손실나게 왜 화나있냐고욧
[2021-12-10 22:40:03] <%컴터 (sminech1004)> 역시 갓겜
[2021-12-10 22:40:05] <%컴터 (sminech1004)> ?
[2021-12-10 22:40:05] <@^빵_떡 (bbangddeock)> bbangd1Un
[2021-12-10 22:40:07] <%컴터 (sminech1004)> 트수탓ㄴ
[2021-12-10 22:40:11] <첫사랑우한경끝사랑우한경 (galatasa_)> 이걸 트수탓을 한다고?
[2021-12-10 22:40:15] <호구마맛탕 (skg05041)> 이걸??
[2021-12-10 22:40:20] <%컴터 (sminech1004)> 님이 한다매요 ㅋㅋㅋㅋㅋㅋㅋ
[2021-12-10 22:40:21] <호구마맛탕 (skg05041)> 실력은 우리탓이 아닌걸!?
[2021-12-10 22:40:31] <%컴터 (sminech1004)> 난 아님^^7
[2021-12-10 22:40:47] <잭1스킹 (kmw2039)> 나는 꾹 참고 다 봤다
[2021-12-10 22:40:48] <@^빵_떡 (bbangddeock)> 1. 닉언 금지2. 타스언급 금지3. 흐름 끊는 강요금지
[2021-12-10 22:40:59] [Notification] 하루하루과제지옥 subscribed at Tier 1. They've subscribed for 3 months! [ㅋ]
[2021-12-10 22:41:03] ~간장공장공장장은강공장장이고, 된장공장공장장은공공장장이다. (Just Chatting)~
[2021-12-10 22:41:11] <첫사랑우한경끝사랑우한경 (galatasa_)> 깜짝이야
[2021-12-10 22:41:14] <%컴터 (sminech1004)> 저분 울어요 ㄷ
[2021-12-10 22:41:24] <%컴터 (sminech1004)> 마이크보다 알림소리가 커여
[2021-12-10 22:41:41] <%컴터 (sminech1004)> '내놔'
[2021-12-10 22:41:47] <잭1스킹 (kmw2039)> 뒤에 붉닭임?
[2021-12-10 22:42:11] <%컴터 (sminech1004)> 아예 뒤에 갖다놓고 드시는중입니다~
[2021-12-10 22:42:18] <잭1스킹 (kmw2039)> ㅋㅋㅋㅋㅋㅋㅋ
[2021-12-10 22:43:27] <%컴터 (sminech1004)> 이미 낮춰놨습니다~
[2021-12-10 22:43:53] <첫사랑우한경끝사랑우한경 (galatasa_)> 수저님 마이크가 나간거 같아요 아무것도 안들려요... 어 귀에 이 빨간건 뭐지..
[2021-12-10 22:44:05] <%컴터 (sminech1004)> ㄷㄷ
[2021-12-10 22:44:14] <뱃살좋아해요 (djsk)> 알트 에프포 깸?
[2021-12-10 22:44:18] <뱃살좋아해요 (djsk)> 뭔데 뭔데
[2021-12-10 22:44:20] <%컴터 (sminech1004)> 머가리가 깨짐
[2021-12-10 22:44:21] <%여물이_ (sayjin6209)> 음소거임
[2021-12-10 22:44:24] <%여물이_ (sayjin6209)> 언제 켜짐?
[2021-12-10 22:44:25] <%여물이_ (sayjin6209)> 아
[2021-12-10 22:44:29] <%컴터 (sminech1004)> ㅋㅋㅋㅋㅋㅋㅋㅋ
[2021-12-10 22:44:32] <뱃살좋아해요 (djsk)> ??
[2021-12-10 22:44:38] <%컴터 (sminech1004)> 빡쳐서 런함
[2021-12-10 22:44:38] <뱃살좋아해요 (djsk)> 뭔 상황이고
[2021-12-10 22:44:43] <뱃살좋아해요 (djsk)> ㅋㅋㅋㅋㅋㅋㅋ
[2021-12-10 22:44:47] <%컴터 (sminech1004)> 프로그램 머쓰심
[2021-12-10 22:44:48] <%컴터 (sminech1004)> 거기서 줄여보십샤
[2021-12-10 22:45:07] <%컴터 (sminech1004)> 줄이긴해야함
[2021-12-10 22:45:08] <%컴터 (sminech1004)> 너무 큼
[2021-12-10 22:45:18] <%컴터 (sminech1004)> 영도소리는 영상마다 다른데 큰게 오면 넘커연
[2021-12-10 22:45:43] <韋伯1992 (web1992)> Belly NU NA good night
[2021-12-10 22:46:36] <%컴터 (sminech1004)> 너굴좌 모니터링 안하고있나
[2021-12-10 22:46:48] <@^빵_떡 (bbangddeock)> 트윕> https://bit.ly/3AQyZo1 투네>https://url.kr/bj978f  스티키밤> https://bit.ly/3DYZXvV PAYPAL>https://streamlabs.com/spooony99
[2021-12-10 22:46:57] <%컴터 (sminech1004)> 투네는 모니터링하고게시던데
[2021-12-10 22:47:49] <%$하루하루과제지옥 (dbdhmwkhl)> 기다리면 너굴맨 오실걸
[2021-12-10 22:48:01] <%컴터 (sminech1004)> 도와줘요 너굴맨~
[2021-12-10 22:48:09] <%$하루하루과제지옥 (dbdhmwkhl)> 투네 관계자
[2021-12-10 22:48:31] <%컴터 (sminech1004)> ㅋㅋㅋㅋㅋㅋㅋㅋㅋ
[2021-12-10 22:48:35] <%$하루하루과제지옥 (dbdhmwkhl)> ㅋㅋㅋㅋㅋㅋ
[2021-12-10 22:48:46] <호구마맛탕 (skg05041)> ㅋㅋㅋㅋㅋㅋㅋㅋㅋ
[2021-12-10 22:48:48] <%컴터 (sminech1004)> 얼른 나타나줘~
[2021-12-10 22:48:51] <호구마맛탕 (skg05041)> 디게 간절해보인닼ㅋㅋㅋㅋ
[2021-12-10 22:48:55] <%컴터 (sminech1004)> 오 \
[2021-12-10 22:48:59] <%컴터 (sminech1004)> 간절함이 닿았다~
[2021-12-10 22:49:00] <첫사랑우한경끝사랑우한경 (galatasa_)> ㅋㅋㅋㅋㅋㅋㅋㅋㅋㅋㅋㅋㅋㅋㅋㅋㅋㅋㅋ
[2021-12-10 22:49:08] <%컴터 (sminech1004)> 않이~
[2021-12-10 22:49:18] <호구마맛탕 (skg05041)> 왜이리 재밌냨ㅋㅋㅋㅋㅋ
[2021-12-10 22:49:20] <%컴터 (sminech1004)> 막상보면 스머 문제긴해
[2021-12-10 22:49:22] <%컴터 (sminech1004)> 앗 ㅈㅅ
[2021-12-10 22:49:30] <toonation_raccoon> 설정저장 버튼은 눌러보신 걸까요??
[2021-12-10 22:49:45] <%컴터 (sminech1004)> 두두둥!
[2021-12-10 22:49:45] <%여물이_ (sayjin6209)> 뭐야 진짜 온거야?
[2021-12-10 22:49:45] <호구마맛탕 (skg05041)> 결말은 본인이 잘못 건드린거로 날지도
[2021-12-10 22:50:03] <toonation_raccoon> 그외 다른 소리도 크거나 하지는 않으신걸까요?
[2021-12-10 22:50:06] <%컴터 (sminech1004)> 쭈뼛쭈뼛
[2021-12-10 22:50:25] <%컴터 (sminech1004)> 오 콩수저님이 천원 ㄷㄷ
[2021-12-10 22:50:52] <toonation_raccoon> 확인해보겠습니다! 잠시만요!
[2021-12-10 22:50:57] <%컴터 (sminech1004)> 꿈뻑꿈뻑
[2021-12-10 22:51:23] <%컴터 (sminech1004)> 자막 이름 따로두자
[2021-12-10 22:51:29] <%컴터 (sminech1004)> 계속 써먹게
[2021-12-10 22:51:31] <%컴터 (sminech1004)> ㅋㅋㅋㅋㅋㅋㅋ
[2021-12-10 22:52:19] <%컴터 (sminech1004)> ㅗㅜㅑ
[2021-12-10 22:52:20] <%컴터 (sminech1004)> 바로간다
[2021-12-10 22:52:35] <첫사랑우한경끝사랑우한경 (galatasa_)> 흐ㅡ뭇 한 표정으로 보고있어 ㅋㅋ
[2021-12-10 22:52:41] <%컴터 (sminech1004)> 언제나 옳아 끄덕끄덕
[2021-12-10 22:53:11] <smilk0214> 곧 11시네요
[2021-12-10 22:53:24] <%컴터 (sminech1004)> 어 그럼 계속 미뤄주세요
[2021-12-10 22:53:35] <첫사랑우한경끝사랑우한경 (galatasa_)> 눈치챙겨 너굴맨...
[2021-12-10 22:53:49] <%컴터 (sminech1004)> 도네 수리 켠왕
[2021-12-10 22:54:41] <%컴터 (sminech1004)> 오..
[2021-12-10 22:54:47] <%컴터 (sminech1004)> 보름배
[2021-12-10 22:55:38] <%컴터 (sminech1004)> 평생 자라? ㄷㄷ
[2021-12-10 22:55:52] <%컴터 (sminech1004)> ㅔ
[2021-12-10 22:55:53] <호구마맛탕 (skg05041)> 들려유
[2021-12-10 22:55:58] <호구마맛탕 (skg05041)> 아닌가?
[2021-12-10 22:56:04] <호구마맛탕 (skg05041)> 좀 큰 듯?
[2021-12-10 22:56:09] <%컴터 (sminech1004)> ㅏㅏㅏㅏ
[2021-12-10 22:56:15] <호구마맛탕 (skg05041)> 응?? 기계??ㅋㅋㅋ
[2021-12-10 22:56:26] <%컴터 (sminech1004)> 화장실에 있는거같음
[2021-12-10 22:56:29] <smilk0214> 욕실이네
[2021-12-10 22:56:50] <smilk0214> 뭐? 휴지 달라고요?
[2021-12-10 22:57:48] <@^빵_떡 (bbangddeock)> 어서오세요 아직 팔로우 안하셨다면 팔로우 부탁해요 °˖✧◝(⁰▿⁰)◜✧˖°
[2021-12-10 22:57:55] <%컴터 (sminech1004)> ?
[2021-12-10 22:57:55] <@^빵_떡 (bbangddeock)> bbangd1Un
[2021-12-10 22:59:04] <%컴터 (sminech1004)> 뱃살한테 부르는 노래
[2021-12-10 22:59:20] <%여물이_ (sayjin6209)> 아니 내가 잘못들은줄 알았네
[2021-12-10 22:59:24] <%여물이_ (sayjin6209)> 어디 블츠가 노래부르나..?
[2021-12-10 22:59:37] <첫사랑우한경끝사랑우한경 (galatasa_)> 뼈는 형편없는 부품이다
[2021-12-10 22:59:59] <%컴터 (sminech1004)> 야발~
[2021-12-10 23:01:49] <%컴터 (sminech1004)> ㅋㅋㅋㅋㅋㅋㅋㅋㅋㅋ
[2021-12-10 23:01:49] <@^빵_떡 (bbangddeock)> 트윕> https://bit.ly/3AQyZo1 투네>https://url.kr/bj978f  스티키밤> https://bit.ly/3DYZXvV PAYPAL>https://streamlabs.com/spooony99
[2021-12-10 23:01:59] <%컴터 (sminech1004)> 너굴맨한테 노래하는거같잖아
[2021-12-10 23:02:26] <%여물이_ (sayjin6209)> 너굴맨이였어?
[2021-12-10 23:02:28] <%여물이_ (sayjin6209)> 헤어저
[2021-12-10 23:02:38] <흑화가되어버린국스였던것 (darkmode_guks)> 이 노래제목이 너굴맨을 기다리며인가요?
[2021-12-10 23:02:44] <%여물이_ (sayjin6209)> 아니요
[2021-12-10 23:03:09] <%컴터 (sminech1004)> 고치면서 흠칫하실듯
[2021-12-10 23:03:34] <%컴터 (sminech1004)> 사랑? ㅁㅇㅁㅇ
[2021-12-10 23:05:23] <첫사랑우한경끝사랑우한경 (galatasa_)> mc spoon
[2021-12-10 23:05:40] <%컴터 (sminech1004)> 와...
[2021-12-10 23:07:08] Viewerstats (22:39-23:07): avg:34 min:30 max:38 [15/35+0-3+3+0-1+0+4+0-3+0-1+0-4+0]
[2021-12-10 23:07:43] <%여물이_ (sayjin6209)> 역시 뱃리듬
[2021-12-10 23:07:47] <%여물이_ (sayjin6209)> 기깔나네요
[2021-12-10 23:08:28] <%컴터 (sminech1004)> 100 ㄷㄷ
[2021-12-10 23:08:52] <당신의아랫뱃살 (stimscv)> dj콩
[2021-12-10 23:08:56] <당신의아랫뱃살 (stimscv)> 스핀댓쉿
