# Log started: 2021-12-10 23:28:46 +0900
[2021-12-10 23:28:46] #yeggung_ 채널 입장 중입니다
[2021-12-10 23:28:46] #yeggung_ 채널에 입장했습니다
[2021-12-10 23:28:46] <%에엘 (lyusei0628)> 빨리 칭찬해주세요
[2021-12-10 23:28:46] ~트하 (Just Chatting)~
[2021-12-10 23:28:48] <%제너럴레빌 (jhvirus333)> 야아아아!!
[2021-12-10 23:28:50] <%제너럴레빌 (jhvirus333)> 했다
[2021-12-10 23:28:57] <%죄송바람 (listenwell)> 밸리댄스생각이 죄는 아니잖아
[2021-12-10 23:29:00] <이창일 (cilee052)> 솔직히 순화해서 말해도됨?
[2021-12-10 23:29:03] <%설레는겨울 (nam1004wo0)> ㅋㅋㅋㅋㅋㅋㅋㅋㅋㅋ
[2021-12-10 23:29:10] <이창일 (cilee052)> 무슨생각하는지
[2021-12-10 23:29:13] <레이류드 (gaopa001)> 아 떠오르는데로 막 채팅 치고 싶다
[2021-12-10 23:29:18] <%에엘 (lyusei0628)> 근뎅 왜 너네 아무말 하냐고 꼽줭
[2021-12-10 23:29:20] <%제너럴레빌 (jhvirus333)> 치고계신듯
[2021-12-10 23:29:20] <%에엘 (lyusei0628)> 흥
[2021-12-10 23:29:27] <이창일 (cilee052)> ㅇㄱㅇ
[2021-12-10 23:29:35] <%제너럴레빌 (jhvirus333)> 하지마?
[2021-12-10 23:29:39] <%설레는겨울 (nam1004wo0)> 하지마?
[2021-12-10 23:29:42] <%제너럴레빌 (jhvirus333)> 그리고 아무도 채팅을 안쳤다
[2021-12-10 23:29:43] <이창일 (cilee052)> 사실 향수 냄새 맡고있었음
[2021-12-10 23:29:47] <%의욕있어 (halomang1027)> ㅋㅋㅋ
[2021-12-10 23:29:48] <이창일 (cilee052)> verazzOpps verazzOpps verazzOpps
[2021-12-10 23:29:52] <%에엘 (lyusei0628)> 지지배 이렇게 이상한 포인트에서 주관 뚜렷한거 개킹받네
[2021-12-10 23:29:53] <%런웨이 (runway02)> 아무말 VS 아무말도 안하는거
[2021-12-10 23:29:56] <이창일 (cilee052)> 디스커버리세트
[2021-12-10 23:30:06] <%제너럴레빌 (jhvirus333)> 하지마? 해서 채1팅 새끼야! 치고싶었는데
[2021-12-10 23:30:14] <%설레는겨울 (nam1004wo0)> ㅋㅋㅋㅋㅋㅋㅋㅋㅋㅋ
[2021-12-10 23:30:24] <%미드에코_ (mid__ekko)> 희희
[2021-12-10 23:30:24] <%미드에코_ (mid__ekko)> 아무말!
[2021-12-10 23:30:30] <~%예꿍_ (yeggung_)> ㅏ
[2021-12-10 23:30:30] <이창일 (cilee052)> 사랑해요
[2021-12-10 23:30:31] <~%예꿍_ (yeggung_)> 킹받네
[2021-12-10 23:30:35] <%제너럴레빌 (jhvirus333)> 조랑말
[2021-12-10 23:30:38] <%제너럴레빌 (jhvirus333)> 대완마
[2021-12-10 23:30:48] <%제너럴레빌 (jhvirus333)> 서러브레드
[2021-12-10 23:30:52] <%글리코젠 (whehgus0727)> 아무 생각이 없
[2021-12-10 23:30:56] <%제너럴레빌 (jhvirus333)> 아무말
[2021-12-10 23:30:56] <이창일 (cilee052)> ㅇㅇ
[2021-12-10 23:31:02] <%설레는겨울 (nam1004wo0)> 한번 끌어보고 싶다?
[2021-12-10 23:31:04] <%에엘 (lyusei0628)> 뇌 빼고 호에엥 신기한거시에요 하면서 보기 좋긴 함 ㅋㅋ
[2021-12-10 23:31:18] <이창일 (cilee052)> BibleThump
[2021-12-10 23:31:18] <%제너럴레빌 (jhvirus333)> 여치 아니고?
[2021-12-10 23:31:20] <%에엘 (lyusei0628)> ㅡㅡ
[2021-12-10 23:31:21] <%글리코젠 (whehgus0727)> 손에 기름때 뭍히고 사니까 맨날 저런거 보고 살고있음
[2021-12-10 23:31:22] <%설레는겨울 (nam1004wo0)> ㅊㅊㅊㅊㅊ
[2021-12-10 23:31:23] <%제너럴레빌 (jhvirus333)> !사전 여치
[2021-12-10 23:31:23] <@^빵_떡 (bbangddeock)> [사전] 여치 -  메뚜기목 여치과의 곤충.  몸빛깔은 황록색 또는 황갈색이다. 머리와 앞가슴 양옆에는 갈색 줄무늬가 있고, 배의 등쪽에도 갈색 무늬가 있다. 몸은 크고 살이 쪘다. 앞가슴의 앞쪽은 안장 모양이고 뒤쪽은...
[2021-12-10 23:31:23] <%설레는겨울 (nam1004wo0)> 축하드려요~
[2021-12-10 23:31:24] <%에엘 (lyusei0628)> 재섭성 진짜
[2021-12-10 23:31:38] <%에엘 (lyusei0628)> 너네도 진짜 너무한다 우리가 하루이틀 본거도 아닌데 좀 웃어주라
[2021-12-10 23:31:49] <%제너럴레빌 (jhvirus333)> 트수의 웃음 헤프지 않아
[2021-12-10 23:31:51] <%설레는겨울 (nam1004wo0)> 축하를 드리겠습니다!
[2021-12-10 23:32:05] <%에엘 (lyusei0628)> 흥 지지배 재섭성
[2021-12-10 23:32:05] <~%예꿍_ (yeggung_)> 졸려
[2021-12-10 23:32:07] <~%예꿍_ (yeggung_)> 배불러서
[2021-12-10 23:32:09] <~%예꿍_ (yeggung_)> 키키키키
[2021-12-10 23:32:11] <%미드에코_ (mid__ekko)> 때지
[2021-12-10 23:32:13] <%제너럴레빌 (jhvirus333)> 커커커커
[2021-12-10 23:32:13] <이창일 (cilee052)> zara
[2021-12-10 23:32:13] <%글리코젠 (whehgus0727)> 나름 저거 올리는 유튭 1010만명이 구독햇슴
[2021-12-10 23:32:18] <%설레는겨울 (nam1004wo0)> 때지 ㅋㅋㅋㅋㅋ
[2021-12-10 23:32:21] <%제너럴레빌 (jhvirus333)> 키컸으면 키컸으면 키컸으면~~~
[2021-12-10 23:32:36] <%글리코젠 (whehgus0727)> 기계관련해서는 제일 큰 유튭채널임
[2021-12-10 23:32:46] <%설레는겨울 (nam1004wo0)> 오옹
[2021-12-10 23:32:53] <%에엘 (lyusei0628)> 원래 유명한 유튜브엔 좋은 편집자가 필요한 법임
[2021-12-10 23:33:10] <%에엘 (lyusei0628)> 그런 의미에서 나를 어필하자면..
[2021-12-10 23:33:20] <%설레는겨울 (nam1004wo0)> ㅋㅋㅋㅋㅋㅋㅋ
[2021-12-10 23:33:29] <이창일 (cilee052)> 고백송 하나 더 내새요
[2021-12-10 23:33:35] <이창일 (cilee052)> quo980Puding quo980Puding quo980Puding
[2021-12-10 23:33:37] <%제너럴레빌 (jhvirus333)> 어디한번 나를 고용해보거라 이런느낌
[2021-12-10 23:33:55] <%에엘 (lyusei0628)> 사실 영상실력은 됐고요 전 페이 안받아도 되고 대신 사적인 연락 조금 할 순 있는데 대답만 잘해주시면 되고요
[2021-12-10 23:34:01] <%에엘 (lyusei0628)> 채팅 호응 잘해주시면 되요!
[2021-12-10 23:34:08] <%미드에코_ (mid__ekko)> ㅋㅋㅋㅋㅋㅋㅋㅋㅋ
[2021-12-10 23:34:09] <%설레는겨울 (nam1004wo0)> ㅋㅋㅋㅋㅋㅋㅋㅋㅋ
[2021-12-10 23:34:11] <%의욕있어 (halomang1027)> 엌
[2021-12-10 23:34:12] <%제너럴레빌 (jhvirus333)> 아, 페이대신 노동을 요구하네
[2021-12-10 23:34:13] <%제너럴레빌 (jhvirus333)> 감정노동
[2021-12-10 23:34:17] <%제너럴레빌 (jhvirus333)> 갑질이자너
[2021-12-10 23:34:18] <%설레는겨울 (nam1004wo0)> 감정노동 ㅋㅋㅋㅋㅋ
[2021-12-10 23:34:43] <%에엘 (lyusei0628)> 돈 그거 쌓아놔봐야 대출 갚는데 다 쓸텐데
[2021-12-10 23:34:44] <%글리코젠 (whehgus0727)> 요딴거 올리는거 보고잇슴
[2021-12-10 23:34:45] <@^빵_떡 (bbangddeock)> 어서오세요 아직 팔로우 안하셨다면 팔로우 부탁해요 °˖✧◝(⁰▿⁰)◜✧˖°
[2021-12-10 23:34:58] <%에엘 (lyusei0628)> 그럴바에 예꿍이랑 연락하는 순간의 행복을 누리는게 이득임
[2021-12-10 23:35:09] <%제너럴레빌 (jhvirus333)> 만두네
[2021-12-10 23:35:10] <%설레는겨울 (nam1004wo0)> ㅋㅋㅋㅋㅋㅋㅋ
[2021-12-10 23:35:15] <%붉은_하늘 (sdline12)> ....
[2021-12-10 23:35:19] <%에엘 (lyusei0628)> 라비올리
[2021-12-10 23:35:20] <%글리코젠 (whehgus0727)> 그래도 꿍냄은 차도녀라 내 연락 안받아 줄거같아서 안할거임
[2021-12-10 23:35:30] <%붉은_하늘 (sdline12)> ㅇㅅㅇ
[2021-12-10 23:35:42] <%붉은_하늘 (sdline12)> 씻기 귀찮을거 같이 구성되있네;;
[2021-12-10 23:35:52] <%미드에코_ (mid__ekko)> 맛잇겠당
[2021-12-10 23:35:53] <%설레는겨울 (nam1004wo0)> 맛있겠다
[2021-12-10 23:36:02] <%에엘 (lyusei0628)> 밀가루 피에 소를 넣는다는 형식이 만두와 유사해서 서양 만두라고 좀 거칠게 표현하는데
[2021-12-10 23:36:03] <%글리코젠 (whehgus0727)> 방금 영상은 만두 라비올리는 넓적한 면 두개 사이에 속 만들어 집어 넣어서 만든거
[2021-12-10 23:36:07] <%제너럴레빌 (jhvirus333)> 인도녀
[2021-12-10 23:36:08] <%미드에코_ (mid__ekko)> 때도녀
[2021-12-10 23:36:09] <%에엘 (lyusei0628)> 정확히는 파스타의 일종임 라비올리
[2021-12-10 23:36:11] <%제너럴레빌 (jhvirus333)> 차도로 다니면 위험해
[2021-12-10 23:36:11] <%의욕있어 (halomang1027)> 꿍님한테는 다 맛있지 ㅋ
[2021-12-10 23:36:12] <%제너럴레빌 (jhvirus333)> 인도녀
[2021-12-10 23:36:26] <%글리코젠 (whehgus0727)> ㅇㅇ 라비올리는 파스타 일종 맞음
[2021-12-10 23:36:36] <%설레는겨울 (nam1004wo0)> 오옹
[2021-12-10 23:36:47] <%에엘 (lyusei0628)> 저번주에 먹은 괴식 빼면 맛없는거 찾기 힘들지 ㅋㅋ
[2021-12-10 23:36:47] <%제너럴레빌 (jhvirus333)> 라자냐도 먹고싶
[2021-12-10 23:36:53] <%제너럴레빌 (jhvirus333)> 만두는 중국식이 좋은듯
[2021-12-10 23:36:55] <%런웨이 (runway02)> 꿍이 졸려 죽네 ㅋㅋ
[2021-12-10 23:37:00] <%설레는겨울 (nam1004wo0)> 만두는 집에서 해먹는 만두가 최고지
[2021-12-10 23:37:03] <%런웨이 (runway02)> 미쯔랑 둘이 잠방해라 ㅋㅋ
[2021-12-10 23:37:03] <%에엘 (lyusei0628)> 이 타이밍에 뜬금없는 비비고 언급 뭐지 좀 수상한데
[2021-12-10 23:37:05] <%미드에코_ (mid__ekko)> ㅋㅋㅋㅋㅋㅋㅋㅋㅋㅋ
[2021-12-10 23:37:05] <%글리코젠 (whehgus0727)> 비비고 만들던 트수는 저랍니다
[2021-12-10 23:37:07] <%설레는겨울 (nam1004wo0)> ㅋㅋㅋㅋㅋㅋㅋㅋㅋ
[2021-12-10 23:37:09] <%미드에코_ (mid__ekko)> 수면맞으셧나
[2021-12-10 23:37:15] <%미드에코_ (mid__ekko)> 롤?
[2021-12-10 23:37:16] <%글리코젠 (whehgus0727)> 슈바.. 다신 안 돌아간다
[2021-12-10 23:37:25] <%제너럴레빌 (jhvirus333)> 릴리아꺼?
[2021-12-10 23:37:31] <%제너럴레빌 (jhvirus333)> 조이꺼?
[2021-12-10 23:37:34] <%의욕있어 (halomang1027)> 난 아님 ㅋ
[2021-12-10 23:37:36] <%설레는겨울 (nam1004wo0)> ㅋㅋㅋㅋㅋㅋㅋ
[2021-12-10 23:37:43] <%제너럴레빌 (jhvirus333)> 에이...
[2021-12-10 23:37:51] <%에엘 (lyusei0628)> 소통 잘 안해줘서 난 재미없음
[2021-12-10 23:37:55] <%제너럴레빌 (jhvirus333)> 나도 졸립다
[2021-12-10 23:37:58] <%제너럴레빌 (jhvirus333)> 하품전염
[2021-12-10 23:38:09] <%설레는겨울 (nam1004wo0)> ㅋㅋㅋㅋㅋㅋㅋ
[2021-12-10 23:38:19] <%런웨이 (runway02)> 전염됨
[2021-12-10 23:38:21] <%만두파는꼬마 (juni4689)> 꿍님 트게더에 심장폭격기를 뿌려놨습니다
[2021-12-10 23:38:24] <%에엘 (lyusei0628)> 피드가 너무 이뻐요 소통해요~
[2021-12-10 23:38:28] <%제너럴레빌 (jhvirus333)> 소통안해도 됨
[2021-12-10 23:38:36] <%제너럴레빌 (jhvirus333)> 알아서 혼자 자기말만 떠들게
[2021-12-10 23:38:40] <%미드에코_ (mid__ekko)> ?
[2021-12-10 23:38:40] <@^빵_떡 (bbangddeock)> 예꿍이가  13489 번째 갈고리 줍줍!!
[2021-12-10 23:38:41] <%미드에코_ (mid__ekko)> 미쯔다
[2021-12-10 23:38:43] <%제너럴레빌 (jhvirus333)> 미쯔 탈출했네
[2021-12-10 23:38:43] <%설레는겨울 (nam1004wo0)> 미쯔 닮음
[2021-12-10 23:39:04] <%설레는겨울 (nam1004wo0)> 뭔가 숨숨집 처럼 생겼다
[2021-12-10 23:39:05] <%런웨이 (runway02)> 미쯔 심부름 시키면 저렇게 된다
[2021-12-10 23:39:13] <%만두파는꼬마 (juni4689)> 쟤 쫒아다미녀서 20분동안 찍어댔어요
[2021-12-10 23:39:29] <%미드에코_ (mid__ekko)> 기여어
[2021-12-10 23:39:31] <%설레는겨울 (nam1004wo0)> 숨숨집에서 빼꼼하고 쳐다보는거 같넹
[2021-12-10 23:39:33] <%+손해리 (sonhaery)> 아니 사진에 워터마크 넣은거 귀엽네 ㅠㅠ
[2021-12-10 23:39:47] <%만두파는꼬마 (juni4689)> ㅋㅋㅋㅋㅋㅋㅋㅋㅋㅋㅋㅋㅋㅋㅋ
[2021-12-10 23:39:49] <%설레는겨울 (nam1004wo0)> ㅋㅋㅋㅋㅋㅋㅋ
[2021-12-10 23:39:50] <%미드에코_ (mid__ekko)> ㅋㅋㅋㅋㅋㅋㅋㅋㅋㅋㅋ
[2021-12-10 23:39:51] <%+손해리 (sonhaery)> 왜넣은거임 ㅋㅋㅋㅋㅋㅋㅋㅋㅋ
[2021-12-10 23:39:55] <%만두파는꼬마 (juni4689)> 워터마크 만들어놓고 너무자연스럽게 드가서
[2021-12-10 23:39:56] <%만두파는꼬마 (juni4689)> 오우 좋다
[2021-12-10 23:39:58] <%만두파는꼬마 (juni4689)> ㅋㅋㅋㅋㅋㅋㅋㅋㅋㅋㅋㅋㅋㅋㅋㅋㅋ
[2021-12-10 23:40:09] <%미드에코_ (mid__ekko)> ㄱㅇㅇ
[2021-12-10 23:40:31] <%설레는겨울 (nam1004wo0)> ㅋㅋㅋㅋㅋㅋ
[2021-12-10 23:40:35] <%만두파는꼬마 (juni4689)> 아직 작가들 쓰는 카메라 수준은 안되구여
[2021-12-10 23:40:44] <%만두파는꼬마 (juni4689)> 그냥 보급기에서 중급기사이정도..?
[2021-12-10 23:41:02] <%미드에코_ (mid__ekko)> 시야..
[2021-12-10 23:41:10] <%만두파는꼬마 (juni4689)> ㅋㅋㅋㅋㅋ
[2021-12-10 23:41:20] <%만두파는꼬마 (juni4689)> 가끔 찍은거 트게더에 던져드릴게요
[2021-12-10 23:41:33] <%런웨이 (runway02)> ㄲㅂ
[2021-12-10 23:41:43] <%런웨이 (runway02)> 시야 좁으면 군대 못가는데 꿍이 군대 못가겠어
[2021-12-10 23:41:48] <%만두파는꼬마 (juni4689)> 으앜
[2021-12-10 23:41:54] <%런웨이 (runway02)> 오
[2021-12-10 23:41:55] <%만두파는꼬마 (juni4689)> 강아지 당황했어
[2021-12-10 23:41:55] <%만두파는꼬마 (juni4689)> ㅋㅋㅋㅋㅋㅋㅋㅋㅋㅋㅋㅋㅋㅋㅋㅋㅋㅋ
[2021-12-10 23:41:57] <%설레는겨울 (nam1004wo0)> ㅋㅋㅋㅋㅋㅋㅋㅋ
[2021-12-10 23:41:59] <%런웨이 (runway02)> 냥펀치
[2021-12-10 23:42:05] <%런웨이 (runway02)> 헐
[2021-12-10 23:42:09] <%만두파는꼬마 (juni4689)> 걸어가다 넘어지지말고
[2021-12-10 23:42:13] <%만두파는꼬마 (juni4689)> 안전하게 기어가 하는거죠
[2021-12-10 23:42:14] <%미드에코_ (mid__ekko)> ㅋㅋㅋㅋㅋㅋㅋㅋㅋ
[2021-12-10 23:42:15] <%런웨이 (runway02)> 서열 문제인가
[2021-12-10 23:42:33] <%설레는겨울 (nam1004wo0)> ㅋㅋㅋㅋㅋㅋㅋㅋㅋㅋㅋ
[2021-12-10 23:42:59] <%런웨이 (runway02)> ㅋㅋㅋㅋㅋㅋㅋㅋㅋㅋㅋ
[2021-12-10 23:43:01] <%만두파는꼬마 (juni4689)> 와
[2021-12-10 23:43:03] <%만두파는꼬마 (juni4689)> 개똑똒해
[2021-12-10 23:43:05] <%설레는겨울 (nam1004wo0)> 와
[2021-12-10 23:43:08] <%런웨이 (runway02)> 저기에 넣고 싶어하는구나
[2021-12-10 23:43:11] <%제너럴레빌 (jhvirus333)> 악마인가
[2021-12-10 23:43:19] <%런웨이 (runway02)> ㄷㄷㄷㄷ
[2021-12-10 23:43:22] <%런웨이 (runway02)> 오리찼어
[2021-12-10 23:43:32] <%미드에코_ (mid__ekko)> ㅋㅋㅋㅋㅋㅋㅋ
[2021-12-10 23:43:41] <%제너럴레빌 (jhvirus333)> 이쯤 재롱떨었으면 됐잖아! 빨리 내놔!
[2021-12-10 23:43:44] <%설레는겨울 (nam1004wo0)> ㅋㅋㅋㅋㅋㅋㅋㅋㅋㅋㅋㅋㅋ
[2021-12-10 23:44:29] <%설레는겨울 (nam1004wo0)> ㅋㅋㅋㅋㅋㅋㅋㅋㅋㅋㅋ
[2021-12-10 23:44:30] <%만두파는꼬마 (juni4689)> ㅋㅋㅋㅋㅋㅋㅋㅋㅋㅋㅋㅋㅋ
[2021-12-10 23:44:33] <%만두파는꼬마 (juni4689)> 마지막 생각도못했네
[2021-12-10 23:44:59] <%만두파는꼬마 (juni4689)> 아 근데 사진찍으면 기본적으로
[2021-12-10 23:45:00] <%만두파는꼬마 (juni4689)> 사람을 잘찍어야하는데
[2021-12-10 23:45:03] <%만두파는꼬마 (juni4689)> 주위 찍을 모델이없어서
[2021-12-10 23:45:06] <%만두파는꼬마 (juni4689)> 허허...
[2021-12-10 23:45:12] <%만두파는꼬마 (juni4689)> 맨날 혼자댕긴답니다
[2021-12-10 23:45:24] <%설레는겨울 (nam1004wo0)> 오옹
[2021-12-10 23:45:27] <%만두파는꼬마 (juni4689)> 오
[2021-12-10 23:45:34] <%미드에코_ (mid__ekko)> 헤으응
[2021-12-10 23:45:37] <%+손해리 (sonhaery)> 배부르당 껄껄껄
[2021-12-10 23:45:38] <%런웨이 (runway02)> 그래도 손해아닌가 ㄷㄷ
[2021-12-10 23:45:50] <%만두파는꼬마 (juni4689)> 저거 된다면야..
[2021-12-10 23:45:54] <%만두파는꼬마 (juni4689)> 서로 윈윈..
[2021-12-10 23:45:59] <%만두파는꼬마 (juni4689)> 작가는 자기실력 + 포트폴리오가능
[2021-12-10 23:46:07] <%만두파는꼬마 (juni4689)> 모델은 이쁜자기사진 무료획득가능
[2021-12-10 23:46:13] <%설레는겨울 (nam1004wo0)> ㅋㅋㅋㅋㅋㅋㅋㅋ
[2021-12-10 23:46:19] <%ko_ke8929> 꿍냥치 ㅋㅋㅋ
[2021-12-10 23:46:24] <%+손해리 (sonhaery)> 옛날 찍새 = 사진을 잘찍어야함 요즘 찍새 = 보정을 잘해야함
[2021-12-10 23:46:33] <%만두파는꼬마 (juni4689)> 보정 ㄹㅇ
[2021-12-10 23:46:44] <%만두파는꼬마 (juni4689)> 제가 두달전? 까지만해도 보정 1도할줄몰랐었단말이죠 ㅋㅋㅋㅋㅋㅋㅋ
[2021-12-10 23:46:58] <%큰가시고기 (stickleback0915)> 피사체 해주는게 좋..
[2021-12-10 23:46:59] <%설레는겨울 (nam1004wo0)> ㅋㅋㅋㅋㅋㅋㅋ
[2021-12-10 23:47:08] <%ko_ke8929> 10년 ㅋㅋㅋㅋㅋㅋㅋㅋㅋㅋㅋ
[2021-12-10 23:47:11] <%만두파는꼬마 (juni4689)> 수십장씩 해대니까 이제 어느정도 감이잡히더라구요
[2021-12-10 23:47:32] <%큰가시고기 (stickleback0915)> 보정 잘해주시나요
[2021-12-10 23:47:37] <%미드에코_ (mid__ekko)> 인스타 스냅사진 이쁜거 진짜많은데
[2021-12-10 23:47:41] <%+손해리 (sonhaery)> 아 테슬라 1000선 떨어짐 이제 나락가겠다
[2021-12-10 23:47:45] <%큰가시고기 (stickleback0915)> 아 예꿍 한정..
[2021-12-10 23:48:00] <%만두파는꼬마 (juni4689)> ㄹㅇ 현업작가분들한테 이쁜사진들 어떻게 보정하냐 물어보니까
[2021-12-10 23:48:01] <%미드에코_ (mid__ekko)> 삼성전자 주식올라서 기분이 좋거덩여
[2021-12-10 23:48:04] <%만두파는꼬마 (juni4689)> 다들 하시는말이
[2021-12-10 23:48:08] <%만두파는꼬마 (juni4689)> 모델을 이쁜사람 찾으라고...
[2021-12-10 23:48:20] <%설레는겨울 (nam1004wo0)> 이쁜사람 찾으라고 ㅋㅋㅋㅋㅋ
[2021-12-10 23:48:24] <%큰가시고기 (stickleback0915)> 저거 맞음ㅋㅋㅋ
[2021-12-10 23:48:35] <%큰가시고기 (stickleback0915)> 예쁜 사람은 보정 할 필요가 없어
[2021-12-10 23:48:38] <%만두파는꼬마 (juni4689)> 모델이 이쁘면 보정안해도 이쁘다고 하던가.. ㅋㅋㅋㅋㅋㅋㅋㅋ
[2021-12-10 23:48:48] <%설레는겨울 (nam1004wo0)> 애초에 이쁘면 보정하면 더이쁜건가?
[2021-12-10 23:48:52] <%설레는겨울 (nam1004wo0)> ㅋㅋㅋㅋㅋㅋㅋㅋㅋㅋ
[2021-12-10 23:48:53] <%큰가시고기 (stickleback0915)> ㅋㅋㅋㅋㅋㅋㅋㅋㅋㅋㅋ 예쁘면 보정 안해도 된다고 ㅋㅋㅋㅋ
[2021-12-10 23:49:08] <%글리코젠 (whehgus0727)> 삼전 지금 76900이네..
[2021-12-10 23:49:15] <%만두파는꼬마 (juni4689)> 이쁘면 노출값만 올려도 이쁘대요
[2021-12-10 23:49:23] <%큰가시고기 (stickleback0915)> 오 만원정도 올랐네
[2021-12-10 23:49:47] <%미드에코_ (mid__ekko)> 2배되면 팔까..
[2021-12-10 23:49:51] <%+손해리 (sonhaery)> 아니 나는 나락가는중인데 ㅡㅡ
[2021-12-10 23:49:51] <%미드에코_ (mid__ekko)> ^오^
[2021-12-10 23:49:51] <%만두파는꼬마 (juni4689)> 오늘 떨어졌지않나요 삼전
[2021-12-10 23:49:53] <%+손해리 (sonhaery)> 자꾸 돈애기하지
[2021-12-10 23:49:58] <%큰가시고기 (stickleback0915)> 연예인이 다 예쁜건 아니라서..
[2021-12-10 23:50:01] <%미드에코_ (mid__ekko)> 4후반이여
[2021-12-10 23:50:03] <%만두파는꼬마 (juni4689)> 오늘 퍼런장이던데
[2021-12-10 23:50:11] <%설레는겨울 (nam1004wo0)> 오옹
[2021-12-10 23:50:16] <%미드에코_ (mid__ekko)> 어차피 시드가
[2021-12-10 23:50:16] <%큰가시고기 (stickleback0915)> 내 코인은 파란데
[2021-12-10 23:50:16] <%미드에코_ (mid__ekko)> 코딱지
[2021-12-10 23:50:20] <%큰가시고기 (stickleback0915)> BibleThump
[2021-12-10 23:50:27] <%미드에코_ (mid__ekko)> 코인은...하는거아니랫어 할머니가!
[2021-12-10 23:50:28] <%글리코젠 (whehgus0727)> 난 오늘 단타로 4만원 먹었는데.,.,, 부럽다
[2021-12-10 23:50:41] <%큰가시고기 (stickleback0915)> 지금이 바겐세일이라고
[2021-12-10 23:50:48] <%미드에코_ (mid__ekko)> 바겐세일ㅋㅋㅋㅋㅋㅋㅋㅋ
[2021-12-10 23:50:48] <%큰가시고기 (stickleback0915)> 코인 사라고~
[2021-12-10 23:50:54] <%큰가시고기 (stickleback0915)> yeggunViolet yeggunViolet
[2021-12-10 23:50:58] <%만두파는꼬마 (juni4689)> 코인 그떄 중국발 나락갔을때가 ㄹㅇ 바겐세일이었는데..
[2021-12-10 23:51:01] <%설레는겨울 (nam1004wo0)> 바겐세일 ㅋㅋㅋㅋㅋㅋ
[2021-12-10 23:51:12] <%글리코젠 (whehgus0727)> ㅋㅋ 다팔릴때까지 세일 ㅋ
[2021-12-10 23:51:13] <%만두파는꼬마 (juni4689)> 빝코 2000라인대 찎혓을때..
[2021-12-10 23:51:15] <%큰가시고기 (stickleback0915)> 지금도 그쯤 옴
[2021-12-10 23:51:18] <%설레는겨울 (nam1004wo0)> 사장님이 미쳐써요!! 점포마감!!
[2021-12-10 23:51:18] <%런웨이 (runway02)> ㄹㅇㅋㅋ 사장이 미쳤어요
[2021-12-10 23:51:31] <%ko_ke8929> 삼전 이야기 누가 했냐 .....안봤던 주식 들어갔다가
[2021-12-10 23:51:34] <%ko_ke8929> 주말 잠 못자게 생겼다 ㅠㅠㅠ
[2021-12-10 23:51:36] <%런웨이 (runway02)> 뭐지 같은게 두번이나 나오네 ㄷㄷ
[2021-12-10 23:51:36] <%큰가시고기 (stickleback0915)> 바닥인줄 알았는데
[2021-12-10 23:51:41] <%런웨이 (runway02)> 뭔대?
[2021-12-10 23:51:44] <%글리코젠 (whehgus0727)> 얼마에 들어갓는데?
[2021-12-10 23:51:45] <%런웨이 (runway02)> 주식명이?
[2021-12-10 23:51:46] <%큰가시고기 (stickleback0915)> 지하가 있어
[2021-12-10 23:51:59] <%런웨이 (runway02)> 삼전 우?
[2021-12-10 23:52:06] <%+손해리 (sonhaery)> ㅋㅋㅋㅋㅋ 넌 주식하지말^^
[2021-12-10 23:52:13] <%글리코젠 (whehgus0727)> 한번 더 치면 꿍냄은 본전이니
[2021-12-10 23:52:20] <%글리코젠 (whehgus0727)> 잘 결정 하셔요
[2021-12-10 23:52:24] <%귀차니연 (jyns8331)> 요즘은 매수하면 어플삭제하고 2주뒤에 들어간다던데 ㅋㅋ
[2021-12-10 23:52:46] <%설레는겨울 (nam1004wo0)> ㅋㅋㅋㅋㅋㅋㅋ
[2021-12-10 23:52:56] <%플라워샤워 (flowerkei0905)> 꿍돈
[2021-12-10 23:52:59] <%큰가시고기 (stickleback0915)> ㄷㄷㄷ
[2021-12-10 23:53:01] <%설레는겨울 (nam1004wo0)> 꿍돈 ㅋㅋㅋㅋㅋ
[2021-12-10 23:53:02] <%만두파는꼬마 (juni4689)> 우리 삼성전기 친구는.. 엄청오르더니 또 더디네요 쩝
[2021-12-10 23:53:07] <%ko_ke8929> ㅋㅋㅋㅋㅋ
[2021-12-10 23:53:10] <%ko_ke8929> 곱창엔딩 ㅋㅋ
[2021-12-10 23:53:18] <%만두파는꼬마 (juni4689)> 그쳐
[2021-12-10 23:53:22] <%플라워샤워 (flowerkei0905)> 이름이 비슷해서 ㅋㅋ
[2021-12-10 23:53:29] <%만두파는꼬마 (juni4689)> 전기가 전자쪽 반도체 관련된주에요
[2021-12-10 23:53:35] <%런웨이 (runway02)> 삼성 전기에서 뭐 만드는지 암?
[2021-12-10 23:53:44] <%미드에코_ (mid__ekko)> ㅋㅋㅋㅋㅋㅋㅋ
[2021-12-10 23:53:46] <%설레는겨울 (nam1004wo0)> ㅋㅋㅋㅋㅋㅋㅋ
[2021-12-10 23:53:50] <%런웨이 (runway02)> 아이구 ㅋㅋ
[2021-12-10 23:53:53] <%귀차니연 (jyns8331)> ㅋㅋㅋ 몰름
[2021-12-10 23:53:56] <%ko_ke8929> 거기 ??
[2021-12-10 23:53:58] <%런웨이 (runway02)> 삼성전자가 오르면 같이 움직이는 이유가 있지
[2021-12-10 23:53:59] <%설레는겨울 (nam1004wo0)> 아 뭐라도 만들겠지!
[2021-12-10 23:54:02] <%플라워샤워 (flowerkei0905)> 회사인데 뭐라도 만들어서 팔겄지~
[2021-12-10 23:54:04] <%ko_ke8929> 찌릿찌릿 배터리 만들겠지 ..ㅇㅊㅊ
[2021-12-10 23:54:08] <%+손해리 (sonhaery)> 아니 ㅡㅡ 성형한 사람이 자기 성형인거 안들키려고 애기때 사진 인증했는데 애기때 사진도 보정을 하면 어떻게하라는거임??
[2021-12-10 23:54:17] <%만두파는꼬마 (juni4689)> ㅋㅋㅋㅋㅋㅋㅋㅋㅋㅋㅋㅋㅋㅋㅋㅋㅋㅋㅋㅋㅋㅋㅋㅋㅋㅋ
[2021-12-10 23:54:20] <%글리코젠 (whehgus0727)> ㅋㅋㅋㅋ 종목 추천 하면 안되는데 들어간거 추천해주거싶..... 참아야징 ㅎㅎ
[2021-12-10 23:54:22] <%런웨이 (runway02)> PCB기판에 들어가는 부품을 만들거든
[2021-12-10 23:54:25] <%귀차니연 (jyns8331)> 부처메타 오히려 좋은데 LUL
[2021-12-10 23:54:25] <%런웨이 (runway02)> 그래서 같이 움직이지
[2021-12-10 23:54:29] <%설레는겨울 (nam1004wo0)> 애기때 사진도 보정을 하면 새로운 삶에 진심인거지
[2021-12-10 23:54:52] <%플라워샤워 (flowerkei0905)> 친목 금진데
[2021-12-10 23:54:53] <%+손해리 (sonhaery)> 여러분들 주식말고 부동산이나 사십쇼
[2021-12-10 23:54:56] <%플라워샤워 (flowerkei0905)> 주식들이 친목하네
[2021-12-10 23:55:08] <%만두파는꼬마 (juni4689)> ㄹㅇ
[2021-12-10 23:55:09] <%만두파는꼬마 (juni4689)> 갑자기
[2021-12-10 23:55:14] <%만두파는꼬마 (juni4689)> 띠링 삼성전자에서 얼마 이체되었습니다
[2021-12-10 23:55:18] <%런웨이 (runway02)> 배당 투자는 다른곳에 하면 더 받는단다
[2021-12-10 23:55:18] <%플라워샤워 (flowerkei0905)> 삼성도 배당금 많이 주던데
[2021-12-10 23:55:20] <%만두파는꼬마 (juni4689)> 이게뭐신고 하고 보면 배당금이고
[2021-12-10 23:55:22] <%+손해리 (sonhaery)> ㅇㅊㅊ
[2021-12-10 23:55:24] <%만두파는꼬마 (juni4689)> 순간 싱글벙글해짐
[2021-12-10 23:55:26] <%설레는겨울 (nam1004wo0)> 부동산을 살 돈이? BibleThump BibleThump
[2021-12-10 23:55:37] <%글리코젠 (whehgus0727)> 아... 월요일에 쩐 남는거 삼전 다 넣을까..
[2021-12-10 23:55:49] <%플라워샤워 (flowerkei0905)> 이제 연말이라 배당금 나온다구
[2021-12-10 23:55:52] <%+손해리 (sonhaery)> ㅇㅇ 우량주 넣구
[2021-12-10 23:55:53] <%+손해리 (sonhaery)> 그냥
[2021-12-10 23:55:56] <%플라워샤워 (flowerkei0905)> 삼전이 쪼개서 나와서 그렇지 퍼센트는 괜찮음
[2021-12-10 23:55:57] <%+손해리 (sonhaery)> 안심하는게 좋음
[2021-12-10 23:56:11] <%흑화가되어버린국스였던것 (darkmode_guks)> !가위바위보 보
[2021-12-10 23:56:15] <%만두파는꼬마 (juni4689)> ㅇ그게 왜그러냐면
[2021-12-10 23:56:15] <%흑화가되어버린국스였던것 (darkmode_guks)> 아 했구나
[2021-12-10 23:56:16] <%미드에코_ (mid__ekko)> ㄹㅇㅋㅋ
[2021-12-10 23:56:18] <%만두파는꼬마 (juni4689)> 삼성ㅇ ㅣ코스피 30프로라...
[2021-12-10 23:56:18] <%+손해리 (sonhaery)> ㅇㅇ 삼전은 삼전임
[2021-12-10 23:56:19] <%설레는겨울 (nam1004wo0)> 무튼 삼전 이니까!
[2021-12-10 23:56:22] <%흑화가되어버린국스였던것 (darkmode_guks)> 빵떡이 친목질하네
[2021-12-10 23:56:24] <%플라워샤워 (flowerkei0905)> 이름값이 있으니까
[2021-12-10 23:56:38] <%런웨이 (runway02)> 코스닥은 순삭 당하기 좋아
[2021-12-10 23:56:45] <%만두파는꼬마 (juni4689)> 아니 어느 기업이 한 국가 총 주식의 30%를 들고있냐고 ㅋㅋㅋㅋ
[2021-12-10 23:56:49] <%만두파는꼬마 (juni4689)> 근데 그게 삼전이네요
[2021-12-10 23:57:00] <%런웨이 (runway02)> 앗
[2021-12-10 23:57:05] <%플라워샤워 (flowerkei0905)> 걍 숫자 크면 좋은거 있음
[2021-12-10 23:57:12] <%+손해리 (sonhaery)> 주식 관심가지지말고 삶 열심히 사십쇼
[2021-12-10 23:57:12] <%런웨이 (runway02)> 응 하지마 ㅋㅋ
[2021-12-10 23:57:13] <%설레는겨울 (nam1004wo0)> ㅋㅋㅋㅋㅋㅋ
[2021-12-10 23:57:21] <%+손해리 (sonhaery)> 그러다가 삶 마감한느사람 많음
[2021-12-10 23:57:28] <%만두파는꼬마 (juni4689)> 그 아빠가 주식할때 그소리했는데
[2021-12-10 23:57:35] <%플라워샤워 (flowerkei0905)> 은행보단 이득임 ㄹㅇ
[2021-12-10 23:57:35] <%만두파는꼬마 (juni4689)> 내가사는 주식에 아줌마들이 사기시작하면 돈빼라고
[2021-12-10 23:57:38] <%런웨이 (runway02)> 나중에 박스권 들어가면 곡소리난다
[2021-12-10 23:57:50] <%플라워샤워 (flowerkei0905)> 저거 레알
[2021-12-10 23:57:59] <%설레는겨울 (nam1004wo0)> ㅋㅋㅋㅋㅋㅋㅋㅋㅋㅋ
[2021-12-10 23:58:01] <%플라워샤워 (flowerkei0905)> 경제 전문가들이 오른다고 입털면 빼야됨
[2021-12-10 23:58:01] <%+손해리 (sonhaery)> 그냥 주식으로 번 트수들 돈을 갖오셈
[2021-12-10 23:58:05] <%만두파는꼬마 (juni4689)> 그 삼전
[2021-12-10 23:58:06] <%만두파는꼬마 (juni4689)> 지금 개미들
[2021-12-10 23:58:08] <%플라워샤워 (flowerkei0905)> 그때 뺏어야됨
[2021-12-10 23:58:09] <%만두파는꼬마 (juni4689)> 9만대에 있잖아요
[2021-12-10 23:58:13] <%런웨이 (runway02)> 주당 200만원 할때가 좋았지
[2021-12-10 23:58:14] <%미드에코_ (mid__ekko)> 카카오가 문제인거같은데 지금 어칼지모르겟음
[2021-12-10 23:58:20] <%설레는겨울 (nam1004wo0)> 와 천잰가?
[2021-12-10 23:58:22] <%설레는겨울 (nam1004wo0)> ㅋㅋㅋㅋㅋㅋ
[2021-12-10 23:58:33] <%만두파는꼬마 (juni4689)> 9~10만대 가던 그때 샀던 개미들이
[2021-12-10 23:58:39] <%만두파는꼬마 (juni4689)> ㄹㅇ 지옥ㅋㅋㅋㅋㅋㅋㅋ
[2021-12-10 23:58:43] <%런웨이 (runway02)> 분활했잖아
[2021-12-10 23:58:49] <%플라워샤워 (flowerkei0905)> 삼전 8층 이상에서 샀으면 걍 주식 접는걸로
[2021-12-10 23:58:49] <%런웨이 (runway02)> 50만원에 사는사람도 있을건데ㅐ
[2021-12-10 23:58:50] <%+손해리 (sonhaery)> 주식 고민 <<<<<<벽<<<<< 저녁 고민
[2021-12-10 23:58:55] <%플라워샤워 (flowerkei0905)> 초보라 그럼
[2021-12-10 23:58:58] <%+손해리 (sonhaery)> 분할....
[2021-12-10 23:59:08] <%만두파는꼬마 (juni4689)> ㅋㅋㅋㅋㅋㅋㅋㅋㅋㅋㅋㅋㅋ
[2021-12-10 23:59:09] Viewerstats (23:28-23:59): avg:33 min:31 max:37 [17/32+1+0+0-2+0+1+0+1+0+2+0+1+0+1+0+0]
[2021-12-10 23:59:14] <%만두파는꼬마 (juni4689)> 전 공모주할때
[2021-12-10 23:59:18] <%만두파는꼬마 (juni4689)> 넣었던거 싹 이득보고 다빠짐..
[2021-12-10 23:59:19] <%귀차니연 (jyns8331)> 테슬라 올인하고 여행다니는 유튜버도 있던데... 부럽
[2021-12-10 23:59:44] <%설레는겨울 (nam1004wo0)> 와 테슬라에 올인하고 여행
[2021-12-10 23:59:45] <%런웨이 (runway02)> 씨드를 2억원만해도
[2021-12-10 23:59:52] <%런웨이 (runway02)> 10%만 먹어도 2000만원이라는 ㅋㅋ
[2021-12-11 00:00:00] <%만두파는꼬마 (juni4689)> 깔끔하게 이득보고 빠지면서 그날 치킨사먹었죠
[2021-12-11 00:00:01] <%미스터애쉬 (mrashhhh)> plumyHmm
[2021-12-11 00:00:01] <%만두파는꼬마 (juni4689)> 행복했읍니다
[2021-12-11 00:00:05] <%+손해리 (sonhaery)> 그냥 주식은 버려도되는돈 넣ㅇ는거임
[2021-12-11 00:00:11] <%런웨이 (runway02)> 팔기전까지는 자기돈 아니잖아
[2021-12-11 00:00:13] <%+손해리 (sonhaery)> 치킨참고 2만원 이런식으로
[2021-12-11 00:00:25] <%런웨이 (runway02)> 아닐수도있지
[2021-12-11 00:00:26] <%만두파는꼬마 (juni4689)> 2억보다 돈이많으면서
[2021-12-11 00:00:28] <%만두파는꼬마 (juni4689)> 고정수입이 있는거죠
[2021-12-11 00:00:31] <%플라워샤워 (flowerkei0905)> 예비금으로 해야됨 ㄹㅇ
[2021-12-11 00:00:34] <%런웨이 (runway02)> 그 2억이 씨드가 되서 엄청나게 될수도 있지
[2021-12-11 00:00:37] <%설레는겨울 (nam1004wo0)> 2억이 버려도 되는 돈인가 그럼? ㄷㄷ
[2021-12-11 00:00:49] <%만두파는꼬마 (juni4689)> 주식명언 -는 100이 끝인데 +는 무제한이다..
[2021-12-11 00:00:53] <%런웨이 (runway02)> ㅋㅋㅋㅋㅋ
[2021-12-11 00:00:55] <%설레는겨울 (nam1004wo0)> ㅋㅋㅋㅋㅋㅋㅋ
[2021-12-11 00:01:00] <%런웨이 (runway02)> 쉽지않아
[2021-12-11 00:01:05] <%+손해리 (sonhaery)> ㅋㅋㅋㅋㅋㅋ 아니 ㅋㅋㅋㅋ 다들 돈벌면 ㅋㅋㅋㅋㅋㅋ 사람들이 왜 삶 마감함
[2021-12-11 00:01:07] <%런웨이 (runway02)> 똑똑한 애들만 해
[2021-12-11 00:01:15] <%설레는겨울 (nam1004wo0)> ㄹㅇ
[2021-12-11 00:01:19] <%런웨이 (runway02)> 배당금 더 주는데 때려넣어야지
[2021-12-11 00:01:21] <%플라워샤워 (flowerkei0905)> 삼전이 한 5퍼 주던가?
[2021-12-11 00:01:24] <%설레는겨울 (nam1004wo0)> 한강물온도 체크 하는사람들 많겠지
[2021-12-11 00:01:26] <%런웨이 (runway02)> 12%주는곳도 있단다
[2021-12-11 00:01:35] <%+손해리 (sonhaery)> 주식 고수 = 주식 얘기 잘 안함 주식 븅2신 = 주식에 대해 빠삭함
[2021-12-11 00:01:35] <%런웨이 (runway02)> 안망하는곳에 해야징 ㅋ
[2021-12-11 00:01:54] <%만두파는꼬마 (juni4689)> ㅋㅋㅋㅋㅋㅋㅋㅋㅋㅋㅋㅋㅋㅋㅋㅋㅋㅋㅋㅋㅋㅋㅋㅋㅋㅋ
[2021-12-11 00:01:55] <%설레는겨울 (nam1004wo0)> ㅋㅋㅋㅋㅋㅋㅋㅋㅋㅋ
[2021-12-11 00:02:02] <%플라워샤워 (flowerkei0905)> 주식 얘기를 안하는게 아니라 종목 추천을 안함
[2021-12-11 00:02:03] <%+손해리 (sonhaery)> 찍먹은 제외임
[2021-12-11 00:02:05] <%낙군87 (rlawlgns23)> 예하
[2021-12-11 00:02:06] <@^빵_떡 (bbangddeock)> 낙군87 님 어서와용
[2021-12-11 00:02:08] <%설레는겨울 (nam1004wo0)> 찍먹은 제외 ㅋㅋㅋㅋ
[2021-12-11 00:02:15] <%만두파는꼬마 (juni4689)> 미쯔하이
[2021-12-11 00:02:16] <%+손해리 (sonhaery)> 주식 잘하는사람들은 매매법 종목 추천 다 안함
[2021-12-11 00:02:19] <%미드에코_ (mid__ekko)> 미쯔야..
[2021-12-11 00:02:19] <%플라워샤워 (flowerkei0905)> 남한테 이거사라 저거사라 추천하는 애들= 작전꾼
[2021-12-11 00:02:21] <%설레는겨울 (nam1004wo0)> 미쯔 안녕~!!!
[2021-12-11 00:02:24] <%런웨이 (runway02)> 산전수전 공중전까지해야지 겨우 주식할수있음
[2021-12-11 00:02:30] <%만두파는꼬마 (juni4689)> 아 미쯔찍으러가고싶어
[2021-12-11 00:02:32] <%설레는겨울 (nam1004wo0)> ㅋㅋㅋㅋㅋ
[2021-12-11 00:02:34] <%만두파는꼬마 (juni4689)> 졸귀탱이겠다
[2021-12-11 00:02:38] <%설레는겨울 (nam1004wo0)> 분홍소시지 ㅋㅋㅋㅋ
[2021-12-11 00:02:43] <%글리코젠 (whehgus0727)> 올해 풀로 넣엇으면 1주당 2994원이니 2억에 75000원 잡으면...2666주 2666주 × 2994원  = 7982004원
[2021-12-11 00:02:43] <%김지민입니다 (jjmean)> 예하
[2021-12-11 00:02:44] <@^빵_떡 (bbangddeock)> 김지민입니다 님 어서와용
[2021-12-11 00:02:53] <%의욕있어 (halomang1027)> 분홍소시지 ㅋㅋ
[2021-12-11 00:02:55] <%글리코젠 (whehgus0727)> 1년 배당금 8백이네
[2021-12-11 00:02:56] <%런웨이 (runway02)> 눈먼돈이 아니라니까 주식은 ㅋㅋ
[2021-12-11 00:02:59] <%만두파는꼬마 (juni4689)> 마침 최근데 카페렌즈라고 아웃포커싱 확 되는 렌즈 하나 샀단말이죠
[2021-12-11 00:03:01] <%플라워샤워 (flowerkei0905)> 애초에 주식 잘하는 애면 지금 뉴스 찾아보고 잇어야지 어딜 인방을 보고 있어 ㅋㅋ
[2021-12-11 00:03:09] <%+손해리 (sonhaery)> 아니 나한테 뒤지게 주식 충고하던 사람이 나보다 시드 1/10이고 ;
[2021-12-11 00:03:13] <%+손해리 (sonhaery)> 수익율도 딸리고
[2021-12-11 00:03:18] <%+손해리 (sonhaery)> ㅈ문가들 주겅 ㅠ
[2021-12-11 00:03:42] <%런웨이 (runway02)> 작년에 배당을 줬다가 올해는 안줄수도 있고ㅓ
[2021-12-11 00:03:42] <%만두파는꼬마 (juni4689)> 보통 50미리가 여친렌즈 35미리가 카페렌즈
[2021-12-11 00:03:45] <%런웨이 (runway02)> 변수가있어
[2021-12-11 00:03:47] <%귀차니연 (jyns8331)> 내년부터 예행성으로 돌아오는거 아니지? LUL
[2021-12-11 00:03:50] <%+손해리 (sonhaery)> 50미리가 여친렌즈 ㅇㅇ
[2021-12-11 00:03:56] <%+손해리 (sonhaery)> f1.8
[2021-12-11 00:03:56] <%설레는겨울 (nam1004wo0)> 예행성 ㅋㅋㅋㅋㅋ
[2021-12-11 00:04:05] <%플라워샤워 (flowerkei0905)> 근데 진짜 입 많이 터는애들보고 시드랑 수익률 인증하라고 하면 절대 안함
[2021-12-11 00:04:07] <%플라워샤워 (flowerkei0905)> 파란색이라
[2021-12-11 00:04:09] <%만두파는꼬마 (juni4689)> 그럼뭐..
[2021-12-11 00:04:11] <%김지민입니다 (jjmean)> 주식으로 2017년부터 2020년까지 해서 수익률 달달하게 벌었음
[2021-12-11 00:04:11] <%미드에코_ (mid__ekko)> ?
[2021-12-11 00:04:12] <@^빵_떡 (bbangddeock)> 예꿍이가  13490 번째 갈고리 줍줍!!
[2021-12-11 00:04:15] <%만두파는꼬마 (juni4689)> 눈물이나 흘리죠뭐
[2021-12-11 00:04:16] <%플라워샤워 (flowerkei0905)> 아이돌 직어야지  ㅋㅋ
[2021-12-11 00:04:36] <%+손해리 (sonhaery)> 열어분들 주식은 부동산자금모으기만 하십쇼
[2021-12-11 00:04:38] <%미드에코_ (mid__ekko)> ㄹㅇ 주식벌엇다는애들 시드
[2021-12-11 00:04:38] <%만두파는꼬마 (juni4689)> 아이돌찍을떈.. 100400 f2.8이런..
[2021-12-11 00:04:39] <%미드에코_ (mid__ekko)> 공개안함
[2021-12-11 00:04:41] <%+손해리 (sonhaery)> ㅇㅇ
[2021-12-11 00:04:43] <%만두파는꼬마 (juni4689)> 망원렌즈들고 대포쏴야..
[2021-12-11 00:04:44] <%+손해리 (sonhaery)> 공개절대안함
[2021-12-11 00:04:45] <@^빵_떡 (bbangddeock)> 어서오세요 아직 팔로우 안하셨다면 팔로우 부탁해요 °˖✧◝(⁰▿⁰)◜✧˖°
[2021-12-11 00:04:45] <%+손해리 (sonhaery)> ㅋㅋㅋㅋㅋㅋㅋ
[2021-12-11 00:04:49] <%설레는겨울 (nam1004wo0)> ㅋㅋㅋㅋㅋㅋㅋㅋ
[2021-12-11 00:05:03] <%흑화가되어버린국스였던것 (darkmode_guks)> 미익주
[2021-12-11 00:05:06] <%설레는겨울 (nam1004wo0)> 커엽 ㅋㅋㅋㅋㅋ
[2021-12-11 00:05:07] <%귀차니연 (jyns8331)> ueun04Roche1 ueun04Roche1
[2021-12-11 00:05:07] <%김지민입니다 (jjmean)> 올해 여름에 다 주식 다 정리하고 내년 봄에 트리마제 입주합니당
[2021-12-11 00:05:15] <%김지민입니다 (jjmean)> 근데 사니깐 집값이 떨어집니다
[2021-12-11 00:05:19] <%+손해리 (sonhaery)> 트리마제 매매가 얼마에 인가용
[2021-12-11 00:05:34] <%설레는겨울 (nam1004wo0)> ㅋㅋㅋㅋㅋㅋㅋ
[2021-12-11 00:05:34] <%김지민입니다 (jjmean)> 제가 계약을 저번달에 계약금 걸구 총금액이
[2021-12-11 00:05:35] <%만두파는꼬마 (juni4689)> 트리마제
[2021-12-11 00:05:37] <%만두파는꼬마 (juni4689)> 성수동 아파트
[2021-12-11 00:05:38] <%김지민입니다 (jjmean)> 42억에 했어여
[2021-12-11 00:05:38] <%+손해리 (sonhaery)> 성수동
[2021-12-11 00:05:51] <%의욕있어 (halomang1027)> 좋은곳
[2021-12-11 00:06:01] <%만두파는꼬마 (juni4689)> 물좋고 공기좋..아 공기는 아닌가?
[2021-12-11 00:06:22] <%김지민입니다 (jjmean)> 저번달에 잔금처리 다 하고 전세 세입자 계약기간까지만 기다리고 있는데
[2021-12-11 00:06:23] <%플라워샤워 (flowerkei0905)> 요새 공기는 미세먼지 심한날은 강원도도 구려서리 ㅋㅋ
[2021-12-11 00:06:25] <%설레는겨울 (nam1004wo0)> 전기장판이 최고긴 하지
[2021-12-11 00:06:27] <%김지민입니다 (jjmean)> 집값이 떨어질꺼 같음..
[2021-12-11 00:06:36] <%+손해리 (sonhaery)> ㅋㅋㅋㅋㅋ 트리마제 사는사람이 무슨 집값 걱정임....
[2021-12-11 00:06:43] <%만두파는꼬마 (juni4689)> 지금 서울 집이
[2021-12-11 00:06:44] <%플라워샤워 (flowerkei0905)> 강원도 공기 좋다 그래도 미세먼지 앞에선 어림없지
[2021-12-11 00:06:45] <%만두파는꼬마 (juni4689)> 매매가 안된대요
[2021-12-11 00:06:50] <%+손해리 (sonhaery)> 대선앞이라 그래용
[2021-12-11 00:06:54] <%김지민입니다 (jjmean)> 매매가 안되영 다 월세집 구해서..
[2021-12-11 00:07:30] <%미드에코_ (mid__ekko)> ?
[2021-12-11 00:07:30] <@^빵_떡 (bbangddeock)> 예꿍이가  13491 번째 갈고리 줍줍!!
[2021-12-11 00:07:31] <%미스터애쉬 (mrashhhh)> ?
[2021-12-11 00:07:31] <%설레는겨울 (nam1004wo0)> ?
[2021-12-11 00:07:32] <%만두파는꼬마 (juni4689)> ?
[2021-12-11 00:07:36] <%만두파는꼬마 (juni4689)> 급발진 노노해
[2021-12-11 00:07:39] <%설레는겨울 (nam1004wo0)> 내일 얼마나 일찍 오시려구요?
[2021-12-11 00:07:40] <%플라워샤워 (flowerkei0905)> 님이 무슨 신데렐라냐고 ㅋㅋ
[2021-12-11 00:07:45] <%의욕있어 (halomang1027)> ?
[2021-12-11 00:07:45] <@^빵_떡 (bbangddeock)> 예꿍이가  13492 번째 갈고리 줍줍!!
[2021-12-11 00:07:48] <%만두파는꼬마 (juni4689)> 신데렐라 메타 안받습니다
[2021-12-11 00:07:50] <%미스터애쉬 (mrashhhh)> BibleThump
[2021-12-11 00:08:01] <%귀차니연 (jyns8331)> yeggunDdo  방종?
[2021-12-11 00:08:05] <%만두파는꼬마 (juni4689)> 그 뭐 애들 10시 게임 못하는거 그것도 없어진다는데
[2021-12-11 00:08:05] <%큰가시고기 (stickleback0915)> 또
[2021-12-11 00:08:07] <%만두파는꼬마 (juni4689)> 아 셧다운제
[2021-12-11 00:08:07] <%플라워샤워 (flowerkei0905)> 미션걸어..
[2021-12-11 00:08:12] <%김지민입니다 (jjmean)> 온다고 안했습니다~ 도전이라고 했습니다~
[2021-12-11 00:08:15] <%미드에코_ (mid__ekko)> 너무해
[2021-12-11 00:08:15] <%큰가시고기 (stickleback0915)> woohanAsas
[2021-12-11 00:08:15] <%만두파는꼬마 (juni4689)> 신데렐라제도 없애죠 .. ㅎ
[2021-12-11 00:08:17] <%플라워샤워 (flowerkei0905)> 늦으면 마인부우 코스프레
[2021-12-11 00:08:21] <%설레는겨울 (nam1004wo0)> BibleThump BibleThump
[2021-12-11 00:08:21] <%플라워샤워 (flowerkei0905)> 그럼 낼도 일찍가겠네
[2021-12-11 00:08:27] <%큰가시고기 (stickleback0915)> 진짜 꿍데렐라 된거야?
[2021-12-11 00:08:31] <%미드에코_ (mid__ekko)> ㅋㅋㅋㅋㅋㅋㅋㅋㅋㅋㅋㅋ
[2021-12-11 00:08:32] <%+손해리 (sonhaery)> 엔진 녹슬어서
[2021-12-11 00:08:34] <%미드에코_ (mid__ekko)> ㄹㅇㅋㅋ
[2021-12-11 00:08:35] <%만두파는꼬마 (juni4689)> ㅋㅋㅋㅋㅋㅋㅋㅋㅋㅋㅋㅋㅋㅋㅋㅋㅋㅋㅋㅋㅋㅋㅋㅋ
[2021-12-11 00:08:36] <%+손해리 (sonhaery)> 어쩌누
[2021-12-11 00:08:37] <%미드에코_ (mid__ekko)> 딴냔인가
[2021-12-11 00:08:40] <%설레는겨울 (nam1004wo0)> 오랜만이라 기억이 허허허
[2021-12-11 00:08:41] <%만두파는꼬마 (juni4689)> 딴냔이다!
[2021-12-11 00:08:49] <%큰가시고기 (stickleback0915)> 3시이후에 온다
[2021-12-11 00:08:49] <%설레는겨울 (nam1004wo0)> 내가 뭐라고 했더라?
[2021-12-11 00:08:53] <%김지민입니다 (jjmean)> 친구만나면 야방 하나요?
[2021-12-11 00:08:55] <%+손해리 (sonhaery)> 딴년이야;
[2021-12-11 00:08:58] <%글리코젠 (whehgus0727)> ㅋㅋㅋㅋㅋㅋㅋㅋㅋ 꿍토바이가 스커트만 팔락이네
[2021-12-11 00:08:59] <%만두파는꼬마 (juni4689)> 들켰다
[2021-12-11 00:09:00] <%미드에코_ (mid__ekko)> 친구이쁘나요?
[2021-12-11 00:09:05] <%큰가시고기 (stickleback0915)> ㅋㅋㅋㅋㅋㅋㅋㅋ
[2021-12-11 00:09:08] <%+손해리 (sonhaery)> 소개좀 28살 영계
[2021-12-11 00:09:11] <%큰가시고기 (stickleback0915)> 누구야
[2021-12-11 00:09:22] <%만두파는꼬마 (juni4689)> 보통 안이뻐요 하면 이쁘던데
[2021-12-11 00:09:22] <%설레는겨울 (nam1004wo0)> 짤따기 바쁜데 딴냔은 무슨
[2021-12-11 00:09:24] <%ko_ke8929> ㅋㅋㅋㅋㅋㅋㅋㅋㄱ
[2021-12-11 00:09:26] <%글리코젠 (whehgus0727)> 꿍냄이 더 이쁜가요?
[2021-12-11 00:09:27] <%+손해리 (sonhaery)> ㅋㅋㅋㅋㅋㅋㅋㅋㅋㅋㅋㅋㅋㅋㅋㅋㅋㅋㅋㅋㅋㅋㅋㅋㅋㅋㅋㅋ
[2021-12-11 00:09:30] <%+터틀맨이다 (jyl5111)> 엄청예쁜갑다
[2021-12-11 00:09:33] <%+손해리 (sonhaery)> 짤따개 ㅇㅈ
[2021-12-11 00:09:43] <%설레는겨울 (nam1004wo0)> 짤따개 뭔가 슬픈데? ㅋㅋㅋㅋㅋㅋ
[2021-12-11 00:09:45] <%의욕있어 (halomang1027)> ㅗㅡ ㅑ
[2021-12-11 00:09:48] <%+손해리 (sonhaery)> 아니 뭐 오토바이가 그렇게 안빠르네....
[2021-12-11 00:09:54] <%설레는겨울 (nam1004wo0)> ㅋㅋㅋㅋㅋㅋㅋ
[2021-12-11 00:09:56] <%미드에코_ (mid__ekko)> 150cc입니다
[2021-12-11 00:09:57] <%미드에코_ (mid__ekko)> 양해부탁드려요
[2021-12-11 00:10:01] <%미스터애쉬 (mrashhhh)> yeggunViolet yeggunGgung yeggunViolet yeggunGgung yeggunViolet yeggunGgung yeggunViolet yeggunGgung yeggunViolet yeggunGgung yeggunViolet yeggunGgung yeggunViolet yeggunGgung yeggunViolet yeggunGgung
[2021-12-11 00:10:03] <%설레는겨울 (nam1004wo0)> 이정도면 최속인데?
[2021-12-11 00:10:04] <%만두파는꼬마 (juni4689)> 1500cc로 업그레이드는 안되나요
[2021-12-11 00:10:04] <%미스터애쉬 (mrashhhh)> yeggunViolet yeggunGgung yeggunViolet yeggunGgung yeggunViolet yeggunGgung yeggunViolet yeggunGgung yeggunViolet yeggunGgung yeggunViolet yeggunGgung yeggunViolet yeggunGgung yeggunViolet yeggunGgung yeggunViolet yeggunGgung
[2021-12-11 00:10:04] <%붉은_하늘 (sdline12)> ㅃㄹ 어디감?
[2021-12-11 00:10:06] <%+손해리 (sonhaery)> 느려 좀
[2021-12-11 00:10:09] <%붉은_하늘 (sdline12)> 굶었음?
[2021-12-11 00:10:10] <%미스터애쉬 (mrashhhh)> yeggunViolet yeggunGgung yeggunViolet yeggunGgung yeggunViolet yeggunGgung yeggunViolet yeggunGgung yeggunViolet yeggunGgung yeggunViolet yeggunGgung yeggunViolet yeggunGgung yeggunViolet yeggunGgung yeggunViolet yeggunGgung yeggunViolet yeggunGgung
[2021-12-11 00:10:10] <%설레는겨울 (nam1004wo0)> yeggunGgung yeggunYeah yeggunViolet yeggunGgung yeggunYeah yeggunViolet yeggunGgung yeggunYeah yeggunViolet yeggunGgung yeggunYeah yeggunViolet
[2021-12-11 00:10:11] <%미드에코_ (mid__ekko)> 뽈롱실종임
[2021-12-11 00:10:13] <%미스터애쉬 (mrashhhh)> yeggunViolet yeggunGgung yeggunViolet yeggunGgung yeggunViolet yeggunGgung yeggunViolet yeggunGgung yeggunViolet yeggunGgung yeggunViolet yeggunGgung yeggunViolet yeggunGgung yeggunViolet yeggunGgung yeggunViolet yeggunGgung yeggunViolet yeggunGgung yeggunViolet yeggunGgung
[2021-12-11 00:10:13] <%설레는겨울 (nam1004wo0)> yeggunGgung yeggunYeah yeggunViolet yeggunGgung yeggunYeah yeggunViolet yeggunGgung yeggunYeah yeggunViolet yeggunGgung yeggunYeah yeggunViolet yeggunGgung yeggunYeah yeggunViolet
[2021-12-11 00:10:15] <내입술은캉난나키스전용 (a_plate_of_lips)> 아주머니 1번 관광버스 타시면 됩니다
[2021-12-11 00:10:16] <%미드에코_ (mid__ekko)> 뽈랭나놔 이킁! 뽈랭나놔 이킁! 뽈랭나놔 이킁! 뽈랭나놔 이킁! 뽈랭나놔 이킁! 뽈랭나놔 이킁!
[2021-12-11 00:10:16] <%성질더러운예냥이노예쿠거 (suwoncougar97)> yeggunViolet yeggunViolet yeggunViolet yeggunViolet yeggunViolet yeggunViolet
[2021-12-11 00:10:17] <%설레는겨울 (nam1004wo0)> 오늘 뽈롱이 없네
[2021-12-11 00:10:19] <%설레는겨울 (nam1004wo0)> yeggunGgung yeggunYeah yeggunViolet yeggunGgung yeggunYeah yeggunViolet yeggunGgung yeggunYeah yeggunViolet yeggunGgung yeggunYeah yeggunViolet
[2021-12-11 00:10:19] <%귀차니연 (jyns8331)> ㅗㅜㅑ는 쳐드릴꼐
[2021-12-11 00:10:19] <%미스터애쉬 (mrashhhh)> yeggunViolet yeggunGgung yeggunViolet yeggunGgung yeggunViolet yeggunGgung yeggunViolet yeggunGgung yeggunViolet yeggunGgung yeggunViolet yeggunGgung yeggunViolet yeggunGgung yeggunViolet yeggunViolet yeggunGgung yeggunViolet yeggunGgung yeggunViolet yeggunGgung
[2021-12-11 00:10:20] <%붉은_하늘 (sdline12)> ㅃㄹ내놔!!!
[2021-12-11 00:10:23] <%미스터애쉬 (mrashhhh)> yeggunViolet yeggunGgung yeggunViolet yeggunGgung yeggunViolet yeggunGgung yeggunViolet yeggunGgung yeggunViolet yeggunGgung yeggunViolet yeggunGgung yeggunViolet yeggunGgung yeggunViolet yeggunGgung yeggunViolet yeggunGgung yeggunViolet yeggunGgung yeggunViolet yeggunGgung
[2021-12-11 00:10:24] <%성질더러운예냥이노예쿠거 (suwoncougar97)> yeggunViolet yeggunGgung yeggunViolet yeggunGgung yeggunViolet yeggunGgung yeggunViolet yeggunGgung yeggunViolet yeggunGgung yeggunViolet yeggunGgung yeggunViolet yeggunGgung yeggunViolet yeggunGgung
[2021-12-11 00:10:25] <%미스터애쉬 (mrashhhh)> yeggunViolet yeggunGgung yeggunViolet yeggunGgung yeggunViolet yeggunGgung yeggunViolet yeggunGgung yeggunViolet yeggunGgung yeggunViolet yeggunGgung yeggunViolet yeggunGgung yeggunViolet yeggunViolet yeggunGgung yeggunViolet yeggunGgung yeggunViolet yeggunGgung
[2021-12-11 00:10:27] <%붉은_하늘 (sdline12)> 힘뺴!!!!
[2021-12-11 00:10:27] <%설레는겨울 (nam1004wo0)> yeggunGgung yeggunYeah yeggunViolet yeggunGgung yeggunYeah yeggunViolet yeggunGgung yeggunYeah yeggunViolet yeggunGgung yeggunYeah yeggunViolet yeggunGgung yeggunYeah yeggunViolet
[2021-12-11 00:10:28] <%미스터애쉬 (mrashhhh)> yeggunViolet yeggunGgung yeggunViolet yeggunGgung yeggunViolet yeggunGgung yeggunViolet yeggunGgung yeggunViolet yeggunGgung yeggunViolet yeggunGgung yeggunViolet yeggunGgung yeggunViolet yeggunGgung yeggunViolet yeggunGgung yeggunViolet yeggunGgung yeggunViolet yeggunGgung
[2021-12-11 00:10:31] <%미스터애쉬 (mrashhhh)> yeggunViolet yeggunGgung yeggunViolet yeggunGgung yeggunViolet yeggunGgung yeggunViolet yeggunGgung yeggunViolet yeggunGgung yeggunViolet yeggunGgung yeggunViolet yeggunGgung yeggunViolet yeggunViolet yeggunGgung yeggunViolet yeggunGgung yeggunViolet yeggunGgung
[2021-12-11 00:10:36] <%설레는겨울 (nam1004wo0)> 미쯔 안녕!!!
[2021-12-11 00:10:36] <%미스터애쉬 (mrashhhh)> ㅋㅋㅋ
[2021-12-11 00:10:36] <%만두파는꼬마 (juni4689)> 저기 오토바이 차주분
[2021-12-11 00:10:37] <%설레는겨울 (nam1004wo0)> ㅋㅋㅋㅋㅋㅋ
[2021-12-11 00:10:37] <%만두파는꼬마 (juni4689)> 오졌네
[2021-12-11 00:10:47] <%귀차니연 (jyns8331)> 대충 ㅗㅜㅑ하는 채팅
[2021-12-11 00:10:47] <%만두파는꼬마 (juni4689)> 오토바이 차주라 그래요
[2021-12-11 00:10:48] <%설레는겨울 (nam1004wo0)> ㅋㅋㅋㅋㅋㅋㅋ
[2021-12-11 00:10:52] <%붉은_하늘 (sdline12)> ㅇㅅㅇ
[2021-12-11 00:10:54] <%붉은_하늘 (sdline12)> 이킁넴
[2021-12-11 00:10:54] <%큰가시고기 (stickleback0915)> 직관 오우ㅑ
[2021-12-11 00:10:57] <%붉은_하늘 (sdline12)> 배에 힘뺴요 ㅇㅅㅇ
[2021-12-11 00:11:03] <%설레는겨울 (nam1004wo0)> 집사 신기하게 쳐다볼듯 ㅋㅋㅋㅋㅋ
[2021-12-11 00:11:05] <%붉은_하늘 (sdline12)> 부끄러운게 아니잔...
[2021-12-11 00:11:14] <%붉은_하늘 (sdline12)> ㅃㄹ 어디갔어!! 굶었어??!?!?!??
[2021-12-11 00:11:14] <%+손해리 (sonhaery)> 암튼
[2021-12-11 00:11:15] <%+손해리 (sonhaery)> 방종
[2021-12-11 00:11:16] <%+손해리 (sonhaery)> ㅂㅇ
[2021-12-11 00:11:17] <%미드에코_ (mid__ekko)> ㅎ;
[2021-12-11 00:11:22] <%미드에코_ (mid__ekko)> 꿍라가스님?
[2021-12-11 00:11:23] <%큰가시고기 (stickleback0915)> ?
[2021-12-11 00:11:23] <@^빵_떡 (bbangddeock)> 예꿍이가  13493 번째 갈고리 줍줍!!
[2021-12-11 00:11:25] <%만두파는꼬마 (juni4689)> ?
[2021-12-11 00:11:26] <%설레는겨울 (nam1004wo0)> ?
[2021-12-11 00:11:30] <%붉은_하늘 (sdline12)> ㅈㅅ
[2021-12-11 00:11:32] <%큰가시고기 (stickleback0915)> 꿍바
[2021-12-11 00:11:32] <@^빵_떡 (bbangddeock)> 큰가시고기 님 빠이!
[2021-12-11 00:11:33] <%붉은_하늘 (sdline12)> 젝아 시동 걸었나봄
[2021-12-11 00:11:34] <%만두파는꼬마 (juni4689)> 뼈 그만떄리십쇼
[2021-12-11 00:11:36] <%+손해리 (sonhaery)> 하이웨이스트 입으면서 말이많아!
[2021-12-11 00:11:36] <%붉은_하늘 (sdline12)> 자숙 하겠습니다...
[2021-12-11 00:11:37] <%만두파는꼬마 (juni4689)> 아파..
[2021-12-11 00:11:37] <%제너럴레빌 (jhvirus333)> 하루종일 트수가---
[2021-12-11 00:11:40] <%귀차니연 (jyns8331)> yeggunLar yeggunYa yeggunDdo
[2021-12-11 00:11:43] <%제너럴레빌 (jhvirus333)> *+'*+'*''+**+++'*'*'
[2021-12-11 00:11:49] <%제너럴레빌 (jhvirus333)> '*'*'+'*'*'*'*'*++++'**+*+*+*''**'*'
[2021-12-11 00:11:52] <%설레는겨울 (nam1004wo0)> yeggunYeah yeggunGgung yeggunGa
[2021-12-11 00:11:52] <@^빵_떡 (bbangddeock)> yeggunYeah
[2021-12-11 00:11:53] <%만두파는꼬마 (juni4689)> 아니 병상도 없는데 입원 못한다구요
[2021-12-11 00:11:55] <%만두파는꼬마 (juni4689)> 고만때려..
[2021-12-11 00:11:58] <%흑화가되어버린국스였던것 (darkmode_guks)> 아주 야랄이 생활화되써 꿍은
[2021-12-11 00:11:58] <%제너럴레빌 (jhvirus333)> 방종 고
[2021-12-11 00:11:59] <%런웨이 (runway02)> 머랭 ㅋㅋ
[2021-12-11 00:12:02] <%큰가시고기 (stickleback0915)> yu2beeJu yu2beeGugu
[2021-12-11 00:12:03] <%글리코젠 (whehgus0727)> 왜 갑자기 야랄이지....?
[2021-12-11 00:12:04] <%설레는겨울 (nam1004wo0)> yeggunYeah yeggunGgung yeggunGa yeggunG
[2021-12-11 00:12:04] <@^빵_떡 (bbangddeock)> yeggunYeah
[2021-12-11 00:12:07] <%붉은_하늘 (sdline12)> 잘가 ㅇㅅㅇ
[2021-12-11 00:12:08] <%런웨이 (runway02)> 싸우자? ㅋㅋ
[2021-12-11 00:12:11] <%큰가시고기 (stickleback0915)> 방종 하시죠
[2021-12-11 00:12:20] <%큰가시고기 (stickleback0915)> hadreaTwe
[2021-12-11 00:12:24] <%붉은_하늘 (sdline12)> 얼릉 가시죠 갈길
[2021-12-11 00:12:28] <%제너럴레빌 (jhvirus333)> 으딜 스트리머가 트수맘을 헤이릴라그래
[2021-12-11 00:12:32] <%큰가시고기 (stickleback0915)> 가 빨리
[2021-12-11 00:12:38] <%큰가시고기 (stickleback0915)> 막판에 개패네
[2021-12-11 00:12:43] <%플라워샤워 (flowerkei0905)> 님이 간다메
[2021-12-11 00:12:47] <%플라워샤워 (flowerkei0905)> 어디서 밑장빼기를
[2021-12-11 00:12:50] <%설레는겨울 (nam1004wo0)> 얄미워 이킁
[2021-12-11 00:12:55] <%런웨이 (runway02)> zzzzzzzzzzzz
[2021-12-11 00:12:56] <%플라워샤워 (flowerkei0905)> 나마이런중천금 몰라?
[2021-12-11 00:13:00] <%+손해리 (sonhaery)> PogChamp PogChamp PogChamp PogChamp
[2021-12-11 00:13:01] <%글리코젠 (whehgus0727)> ㅋㅋㅋㅋ
[2021-12-11 00:13:02] <%붉은_하늘 (sdline12)> 킁바
[2021-12-11 00:13:06] <%큰가시고기 (stickleback0915)> ResidentSleeper
[2021-12-11 00:13:06] <~%예꿍_ (yeggung_)> 마마잃은중천금
[2021-12-11 00:13:07] <~%예꿍_ (yeggung_)> 은 아는데
[2021-12-11 00:13:07] <%의욕있어 (halomang1027)> TwitchSings TwitchSings
[2021-12-11 00:13:11] <%의욕있어 (halomang1027)> TwitchSings TwitchSings TwitchSings TwitchSings TwitchSings TwitchSings TwitchSings TwitchSings TwitchSings
[2021-12-11 00:13:12] <%설레는겨울 (nam1004wo0)> 얄미워도 별은 올려야지 칫 yeggunStar yeggunStar yeggunStar yeggunStar yeggunStar
[2021-12-11 00:13:12] <%제너럴레빌 (jhvirus333)> 마마잃은중천공
[2021-12-11 00:13:13] <%글리코젠 (whehgus0727)> woop01Aat
[2021-12-11 00:13:14] <%설레는겨울 (nam1004wo0)> yeggunStar yeggunStar yeggunStar yeggunStar yeggunStar yeggunStar yeggunStar yeggunStar yeggunStar yeggunStar yeggunStar yeggunStar yeggunStar yeggunStar yeggunStar yeggunStar yeggunStar yeggunStar yeggunStar yeggunStar
[2021-12-11 00:13:18] <%의욕있어 (halomang1027)> TwitchSings TwitchSings
[2021-12-11 00:13:19] <%플라워샤워 (flowerkei0905)> 가서 마마 찾아와
[2021-12-11 00:13:21] <%런웨이 (runway02)> 자다가 이불속에서 피식거릴려고 ㅋㅋ
[2021-12-11 00:13:25] <%설레는겨울 (nam1004wo0)> yeggunStar yeggunStar yeggunStar yeggunStar yeggunStar yeggunStar yeggunStar yeggunStar yeggunStar yeggunStar yeggunStar yeggunStar yeggunStar yeggunStar yeggunStar yeggunStar yeggunStar yeggunStar yeggunStar yeggunStar yeggunStar yeggunStar yeggunStar yeggunStar yeggunStar
[2021-12-11 00:13:25] <%의욕있어 (halomang1027)> TwitchSings TwitchSings TwitchSings TwitchSings TwitchSings TwitchSings TwitchSings TwitchSings
[2021-12-11 00:13:27] <%미스터애쉬 (mrashhhh)> 매일 매일 방종 BibleThump
[2021-12-11 00:13:29] <%미스터애쉬 (mrashhhh)> ㅅㅂ
[2021-12-11 00:13:30] <%설레는겨울 (nam1004wo0)> yeggunStar yeggunStar yeggunStar yeggunStar yeggunStar yeggunStar yeggunStar yeggunStar yeggunStar yeggunStar yeggunStar yeggunStar yeggunStar yeggunStar yeggunStar
[2021-12-11 00:13:31] <%미스터애쉬 (mrashhhh)> BibleThump
[2021-12-11 00:13:31] <%설레는겨울 (nam1004wo0)> yeggunStar yeggunStar yeggunStar yeggunStar yeggunStar yeggunStar yeggunStar yeggunStar yeggunStar yeggunStar yeggunStar yeggunStar yeggunStar yeggunStar yeggunStar yeggunStar yeggunStar yeggunStar yeggunStar yeggunStar yeggunStar yeggunStar yeggunStar yeggunStar yeggunStar
[2021-12-11 00:13:32] <%붉은_하늘 (sdline12)> 미쯔 데려와!!! 미쯔 별구경좀 시켜 주게 ㅇㅅㅇ
[2021-12-11 00:13:33] <%의욕있어 (halomang1027)> TwitchSings TwitchSings
[2021-12-11 00:13:37] <%큰가시고기 (stickleback0915)> yeggunStar yeggunStar yeggunStar
[2021-12-11 00:13:37] <%설레는겨울 (nam1004wo0)> yeggunStar yeggunStar yeggunStar yeggunStar yeggunStar yeggunStar yeggunStar yeggunStar yeggunStar yeggunStar yeggunStar yeggunStar yeggunStar yeggunStar yeggunStar yeggunStar yeggunStar yeggunStar yeggunStar yeggunStar
[2021-12-11 00:13:37] <%의욕있어 (halomang1027)> TwitchSings TwitchSings TwitchSings TwitchSings TwitchSings TwitchSings TwitchSings TwitchSings
[2021-12-11 00:13:38] <%ㄷ오망챠 (ododok_mango)> om0322Fire om0322Fire om0322Fire
[2021-12-11 00:13:38] <%설레는겨울 (nam1004wo0)> ㅋㅋㅋㅋㅋㅋ
[2021-12-11 00:13:40] <%설레는겨울 (nam1004wo0)> yeggunStar yeggunStar yeggunStar yeggunStar yeggunStar yeggunStar yeggunStar yeggunStar yeggunStar yeggunStar yeggunStar yeggunStar yeggunStar yeggunStar yeggunStar yeggunStar yeggunStar yeggunStar yeggunStar yeggunStar yeggunStar yeggunStar yeggunStar yeggunStar yeggunStar
[2021-12-11 00:13:41] <%글리코젠 (whehgus0727)> woop01Bbak woop01Bbak woop01Bbak woop01Bbak woop01Bbak woop01Bbak woop01Bbak woop01Bbak woop01Bbak woop01Bbak woop01Bbak woop01Bbak woop01Bbak woop01Bbak woop01Bbak woop01Bbak
[2021-12-11 00:13:44] <%붉은_하늘 (sdline12)> 미쯔 잘자래 ㅋㅋㅋㅋ
[2021-12-11 00:13:44] <%설레는겨울 (nam1004wo0)> yeggunStar yeggunStar yeggunStar yeggunStar yeggunStar yeggunStar yeggunStar yeggunStar yeggunStar yeggunStar yeggunStar yeggunStar yeggunStar yeggunStar yeggunStar yeggunStar yeggunStar yeggunStar yeggunStar yeggunStar yeggunStar yeggunStar yeggunStar yeggunStar yeggunStar yeggunStar yeggunStar yeggunStar yeggunStar yeggunStar
[2021-12-11 00:13:45] <%글리코젠 (whehgus0727)> 벌써가!
[2021-12-11 00:13:45] <%귀차니연 (jyns8331)> yeggunViolet PowerUpL yeggunG PowerUpR yeggunDdo yeggunNa yeggunGa
[2021-12-11 00:13:46] <%흑화가되어버린국스였던것 (darkmode_guks)> 또 가?
[2021-12-11 00:13:46] <%설레는겨울 (nam1004wo0)> 앙앙!
[2021-12-11 00:13:47] <%붉은_하늘 (sdline12)> 이킁넴 말고 ㅋㅋㅋ
[2021-12-11 00:13:47] <%설레는겨울 (nam1004wo0)> yeggunStar yeggunStar yeggunStar yeggunStar yeggunStar yeggunStar yeggunStar yeggunStar yeggunStar yeggunStar yeggunStar yeggunStar yeggunStar yeggunStar yeggunStar
[2021-12-11 00:13:51] <%설레는겨울 (nam1004wo0)> yeggunStar yeggunStar yeggunStar yeggunStar yeggunStar yeggunStar yeggunStar yeggunStar yeggunStar yeggunStar yeggunStar yeggunStar yeggunStar yeggunStar yeggunStar yeggunStar yeggunStar yeggunStar yeggunStar yeggunStar
[2021-12-11 00:13:55] <%흑화가되어버린국스였던것 (darkmode_guks)> 습관성 방종 멈춰!!!
[2021-12-11 00:13:56] <%ㄷ오망챠 (ododok_mango)> om0322Fire MrDestructoid om0322Fire MrDestructoid om0322Fire MrDestructoid om0322Fire MrDestructoid om0322Fire MrDestructoid
[2021-12-11 00:13:56] <%붉은_하늘 (sdline12)> ㅋㅋㅋㅋㅋㅋㅋㅋㅋ
[2021-12-11 00:14:00] <%미스터애쉬 (mrashhhh)> ㅗㅗㅗㅗㅗㅗㅗㅗㅗㅗ
[2021-12-11 00:14:00] <%+터틀맨이다 (jyl5111)> 어디가ㅏㅏㅏ
[2021-12-11 00:14:02] <%설레는겨울 (nam1004wo0)> 양아취
[2021-12-11 00:14:03] <%설레는겨울 (nam1004wo0)> ㅋㅋㅋㅋㅋㅋㅋㅋ
[2021-12-11 00:14:04] <%큰가시고기 (stickleback0915)> ㅋㅋㅋㅋㅋㅋㅋ
[2021-12-11 00:14:04] <%설레는겨울 (nam1004wo0)> yeggunStar yeggunStar yeggunStar yeggunStar yeggunStar yeggunStar yeggunStar yeggunStar yeggunStar yeggunStar yeggunStar yeggunStar yeggunStar yeggunStar yeggunStar yeggunStar yeggunStar yeggunStar yeggunStar yeggunStar
[2021-12-11 00:14:05] <%의욕있어 (halomang1027)> TwitchSings TwitchSings
[2021-12-11 00:14:05] <%붉은_하늘 (sdline12)> 압정 박는데?
[2021-12-11 00:14:06] <%미스터애쉬 (mrashhhh)> ㅗㅗㅗㅗㅗㅗㅗㅗ
[2021-12-11 00:14:06] <%글리코젠 (whehgus0727)> yeggunViolet yeggunViolet yeggunViolet yeggunViolet yeggunViolet yeggunViolet yeggunG yeggunG yeggunG yeggunG yeggunG yeggunG yeggunG yeggunG yeggunG yeggunG yeggunG yeggunG yeggunG yeggunG yeggunG yeggunG yeggunG yeggunG yeggunG yeggunG yeggunG
[2021-12-11 00:14:08] <%+터틀맨이다 (jyl5111)> ㅋㅋㅋㅋㅋㅋㅋ
[2021-12-11 00:14:09] <%설레는겨울 (nam1004wo0)> 와 2절까지 해주네 ㅋㅋㅋㅋㅋ
[2021-12-11 00:14:10] <%미스터애쉬 (mrashhhh)> BibleThump
[2021-12-11 00:14:12] <%ㄷ오망챠 (ododok_mango)> 77ㅓ억
[2021-12-11 00:14:14] <%붉은_하늘 (sdline12)> 야야 대한 외국인 압정 박자나 ㅋㅋㅋ
[2021-12-11 00:14:15] <%큰가시고기 (stickleback0915)> 너무하네
[2021-12-11 00:14:17] <%ㄷ오망챠 (ododok_mango)> om0322Fire MrDestructoid om0322Fire MrDestructoid om0322Fire MrDestructoid om0322Fire MrDestructoid om0322Fire MrDestructoid
[2021-12-11 00:14:23] <%+터틀맨이다 (jyl5111)> 아까부터 보고있엇다구
[2021-12-11 00:14:24] <%글리코젠 (whehgus0727)> yeggunMizz yeggunG yeggunMizz yeggunG yeggunMizz yeggunG yeggunMizz yeggunG yeggunMizz yeggunMizz yeggunG yeggunMizz yeggunG
[2021-12-11 00:14:30] <%설레는겨울 (nam1004wo0)> 2절 부른다고 노래가 아니라구 양아치야!
[2021-12-11 00:14:36] <%흑화가되어버린국스였던것 (darkmode_guks)> 몇시야 애씨?? 특정트수 애정하는거 애반데
[2021-12-11 00:14:40] <%설레는겨울 (nam1004wo0)> 미쯔 불편해 하네 ㅋㅋㅋㅋㅋ
[2021-12-11 00:14:46] <%설레는겨울 (nam1004wo0)> 미쯔 야옹했어 ㅋㅋㅋㅋㅋ
[2021-12-11 00:14:53] <%미스터애쉬 (mrashhhh)> ㅔ....
[2021-12-11 00:15:02] <%설레는겨울 (nam1004wo0)> ㅋㅋㅋㅋㅋㅋ
[2021-12-11 00:15:10] <%미스터애쉬 (mrashhhh)> hurt me everyday BibleThump
[2021-12-11 00:15:30] <%미드에코_ (mid__ekko)> ㅗㅜㅑ
[2021-12-11 00:15:34] <%미스터애쉬 (mrashhhh)> BibleThump
[2021-12-11 00:15:36] <%+터틀맨이다 (jyl5111)> yeggunViolet
[2021-12-11 00:15:36] <%vynrial> yeggunViolet
[2021-12-11 00:15:46] <%미드에코_ (mid__ekko)> ㅗㅜㅑ....
[2021-12-11 00:15:51] <%미스터애쉬 (mrashhhh)> ...
[2021-12-11 00:16:01] <%흑화가되어버린국스였던것 (darkmode_guks)> 애씨와예꿍은 서로 상처주고 딜하는 그렇게 애정하는 사이?
[2021-12-11 00:16:03] <%미스터애쉬 (mrashhhh)> 너무해 ...
[2021-12-11 00:16:06] <%설레는겨울 (nam1004wo0)> HypePopcorn HypePopcorn HypePopcorn HypePopcorn
[2021-12-11 00:16:12] <%설레는겨울 (nam1004wo0)> HypePopcorn HypePopcorn HypePopcorn HypePopcorn HypePopcorn HypePopcorn
[2021-12-11 00:16:21] <%설레는겨울 (nam1004wo0)> HypePopcorn HypePopcorn HypePopcorn HypePopcorn
[2021-12-11 00:16:24] <%흑화가되어버린국스였던것 (darkmode_guks)> 미익주 드러눕네
[2021-12-11 00:16:28] <%설레는겨울 (nam1004wo0)> HypePopcorn HypePopcorn HypePopcorn HypePopcorn HypePopcorn HypePopcorn
[2021-12-11 00:16:32] <%vynrial> SingsMic yeggunViolet
[2021-12-11 00:16:33] <%미스터애쉬 (mrashhhh)> BibleThump
[2021-12-11 00:16:34] <%설레는겨울 (nam1004wo0)> HypePopcorn HypePopcorn HypePopcorn HypePopcorn
[2021-12-11 00:16:43] <%설레는겨울 (nam1004wo0)> HypePopcorn HypePopcorn HypePopcorn HypePopcorn HypePopcorn HypePopcorn
[2021-12-11 00:16:45] <%미스터애쉬 (mrashhhh)> 너무해...
[2021-12-11 00:16:54] <%설레는겨울 (nam1004wo0)> HypePopcorn HypePopcorn HypePopcorn HypePopcorn
[2021-12-11 00:17:05] <%설레는겨울 (nam1004wo0)> HypePopcorn HypePopcorn
[2021-12-11 00:17:05] <%미스터애쉬 (mrashhhh)> 나 진지해....
[2021-12-11 00:17:11] <%설레는겨울 (nam1004wo0)> HypePopcorn HypePopcorn HypePopcorn HypePopcorn
[2021-12-11 00:17:12] <%미스터애쉬 (mrashhhh)> BibleThump
[2021-12-11 00:17:21] <%설레는겨울 (nam1004wo0)> HypePopcorn HypePopcorn
[2021-12-11 00:17:26] <%미스터애쉬 (mrashhhh)> 왜!! 왜 !!!!! BibleThump
[2021-12-11 00:17:29] <%+터틀맨이다 (jyl5111)> wakCu wakCu wakCu
[2021-12-11 00:17:32] <%설레는겨울 (nam1004wo0)> HypePopcorn HypePopcorn HypePopcorn HypePopcorn
[2021-12-11 00:17:38] <%미스터애쉬 (mrashhhh)> 나 진지해!! BibleThump
[2021-12-11 00:17:40] <%+터틀맨이다 (jyl5111)> wakCu2 wakCu wakCu2 wakCu wakCu2 wakCu wakCu2
[2021-12-11 00:17:47] <%설레는겨울 (nam1004wo0)> HypePopcorn HypePopcorn HypePopcorn HypePopcorn HypePopcorn HypePopcorn
[2021-12-11 00:17:49] <%+터틀맨이다 (jyl5111)> wakDpr wakDpl wakDpr wakDpl wakDpr wakDpl wakDpr
[2021-12-11 00:17:52] <%설레는겨울 (nam1004wo0)> HypePopcorn HypePopcorn HypePopcorn HypePopcorn HypePopcorn HypePopcorn HypePopcorn HypePopcorn
[2021-12-11 00:17:53] <%미스터애쉬 (mrashhhh)> 이건 너무한거 아니야 ? BibleThump
[2021-12-11 00:17:59] <%설레는겨울 (nam1004wo0)> HypePopcorn HypePopcorn HypePopcorn HypePopcorn
[2021-12-11 00:18:00] <%+터틀맨이다 (jyl5111)> wakSing wakSing wakSing wakSing wakSing
[2021-12-11 00:18:01] <%미스터애쉬 (mrashhhh)> BibleThump
[2021-12-11 00:18:06] <%설레는겨울 (nam1004wo0)> HypePopcorn HypePopcorn HypePopcorn HypePopcorn HypePopcorn HypePopcorn
[2021-12-11 00:18:26] <%설레는겨울 (nam1004wo0)> ㅋㅋㅋㅋㅋㅋㅋ
[2021-12-11 00:18:27] <%미스터애쉬 (mrashhhh)> 나는 어디서부터 뭐가 잘못된건가요....
[2021-12-11 00:18:27] <%+터틀맨이다 (jyl5111)> wakA wakA wakA wakA wakA
[2021-12-11 00:18:27] <%설레는겨울 (nam1004wo0)> HypePopcorn HypePopcorn HypePopcorn HypePopcorn HypePopcorn HypePopcorn
[2021-12-11 00:18:35] <%설레는겨울 (nam1004wo0)> HypePopcorn HypePopcorn HypePopcorn HypePopcorn HypePopcorn HypePopcorn HypePopcorn HypePopcorn
[2021-12-11 00:18:38] <%미스터애쉬 (mrashhhh)> BibleThump
[2021-12-11 00:18:47] <%설레는겨울 (nam1004wo0)> HypePopcorn HypePopcorn HypePopcorn HypePopcorn HypePopcorn HypePopcorn HypePopcorn HypePopcorn HypePopcorn HypePopcorn
[2021-12-11 00:18:58] <%설레는겨울 (nam1004wo0)> HypePopcorn HypePopcorn HypePopcorn HypePopcorn
[2021-12-11 00:19:03] <%흑화가되어버린국스였던것 (darkmode_guks)> 애씨의 가르침..애교를 너무 남발해서인가?
[2021-12-11 00:19:11] <%미스터애쉬 (mrashhhh)> 차라리....나를 욕해라......
[2021-12-11 00:19:16] <%설레는겨울 (nam1004wo0)> 와아아아 ㅉㅉㅉㅉㅉㅉ
[2021-12-11 00:19:22] <%미드에코_ (mid__ekko)> hoxy
[2021-12-11 00:19:28] <%설레는겨울 (nam1004wo0)> 혹쉬?~
[2021-12-11 00:19:29] <%$태기__ (rhkd4xor4)> 저 퍼레이드여
[2021-12-11 00:19:42] <%$태기__ (rhkd4xor4)> 근데 방종곡은
[2021-12-11 00:19:43] <%$태기__ (rhkd4xor4)> 어케된거죠
[2021-12-11 00:19:52] <%$태기__ (rhkd4xor4)> 아 방종을 못한거에요?
[2021-12-11 00:19:53] <%$태기__ (rhkd4xor4)> ㅋㅋㅋㅋㅋㅋㅋㅋㅋㅋㅋㅋㅋㅋㅋㅋㅋㅋ
[2021-12-11 00:20:09] <%$태기__ (rhkd4xor4)> 그거조치,,
[2021-12-11 00:20:51] <%설레는겨울 (nam1004wo0)> HypeCheer yeggunViolet HypeCheer yeggunViolet HypeCheer yeggunViolet
[2021-12-11 00:20:56] <%설레는겨울 (nam1004wo0)> HypeCheer yeggunViolet HypeCheer yeggunViolet HypeCheer yeggunViolet HypeCheer yeggunViolet
[2021-12-11 00:21:00] <%설레는겨울 (nam1004wo0)> 퍼레이드~
[2021-12-11 00:21:04] <%설레는겨울 (nam1004wo0)> HypeCheer yeggunViolet HypeCheer yeggunViolet HypeCheer yeggunViolet
[2021-12-11 00:21:07] <%$태기__ (rhkd4xor4)> 뭐야 화면에 날라다니는거 신기해
[2021-12-11 00:21:15] <%설레는겨울 (nam1004wo0)> HypeCheer yeggunViolet HypeCheer yeggunViolet HypeCheer yeggunViolet HypeCheer yeggunViolet
[2021-12-11 00:21:19] <%$태기__ (rhkd4xor4)> 우와우와
[2021-12-11 00:21:25] <%설레는겨울 (nam1004wo0)> 이모티콘을 치면 날라다녀요~! 어머어머
[2021-12-11 00:21:26] <%설레는겨울 (nam1004wo0)> HypeCheer yeggunViolet HypeCheer yeggunViolet HypeCheer yeggunViolet
[2021-12-11 00:21:36] <%$태기__ (rhkd4xor4)> yeggunViolet yeggunLar yeggunNa yeggunYeah
[2021-12-11 00:21:37] <%설레는겨울 (nam1004wo0)> HypeCheer yeggunViolet HypeCheer yeggunViolet HypeCheer yeggunViolet HypeCheer yeggunViolet
[2021-12-11 00:21:39] <%+터틀맨이다 (jyl5111)> wakSing wakSing wakSing wakSing wakSing wakSing wakSing
[2021-12-11 00:21:48] <%설레는겨울 (nam1004wo0)> HypeCheer yeggunViolet HypeCheer yeggunViolet HypeCheer yeggunViolet HypeCheer yeggunViolet HypeCheer yeggunViolet
[2021-12-11 00:21:48] <%$태기__ (rhkd4xor4)> 오 완전신기해요 !!
[2021-12-11 00:21:52] <%+터틀맨이다 (jyl5111)> wakCu2 wakCu wakCu2 wakCu wakCu2 wakCu wakCu2 wakCu wakCu2
[2021-12-11 00:21:53] <%설레는겨울 (nam1004wo0)> HypeCheer yeggunViolet HypeCheer yeggunViolet HypeCheer yeggunViolet
[2021-12-11 00:22:01] <%설레는겨울 (nam1004wo0)> HypeCheer yeggunViolet HypeCheer yeggunViolet HypeCheer yeggunViolet HypeCheer yeggunViolet
[2021-12-11 00:22:04] <%+터틀맨이다 (jyl5111)> yeggunViolet yeggunViolet yeggunViolet yeggunViolet yeggunViolet yeggunViolet yeggunViolet yeggunViolet
[2021-12-11 00:22:09] <%설레는겨울 (nam1004wo0)> HypeCheer yeggunViolet HypeCheer yeggunViolet
[2021-12-11 00:22:12] <%설레는겨울 (nam1004wo0)> HypeCheer yeggunViolet HypeCheer yeggunViolet HypeCheer yeggunViolet
[2021-12-11 00:22:22] <%설레는겨울 (nam1004wo0)> HypeCheer yeggunViolet HypeCheer yeggunViolet HypeCheer yeggunViolet HypeCheer yeggunViolet
[2021-12-11 00:22:28] <%설레는겨울 (nam1004wo0)> HypeCheer yeggunViolet HypeCheer yeggunViolet HypeCheer yeggunViolet HypeCheer yeggunViolet HypeCheer yeggunViolet
[2021-12-11 00:22:31] <%+손해리 (sonhaery)> 립 정보 알려주떼영 >.<
[2021-12-11 00:22:41] <%흑화가되어버린국스였던것 (darkmode_guks)> 오늘도 사아칸천사 꿍과 차칸앙마들의 전쟁이 좋았다
[2021-12-11 00:22:43] <%설레는겨울 (nam1004wo0)> 미쯔 창가로 슝~
[2021-12-11 00:22:45] <%설레는겨울 (nam1004wo0)> HypeCheer yeggunViolet HypeCheer yeggunViolet HypeCheer yeggunViolet HypeCheer yeggunViolet
[2021-12-11 00:22:49] <%+손해리 (sonhaery)> 고맙다링~
[2021-12-11 00:22:49] <%vynrial> yeggunViolet
[2021-12-11 00:22:53] <%설레는겨울 (nam1004wo0)> HypeCheer yeggunViolet HypeCheer yeggunViolet HypeCheer yeggunViolet HypeCheer yeggunViolet HypeCheer yeggunViolet
[2021-12-11 00:22:58] <%$태기__ (rhkd4xor4)> 오 브릿지 끝날때 딱 미쯔 나르는거 왜케 멋있지
[2021-12-11 00:23:04] <%흑화가되어버린국스였던것 (darkmode_guks)> 미익주 날아다녀 막막
[2021-12-11 00:23:15] <+Dan_XIII_> Hiiii:D
[2021-12-11 00:23:22] <%설레는겨울 (nam1004wo0)> ㅋㅋㅋㅋㅋㅋㅋ
[2021-12-11 00:23:41] <%$태기__ (rhkd4xor4)> 지금 방종을 막고 있는건가요 방종을 유도 중인가요
[2021-12-11 00:23:55] <%미드에코_ (mid__ekko)> ㅋㅋㅋㅋㅋㅋㅋㅋㅋㅋ
[2021-12-11 00:24:00] <%미드에코_ (mid__ekko)> "해줘"
[2021-12-11 00:24:00] <%설레는겨울 (nam1004wo0)> 노래준비중이요!
[2021-12-11 00:24:01] <%설레는겨울 (nam1004wo0)> ㅋㅋㅋㅋㅋ
[2021-12-11 00:24:17] <%미드에코_ (mid__ekko)> 와 윤하
[2021-12-11 00:24:31] <%흑화가되어버린국스였던것 (darkmode_guks)> 방종곡은 잠수한 트수를 낚기위함이다
[2021-12-11 00:25:11] <%$태기__ (rhkd4xor4)> 그치만 트수님들이 이 노래를 듣고 잠들수도 있짜나요
[2021-12-11 00:25:29] <%설레는겨울 (nam1004wo0)> PrideCute yeggunGgung PrideCute yeggunGgung PrideCute yeggunGgung PrideCute yeggunGgung
[2021-12-11 00:25:42] <%설레는겨울 (nam1004wo0)> PrideCute yeggunGgung PrideCute yeggunGgung PrideCute yeggunGgung PrideCute yeggunGgung PrideCute yeggunGgung PrideCute yeggunGgung
[2021-12-11 00:25:58] <%설레는겨울 (nam1004wo0)> PrideCute yeggunGgung PrideCute yeggunGgung PrideCute yeggunGgung PrideCute yeggunGgung PrideCute yeggunGgung PrideCute yeggunGgung PrideCute yeggunGgung PrideCute yeggunGgung
[2021-12-11 00:26:03] <milo_milo_p> lilyzSWAY lilyzSWAY lilyzSWAY lilyzSWAY lilyzSWAY
[2021-12-11 00:26:06] <%설레는겨울 (nam1004wo0)> PrideCute yeggunGgung PrideCute yeggunGgung PrideCute yeggunGgung PrideCute yeggunGgung
[2021-12-11 00:26:18] <%설레는겨울 (nam1004wo0)> PrideCute yeggunGgung PrideCute yeggunGgung PrideCute yeggunGgung PrideCute yeggunGgung PrideCute yeggunGgung PrideCute yeggunGgung PrideCute yeggunGgung PrideCute yeggunGgung
[2021-12-11 00:26:26] <%설레는겨울 (nam1004wo0)> PrideCute yeggunGgung PrideCute yeggunGgung PrideCute yeggunGgung PrideCute yeggunGgung
[2021-12-11 00:26:42] <%설레는겨울 (nam1004wo0)> PrideCute yeggunGgung PrideCute yeggunGgung PrideCute yeggunGgung PrideCute yeggunGgung PrideCute yeggunGgung PrideCute yeggunGgung
[2021-12-11 00:26:48] <%미드에코_ (mid__ekko)> yeggunViolet yeggunViolet yeggunViolet yeggunViolet yeggunViolet yeggunViolet yeggunViolet yeggunViolet yeggunViolet yeggunViolet yeggunViolet yeggunViolet
[2021-12-11 00:26:53] <%설레는겨울 (nam1004wo0)> PrideCute yeggunGgung PrideCute yeggunGgung PrideCute yeggunGgung PrideCute yeggunGgung PrideCute yeggunGgung PrideCute yeggunGgung PrideCute yeggunGgung PrideCute yeggunGgung
[2021-12-11 00:26:56] <%설레는겨울 (nam1004wo0)> PrideCute yeggunGgung PrideCute yeggunGgung PrideCute yeggunGgung PrideCute yeggunGgung
[2021-12-11 00:27:12] <%설레는겨울 (nam1004wo0)> PrideCute yeggunGgung PrideCute yeggunGgung PrideCute yeggunGgung PrideCute yeggunGgung PrideCute yeggunGgung PrideCute yeggunGgung
[2021-12-11 00:27:19] <%설레는겨울 (nam1004wo0)> PrideCute yeggunGgung PrideCute yeggunGgung PrideCute yeggunGgung PrideCute yeggunGgung PrideCute yeggunGgung PrideCute yeggunGgung PrideCute yeggunGgung PrideCute yeggunGgung
[2021-12-11 00:27:30] <%설레는겨울 (nam1004wo0)> PrideCute yeggunGgung PrideCute yeggunGgung PrideCute yeggunGgung PrideCute yeggunGgung
[2021-12-11 00:27:36] <%설레는겨울 (nam1004wo0)> PrideCute yeggunGgung PrideCute yeggunGgung PrideCute yeggunGgung PrideCute yeggunGgung PrideCute yeggunGgung PrideCute yeggunGgung
[2021-12-11 00:27:46] <%설레는겨울 (nam1004wo0)> PrideCute yeggunGgung PrideCute yeggunGgung PrideCute yeggunGgung PrideCute yeggunGgung PrideCute yeggunGgung PrideCute yeggunGgung PrideCute yeggunGgung PrideCute yeggunGgung
[2021-12-11 00:27:58] <%설레는겨울 (nam1004wo0)> PrideCute yeggunGgung PrideCute yeggunGgung PrideCute yeggunGgung PrideCute yeggunGgung PrideCute yeggunGgung PrideCute yeggunGgung PrideCute yeggunGgung PrideCute yeggunGgung PrideCute yeggunGgung PrideCute yeggunGgung
[2021-12-11 00:28:14] <%설레는겨울 (nam1004wo0)> PrideCute yeggunGgung PrideCute yeggunGgung PrideCute yeggunGgung PrideCute yeggunGgung PrideCute yeggunGgung PrideCute yeggunGgung
[2021-12-11 00:28:19] <milo_milo_p> lilyzSWAY lilyzSWAY lilyzSWAY lilyzSWAY lilyzSWAY
[2021-12-11 00:28:22] <%설레는겨울 (nam1004wo0)> PrideCute yeggunGgung PrideCute yeggunGgung PrideCute yeggunGgung PrideCute yeggunGgung PrideCute yeggunGgung PrideCute yeggunGgung PrideCute yeggunGgung PrideCute yeggunGgung
[2021-12-11 00:28:26] <%미드에코_ (mid__ekko)> yeggunViolet yeggunViolet yeggunViolet yeggunViolet yeggunViolet yeggunViolet
[2021-12-11 00:28:33] <%설레는겨울 (nam1004wo0)> PrideCute yeggunGgung PrideCute yeggunGgung PrideCute yeggunGgung PrideCute yeggunGgung PrideCute yeggunGgung PrideCute yeggunGgung
[2021-12-11 00:28:41] <%설레는겨울 (nam1004wo0)> PrideCute yeggunGgung PrideCute yeggunGgung PrideCute yeggunGgung PrideCute yeggunGgung
[2021-12-11 00:28:43] <%미스터애쉬 (mrashhhh)> yeggunGg
[2021-12-11 00:28:49] <%설레는겨울 (nam1004wo0)> PrideCute yeggunGgung PrideCute yeggunGgung PrideCute yeggunGgung PrideCute yeggunGgung PrideCute yeggunGgung PrideCute yeggunGgung PrideCute yeggunGgung PrideCute yeggunGgung
[2021-12-11 00:28:51] <%미드에코_ (mid__ekko)> 헤응
[2021-12-11 00:28:52] <%$태기__ (rhkd4xor4)> (박수)(박수)(박수)(박수)(박수)(박수)(박수)
[2021-12-11 00:28:57] <%+쏘른 (startjdwl)> yeggunGgung
[2021-12-11 00:28:57] <%설레는겨울 (nam1004wo0)> 와아아아 ㅉㅉㅉㅉㅉㅉ
[2021-12-11 00:28:58] <milo_milo_p> lilyzTEN
[2021-12-11 00:29:07] <%미드에코_ (mid__ekko)> 근데 노래부르기엔 목소리가 컨디션이좋은데요
[2021-12-11 00:29:10] <milo_milo_p> 여보세요. 영국에서 행복한 금요일
[2021-12-11 00:29:14] <%미드에코_ (mid__ekko)> 삼전비로 산책되나요
[2021-12-11 00:29:16] Viewerstats (00:01-00:29): avg:29 min:27 max:31 [15/31+0-1+0-2+0+0+3+0-2+0-1+0-1+0]
[2021-12-11 00:29:21] <%설레는겨울 (nam1004wo0)> 삼전비로 산책 ㅋㅋㅋㅋㅋ
[2021-12-11 00:29:24] <%+손해리 (sonhaery)> 꿍님... 지금 무지개다리를 건넌 금붕어가 좋아하던 그 그대 곁을 뭐시기 불러주세요...
[2021-12-11 00:29:48] <%+손해리 (sonhaery)> ㅇㅇ 생각난게 양현종밖에없었는데 윤현상이었네
[2021-12-11 00:29:48] <%미드에코_ (mid__ekko)> 무지개 다리건너 가고싶어도 지금은 갈수없는 저먼우주는
[2021-12-11 00:29:48] <~%예꿍_ (yeggung_)> 이거만 먹고 불러줌
[2021-12-11 00:29:50] <%미드에코_ (mid__ekko)> 그거 가오가이거 아님?
[2021-12-11 00:29:50] <~%예꿍_ (yeggung_)> ㄱㄷㄱㄷ
[2021-12-11 00:29:50] <%+손해리 (sonhaery)> ㅇㅋ
[2021-12-11 00:30:00] <%+손해리 (sonhaery)> 와퍼 맛좋냐,,,!
[2021-12-11 00:30:15] <%+손해리 (sonhaery)> 그래서 고백송 inst는 가능한가요
[2021-12-11 00:32:18] <%미드에코_ (mid__ekko)> 헤으응
[2021-12-11 00:32:20] <%설레는겨울 (nam1004wo0)> 뜬금없지만 대기는이 태기는 처럼 들려따
[2021-12-11 00:32:20] <%미스터애쉬 (mrashhhh)> TearGlove
[2021-12-11 00:32:33] <%설레는겨울 (nam1004wo0)> yeggunGgung yeggunYeah yeggunViolet yeggunGgung yeggunYeah yeggunViolet yeggunGgung yeggunYeah yeggunViolet
[2021-12-11 00:32:36] <%설레는겨울 (nam1004wo0)> yeggunGgung yeggunYeah yeggunViolet yeggunGgung yeggunYeah yeggunViolet yeggunGgung yeggunYeah yeggunViolet yeggunGgung yeggunYeah yeggunViolet
[2021-12-11 00:32:39] <%설레는겨울 (nam1004wo0)> 미쯔 날아다니네 ㅋㅋㅋㅋㅋ
[2021-12-11 00:32:49] <%설레는겨울 (nam1004wo0)> yeggunGgung yeggunYeah yeggunViolet yeggunGgung yeggunYeah yeggunViolet yeggunGgung yeggunYeah yeggunViolet yeggunGgung yeggunYeah yeggunViolet
[2021-12-11 00:33:01] <%설레는겨울 (nam1004wo0)> yeggunGgung yeggunYeah yeggunViolet yeggunGgung yeggunYeah yeggunViolet yeggunGgung yeggunYeah yeggunViolet
[2021-12-11 00:33:17] <%설레는겨울 (nam1004wo0)> yeggunGgung yeggunYeah yeggunViolet yeggunGgung yeggunYeah yeggunViolet yeggunGgung yeggunYeah yeggunViolet yeggunGgung yeggunYeah yeggunViolet
[2021-12-11 00:33:27] <%$태기__ (rhkd4xor4)> 분명 대기는 차갑게 감싸고 인데... 나 부르는줄
[2021-12-11 00:33:30] <%설레는겨울 (nam1004wo0)> ㄹㅇㅋㅋ
[2021-12-11 00:33:53] <%$태기__ (rhkd4xor4)> 아 이게 그건가요? ,, 저도 드디어 트수가 되는 과정
[2021-12-11 00:34:01] <%글리코젠 (whehgus0727)> 그래서 그냥 조용히 듣기만 하는중...
[2021-12-11 00:34:01] <%설레는겨울 (nam1004wo0)> 산책은 킹정이지
[2021-12-11 00:34:05] <~%예꿍_ (yeggung_)> 그래서 어떤노래 불러줄까영
[2021-12-11 00:34:07] <%$태기__ (rhkd4xor4)> 나 부르는 줄 알고 놀랬다구..
[2021-12-11 00:34:08] <%+손해리 (sonhaery)> 지연아... 잘지내니...
[2021-12-11 00:34:10] <%설레는겨울 (nam1004wo0)> 아직 트수가 아니셨어?
[2021-12-11 00:34:13] <%+손해리 (sonhaery)> 수정아 잘지내니...
[2021-12-11 00:34:26] <%+손해리 (sonhaery)> 이 노래 특징) 처음들어갈때 뒤지게 어려움
[2021-12-11 00:34:27] <%$태기__ (rhkd4xor4)> 트수 기준에 못미달한다고 저번에 들었습니다..
[2021-12-11 00:34:37] <%미스터애쉬 (mrashhhh)> 서지원 - 내 눈물 모아 알아요 ?
[2021-12-11 00:34:45] <%+손해리 (sonhaery)> 조우타~~~ 막걸리 한잔도~~~
[2021-12-11 00:34:45] <@^빵_떡 (bbangddeock)> 어서오세요 아직 팔로우 안하셨다면 팔로우 부탁해요 °˖✧◝(⁰▿⁰)◜✧˖°
[2021-12-11 00:34:49] <%미스터애쉬 (mrashhhh)> TearGlove
[2021-12-11 00:34:55] <%+손해리 (sonhaery)> 지연아ㅠㅠㅠㅠㅠㅠㅠㅠㅠㅠㅠㅠㅠㅠㅠ
[2021-12-11 00:35:06] <%+손해리 (sonhaery)> goranh3Cry goranh3Cry goranh3Cry
[2021-12-11 00:35:07] <%설레는겨울 (nam1004wo0)> ㅋㅋㅋㅋㅋㅋㅋ
[2021-12-11 00:35:45] <%+손해리 (sonhaery)> 아니 왜 잘불러 짱나네
[2021-12-11 00:35:49] <%설레는겨울 (nam1004wo0)> ㅋㅋㅋㅋㅋ
[2021-12-11 00:35:51] <%+손해리 (sonhaery)> "두근" 거릴지도...?
[2021-12-11 00:35:57] <~%예꿍_ (yeggung_)> ㅁㅊㅋㅋㅋㅋㅋㅋㅋㅋㅋㅋㅋㅋㅋㅋㅋㅋ
[2021-12-11 00:36:00] <%+손해리 (sonhaery)> ㅋㅋㅋㅋㅋㅋㅋㅋㅋㅋㅋㅋㅋㅋㅋㅋㅋㅋㅋㅋㅋ
[2021-12-11 00:36:01] <%설레는겨울 (nam1004wo0)> ㅋㅋㅋㅋㅋㅋㅋㅋㅋㅋㅋㅋㅋㅋㅋㅋㅋㅋ
[2021-12-11 00:36:06] <%+손해리 (sonhaery)> 집중하게 연기 흐름 끊지마셈 ㅡㅡ
[2021-12-11 00:36:24] <%+손해리 (sonhaery)> 크.. 자유로운 박자감각
[2021-12-11 00:36:43] <%+손해리 (sonhaery)> ㅋㅋㅋㅋㅋㅋㅋㅋㅋㅋㅋㅋㅋ
[2021-12-11 00:36:47] <%+손해리 (sonhaery)> 지켜흐어,,, 줘요,,,
[2021-12-11 00:37:12] <%설레는겨울 (nam1004wo0)> 미쯔 뭐해에?
[2021-12-11 00:37:34] <%설레는겨울 (nam1004wo0)> 밖에 오빵 돌아 다니니?
[2021-12-11 00:38:00] <%+손해리 (sonhaery)> ㅠㅠ 지연아 행복했다 .. 너랑 영원할거란말... 구2라였다....
[2021-12-11 00:38:04] <%설레는겨울 (nam1004wo0)> ㅋㅋㅋㅋㅋㅋㅋㅋㅋㅋㅋ
[2021-12-11 00:38:32] <%설레는겨울 (nam1004wo0)> 크으
[2021-12-11 00:38:50] <%의욕있어 (halomang1027)> ㅉㅉㅉ
[2021-12-11 00:38:51] <%$태기__ (rhkd4xor4)> 근데 노래를 더 부르기엔 오늘 노래를 평소보다 넘 잘하는데
[2021-12-11 00:39:09] <%설레는겨울 (nam1004wo0)> ㅋㅋㅋㅋㅋㅋㅋ
[2021-12-11 00:39:18] <%$태기__ (rhkd4xor4)> 어..
[2021-12-11 00:39:27] <%글리코젠 (whehgus0727)> 그냥 꿍냄만 보고있으면 안되요?
[2021-12-11 00:39:42] <%설레는겨울 (nam1004wo0)> ㅋㅋㅋㅋㅋㅋㅋ
[2021-12-11 00:39:46] <%$태기__ (rhkd4xor4)> 죄송한데 아까  태기는 차갑게 에서 약간 당황해서
[2021-12-11 00:39:49] <%$태기__ (rhkd4xor4)> 뇌가 살짝 멈췄습니다
[2021-12-11 00:39:51] <%$태기__ (rhkd4xor4)> 1분만여
[2021-12-11 00:40:00] <%설레는겨울 (nam1004wo0)> 설레셨네
[2021-12-11 00:40:23] <%의욕있어 (halomang1027)> 관대 꿍
[2021-12-11 00:40:34] <%설레는겨울 (nam1004wo0)> 버스커 좋다
[2021-12-11 00:41:05] <%설레는겨울 (nam1004wo0)> ㅋㅋㅋㅋㅋㅋㅋㅋㅋㅋ
[2021-12-11 00:41:23] <미련남은전남친 (09_bye)> 뒤에 문 살짝 열렸음
[2021-12-11 00:41:28] <%$태기__ (rhkd4xor4)> 주시는 1분동안 생각해봤는데
[2021-12-11 00:41:47] <%$태기__ (rhkd4xor4)> 아무리 생각해도 태기는 으로 들렸음
[2021-12-11 00:41:51] <%$태기__ (rhkd4xor4)> 그거도 조쳐
[2021-12-11 00:41:52] <%설레는겨울 (nam1004wo0)> 아니 ㅋㅋㅋㅋㅋㅋㅋ
[2021-12-11 00:42:02] <미련남은전남친 (09_bye)> 부럽다 나도 여자방 마음대로 왔다갔다 하고 싶다
[2021-12-11 00:42:04] <%설레는겨울 (nam1004wo0)> 노래를 생각하라니까 ㅋㅋㅋㅋㅋㅋ
[2021-12-11 00:42:27] <%$태기__ (rhkd4xor4)> ㅋㅋㅋ 뇌가 이미 이성을 지배해 버렸어요..
[2021-12-11 00:42:27] <%미드에코_ (mid__ekko)> 헤으응
[2021-12-11 00:42:57] <%설레는겨울 (nam1004wo0)> 크으
[2021-12-11 00:44:43] <%$태기__ (rhkd4xor4)> 아 잘보고 있는데 화면 잘못눌러서 꺼져서 내얼굴보고 현타심하게 왔네..
[2021-12-11 00:44:46] <%흑화가되어버린국스였던것 (darkmode_guks)> ㅎㅇㅇ
[2021-12-11 00:44:49] <%설레는겨울 (nam1004wo0)> ㅋㅋㅋㅋㅋㅋㅋ
[2021-12-11 00:44:58] <%흑화가되어버린국스였던것 (darkmode_guks)> 부니기가 조아요
[2021-12-11 00:45:06] <%흑화가되어버린국스였던것 (darkmode_guks)> 겨울부니기네요
[2021-12-11 00:45:23] <%미드에코_ (mid__ekko)> 겨을당..
[2021-12-11 00:45:24] <%미드에코_ (mid__ekko)> 겨울이당..
[2021-12-11 00:45:31] <%$태기__ (rhkd4xor4)> 그러넹.....
[2021-12-11 00:45:33] <%설레는겨울 (nam1004wo0)> 겨울등당
[2021-12-11 00:45:42] <%미드에코_ (mid__ekko)> 닉언이되는데 그러면;
[2021-12-11 00:46:02] <%설레는겨울 (nam1004wo0)> 겨울엔 어쩔수 없지
[2021-12-11 00:46:06] <%$태기__ (rhkd4xor4)> 제목은 여름밤인데 덕분에 겨울느낌이네요..진짜
[2021-12-11 00:46:31] <%$태기__ (rhkd4xor4)> 아 오늘 카페갔다가
[2021-12-11 00:46:37] <%$태기__ (rhkd4xor4)> text me merry christmas 듣는데 딱 이런 느낌이였어요
[2021-12-11 00:46:41] <%$태기__ (rhkd4xor4)> 겨울 넘 조아 .. .
[2021-12-11 00:47:07] <%설레는겨울 (nam1004wo0)> 겨울 좋지 암암
[2021-12-11 00:47:22] <%흑화가되어버린국스였던것 (darkmode_guks)> 겨울타는거 같아..난
[2021-12-11 00:47:24] <%$태기__ (rhkd4xor4)> 겨울이 최고야 증말
[2021-12-11 00:47:36] <%흑화가되어버린국스였던것 (darkmode_guks)> 겨울에는 썰매보다 썸을 타야하는데
[2021-12-11 00:47:48] <%설레는겨울 (nam1004wo0)> ㅋㅋㅋㅋㅋㅋ
[2021-12-11 00:47:50] <%$태기__ (rhkd4xor4)> 아 이거 틀어놓고 귤까먹고 싶다
[2021-12-11 00:47:58] <%미드에코_ (mid__ekko)> 썸 그게먼데 씹덕들아..
[2021-12-11 00:48:00] <%$태기__ (rhkd4xor4)> ?,,
[2021-12-11 00:48:03] <%미드에코_ (mid__ekko)> 한라봉 에이드먹는중 ㅅㄱ
[2021-12-11 00:48:11] <%설레는겨울 (nam1004wo0)> 이미 6개 까먹음 ㅅㄱ
[2021-12-11 00:48:14] <미련남은전남친 (09_bye)> 사장님 머리 많이 자랐습니다
[2021-12-11 00:48:21] <%미드에코_ (mid__ekko)> ?
[2021-12-11 00:48:21] <@^빵_떡 (bbangddeock)> 예꿍이가  13494 번째 갈고리 줍줍!!
[2021-12-11 00:48:24] <%미드에코_ (mid__ekko)> 맨날 귤드시는분
[2021-12-11 00:48:28] <%미드에코_ (mid__ekko)> 구라같네요
[2021-12-11 00:48:30] <%내에어팟ㅠ (whereismyairpot)> 겨울느낌으로 라푼젤 노랴도 좋은데
[2021-12-11 00:48:31] <%설레는겨울 (nam1004wo0)> ㅋㅋㅋㅋㅋㅋㅋㅋ
[2021-12-11 00:48:32] <%$태기__ (rhkd4xor4)> 아 안되겠다 귤 주문하러갑니다 후;;
[2021-12-11 00:48:35] <%내에어팟ㅠ (whereismyairpot)> I see the light
[2021-12-11 00:48:36] <미련남은전남친 (09_bye)> 간만에 보니까 머리 자란게 확 보이네
[2021-12-11 00:48:37] <%미드에코_ (mid__ekko)> 웅 나의 작은아기새
[2021-12-11 00:48:44] <%미드에코_ (mid__ekko)> 에욱에욱
[2021-12-11 00:48:53] <%미드에코_ (mid__ekko)> 와 그옆에 고양이까지
[2021-12-11 00:49:03] <미련남은전남친 (09_bye)> 눈올때 이불 남친이랑 덥고 창밖을 봐야지
[2021-12-11 00:49:05] <%$태기__ (rhkd4xor4)> 아 완벽하다 진짜
[2021-12-11 00:49:12] <%설레는겨울 (nam1004wo0)> ㅋㅋㅋㅋㅋㅋㅋ
[2021-12-11 00:49:16] <%미드에코_ (mid__ekko)> 근데 고양이가 아이패드에 물쏟고
[2021-12-11 00:49:23] <%미드에코_ (mid__ekko)> 일어나니까 눈이 펑펑내리고 오랜친구한테 연락오는거지!
[2021-12-11 00:49:26] <미련남은전남친 (09_bye)> 라고 솔로가 말했습니다
[2021-12-11 00:49:29] <%미드에코_ (mid__ekko)> "자니?"
[2021-12-11 00:49:33] <%$태기__ (rhkd4xor4)> 근데 고양이가 귤 터뜨려서 이불 주황색 되고
[2021-12-11 00:49:42] <%설레는겨울 (nam1004wo0)> 자니 ㅋㅋㅋㅋㅋ
[2021-12-11 00:49:50] <%미드에코_ (mid__ekko)> 유럽시컵
[2021-12-11 00:50:15] <%$태기__ (rhkd4xor4)> text me 메리크리스마스도요 !
[2021-12-11 00:50:35] <%설레는겨울 (nam1004wo0)> 귤이 달달 하던데
[2021-12-11 00:50:43] <%설레는겨울 (nam1004wo0)> 이노래 구나
[2021-12-11 00:50:54] <%$태기__ (rhkd4xor4)> 아 이거 어디선가 커버를 들었던거같아
[2021-12-11 00:51:02] <%$태기__ (rhkd4xor4)> 라푼젤 노래구낭
[2021-12-11 00:51:17] <%플라워샤워 (flowerkei0905)> 아까 간다더니 아직계시넹
[2021-12-11 00:51:18] <%$태기__ (rhkd4xor4)> 안되겠다 귤 주문하면서 디즈니 플러스도 결제합니다
[2021-12-11 00:51:19] <%미스터애쉬 (mrashhhh)> 방종언제해요 ?
[2021-12-11 00:51:35] <%미스터애쉬 (mrashhhh)> ah...
[2021-12-11 00:51:37] <%설레는겨울 (nam1004wo0)> 난 디즈니 노래는 악역들 노래를더 좋아해서 라푼젤도 악역노래 먼저 생각 나던데
[2021-12-11 00:51:56] <%$태기__ (rhkd4xor4)> 근데 귤 맛있어보이네요
[2021-12-11 00:52:01] <%플라워샤워 (flowerkei0905)> 님 기억 제대로 하는 영화가 있긴 해요?
[2021-12-11 00:52:02] <%$태기__ (rhkd4xor4)> 가까이서 한번만 보여주실수,,,
[2021-12-11 00:52:04] <%플라워샤워 (flowerkei0905)> 최근작 말고
[2021-12-11 00:52:07] <%설레는겨울 (nam1004wo0)> 라분젤만 그런게....크흠...
[2021-12-11 00:52:10] <%미스터애쉬 (mrashhhh)> can i request one last song ? 🤔
[2021-12-11 00:52:29] <%미스터애쉬 (mrashhhh)> Wham - Last Christmas
[2021-12-11 00:52:35] <%$태기__ (rhkd4xor4)> 안까지지 = 못깐다는 뜻
[2021-12-11 00:52:47] <%$태기__ (rhkd4xor4)> 오
[2021-12-11 00:52:52] <레이류드 (gaopa001)> 웸 아주 좋은 그룹이지...
[2021-12-11 00:52:53] <%$태기__ (rhkd4xor4)> 오오오오 맛있어보여
[2021-12-11 00:53:00] <%설레는겨울 (nam1004wo0)> ㅋㅋㅋㅋㅋㅋㅋㅋㅋㅋㅋ
[2021-12-11 00:53:01] <%$태기__ (rhkd4xor4)> ㅠ 아?..
[2021-12-11 00:53:15] <%$태기__ (rhkd4xor4)> 예꿍의 터키 귤이네..
[2021-12-11 00:53:21] <%설레는겨울 (nam1004wo0)> 터키 귤 ㅋㅋㅋㅋㅋ
[2021-12-11 00:53:24] <레이류드 (gaopa001)> 휴 퇴근버스에서 겨우 보네
[2021-12-11 00:53:45] <%$태기__ (rhkd4xor4)> 아 이거 넘명곡이에여 ㅠㅠ 분위기 확살아..
[2021-12-11 00:53:49] <%설레는겨울 (nam1004wo0)> 이노래도 들어본거 같다
[2021-12-11 00:54:01] <레이류드 (gaopa001)> 크리스마스 이브에 먹을 수면제 사야되는데
[2021-12-11 00:54:03] <%$태기__ (rhkd4xor4)> 저 오늘 카페에서 들었다가 행복했어여 진짜
[2021-12-11 00:54:07] <레이류드 (gaopa001)> 아직 안샀네
[2021-12-11 00:54:07] <%$태기__ (rhkd4xor4)> 심지어 청귤차 먹고있었음
[2021-12-11 00:54:37] <%$태기__ (rhkd4xor4)> 경치도 매우 조았슴니다
[2021-12-11 00:54:42] <%$태기__ (rhkd4xor4)> 근데 아까 여름밤 부를때 그느낌이였음
[2021-12-11 00:54:45] <%$태기__ (rhkd4xor4)> 크으
[2021-12-11 00:55:03] <%설레는겨울 (nam1004wo0)> zmdm
[2021-12-11 00:55:03] <레이류드 (gaopa001)> 난 혼자 카페 들어가면 아아 시켜서 10분 앉아있나...
[2021-12-11 00:55:19] <레이류드 (gaopa001)> 좀 오래 앉아있는 버릇을 들여야 겠군...
[2021-12-11 00:55:30] <%$태기__ (rhkd4xor4)> ㅋㅋㅋㅋㅋㅋ 자주 멍때리는데 가끔 좋아요..
[2021-12-11 00:55:33] <%$태기__ (rhkd4xor4)> 너무 자주하면 버릇되서..
[2021-12-11 00:55:34] <레이류드 (gaopa001)> 아아를 두입컷해서 그런가
[2021-12-11 00:55:48] <%설레는겨울 (nam1004wo0)> 아아 두입컷 ㅋㅋㅋㅋㅋㅋ
[2021-12-11 00:56:06] <레이류드 (gaopa001)> 아니 그냥 쭉 마시면 없는데 어떻게 함...
[2021-12-11 00:56:13] <%$태기__ (rhkd4xor4)> 아니 아아를 어케 두입컷을해...
[2021-12-11 00:56:20] <%$태기__ (rhkd4xor4)> 내가 아는 아아가 아닌건가
[2021-12-11 00:56:20] <%미스터애쉬 (mrashhhh)> you gave it away BibleThump
[2021-12-11 00:56:22] <레이류드 (gaopa001)> 좀만 마셔야지 하고 먹으면 반이 없어...
[2021-12-11 00:56:45] <%설레는겨울 (nam1004wo0)> 와 음색
[2021-12-11 00:56:55] <%설레는겨울 (nam1004wo0)> 허스키한 음색 좋아
[2021-12-11 00:57:01] <%미스터애쉬 (mrashhhh)> andra day, she have nice voice
[2021-12-11 00:57:36] <레이류드 (gaopa001)> 신이 있으면 나한테 머리카락 가져갔으면 목소리라도 저런거 줘야 되는거 아니냐
[2021-12-11 00:57:54] <레이류드 (gaopa001)> 뭐줬지
[2021-12-11 00:58:11] <뱃살좋아해요 (djsk)> 꿍하
[2021-12-11 00:58:11] <@^빵_떡 (bbangddeock)> 뱃살좋아해요 님 어서와용
[2021-12-11 00:58:17] <레이류드 (gaopa001)> 결론적으론 날 봤을때 신이 없는게 확실하다
[2021-12-11 00:58:22] <apoopsky> christina aguilera can't hold us down
[2021-12-11 00:58:27] <뱃살좋아해요 (djsk)> ?
[2021-12-11 00:58:27] <@^빵_떡 (bbangddeock)> 예꿍이가  13495 번째 갈고리 줍줍!!
[2021-12-11 00:58:36] <뱃살좋아해요 (djsk)> 뱃가죽 아닌가요? ㅋㅋ
[2021-12-11 00:58:42] <apoopsky> its just a song
[2021-12-11 00:58:43] <%네이쳐파운드 (kikumaru88)> 꿍하 yeggunGgung yeggunGgung
[2021-12-11 00:58:43] <@^빵_떡 (bbangddeock)> 네이쳐파운드 님 어서와용
[2021-12-11 00:58:50] <%설레는겨울 (nam1004wo0)> ㅋㅋㅋㅋㅋㅋㅋ
[2021-12-11 00:58:52] <레이류드 (gaopa001)> 꿍님은 살이라고 하긴 좀 그래...
[2021-12-11 00:58:53] <뱃살좋아해요 (djsk)> ㅋㅋㅋㅋㅋㅋㅋㅋㅋ
[2021-12-11 00:58:59] <뱃살좋아해요 (djsk)> 기만자 이시군요
[2021-12-11 00:59:03] <%미드에코_ (mid__ekko)> ㅋㅋㅋㅋㅋㅋ
[2021-12-11 00:59:05] <%+Ten_Jovi> 점점 스머 체형으로 바뀌고 계시군요
[2021-12-11 00:59:16] <뱃살좋아해요 (djsk)> ㅋㅋㅋㅋㅋㅋㅋㅋㅋ
[2021-12-11 00:59:22] Viewerstats (00:31-00:59): avg:29 min:26 max:33 [15/26+0+2+0+3+0+0-1+0+0+3+0-2+0-1]
[2021-12-11 00:59:31] <%설레는겨울 (nam1004wo0)> 크으
[2021-12-11 00:59:35] <뱃살좋아해요 (djsk)> 마지막 자존심? ㅋㅋ
[2021-12-11 00:59:37] <%$태기__ (rhkd4xor4)> 와우 ㄷ
[2021-12-11 00:59:37] <%설레는겨울 (nam1004wo0)> 크리스마스~
[2021-12-11 00:59:42] <%설레는겨울 (nam1004wo0)> 미쳐따
[2021-12-11 00:59:58] <레이류드 (gaopa001)> 앞에서 저런거 부르니까 조정석이 반했지
[2021-12-11 01:00:02] <뱃살좋아해요 (djsk)> ㅇㅈ
[2021-12-11 01:00:05] <%설레는겨울 (nam1004wo0)> ㅇㅈ
[2021-12-11 01:00:19] <%설레는겨울 (nam1004wo0)> 크으
[2021-12-11 01:00:27] <%미드에코_ (mid__ekko)> 아이참..
[2021-12-11 01:00:32] <%설레는겨울 (nam1004wo0)> 아이참 ㅋㅋㅋㅋㅋㅋ
[2021-12-11 01:00:34] <레이류드 (gaopa001)> 근데 거미는 외국에선 활동할땐 스파이더도 활동함?
[2021-12-11 01:00:37] <레이류드 (gaopa001)> 스파이더로
[2021-12-11 01:00:39] <%내에어팟ㅠ (whereismyairpot)> ㅋㅋㅋㅋㅋ
[2021-12-11 01:00:49] <%미드에코_ (mid__ekko)> 스파이더맞아요
[2021-12-11 01:00:52] <%미드에코_ (mid__ekko)> 영어가수명
[2021-12-11 01:00:58] <레이류드 (gaopa001)> 헐
[2021-12-11 01:01:03] <%설레는겨울 (nam1004wo0)> 오옹
[2021-12-11 01:01:03] <레이류드 (gaopa001)> 이게 왜 진짜야
[2021-12-11 01:01:13] <%설레는겨울 (nam1004wo0)> 커뮈~로 소개할줄 알았는데
[2021-12-11 01:01:51] <레이류드 (gaopa001)> 노래 잘하는 사람들 저 미간 찌뿌리는거 간지나...
[2021-12-11 01:02:02] <%설레는겨울 (nam1004wo0)> ㅋㅋㅋㅋㅋㅋ
[2021-12-11 01:02:26] <레이류드 (gaopa001)> 응?
[2021-12-11 01:02:31] <%미스터애쉬 (mrashhhh)> ㅋㅋㅋㅋㅋㅋ
[2021-12-11 01:02:33] <뱃살좋아해요 (djsk)> ㅋㅋㅋㅋㅋㅋㅋㅋㅋ
[2021-12-11 01:02:38] <%설레는겨울 (nam1004wo0)> ㅋㅋㅋㅋㅋㅋㅋㅋㅋㅋㅋㅋㅋ
[2021-12-11 01:02:45] <%의욕있어 (halomang1027)> ㅋㅋㅋ
[2021-12-11 01:02:52] <%흑화가되어버린국스였던것 (darkmode_guks)> 요즘 뱃살 대세 수저님이네
[2021-12-11 01:02:55] <레이류드 (gaopa001)> 숨길수있는 게 어디야
[2021-12-11 01:03:00] <%미드에코_ (mid__ekko)> ㄹㅇ청바지에 배숨기던데
[2021-12-11 01:03:04] <%흑화가되어버린국스였던것 (darkmode_guks)> 아랫배는 여자의 매력이야
[2021-12-11 01:03:05] <뱃살좋아해요 (djsk)> ㅋㅋㅋㅋ
[2021-12-11 01:03:11] <%+손해리 (sonhaery)> "가능"
[2021-12-11 01:03:12] <%설레는겨울 (nam1004wo0)> ㅋㅋㅋㅋㅋ
[2021-12-11 01:03:12] <%미드에코_ (mid__ekko)> 저흰 못숨겨요
[2021-12-11 01:03:15] <뱃살좋아해요 (djsk)> 뱃살 오히려좋아~
[2021-12-11 01:03:19] <%$태기__ (rhkd4xor4)> 그정도면 괜찮지 밑에보면 발가락이 안보이는 사람도 있다구요
[2021-12-11 01:03:19] <%미드에코_ (mid__ekko)> 남자는.....
[2021-12-11 01:03:22] <+아조시손 (ajs_hand)> 그게 숨겨 지는거였나?
[2021-12-11 01:03:23] <%미드에코_ (mid__ekko)> 못숨겨요....
[2021-12-11 01:03:26] <%설레는겨울 (nam1004wo0)> 청바지에 담기에는 마나....
[2021-12-11 01:03:29] <%미드에코_ (mid__ekko)> 바지가 그렇게 높이못올라감
[2021-12-11 01:03:39] <%흑화가되어버린국스였던것 (darkmode_guks)> 뱃살의 추함의 기준은 라면먹다 면발흘렸을때 배에 걸리는거야
[2021-12-11 01:03:40] <레이류드 (gaopa001)> 숨지는건 가능한데 숨기는건 안됌
[2021-12-11 01:03:55] <뱃살좋아해요 (djsk)> 저정도 안나왔는데 뱃살있다고 하면 기만 입니더
[2021-12-11 01:03:57] <%설레는겨울 (nam1004wo0)> 숨져 ㅋㅋㅋㅋㅋ
[2021-12-11 01:03:57] <%$태기__ (rhkd4xor4)> 그 밑위? 를 긴바지를 사면되죠
[2021-12-11 01:04:07] <%+Ten_Jovi> 사람마다 다르죠
[2021-12-11 01:04:16] <%$태기__ (rhkd4xor4)> 이상한게 대순가여 내 뱃살을 가릴수있따는데
[2021-12-11 01:04:21] <레이류드 (gaopa001)> 코트입고 가리고 다니자
[2021-12-11 01:04:24] <뱃살좋아해요 (djsk)> ㅋㅋㅋㅋㅋㅋㅋㅋㅋ
[2021-12-11 01:04:43] <%설레는겨울 (nam1004wo0)> 아직 겨울이라 괜찮아
[2021-12-11 01:04:45] <%$태기__ (rhkd4xor4)> 제가 겨울이 좋은 두번쨰 이유를 설명안했는데 사실 이겁니다
[2021-12-11 01:04:45] <@^빵_떡 (bbangddeock)> 어서오세요 아직 팔로우 안하셨다면 팔로우 부탁해요 °˖✧◝(⁰▿⁰)◜✧˖°
[2021-12-11 01:04:48] <%설레는겨울 (nam1004wo0)> 다들 롱패딩 입고 다닐거자나
[2021-12-11 01:04:49] <레이류드 (gaopa001)> 대머리수염하이웨스트라니...
[2021-12-11 01:05:10] <%미드에코_ (mid__ekko)> ㅋㅋㅋㅋㅋㅋㅋㅋㅋ
[2021-12-11 01:05:12] <%설레는겨울 (nam1004wo0)> ㅋㅋㅋㅋㅋㅋㅋㅋ
[2021-12-11 01:05:22] <%흑화가되어버린국스였던것 (darkmode_guks)> 너무 잘아는데..죽어줘야겠어
[2021-12-11 01:05:22] <%+Ten_Jovi> 냥이가 개귀엽다니
[2021-12-11 01:05:22] <%네이쳐파운드 (kikumaru88)> yeggunMizz yeggunMizz yeggunMizz
[2021-12-11 01:05:26] <%+Ten_Jovi> 역시 개냥이
[2021-12-11 01:05:29] <레이류드 (gaopa001)> 미쯔는 왜 맨날 시비(?)를 거는걸까
[2021-12-11 01:05:40] <%미드에코_ (mid__ekko)> 미쯔 : 이정도면 추르 가져올때가 됐늗네
[2021-12-11 01:05:41] <%+Ten_Jovi> taehaDafoe taehaDafoe taehaDafoe
[2021-12-11 01:05:45] <%설레는겨울 (nam1004wo0)> 미쯔 안녕~
[2021-12-11 01:05:51] <%+Ten_Jovi> taehaCYA taehaCYA taehaCYA
[2021-12-11 01:05:54] <%설레는겨울 (nam1004wo0)> 미쯔 : 아까 노래 불렀는데 안놀아주냐?
[2021-12-11 01:06:06] <%$태기__ (rhkd4xor4)> 아 내 배가 미쯔 촉감이라고 상상이라도 하고 만져야겠다
[2021-12-11 01:06:25] <%+Ten_Jovi> 꿍님 태어나시기 전 노래군요
[2021-12-11 01:06:27] <%설레는겨울 (nam1004wo0)> ㅋㅋㅋㅋㅋㅋ
[2021-12-11 01:06:30] <%$태기__ (rhkd4xor4)> 죄송해요 미쯔라고 상상했는데 어제온 택배박스같네요..
[2021-12-11 01:06:35] <레이류드 (gaopa001)> 진짜 고장난 소프트웨어 + 귀여운 외모 아니었으면 고양이는 멸종했을거야
[2021-12-11 01:06:47] <%설레는겨울 (nam1004wo0)> 6억뷰 ㄷㄷㄷ
[2021-12-11 01:06:57] <레이류드 (gaopa001)> 웸이 엄청난 그룹이긴 하지
[2021-12-11 01:07:06] <%미스터애쉬 (mrashhhh)> ?
[2021-12-11 01:07:06] <@^빵_떡 (bbangddeock)> 예꿍이가  13496 번째 갈고리 줍줍!!
[2021-12-11 01:07:07] <%$태기__ (rhkd4xor4)> 근데 그와중에 저 왼쪽 위에있는 고양이 귀엽다
[2021-12-11 01:07:08] <%미드에코_ (mid__ekko)> ㅡㅡ
[2021-12-11 01:07:12] <%+Ten_Jovi> taehaCry taehaCry taehaCry
[2021-12-11 01:07:13] <%글리코젠 (whehgus0727)> 오늘 고생햇슈
[2021-12-11 01:07:22] <%런웨이 (runway02)> 꿍바
[2021-12-11 01:07:22] <@^빵_떡 (bbangddeock)> 런웨이 님 빠이!
[2021-12-11 01:07:23] <%글리코젠 (whehgus0727)> yeggunMizz yeggunMizz yeggunMizz yeggunMizz yeggunMizz yeggunMizz yeggunMizz yeggunMizz yeggunMizz yeggunMizz yeggunMizz yeggunMizz yeggunMizz yeggunMizz yeggunMizz yeggunMizz yeggunMizz
[2021-12-11 01:07:25] <%미드에코_ (mid__ekko)> 내일언제와요?
[2021-12-11 01:07:27] <레이류드 (gaopa001)> 고생하셨습니다
[2021-12-11 01:07:30] <%설레는겨울 (nam1004wo0)> ㅋㅋㅋㅋㅋㅋ
[2021-12-11 01:07:34] <%미드에코_ (mid__ekko)> 립싱크하려다가 ㅋㅋㅋㅋㅋㅋㅋㅋㅋㅋ
[2021-12-11 01:07:36] <%설레는겨울 (nam1004wo0)> 내일 일찍오면 1시?!
[2021-12-11 01:07:38] <%미스터애쉬 (mrashhhh)> BibleThump
[2021-12-11 01:07:38] <%미드에코_ (mid__ekko)> ㅋㅋㅋㅋㅋㅋㅋㅋㅋㅋㅋㅋㅋㅋㅋ
[2021-12-11 01:07:43] <%+Ten_Jovi> taehaHands taehaHands taehaHands
[2021-12-11 01:07:43] <%미드에코_ (mid__ekko)> 신기술ㅋㅋㅋㅋㅋ
[2021-12-11 01:07:46] <레이류드 (gaopa001)> 간주점프 뭔데 ㅋㅋㅋ
[2021-12-11 01:07:46] <%의욕있어 (halomang1027)> TwitchSings TwitchSings
[2021-12-11 01:07:47] <%설레는겨울 (nam1004wo0)> 저의 예측은 2시~2시30분 입니다!
[2021-12-11 01:07:52] <%의욕있어 (halomang1027)> TwitchSings TwitchSings TwitchSings TwitchSings TwitchSings TwitchSings TwitchSings TwitchSings
[2021-12-11 01:07:53] <%설레는겨울 (nam1004wo0)> 스킵 ㅋㅋㅋㅋㅋㅋ
[2021-12-11 01:07:54] <%+쏘른 (startjdwl)> ㅋㅋㅋㅋㅋㅋㅋ
[2021-12-11 01:07:54] <%흑화가되어버린국스였던것 (darkmode_guks)> 이번건 낚시 아니지?
[2021-12-11 01:07:58] <%설레는겨울 (nam1004wo0)> 뭐지 빨리감기는 ㅋㅋㅋㅋㅋ
[2021-12-11 01:08:01] <%의욕있어 (halomang1027)> TwitchSings TwitchSings
[2021-12-11 01:08:05] <%$태기__ (rhkd4xor4)> 분명 다시보기 아닌데
[2021-12-11 01:08:06] <%설레는겨울 (nam1004wo0)> 워렘오롤레로로로로로 앙앙!
[2021-12-11 01:08:09] <%+쏘른 (startjdwl)> 시대가 언젠데 필름 감기는 소리가...
[2021-12-11 01:08:13] <%미스터애쉬 (mrashhhh)> 옼ㅋㅋㅋㅋㅋㅋ
[2021-12-11 01:08:17] <%$태기__ (rhkd4xor4)> 으악
[2021-12-11 01:08:18] <%의욕있어 (halomang1027)> TwitchSings TwitchSings TwitchSings TwitchSings TwitchSings TwitchSings TwitchSings
[2021-12-11 01:08:20] <%미드에코_ (mid__ekko)> 내기ㅜ
[2021-12-11 01:08:20] <레이류드 (gaopa001)> 으악 내귀
[2021-12-11 01:08:21] <%미드에코_ (mid__ekko)> 내귀
[2021-12-11 01:08:25] <%설레는겨울 (nam1004wo0)> ㅋㅋㅋㅋㅋㅋ
[2021-12-11 01:08:26] <%미스터애쉬 (mrashhhh)> ㅋㅋㅋㅋㅋㅋㅋㅋㅋㅋㅋ
[2021-12-11 01:08:28] <%+Ten_Jovi> 상습 방종범
[2021-12-11 01:08:28] <%설레는겨울 (nam1004wo0)> 다들 당했네 ㅋㅋㅋㅋㅋ
[2021-12-11 01:08:33] <%$태기__ (rhkd4xor4)> 귀가 고장나서 한시간 더들어야 될거같아요 어쩔수없다
[2021-12-11 01:08:41] <%글리코젠 (whehgus0727)> ㅋㅋㅋㅋㅋ
[2021-12-11 01:08:43] <%설레는겨울 (nam1004wo0)> yeggunStar yeggunStar yeggunStar yeggunStar yeggunStar yeggunStar yeggunStar yeggunStar yeggunStar yeggunStar yeggunStar yeggunStar
[2021-12-11 01:08:48] <%런웨이 (runway02)> 꿍바
[2021-12-11 01:08:48] <@^빵_떡 (bbangddeock)> 런웨이 님 빠이!
[2021-12-11 01:08:51] <레이류드 (gaopa001)> 안들리는데 뭐라고요?
[2021-12-11 01:08:51] <%큰가시고기 (stickleback0915)> 잘가요
[2021-12-11 01:08:53] <%흑화가되어버린국스였던것 (darkmode_guks)> 아흥
[2021-12-11 01:08:56] <%흑화가되어버린국스였던것 (darkmode_guks)> 갈끄야?
[2021-12-11 01:08:57] <%큰가시고기 (stickleback0915)> yeggunStar yeggunStar yeggunStar yeggunStar yeggunStar yeggunStar yeggunStar yeggunStar yeggunStar yeggunStar yeggunStar yeggunStar
[2021-12-11 01:08:58] <레이류드 (gaopa001)> 아 간다고요?
[2021-12-11 01:09:00] <%+Ten_Jovi> taehaCry taehaCry taehaCry
[2021-12-11 01:09:00] <%의욕있어 (halomang1027)> TwitchSings TwitchSings
[2021-12-11 01:09:01] <%흑화가되어버린국스였던것 (darkmode_guks)> 습관성 방종 멈춰!!
[2021-12-11 01:09:06] <%큰가시고기 (stickleback0915)> 씻고왔는데도 아직했구나..
[2021-12-11 01:09:10] <%$태기__ (rhkd4xor4)> ?
[2021-12-11 01:09:10] <@^빵_떡 (bbangddeock)> 예꿍이가  13497 번째 갈고리 줍줍!!
[2021-12-11 01:09:11] <%큰가시고기 (stickleback0915)> 괜히 씻고왔어
[2021-12-11 01:09:13] <%큰가시고기 (stickleback0915)> ㅠ.ㅠ
[2021-12-11 01:09:14] <%설레는겨울 (nam1004wo0)> 어머
[2021-12-11 01:09:15] <레이류드 (gaopa001)> 쨜자요
[2021-12-11 01:09:17] <%큰가시고기 (stickleback0915)> yeggunStar yeggunStar yeggunStar
[2021-12-11 01:09:19] <%미스터애쉬 (mrashhhh)> ㅗㅜㅑ...
[2021-12-11 01:09:20] <%큰가시고기 (stickleback0915)> yeggunStar yeggunStar yeggunStar yeggunStar
[2021-12-11 01:09:23] <%미드에코_ (mid__ekko)> 방종할때 가장 기분좋아해
[2021-12-11 01:09:24] <%큰가시고기 (stickleback0915)> yeggunStar yeggunStar yeggunStar yeggunStar yeggunStar
[2021-12-11 01:09:24] <%미드에코_ (mid__ekko)> 킹받아
[2021-12-11 01:09:26] <레이류드 (gaopa001)> 꿍바 트바 미쯔바
[2021-12-11 01:09:27] <@^빵_떡 (bbangddeock)> 레이류드 님 빠이!
[2021-12-11 01:09:34] <%미스터애쉬 (mrashhhh)> BibleThump
[2021-12-11 01:09:34] <%+쏘른 (startjdwl)> 퇴근이 제일 기분 좋지 ㅇㅇ
[2021-12-11 01:09:36] <%설레는겨울 (nam1004wo0)> ㅃㅃㅇ~
[2021-12-11 01:09:37] <%큰가시고기 (stickleback0915)> 아..연말이니까 자꾸 방송 못봐
[2021-12-11 01:09:37] <%흑화가되어버린국스였던것 (darkmode_guks)> 에잇 가버려
[2021-12-11 01:09:40] <레이류드 (gaopa001)> 오 오늘은 손날치기 아니네
[2021-12-11 01:09:40] <%큰가시고기 (stickleback0915)> 개빡치네..
[2021-12-11 01:09:43] <%설레는겨울 (nam1004wo0)> 꿍바 매바 트바 미바~~~!!!!!!!
[2021-12-11 01:09:43] <@^빵_떡 (bbangddeock)> 설레는겨울 님 빠이!
[2021-12-11 01:09:43] <%미스터애쉬 (mrashhhh)> 갔어 ...
[2021-12-11 01:09:43] <%설레는겨울 (nam1004wo0)> !출첵
[2021-12-11 01:09:46] <%흑화가되어버린국스였던것 (darkmode_guks)> 이쁜것들은 꼭 습관성 방종하더라
[2021-12-11 01:09:46] <%설레는겨울 (nam1004wo0)> 했구만 허허허
[2021-12-11 01:09:48] <%설레는겨울 (nam1004wo0)> !가위바위보 가위
[2021-12-11 01:09:50] <%큰가시고기 (stickleback0915)> !출첵
[2021-12-11 01:09:51] <@^빵_떡 (bbangddeock)> 큰가시고기 --> [2021-12-10] 이 채널의 205 번째 출석체크입니다.  [23연속]
[2021-12-11 01:09:54] <%큰가시고기 (stickleback0915)> 오우야
[2021-12-11 01:09:56] <%큰가시고기 (stickleback0915)> 못할뻔
[2021-12-11 01:09:56] <%설레는겨울 (nam1004wo0)> 이겄도 혔네 허허허
[2021-12-11 01:09:57] <%흑화가되어버린국스였던것 (darkmode_guks)> !출첵
[2021-12-11 01:09:57] <@^빵_떡 (bbangddeock)> 흑화가되어버린국스였던것 --> [2021-12-10] 이 채널의 15 번째 출석체크입니다.   (지난 출석일 : 2021-12-03)
[2021-12-11 01:10:01] <%큰가시고기 (stickleback0915)> !가위바위보 보
[2021-12-11 01:10:01] <@^빵_떡 (bbangddeock)> (큰가시고기) HeyGuys VS Poooound - 승리. 27W 25D 33L(시즌 Ⅳ : 샌드 161 P[+26] ) ( OX-OOO-XOO 2연승)
[2021-12-11 01:10:02] <%미스터애쉬 (mrashhhh)> 꿍바 매바 트바 미바 ㅅㅂ yeggunGg
[2021-12-11 01:10:02] <@^빵_떡 (bbangddeock)> 미스터애쉬 님 빠이!
[2021-12-11 01:10:06] <%설레는겨울 (nam1004wo0)> 연속출첵 하다보면 놓치기 아까움
[2021-12-11 01:10:07] <레이류드 (gaopa001)> !첵스초코
[2021-12-11 01:10:07] <%큰가시고기 (stickleback0915)> 꿍바 매바 트바
[2021-12-11 01:10:07] <@^빵_떡 (bbangddeock)> 큰가시고기 님 빠이!
[2021-12-11 01:10:16] <%큰가시고기 (stickleback0915)> 다시보기 보고 자야지 오늘도
[2021-12-11 01:10:16] <%미스터애쉬 (mrashhhh)> !가위바위보 바위
[2021-12-11 01:10:16] <@^빵_떡 (bbangddeock)> (미스터애쉬) Poooound VS Poooound - 무. 1W 1D 2L(시즌 Ⅳ : 더스트 80 P[+1] ) ( XOX- 1패)
[2021-12-11 01:10:17] <~%예꿍_ (yeggung_)> 꿍바 매바 트바 미바 ㅅㅂ
[2021-12-11 01:10:18] <@^빵_떡 (bbangddeock)> 예꿍_ 님 빠이!
[2021-12-11 01:10:19] <%큰가시고기 (stickleback0915)> 짜증나..
[2021-12-11 01:10:19] <~%예꿍_ (yeggung_)> ㅋㅋㅋㅋㅋㅋㅋㅋㅋㅋㅋㅋㅋㅋㅋㅋㅋㅋㅋㅋㅋㅋㅋㅋㅋㅋㅋㅋㅋㅋㅋㅋㅋㅋㅋㅋㅋㅋㅋㅋ
[2021-12-11 01:10:23] <%설레는겨울 (nam1004wo0)> ㅋㅋㅋㅋㅋㅋㅋㅋ
[2021-12-11 01:10:25] <%큰가시고기 (stickleback0915)> 미바 ㅅㅂ은 뭐야..
[2021-12-11 01:10:27] <%미스터애쉬 (mrashhhh)> yeggunGg yeggunGg yeggunGg
[2021-12-11 01:10:29] <%설레는겨울 (nam1004wo0)> 마지막에 뭐야 ㅋㅋㅋㅋㅋ
[2021-12-11 01:10:32] <%큰가시고기 (stickleback0915)> 뭐야..
[2021-12-11 01:10:33] <~%예꿍_ (yeggung_)> 라임 지렸다
[2021-12-11 01:10:36] <%큰가시고기 (stickleback0915)> 우리한테 욕했어
[2021-12-11 01:10:42] <%큰가시고기 (stickleback0915)> 트수가 그렇게 밉더냐..
[2021-12-11 01:10:43] <~%예꿍_ (yeggung_)> 잘자요!
[2021-12-11 01:10:47] <~%예꿍_ (yeggung_)> 낼 낮에 꼭와!
[2021-12-11 01:10:49] <%큰가시고기 (stickleback0915)> 꿍님 잘자요..
[2021-12-11 01:10:50] <%흑화가되어버린국스였던것 (darkmode_guks)> 꿍바 매바 트바 애이씨바
[2021-12-11 01:10:50] <@^빵_떡 (bbangddeock)> 흑화가되어버린국스였던것 님 빠이!
[2021-12-11 01:10:56] <%큰가시고기 (stickleback0915)> 내일은 저녁 약속이라
[2021-12-11 01:10:58] <%큰가시고기 (stickleback0915)> 낮에 볼 수 있다
[2021-12-11 01:10:59] <%큰가시고기 (stickleback0915)> 헤으으응..
[2021-12-11 01:10:59] <레이류드 (gaopa001)> 이제 퇴근해서 그건 생각을 좀 해봐야...
[2021-12-11 01:11:01] <~%예꿍_ (yeggung_)> >.<
[2021-12-11 01:11:15] <레이류드 (gaopa001)> 내가 일어날수 있을까...
[2021-12-11 01:11:15] <%큰가시고기 (stickleback0915)> 연말이라 개바뻐..
[2021-12-11 01:11:16] <%설레는겨울 (nam1004wo0)> 내일 미용실가서 예꿍방을 볼수 있을까?
[2021-12-11 01:11:34] <%설레는겨울 (nam1004wo0)> 라디오 모드로 봐야게따
[2021-12-11 01:11:34] <%큰가시고기 (stickleback0915)> 무튼 이만 뿅
[2021-12-11 01:11:51] <%설레는겨울 (nam1004wo0)> 매니저 없나 오늘? 지켜보고 있을거 같은데..
[2021-12-11 01:11:52] <레이류드 (gaopa001)> 내일 안오면 꿍님이 기억해놨다가 너 왜 안왔어 하고 혼낼거 같은데...
[2021-12-11 01:11:55] <레이류드 (gaopa001)> 아 포상인가
[2021-12-11 01:11:58] <%설레는겨울 (nam1004wo0)> 매니저어~!!! 매니저어어~!!!!
[2021-12-11 01:12:04] <레이류드 (gaopa001)> (혼란)
[2021-12-11 01:12:05] ~Stream offline~
[2021-12-11 01:12:09] <%설레는겨울 (nam1004wo0)> 자니?...
[2021-12-11 01:12:12] <%설레는겨울 (nam1004wo0)> 자는구나....
[2021-12-11 01:12:15] <%설레는겨울 (nam1004wo0)> 잘자....
[2021-12-11 01:12:19] <레이류드 (gaopa001)> 잘쟈...
[2021-12-11 01:12:22] <레이류드 (gaopa001)> 알아서 가야지
[2021-12-11 01:12:24] <레이류드 (gaopa001)> 드르륵
[2021-12-11 01:12:26] <%흑화가되어버린국스였던것 (darkmode_guks)> 자니?
[2021-12-11 01:12:31] <%미스터애쉬 (mrashhhh)> 자?
[2021-12-11 01:12:33] <%설레는겨울 (nam1004wo0)> 싸장님 보고있나?
[2021-12-11 01:12:36] <%미스터애쉬 (mrashhhh)> 자니 ?
[2021-12-11 01:12:36] <%흑화가되어버린국스였던것 (darkmode_guks)> 어이 매씨 문닫읍시다.
[2021-12-11 01:12:41] <%미스터애쉬 (mrashhhh)> 자는구나 ...
[2021-12-11 01:12:42] <%설레는겨울 (nam1004wo0)> 오늘 셀프로 문닫으셔야 할듯?
[2021-12-11 01:12:57] <%설레는겨울 (nam1004wo0)> 알바 꿈나라로 슝한거 같은데
[2021-12-11 01:12:58] <레이류드 (gaopa001)> 꿍씨성의 예자 쓰시는분이 닫으셔야 될듯한데
[2021-12-11 01:12:58] <%설레는겨울 (nam1004wo0)> 미쯔마냥
[2021-12-11 01:13:06] <%미스터애쉬 (mrashhhh)> 아싸
[2021-12-11 01:13:10] <%설레는겨울 (nam1004wo0)> 아싸 ㅋㅋㅋㅋㅋㅋ
[2021-12-11 01:13:11] <%미스터애쉬 (mrashhhh)> time to go crazy
[2021-12-11 01:13:12] <%흑화가되어버린국스였던것 (darkmode_guks)> 오늘 매씨 휴가야?
[2021-12-11 01:13:16] <%미스터애쉬 (mrashhhh)> plumyDevil
[2021-12-11 01:13:23] <%설레는겨울 (nam1004wo0)> 매씨 파업인가?
[2021-12-11 01:13:23] <%흑화가되어버린국스였던것 (darkmode_guks)> 애씨는 있는데 왜 매씨는 없는거야?
[2021-12-11 01:13:33] <%흑화가되어버린국스였던것 (darkmode_guks)> 어이 꿍씨 샤타내려~~
[2021-12-11 01:13:37] <%미스터애쉬 (mrashhhh)> ....
[2021-12-11 01:13:40] <%흑화가되어버린국스였던것 (darkmode_guks)> 매씨 탈주했나봐
[2021-12-11 01:13:53] <레이류드 (gaopa001)> 매님 기절하신듯
[2021-12-11 01:13:54] <%설레는겨울 (nam1004wo0)> 아직 도비 양말 못받았는데..흐음...
[2021-12-11 01:14:06] <레이류드 (gaopa001)> 자자 알아서 갑시다 훠이훠이
[2021-12-11 01:14:19] <%설레는겨울 (nam1004wo0)> 그럽시다 다들 ㅃㅃㅇ~
[2021-12-11 01:14:21] <%설레는겨울 (nam1004wo0)> 잘자요~
[2021-12-11 01:14:27] <레이류드 (gaopa001)> 다들 잘주무세요
[2021-12-11 01:14:46] <%설레는겨울 (nam1004wo0)> 쨜쟈요~
[2021-12-11 01:14:48] <%미스터애쉬 (mrashhhh)> 엥 벌써 가심? BibleThump
[2021-12-11 01:14:52] <%흑화가되어버린국스였던것 (darkmode_guks)> 매씨 매실음료 좀 드셔야겠어요
[2021-12-11 01:15:08] <%설레는겨울 (nam1004wo0)> 우린 착한 트수니까!
[2021-12-11 01:15:32] <%흑화가되어버린국스였던것 (darkmode_guks)> 사아칸 천사 퇴근했으니 착한앙마들도 퇴근하세요
[2021-12-11 01:15:45] <%미스터애쉬 (mrashhhh)> 꿍바 매바 트바 미바 ㅅㅂ yeggunGg
[2021-12-11 01:15:45] <@^빵_떡 (bbangddeock)> 미스터애쉬 님 빠이!
[2021-12-11 01:25:17] You have left #yeggung_
[2021-12-11 01:25:17] Viewerstats (01:01-01:09): avg:30 min:28 max:32 [5/32+0-2+0-2_]
# Log closed: 2021-12-11 01:25:17 +0900
-
