# Log started: 2021-12-10 21:44:57 +0900
[2021-12-10 21:44:57] #yeggung_ 채널 입장 중입니다
[2021-12-10 21:44:57] #yeggung_ 채널에 입장했습니다
[2021-12-10 21:44:57] ~트하 (Just Chatting)~
[2021-12-10 21:44:58] <%플라워샤워 (flowerkei0905)> 아는애 얘기임
[2021-12-10 21:45:02] <%런웨이 (runway02)> 마스크 대부분 제대로 안씀
[2021-12-10 21:45:04] <%내에어팟ㅠ (whereismyairpot)> ㅋㅋㅋㅋㅋ
[2021-12-10 21:45:08] <%런웨이 (runway02)> 코 제대로 안막고
[2021-12-10 21:45:10] <%런웨이 (runway02)> 그러면 의미 없음
[2021-12-10 21:45:13] <%설레는겨울 (nam1004wo0)> ㅋㅋㅋㅋㅋㅋ
[2021-12-10 21:45:14] <%런웨이 (runway02)> ㄴㄴㄴ
[2021-12-10 21:45:17] <%에엘 (lyusei0628)> ㅋㅋ 예꿍 남친은 어떡하냐 이제 어딜가도 백신접종 체크한다고 따로 앉아서 밥먹고 커피먹겠네 ㅋㅋ
[2021-12-10 21:45:17] <%ロㅁロ (momoco963)> 마스크 안쓰고 걸린 사람들은 마스크 얼굴에 꿰매버려야지
[2021-12-10 21:45:20] <%런웨이 (runway02)> 썼지만 제대로 안막기때문에
[2021-12-10 21:45:22] <%런웨이 (runway02)> 의미없는 횅동
[2021-12-10 21:45:30] <%플라워샤워 (flowerkei0905)> 어차피 식당같은데 가서 벗어놓고 그러니까 ㅋㅋ
[2021-12-10 21:45:33] <%설레는겨울 (nam1004wo0)> ㅋㅋㅋㅋㅋㅋㅋㅋㅋㅋ
[2021-12-10 21:45:37] <%+손해리 (sonhaery)> 뭐 나가... 집으로 불러...
[2021-12-10 21:45:41] <%런웨이 (runway02)> 먹을때가 제일 위함한 때지
[2021-12-10 21:45:50] <%런웨이 (runway02)> 완벽하게 막아야지
[2021-12-10 21:46:01] <%ロㅁロ (momoco963)> 병맛마스크중에 후 불면 잠시 마스크 들리는거있었어요 열어서 밥먹고 다시덮고
[2021-12-10 21:46:02] <%런웨이 (runway02)> 대부분 대충쓰기때문에 의미없는 마스크들이 많음
[2021-12-10 21:46:04] <%ロㅁロ (momoco963)> 방역1도 안되고
[2021-12-10 21:46:16] <%런웨이 (runway02)> 백신 맞으면 그나마 치명율 주는정도
[2021-12-10 21:46:18] <%설레는겨울 (nam1004wo0)> 백신을 맞아도 걸릴사람은 걸리죠
[2021-12-10 21:46:33] <%에엘 (lyusei0628)> 오히려 백신 안맞은 사람이 전 국민의 20%정도라 이젠 좀 힙해보이기까지 함
[2021-12-10 21:46:39] <%런웨이 (runway02)> ㅇㅇ
[2021-12-10 21:46:45] <%런웨이 (runway02)> 에크모 까지 안가고 끝나고
[2021-12-10 21:46:56] <%ロㅁロ (momoco963)> 머리에 안개낀거처럼멍해지는현상도 있고
[2021-12-10 21:47:00] <%런웨이 (runway02)> 백신 안맞으면 걸리면 에크모 써야 견디고 이럴수도
[2021-12-10 21:47:02] <%글리코젠 (whehgus0727)> 오미크론이라는 변이가 확실히 그럴 수 밖에 없는게 변하면서 스킬 초기화 시키고1 전파력만 만랩찍고 아픈건 쪼랩이라 오미크론은 걸려도 백신 접종자는 3일정도면 완치됨
[2021-12-10 21:47:09] <%플라워샤워 (flowerkei0905)> 난 그래서 건강검진 받고 나서 백신 맞음
[2021-12-10 21:47:16] <%런웨이 (runway02)> 나도 2차맞고 림프절 이상있어서
[2021-12-10 21:47:21] <%런웨이 (runway02)> 추천더더욱 안함
[2021-12-10 21:47:23] <%에엘 (lyusei0628)> 에크모가 뭐냐 우리가 아는건 트와이스 모모가 전분데
[2021-12-10 21:47:26] <%런웨이 (runway02)> 그냥 선택
[2021-12-10 21:47:36] <%+손해리 (sonhaery)> 에크모 바드
[2021-12-10 21:47:42] <%+손해리 (sonhaery)> 슬의생보고앎 ㅋㅋ
[2021-12-10 21:47:43] <%똘크라테스련 (worrmfpdlszl)> 아니 예꿍언니 오늘도 존예보스세젤예여신요정인데 혹시 천국에서 실종신고 들어왔는데 예꿍님 찾는거같아요
[2021-12-10 21:47:51] <%ロㅁロ (momoco963)> 맞고도 콧구멍 쑤셔야하면 사실 안맞는거랑 먼 차이가 잇나 싶고 그래요
[2021-12-10 21:47:59] <%에엘 (lyusei0628)> 너 간신 1회 차감 ㅡㅡ
[2021-12-10 21:47:59] <%런웨이 (runway02)> 그것도 2주후에
[2021-12-10 21:48:01] <%설레는겨울 (nam1004wo0)> ㅋㅋㅋㅋㅋㅋㅋ
[2021-12-10 21:48:06] <%런웨이 (runway02)> 2일 고생하고 괜찮아짐
[2021-12-10 21:48:11] <%플라워샤워 (flowerkei0905)> 저분 실종되면 난줄 알어
[2021-12-10 21:48:17] <%에엘 (lyusei0628)> 솔직히 나 정도면 양반이지?
[2021-12-10 21:48:24] <레이류드 (gaopa001)> 후후 2차 맞고 네발로 응급실 기어간 나
[2021-12-10 21:48:28] <%제너럴레빌 (jhvirus333)> 실종신고는 경찰서에 해요
[2021-12-10 21:48:30] <%ロㅁロ (momoco963)> 의사들 부스터 맞았다는데 겁나 아프다고 하네요
[2021-12-10 21:48:34] <%런웨이 (runway02)> 문제는 백신 유효기간이 짧다는거지
[2021-12-10 21:48:35] <%플라워샤워 (flowerkei0905)> 양반 아니면 상놈이지 ㄷㄷ
[2021-12-10 21:48:45] <%플라워샤워 (flowerkei0905)> 나도 부스터가 더 아프긴 하더라
[2021-12-10 21:48:51] <%에엘 (lyusei0628)> 근데 내 발로 응급실 가는거만큼 서러운게 없음
[2021-12-10 21:48:59] <%플라워샤워 (flowerkei0905)> 백신 부작용에 암도 잇음?
[2021-12-10 21:49:03] <%에엘 (lyusei0628)> 누가 실어날라야할 정도로 응급한데 꾸역꾸역 걸어가야함
[2021-12-10 21:49:04] <%ロㅁロ (momoco963)> 부작용으로 내 몸에 지방 쓸모없는거 다 타버렷으면 좋겠다
[2021-12-10 21:49:19] <%ロㅁロ (momoco963)> 나중에는 알약처럼 먹으면 되는걸로 나오긴 하겠죠
[2021-12-10 21:49:20] <%제너럴레빌 (jhvirus333)> 얀센때매 부스터맞았는데 용량 절반만놔줘서 아무렇지 않았는데
[2021-12-10 21:49:23] <워이잉 (rlarhd5813)> !팔로우
[2021-12-10 21:49:23] <@^빵_떡 (bbangddeock)> 워이잉님은 팔로우를 한 지 468일째 입니다.
[2021-12-10 21:49:26] <%+손해리 (sonhaery)> 오 지뢰찾기
[2021-12-10 21:49:26] <%런웨이 (runway02)> 백신 면역기간이 짧으니 또 3차 맞고 이러는거지
[2021-12-10 21:49:44] <%플라워샤워 (flowerkei0905)> 사실상 6개월마다 1번씩 맞아야될거같다고 함
[2021-12-10 21:49:47] <%설레는겨울 (nam1004wo0)> 오옹
[2021-12-10 21:49:50] <%제너럴레빌 (jhvirus333)> 부작용이 다이어트라니
[2021-12-10 21:49:51] <%에엘 (lyusei0628)> 32차 접종도 가능
[2021-12-10 21:49:51] <레이류드 (gaopa001)> 현재 코로나 백신이 완벽한게 아니다보니까 벌어지는 일
[2021-12-10 21:49:53] <%+손해리 (sonhaery)> 화이자 맞으세요 님들 부작용이 용한 회사임
[2021-12-10 21:49:57] <워이잉 (rlarhd5813)> 내년부터 지방 2키로에 2억에 팔린다던대
[2021-12-10 21:49:58] <레이류드 (gaopa001)> 만들라 하면 변이 나오니까
[2021-12-10 21:50:01] <%설레는겨울 (nam1004wo0)> 6개월마다 1번씩 귀찮다
[2021-12-10 21:50:09] <%플라워샤워 (flowerkei0905)> 독감접종도 뭐 1년에 한번씩이니까
[2021-12-10 21:50:13] <%에엘 (lyusei0628)> 근데 백신맞으면 하루 휴가 주잖아
[2021-12-10 21:50:15] <%제너럴레빌 (jhvirus333)> 무슨소리에요 지방이 2키로에 2억이라니...
[2021-12-10 21:50:17] <%ロㅁロ (momoco963)> 맞는건 글타치고 언제 마스크벗고 언제 콧구멍 안쑤시느냐가문제죠
[2021-12-10 21:50:24] <%에엘 (lyusei0628)> 6개월마다 연차 공짜로 1일 주는거면 나쁘지 않은데?
[2021-12-10 21:50:26] <%설레는겨울 (nam1004wo0)> 백신 맞으면 휴가 좋긴함
[2021-12-10 21:50:26] <%글리코젠 (whehgus0727)> 그럼 난 한 20억 벌었군...
[2021-12-10 21:50:27] <%제너럴레빌 (jhvirus333)> 나 그럼 서울에 아파트 살수있는거야?
[2021-12-10 21:50:27] <%ロㅁロ (momoco963)> 알약 빨리 나왔으면 좋겠다
[2021-12-10 21:50:32] <%ロㅁロ (momoco963)> 저는 독감 마장ㅆ어요
[2021-12-10 21:50:32] <%+손해리 (sonhaery)> 회사원들은
[2021-12-10 21:50:34] <%+손해리 (sonhaery)> 해야함
[2021-12-10 21:50:34] <%플라워샤워 (flowerkei0905)> 코로나 맞을때쯤 걍 같이 맞을려구요
[2021-12-10 21:50:40] <%플라워샤워 (flowerkei0905)> 직장인들은 진짜 필수고
[2021-12-10 21:50:49] <%제너럴레빌 (jhvirus333)> 지방팔아서 서울에 아파트 사야겠다...
[2021-12-10 21:51:02] <%플라워샤워 (flowerkei0905)> 파상풍도 10년에 1번 맞아야되고
[2021-12-10 21:51:07] <%설레는겨울 (nam1004wo0)> 지방팔아서 아파트 ㅋㅋㅋㅋㅋㅋ
[2021-12-10 21:51:07] <%ロㅁロ (momoco963)> 독감은  아주 미열정도 날가말까고 별 부작용은없어보여서
[2021-12-10 21:51:08] <%런웨이 (runway02)> 20대는 별일없어
[2021-12-10 21:51:15] <%런웨이 (runway02)> 건강검진 안받아도 ㅋㅋ
[2021-12-10 21:51:32] <워이잉 (rlarhd5813)> 백신 10차까지래쇼
[2021-12-10 21:51:32] <%에엘 (lyusei0628)> 라고 생각하다 30대 딱 찍고 이제 고장났지만 약정 남은 폰마냥 그렇게 살아야함
[2021-12-10 21:51:35] <워이잉 (rlarhd5813)> 요
[2021-12-10 21:51:45] <%플라워샤워 (flowerkei0905)> 받는게 좋음
[2021-12-10 21:51:48] <%플라워샤워 (flowerkei0905)> 나도 20대때 아픔
[2021-12-10 21:51:49] <%설레는겨울 (nam1004wo0)> 조기발견이 진짜 중요하긴 한듯
[2021-12-10 21:51:58] <%플라워샤워 (flowerkei0905)> 여자들도 자궁에 혹이 그렇게 많이 난다고 해서
[2021-12-10 21:52:25] <%설레는겨울 (nam1004wo0)> 암은 특히 그런듯
[2021-12-10 21:52:28] <00의보라곰 (cch3002)> 예하
[2021-12-10 21:52:28] <@^빵_떡 (bbangddeock)> 00의보라곰 님 어서와용
[2021-12-10 21:52:34] <%에엘 (lyusei0628)> 그래 췌장암처럼 증상 없는데 서서히 진행되는 병도 많아서
[2021-12-10 21:52:36] <%설레는겨울 (nam1004wo0)> 암은 초기에는 안아프니까
[2021-12-10 21:52:41] <%설레는겨울 (nam1004wo0)> 췌장암이 진짜 무섭던데
[2021-12-10 21:52:42] <%에엘 (lyusei0628)> 건강검진 중요하긴 함
[2021-12-10 21:52:44] <%플라워샤워 (flowerkei0905)> 췌장암은 발견 자체가 힘듬
[2021-12-10 21:52:48] <%플라워샤워 (flowerkei0905)> 발견해도 치료가 힘들고
[2021-12-10 21:52:58] <%설레는겨울 (nam1004wo0)> 증상이 전혀 없다가 말기에 전이되서 심각해지고 ㄷㄷㄷ
[2021-12-10 21:53:04] <00의보라곰 (cch3002)> 저 자리만 할게여 연미복 코인 모으러 가야됩니다
[2021-12-10 21:53:04] <%에엘 (lyusei0628)> 근데 다들 의대 나오셨나보다 너무 잘아시네
[2021-12-10 21:53:05] <%플라워샤워 (flowerkei0905)> 그래서 아직도 생존율이 1자리수준
[2021-12-10 21:53:18] <%플라워샤워 (flowerkei0905)> 나이들면 건강 챙겨야되서 지식 알아둬야됨 ㅋㅋ
[2021-12-10 21:53:23] <%제너럴레빌 (jhvirus333)> 바보는 감기 안걸린대요
[2021-12-10 21:53:32] <%플라워샤워 (flowerkei0905)> 예꿍님은 감기 절대 면역이겟네
[2021-12-10 21:53:33] <%글리코젠 (whehgus0727)> 담배랑 술을 안해서 그럼
[2021-12-10 21:53:37] <%글리코젠 (whehgus0727)> 술이라도...
[2021-12-10 21:53:37] <%설레는겨울 (nam1004wo0)> ㅋㅋㅋㅋㅋㅋㅋ
[2021-12-10 21:53:38] <%플라워샤워 (flowerkei0905)> 그거 감기 아냐
[2021-12-10 21:53:39] <%에엘 (lyusei0628)> 어쩐지 ㅋㅋ
[2021-12-10 21:53:43] <%플라워샤워 (flowerkei0905)> 걍 방송하기싫어증이야
[2021-12-10 21:53:46] <%ロㅁロ (momoco963)> 바보는감기 안걸린다는게 일본쪽 미신이죠
[2021-12-10 21:53:47] <%글리코젠 (whehgus0727)> 원래 안좋은거 많이 하는 사람들이 오래 산댓슴
[2021-12-10 21:53:49] <%제너럴레빌 (jhvirus333)> 학력과 지능은 상관없대요 그리고 ㅇㅇ
[2021-12-10 21:53:57] <%제너럴레빌 (jhvirus333)> 지능이 높았으면 대학원 안갔지...
[2021-12-10 21:53:58] <%+손해리 (sonhaery)> 그거 마스크 쓰고다니니까 편도 안부어서 좋더라구용
[2021-12-10 21:54:12] <%에엘 (lyusei0628)> 어떻게든 바보 안되려고 꾸역꾸역 감기 걸린다고 얘기하는 너도 참 너다..
[2021-12-10 21:54:14] <%플라워샤워 (flowerkei0905)> 이상한건 사실 다 일본산 미신이긴 함 ㅋㅋ
[2021-12-10 21:54:17] <%설레는겨울 (nam1004wo0)> ㅋㅋㅋㅋㅋㅋㅋㅋㅋㅋ
[2021-12-10 21:54:21] <%플라워샤워 (flowerkei0905)> 밤에 손톱깍으면 안된다는것도 그렇고
[2021-12-10 21:54:33] <%ロㅁロ (momoco963)> 손 잘 씻고 해서 코로나말고는 무서운 균이 없네요
[2021-12-10 21:54:45] <%플라워샤워 (flowerkei0905)> 그럼 살짝 바보라는거네
[2021-12-10 21:54:55] <%ロㅁロ (momoco963)> 손 잘씻고부터 감기환자가 ㅎ확 줄었자나요
[2021-12-10 21:54:58] <%글리코젠 (whehgus0727)> 저는 일하면서 전면 방독마스크를 사용해서 바이러스 걱정 자체가 없음..
[2021-12-10 21:54:59] <%플라워샤워 (flowerkei0905)> 어르신들이 가끔 그럼
[2021-12-10 21:55:08] <%설레는겨울 (nam1004wo0)> 밤에 손톱깎으면 쥐가 물어가서 변신해서 온다고 했는데
[2021-12-10 21:55:19] <%ロㅁロ (momoco963)> 예전에 어두울때 가위로 자르고하다보니 손가락 마니잗쳐서 자르지말라고 하던게 그러헥됐어요 귀신이 잡아가낟고 겁주면서 깎지말라고
[2021-12-10 21:55:20] <%플라워샤워 (flowerkei0905)> 어지간한 이상한 미신 다 일본산 ㅋㅋ
[2021-12-10 21:55:23] <%제너럴레빌 (jhvirus333)> 저는 가습기 살까말까 고민하다가 물그릇에 물티슈 여러장 펼쳐붙여서... 디퓨져처럼 해놓는데... 효과 좋은듯
[2021-12-10 21:55:38] <%제너럴레빌 (jhvirus333)> 가습기 사고싶다
[2021-12-10 21:55:41] <%ロㅁロ (momoco963)> 손손톱깎기가 없을시절에는가위로 잘랐죠
[2021-12-10 21:55:42] <%플라워샤워 (flowerkei0905)> 우리나라 미신은 뭔가 이유가 있는데
[2021-12-10 21:55:50] <%플라워샤워 (flowerkei0905)> 일본 미신은 아무 이유가 없음 걍 함면 안된다그럼
[2021-12-10 21:56:06] <%에엘 (lyusei0628)> ㅋㅋㅋ그저 귀찮음..
[2021-12-10 21:56:08] <%런웨이 (runway02)> 그물 오래쓰지마라
[2021-12-10 21:56:17] <%설레는겨울 (nam1004wo0)> 하지마?
[2021-12-10 21:56:17] <%플라워샤워 (flowerkei0905)> 그룬가
[2021-12-10 21:56:22] <%플라워샤워 (flowerkei0905)> 결혼 미신 ㄷㄷ
[2021-12-10 21:56:28] <%설레는겨울 (nam1004wo0)> ㅋㅋㅋㅋㅋㅋ
[2021-12-10 21:56:31] <%제너럴레빌 (jhvirus333)> 그... 띄우듯이 쓰는 작은 가습기도 좋은데
[2021-12-10 21:56:35] <%런웨이 (runway02)> 4리터 짝은건데
[2021-12-10 21:56:49] <%ロㅁロ (momoco963)> 평생 노처녀된다고했던가
[2021-12-10 21:56:52] <%설레는겨울 (nam1004wo0)> 부캐 받고 결혼 못하면 평생 솔로
[2021-12-10 21:56:54] <%플라워샤워 (flowerkei0905)> 그건 서양 결혼식이니까
[2021-12-10 21:56:57] <%플라워샤워 (flowerkei0905)> 서양쪽 미신일랑가
[2021-12-10 21:56:58] <%ロㅁロ (momoco963)> 수건 적셔서 널어두기도 하고
[2021-12-10 21:57:05] <%에엘 (lyusei0628)> 그럼 부캐말고 본캐를 받으면 되겠네 어엌ㅋㅋㅋㅋㅋㅋㅋㅋㅋㅋㅋㅋㅋㅋ
[2021-12-10 21:57:10] <%에엘 (lyusei0628)> 와 나 진짜 미1친거 아냐?
[2021-12-10 21:57:13] <%에엘 (lyusei0628)> 너무 재밌어..
[2021-12-10 21:57:22] <%+손해리 (sonhaery)> 25살까지 야스 못하면 마법사 전직한다는 미신
[2021-12-10 21:57:31] <%+손해리 (sonhaery)> 냉기랑 화염 속성이 핫하다함
[2021-12-10 21:57:34] <%플라워샤워 (flowerkei0905)> 요새 솔로들이 많아져서 40살로 연장됐어요
[2021-12-10 21:57:38] <%설레는겨울 (nam1004wo0)> 냉기랑 화염속성 ㅋㅋㅋㅋㅋㅋ
[2021-12-10 21:57:38] <%제너럴레빌 (jhvirus333)> 그거 저쪽인데
[2021-12-10 21:57:38] <%에엘 (lyusei0628)> 두번으로 깎이고 요새 드립에 좀 신중해진 편임
[2021-12-10 21:57:41] <%제너럴레빌 (jhvirus333)> 동정마법사드립
[2021-12-10 21:57:42] <%ロㅁロ (momoco963)> 미신들 찾아보면 재미난거 많겠다
[2021-12-10 21:57:44] <%플라워샤워 (flowerkei0905)> 30살 모솔도 명함도 못내밈
[2021-12-10 21:57:49] <%ロㅁロ (momoco963)> 밥먹고 바로 누우면 소된다 이런거도 있고
[2021-12-10 21:57:50] <%+손해리 (sonhaery)> 와 법사 원래 8렙 전직인데 40렙까지? 못혀...
[2021-12-10 21:58:07] <%에엘 (lyusei0628)> ㅋㅋ 12년 남았다 ㅋㅋ
[2021-12-10 21:58:11] <%플라워샤워 (flowerkei0905)> 원래 한번 때를 놓치면 나이들수록 힘들어짐
[2021-12-10 21:58:12] <%ロㅁロ (momoco963)> 선택저으로 안하는 사람도 있을수 있고
[2021-12-10 21:58:15] <%에엘 (lyusei0628)> 딱 대라 마법으로 예꿍 집 찾아낸다 ㅋㅋ
[2021-12-10 21:58:18] <%ロㅁロ (momoco963)> 어릴때 마니듣던소리에요
[2021-12-10 21:58:24] <%설레는겨울 (nam1004wo0)> 맞아 밥먹고 바로누우면 소된다고 했는데
[2021-12-10 21:58:27] <%ロㅁロ (momoco963)> 밥먹고 바로 누우면 소된다
[2021-12-10 21:58:33] <%설레는겨울 (nam1004wo0)> 30분은 앉아있다 누우라고
[2021-12-10 21:58:37] <%에엘 (lyusei0628)> 어릴땐 기회자체가 많으니까
[2021-12-10 21:58:39] <%의욕있어 (halomang1027)> 근데 안 되던데
[2021-12-10 21:58:43] <%에엘 (lyusei0628)> 한 30대 중반되면 훅 꺾임
[2021-12-10 21:58:48] <%플라워샤워 (flowerkei0905)> 나이가 너무 들면 이제 결혼 생각하니까 또 신중해짐
[2021-12-10 21:58:54] <%+손해리 (sonhaery)> 근데 휘파람 불어서 뱀 나온거 잡구 손톱 버려서 쥐잡아서 뱀 밥주면 한무 이득아님?
[2021-12-10 21:59:15] <%설레는겨울 (nam1004wo0)> ㅋㅋㅋㅋㅋㅋㅋㅋ
[2021-12-10 21:59:24] <%에엘 (lyusei0628)> ㄷㄷ 뱀 사육 농가 무한동력 ㄷㄷ
[2021-12-10 21:59:27] <%ロㅁロ (momoco963)> 우리날 ㅏ전래동화에 손톱먹고 쥐가 변해서 어쩌고 하는거 있자나요
[2021-12-10 21:59:27] <%설레는겨울 (nam1004wo0)> 미신을 이렇게 연결해버리네 ㅋㅋㅋㅋ
[2021-12-10 21:59:35] <%제너럴레빌 (jhvirus333)> 밤에 휘파람불어서 뱀나오면- 그거 잡으면 야생동물 보호법 위반일까 아닐까;;
[2021-12-10 21:59:54] <%제너럴레빌 (jhvirus333)> 손톱버려서 내 분신생겨나면 그거로 장기밀매하면 잡혀갈까?
[2021-12-10 21:59:56] <%설레는겨울 (nam1004wo0)> 소로 변하는 이야기도 동화로 있고
[2021-12-10 22:00:06] <%+손해리 (sonhaery)> 뱀 나온김에 가챠 잘걸려서 비싼애로 나왔으면 좋겠다 ^ㅠ^
[2021-12-10 22:00:15] <%설레는겨울 (nam1004wo0)> 뱀 가챠 ㅋㅋㅋㅋㅋㅋ
[2021-12-10 22:00:18] <%런웨이 (runway02)> 트수들의 혼전 순결을 응원합니다!
[2021-12-10 22:00:19] <%ロㅁロ (momoco963)> 떡하나주며 안잡아먹지 그거 원작보니깐 쥬낸 잔인하던데요
[2021-12-10 22:00:23] <%제너럴레빌 (jhvirus333)> 비싼뱀노리다가 훅 가버릴까 겁난다
[2021-12-10 22:00:31] <%에엘 (lyusei0628)> 파충류 반려동물이 진짜 매니아층 탄탄해서
[2021-12-10 22:00:36] <%에엘 (lyusei0628)> 돈 좀 땡기는거 같더라
[2021-12-10 22:00:58] <%설레는겨울 (nam1004wo0)> 파충류나 거미 이런거 대단해 보이긴 하던데
[2021-12-10 22:01:01] <%ロㅁロ (momoco963)> 파충류 먼가 만지기 꺼려지는데
[2021-12-10 22:01:08] <%에엘 (lyusei0628)> 으
[2021-12-10 22:01:12] <%런웨이 (runway02)> 내가보니까 이구아나가 제일 좋드라
[2021-12-10 22:01:15] <%ロㅁロ (momoco963)> 요새는냉동귀뚜라미 있어서 녹여서 주기만하면된다던데요
[2021-12-10 22:01:16] <%런웨이 (runway02)> 하루종일 가만히 있어
[2021-12-10 22:01:16] <%설레는겨울 (nam1004wo0)> 관리도 생각보다 어려워 보이고
[2021-12-10 22:01:18] <%런웨이 (runway02)> 불안하지 않아
[2021-12-10 22:01:34] <%+손해리 (sonhaery)> 그냥 결혼 하세요 사람키우는게 제일 보람좋고 편함
[2021-12-10 22:01:35] <%런웨이 (runway02)> 따뜻한 불 아래서
[2021-12-10 22:01:37] <%런웨이 (runway02)> 가만히 있으달
[2021-12-10 22:01:42] <%에엘 (lyusei0628)> 근데 도마뱀 귀여운 애들은 귀엽긴 하더라 왜 키우는지 이해는 됐음
[2021-12-10 22:01:52] <%설레는겨울 (nam1004wo0)> 따듯한 불 아래서 노곤노곤
[2021-12-10 22:02:09] <%$크라베이더 (kim6755)> !출첵
[2021-12-10 22:02:09] <@^빵_떡 (bbangddeock)> 크라베이더 --> [2021-12-10] 이 채널의 37 번째 출석체크입니다.  [20연속]
[2021-12-10 22:02:09] <%설레는겨울 (nam1004wo0)> 그래서 파충류 이런거 키울때 조명같은거 달아두던데
[2021-12-10 22:02:12] <%ロㅁロ (momoco963)> 머리검은 짐스응ㄴ 키워두면 배신을 때리니깐...
[2021-12-10 22:02:12] <%+손해리 (sonhaery)> 똥은 안주워도 되잖슴 ㅋㅋ
[2021-12-10 22:02:15] <%$크라베이더 (kim6755)> 도마뱀귀엽지
[2021-12-10 22:02:25] <%제너럴레빌 (jhvirus333)> 머리검은 짐승을 키우신 부모님...
[2021-12-10 22:02:29] <%제너럴레빌 (jhvirus333)> ㅠㅠ
[2021-12-10 22:02:35] <%$크라베이더 (kim6755)> 도마뱀 요새 많이키워
[2021-12-10 22:02:37] <%설레는겨울 (nam1004wo0)> 거북이도 귀여워 보이긴 하던데
[2021-12-10 22:02:41] <%ロㅁロ (momoco963)> 인간이 심심하고 하니깐 잡아다가 키우고 하닊나
[2021-12-10 22:02:42] <%$크라베이더 (kim6755)> 브리더들이 많아서
[2021-12-10 22:02:46] <%에엘 (lyusei0628)> 반려동물은 말귀를 못알아먹으니 이해라도 하지 우린 다 알아듣는데 안쳐들어먹어서 더 괘씸한거임 ㅋㅋ
[2021-12-10 22:02:46] <%글리코젠 (whehgus0727)> 오히려 편하죠 야생에서는 생존때매 도망댕겨야하는데
[2021-12-10 22:02:57] <%제너럴레빌 (jhvirus333)> 그게 다 인간기준인데
[2021-12-10 22:02:58] <%+손해리 (sonhaery)> 엄마가 내 생일 축하 카톡을 안읽는것에 대하여...
[2021-12-10 22:03:12] <%에엘 (lyusei0628)> 품종 교배 ㅇㅇ
[2021-12-10 22:03:23] <%+손해리 (sonhaery)> 아 교배마렵다
[2021-12-10 22:03:29] <%설레는겨울 (nam1004wo0)> 교배마렵다 ㅋㅋㅋㅋㅋㅋ
[2021-12-10 22:03:32] <%런웨이 (runway02)> 개나 고양이도 비슷하지 아마
[2021-12-10 22:03:57] <%+손해리 (sonhaery)> 오 사육스터치
[2021-12-10 22:03:59] <%설레는겨울 (nam1004wo0)> 뱀 느낌 궁금하다
[2021-12-10 22:04:00] <%ロㅁロ (momoco963)> 비단구렁이 물어죽이지는 않는데 조여서 죽일수 있다고하네요
[2021-12-10 22:04:06] <%ロㅁロ (momoco963)> 차갑고 기분은 좋다하던데
[2021-12-10 22:04:06] <%런웨이 (runway02)> 뱀은 절대 싫음
[2021-12-10 22:04:09] <%에엘 (lyusei0628)> ㅗㅜㅑ 조여서 죽인단 말 좀 그렇지 않냐?
[2021-12-10 22:04:10] <%설레는겨울 (nam1004wo0)> 뭔가 시원 촉촉할거 같아
[2021-12-10 22:04:31] <%+손해리 (sonhaery)> 거북이 키우면 무섭지않냐
[2021-12-10 22:04:36] <%+손해리 (sonhaery)> 주인보다 늦게 죽음
[2021-12-10 22:04:43] <%ロㅁロ (momoco963)> 외국에 블랙맘바한테 독 뽑아서 자기몸에 내성 길러서 나중에는일부러 물리고 하는 사람있었네요
[2021-12-10 22:04:44] <%에엘 (lyusei0628)> 대를 이어서 키우는거지
[2021-12-10 22:04:45] <@^빵_떡 (bbangddeock)> 어서오세요 아직 팔로우 안하셨다면 팔로우 부탁해요 °˖✧◝(⁰▿⁰)◜✧˖°
[2021-12-10 22:04:49] <%설레는겨울 (nam1004wo0)> 거북이도 종에 따라 다르지 않음?
[2021-12-10 22:04:58] <%설레는겨울 (nam1004wo0)> 갈라파고스 이런건 못키우지 ㅋㅋㅋㅋㅋ
[2021-12-10 22:05:01] <%런웨이 (runway02)> 거북이나 자라 입이 커터야 의외로 무섭
[2021-12-10 22:05:04] <%에엘 (lyusei0628)> 시원 촉촉한게 좋으면 스킨을 발라..
[2021-12-10 22:05:10] <%ロㅁロ (momoco963)> 거북이 성격 드러운 놈들도  있고
[2021-12-10 22:05:27] <%에엘 (lyusei0628)> 블랙맘바는 그거 아니냐 그 에스파 걔네 최종보스?
[2021-12-10 22:05:31] <%설레는겨울 (nam1004wo0)> 갈라파고스 땅거북이 100년 이상 살긴 한다던데 ㅋㅋㅋㅋㅋ
[2021-12-10 22:05:32] <%+손해리 (sonhaery)> 거북이 보고있으면 현타올듯...
[2021-12-10 22:05:35] <%제너럴레빌 (jhvirus333)> 에스파 블랙맘바
[2021-12-10 22:05:55] <%에엘 (lyusei0628)> ㅋㅋ전래동화에서 토끼 달리기로 이긴게 실력으로 이긴거였네 아 ㅋㅋ
[2021-12-10 22:06:08] <%+손해리 (sonhaery)> 혹시 주렁주렁 하남점에서 동물원 좋아한다고 얘기해서 일주일에 4일 방문하셨는데 그때마다 남자 다른 그 손님 맞으세여???
[2021-12-10 22:06:08] <%ロㅁロ (momoco963)> 나무늘보가 자기새끼 구할대는 빛의 속도로 가서 구하기도 핮나요
[2021-12-10 22:06:12] <%설레는겨울 (nam1004wo0)> ㅋㅋㅋㅋㅋㅋ
[2021-12-10 22:06:24] <%의욕있어 (halomang1027)> 나무늘꿍
[2021-12-10 22:06:53] <%ロㅁロ (momoco963)> 코로나 터지고 동물원 망해서 방치ㅗ되고 불법으로 버려진동물들 많다고 하네요
[2021-12-10 22:06:55] <%+손해리 (sonhaery)> 몰러유
[2021-12-10 22:07:06] <%에엘 (lyusei0628)> 언젠 트수가 제일 귀엽다며
[2021-12-10 22:07:15] <%ロㅁロ (momoco963)> 어디 팔거나 버리거나
[2021-12-10 22:07:15] <%에엘 (lyusei0628)> 미어캣 질 투 나
[2021-12-10 22:07:28] <%에엘 (lyusei0628)> 흥
[2021-12-10 22:07:30] <%설레는겨울 (nam1004wo0)> 미쯔가 최고지 맞지
[2021-12-10 22:07:32] <%+손해리 (sonhaery)> 눈 한번 딱 감고 그냥 귀엽다하셈;
[2021-12-10 22:07:34] <%에엘 (lyusei0628)> 틀린말은 아니니까 넘어간다
[2021-12-10 22:07:46] <%설레는겨울 (nam1004wo0)> 눈 한번 딱 감아도 미쯔가 귀여움
[2021-12-10 22:07:46] <%에엘 (lyusei0628)> 재섭성 지지배
[2021-12-10 22:07:49] <%에엘 (lyusei0628)> 됐어
[2021-12-10 22:07:58] <%ロㅁロ (momoco963)> 어디방에서 귀엽다는 소리를 들었을가..ㅋㅋ
[2021-12-10 22:08:02] <이창일 (cilee052)> 트수가 귀여운게 아니라 제가 귀여운거임
[2021-12-10 22:08:06] <이창일 (cilee052)> 우리엄마가그랬음
[2021-12-10 22:08:16] <%+손해리 (sonhaery)> 아 주렁주렁 스타필드에있는거였음??
[2021-12-10 22:08:18] <%에엘 (lyusei0628)> 뭐야 질투하는거야?
[2021-12-10 22:08:19] <%+손해리 (sonhaery)> 나 왜 못가봄 ㅠ 섭섭해
[2021-12-10 22:08:27] <이창일 (cilee052)> 오늘 어머니랑 밥먹었는데 우리 아들 귀엽댔음
[2021-12-10 22:08:28] <이창일 (cilee052)> 흥
[2021-12-10 22:08:37] <%에엘 (lyusei0628)> 가불기를 써버리네..
[2021-12-10 22:08:42] <%플라워샤워 (flowerkei0905)> 왜 우리집 근처엔 스타필드 없냐 ㅠ 내가 스타라 그런가?
[2021-12-10 22:08:49] <%설레는겨울 (nam1004wo0)> 아직 미쯔를 못보셔....크흠
[2021-12-10 22:08:50] <이창일 (cilee052)> 근데 살좀빼긴해야겄다
[2021-12-10 22:08:51] <%+손해리 (sonhaery)> 그르게 엄마는 대부분 잘생겼다해주는데
[2021-12-10 22:08:53] <이창일 (cilee052)> 라고하시긴함
[2021-12-10 22:08:55] <이창일 (cilee052)> BibleThump BibleThump BibleThump
[2021-12-10 22:09:11] <이창일 (cilee052)> 오
[2021-12-10 22:09:12] <%설레는겨울 (nam1004wo0)> 우와
[2021-12-10 22:09:14] <이창일 (cilee052)> 심기하다
[2021-12-10 22:09:19] <%+손해리 (sonhaery)> 인간들이 미안해 ㅠ
[2021-12-10 22:09:23] <%설레는겨울 (nam1004wo0)> 엄청 가까이서 볼수 있겠다
[2021-12-10 22:09:35] <%설레는겨울 (nam1004wo0)> 라쿤 진짜 귀엽다
[2021-12-10 22:09:43] <%플라워샤워 (flowerkei0905)> 토끼네
[2021-12-10 22:10:12] <%설레는겨울 (nam1004wo0)> 오오 그냥 풀어놨구나
[2021-12-10 22:10:33] <%설레는겨울 (nam1004wo0)> 아뱡 좋다
[2021-12-10 22:10:40] <%+손해리 (sonhaery)> 주렁주렁 좋다
[2021-12-10 22:10:52] <%플라워샤워 (flowerkei0905)> 되면 관련영상 오지게 올라왓을거같은데
[2021-12-10 22:10:52] <%의욕있어 (halomang1027)> 와 야방 조흐다
[2021-12-10 22:10:59] <%붉은_하늘 (sdline12)> ㅇㅅㅇ
[2021-12-10 22:11:01] <%ロㅁロ (momoco963)> 입장할때 허락 구해보고
[2021-12-10 22:11:02] <%붉은_하늘 (sdline12)> 냥?
[2021-12-10 22:11:07] <%붉은_하늘 (sdline12)> 미쯔쯔쯔쯔쯔ㅉ쯔
[2021-12-10 22:11:07] <%의욕있어 (halomang1027)> 대전 신세계도 아쿠아리움 있는데
[2021-12-10 22:11:15] <레이류드 (gaopa001)> 부산 롯데월드 열리면 바로 간다
[2021-12-10 22:11:18] <%설레는겨울 (nam1004wo0)> 아쿠아리움도 재밌는데
[2021-12-10 22:11:19] <%플라워샤워 (flowerkei0905)> 그럼 뭐
[2021-12-10 22:11:21] <레이류드 (gaopa001)> 아 코로나지 참
[2021-12-10 22:11:25] <%ロㅁロ (momoco963)> 호랑이도 만지게 해주나요
[2021-12-10 22:11:41] <%에엘 (lyusei0628)> 근데 오늘은 왤케 붓기가 천천히 빠지는거 같냐
[2021-12-10 22:11:49] <%+손해리 (sonhaery)> 부산 헤네시스 말하는거맞죠?
[2021-12-10 22:12:01] <%설레는겨울 (nam1004wo0)> 작은 동물들?
[2021-12-10 22:12:24] <%에엘 (lyusei0628)> ㅋㅋ 미안 이번엔 진짜 딴련이랑 헷갈렸나보다 ㅋㅋ
[2021-12-10 22:12:30] <%런웨이 (runway02)> 펠리칸?
[2021-12-10 22:12:31] <%설레는겨울 (nam1004wo0)> 사막여우 진짜 귀여운데
[2021-12-10 22:12:46] <%런웨이 (runway02)> 펠리칸이 비둘기 잡아먹던데 ㄷㄷ
[2021-12-10 22:12:55] <%+손해리 (sonhaery)> 난 아쿠아리움 넘 좋아하는데 희희
[2021-12-10 22:12:57] <레이류드 (gaopa001)> 내년에 부산 롯데월드열리고 코로나 진정되면 후딱 갔다와야지...
[2021-12-10 22:12:58] <%+손해리 (sonhaery)> 물고기 좋아라함
[2021-12-10 22:13:02] <%에엘 (lyusei0628)> 뭐 예꿍도 트수 지갑 잡아먹는데
[2021-12-10 22:13:12] <%+손해리 (sonhaery)> 퍼런빛 + 물고기 보면
[2021-12-10 22:13:17] <%+손해리 (sonhaery)> 넘좋음
[2021-12-10 22:13:28] <%+손해리 (sonhaery)> 키움그래서
[2021-12-10 22:13:29] <%설레는겨울 (nam1004wo0)> 아쿠아리움 가면 해파리도 신기하고
[2021-12-10 22:13:31] <%+손해리 (sonhaery)> 손 감;
[2021-12-10 22:13:35] <%ロㅁロ (momoco963)> 자주 물 갈아줘야죠
[2021-12-10 22:13:37] <%+손해리 (sonhaery)> 환수해야하는데
[2021-12-10 22:13:37] <레이류드 (gaopa001)> 부산 롯데월드 루지는 열려있는데 재밌던데...
[2021-12-10 22:13:39] <%+손해리 (sonhaery)> 뒤지게 귀찮음
[2021-12-10 22:13:41] <%플라워샤워 (flowerkei0905)> 물관리+ 어항청소
[2021-12-10 22:13:42] <%설레는겨울 (nam1004wo0)> 물고기 손 많이 갈걸요?
[2021-12-10 22:13:46] <%의욕있어 (halomang1027)> 손 많이 감
[2021-12-10 22:13:49] <%플라워샤워 (flowerkei0905)> 씨몽키 키워요 ㅋㅋ
[2021-12-10 22:13:57] <%의욕있어 (halomang1027)> 온도
[2021-12-10 22:14:01] <%설레는겨울 (nam1004wo0)> 환수도 해야하고 종에따라서 온도도
[2021-12-10 22:14:04] <%에엘 (lyusei0628)> 물멍 ㄷㄷ
[2021-12-10 22:14:11] <%플라워샤워 (flowerkei0905)> 그거 키우면 미쯔가 다 먹음
[2021-12-10 22:14:12] <%ロㅁロ (momoco963)> 금부엉 키우는 집에서 물갈아주는데 찬물에 잠시 담궜더니 물고기가 의식을 잃엇대요 아부지가 심폐소생술을 손가락으로 햇다는데
[2021-12-10 22:14:35] <%+손해리 (sonhaery)> 아쿠아리움가서 막 생선들 조화롭게 돌아다니는거 보면서 옛 여인들 새롯새록~~
[2021-12-10 22:14:38] <%설레는겨울 (nam1004wo0)> 어항에 발넣고 물장구 칠거 같은데 참방참방
[2021-12-10 22:14:42] <%에엘 (lyusei0628)> 그거 생각난다 집에 어항 들였더니 고양이가 밤을 새서 어항 앞을 떠나질 않았다고 ㅋㅋㅋㅋ
[2021-12-10 22:14:48] <%런웨이 (runway02)> 그러다가 미쯔가 밥도 먹겠지
[2021-12-10 22:14:55] Viewerstats (21:44-22:14): avg:38 min:34 max:42 [16/34+0+5+0+1+0-2+0+0+1+0+3+0-2+0+1]
[2021-12-10 22:15:02] <%ロㅁロ (momoco963)> 먹고싶어서 보는건가
[2021-12-10 22:15:08] <%플라워샤워 (flowerkei0905)> 고양이들한텐 어항이 넷플릭스임
[2021-12-10 22:15:14] <%설레는겨울 (nam1004wo0)> 계속 움직이니까 신가해서 보는듯
[2021-12-10 22:15:23] <%설레는겨울 (nam1004wo0)> 움직이는걸 더 잘본다고 하니까
[2021-12-10 22:15:57] <%설레는겨울 (nam1004wo0)> 그래서 사냥을 잘하는건가?
[2021-12-10 22:16:10] <%붉은_하늘 (sdline12)> ㅇㅅㅇ
[2021-12-10 22:16:12] <%에엘 (lyusei0628)> 나이먹어서 그런거 아닐까?
[2021-12-10 22:16:21] <%설레는겨울 (nam1004wo0)> 배부르면 졸린게 맞지 학생때 5교시 버티는게 그렇게 힘들었는데
[2021-12-10 22:16:23] <%+손해리 (sonhaery)> you가 느린거
[2021-12-10 22:16:35] <%에엘 (lyusei0628)> 근데 옷 진짜 볼때마다 애매하네 이게 오프숄더야 그냥 어깨까지 크게 파인 라운드티야..
[2021-12-10 22:16:52] <%+손해리 (sonhaery)> 저거 그냥 엄마가 손빨래 잘못해서 늘어난겁니다
[2021-12-10 22:16:59] <%설레는겨울 (nam1004wo0)> 손빨래 ㅋㅋㅋㅋㅋㅋ
[2021-12-10 22:17:06] <%플라워샤워 (flowerkei0905)> 마인부우 코스할때 입으면 딱이겠다
[2021-12-10 22:17:06] <%에엘 (lyusei0628)> ㅋㅋㅋㅋㅋㅋㅋㅋㅋㅋ
[2021-12-10 22:17:18] <%+손해리 (sonhaery)> 아니 내복핏이네
[2021-12-10 22:17:28] <%설레는겨울 (nam1004wo0)> 내복 ㅋㅋㅋㅋㅋㅋ
[2021-12-10 22:17:37] <%에엘 (lyusei0628)> ㅇㅋ 그럼 나도 내일부터 패딩 위에 히트텍 입어야겠다
[2021-12-10 22:17:37] <%설레는겨울 (nam1004wo0)> 모델했던거?
[2021-12-10 22:17:47] <%에엘 (lyusei0628)> 꼭 패딩 안에 히트텍을 입으란 법은 없잖아?
[2021-12-10 22:17:56] <%플라워샤워 (flowerkei0905)> 패딩위에 히트택을? ㄷㄷ
[2021-12-10 22:18:17] <%설레는겨울 (nam1004wo0)> 엄청 늘어나겠네 히트텍 ㅋㅋㅋㅋㅋㅋ
[2021-12-10 22:18:27] <%에엘 (lyusei0628)> ㄷㄷ 레이디 가가 게 섯거라 트렌드세터 예꿍이 간다
[2021-12-10 22:18:29] <%플라워샤워 (flowerkei0905)> 저도 수영복 입고 밖에 나가도 되는거죠? 경찰이 잡으면 예꿍이 이렇게 입으라고 시켰다고 하면 되는거죠?
[2021-12-10 22:18:30] <%설레는겨울 (nam1004wo0)> 혼자서 벗기 힘들듯
[2021-12-10 22:18:52] <%에엘 (lyusei0628)> 바지를 꼭 다리에 입는건 편견 아닐까?
[2021-12-10 22:19:05] <%+손해리 (sonhaery)> 바디수트가 수영복은아니지
[2021-12-10 22:19:15] <%제너럴레빌 (jhvirus333)> 오호라
[2021-12-10 22:19:16] <%에엘 (lyusei0628)> 하긴 선미 그 화제됐던 무대의상도 원래는 수영복이었다카더라
[2021-12-10 22:19:16] <%플라워샤워 (flowerkei0905)> 소재 편하면 뭐
[2021-12-10 22:19:23] <%제너럴레빌 (jhvirus333)> 무대?
[2021-12-10 22:19:26] <%제너럴레빌 (jhvirus333)> 무한의 대검의상?
[2021-12-10 22:19:28] <%플라워샤워 (flowerkei0905)> 운동복도 잠옷으로 입고자면 개편함
[2021-12-10 22:19:30] <%설레는겨울 (nam1004wo0)> 저번에 방송에서 비키니 살때 보니까 엄청 다양하긴 하던데
[2021-12-10 22:19:44] <%+손해리 (sonhaery)> 잘때 옷을 입고잠...?
[2021-12-10 22:19:44] <%에엘 (lyusei0628)> 근데 새삼
[2021-12-10 22:19:45] <%제너럴레빌 (jhvirus333)> 치명타 터지는 수영복이겠네
[2021-12-10 22:19:51] <%제너럴레빌 (jhvirus333)> 250퍼로
[2021-12-10 22:19:52] <%설레는겨울 (nam1004wo0)> 진짜 수영복 아닌거 같은 수영복 엄청 많던데
[2021-12-10 22:19:56] <%에엘 (lyusei0628)> 대화주제 다이나믹하네 첨 들어올땐 플로피디스크 얘기하던거 같은데 ㅋㅋㅋㅋ
[2021-12-10 22:20:10] <%플라워샤워 (flowerkei0905)> 가끔 봄
[2021-12-10 22:20:17] <%설레는겨울 (nam1004wo0)> 그것이 우리방 매력이지 ㅋㅋㅋㅋㅋ
[2021-12-10 22:20:22] <%설레는겨울 (nam1004wo0)> 의식의 흐름 그자체 ㄹㅇ
[2021-12-10 22:20:28] <%+손해리 (sonhaery)> 그 분 그때 수영복인지 모르고 입으셨다고 하셨습니다
[2021-12-10 22:20:35] <%ロㅁロ (momoco963)> 의식으 ㅣ흐름대로 가는거죠
[2021-12-10 22:20:38] <%카카루우 (guswns7000)> 아뇨 의식의흐름 겁나많아요
[2021-12-10 22:20:39] <%플라워샤워 (flowerkei0905)> 놉
[2021-12-10 22:20:43] <%플라워샤워 (flowerkei0905)> 머기업 아닌이상 힘들지
[2021-12-10 22:20:44] <%설레는겨울 (nam1004wo0)> 몰라유 이방만 봐서
[2021-12-10 22:20:52] <%플라워샤워 (flowerkei0905)> 머기업은 유튭각 뽑아야되서 주제 1개정해놓고 가는데
[2021-12-10 22:20:52] <%에엘 (lyusei0628)> 난 잘 모르겠다 꿍만봐라서
[2021-12-10 22:21:00] <%제너럴레빌 (jhvirus333)> 결국엔 다들 자기 할말만 하다보면
[2021-12-10 22:21:01] <%설레는겨울 (nam1004wo0)> 딴방을 봐야알지
[2021-12-10 22:21:04] <%에엘 (lyusei0628)> 난 약간 한우물만 파는 스타일이라 잘 모르겠긴 한데 ㅋㅋ
[2021-12-10 22:21:06] <%제너럴레빌 (jhvirus333)> 어느샌가 틀어지게됨
[2021-12-10 22:21:22] <%의욕있어 (halomang1027)> 한가지만 하는게 더 이상한데 ㅋ
[2021-12-10 22:21:23] <%플라워샤워 (flowerkei0905)> 진짜 방송 잘하는데 아니면 그거 힘듬
[2021-12-10 22:21:23] <%붉은_하늘 (sdline12)> ㅇㅅㅇ
[2021-12-10 22:21:35] <%붉은_하늘 (sdline12)> 이킁넴도 유튭각좀 잡자
[2021-12-10 22:21:38] <%플라워샤워 (flowerkei0905)> 그쵸 1부 2부 나누고
[2021-12-10 22:21:50] <%설레는겨울 (nam1004wo0)> ㄹㅇㅋㅋ
[2021-12-10 22:21:53] <%플라워샤워 (flowerkei0905)> 그것도 그렇지
[2021-12-10 22:21:54] <%제너럴레빌 (jhvirus333)> 그거도 주제하나정해서 그거로 떠들려면 진행하듯이 멘트 던지고... 채팅으로 반응만 필요한데에서 건지고... 어렵지
[2021-12-10 22:22:08] <%붉은_하늘 (sdline12)> 쳇
[2021-12-10 22:22:19] <%붉은_하늘 (sdline12)> 예진쒸 보고 싶다고!!!
[2021-12-10 22:22:20] <%제너럴레빌 (jhvirus333)> 솔직히... 침착맨이 좀 이상한편... 한시간넘게 ㄱ솔이로 채우는게;;;
[2021-12-10 22:22:22] <%붉은_하늘 (sdline12)> 엌ㅋㅋㅋㅋㅋ
[2021-12-10 22:22:33] <%플라워샤워 (flowerkei0905)> 아무 채팅 안올라오는데보단 낫지 ㅠ
[2021-12-10 22:22:33] <%붉은_하늘 (sdline12)> ......................
[2021-12-10 22:22:37] <%설레는겨울 (nam1004wo0)> ㅋㅋㅋㅋㅋㅋㅋㅋ
[2021-12-10 22:22:38] <%에엘 (lyusei0628)> ㄹㅇㅋㅋ
[2021-12-10 22:22:39] <%붉은_하늘 (sdline12)> 아 그랬나?
[2021-12-10 22:22:43] <%+손해리 (sonhaery)> 예진씨가 누구임?
[2021-12-10 22:22:56] <%제너럴레빌 (jhvirus333)> 버예진씨 있음
[2021-12-10 22:22:57] <%설레는겨울 (nam1004wo0)> 인스타에 가면 계신분 있어요
[2021-12-10 22:22:58] <%에엘 (lyusei0628)> 님이 찾는건 입다물고 이쁘게 찍어서 보정까지 한 겉껍데기 예진이를 원하는거구요 ㅋㅋ
[2021-12-10 22:23:05] <%플라워샤워 (flowerkei0905)> 최준같은건가
[2021-12-10 22:23:16] <레이류드 (gaopa001)> 인스타 예진님은 복숭아뼈가 안보여서 탈락임
[2021-12-10 22:23:16] <%미드에코_ (mid__ekko)> 예진씨는 맨날 마스크써..
[2021-12-10 22:23:24] <%설레는겨울 (nam1004wo0)> 멀티버스임 무튼 그런거임
[2021-12-10 22:23:24] <%붉은_하늘 (sdline12)> 브이로그 도 예진쒸 아니었?
[2021-12-10 22:23:29] <%+손해리 (sonhaery)> 제갈예진 화이팅!
[2021-12-10 22:23:48] <%제너럴레빌 (jhvirus333)> 프라이'버'씨 36대손 버예진 화이팅
[2021-12-10 22:23:51] <%설레는겨울 (nam1004wo0)> 오옹
[2021-12-10 22:23:58] <%미드에코_ (mid__ekko)> 쯔이로그 ㄷㄷ
[2021-12-10 22:24:00] <%붉은_하늘 (sdline12)> 프라이버앀ㅋㅋㅋㅋ
[2021-12-10 22:24:03] <%에엘 (lyusei0628)> 예꿍 편집자 되면 근데 번호 교환 할수 있는거네?
[2021-12-10 22:24:13] <%에엘 (lyusei0628)> 이제부터 다시 에펙이랑 프리미어랑 다 깔아놓는다..
[2021-12-10 22:24:19] <%미드에코_ (mid__ekko)> 트위치 DM으로 연락하시면 됩니다
[2021-12-10 22:24:26] <%설레는겨울 (nam1004wo0)> 나중에 파는 방법도 있죠
[2021-12-10 22:24:46] <%에엘 (lyusei0628)> 열정페이로 일할게요!
[2021-12-10 22:24:52] <%에엘 (lyusei0628)> 예꿍님 번호로 페이를 대신할게요!
[2021-12-10 22:24:56] <%미드에코_ (mid__ekko)> 육수 2회무료해주면 할듯
[2021-12-10 22:25:00] <%설레는겨울 (nam1004wo0)> ㅋㅋㅋㅋㅋㅋ
[2021-12-10 22:25:03] <%설레는겨울 (nam1004wo0)> 주접 2회무료 ㅋㅋㅋㅋㅋㅋ
[2021-12-10 22:25:04] <%에엘 (lyusei0628)> 그렇게 퍼줘도 되나 싶은데 ㅋㅋ
[2021-12-10 22:25:11] <%+손해리 (sonhaery)> 무료로 가능 하지만 편집 터치 ㄴ
[2021-12-10 22:25:15] <%+손해리 (sonhaery)> 검수도 하지마~~~~~
[2021-12-10 22:25:26] <%미드에코_ (mid__ekko)> 센스와 편집테크닉 ㄷㄷ
[2021-12-10 22:25:51] <%+손해리 (sonhaery)> 근데 편집하는게 개 빡세서
[2021-12-10 22:25:54] <%+손해리 (sonhaery)> 팬심으로 안됨..
[2021-12-10 22:26:01] <%에엘 (lyusei0628)> 검수도 하지말란건 그냥 채널을 넘겨주는거 아니냐 ㅋㅋㅋㅋ
[2021-12-10 22:26:03] <%설레는겨울 (nam1004wo0)> ㄹㅇㅋㅋ
[2021-12-10 22:26:12] <%+손해리 (sonhaery)> 채널 소유권도 주면 더 열심히함
[2021-12-10 22:26:12] <%미드에코_ (mid__ekko)> ㅋㅋㅋㅋㅋㅋ
[2021-12-10 22:26:17] <도비는도비야 (hwani8815)> !팔로우
[2021-12-10 22:26:18] <@^빵_떡 (bbangddeock)> 도비는도비야님은 팔로우를 한 지 202일째 입니다.
[2021-12-10 22:26:19] <%플라워샤워 (flowerkei0905)> 일단 너무 커찮음
[2021-12-10 22:26:49] <%에엘 (lyusei0628)> 영상 해본 입장에선 그냥 단순히 자르는 단순작업마저 품이 너무 많이 드는데
[2021-12-10 22:27:03] <%에엘 (lyusei0628)> 그 과정에서 센스를 요구해서 몸과 마음이 둘 다 힘듦
[2021-12-10 22:27:40] <%설레는겨울 (nam1004wo0)> ㄹㅇ
[2021-12-10 22:27:57] <%+손해리 (sonhaery)> 브이로그는 편집 안어려움
[2021-12-10 22:27:59] <%설레는겨울 (nam1004wo0)> 재밌는 영상은 칭찬 한마디씩 꼭있긴 하던데
[2021-12-10 22:27:59] <%미드에코_ (mid__ekko)> ㄹㅇ 유튜브댓글에 편집자 칭찬이 비중꽤많음
[2021-12-10 22:28:20] <%미드에코_ (mid__ekko)> 하루에 영상3개올라오면 편집자님 어디 감금되셨다면 자막에 숨겨주세요
[2021-12-10 22:28:25] <%미드에코_ (mid__ekko)> 이런거댓글달리고 ㅋㅋ
[2021-12-10 22:28:30] <%설레는겨울 (nam1004wo0)> ㄹㅇㅋㅋ
[2021-12-10 22:28:40] <%설레는겨울 (nam1004wo0)> 당근을 흔들어주세요도 많고
[2021-12-10 22:28:43] <%제너럴레빌 (jhvirus333)> 승빠는 여럿인듯
[2021-12-10 22:28:47] <%+손해리 (sonhaery)> 편집자 팬덤이 생기던데
[2021-12-10 22:28:48] <%+손해리 (sonhaery)> 싱기방기
[2021-12-10 22:28:49] <%미드에코_ (mid__ekko)> 라이브중인데 편집하더라구여
[2021-12-10 22:28:57] <%제너럴레빌 (jhvirus333)> 소련여자는 편집자가 많이 등장하...
[2021-12-10 22:28:58] <%에엘 (lyusei0628)> 이건 좀 사담인데 영상직종에서 일할때 자주 들은 얘기가 '유튜브 수준 이상의 퀄리티를 원한다' 이러는데
[2021-12-10 22:28:58] <도비는도비야 (hwani8815)> 유튜브 때문에 편집이 쉬워진거지 방송국에서는 5년차 이상 되야 편집가능
[2021-12-10 22:29:07] <%에엘 (lyusei0628)> 정작 지들이 컨펌낸 영상도 딱히..
[2021-12-10 22:29:16] <%설레는겨울 (nam1004wo0)> ㅋㅋㅋㅋㅋㅋㅋ
[2021-12-10 22:29:29] <%미드에코_ (mid__ekko)> ㄹㅇ 우리한테 요구한건 선정적이고 노출 제외해놓고
[2021-12-10 22:29:36] <%플라워샤워 (flowerkei0905)> 센스가 문제라
[2021-12-10 22:29:36] <%미드에코_ (mid__ekko)> 지들이 직접 올리는건 개선정적임
[2021-12-10 22:29:40] <+파스타리안_로케 (pastarian_roke)> 그냥 하는것도 힘들어요
[2021-12-10 22:29:43] <%미드에코_ (mid__ekko)> 좋은거 지들이 올리려고ㅡㅡ
[2021-12-10 22:29:49] <%ロㅁロ (momoco963)> 결국 아이디어 싸움이고
[2021-12-10 22:29:50] <%설레는겨울 (nam1004wo0)> ㅋㅋㅋㅋㅋㅋㅋ
[2021-12-10 22:30:00] <%+montgomerry> 아우 군대생각나네 누구나 열심히 하는데 잘하는게 중요한거라고
[2021-12-10 22:30:06] <%미드에코_ (mid__ekko)> ㅋㅋㅋㅋㅋ
[2021-12-10 22:30:16] <%미드에코_ (mid__ekko)> ???: 열심히할 사람은 너말고도 많아
[2021-12-10 22:30:18] <%+손해리 (sonhaery)> 역시 편집자는 야스가 좋아야해
[2021-12-10 22:30:19] <%미드에코_ (mid__ekko)> 이거 킹받음
[2021-12-10 22:30:22] <%설레는겨울 (nam1004wo0)> 센스는 진짜 타고나는거 같긴함
[2021-12-10 22:30:23] <%ロㅁロ (momoco963)> 자막하나만 잘넣어도 너낌도 다르고
[2021-12-10 22:30:41] <%미드에코_ (mid__ekko)> 아 커피배달기사님 또 문앞에 있으셨네
[2021-12-10 22:30:42] <%설레는겨울 (nam1004wo0)> 폰트마저도 다르지
[2021-12-10 22:30:49] <%미드에코_ (mid__ekko)> 꿍방송 크게켜놨었는데..
[2021-12-10 22:30:51] <%설레는겨울 (nam1004wo0)> 배달기사님 썸타시네
[2021-12-10 22:30:58] <%에엘 (lyusei0628)> ???)열심히? 열심히 중요하지. 근데 여기 열심히 안하는 애들이 어딨냐? 잘해야지 새1끼야~
[2021-12-10 22:30:58] <%설레는겨울 (nam1004wo0)> 썸은 자유라 그랬어!
[2021-12-10 22:31:04] <%제너럴레빌 (jhvirus333)> 커피배달해야되나
[2021-12-10 22:31:11] <레이류드 (gaopa001)> 일단 애플놈들은 파이널 컷이랑 모션이랑 로직이랑 한글화 좀 해줘라...
[2021-12-10 22:31:18] <%플라워샤워 (flowerkei0905)> 교차 편집
[2021-12-10 22:31:20] <%미드에코_ (mid__ekko)> 예인!
[2021-12-10 22:31:25] <%설레는겨울 (nam1004wo0)> 교차 편집 ㄷㄷㄷ
[2021-12-10 22:31:36] <%+montgomerry> 저기 희극인이 노래도하네
[2021-12-10 22:31:36] <%설레는겨울 (nam1004wo0)> 저거 자연스럽게 바뀌는게 진짜 대단한듯
[2021-12-10 22:31:47] <%설레는겨울 (nam1004wo0)> 위화감이 없어
[2021-12-10 22:31:49] <%제너럴레빌 (jhvirus333)> 저렇게 맞춰서 하려면 크롭하고 영상 다 갖다맞춰놓고 해야될건
[2021-12-10 22:31:49] <%붉은_하늘 (sdline12)> 효과 보소 =- =
[2021-12-10 22:31:55] <%미드에코_ (mid__ekko)> 칼안무가 대단하다는것..
[2021-12-10 22:31:56] <%제너럴레빌 (jhvirus333)> ㅇㅇ
[2021-12-10 22:32:21] <%설레는겨울 (nam1004wo0)> ㅋㅋㅋㅋㅋㅋㅋ
[2021-12-10 22:32:28] <%에엘 (lyusei0628)> 실제로 저런 경우 개 많음
[2021-12-10 22:32:32] <%붉은_하늘 (sdline12)> ....어느쪽 도비냐;;;;
[2021-12-10 22:32:32] <%미드에코_ (mid__ekko)> 닉마저도 슬퍼
[2021-12-10 22:32:38] <%설레는겨울 (nam1004wo0)> 닉마저...
[2021-12-10 22:32:46] <%제너럴레빌 (jhvirus333)> 도비가 하소연한다
[2021-12-10 22:32:46] <%미드에코_ (mid__ekko)> 근데 300이면 좀 싼거아닌가 그나마 워크맨이 저퀄이라
[2021-12-10 22:32:51] <%제너럴레빌 (jhvirus333)> 도비한테 양말한짝줘요
[2021-12-10 22:32:55] <%설레는겨울 (nam1004wo0)> 누가 양말좀 드려야겠네
[2021-12-10 22:32:57] <%제너럴레빌 (jhvirus333)> 도비는 자유야
[2021-12-10 22:33:22] <%제너럴레빌 (jhvirus333)> 편집만 300?
[2021-12-10 22:33:25] <%제너럴레빌 (jhvirus333)> 오우
[2021-12-10 22:33:33] <도비는도비야 (hwani8815)> 기촬편 300
[2021-12-10 22:33:44] <%설레는겨울 (nam1004wo0)> ㄹㅇ
[2021-12-10 22:33:52] <%에엘 (lyusei0628)> 클라이언트 문제는 영상 ㅈ도 모르면서 '거 유튜븐가 뭔가 요새 좋다더만!'식으로 지들 원하는대로 무리한 요구하는게 큰거 같음
[2021-12-10 22:34:04] <%제너럴레빌 (jhvirus333)> 주에 한편나오나?
[2021-12-10 22:34:06] <%미드에코_ (mid__ekko)> 소스다 받고 편집하고 시사하고 하면 1주지나고..
[2021-12-10 22:34:06] <+파스타리안_로케 (pastarian_roke)> 1시간 작업하는데 보통 10시간 이상 하시던데
[2021-12-10 22:34:09] <%설레는겨울 (nam1004wo0)> 있는 짤들만 짤라서 편집해도 어느순간 시간이 순삭이던데
[2021-12-10 22:34:21] <%제너럴레빌 (jhvirus333)> 매주 300받는건가?
[2021-12-10 22:34:36] <%죄송바람 (listenwell)> 1분에 한시간????
[2021-12-10 22:34:40] <%죄송바람 (listenwell)> 엄청빠른걸
[2021-12-10 22:34:45] <@^빵_떡 (bbangddeock)> 어서오세요 아직 팔로우 안하셨다면 팔로우 부탁해요 °˖✧◝(⁰▿⁰)◜✧˖°
[2021-12-10 22:34:52] <%설레는겨울 (nam1004wo0)> 교차 편집은 도전하다가 집어치움
[2021-12-10 22:35:01] <%죄송바람 (listenwell)> 아 영상종류따라 다르긴하졍
[2021-12-10 22:35:12] <%미드에코_ (mid__ekko)> 레이어 12개 쌓이던데
[2021-12-10 22:35:22] <%미드에코_ (mid__ekko)> 간단한거야 이러던데 예능피디인친구가
[2021-12-10 22:35:23] <+파스타리안_로케 (pastarian_roke)> 막 전용 툴같은거 하고 게임하듯이 따닥따닥하면서 하시던데 오래하신 분들은
[2021-12-10 22:35:33] <%미드에코_ (mid__ekko)> 근데 너 왜 새벽4시퇴근함ㅋㅋ했다가 뒤통수맞음
[2021-12-10 22:35:35] <%에엘 (lyusei0628)> 레이어 12개면 진짜 간단한거긴 함 ㅋㅋ
[2021-12-10 22:35:43] <%설레는겨울 (nam1004wo0)> 오래하신 분들은 그만큼 노하우가 있는거니까
[2021-12-10 22:35:52] <%에엘 (lyusei0628)> 근데 내 퇴근도 간단하게 9시가 되더라 ㅋㅋ
[2021-12-10 22:35:53] <%죄송바람 (listenwell)> 영화쪽은 1분하는데 일주일걸려서..
[2021-12-10 22:36:15] <%설레는겨울 (nam1004wo0)> 와 1분에 일주일 ㄷㄷㄷ
[2021-12-10 22:36:17] <%미드에코_ (mid__ekko)> 와
[2021-12-10 22:36:20] <%죄송바람 (listenwell)> 그것도 여러명이..
[2021-12-10 22:36:25] <%미드에코_ (mid__ekko)> 그치 브이로그가 훨 높지
[2021-12-10 22:36:29] <%미드에코_ (mid__ekko)> ㅎㅎㅎㅎㅎㅎ
[2021-12-10 22:36:35] <%미드에코_ (mid__ekko)> 영상배워볼까요
[2021-12-10 22:36:38] <%미드에코_ (mid__ekko)> 마케팅 버려?
[2021-12-10 22:36:47] <%설레는겨울 (nam1004wo0)> ㅋㅋㅋㅋㅋㅋㅋㅋ
[2021-12-10 22:36:49] <%흑화가되어버린국스였던것 (darkmode_guks)> 꿍하
[2021-12-10 22:36:50] <@^빵_떡 (bbangddeock)> 흑화가되어버린국스였던것 님 어서와용
[2021-12-10 22:36:58] <%제너럴레빌 (jhvirus333)> 편당 300주라고
[2021-12-10 22:37:03] <%흑화가되어버린국스였던것 (darkmode_guks)> 오늘 왜 귀엽냐?
[2021-12-10 22:37:13] <%미드에코_ (mid__ekko)> 2회 월 200. 퀄 워크맨. 출연은 일반인.
[2021-12-10 22:37:14] <%에엘 (lyusei0628)> ㅋㅋ기획을 2주를 줘도 모자라겠구만 나도 덩달아 화나네 어디 회사냐 불지르게 ㅋㅋ
[2021-12-10 22:37:17] <%흑화가되어버린국스였던것 (darkmode_guks)> !가위바위보 보
[2021-12-10 22:37:18] <@^빵_떡 (bbangddeock)> (흑화가되어버린국스였던것) HeyGuys VS HeyGuys - 무. 10W 12D 4L(시즌 Ⅳ : 아이언 312 P[+5] ) ( -O-X-OO-O- 3연승)
[2021-12-10 22:37:20] <%설레는겨울 (nam1004wo0)> ㅋㅋㅋㅋㅋㅋㅋ
[2021-12-10 22:37:22] <%제너럴레빌 (jhvirus333)> !출첵
[2021-12-10 22:37:22] <@^빵_떡 (bbangddeock)> 제너럴레빌 --> [2021-12-10] 이 채널의 72 번째 출석체크입니다.  [8연속]
[2021-12-10 22:37:28] <%제너럴레빌 (jhvirus333)> !가위바위보 바위
[2021-12-10 22:37:29] <@^빵_떡 (bbangddeock)> (제너럴레빌) Poooound VS HeyGuys - 패배. 33W 21D 22L(시즌 Ⅳ : 브론즈 561 P[-13] ) ( OOOOXOOOOX 1패)
[2021-12-10 22:37:30] <%설레는겨울 (nam1004wo0)> 불가능한걸 가능하게 해달라고 ㄷㄷㄷ
[2021-12-10 22:37:33] <%제너럴레빌 (jhvirus333)> 아 졌네
[2021-12-10 22:37:35] <%미드에코_ (mid__ekko)> 불지르는건 좀심하네요
[2021-12-10 22:37:39] <%미드에코_ (mid__ekko)> 저는 기름붓고올게요
[2021-12-10 22:37:51] <%플라워샤워 (flowerkei0905)> 먹고는 살아야지
[2021-12-10 22:37:54] <%에엘 (lyusei0628)> 심지어 여캠이랑 번호도 주고받을 수 있음
[2021-12-10 22:37:57] <%설레는겨울 (nam1004wo0)> ㅋㅋㅋㅋㅋㅋㅋ
[2021-12-10 22:37:59] <%죄송바람 (listenwell)> 넵(자막수정 렌더링 5시간 젠장..)
[2021-12-10 22:38:03] <%미드에코_ (mid__ekko)> 근데 편집자들 맏춘법 틀리는 거 좀 심함
[2021-12-10 22:38:07] <%미드에코_ (mid__ekko)> 렌더링ㅋㅋㅋㅋㅋㅋㅋㅋㅋㅋㅋㅋㅋㅋㅋ
[2021-12-10 22:38:18] <%제너럴레빌 (jhvirus333)> 공중파도 틀리더라
[2021-12-10 22:38:45] <%죄송바람 (listenwell)> 자꾸하다보면 정신놓고 공장기계마냥 하다보니 깜빡깜빡
[2021-12-10 22:38:54] <%제너럴레빌 (jhvirus333)> 주펄이 라스에서 두족류[문어,오징어] 얘기하니까 자막으로 두종류 문어오징어 두가지로 착각하고 두종류라고 띄우더라...
[2021-12-10 22:39:04] <%미드에코_ (mid__ekko)> 맏춘법 틇릴수도 읻지..
[2021-12-10 22:39:07] <%+손해리 (sonhaery)> 맛춤법 은 기본이지;
[2021-12-10 22:39:12] <%에엘 (lyusei0628)> 근데 마춘뻡 틀리눈게 외않된데여?
[2021-12-10 22:39:13] <%죄송바람 (listenwell)> ㄹㅇㅋㅋ
[2021-12-10 22:39:14] <%설레는겨울 (nam1004wo0)> 맏지
[2021-12-10 22:39:16] <%미드에코_ (mid__ekko)> ㄹㅇㅋㅋ
[2021-12-10 22:39:22] <%+손해리 (sonhaery)> 난 근데 냄세 이거때문에 헤어진적있음
[2021-12-10 22:39:26] <%+손해리 (sonhaery)> 자꾸 냄세 냄세 거려서
[2021-12-10 22:39:27] <%+손해리 (sonhaery)> 헤어지자함
[2021-12-10 22:39:30] <%제너럴레빌 (jhvirus333)> 맛지맛지
[2021-12-10 22:39:42] <%미드에코_ (mid__ekko)> 님두 tiny 티니라 읽어놓고
[2021-12-10 22:39:42] <%의욕있어 (halomang1027)> 외않되
[2021-12-10 22:39:43] <레이류드 (gaopa001)> 예꿍님 채널이랑 영상 분석 해보면 가장 높은 채팅화력&시청자수는 야랄할때&리액션할때이긴 했음
[2021-12-10 22:39:44] <%미드에코_ (mid__ekko)> 너무해
[2021-12-10 22:39:50] <%+손해리 (sonhaery)> 아니 알려주면 고칠게~ 하고
[2021-12-10 22:39:54] <%미드에코_ (mid__ekko)> 넴새틀리는 건 좀 심해 ㅎㅎ
[2021-12-10 22:39:58] <%+손해리 (sonhaery)> 안고ㅕ짐
[2021-12-10 22:40:00] <%죄송바람 (listenwell)> 한국어인ㄷㄷ
[2021-12-10 22:40:09] <%제너럴레빌 (jhvirus333)> 만희들 틀릴수도 잊지
[2021-12-10 22:40:24] <%의욕있어 (halomang1027)> 왠지
[2021-12-10 22:40:25] <%미드에코_ (mid__ekko)> 왠지?
[2021-12-10 22:40:25] <%제너럴레빌 (jhvirus333)> 웬지 왠디
[2021-12-10 22:40:30] <%에엘 (lyusei0628)> 왼지 아님?
[2021-12-10 22:40:31] <%제너럴레빌 (jhvirus333)> 웬지 왠디ㅇ닮으심
[2021-12-10 22:40:38] <%미드에코_ (mid__ekko)> 아니 한국말에 왠 <이거는 왠지밖에없음 나머지 전부 웬임
[2021-12-10 22:40:41] <%미드에코_ (mid__ekko)> 틀릴이유가없음
[2021-12-10 22:40:46] <%의욕있어 (halomang1027)> 웬일
[2021-12-10 22:40:47] <%죄송바람 (listenwell)> 웬지ㄷㄷ
[2021-12-10 22:40:48] <%미드에코_ (mid__ekko)> 유일하게 왠지만 왠인데
[2021-12-10 22:40:50] <%미드에코_ (mid__ekko)> 어케틀리냐
[2021-12-10 22:40:51] <%설레는겨울 (nam1004wo0)> 웬디 웬 ㅋㅋㅋㅋㅋㅋ
[2021-12-10 22:40:59] <%미드에코_ (mid__ekko)> 왜꿍
[2021-12-10 22:41:01] <%제너럴레빌 (jhvirus333)> 왜지감자 좋아해요?
[2021-12-10 22:41:03] <%미드에코_ (mid__ekko)> 웨꿍
[2021-12-10 22:41:04] <~%예꿍_ (yeggung_)> 됐다
[2021-12-10 22:41:05] <~%예꿍_ (yeggung_)> 됬다
[2021-12-10 22:41:07] <%미드에코_ (mid__ekko)> 대따!
[2021-12-10 22:41:11] <%미드에코_ (mid__ekko)> 대따! 아님?
[2021-12-10 22:41:12] <%에엘 (lyusei0628)> 웬디야 너 이름 뜻이 뭐야? 아 저는 웬디 웬 자에 디스코 디 자를 써요~
[2021-12-10 22:41:13] <%제너럴레빌 (jhvirus333)> 왜지감자 일본땅에서나는감자인가
[2021-12-10 22:41:14] <%죄송바람 (listenwell)> 됐다 더워
[2021-12-10 22:41:16] <%설레는겨울 (nam1004wo0)> 대따 맞지 ㅋㅋㅋㅋ
[2021-12-10 22:41:21] <%미드에코_ (mid__ekko)> ㅋㅋㅋㅋㅋㅋㅋㅋㅋㅋㅋㅋㅋㅋㅋ
[2021-12-10 22:41:21] <%의욕있어 (halomang1027)> 며칠 몇일
[2021-12-10 22:41:25] <%미드에코_ (mid__ekko)> tlqkfㅋㅋㅋㅋㅋ
[2021-12-10 22:41:34] <%미드에코_ (mid__ekko)> t에 대문자안해서 그런거아닐까여?
[2021-12-10 22:41:36] <%설레는겨울 (nam1004wo0)> ^^l발 하셨어야죠
[2021-12-10 22:41:56] <%미드에코_ (mid__ekko)> 원래 며칠아니에여?
[2021-12-10 22:41:59] <%미드에코_ (mid__ekko)> 바뀐거에요 그게?
[2021-12-10 22:41:59] <%죄송바람 (listenwell)> 설거지 설겆이
[2021-12-10 22:42:04] <%런웨이 (runway02)> 둘다 표준어야
[2021-12-10 22:42:07] <%죄송바람 (listenwell)> 그랬읍니다
[2021-12-10 22:42:10] <~%예꿍_ (yeggung_)> 몇일
[2021-12-10 22:42:12] <%의욕있어 (halomang1027)> 할까? 할게
[2021-12-10 22:42:15] <%죄송바람 (listenwell)> 며칠이 없음????
[2021-12-10 22:42:19] <%설레는겨울 (nam1004wo0)> 오옹
[2021-12-10 22:42:19] <%미드에코_ (mid__ekko)> 몇일이라는 게 원래없는말인줄
[2021-12-10 22:42:20] <~%예꿍_ (yeggung_)> 며칠
[2021-12-10 22:42:25] <%의욕있어 (halomang1027)> 며칠만 있음
[2021-12-10 22:42:26] <%죄송바람 (listenwell)> 아 ㅇㅋ
[2021-12-10 22:42:26] <%미드에코_ (mid__ekko)> 자장면잠봉당수육
[2021-12-10 22:42:28] <%에엘 (lyusei0628)> 그게 없어진지 몇일이나 지난거죠?
[2021-12-10 22:42:33] <~%예꿍_ (yeggung_)> 몇일
[2021-12-10 22:42:41] <%죄송바람 (listenwell)> 그래도 난 꾸준히 틀리게 써야지 그러면 나라에서 바꿔줌^^
[2021-12-10 22:42:42] <%설레는겨울 (nam1004wo0)> 몇월 몇일?
[2021-12-10 22:42:47] <%미드에코_ (mid__ekko)> 1988년 개정되었다는데요? 선생님?
[2021-12-10 22:42:48] <%제너럴레빌 (jhvirus333)> 며칠 댸칠
[2021-12-10 22:42:53] <%미드에코_ (mid__ekko)> 그걸 초등학교때배우셨다?
[2021-12-10 22:43:04] <%미드에코_ (mid__ekko)> 최소 35
[2021-12-10 22:43:13] <%미드에코_ (mid__ekko)> 양말주자...
[2021-12-10 22:43:13] <%설레는겨울 (nam1004wo0)> ㅋㅋㅋㅋㅋㅋㅋㅋㅋㅋㅋㅋ
[2021-12-10 22:43:15] <%죄송바람 (listenwell)> 제발 그만해 이러다 다 틀려
[2021-12-10 22:43:18] <%제너럴레빌 (jhvirus333)> 더콰나네
[2021-12-10 22:43:24] <%미드에코_ (mid__ekko)> 더콰이엇
[2021-12-10 22:43:31] <%제너럴레빌 (jhvirus333)> 헤이즐넛
[2021-12-10 22:43:33] <%의욕있어 (halomang1027)> 뒤에 ?  있으면  ㄲ  임    할'까'?   할'게
[2021-12-10 22:43:42] <%설레는겨울 (nam1004wo0)> ㅋㅋㅋㅋㅋㅋㅋ
[2021-12-10 22:43:48] <%미드에코_ (mid__ekko)> ㄹㅇㅋㅋ
[2021-12-10 22:43:53] <%플라워샤워 (flowerkei0905)> 짜장면도 표준어 됐자너
[2021-12-10 22:43:54] <%미드에코_ (mid__ekko)> 그래서 이킁이자너 ㅋㅋ
[2021-12-10 22:43:56] <%설레는겨울 (nam1004wo0)> 맞지 ㅋㅋㅋㅋㅋ
[2021-12-10 22:43:59] <%제너럴레빌 (jhvirus333)> 몇일
[2021-12-10 22:44:04] <%제너럴레빌 (jhvirus333)> 몇월몇일
[2021-12-10 22:44:04] <%설레는겨울 (nam1004wo0)> 이킁 ㅋㅋㅋㅋㅋ
[2021-12-10 22:44:11] <%제너럴레빌 (jhvirus333)> 며춸이라고 안하잖아
[2021-12-10 22:44:13] <%+손해리 (sonhaery)> 난 설겆이 설거지 이게 제일 짜증났음
[2021-12-10 22:44:17] <%미드에코_ (mid__ekko)> 할거?
[2021-12-10 22:44:23] <%제너럴레빌 (jhvirus333)> 며춸며칠이면 인정할게
[2021-12-10 22:44:29] <%제너럴레빌 (jhvirus333)> 일관성이 있어야지
[2021-12-10 22:44:42] <%제너럴레빌 (jhvirus333)> 설겆이 설거지
[2021-12-10 22:44:47] <%제너럴레빌 (jhvirus333)> 뭐가맞냐
[2021-12-10 22:44:51] <%미드에코_ (mid__ekko)> 불편한거 모있지
[2021-12-10 22:44:51] <%제너럴레빌 (jhvirus333)> 안쓰니까 이제는 모르겠어
[2021-12-10 22:44:53] <%플라워샤워 (flowerkei0905)> 설 거지는 서울거지 줄임말 같잖아
[2021-12-10 22:44:54] <%죄송바람 (listenwell)> 베개 배게 베게 배개
[2021-12-10 22:44:55] <%제너럴레빌 (jhvirus333)> 되 돼 않 안
[2021-12-10 22:44:57] <%+손해리 (sonhaery)> 불편하면 자세를 !
[2021-12-10 22:44:58] <%설레는겨울 (nam1004wo0)> 거울 거지 ㅋㅋㅋㅋ
[2021-12-10 22:45:00] <%에엘 (lyusei0628)> 근데 맞춤법 다 떠나서 조금 모르고 틀릴수도 있는데 그거가지고 지적수준과 기본상식이 모자라는양 돌리는게 개싫음 ㅋㅋ
[2021-12-10 22:45:01] Viewerstats (22:16-22:45): avg:37 min:36 max:41 [15/41-3+0+1+0+1+0-2+0-2+0+1+0-1+0]
[2021-12-10 22:45:03] <%죄송바람 (listenwell)> 다 헷갈려서 그냥 벼게 라고 부름
[2021-12-10 22:45:05] <%제너럴레빌 (jhvirus333)> 베개 배게 베게 배개 ㅋㅋㅋ
[2021-12-10 22:45:08] <%미드에코_ (mid__ekko)> 벼게 ㅋㅋㅋㅋㅋㅋㅋ
[2021-12-10 22:45:13] <%설레는겨울 (nam1004wo0)> 벼게 ㅋㅋㅋㅋㅋㅋ
[2021-12-10 22:45:16] <%플라워샤워 (flowerkei0905)> 그럼 척추측만증임
[2021-12-10 22:45:19] <%플라워샤워 (flowerkei0905)> 비계
[2021-12-10 22:45:25] <%제너럴레빌 (jhvirus333)> 비계는 비상계단임
[2021-12-10 22:45:31] <%제너럴레빌 (jhvirus333)> 돼지비계?
[2021-12-10 22:45:38] <%제너럴레빌 (jhvirus333)> 동물성 지방?
[2021-12-10 22:45:43] <%에엘 (lyusei0628)> 내가 맞춤법충이랑 카톡으로 진지한 얘기하는데 되 돼 틀리니까 내용 집중 안하고 되 되 되 되 이런식으로 도배하는데 진짜 절교생각했음
[2021-12-10 22:45:51] <%플라워샤워 (flowerkei0905)> 그런거 하려면 본인이 한번도 안틀리고 맞말만 하는 사람이어야됨 ㅋㅋ
[2021-12-10 22:45:52] <%미드에코_ (mid__ekko)> 마마잃은중천공이 젤웃겼는데
[2021-12-10 22:45:58] <%플라워샤워 (flowerkei0905)> 한번이라도 틀리면 반격기들어옴
[2021-12-10 22:46:06] <%설레는겨울 (nam1004wo0)> ㄹㅇ
[2021-12-10 22:46:16] <%미드에코_ (mid__ekko)> 사람들 맞춤법 잘 모를수도 있는데 힘들면 시험시험 하세요 예꿍님 ㅎㅎ
[2021-12-10 22:46:23] <%제너럴레빌 (jhvirus333)> 저거 진짜 일부러라도 힘들게 틀려서 웃겼음
[2021-12-10 22:46:24] <%플라워샤워 (flowerkei0905)> 이상형 월드컵에 맞춤벌 틀린거 월드컵있음
[2021-12-10 22:46:25] <%제너럴레빌 (jhvirus333)> 남아일언 중천금
[2021-12-10 22:46:27] <%미드에코_ (mid__ekko)> 마마잃은중천공=남아일언중천금
[2021-12-10 22:46:28] <%에엘 (lyusei0628)> 시험시험이라니 더 힘들겠구만
[2021-12-10 22:46:30] <%설레는겨울 (nam1004wo0)> ㅋㅋㅋㅋㅋㅋㅋㅋ
[2021-12-10 22:46:39] <%ㄷ오망챠 (ododok_mango)> 외않되?
[2021-12-10 22:46:49] <%ロㅁロ (momoco963)> 곱셈추위
[2021-12-10 22:46:50] <%제너럴레빌 (jhvirus333)> 감나라 배나라
[2021-12-10 22:46:51] <%ロㅁロ (momoco963)> 일해라절해라
[2021-12-10 22:46:54] <%에엘 (lyusei0628)> 덮집회의 뭐일거 같음?
[2021-12-10 22:46:55] <%미드에코_ (mid__ekko)> 삶과 고인의 명복을 빕니다
[2021-12-10 22:46:59] <%제너럴레빌 (jhvirus333)> 일해라 절해라
[2021-12-10 22:47:01] <%설레는겨울 (nam1004wo0)> 곱셉추위 ㅋㅋㅋㅋㅋㅋ
[2021-12-10 22:47:22] <%죄송바람 (listenwell)> 모르는게 죄인 세상ㄷㄷ
[2021-12-10 22:47:24] <%미드에코_ (mid__ekko)> 부랄이던 눈
[2021-12-10 22:47:35] <%제너럴레빌 (jhvirus333)> ㅂㄹ이던 ㅗㅜㅑ
[2021-12-10 22:47:41] <~%예꿍_ (yeggung_)> 아 저쪽팀 씩씩이가 너무많다고
[2021-12-10 22:47:46] <%설레는겨울 (nam1004wo0)> 씩씩이 ㅋㅋㅋㅋㅋㅋ
[2021-12-10 22:47:46] <%미드에코_ (mid__ekko)> 씩씩닠ㅋㅋㅋㅋㅋㅋ
[2021-12-10 22:47:49] <%미드에코_ (mid__ekko)> ㅋㅋㅋㅋㅋㅋㅋㅋㅋㅋ
[2021-12-10 22:47:52] <%설레는겨울 (nam1004wo0)> 커엽네 ㅋㅋㅋㅋㅋㅋ
[2021-12-10 22:47:53] <%제너럴레빌 (jhvirus333)> 씩씩대는애들?
[2021-12-10 22:47:56] <%미드에코_ (mid__ekko)> 개웃기넼ㅋㅋㅋㅋ
[2021-12-10 22:47:57] <%제너럴레빌 (jhvirus333)> 귀엽게 하네
[2021-12-10 22:48:03] <%미드에코_ (mid__ekko)> ㅋㅋㅋㅋㅋㅋㅋㅋㅋ
[2021-12-10 22:48:04] <%설레는겨울 (nam1004wo0)> 왜에? ㅋㅋㅋㅋㅋㅋ
[2021-12-10 22:48:05] <%제너럴레빌 (jhvirus333)> cc기?
[2021-12-10 22:48:12] <%미드에코_ (mid__ekko)> 과거완료형
[2021-12-10 22:48:12] <%플라워샤워 (flowerkei0905)> 수박겁탈기도 있음 수박 겉핥기
[2021-12-10 22:48:13] <%ロㅁロ (momoco963)> 눈이 아래다렬ㅆ었나...
[2021-12-10 22:48:14] <%제너럴레빌 (jhvirus333)> CC기를 씩씩이들
[2021-12-10 22:48:21] <%설레는겨울 (nam1004wo0)> 수박겁탈기 ㅋㅋㅋㅋㅋㅋ
[2021-12-10 22:48:34] <%미드에코_ (mid__ekko)> 갈수록 미모가 일치얼짱
[2021-12-10 22:48:35] <%제너럴레빌 (jhvirus333)> 무등산수박겁탈기 롤아이디 추천
[2021-12-10 22:48:42] <%미드에코_ (mid__ekko)> 장례희망
[2021-12-10 22:48:45] <%미드에코_ (mid__ekko)> 레전드 많지
[2021-12-10 22:48:56] <%ロㅁロ (momoco963)> 전에 겜에서 누가 일언반구를 이런방구라고 쓴 거 봤네요
[2021-12-10 22:49:05] <%플라워샤워 (flowerkei0905)> 예꿍 외모는 정말 나물할때가 없네요
[2021-12-10 22:49:06] <%제너럴레빌 (jhvirus333)> 그럴수있지
[2021-12-10 22:49:15] <%흑화가되어버린국스였던것 (darkmode_guks)> 실외기?
[2021-12-10 22:49:23] <%미드에코_ (mid__ekko)> 곱셈추위 ㅋㅋㅋㅋㅋ
[2021-12-10 22:49:24] <%에엘 (lyusei0628)> 실외기 된장국 좋아하세요?
[2021-12-10 22:49:27] <%미드에코_ (mid__ekko)> 많이춥긴하겠너
[2021-12-10 22:49:32] <%흑화가되어버린국스였던것 (darkmode_guks)> 실외기국머꼬십다
[2021-12-10 22:49:34] <%제너럴레빌 (jhvirus333)> 미쳐날뛰고있다
[2021-12-10 22:49:39] <%ロㅁロ (momoco963)> 불편하게 만들기..꿍님 그렇게 하면 않되...
[2021-12-10 22:49:40] <%에엘 (lyusei0628)> 추위가 두배 ㄷㄷ
[2021-12-10 22:49:44] <%의욕있어 (halomang1027)> 외않되냐구~
[2021-12-10 22:49:55] <%ㄷ오망챠 (ododok_mango)> 불펺하네요
[2021-12-10 22:49:56] <%설레는겨울 (nam1004wo0)> ㅋㅋㅋㅋㅋㅋ
[2021-12-10 22:50:00] <%에엘 (lyusei0628)> 야 나 오늘 돈 없으니까 덮집회의로 계산하자~
[2021-12-10 22:50:01] <%미드에코_ (mid__ekko)> 붏펺헤 ㅎㅎ
[2021-12-10 22:50:01] <%제너럴레빌 (jhvirus333)> 찰하리
[2021-12-10 22:50:02] <~%예꿍_ (yeggung_)> 대따
[2021-12-10 22:50:06] <%ㄷ오망챠 (ododok_mango)> 어쩔티비
[2021-12-10 22:50:06] <~%예꿍_ (yeggung_)> 됬다
[2021-12-10 22:50:06] <%제너럴레빌 (jhvirus333)> 찰하리 근양
[2021-12-10 22:50:06] <%설레는겨울 (nam1004wo0)> 대따!
[2021-12-10 22:50:12] <%흑화가되어버린국스였던것 (darkmode_guks)> 대꼬
[2021-12-10 22:50:15] <%미드에코_ (mid__ekko)> ㅋㅋㅋㅋㅋㅋㅋ
[2021-12-10 22:50:19] <%ㄷ오망챠 (ododok_mango)> 아댓고
[2021-12-10 22:50:21] <%ロㅁロ (momoco963)> 왠만하면 웬만하면 이런거 마니 틀리기도 하네요
[2021-12-10 22:50:23] <%제너럴레빌 (jhvirus333)> 찰하리 근양 대얻다
[2021-12-10 22:50:26] <%미드에코_ (mid__ekko)> 아 왜 나이먹고 인터넷 용어쓰는지 들켰누
[2021-12-10 22:50:37] <%흑화가되어버린국스였던것 (darkmode_guks)> 촤라리 그냥 넘어가
[2021-12-10 22:50:38] <%ㄷ오망챠 (ododok_mango)> 페북 급식들 글쓰는거 보면 가간이야 정말
[2021-12-10 22:50:40] <%설레는겨울 (nam1004wo0)> 촤라리 ㅋㅋㅋㅋㅋ
[2021-12-10 22:50:54] <~%예꿍_ (yeggung_)> 설겆이
[2021-12-10 22:50:55] <%미드에코_ (mid__ekko)> 씩씩이 좀 레전드3ㅏ
[2021-12-10 22:50:56] <%ロㅁロ (momoco963)> 설거지
[2021-12-10 22:50:58] <%ㄷ오망챠 (ododok_mango)> 설거지
[2021-12-10 22:51:03] <%제너럴레빌 (jhvirus333)> 나는 아직도 헷갈려
[2021-12-10 22:51:05] <%설레는겨울 (nam1004wo0)> 씩씩이 ㅋㅋㅋㅋㅋ
[2021-12-10 22:51:05] <%ロㅁロ (momoco963)> 뒤치다꺼리도 뒤치닥거리로 마니 틀리기도 하고
[2021-12-10 22:51:07] <%에엘 (lyusei0628)> 씩씩이 ㅋㅋㅋㅋㅋ
[2021-12-10 22:51:10] <~%예꿍_ (yeggung_)> 낫다 낳다
[2021-12-10 22:51:12] <%ㄷ오망챠 (ododok_mango)> 씩씩이는 머야
[2021-12-10 22:51:15] <%내에어팟ㅠ (whereismyairpot)> 원래 설겆이에서 설거지로 바뀌지않앆너
[2021-12-10 22:51:16] <%흑화가되어버린국스였던것 (darkmode_guks)> 설겆이가 만냐? 설거지가 많냐?
[2021-12-10 22:51:18] <%ㄷ오망챠 (ododok_mango)> 낫다 낳다는 다 고이지
[2021-12-10 22:51:20] <%미드에코_ (mid__ekko)> CC기 ㅋㅋㅋ
[2021-12-10 22:51:21] <%ㄷ오망챠 (ododok_mango)> 누가 그걸 틀려
[2021-12-10 22:51:23] <%내에어팟ㅠ (whereismyairpot)> 어릴때 설겆이라고 배웠는데
[2021-12-10 22:51:29] <%내에어팟ㅠ (whereismyairpot)> 요새 설거지라고하더라구여
[2021-12-10 22:51:30] <%설레는겨울 (nam1004wo0)> ㅋㅋㅋㅋㅋㅋ
[2021-12-10 22:51:31] <%에엘 (lyusei0628)> 예꿍님 목 안좋은거 빨리 낳으시면 좋겠어요!
[2021-12-10 22:51:35] <%제너럴레빌 (jhvirus333)> !사전 설거지
[2021-12-10 22:51:35] <이창일 (cilee052)> ㅇㅅㅇ
[2021-12-10 22:51:35] <@^빵_떡 (bbangddeock)> [사전] 그릇을 씻는 것은 설거지일까 설겆이일까 - “이렇게 맑은 물에 설거지를 하면 그릇도 투명해지겠는걸.” 한 사람이 너스레를 떨었어. 하지만 다른 한 사람은 계곡 입구에 세워 놓은 &#60;설겆이 금지&#62;라는 표지판을 가리켰어. “저것 봐. 여기서 설거지를...
[2021-12-10 22:51:35] <%미드에코_ (mid__ekko)> 설거지아님 원래?
[2021-12-10 22:51:43] <%ㄷ오망챠 (ododok_mango)> 옛날에는 설겆이인데 설거지로 바낌
[2021-12-10 22:51:49] <%의욕있어 (halomang1027)> ㅇㅇ
[2021-12-10 22:51:51] <%ㄷ오망챠 (ododok_mango)> 알겠읍니다에서 알겠습니다로 바뀐것처럼
[2021-12-10 22:51:57] <%제너럴레빌 (jhvirus333)> 읍니다-
[2021-12-10 22:52:01] <%미드에코_ (mid__ekko)> 신기사넹
[2021-12-10 22:52:04] <%미드에코_ (mid__ekko)> 그것도 88년인가
[2021-12-10 22:52:08] <%흑화가되어버린국스였던것 (darkmode_guks)> 오회말 카드 바꺼주세요
[2021-12-10 22:52:09] <%미드에코_ (mid__ekko)> 88년에 무슨일이...
[2021-12-10 22:52:11] <%큰가시고기 (stickleback0915)> 꿍하 예하
[2021-12-10 22:52:11] <@^빵_떡 (bbangddeock)> 큰가시고기 님 어서와용
[2021-12-10 22:52:14] <%미드에코_ (mid__ekko)> 오회말ㅋㅋㅋㅋㅋㅋ
[2021-12-10 22:52:15] <%제너럴레빌 (jhvirus333)> 88올림픽
[2021-12-10 22:52:19] <%흑화가되어버린국스였던것 (darkmode_guks)> 라때는 설겆이가 맞았어
[2021-12-10 22:52:21] <%ㄷ오망챠 (ododok_mango)> ㄷㄷㄷ
[2021-12-10 22:52:23] <%의욕있어 (halomang1027)> 베게
[2021-12-10 22:52:27] <%제너럴레빌 (jhvirus333)> 88올림픽때 한글을 때려고쳤네
[2021-12-10 22:52:27] <%설레는겨울 (nam1004wo0)> ㅋㅋㅋㅋㅋㅋㅋ
[2021-12-10 22:52:30] <%ロㅁロ (momoco963)> 맞춤법 받아쓰기도 재밌겠다
[2021-12-10 22:52:33] <%내에어팟ㅠ (whereismyairpot)> 아 어제 술먹고 필름 끊겼는데
[2021-12-10 22:52:34] <~%예꿍_ (yeggung_)> 로그인 안되는; 돼요
[2021-12-10 22:52:41] <%제너럴레빌 (jhvirus333)> 안되는데요
[2021-12-10 22:52:41] <%ロㅁロ (momoco963)> 로그인 안되는데요
[2021-12-10 22:52:42] <%내에어팟ㅠ (whereismyairpot)> 어마무시한 일이었더라구요
[2021-12-10 22:52:42] <%미드에코_ (mid__ekko)> 로그인안댐 얼마나좋아
[2021-12-10 22:52:46] <%내에어팟ㅠ (whereismyairpot)> 안되는데요?
[2021-12-10 22:52:50] <%설레는겨울 (nam1004wo0)> 로그인안댐 ㅋㅋㅋㅋㅋㅋ
[2021-12-10 22:52:51] <%흑화가되어버린국스였던것 (darkmode_guks)> 로구인 앙되는 대요?
[2021-12-10 22:52:53] <이창일 (cilee052)> 옛날에
[2021-12-10 22:52:58] <이창일 (cilee052)> 옛날에는
[2021-12-10 22:53:03] <~%예꿍_ (yeggung_)> 아 로그인안댐
[2021-12-10 22:53:03] <이창일 (cilee052)> 설겆다란 말이 있어스음
[2021-12-10 22:53:05] <%에엘 (lyusei0628)> 회사에서 일하는데 ㅋㅋ 부장님 ㅋㅋ 로그인 안댐 ㅋㅋ 이럴순 없잖아
[2021-12-10 22:53:06] <이창일 (cilee052)> 있었음
[2021-12-10 22:53:14] <%ロㅁロ (momoco963)> 로그인 않됌
[2021-12-10 22:53:14] <%제너럴레빌 (jhvirus333)> 얘들... 나 이거 진짜 불편한데. 얘들
[2021-12-10 22:53:19] <%설레는겨울 (nam1004wo0)> 아 부장님 로그인 안댐 큰일남 ㅋㅋㅋㅋㅋ
[2021-12-10 22:53:20] <%ㄷ오망챠 (ododok_mango)> 로긴않댐
[2021-12-10 22:53:21] <이창일 (cilee052)> 설겆다의 명사형으로 설겆+이가 됬었음
[2021-12-10 22:53:32] <이창일 (cilee052)> 그러다 설겆다가 설겆이하다로 바뀌고
[2021-12-10 22:53:32] <%흑화가되어버린국스였던것 (darkmode_guks)> 로구인 앙대면 킁일남
[2021-12-10 22:53:36] <%제너럴레빌 (jhvirus333)> '애들한테 못들었어?' '얘들한테 못들었어?'
[2021-12-10 22:53:38] <%ロㅁロ (momoco963)> 얘들
[2021-12-10 22:53:38] <%ㄷ오망챠 (ododok_mango)> 예들아
[2021-12-10 22:53:42] <%ロㅁロ (momoco963)> 걔 걔
[2021-12-10 22:53:45] <이창일 (cilee052)> 설겆이를 설거지라고 또 바뀜
[2021-12-10 22:53:48] <%내에어팟ㅠ (whereismyairpot)> 얘꿍
[2021-12-10 22:53:49] <%미드에코_ (mid__ekko)> examples
[2021-12-10 22:53:53] <%런웨이 (runway02)> 설겆이는  아직 표준어인거 같은데?
[2021-12-10 22:54:00] <%ㄷ오망챠 (ododok_mango)> examples 아~
[2021-12-10 22:54:10] <%설레는겨울 (nam1004wo0)> 얘꿍 ㅋㅋㅋㅋㅋ
[2021-12-10 22:54:13] <%흑화가되어버린국스였던것 (darkmode_guks)> 서울거지는 설거지해요?
[2021-12-10 22:54:14] <이창일 (cilee052)> 15세기에는
[2021-12-10 22:54:16] <%제너럴레빌 (jhvirus333)> 으으... 웹소설에서 얘들 만나면 바아로 뒤로가기로 다시 나옴...
[2021-12-10 22:54:17] <%ㄷ오망챠 (ododok_mango)> ㅇㅇ
[2021-12-10 22:54:22] <%ㄷ오망챠 (ododok_mango)> 학교에서 설겆이로 배움
[2021-12-10 22:54:22] <%미드에코_ (mid__ekko)> ㅋㅋㅋㅋㅋㅋ
[2021-12-10 22:54:22] <%런웨이 (runway02)> 설거지도 표준어라고 안나오는데
[2021-12-10 22:54:24] <%런웨이 (runway02)> 뭐지 ㅋㅋ
[2021-12-10 22:54:26] <%미드에코_ (mid__ekko)> 신기사네
[2021-12-10 22:54:31] <%죄송바람 (listenwell)> 호랑이 설거지하는 시대에는 그랬지
[2021-12-10 22:54:33] <이창일 (cilee052)> 설엊다란 동사가 쓰여서
[2021-12-10 22:54:40] <%내에어팟ㅠ (whereismyairpot)> 설겆다 해서 설겆이류 배웠는데
[2021-12-10 22:54:41] <이창일 (cilee052)> 설겆이라고 쓰이지않았을까
[2021-12-10 22:54:44] <이창일 (cilee052)> 란 추측이기도함
[2021-12-10 22:54:45] <~%예꿍_ (yeggung_)> 설거지
[2021-12-10 22:54:47] <~%예꿍_ (yeggung_)> 만 표준어
[2021-12-10 22:54:50] <%제너럴레빌 (jhvirus333)> 그리고...'~~시길' 말투끝에 '~~하시길' 남발하는거 이거 진짜 짜증
[2021-12-10 22:54:59] <%흑화가되어버린국스였던것 (darkmode_guks)> 설걷이?
[2021-12-10 22:54:59] <%미드에코_ (mid__ekko)> 짖었다가 있으니까 그럼 짖엊이가 맞는말인가
[2021-12-10 22:55:04] <%ㄷ오망챠 (ododok_mango)> 주그시길
[2021-12-10 22:55:04] <이창일 (cilee052)> TMI지만
[2021-12-10 22:55:17] <%흑화가되어버린국스였던것 (darkmode_guks)> 서울에서 뭘 걷어?
[2021-12-10 22:55:21] <%제너럴레빌 (jhvirus333)> '~~길' 이거 대사에 많이나오면 바아로 웹소설 안보고 뒤로나옴
[2021-12-10 22:55:23] <%미드에코_ (mid__ekko)> 추석거지는 왜 없음? ㅎㅎㅎ
[2021-12-10 22:55:25] <%ㄷ오망챠 (ododok_mango)> 추석거지는 인정인데
[2021-12-10 22:55:27] <%ㄷ오망챠 (ododok_mango)> 부산거지는 에바지
[2021-12-10 22:55:27] <%ロㅁロ (momoco963)> 밴거지는없나요
[2021-12-10 22:55:28] <%내에어팟ㅠ (whereismyairpot)> ?
[2021-12-10 22:55:28] <@^빵_떡 (bbangddeock)> 예꿍이가  13487 번째 갈고리 줍줍!!
[2021-12-10 22:55:29] <%플라워샤워 (flowerkei0905)> 쟨 언제죽는거지?
[2021-12-10 22:55:29] <%설레는겨울 (nam1004wo0)> ㅋㅋㅋㅋㅋㅋㅋ
[2021-12-10 22:55:31] <%미드에코_ (mid__ekko)> 하하하하
[2021-12-10 22:55:37] <%미드에코_ (mid__ekko)> 인간시대의 꽃이 도래했다?
[2021-12-10 22:55:37] <%ㄷ오망챠 (ododok_mango)> ㅋㅋㅋㅋㅋㅋ
[2021-12-10 22:55:39] <%ㄷ오망챠 (ododok_mango)> 킹받게 웃네
[2021-12-10 22:55:41] <%ㄷ오망챠 (ododok_mango)> 저거 누가 알려줌
[2021-12-10 22:55:46] <%흑화가되어버린국스였던것 (darkmode_guks)> 설거지는 굶어죽기 좋아..추석거지는 딴거라도 먹을수있지
[2021-12-10 22:55:48] <%제너럴레빌 (jhvirus333)> 인강시대의 끄치 노래했다?
[2021-12-10 22:55:50] <%설레는겨울 (nam1004wo0)> 하.하.하.하.하
[2021-12-10 22:55:55] <%미드에코_ (mid__ekko)> 인강시대의 꽃! 메가스터디
[2021-12-10 22:56:04] <%설레는겨울 (nam1004wo0)> ㅋㅋㅋㅋㅋㅋ
[2021-12-10 22:56:06] <%설레는겨울 (nam1004wo0)> 인강시대의 꽃 ㅋㅋㅋㅋ
[2021-12-10 22:56:08] <%제너럴레빌 (jhvirus333)> 인강시대의 ㄲㅊ 노래했다?
[2021-12-10 22:56:09] <%ㄷ오망챠 (ododok_mango)> 잉강시대의 끄치 도레해따
[2021-12-10 22:56:12] <%제너럴레빌 (jhvirus333)> ㅗㅜㅑ
[2021-12-10 22:56:14] <%흑화가되어버린국스였던것 (darkmode_guks)> 인강은 비싸편인가?
[2021-12-10 22:56:22] <%미드에코_ (mid__ekko)> 블리츠꿍랭크
[2021-12-10 22:56:26] <%ㄷ오망챠 (ododok_mango)> 요즘도 ebs 든나
[2021-12-10 22:56:38] <%설레는겨울 (nam1004wo0)> ㅋㅋㅋㅋㅋㅋ
[2021-12-10 22:56:38] <%미드에코_ (mid__ekko)> ㅋㅋㅋㅋㅋ
[2021-12-10 22:56:44] <%흑화가되어버린국스였던것 (darkmode_guks)> 까마귀냐?
[2021-12-10 22:56:45] <%미드에코_ (mid__ekko)> 드립시대의 끝이 도래했다
[2021-12-10 22:56:52] <%미드에코_ (mid__ekko)> 아.아.아 하.하
[2021-12-10 22:56:57] <%제너럴레빌 (jhvirus333)> 아, 힘들다-
[2021-12-10 22:56:58] <%흑화가되어버린국스였던것 (darkmode_guks)> 드립시대의 커피가 배달이 되따
[2021-12-10 22:57:18] <%ロㅁロ (momoco963)> 받아쓰기
[2021-12-10 22:57:21] <%ロㅁロ (momoco963)> 헤어지다
[2021-12-10 22:57:24] <~%예꿍_ (yeggung_)> 아랫층 아래층
[2021-12-10 22:57:24] <%제너럴레빌 (jhvirus333)> 아래
[2021-12-10 22:57:25] <%ロㅁロ (momoco963)> 아랫층
[2021-12-10 22:57:28] <%제너럴레빌 (jhvirus333)> 한글
[2021-12-10 22:57:31] <%미드에코_ (mid__ekko)> 하위티어
[2021-12-10 22:57:32] <%설레는겨울 (nam1004wo0)> 아래층
[2021-12-10 22:57:42] <%의욕있어 (halomang1027)> 래
[2021-12-10 22:57:45] <%에엘 (lyusei0628)> 곡할 노릇 ㅋㅋ
[2021-12-10 22:57:47] <%제너럴레빌 (jhvirus333)> 귀신이 고칼로리다
[2021-12-10 22:57:51] <%흑화가되어버린국스였던것 (darkmode_guks)> 그에 구든살이 바킨 소느로 알해충에 녹쿠를 했다
[2021-12-10 22:57:51] <%제너럴레빌 (jhvirus333)> 로리야?
[2021-12-10 22:57:55] <%제너럴레빌 (jhvirus333)> 아청법걸려
[2021-12-10 22:57:55] <%미드에코_ (mid__ekko)> 누텔라 고스트 ㄷㄷ
[2021-12-10 22:58:02] <%설레는겨울 (nam1004wo0)> 누텔라 고스트 ㅋㅋㅋㅋㅋㅋ
[2021-12-10 22:58:10] <%흑화가되어버린국스였던것 (darkmode_guks)> 귀신은 고칼로리 먹어야 땟까리 좋지
[2021-12-10 22:58:13] <%ロㅁロ (momoco963)> 아랫층
[2021-12-10 22:58:14] <~%예꿍_ (yeggung_)> 아래층
[2021-12-10 22:58:23] <%의욕있어 (halomang1027)> 컹  나왔다 ㅋㅋ
[2021-12-10 22:58:23] <%ロㅁロ (momoco963)> 윗층 아랫층
[2021-12-10 22:58:28] <%에엘 (lyusei0628)> 뭔데 또 왜 컨텐츠 우리말 겨루기 됐냐
[2021-12-10 22:58:30] <%흑화가되어버린국스였던것 (darkmode_guks)> 알해충
[2021-12-10 22:58:31] <%런웨이 (runway02)> 표준어가 하양 평준화된 느낌이네
[2021-12-10 22:58:32] <%제너럴레빌 (jhvirus333)> 맞음
[2021-12-10 22:58:42] <%제너럴레빌 (jhvirus333)> ㅅ발음...
[2021-12-10 22:58:43] <%미드에코_ (mid__ekko)> 하양ㅋㅋㅋㅋ
[2021-12-10 22:58:44] <~%예꿍_ (yeggung_)> 알애충
[2021-12-10 22:58:49] <%제너럴레빌 (jhvirus333)> ㅅ발음...욕아님
[2021-12-10 22:58:52] <%의욕있어 (halomang1027)> 윗옷 웃옷
[2021-12-10 22:58:52] <%설레는겨울 (nam1004wo0)> ㅋㅋㅋㅋㅋㅋㅋ
[2021-12-10 22:58:54] <%흑화가되어버린국스였던것 (darkmode_guks)> 알해충 위충 싸이에 울탈희는 있지만
[2021-12-10 22:59:00] <%에엘 (lyusei0628)> 애교도 안했는데 뭐가 힘들어
[2021-12-10 22:59:05] <%ロㅁロ (momoco963)> 받아쓰기 경쟁하면 또 승부욕생기는데
[2021-12-10 22:59:09] <%미드에코_ (mid__ekko)> ㅅ받침 들어가는게 6개아니었나
[2021-12-10 22:59:12] <%에엘 (lyusei0628)> 워료일
[2021-12-10 22:59:13] <%ロㅁロ (momoco963)> 워료일
[2021-12-10 22:59:14] <%설레는겨울 (nam1004wo0)> 워료일
[2021-12-10 22:59:15] <%죄송바람 (listenwell)> 일요일발음
[2021-12-10 22:59:18] <%흑화가되어버린국스였던것 (darkmode_guks)> 월욜일
[2021-12-10 22:59:21] <%에엘 (lyusei0628)> 월요일은 우리 동네 사투리 ㅋㅋ
[2021-12-10 22:59:24] <%ㄷ오망챠 (ododok_mango)> 워료일
[2021-12-10 22:59:24] <%제너럴레빌 (jhvirus333)> 월료일하면 ㄹ이 두갠데
[2021-12-10 22:59:25] <%설레는겨울 (nam1004wo0)> 월욜일 ㅋㅋㅋㅋㅋ
[2021-12-10 22:59:26] <%죄송바람 (listenwell)> 갱상도 월요일 일요일 앞에 액센트ㅋㅋ
[2021-12-10 22:59:30] <%ㄷ오망챠 (ododok_mango)> ?
[2021-12-10 22:59:30] <@^빵_떡 (bbangddeock)> 예꿍이가  13488 번째 갈고리 줍줍!!
[2021-12-10 22:59:30] <%+montgomerry> 최순실 탄핵때도 공항장애라고 적었다고 국감에서 뭐라하던데
[2021-12-10 22:59:32] <%제너럴레빌 (jhvirus333)> 워료일
[2021-12-10 22:59:32] <%ㄷ오망챠 (ododok_mango)> 워료일이라 하는데
[2021-12-10 22:59:38] <%ㄷ오망챠 (ododok_mango)> 네
[2021-12-10 22:59:38] <%ロㅁロ (momoco963)> 일요일도억양 같아요
[2021-12-10 22:59:41] <%ㄷ오망챠 (ododok_mango)> 워료일이라 하는데
[2021-12-10 22:59:46] <%의욕있어 (halomang1027)> 이거 어디까지 올라가는거예요?
[2021-12-10 22:59:48] <%ㄷ오망챠 (ododok_mango)> ㅋㅋㅋㅋㅋ
[2021-12-10 22:59:49] <%미드에코_ (mid__ekko)> 경상도는 [월료일]
[2021-12-10 22:59:50] <%제너럴레빌 (jhvirus333)> 스얼 사람덜언 워료일이라고 합니다
[2021-12-10 22:59:52] <%흑화가되어버린국스였던것 (darkmode_guks)> 며칠동안 몇칠동안
[2021-12-10 22:59:54] <%미드에코_ (mid__ekko)> 님들 선릉 어케읽음
[2021-12-10 22:59:55] <%ロㅁロ (momoco963)> 일반화
[2021-12-10 22:59:59] <%흑화가되어버린국스였던것 (darkmode_guks)> 몇일동안
[2021-12-10 22:59:59] <%죄송바람 (listenwell)> 킹급한 일반화
[2021-12-10 23:00:01] <%에엘 (lyusei0628)> 27년동안 경상도 벗어난적 없는데 우리 동네는 월료일이 표준어 맞음
[2021-12-10 23:00:03] <%미드에코_ (mid__ekko)> 서울 : 선능 / 경상도 : 설릉
[2021-12-10 23:00:11] <%의욕있어 (halomang1027)> 쌀   살
[2021-12-10 23:00:14] <%죄송바람 (listenwell)> 경상디언에선 그게 표준어입니다만?
[2021-12-10 23:00:15] <%ㄷ오망챠 (ododok_mango)> 경상도만 한국은 아니자나여 ㅋㅋ
[2021-12-10 23:00:18] <%흑화가되어버린국스였던것 (darkmode_guks)> 썬능
[2021-12-10 23:00:20] <%ㄷ오망챠 (ododok_mango)> ㅋㅋㅋㅋㅋ
[2021-12-10 23:00:20] <%ロㅁロ (momoco963)> 경상도라도 넓으니깐
[2021-12-10 23:00:22] <%죄송바람 (listenwell)> 설~릉
[2021-12-10 23:00:25] <%죄송바람 (listenwell)> 이라고 말해야지
[2021-12-10 23:00:33] <%설레는겨울 (nam1004wo0)> ㅋㅋㅋㅋㅋㅋ
[2021-12-10 23:00:33] <%제너럴레빌 (jhvirus333)> 경상도가 문제다
[2021-12-10 23:00:41] <%미드에코_ (mid__ekko)> 성조가 살아있는고임 ㅡㅡ
[2021-12-10 23:00:44] <%의욕있어 (halomang1027)> 숸눙~
[2021-12-10 23:00:44] <%에엘 (lyusei0628)> 선릉역ㅋㅋㅋㅋ반댓말은 누운릉역인가 ㅋㅋㅋㅋㅋㅋㅋ
[2021-12-10 23:00:52] <%의욕있어 (halomang1027)> 엌
[2021-12-10 23:00:54] <%ロㅁロ (momoco963)> 신라면도 실라면으로 읽는게 맞을텐데
[2021-12-10 23:00:59] <%설레는겨울 (nam1004wo0)> ㅋㅋㅋㅋㅋㅋㅋㅋ
[2021-12-10 23:01:00] <%ㄷ오망챠 (ododok_mango)> ㅋㅋㅋㅋㅋㅋㅋ
[2021-12-10 23:01:02] <%미드에코_ (mid__ekko)> ㅋㅋㅋㅋㅋㅋ
[2021-12-10 23:01:02] <%에엘 (lyusei0628)> ㅋㅋㅋㅋㅋㅋㅋㅋㅋㅋ
[2021-12-10 23:01:03] <%죄송바람 (listenwell)> ㅋㅋㅋㅋㅋㅋㅋㅋ
[2021-12-10 23:01:04] <%흑화가되어버린국스였던것 (darkmode_guks)> 선릉의 반대는 문릉이지
[2021-12-10 23:01:07] <%ㄷ오망챠 (ododok_mango)> 실라면
[2021-12-10 23:01:20] <%죄송바람 (listenwell)> 그립잡힐꺼같아 개무서워
[2021-12-10 23:01:21] <%제너럴레빌 (jhvirus333)> 신나면
[2021-12-10 23:01:22] <%ㄷ오망챠 (ododok_mango)> 앉은릉
[2021-12-10 23:01:25] <%설레는겨울 (nam1004wo0)> 그랩 ㅋㅋㅋㅋㅋㅋ
[2021-12-10 23:01:25] <%미드에코_ (mid__ekko)> ㅋㅋㅋㅋ
[2021-12-10 23:01:27] <%미드에코_ (mid__ekko)> 플큐 할거같아
[2021-12-10 23:01:28] <%ㄷ오망챠 (ododok_mango)> 롤충;
[2021-12-10 23:01:37] <%제너럴레빌 (jhvirus333)> 우리블츠는 항상 그랩끝에 참기름을 발라둬... 못끌어
[2021-12-10 23:01:47] <%미드에코_ (mid__ekko)> 그거 중독되면 샤워하다가 혼자 하하하하하
[2021-12-10 23:01:47] <%제너럴레빌 (jhvirus333)> 끌기쉬운 알리, 말파 그런거나 끌고
[2021-12-10 23:01:49] <%미드에코_ (mid__ekko)> 이러고있음
[2021-12-10 23:01:49] <%의욕있어 (halomang1027)> 자연스럽게 롤로 넘어가겠는데?ㅋㅋ
[2021-12-10 23:01:51] <%런웨이 (runway02)> 까마귀 울음 소리인줄
[2021-12-10 23:02:00] <%설레는겨울 (nam1004wo0)> ㅋㅋㅋㅋㅋㅋ
[2021-12-10 23:02:14] <%제너럴레빌 (jhvirus333)> 꿍리츠크랭크 하는거야이제?
[2021-12-10 23:02:15] <%미드에코_ (mid__ekko)> 이미 하면서 방송보는중
[2021-12-10 23:02:18] <%제너럴레빌 (jhvirus333)> 서폿 블츠 가요?
[2021-12-10 23:02:19] <%ロㅁロ (momoco963)> 계곡
[2021-12-10 23:02:22] <%에엘 (lyusei0628)> 방종 약 1시간 남았네
[2021-12-10 23:02:40] <%미드에코_ (mid__ekko)> 블츠는 칼바람가서 ap해야죠
[2021-12-10 23:02:42] <%죄송바람 (listenwell)> 블리츠끼리 서로 큐끌리면 가운데서 만나나요?
[2021-12-10 23:02:45] <%제너럴레빌 (jhvirus333)> 블리츠:@~~~~~~~읭
[2021-12-10 23:02:46] <%미드에코_ (mid__ekko)> 네
[2021-12-10 23:03:04] <%제너럴레빌 (jhvirus333)> 쓰레쉬:<----------봇
[2021-12-10 23:03:27] <%미드에코_ (mid__ekko)> ㅋㅋㅋㅋ
[2021-12-10 23:03:34] <%제너럴레빌 (jhvirus333)> 노틸:{~~~~~~~윷
[2021-12-10 23:03:34] <%설레는겨울 (nam1004wo0)> ㄹㅇㅋㅋ
[2021-12-10 23:03:39] <%에엘 (lyusei0628)> 우리가 시도때도없이 롤 얘기만 하는지 아나 ㅋㅋ
[2021-12-10 23:03:40] <%미드에코_ (mid__ekko)> 이제 먼저치고있네요
[2021-12-10 23:03:44] <%미드에코_ (mid__ekko)> ㄹㅇ
[2021-12-10 23:03:49] <%제너럴레빌 (jhvirus333)> 노틸처럼생겼자너
[2021-12-10 23:04:02] <%설레는겨울 (nam1004wo0)> 못알아 들어서 더한듯 ㅋㅋㅋㅋㅋ
[2021-12-10 23:04:06] <%에엘 (lyusei0628)> ㅋㅋ 눈치없는 쉑들 그러니 여친이 없지 ㅋㅋ
[2021-12-10 23:04:08] <%ㄷ오망챠 (ododok_mango)> 난가?
[2021-12-10 23:04:16] <%의욕있어 (halomang1027)> 카정
[2021-12-10 23:04:17] <%설레는겨울 (nam1004wo0)> ㅋㅋㅋㅋㅋㅋ
[2021-12-10 23:04:18] <%ㄷ오망챠 (ododok_mango)> 아뇨
[2021-12-10 23:04:19] <%미드에코_ (mid__ekko)> 그게먼데 씹덕들아 마저도 여기 용어였다
[2021-12-10 23:04:20] <%ㄷ오망챠 (ododok_mango)> 반대요
[2021-12-10 23:04:26] <%ㄷ오망챠 (ododok_mango)> 롤 하면 안보죠
[2021-12-10 23:04:30] <%ㄷ오망챠 (ododok_mango)> 어디든
[2021-12-10 23:04:40] <%제너럴레빌 (jhvirus333)> {~~~~~~~~~윷/ @~~~~~~~읭/ <--------봇 /순서대로 노틸,블츠,쓰래쉬 그랩
[2021-12-10 23:04:45] <@^빵_떡 (bbangddeock)> 어서오세요 아직 팔로우 안하셨다면 팔로우 부탁해요 °˖✧◝(⁰▿⁰)◜✧˖°
[2021-12-10 23:04:46] <%미드에코_ (mid__ekko)> ㅎㅎㅎㅎ
[2021-12-10 23:04:48] <%에엘 (lyusei0628)> 그거도 그렇긴 해
[2021-12-10 23:04:48] <%의욕있어 (halomang1027)> 전 롤 안 하는데 용어 거의 다 들어봄 ㅋㅋ
[2021-12-10 23:04:56] <%설레는겨울 (nam1004wo0)> 채팅창에 산타! 치면 나오나?
[2021-12-10 23:05:01] <%미드에코_ (mid__ekko)> 롤 드립 이해하려고 롤시작했다가 인생 갈았자너 어 ㅋㅋ
[2021-12-10 23:05:16] <%설레는겨울 (nam1004wo0)> ㅋㅋㅋㅋㅋㅋㅋㅋ
[2021-12-10 23:05:21] <%제너럴레빌 (jhvirus333)> 오죽하면 닉네임이 저러냐구
[2021-12-10 23:05:26] <%미드에코_ (mid__ekko)> 엌ㅋㅋ
[2021-12-10 23:05:35] <%미드에코_ (mid__ekko)> 미드에코가 맞음 미듯에코가 맞음?
[2021-12-10 23:05:39] <%설레는겨울 (nam1004wo0)> ㅋㅋㅋㅋㅋㅋㅋ
[2021-12-10 23:05:43] <~%예꿍_ (yeggung_)> 미데코
[2021-12-10 23:05:44] <%제너럴레빌 (jhvirus333)> 미드엣 코 아닐까?
[2021-12-10 23:05:47] <%설레는겨울 (nam1004wo0)> 미데코 ㅋㅋㅋㅋㅋ
[2021-12-10 23:05:50] <%미드에코_ (mid__ekko)> 네 예그겅님
[2021-12-10 23:05:57] <%제너럴레빌 (jhvirus333)> 미 드엣 코
[2021-12-10 23:06:02] <~%예꿍_ (yeggung_)> MIDEKKO
[2021-12-10 23:06:03] <%설레는겨울 (nam1004wo0)> 미데코 예그겅 ㅋㅋㅋㅋㅋ
[2021-12-10 23:06:12] <%제너럴레빌 (jhvirus333)> ㅋㅋㅋㅋㅋ
[2021-12-10 23:06:16] <%제너럴레빌 (jhvirus333)> 미덱코
[2021-12-10 23:06:21] <%미드에코_ (mid__ekko)> 짜증나 예그겅
[2021-12-10 23:06:25] <%에엘 (lyusei0628)> 당했으면 개억울했겠누
[2021-12-10 23:06:33] <%미드에코_ (mid__ekko)> 그래서 _ 2개나 넣어드렸자나요
[2021-12-10 23:06:42] <%제너럴레빌 (jhvirus333)> 류세이
[2021-12-10 23:06:44] <%에엘 (lyusei0628)> 손에 잡히는대로 친거임
[2021-12-10 23:06:46] <%미드에코_ (mid__ekko)> 탁세이
[2021-12-10 23:06:50] <%제너럴레빌 (jhvirus333)> 류세이인데 왜 L이야
[2021-12-10 23:06:51] <%제너럴레빌 (jhvirus333)> R아니고
[2021-12-10 23:06:53] <%에엘 (lyusei0628)> 왜 내 성 함부로 까발리냐
[2021-12-10 23:06:56] <%미드에코_ (mid__ekko)> 아세이 예 류세이 꿍
[2021-12-10 23:07:01] <%의욕있어 (halomang1027)> 제비 박씨
[2021-12-10 23:07:05] <%설레는겨울 (nam1004wo0)> ㅋㅋㅋㅋㅋ
[2021-12-10 23:07:14] <%에엘 (lyusei0628)> 이왕 언급할거 밀양박씨 규정공파 68대손 까지 언급해주셈
[2021-12-10 23:07:24] <%미드에코_ (mid__ekko)> 육수팍씨
[2021-12-10 23:07:31] <%에엘 (lyusei0628)> 육수 맞긴 한데 ㅋㅋ
[2021-12-10 23:07:32] <%제너럴레빌 (jhvirus333)> 본인이 전에 까발린거같은데 저거
[2021-12-10 23:07:32] <%+손해리 (sonhaery)> 좌예진
[2021-12-10 23:07:37] <%설레는겨울 (nam1004wo0)> 육수박씨 ㅋㅋㅋㅋㅋ
[2021-12-10 23:07:37] <%+손해리 (sonhaery)> 오 뭐임
[2021-12-10 23:07:41] <%+손해리 (sonhaery)> 샌위츼
[2021-12-10 23:07:43] <%제너럴레빌 (jhvirus333)> 나 여기서 저 규정공파 68대손 저사람 대사로 본거같음
[2021-12-10 23:07:45] <%에엘 (lyusei0628)> 빼빼로 때문에 개인정보 까야되는 일 있었는데
[2021-12-10 23:07:58] <%에엘 (lyusei0628)> 거기다 대고 내이름을 기억해주세요 예꿍님 후욱 하면서 굳이 안젇어도 되는 이름 적음
[2021-12-10 23:07:59] <%+손해리 (sonhaery)> 미국에선 ㅡㅡ 햄ㅂㅓ거도 가끔 샌드위치라구 부름
[2021-12-10 23:08:05] <%미드에코_ (mid__ekko)> ㅋㅋㅋㅋㅋㅋㅋㅋ
[2021-12-10 23:08:11] <%+손해리 (sonhaery)> 제 이름은 모르죠 하하
[2021-12-10 23:08:12] <%붉은_하늘 (sdline12)> ㅇㅅㅇ
[2021-12-10 23:08:14] <%미드에코_ (mid__ekko)> 에라이씨
[2021-12-10 23:08:15] <%설레는겨울 (nam1004wo0)> ㅋㅋㅋㅋㅋㅋㅋ
[2021-12-10 23:08:16] <%ㄷ오망챠 (ododok_mango)> ㅋㅋ
[2021-12-10 23:08:21] <%내에어팟ㅠ (whereismyairpot)> ㅋㅋㅋㅋㅋㅋㅋㅋ
[2021-12-10 23:08:22] <%제너럴레빌 (jhvirus333)> 이씨네
[2021-12-10 23:08:24] <%의욕있어 (halomang1027)> 남성이지~
[2021-12-10 23:08:25] <%제너럴레빌 (jhvirus333)> 에라 이씨
[2021-12-10 23:08:33] <%설레는겨울 (nam1004wo0)> 이라 이씨 ㅋㅋㅋㅋㅋ
[2021-12-10 23:08:37] <%제너럴레빌 (jhvirus333)> 에라'이'씨 본관이 에라구만
[2021-12-10 23:08:43] <%미드에코_ (mid__ekko)> 멀까
[2021-12-10 23:08:47] <%에엘 (lyusei0628)> 혹시나 목소리 궁금하면 전화하라고 폰번호도 남겼고
[2021-12-10 23:08:49] <%+쏘른 (startjdwl)> 겨우 밥 다 먹었네 -
[2021-12-10 23:08:51] <%내에어팟ㅠ (whereismyairpot)> 남자입니다
[2021-12-10 23:08:52] <%미드에코_ (mid__ekko)> ㅋㅋㅋㅋㅋㅋㅋㅋ
[2021-12-10 23:08:54] <%에엘 (lyusei0628)> 지나치다 한번 들리라고 주소도 까발림
[2021-12-10 23:08:55] <%죄송바람 (listenwell)> LA이씨요?
[2021-12-10 23:08:56] <%내에어팟ㅠ (whereismyairpot)> 성은
[2021-12-10 23:08:58] <%+쏘른 (startjdwl)> ㅋㅋㅋㅋㅋ
[2021-12-10 23:09:01] <%설레는겨울 (nam1004wo0)> 성은 남자 맞지
[2021-12-10 23:09:11] <%의욕있어 (halomang1027)> 궉 씨  이런게 특이한데 ㅋ
[2021-12-10 23:09:23] <%미드에코_ (mid__ekko)> 제갈씨였으면 좀 멋있었을거같은데
[2021-12-10 23:14:33] <%미드에코_ (mid__ekko)> 너무 흔해
[2021-12-10 23:16:43] <%에엘 (lyusei0628)> 제일 특이한건 폰씨지 ㅋㅋ
[2021-12-10 23:16:54] <%미드에코_ (mid__ekko)> 남궁씨
[2021-12-10 23:17:07] <%내에어팟ㅠ (whereismyairpot)> 폰 ㅋㅋㅋㅋ
[2021-12-10 23:17:11] <%설레는겨울 (nam1004wo0)> 폰씨 ㅋㅋㅋㅋㅋ
[2021-12-10 23:17:12] <%미드에코_ (mid__ekko)> 남궁에코
