# Log started: 2021-12-10 23:29:50 +0900
[2021-12-10 23:29:50] #yeo_ul 채널 입장 중입니다
[2021-12-10 23:29:50] #yeo_ul 채널에 입장했습니다
[2021-12-10 23:29:51] ~[6000팔 추카해죵] 여울 다마고찌 와따 (ฅ•ω•ฅ)♡ (Just Chatting)~
[2021-12-10 23:29:51] <%Ruwha89> 2020Rivalry
[2021-12-10 23:29:52] <%Camillabelle> 이럴수가...
[2021-12-10 23:30:00] <@%완두콩모찌 (letsgokygo)> 필드 플레이어들 다 헤드따셨네
[2021-12-10 23:30:24] <%전모릅니다_몰라요 (todaysl22l)> 근데 여울님 킹쁨 ㄹㅇ...
[2021-12-10 23:30:24] <@^싹둑 (ssakdook)> 아직도 여울이 팔로우 안한 바부가 있다궁? °˖✧◝(⁰▿⁰)◜✧˖°
[2021-12-10 23:30:26] <%며기 (biopoisn)> MercyWing1 yeoulBoo MercyWing2
[2021-12-10 23:30:27] <%Ruwha89> GlitchCat GlitchCat GlitchCat
[2021-12-10 23:30:32] <%며기 (biopoisn)> 이렇게 써야 하는 게 아니군요.
[2021-12-10 23:30:43] <%+그린팝 (popgr)> 손바닥 보이면 북..
[2021-12-10 23:30:44] <~%해까닥여울이 (yeo_ul)> yeoulBoo yeoulNosebleed yeoulSmile yeoulYeah yeoulPPo yeoulYeah yeoulPPo
[2021-12-10 23:30:47] <%며기 (biopoisn)> Squid1 yeoulBoo Squid2 Squid4
[2021-12-10 23:30:50] <%Camillabelle> yeoulNosebleed
[2021-12-10 23:30:54] <%며기 (biopoisn)> 이게 정답이라니
[2021-12-10 23:30:54] <%Ruwha89> 이제 맥주 더 마셔야징 ㅎㅎ
[2021-12-10 23:31:13] <@%완두콩모찌 (letsgokygo)> 류하님 맥주공장에서 파이프 뚫어드려야겠네
[2021-12-10 23:31:17] <%Camillabelle> 호가든이 깔끔해서 좋든데
[2021-12-10 23:31:21] <%며기 (biopoisn)> 전 기네스랑 필스너
[2021-12-10 23:31:25] <%+그린팝 (popgr)> ?
[2021-12-10 23:31:26] <@^빵_떡 (bbangddeock)> 롸 ? bbangd1Un
[2021-12-10 23:31:26] <%Ruwha89> 그냥 오랫만에 소시지랑 좀 어울리는 ... MAX 마시는데 개인취향이라 ㅎ
[2021-12-10 23:31:28] <%+그린팝 (popgr)> 그게 어디꺼더라..
[2021-12-10 23:31:28] <%며기 (biopoisn)> 스텔라도?
[2021-12-10 23:31:48] <%전모릅니다_몰라요 (todaysl22l)> 전 클라우드 ㅇㅇ
[2021-12-10 23:32:00] <@%완두콩모찌 (letsgokygo)> 축구쟁이라 칼스버그랑 하이네켄
[2021-12-10 23:32:01] <%Ruwha89> 피쳐로 마실떈 이거
[2021-12-10 23:32:04] <%며기 (biopoisn)> 참참 울나라 맥주 중에 골목대장이라고 있어용. 드셔보셈
[2021-12-10 23:32:05] <%전모릅니다_몰라요 (todaysl22l)> 맥주는 흑맥이 제일 맛있어서
[2021-12-10 23:32:08] <%Ruwha89> 캔 맥마실땐 또 다른거요 ㅎㅎ
[2021-12-10 23:32:09] <%며기 (biopoisn)> 수제맥주 맛 제대로 남
[2021-12-10 23:32:11] <%김바쿤 (bakoon6166)> 전 블랑 스텔라 칭따오 데스페라도스
[2021-12-10 23:32:17] <%김바쿤 (bakoon6166)> 에일 위주로 좋아하는듯
[2021-12-10 23:32:35] <%Ruwha89> 다음에 골목대장 마셔보겠습니다 ㅎ
[2021-12-10 23:32:41] <%전모릅니다_몰라요 (todaysl22l)> 여성분들이 좋아하는 맥주 목록이시네
[2021-12-10 23:32:51] <%Ruwha89> 하이네켄도 자주 마시긴해요 ㅎㅎ
[2021-12-10 23:33:00] <%Ruwha89> 여울님도 좋아하시는 하이 4캔 ^ ^
[2021-12-10 23:33:04] <%김바쿤 (bakoon6166)> 트름 씨게 나오는 맥주?
[2021-12-10 23:33:13] <%전모릅니다_몰라요 (todaysl22l)> ?
[2021-12-10 23:33:13] <@^빵_떡 (bbangddeock)> 롸 ? bbangd1Un
[2021-12-10 23:33:22] <%김바쿤 (bakoon6166)> 아 테라도 좋아함
[2021-12-10 23:33:29] <%+그린팝 (popgr)> 전 테라 되게 별로던데..
[2021-12-10 23:33:30] <%+그린팝 (popgr)> 너무 연함..
[2021-12-10 23:33:45] <%+그린팝 (popgr)> 맛 자체가 연해서..
[2021-12-10 23:33:47] <%전모릅니다_몰라요 (todaysl22l)> 테라는 쏘맥 말아 먹을때 좋음
[2021-12-10 23:33:51] <%라일렉 (pulbitz)> 사이다에 콜라 조금 섞으면 맥주색 나와요. 전 그거 마시는데;
[2021-12-10 23:33:54] <%Ruwha89> 테라 , 필 ~어쩌구 .. 가성비 맥주는 좀 엲더라고요 ㅎㅎ
[2021-12-10 23:34:03] <@%완두콩모찌 (letsgokygo)> 테슬라 말아먹어야쥐
[2021-12-10 23:34:11] <%며기 (biopoisn)> ㅇㅇ 맞아요.
[2021-12-10 23:34:14] <%며기 (biopoisn)> 테라는 폭탄제조용
[2021-12-10 23:34:19] <%며기 (biopoisn)> 테슬라 좋다
[2021-12-10 23:34:20] <@%완두콩모찌 (letsgokygo)> 이슬이랑 테라 국룰
[2021-12-10 23:34:23] <@%완두콩모찌 (letsgokygo)> 테슬라
[2021-12-10 23:34:28] <%+그린팝 (popgr)> 저는 맥주는 블랑 제일 좋아함
[2021-12-10 23:34:47] <%Ruwha89> 테슬라 ㄹㅇ ㅋㅋ
[2021-12-10 23:35:00] <%+그린팝 (popgr)> 그건 좀
[2021-12-10 23:35:02] <@%완두콩모찌 (letsgokygo)> 테라랑 카스랑 말아먹으면 카스테라아녀
[2021-12-10 23:35:05] <%전모릅니다_몰라요 (todaysl22l)> 그건 좀.....
[2021-12-10 23:35:10] <%Ruwha89> 과일 맥주는 취향이 ㅎㅎ..
[2021-12-10 23:35:12] <%+그린팝 (popgr)> 곰표는 괜찮던데
[2021-12-10 23:35:15] <%Ruwha89> 거의 민초 급
[2021-12-10 23:35:23] <%Ruwha89> 다음날 머리아파서 ?ㅋㅋㅋㅋ
[2021-12-10 23:35:34] <%며기 (biopoisn)> ㅋㅋㅋㅋㅋㅋ
[2021-12-10 23:35:40] <%Ruwha89> PrideLaugh PrideLaugh
[2021-12-10 23:36:02] <%전모릅니다_몰라요 (todaysl22l)> 트하하하ㅏ하ㅏ하하ㅏ하ㅏ하하ㅏㅎ
[2021-12-10 23:36:03] <@%완두콩모찌 (letsgokygo)> 대왕카스테라 안드셔보심?
[2021-12-10 23:36:18] <%콰랑 (bwhoarang)> 맥주에 맥주를 섞어먹는다구요? ㄷㄷ
[2021-12-10 23:36:20] <%Ruwha89> PrideLaugh PrideLaugh LUL
[2021-12-10 23:36:23] <%며기 (biopoisn)> 틀린말은 아니라 웃기도 뭐하고 안 웃기도 뭐한 애매한!!
[2021-12-10 23:36:29] <@%완두콩모찌 (letsgokygo)> 안드셔보셨죠
[2021-12-10 23:36:34] <@%완두콩모찌 (letsgokygo)> 먹어봐야지~
[2021-12-10 23:36:46] <%Ruwha89> 그 맥주들 마다 끝맛이 다른게 잇어서
[2021-12-10 23:36:56] <%Ruwha89> 나름 맥주 블랜딩도 괜찮긴해요 ㅋㅋ
[2021-12-10 23:37:02] <%며기 (biopoisn)> 소주도 재밌는게 지역 메이커마다 다 맛이 다르죠.
[2021-12-10 23:37:05] <%전모릅니다_몰라요 (todaysl22l)> 술은 개인취향이라 소믈레이들도 와인 추천 안 해줌 마트에서 싼것부터 자기취향에 맞춰서 고르라거했음
[2021-12-10 23:37:12] <%며기 (biopoisn)> 사실 위스키도 다 블랭딩해서 만드는 거라
[2021-12-10 23:37:14] <%Ruwha89> ㄹㅇ ㅋㅋㅋㅋ
[2021-12-10 23:37:20] <@%완두콩모찌 (letsgokygo)> 연태고량이 제일 맛있떤데
[2021-12-10 23:37:21] <%Ruwha89> 술은 취향 ㄹㅇ ㅋㅋ
[2021-12-10 23:37:31] <%전모릅니다_몰라요 (todaysl22l)> 술은 개취야
[2021-12-10 23:37:38] <@%완두콩모찌 (letsgokygo)> 연태 고량주
[2021-12-10 23:37:39] <%김바쿤 (bakoon6166)> 고량주
[2021-12-10 23:37:46] <%김바쿤 (bakoon6166)> 중국 술
[2021-12-10 23:37:54] <@%완두콩모찌 (letsgokygo)> 칭따오에 연태고량주 말아마시면 맛있음
[2021-12-10 23:37:56] <%며기 (biopoisn)> 술은 또 중국이 왔다죠.
[2021-12-10 23:37:58] <%전모릅니다_몰라요 (todaysl22l)> 중국 술 공부가주 좋아해요
[2021-12-10 23:38:03] <%며기 (biopoisn)> 종류가 뭐 수천수만가지라..
[2021-12-10 23:38:16] <%Ruwha89> 크 //
[2021-12-10 23:38:31] <%전모릅니다_몰라요 (todaysl22l)> 만들죠??
[2021-12-10 23:38:37] <%Ruwha89> 여울 눈나가 만드나요~?
[2021-12-10 23:38:42] <%Ruwha89> PrideLaugh
[2021-12-10 23:38:47] <%며기 (biopoisn)> 저는 뭐 중국에서 공수해온 거 뚜겅이 없더라고요. 술병에 그게 역대급 술이었었요.
[2021-12-10 23:38:47] <%Ruwha89> 당장 삽니다
[2021-12-10 23:38:47] <%김바쿤 (bakoon6166)> 스트리머들 초대해서 트위치 파티는 함
[2021-12-10 23:39:04] <%전모릅니다_몰라요 (todaysl22l)> 도수보고 살게요 저는..
[2021-12-10 23:39:08] <%며기 (biopoisn)> 입구 깨서 마시는 거였는데 ㅎㅎㅎㅎ
[2021-12-10 23:39:14] <%김바쿤 (bakoon6166)> 여또똥인줄
[2021-12-10 23:39:24] <%Ruwha89> ㅎㄷㄷ ? 입구 깨서...? 항아린가..
[2021-12-10 23:39:39] <%김바쿤 (bakoon6166)> 말도 안된다고 하기엔 전적이 있는걸
[2021-12-10 23:39:50] <%전모릅니다_몰라요 (todaysl22l)> 비요뜨는 응애들이 먹는거 아니에요??
[2021-12-10 23:39:53] <%며기 (biopoisn)> 뚜겅이 없더라고요. 원래 그런 술인데 역대급으로 깔끔했음. 도수는 엄청 높았는데
[2021-12-10 23:40:01] <@%완두콩모찌 (letsgokygo)> 입구꺠서 마시는거 마셔봤어여
[2021-12-10 23:40:03] <%Ruwha89> ㅋㅋㅋㅋㅋㅋㅋ
[2021-12-10 23:40:04] <@%완두콩모찌 (letsgokygo)> 갈색병이였음
[2021-12-10 23:40:14] <%Ruwha89> ㅋㅋㅋㅋㅋㅋㅋㅋㅋㅋㅋㅋㅋㅋㅋㅋㅋㅋㅋㅋㅋㅋ
[2021-12-10 23:40:16] <%며기 (biopoisn)> 박카스 아이스크림 ㄷㄷㄷㄷ
[2021-12-10 23:40:23] <%라일렉 (pulbitz)> 88년생 맞네;
[2021-12-10 23:40:24] <%김바쿤 (bakoon6166)> 유리 조각은 어떡함?
[2021-12-10 23:40:29] <%Ruwha89> 눈나 ...
[2021-12-10 23:40:31] <@%완두콩모찌 (letsgokygo)> 그건 유리잖수
[2021-12-10 23:40:35] <%Ruwha89> PogBones PogBones
[2021-12-10 23:40:39] <%DoToRiPark> 이모에게 라떼 이야기 듣기 컨텐츠
[2021-12-10 23:40:51] <@%완두콩모찌 (letsgokygo)> 꺠먹는 술은 도자기임
[2021-12-10 23:40:56] <%김바쿤 (bakoon6166)> 그럼 고모?
[2021-12-10 23:41:02] <%Ruwha89> 고모 ㅗㅜㅑ
[2021-12-10 23:41:09] <@^싹둑 (ssakdook)> https://www.youtube.com/channel/UCxmL6G2XAqB0EpQUwRPRqiw?view_as=subscriber   여우리 믿고 일단 구독 알림설정 꼬꼬! ◕‿◕✿
[2021-12-10 23:41:19] <@%완두콩모찌 (letsgokygo)> ㅋㅋㅋ 어르신들 맨날
[2021-12-10 23:41:19] <%Ruwha89> ㅋㅋㅋㅋㅋㅋ
[2021-12-10 23:41:21] <@%완두콩모찌 (letsgokygo)> 요거트보고 꼬모라고 하심
[2021-12-10 23:41:26] <%김바쿤 (bakoon6166)> 그뭔
[2021-12-10 23:41:27] <%며기 (biopoisn)> LuvUok
[2021-12-10 23:41:37] <%Ruwha89> 몇번 못 먹어본 그것 ..
[2021-12-10 23:41:41] <%김바쿤 (bakoon6166)> 라떼는 짜요짜요 먹고 자랐다 이마리야
[2021-12-10 23:41:42] <%Ruwha89> 라떼는 말이야 ~~~
[2021-12-10 23:41:44] <%DoToRiPark> 몰?루
[2021-12-10 23:41:45] <@%완두콩모찌 (letsgokygo)> 친척분들 맨날 여 꼬모있다 꼬모무라 꼬모 하셨지
[2021-12-10 23:41:58] <%김바쿤 (bakoon6166)> 모름
[2021-12-10 23:42:03] <%라일렉 (pulbitz)> 13살이라고 구라치셔서 하마터면 반말할 뻔 했어요 죄송해요
[2021-12-10 23:42:05] <%김바쿤 (bakoon6166)> 걍 딸기요플레 먹고 자람
[2021-12-10 23:42:14] <%DoToRiPark> 대체 국민학교 시대에는 어떻게 사신겁니까?
[2021-12-10 23:42:16] <@%완두콩모찌 (letsgokygo)> 13살입니다
[2021-12-10 23:42:33] <@%완두콩모찌 (letsgokygo)> 오는 2월에 초등학교 졸업해요
[2021-12-10 23:42:53] <@%완두콩모찌 (letsgokygo)> 중학교에 언니들 무서워서 저번에 우는 방송하심
[2021-12-10 23:42:58] <%DoToRiPark> 13살인데요 두 번째 13살이요 ㅋㅋㅋㅋㅋㅋㅋㅋㅋ
[2021-12-10 23:43:29] <%Ruwha89> ㄹㅇ ㅋㅋㅋ
[2021-12-10 23:43:33] <%Ruwha89> 2번째..
[2021-12-10 23:43:59] <%라일렉 (pulbitz)> 세번째..?
[2021-12-10 23:44:04] <%Ruwha89> 언제쩍거야~
[2021-12-10 23:44:12] <%며기 (biopoisn)> 오우!!!
[2021-12-10 23:44:15] <@%완두콩모찌 (letsgokygo)> ㅋㅋㅋㅋㅋㅋㅋㅋㅋㅋㅋ
[2021-12-10 23:44:17] <%Ruwha89> ㅋㅋㅋㅋ
[2021-12-10 23:44:20] <%전모릅니다_몰라요 (todaysl22l)> 저게 뭔가여??
[2021-12-10 23:44:20] <%라일렉 (pulbitz)> 세번째 맞네ㅋㅋㅋㅋㅋㅋ
[2021-12-10 23:44:22] <%Ruwha89> 언제쩍거야 ~~
[2021-12-10 23:44:25] <%Ruwha89> ㄹㅇ ㅋㅋ
[2021-12-10 23:44:32] <코끼리는부대찌개를좋아해 (jinc159)> ?????이게뭐에요???
[2021-12-10 23:44:38] <%DoToRiPark> 선생님 이미 광고 영상만 봐도 연륜이 느껴지자나요
[2021-12-10 23:44:42] <%전모릅니다_몰라요 (todaysl22l)> 이모 몇 년생이신가여?@
[2021-12-10 23:44:59] <%큐싸인 (tempjd)> !출첵
[2021-12-10 23:44:59] <@^빵_떡 (bbangddeock)> 큐싸인 --> [2021-12-10] 이 채널의 11 번째 출석체크입니다.  [8연속]
[2021-12-10 23:45:00] <@%완두콩모찌 (letsgokygo)> 09년생이요
[2021-12-10 23:45:02] <%큐싸인 (tempjd)> 여하여하~
[2021-12-10 23:45:04] <%Ruwha89> ㄹㅇ ㅋㅋ
[2021-12-10 23:45:04] <+LeBronto_> hello
[2021-12-10 23:45:05] <%며기 (biopoisn)> 이게 새 제품 나오면 은근슬쩍 사라지는 것도 있죠.
[2021-12-10 23:45:08] <%_강선생_ (ahakang77)> !나이
[2021-12-10 23:45:08] <@^빵_떡 (bbangddeock)> 13살
[2021-12-10 23:45:13] <%전모릅니다_몰라요 (todaysl22l)> 90년생..이시구나 그러면
[2021-12-10 23:45:34] <@%완두콩모찌 (letsgokygo)> 아이고 실수 08년생이네
[2021-12-10 23:45:40] <%Ruwha89> ㅋㅋㅋㅋㅋ
[2021-12-10 23:45:53] <%전모릅니다_몰라요 (todaysl22l)> ResidentSleeper ResidentSleeper ResidentSleeper ResidentSleeper
[2021-12-10 23:45:54] <%Ruwha89> 롸~?
[2021-12-10 23:46:00] <%라일렉 (pulbitz)> 밀레니엄 베이비는 밀레니엄 베이비라고 안해요;
[2021-12-10 23:46:01] <%전모릅니다_몰라요 (todaysl22l)> 울소리 ResidentSleeper ResidentSleeper
[2021-12-10 23:46:03] <%라일렉 (pulbitz)> 그런 말 몰라요
[2021-12-10 23:46:07] <%DoToRiPark> 선생님이 해주시는 옛날 이야기만 들어도 알 것 같아요 ㅋㅋㅋㅋ
[2021-12-10 23:46:10] <%며기 (biopoisn)> LUL LUL
[2021-12-10 23:46:17] <%라일렉 (pulbitz)> ㅋㅋㅋㅋㅋㅋ
[2021-12-10 23:46:30] <@%완두콩모찌 (letsgokygo)> 아이~ 그거 다 전래동화에서 본거지~
[2021-12-10 23:46:43] <%며기 (biopoisn)> 옛날 만화들 나오시면 줄줄 다 꿰고 계시는 거 아님??
[2021-12-10 23:46:50] <%전모릅니다_몰라요 (todaysl22l)> 누나 지구용사 선가드 보셨을거 같아여
[2021-12-10 23:46:51] <%DoToRiPark> 아까는 안 해봤냐면서요 ㅋㅋㅋㅋ
[2021-12-10 23:47:05] <%Ruwha89> 맞지맞지 부모님이 알려주신거지 ~
[2021-12-10 23:47:06] <@%완두콩모찌 (letsgokygo)> 전래동화 글쓴이보면 해까닥여울이 적혀있음 ㄹㅇ
[2021-12-10 23:47:10] <%Ruwha89> LUL LUL
[2021-12-10 23:47:26] <%+그린팝 (popgr)> ㅋㅋㅋㅋㅋㅋㅋㅋ
[2021-12-10 23:47:50] <%+애새기맨 (fkslck8)> 여하
[2021-12-10 23:47:50] <@^빵_떡 (bbangddeock)> 애새기맨 님 여하~! bbangd1Hi2
[2021-12-10 23:47:56] <%+애새기맨 (fkslck8)> 여바
[2021-12-10 23:47:56] <@^빵_떡 (bbangddeock)> 애새기맨 님 여바~! 내일 또 봐용~! bbangd1Hi2
[2021-12-10 23:48:08] <%Ruwha89> ㅋㅋㅋㅋ
[2021-12-10 23:48:26] <%Ruwha89> 인사만 하고 사라지는... NotLikeThis
[2021-12-10 23:48:30] <%Ruwha89> PogBones PogBones PogBones
[2021-12-10 23:48:32] <%+애새기맨 (fkslck8)> 밥먹는다고 폰킴
[2021-12-10 23:48:55] <%전모릅니다_몰라요 (todaysl22l)> 눈나 이쁘신데 방송시간대가 어케되나여?!
[2021-12-10 23:48:59] <%+애새기맨 (fkslck8)> 부대찌개
[2021-12-10 23:49:10] <%+애새기맨 (fkslck8)> 모바일이라 버퍼가 엄청기네;
[2021-12-10 23:49:11] <%지니미이 (oyoy7738)> 방장맘ㅇ;여
[2021-12-10 23:49:12] <%지니미이 (oyoy7738)> ㅋㅋㅋ
[2021-12-10 23:49:28] <%Ruwha89> 6시 ~ 6 시 ㄹㅇ ㅋㅋㅋ
[2021-12-10 23:49:29] <%며기 (biopoisn)> 혹시 싶어서 해여울 검색해보니 근초고왕이 나옵니다..이거 어떻게 된겁니까 LuvPeekL
[2021-12-10 23:49:44] <%+애새기맨 (fkslck8)> 여울이치면 동숲나옴!
[2021-12-10 23:49:44] <%전모릅니다_몰라요 (todaysl22l)> 어제 닼소울 한거 같던데...
[2021-12-10 23:49:55] <%며기 (biopoisn)> 블본 하셨지 않아유??
[2021-12-10 23:50:13] <%+애새기맨 (fkslck8)> 만능엔터테이너시네요
[2021-12-10 23:50:16] <@%완두콩모찌 (letsgokygo)> 밖에서는 잘 안켜서X
[2021-12-10 23:50:16] <%DoToRiPark> 주요 컨텐츠는 옛이야기
[2021-12-10 23:50:19] <@%완두콩모찌 (letsgokygo)> 밖에 잘 나가질 않아서O
[2021-12-10 23:50:29] <%+애새기맨 (fkslck8)> 주컨텐츠 틀니꺼내서 닦기
[2021-12-10 23:50:38] <%전모릅니다_몰라요 (todaysl22l)> 틀닠ㅋㅋㅋㅋㅋㅋㅋ
[2021-12-10 23:50:55] <%현석쿠_ (qkrgustjr200)> 게임해줘! 게임!
[2021-12-10 23:51:00] <%며기 (biopoisn)> 만능엔테테이너
[2021-12-10 23:51:04] <%전모릅니다_몰라요 (todaysl22l)> 아무거나 해줘 응애!!
[2021-12-10 23:51:05] <%+애새기맨 (fkslck8)> 에로게임해주나?
[2021-12-10 23:51:24] <%전모릅니다_몰라요 (todaysl22l)> 그건 정지라....
[2021-12-10 23:51:34] <%며기 (biopoisn)> 좋은 생각이시네요.
[2021-12-10 23:51:41] <%전모릅니다_몰라요 (todaysl22l)> 스팀에 19금 게임 있긴한데 그건 정지임
[2021-12-10 23:51:59] <%+애새기맨 (fkslck8)> happykYa happykS
[2021-12-10 23:52:44] <%Ruwha89> LUL LUL yeoulNosebleed
[2021-12-10 23:52:51] <%현석쿠_ (qkrgustjr200)> 저런
[2021-12-10 23:52:57] <%며기 (biopoisn)> LUL
[2021-12-10 23:53:02] <%Ruwha89> 올해 안에 1만 메모 -
[2021-12-10 23:53:06] <%+애새기맨 (fkslck8)> 비키니입어주나?
[2021-12-10 23:53:15] <%현석쿠_ (qkrgustjr200)> 게임 추천도 받으십니까?
[2021-12-10 23:53:22] <%+애새기맨 (fkslck8)> 뷰봇돌린다
[2021-12-10 23:53:25] <%+애새기맨 (fkslck8)> 딱기다려
[2021-12-10 23:53:46] <%DoToRiPark> 게임 할 때는 그냥 라디오로 들어서 ㅋㅋㅋㅋㅋ
[2021-12-10 23:53:48] <%현석쿠_ (qkrgustjr200)> 하루에 1000명씩 하면 4일이면 돼!
[2021-12-10 23:53:56] <%라일렉 (pulbitz)> 제 생각엔 더 추워지기 전에 입으시는 게 낫지 않을까요 제발
[2021-12-10 23:54:16] <%Ruwha89> 근데 입을때 장소도 중요합니다 ( 정지 이유가 될수잇음 ㅋㅋ)
[2021-12-10 23:54:26] <%라일렉 (pulbitz)> ?;
[2021-12-10 23:54:43] <%며기 (biopoisn)> 오잉 그래요??
[2021-12-10 23:54:46] <%+애새기맨 (fkslck8)> 장소라면 누드비치에서 방송되나
[2021-12-10 23:54:53] <%며기 (biopoisn)> 너무 과격한거만 입으시면 괜찮을거 같은데
[2021-12-10 23:54:55] <%+애새기맨 (fkslck8)> 가능?
[2021-12-10 23:54:59] <%며기 (biopoisn)> 안 입으시면
[2021-12-10 23:55:01] <%Ruwha89> 수영장이나 풀장 등등 아니면 수영복 불가 ㅋㅋㅋㅋ
[2021-12-10 23:55:12] <%며기 (biopoisn)> 오 그렇군요.
[2021-12-10 23:55:16] <%며기 (biopoisn)> 몰랐음.
[2021-12-10 23:55:21] <%현석쿠_ (qkrgustjr200)> 그럼 다른 방송보고 올 수 있게 방송 스케줄? 구성은 트게더에서 확인하면 되나요?
[2021-12-10 23:55:32] <%현석쿠_ (qkrgustjr200)> 전 게임쟁이….
[2021-12-10 23:55:32] <%DoToRiPark> 욕조에 물 가득 채우고 입으면 되겠네 ㅋㅋㅋㅋㅋㅋㅋㅋ
[2021-12-10 23:55:42] <%Ruwha89> 욕조 ㄹㅇ ㅋㅋㅋ PrideLaugh
[2021-12-10 23:55:47] <%라일렉 (pulbitz)> 빨간 대야..
[2021-12-10 23:55:55] <%며기 (biopoisn)> 빨간대야
[2021-12-10 23:56:04] <%현석쿠_ (qkrgustjr200)> 오케이 적당히 눈치보고 알아서
[2021-12-10 23:56:09] <%며기 (biopoisn)> 어릴때는 그 대야에 물 담으면 세상 모든 걸 가졌죠..후훗
[2021-12-10 23:56:11] <%Ruwha89> 큰거 올떄 미리 공지만 해주시면 됩니다 ㅎㅎ
[2021-12-10 23:56:23] <%Ruwha89> 어차피 매일 오는데 LUL LUL
[2021-12-10 23:56:55] <%DoToRiPark> 응애 나 애기 트수
[2021-12-10 23:57:03] <@^싹둑 (ssakdook)> 할말 없으면 ㄹㅇㅋㅋ
[2021-12-10 23:57:03] <데스멍 (noxerlys)> 빨간 다라이
[2021-12-10 23:57:28] <첼로가매질 (gusrl0627)> !나이
[2021-12-10 23:57:28] <@^빵_떡 (bbangddeock)> 13살
[2021-12-10 23:57:35] <%Ruwha89> 하얀 다라이 .. ?
[2021-12-10 23:57:38] <%DoToRiPark> !나이
[2021-12-10 23:57:38] <@^빵_떡 (bbangddeock)> 13살
[2021-12-10 23:57:40] <%DoToRiPark> 곱하기 2
[2021-12-10 23:57:44] <%라일렉 (pulbitz)> 하얀 다라이는 선넘네;
[2021-12-10 23:57:47] <%Ruwha89> ㄹㅇ ㅋㅋㅋㅋ
[2021-12-10 23:58:07] <%며기 (biopoisn)> 하얀 거에 펄 들어간거는 킹정이지 ㅋㅋ
[2021-12-10 23:58:12] <%DoToRiPark> 밤하늘에 퍼얼~
[2021-12-10 23:58:16] <%콰랑 (bwhoarang)> 빨간다라이 좋지
[2021-12-10 23:58:30] <%Ruwha89> 맞지맞지~
[2021-12-10 23:58:30] <%콰랑 (bwhoarang)> 여름엔 수영장으로 쓰고
[2021-12-10 23:58:34] <%콰랑 (bwhoarang)> 가을엔 김장통으로 쓰자너
[2021-12-10 23:58:40] <코끼리는부대찌개를좋아해 (jinc159)> 해방전후분인가요 동안이시네요
[2021-12-10 23:58:56] <%며기 (biopoisn)> 맞아요 맞어
[2021-12-10 23:59:03] <%DoToRiPark> 잊지말자 하여가
[2021-12-10 23:59:05] <%DoToRiPark> ㅋㅋㅋㅋㅋㅋㅋㅋㅋ
[2021-12-10 23:59:22] <%Ruwha89> 롸~~???ㅎ ㅎ ㅎ
[2021-12-10 23:59:50] <%DoToRiPark> 선생님 대체 무슨 말씀이세요???ㅋㅋㅋㅋㅋㅋ
[2021-12-11 00:00:14] <%Ruwha89> 누...눈나...
[2021-12-11 00:00:18] <%Ruwha89> PogBones
[2021-12-11 00:00:25] <%지각생입니담 (s0later)> 12시~!!
[2021-12-11 00:00:29] <@^싹둑 (ssakdook)> 아직도 여울이 팔로우 안한 바부가 있다궁? °˖✧◝(⁰▿⁰)◜✧˖°
[2021-12-11 00:00:29] <%DoToRiPark> ㅋㅋㅋㅋㅋㅋㅋㅋㅋㅋ
[2021-12-11 00:00:41] <%DoToRiPark> 퐁퐁!
[2021-12-11 00:00:41] <%전모릅니다_몰라요 (todaysl22l)> 트리오 ㅋㅋㅋㅋ
[2021-12-11 00:00:56] <%전모릅니다_몰라요 (todaysl22l)> 언제적... 추억아야
[2021-12-11 00:01:00] <%라일렉 (pulbitz)> 오늘 첨듣는 옛날 이야기 재미있게 듣고 있어요ㅇㅇ
[2021-12-11 00:01:04] <%yeonsukorea> 형님... 또 여기서 이러시면안됩니다 ..
[2021-12-11 00:01:07] <%전모릅니다_몰라요 (todaysl22l)> 알져알죠 ㅋㅋㅋ 그 퐁퐁트리오
[2021-12-11 00:01:09] Viewerstats (23:29-00:01): avg:169 min:161 max:178 [17/176+0+0-15+0+0+2+0+0+0+8+0+5+0+0+2+0]
[2021-12-11 00:01:47] <%콰랑 (bwhoarang)> 트리오
[2021-12-11 00:02:07] <%며기 (biopoisn)> 버추어파이터??
[2021-12-11 00:02:07] <%콰랑 (bwhoarang)> 법카요?
[2021-12-11 00:02:16] <%DoToRiPark> 버파가 뭔데요
[2021-12-11 00:02:18] <데스멍 (noxerlys)> 법인카드?
[2021-12-11 00:02:32] <%며기 (biopoisn)> 버파는 최신 겜인데요!!!
[2021-12-11 00:02:38] <%며기 (biopoisn)> 버파 온라인 공짜로 풀었어!!!!
[2021-12-11 00:02:41] <@%완두콩모찌 (letsgokygo)> 김성회 아저씨 세대 ㄷㄷ
[2021-12-11 00:02:42] <데스멍 (noxerlys)> 버츄어 파이터
[2021-12-11 00:02:44] <%DoToRiPark> 버블파이터는 내 조카가 보는 건데
[2021-12-11 00:02:44] <%콰랑 (bwhoarang)> 누나도 처키 이불속에서 숨죽이고 봤어요?
[2021-12-11 00:02:49] <%라일렉 (pulbitz)> 그게 먼데;
[2021-12-11 00:03:12] <%DoToRiPark> 그게 뭔데 이모야 ㅋㅋㅋㅋ
[2021-12-11 00:03:32] <%Ruwha89> ㄹㅇ ㅋㅋㅋㅋ
[2021-12-11 00:03:32] <%DoToRiPark> 와 쩐다
[2021-12-11 00:03:34] <@%완두콩모찌 (letsgokygo)> ㅋㅋㅋㅋㅋㅋㅋㅋㅋㅋㅋㅋㅋㅋ
[2021-12-11 00:03:37] <%며기 (biopoisn)> 최신식이다!!!!
[2021-12-11 00:03:44] <%DoToRiPark> 나 저거 사고 싶다 ㅋㅋㅋㅋ
[2021-12-11 00:03:50] <@%완두콩모찌 (letsgokygo)> 기운 하나도 없는 목소리가 킬포네
[2021-12-11 00:03:53] <%Ruwha89> 빨대요 ?? ㅋㅋㅋ
[2021-12-11 00:03:55] <%Ruwha89> ㄹㅇ ㅋㅋㅋㅋ
[2021-12-11 00:03:57] <%며기 (biopoisn)> 엄마 나도 사줘!!!
[2021-12-11 00:04:26] <@%완두콩모찌 (letsgokygo)> 난 에나벨때문에 무서워 응애
[2021-12-11 00:04:33] <%Ruwha89> ㄹㅇㅋㅋㅋ
[2021-12-11 00:04:37] <%라일렉 (pulbitz)> 인형이 무섭다면서 뒤에 다 인형인데요;
[2021-12-11 00:04:48] <%콰랑 (bwhoarang)> 니들이 주말의 영화를 알어!?
[2021-12-11 00:04:50] <@%완두콩모찌 (letsgokygo)> 항상 훈련중입니다
[2021-12-11 00:04:59] <%콰랑 (bwhoarang)> 주말의 명화를 알어!?
[2021-12-11 00:05:12] <@%완두콩모찌 (letsgokygo)> 와 이름
[2021-12-11 00:05:18] <쌀루 (parksungoh23)> 오침대가 없어졌당
[2021-12-11 00:05:18] <@%완두콩모찌 (letsgokygo)> 닉네임 너무 혐오스러우시다
[2021-12-11 00:05:18] <%라일렉 (pulbitz)> ㅇㅇ
[2021-12-11 00:05:29] <%DoToRiPark> 지금은 사람이 제일 무섭다 ㄷㄷㄷ
[2021-12-11 00:05:35] <@%완두콩모찌 (letsgokygo)> 자바 파이썬 리눅스 입니다 생님
[2021-12-11 00:05:52] <@%완두콩모찌 (letsgokygo)> 컴퓨터 프로그래밍 언어들
[2021-12-11 00:05:52] <%DoToRiPark> 공돌이들 갈려나가는 소리 안 들리게 해라!!!
[2021-12-11 00:05:53] <%DoToRiPark> ㅋㅋㅋㅋㅋㅋㅋㅋㅋㅋ
[2021-12-11 00:05:59] <%Ruwha89> 알죠
[2021-12-11 00:06:01] <%Ruwha89> ㅋㅋㅋㅋ
[2021-12-11 00:06:03] <%라일렉 (pulbitz)> 뭘 샀는데요
[2021-12-11 00:06:05] <%Ruwha89> 개그 ㅋㅋ
[2021-12-11 00:06:17] <%며기 (biopoisn)> 둘다 무서운데요...
[2021-12-11 00:06:32] <%DoToRiPark> 저는 너무 문과데숭
[2021-12-11 00:06:38] <레식팔이아재 (zcbm52)> 공대생 손
[2021-12-11 00:06:39] <%며기 (biopoisn)> 공돌이죠..뉍뉍
[2021-12-11 00:06:48] <데스멍 (noxerlys)> 조용히 있어야 겠다.
[2021-12-11 00:06:50] <%DoToRiPark> ㅇㅇ 자바 언어
[2021-12-11 00:06:52] <@%완두콩모찌 (letsgokygo)> 맞음
[2021-12-11 00:06:57] <%Ruwha89> ㅖ 자바 스크립트 ㅋㅋ
[2021-12-11 00:06:57] <%며기 (biopoisn)> ㅇㅇ
[2021-12-11 00:07:01] <%며기 (biopoisn)> 언어가 많음.
[2021-12-11 00:07:11] <@%완두콩모찌 (letsgokygo)> 내가 그걸로 먹고살잖아
[2021-12-11 00:07:37] <%Ruwha89> 핵 커 ㄹㅇ ㅋㅋ. yeoulNosebleed
[2021-12-11 00:07:44] <@%완두콩모찌 (letsgokygo)> 텐타몬 한솔이
[2021-12-11 00:07:47] <%며기 (biopoisn)> 그건 컴공 전자 쪽이고 토목 전기 건축 기계 가면 걍 노가다야...이런 환상이라니..ㅋㅋㅋㅋ
[2021-12-11 00:08:02] <%DoToRiPark> 이모 그거 나왔을 때 이미 고딩 아니였어요??? ㅋㅋㅋㅋㅋ
[2021-12-11 00:08:15] <@%완두콩모찌 (letsgokygo)> 내일 주말이라서 출근안해도 되서 채팅중 ㅋㅋㅋ
[2021-12-11 00:08:20] <%전모릅니다_몰라요 (todaysl22l)> 어제랑 다르게 신나셨네 ㅋㅋㅋ
[2021-12-11 00:08:31] <%+그린팝 (popgr)> ㅋㅋㅋㅋㅋㅋㅋㅋ
[2021-12-11 00:08:32] <%Ruwha89> 내일 가족여행가서 금방 자러가야함 NotLikeThis NotLikeThis
[2021-12-11 00:08:42] <%며기 (biopoisn)> 오우 가족여행!!
[2021-12-11 00:08:46] <notebookhp> 불금~~!
[2021-12-11 00:08:49] <%며기 (biopoisn)> 저도 다음달 잡혀 있음.
[2021-12-11 00:08:55] <%전모릅니다_몰라요 (todaysl22l)> 어허
[2021-12-11 00:09:04] <%DoToRiPark> 잠시 소란이 있었어요
[2021-12-11 00:09:20] <%+그린팝 (popgr)> ??
[2021-12-11 00:09:20] <%Ruwha89> 아무일도 없엇당 !
[2021-12-11 00:09:22] <%Ruwha89> ㅋㅋㅋㅋ
[2021-12-11 00:09:24] <%+그린팝 (popgr)> ㅇ무슨일이있었길래
[2021-12-11 00:09:27] <%+그린팝 (popgr)> 겜하다 왔더니
[2021-12-11 00:09:38] <%며기 (biopoisn)> SirPrise
[2021-12-11 00:09:40] <%Ruwha89> 으악 ....
[2021-12-11 00:09:45] <%leegyeok> ㅎㅎ
[2021-12-11 00:09:45] <%Ruwha89> 여울이가 사라졌다 ...
[2021-12-11 00:09:47] <@%완두콩모찌 (letsgokygo)> 팬더더님
[2021-12-11 00:09:49] <@%완두콩모찌 (letsgokygo)> 머리카락이 생기셨네요
[2021-12-11 00:09:51] <@%완두콩모찌 (letsgokygo)> 축하드립니다
[2021-12-11 00:10:14] <%며기 (biopoisn)> 으메 벌써 12시 넘었네요...
[2021-12-11 00:10:22] <%라일렉 (pulbitz)> 팬더 살 때부터 저렇게 우울한 표정이었나요;
[2021-12-11 00:10:42] <%득케 (nada9038)> @Ruwha89 정기구독권 선물, 고마워요!
[2021-12-11 00:10:44] <@%완두콩모찌 (letsgokygo)> 우울한 팬더더님의 제로투
[2021-12-11 00:10:46] <%며기 (biopoisn)> 누가봐도 아니었던거 같아요.
[2021-12-11 00:10:55] <%라일렉 (pulbitz)> 황달이 되셨네..
[2021-12-11 00:10:57] <%며기 (biopoisn)> 세월의 풍파를 다 맞은 팬더님.
[2021-12-11 00:11:02] <%전모릅니다_몰라요 (todaysl22l)> 울
[2021-12-11 00:11:02] <@%완두콩모찌 (letsgokygo)> 의자에 묶여서 제로투만 추셔서 슬퍼하십니다
[2021-12-11 00:11:04] <%전모릅니다_몰라요 (todaysl22l)> 이
[2021-12-11 00:11:11] <%+그린팝 (popgr)> 이쁘다!
[2021-12-11 00:11:42] <%Ruwha89> 와 정말 예쁘시네요 PrideLaugh
[2021-12-11 00:11:56] <%전모릅니다_몰라요 (todaysl22l)> 여기 간신방인가여??
[2021-12-11 00:12:09] <%DoToRiPark> 여울 무게를 이겨내고 제로투 장인이 되신 핑팬
[2021-12-11 00:12:15] <@%완두콩모찌 (letsgokygo)> 전 충신입니다
[2021-12-11 00:12:15] <%Ruwha89> 수명연장 방송입니다 ^ ^
[2021-12-11 00:12:19] <가변가속 (nighttem99)> 와 오늘은 분위기가 색다르군요
[2021-12-11 00:12:23] <%+그린팝 (popgr)> zzzz
[2021-12-11 00:12:24] <%+그린팝 (popgr)> ㅋㅋㅋㅋ
[2021-12-11 00:12:27] <가변가속 (nighttem99)> 머리 그렇게 하니까 좋당~
[2021-12-11 00:12:35] <%+그린팝 (popgr)> ?
[2021-12-11 00:12:35] <@^빵_떡 (bbangddeock)> 롸 ? bbangd1Un
[2021-12-11 00:12:37] <%+그린팝 (popgr)> 피지컬 과시?
[2021-12-11 00:12:46] <%yeonsukorea> 간신히열렸는데 그걸닫아?
[2021-12-11 00:12:52] <가변가속 (nighttem99)> 난 피지컬말고 머리 생각햇는데...
[2021-12-11 00:13:03] <가변가속 (nighttem99)> 갑자기 피지컬 자랑함 ;;
[2021-12-11 00:13:03] <%+그린팝 (popgr)> 어 그 뭐 할 어..
[2021-12-11 00:13:06] <%+그린팝 (popgr)> 아무말도 못하겠다
[2021-12-11 00:13:08] <%+그린팝 (popgr)> ㅋㅋㅋㅋㅋㅋㅋㅋㅋㅋㅋㅋ
[2021-12-11 00:13:11] <%며기 (biopoisn)> 개인적으로 딱 좋으신거 같은...커험
[2021-12-11 00:13:21] <%며기 (biopoisn)> BegWan BegWan
[2021-12-11 00:13:21] <%콰랑 (bwhoarang)> 여울아 그건 욕심이야
[2021-12-11 00:13:25] <%DoToRiPark> 판사님 저는 아무 채팅도 하지 않았습니다
[2021-12-11 00:13:38] <%+그린팝 (popgr)> 아뇨 그거는 뭐 여울님이 원하시는거라서
[2021-12-11 00:13:40] <%+그린팝 (popgr)> 할말이 없죠
[2021-12-11 00:13:41] <%+그린팝 (popgr)> ㅋㅋㅋㅋㅋㅋㅋㅋㅋㅋ
[2021-12-11 00:14:12] <@%완두콩모찌 (letsgokygo)> 조약돌 주시면 그걸로 오징어 구워먹겠습니다
[2021-12-11 00:14:26] <%+그린팝 (popgr)> ㅋㅋㅋㅋㅋㅋㅋㅋㅋ
[2021-12-11 00:14:38] <%Ruwha89> PrideLaugh PrideLaugh LUL LUL
[2021-12-11 00:14:53] <%+그린팝 (popgr)> 으악 트수를 구워먹다니
[2021-12-11 00:14:59] <@%완두콩모찌 (letsgokygo)> 트수가 맛있지~
[2021-12-11 00:15:07] <@%완두콩모찌 (letsgokygo)> 크리스마스가 트수제철입니다
[2021-12-11 00:15:12] <%Ruwha89> ㄹㅇ ㅋㅋㅋ
[2021-12-11 00:15:16] <%며기 (biopoisn)> yeoulNosebleed
[2021-12-11 00:15:17] <%Ruwha89> ㅎㅅㄹ ㅎㅈㅁ ~~
[2021-12-11 00:15:24] <%Ruwha89> LUL yeoulYeah PogBones
[2021-12-11 00:15:25] <%며기 (biopoisn)> 오오 보노보노
[2021-12-11 00:15:36] <@%완두콩모찌 (letsgokygo)> 류하님 오늘 헤드 많이따시더니
[2021-12-11 00:15:36] <%Ruwha89> 빌드업 성공 ㄹㅇ ㅋㅋ
[2021-12-11 00:15:39] <@%완두콩모찌 (letsgokygo)> 룰렛까지 헤드따시네
[2021-12-11 00:15:46] <%전모릅니다_몰라요 (todaysl22l)> 근데 다마고찌는 키우는거 아닌가여?!
[2021-12-11 00:15:53] <@%완두콩모찌 (letsgokygo)> 여우리키우기입니다
[2021-12-11 00:15:59] <킹직히킹무님킹쁜건킹정임 (0james_0bond7)> 여하
[2021-12-11 00:15:59] <@^빵_떡 (bbangddeock)> 킹직히킹무님킹쁜건킹정임 님 여하~! bbangd1Hi2
[2021-12-11 00:16:24] <계란이왔어요팟수 (pqpq8811)> 오 오랫만에 봉인이 풀렸군하..
[2021-12-11 00:16:37] <계란이왔어요팟수 (pqpq8811)> 바둑알~
[2021-12-11 00:16:46] <%Ruwha89> LUL LUL
[2021-12-11 00:16:52] <계란이왔어요팟수 (pqpq8811)> ㅗㅜㅑ..
[2021-12-11 00:17:00] <ehddus7> 저렇게 예쁘면 사는게 재밋겠다
[2021-12-11 00:17:08] <teenstef> hot
[2021-12-11 00:17:10] <계란이왔어요팟수 (pqpq8811)> 여자로만 태어나도 재밌을듯
[2021-12-11 00:17:26] <%Ruwha89> yeoulYeah yeoulPPo yeoulYeah yeoulPPo 2020Rivalry
[2021-12-11 00:17:54] <@%완두콩모찌 (letsgokygo)> 포카리 받았다 뺏기면 재미는 없을듯
[2021-12-11 00:17:58] <킹직히킹무님킹쁜건킹정임 (0james_0bond7)> 예쁘면 피곤한가
[2021-12-11 00:18:07] <가변가속 (nighttem99)> 저요
[2021-12-11 00:18:12] <%전모릅니다_몰라요 (todaysl22l)> 모르겠어여 기준점이 다 다르니깐
[2021-12-11 00:18:15] <레식팔이아재 (zcbm52)> 나쁘지않을꺼같은데
[2021-12-11 00:18:15] <+더덕 (dueduk1111)> 잘생긴 남자는 안되나여
[2021-12-11 00:18:19] <가변가속 (nighttem99)> 저 다음에 여자로 태어나서 여캠 달릴려구요
[2021-12-11 00:18:20] <계란이왔어요팟수 (pqpq8811)> 저여
[2021-12-11 00:18:30] <@%완두콩모찌 (letsgokygo)> 이분 반경 500m 안에 가시면 여자되기 가능합니다
[2021-12-11 00:18:47] <%ktla22> 여하 여하
[2021-12-11 00:18:47] <@^빵_떡 (bbangddeock)> ktla22 님 여하~! bbangd1Hi2
[2021-12-11 00:18:54] <%ktla22> ㅗㅜㅑ......
[2021-12-11 00:18:58] <%ktla22> 6천팔 ㅊㅋㅊㅋ
[2021-12-11 00:19:04] <가변가속 (nighttem99)> 모르죠 아직 환생을 안해봐서 ;;
[2021-12-11 00:19:13] <%ktla22> ㅎㅎㅎ
[2021-12-11 00:19:40] <%며기 (biopoisn)> 반대로 여울님은 남자 되고 싶은 적 없음??
[2021-12-11 00:19:51] <%콰랑 (bwhoarang)> 여철이
[2021-12-11 00:19:56] <%Ruwha89> ㅋㅋㅋㅋㅋㅋㅋㅋㅋㅋㅋㅋ
[2021-12-11 00:19:59] <가변가속 (nighttem99)> 오~ 린정
[2021-12-11 00:19:59] <%전모릅니다_몰라요 (todaysl22l)> ㅋㅋㅋㅋㅋㅋㅋㅋㅋㅋㅋㅋ
[2021-12-11 00:20:02] <가변가속 (nighttem99)> 지금도 가능
[2021-12-11 00:20:04] <%며기 (biopoisn)> yeoulNosebleed
[2021-12-11 00:20:05] <%ktla22> ㅋㅋㅋㅋㅋㅋㅋㅋ
[2021-12-11 00:20:10] <%전모릅니다_몰라요 (todaysl22l)> 누나 지금 쌉가능임
[2021-12-11 00:20:30] <%전모릅니다_몰라요 (todaysl22l)> ㄹㅇ 가능함
[2021-12-11 00:20:53] <%전모릅니다_몰라요 (todaysl22l)> 여자한테 번호 겁나 따이겠네
[2021-12-11 00:21:02] <%+그린팝 (popgr)> 이뻐서 사람들이 너무 들이대서?
[2021-12-11 00:21:17] <@%완두콩모찌 (letsgokygo)> 다가온 사람 : 혹시 도를 믿으시나요?
[2021-12-11 00:21:17] <%Ruwha89> 2020Rivalry 2020Rivalry
[2021-12-11 00:21:25] <%루니ル (lunseu)> fammefLoveYouBong fammefLoveYouBong
[2021-12-11 00:21:49] <%며기 (biopoisn)> 도를 믿으시나요 갸들 패턴이 너무 똑같아서
[2021-12-11 00:21:49] <%전모릅니다_몰라요 (todaysl22l)> 도가 아니라 요즘은 사이비 종교에요 조심해야함
[2021-12-11 00:21:50] <~%해까닥여울이 (yeo_ul)> yeoulNosebleed yeoulNosebleed yeoulNosebleed yeoulNosebleed yeoulNosebleedyeoulNosebleed yeoulNosebleed
[2021-12-11 00:21:54] <%며기 (biopoisn)> 저는 외려 놀려준적 있는데
[2021-12-11 00:21:56] <%북미잼 (vampireweekendstep)> yeoulNosebleed yeoulNosebleed yeoulNosebleed
[2021-12-11 00:22:02] <@%완두콩모찌 (letsgokygo)> 걔네 놀리면 재밌는데
[2021-12-11 00:22:14] <%ktla22> 코로나따윈 도를 믿는 사람들의 광기를 막을수 없음 ㄷㄷ
[2021-12-11 00:22:28] <%며기 (biopoisn)> 롯데리아 가자 해서 따라가서 진짜 커피만 딱 한잔 시켜주고ㅋㅋㅋ
[2021-12-11 00:22:39] <%Ruwha89> 120원 ㄹㅇ ...
[2021-12-11 00:22:49] <%Ruwha89> 그분이다 ㅋㅋ
[2021-12-11 00:22:58] <%며기 (biopoisn)> 입이 안 맞구나.ㅋㅋㅋ
[2021-12-11 00:23:02] <@^싹둑 (ssakdook)> 간신 도네는 언제나 환영이라구 ٩(๑• ₃ -๑)۶♥
[2021-12-11 00:23:36] <%Ruwha89> 김경호님 노래 는 ㄹㅇ ..
[2021-12-11 00:23:39] <%Ruwha89> 충만하죠
[2021-12-11 00:23:44] <@%완두콩모찌 (letsgokygo)> 경호언니 노래 ㄷㄷ
[2021-12-11 00:23:51] <%나와_음악_그리고_당신 (themostarrogantchild)> BibleThump
[2021-12-11 00:23:52] <%며기 (biopoisn)> 경호언니!!!
[2021-12-11 00:23:58] <%나와_음악_그리고_당신 (themostarrogantchild)> ㅋㅋㅋ
[2021-12-11 00:24:11] <@%완두콩모찌 (letsgokygo)> 얘는 그냥! 얘! 나랑 같이 공연하자!
[2021-12-11 00:24:47] <@%완두콩모찌 (letsgokygo)> 신디사이저
[2021-12-11 00:24:50] <%Ruwha89> ??? : 자 ? ( 라고 카톡오셨나 .. NotLikeThis )
[2021-12-11 00:24:52] <%나와_음악_그리고_당신 (themostarrogantchild)> 나도 건반 좀 치지
[2021-12-11 00:24:53] <%Ruwha89> 건반 ?
[2021-12-11 00:24:55] <%현석쿠_ (qkrgustjr200)> 어쩐지 뒤에 기타있더라
[2021-12-11 00:24:55] <%ktla22> ㅗㅜㅑㅗㅜㅑ
[2021-12-11 00:25:04] <%Ruwha89> ㄹㅇ ㅋㅋㅋㅋ
[2021-12-11 00:25:06] <%ktla22> 갑시다
[2021-12-11 00:25:08] <@%완두콩모찌 (letsgokygo)> 해까닥밴드 가자
[2021-12-11 00:25:10] <%며기 (biopoisn)> 오 베이스랑 보컬 드럼만 있으면 되겠네요.
[2021-12-11 00:25:19] <%ktla22> 여울이 가자는 곳이면 지옥이라도 가야지
[2021-12-11 00:25:25] <%Ruwha89> ?
[2021-12-11 00:25:26] <@^빵_떡 (bbangddeock)> 롸 ? bbangd1Un
[2021-12-11 00:25:27] <%전모릅니다_몰라요 (todaysl22l)> ?
[2021-12-11 00:25:28] <%Ruwha89> !선
[2021-12-11 00:25:28] <@^빵_떡 (bbangddeock)> 스트리머가  15 번째 선을 넘으셨습니다. bbangd1Pop
[2021-12-11 00:25:30] <%며기 (biopoisn)> ??
[2021-12-11 00:25:41] <@%완두콩모찌 (letsgokygo)> ㄴㄴ 생님 노래 괜찮게 부름
[2021-12-11 00:25:42] <%ktla22> 잘불러
[2021-12-11 00:25:50] <%Ruwha89> 노래로 혼내줘요 yeoulNosebleed yeoulNosebleed
[2021-12-11 00:25:56] <%며기 (biopoisn)> 오우 기대기대
[2021-12-11 00:26:05] <%나와_음악_그리고_당신 (themostarrogantchild)> 원피아노 원보컬 조합이면 발라드 반주해서 분위기잡으면 좋음
[2021-12-11 00:26:08] <%전모릅니다_몰라요 (todaysl22l)> 개미털기 ㄴㄴ...
[2021-12-11 00:26:18] <@%완두콩모찌 (letsgokygo)> 안돼 나 드럼치게 해줘요 작게 쳐줌
[2021-12-11 00:26:19] <%Ruwha89> 혼날 준비 다 되있다구요 ~
[2021-12-11 00:26:33] <%Ruwha89> ㄹㅇ ㅋㅋ LUL
[2021-12-11 00:26:44] <%나와_음악_그리고_당신 (themostarrogantchild)> BloodTrail BloodTrail BloodTrail
[2021-12-11 00:26:53] <%ktla22> 흠
[2021-12-11 00:26:59] <%ktla22> ㅋㅋㅋㅋㅋㅋㅋㅋㅋㅋㅋㅋㅋㅋㅋ
[2021-12-11 00:27:05] <notebookhp> ?
[2021-12-11 00:27:06] <@^빵_떡 (bbangddeock)> 롸 ? bbangd1Un
[2021-12-11 00:27:07] <%Ruwha89> 짤한다 ~
[2021-12-11 00:27:09] <%Ruwha89> 잘한당 ~
[2021-12-11 00:27:09] <@%완두콩모찌 (letsgokygo)> (대충 JYP가 비둘기처럼 머리 흔드는 짤)
[2021-12-11 00:27:12] <%나와_음악_그리고_당신 (themostarrogantchild)> 오 그래도 코드 바뀐다
[2021-12-11 00:27:17] <%Ruwha89> 워 ~~우
[2021-12-11 00:27:22] <%Ruwha89> 워어ㅓㅓㅓ어어 ~
[2021-12-11 00:27:41] <%ktla22> 여울이 피곤해져써
[2021-12-11 00:27:43] <%Ruwha89> ( 기타타 님 부럽 )
[2021-12-11 00:27:48] <@%완두콩모찌 (letsgokygo)> 생님 피크하나 사유
[2021-12-11 00:27:50] <%Ruwha89> PogBones
[2021-12-11 00:27:50] <@%완두콩모찌 (letsgokygo)> 얼마안해 피크
[2021-12-11 00:27:52] <%며기 (biopoisn)> 기타 끝..ㅋㅋㅋ
[2021-12-11 00:28:12] <%ktla22> 소리가 안나요
[2021-12-11 00:28:19] <%나와_음악_그리고_당신 (themostarrogantchild)> 손안아프게해주는 기타골무 같은것도 있음 완전 쌈
[2021-12-11 00:28:39] <%ktla22> 저만 안들리나요
[2021-12-11 00:28:56] <%ktla22> 앗 이제 들린다
[2021-12-11 00:29:13] <%며기 (biopoisn)> 기타를 더 몸에 붙이세요.ㅋㅋ
[2021-12-11 00:29:14] <hotgogt> 뭐야 왜 이렇게 이뻐요?
[2021-12-11 00:29:24] <%며기 (biopoisn)> 이게 다 블본 탓이다.
[2021-12-11 00:29:29] <%ktla22> 넹넹
[2021-12-11 00:29:32] <%ktla22> 기대하겠읍니다
[2021-12-11 00:29:41] <%전모릅니다_몰라요 (todaysl22l)> ㅗㅜㅑ..
[2021-12-11 00:29:48] <%Ruwha89> 분위기 괜찮으면 노래 한 곡 ( 1절 ) 해주세요 PrideLaugh
[2021-12-11 00:29:55] <%ktla22> 대충 오처넌이면 세개올듯
[2021-12-11 00:29:56] <%Ruwha89> ( 나오늘 구독권 많이 쏨 )
[2021-12-11 00:30:09] <%나와_음악_그리고_당신 (themostarrogantchild)> 전 사람들이 음악에 관심 쪼금 있는거만 봐도 기뻐요
[2021-12-11 00:30:10] <@%완두콩모찌 (letsgokygo)> 피크 100개에 9800원이네
[2021-12-11 00:30:22] <@^싹둑 (ssakdook)> 아직도 여울이 팔로우 안한 바부가 있다궁? °˖✧◝(⁰▿⁰)◜✧˖°
[2021-12-11 00:30:24] <%ktla22> 100개에 9800 원 ㅋㅋㅋㅋ
[2021-12-11 00:30:24] <레식팔이아재 (zcbm52)> 피크 화투 짤라서 쓰는게 젤 좋다라고했는데
[2021-12-11 00:30:36] <%며기 (biopoisn)> 피크 여튼 쌉니다.
[2021-12-11 00:31:09] <%며기 (biopoisn)> 담달에 소울가면 기타 하나 장만 할 생각 저도 있는데..허허
[2021-12-11 00:31:14] <%며기 (biopoisn)> 낙원가서리
[2021-12-11 00:31:14] <@%완두콩모찌 (letsgokygo)> 드럼치면서 울어도 봤다아이가~
[2021-12-11 00:31:17] Viewerstats (00:03-00:31): avg:178 min:172 max:185 [15/172+0+0+9+0-3-3+0+0+7+0+3+0-2+0]
[2021-12-11 00:31:19] <%나와_음악_그리고_당신 (themostarrogantchild)> ㅋㅋㅋ 블본은 안아프잖아 통기타는 아파 ㅋㅋㅋㅋ
[2021-12-11 00:31:27] <@%완두콩모찌 (letsgokygo)> 음악은 힘든기야
[2021-12-11 00:31:32] <%며기 (biopoisn)> 워우워우워어어어~~~
[2021-12-11 00:32:12] <%전모릅니다_몰라요 (todaysl22l)> 음악은 평범한 일상속에서 완벽을 만들어줄 수 있다 -비긴 어게인 대사-
[2021-12-11 00:32:14] <%나와_음악_그리고_당신 (themostarrogantchild)> BloodTrail BloodTrail BloodTrail BloodTrail BloodTrail BloodTrail
[2021-12-11 00:32:28] <%며기 (biopoisn)> 종신형 본능적으로 좋니 이런것도 좋은데 예전 노래 부디나 환생 이런것도 좋아요.
[2021-12-11 00:32:50] <%Ruwha89> ㅗㅜㅑ
[2021-12-11 00:32:51] <%Ruwha89> !클립
[2021-12-11 00:32:53] <@^빵_떡 (bbangddeock)> [클립생성] 클립 생성이 진행중입니다. 클립 생성에 약 5초 정도 소요됩니다.
[2021-12-11 00:32:56] <@%완두콩모찌 (letsgokygo)> 평범한 일상속 완벽을 만들어줄수있고
[2021-12-11 00:32:58] <@^빵_떡 (bbangddeock)> [클립생성] @Ruwha89 클립이 생성되었습니니다. 클립 주소 : https://clips.twitch.tv/BitterElegantBaconTF2John-YQ2k_LYiypbaaPNH
[2021-12-11 00:32:58] <%나와_음악_그리고_당신 (themostarrogantchild)> ㅗㅜㅑ
[2021-12-11 00:33:03] <@%완두콩모찌 (letsgokygo)> 공연경험은 인생에 꿈을 만들어줄수있습니다
[2021-12-11 00:33:16] <%나와_음악_그리고_당신 (themostarrogantchild)> 드럼 멋진데 부럽
[2021-12-11 00:33:18] <%며기 (biopoisn)> 한번 서 보면 못 잊죠.
[2021-12-11 00:33:29] <%Ruwha89> 드럼은 한 번 배워보고 싶은데 ~
[2021-12-11 00:33:33] <%Ruwha89> LUL LUL
[2021-12-11 00:33:35] <@%완두콩모찌 (letsgokygo)> 솔찌 코로나만 풀리면
[2021-12-11 00:33:36] <%나와_음악_그리고_당신 (themostarrogantchild)> 토크콘서트 같은거 해요
[2021-12-11 00:33:42] <%전모릅니다_몰라요 (todaysl22l)> 색 다르긴해여 진짜
[2021-12-11 00:33:42] <%며기 (biopoisn)> 내일 술 자리 하는 곳에서 만나는 친구가 드러머입니다.ㅋㅋㅋ
[2021-12-11 00:33:46] <%ktla22> 많이 연습하셔야겠어요
[2021-12-11 00:33:46] <@%완두콩모찌 (letsgokygo)> 노래 괜찮게하니까 버스킹해도 댐 생님 원하면
[2021-12-11 00:34:02] <%ktla22> ㅋㅋㅋ
[2021-12-11 00:34:19] <%나와_음악_그리고_당신 (themostarrogantchild)> 카혼이랑 여울님보컬
[2021-12-11 00:34:33] <@%완두콩모찌 (letsgokygo)> 드럼은 걍 스네어랑 하이엣 한개만 있어도 버스킹 가능
[2021-12-11 00:34:45] <%Ruwha89> 8박 인가요 ?
[2021-12-11 00:34:48] <%Ruwha89> 4박인가요 ?
[2021-12-11 00:34:55] <%나와_음악_그리고_당신 (themostarrogantchild)> 수박입니다
[2021-12-11 00:34:55] <@%완두콩모찌 (letsgokygo)> 그 칙칙칙 하는거랑
[2021-12-11 00:34:58] <@%완두콩모찌 (letsgokygo)> 팍! 하는 북
[2021-12-11 00:35:05] <%전모릅니다_몰라요 (todaysl22l)> ?
[2021-12-11 00:35:05] <@^빵_떡 (bbangddeock)> 롸 ? bbangd1Un
[2021-12-11 00:35:10] <%나와_음악_그리고_당신 (themostarrogantchild)> themos29What
[2021-12-11 00:35:11] <%전모릅니다_몰라요 (todaysl22l)> 2일
[2021-12-11 00:35:15] <%며기 (biopoisn)> 우리나라말로 하면 작은북이랑..그그..하이엣이 뭐라고 해야하나
[2021-12-11 00:35:17] <%Ruwha89> 스네어가 위에 친-칭-칭-
[2021-12-11 00:35:24] <%Ruwha89> 이던가 `
[2021-12-11 00:35:28] <@%완두콩모찌 (letsgokygo)> 스네어는 북이에유
[2021-12-11 00:35:29] <%Ruwha89> 아니면 북이던가 ㄹㅇ ㅋㅋ
[2021-12-11 00:35:30] <%며기 (biopoisn)> 스네어가 작은 북
[2021-12-11 00:35:37] <@%완두콩모찌 (letsgokygo)> 하이햇은 칙칙칙칙 치는거
[2021-12-11 00:35:48] <@%완두콩모찌 (letsgokygo)> 위에 팡! 하는건 심벌
[2021-12-11 00:35:48] <%나와_음악_그리고_당신 (themostarrogantchild)> 하이엣 칙칙이라고 불렀는데ㅋㅋㅋ
[2021-12-11 00:35:51] <%Ruwha89> 드럼에 로망이 잇죠 ㅋㅋㅋ
[2021-12-11 00:35:56] <%며기 (biopoisn)> 심벌인데 스네어랑 하이햇 치는 게 기본이에요.
[2021-12-11 00:36:17] <%전모릅니다_몰라요 (todaysl22l)> 저는 칼을 잘 다루는데...
[2021-12-11 00:36:28] <%Ruwha89> 눈나는 보컬해 ~~ PrideLaugh LUL LUL
[2021-12-11 00:36:33] <%나와_음악_그리고_당신 (themostarrogantchild)> 칼 ㅎㄷㄷ 🔪 요리?
[2021-12-11 00:36:40] <%전모릅니다_몰라요 (todaysl22l)> 넵 요식업 ㅋㅋㅋ
[2021-12-11 00:36:41] <@%완두콩모찌 (letsgokygo)> 그분 걸그룹이셨었음
[2021-12-11 00:36:51] <%나와_음악_그리고_당신 (themostarrogantchild)> 와 요리
[2021-12-11 00:37:18] <%ktla22> ㅋㅋㅋㅋㅋㅋ
[2021-12-11 00:37:28] <%며기 (biopoisn)> 요리쪽이 체력쪽으로 빡세서 남성분이 많은거 아닐가요??
[2021-12-11 00:37:30] <73lejaf> 몸쓰는 일이라..
[2021-12-11 00:37:31] <%Ruwha89> 요리 ... 막 하려면 체력이 받쳐줘야해서 남성분들이 많아요
[2021-12-11 00:37:34] <@%완두콩모찌 (letsgokygo)> 체력도 그렇고 살벌하니까유
[2021-12-11 00:37:35] <%ktla22> 요리쪽이....
[2021-12-11 00:37:38] <%ktla22> 정말 힘들어요
[2021-12-11 00:37:48] <%Ruwha89> 100~200인분 ... 이런거 하고?
[2021-12-11 00:37:52] <%전모릅니다_몰라요 (todaysl22l)> 그게 그 업종이 험한말도 많고 몸도 막 쓰는거라 처음 여성분들 힘들어하세여
[2021-12-11 00:38:21] <%Ruwha89> 요리도구 ㄹㅇ ㅋㅋ..
[2021-12-11 00:38:24] <@%완두콩모찌 (letsgokygo)> https://tgd.kr/clips/638017?page=1
[2021-12-11 00:38:30] <@%완두콩모찌 (letsgokygo)> 자자 안누르신분들 따봉 누르고 오세요
[2021-12-11 00:38:41] <%ktla22> 새벽 4시에 일어나서 저녁 8시에 퇴근하시던데...
[2021-12-11 00:38:42] <%며기 (biopoisn)> 중식에서 웍인가 그거 쓰는 거 보면 와..진짜 대단해보이심
[2021-12-11 00:38:47] <%나와_음악_그리고_당신 (themostarrogantchild)> 힘들지만 견디며 계속 주방일 하려는 여자사람동생있는데 완전 다른세계
[2021-12-11 00:39:02] <%ktla22> 결혼하신 분이었는데 처자식도 못보고 일하시더라구요
[2021-12-11 00:39:08] <%전모릅니다_몰라요 (todaysl22l)> 그 여동생분은 찐 동생으러 여겨주세여
[2021-12-11 00:39:12] <%ktla22> ㅗㅜㅑ
[2021-12-11 00:39:15] <@%완두콩모찌 (letsgokygo)> 근데 핫클립에 생님 영상 하나 더 있던데
[2021-12-11 00:39:24] <%전모릅니다_몰라요 (todaysl22l)> 복장이 똑같네요ㅡ
[2021-12-11 00:39:27] <%Ruwha89> 웍이 .. 그냥 웍만 5Kg 이던가.. 요리 재료 들어가면 ...
[2021-12-11 00:39:30] <%ktla22> 도수체조?
[2021-12-11 00:39:33] <%전모릅니다_몰라요 (todaysl22l)> 저거 20년전꺼 아닌가여???
[2021-12-11 00:39:36] <%Ruwha89> 저거 ㅋㅋㅋㅋㅋ
[2021-12-11 00:39:40] <%나와_음악_그리고_당신 (themostarrogantchild)> ㅋㅋㅋㅋㅋㅋㄱㅋㅋㅋㅋ
[2021-12-11 00:39:48] <%Ruwha89> 새천년 ( 구 ) 요즘은 국민 건강체조
[2021-12-11 00:39:51] <%전모릅니다_몰라요 (todaysl22l)> 저거 진짜 엄청 오래된 체조인데 ㅋㅋㅋㅋㅋㅋ
[2021-12-11 00:39:53] <%나와_음악_그리고_당신 (themostarrogantchild)> 저체조 어떻게 아는거야ㅋㅋㅋㅋ
[2021-12-11 00:40:16] <%Ruwha89> 노래는 같은데
[2021-12-11 00:40:21] <%Ruwha89> 최근에 리매이크 됨요 ㅋㅋ
[2021-12-11 00:40:21] <%전모릅니다_몰라요 (todaysl22l)> 90년대 체조아닌가요??
[2021-12-11 00:40:25] <%Ruwha89> 국민건강체조 ㅋㅋㅋ
[2021-12-11 00:40:35] <%Ruwha89> 저거 2000년대 ... 였던거 같은데 ㅎ
[2021-12-11 00:40:45] <%전모릅니다_몰라요 (todaysl22l)> 아니 내 기억상으론 90년대 체조 맞는데
[2021-12-11 00:41:04] <@^싹둑 (ssakdook)> https://www.youtube.com/channel/UCxmL6G2XAqB0EpQUwRPRqiw?view_as=subscriber   여우리 믿고 일단 구독 알림설정 꼬꼬! ◕‿◕✿
[2021-12-11 00:41:06] <%Ruwha89> ㄹㅇㅋㅋㅋㅋ
[2021-12-11 00:41:07] <%나와_음악_그리고_당신 (themostarrogantchild)> 여울님은 20세기에 태어났다는걸 알 수 있다
[2021-12-11 00:41:18] <%전모릅니다_몰라요 (todaysl22l)> 20세기 ㅋㅋㅋㅋ
[2021-12-11 00:41:27] <%전모릅니다_몰라요 (todaysl22l)> 미래에서 오신건가여??
[2021-12-11 00:41:28] <%Ruwha89> 22C 와 ...
[2021-12-11 00:41:37] <%Ruwha89> PrideLaugh PrideLaugh
[2021-12-11 00:41:39] <%전모릅니다_몰라요 (todaysl22l)> 로또 번호 좀 알려주세요 ㅠㅠ
[2021-12-11 00:41:41] <%나와_음악_그리고_당신 (themostarrogantchild)> 사실 로봇?
[2021-12-11 00:41:46] <%전모릅니다_몰라요 (todaysl22l)> 로또 번호 알려주세여 눈나
[2021-12-11 00:42:00] <%Ruwha89> DM 하세요
[2021-12-11 00:42:02] <%Ruwha89> !단가
[2021-12-11 00:42:02] <@^빵_떡 (bbangddeock)> 단가가 안맞는다 이말이에요~
[2021-12-11 00:42:04] <%Ruwha89> ㄹㅇ ㅋㅋㅋㅋ
[2021-12-11 00:42:07] <%전모릅니다_몰라요 (todaysl22l)> ㅋㅋㅋㅋㅋㅋ
[2021-12-11 00:42:20] <%전모릅니다_몰라요 (todaysl22l)> 전 인스타 안 해서
[2021-12-11 00:42:36] <@%완두콩모찌 (letsgokygo)> 반포자이 사주면 로또번호 세번 가르쳐준답니다
[2021-12-11 00:42:40] <%전모릅니다_몰라요 (todaysl22l)> 그거 한참하다가 현타오던데 인스타...
[2021-12-11 00:42:53] <%+그린팝 (popgr)> 비싼 아파트라서
[2021-12-11 00:42:55] <%Ruwha89> 반포 자이 집값 ... 거의 로또 1등값 ?
[2021-12-11 00:42:56] <@%완두콩모찌 (letsgokygo)> 비싼아파트
[2021-12-11 00:42:57] <%Ruwha89> ㄹㅇ ㅋㅋ..
[2021-12-11 00:43:01] <%ktla22> ㄹㅇㅋㅋ
[2021-12-11 00:43:02] <%전모릅니다_몰라요 (todaysl22l)> 국내 탑 아파트
[2021-12-11 00:43:06] <%DoToRiPark> 더럽게 비싼 아파트니까
[2021-12-11 00:43:18] <%+그린팝 (popgr)> 물론 지금은 한남더힐이랍니다
[2021-12-11 00:43:28] <@%완두콩모찌 (letsgokygo)> 롯데 시그니엘
[2021-12-11 00:43:31] <%전모릅니다_몰라요 (todaysl22l)> 분당에서 살고 싶던데 진짜
[2021-12-11 00:43:36] <%+그린팝 (popgr)> 한남동 더힐이라고욬ㅋㅋ
[2021-12-11 00:43:40] <%Ruwha89> 한남동 ... 너무 집값 괴랄..
[2021-12-11 00:43:41] <%퇴근요정 (qud6206)> 한남동이라...
[2021-12-11 00:43:42] <youend3434> 얀녕하세여
[2021-12-11 00:43:50] <%+그린팝 (popgr)> 그 위험한 한남이 아니야!!
[2021-12-11 00:43:54] <@%완두콩모찌 (letsgokygo)> 자 조용
[2021-12-11 00:43:56] <@%완두콩모찌 (letsgokygo)> 금지
[2021-12-11 00:44:07] <%Ruwha89> 집값 ㄹㅇ ㅋㅋㅋㅋ
[2021-12-11 00:44:07] <%+그린팝 (popgr)> 용산이 원래 좀 비싸요
[2021-12-11 00:44:08] <%DoToRiPark> 이모 때는 경복궁에 왕 살았자나
[2021-12-11 00:44:14] <%Ruwha89> ㅋㅋㅋㅋㅋㅋㅋ
[2021-12-11 00:44:19] <@%완두콩모찌 (letsgokygo)> 나 강남사람이야~....흑흑
[2021-12-11 00:44:25] <%전모릅니다_몰라요 (todaysl22l)> 와
[2021-12-11 00:44:28] <%Ruwha89> ㅗㅜㅑ .. 집값...
[2021-12-11 00:44:32] <badwingspvp> Hi!
[2021-12-11 00:44:38] <%전모릅니다_몰라요 (todaysl22l)> 종로도 비싸던데 와..
[2021-12-11 00:44:39] <@%완두콩모찌 (letsgokygo)> 그럼 머하누 창문에 물생김
[2021-12-11 00:44:57] <youend3434> 저번에 회먹방 보구 왔는데 회좋아하세요?
[2021-12-11 00:45:17] <@%완두콩모찌 (letsgokygo)> 회사때문에 억지로 사는 나
[2021-12-11 00:45:24] <@%완두콩모찌 (letsgokygo)> 월세가 뭉탱이로 나간단다
[2021-12-11 00:45:31] <%Ruwha89> !보내연
[2021-12-11 00:45:33] <%ktla22> 고기 vs 회
[2021-12-11 00:45:43] <%전모릅니다_몰라요 (todaysl22l)> 전 회
[2021-12-11 00:45:49] <@%완두콩모찌 (letsgokygo)> 죽어도 회
[2021-12-11 00:45:59] <내리실문은_오른쪽 (seal7767)> 여하여하
[2021-12-11 00:46:04] <%전모릅니다_몰라요 (todaysl22l)> 회는 육회도 있자나요 육사시미랑
[2021-12-11 00:46:31] <%Ruwha89> 탈출 불가 ㅎㄷㄷ..
[2021-12-11 00:46:37] <@%완두콩모찌 (letsgokygo)> 회는 생선 전체가 회라서
[2021-12-11 00:46:39] <@%완두콩모찌 (letsgokygo)> 히히
[2021-12-11 00:46:43] <완자화학1 (kimwlhun)> 육회
[2021-12-11 00:46:54] <~%해까닥여울이 (yeo_ul)> !보내연
[2021-12-11 00:46:54] <@^빵_떡 (bbangddeock)> https://bonaeyeon.com/mall/m_mall_detail.php?ps_db=&ps_goid=753&ps_boid=&ps_pname=&ps_category=&ps_ctid=&homefile=&goods_id=&no=
[2021-12-11 00:46:55] <%전모릅니다_몰라요 (todaysl22l)> 전 물에빠진 생선은 싫어해서
[2021-12-11 00:47:06] <%+그린팝 (popgr)> 저는 월요일에 방어 먹을꺼에요
[2021-12-11 00:47:14] <%며기 (biopoisn)> 방어 좋지요...
[2021-12-11 00:47:15] <@%완두콩모찌 (letsgokygo)> 대방어를 드세여
[2021-12-11 00:47:16] <%Ruwha89> 유쾌 상쾌 통쾌 ㅋㅋ
[2021-12-11 00:47:31] <%전모릅니다_몰라요 (todaysl22l)> 요즘 향어 드셔보세여 존맛탱인데
[2021-12-11 00:47:39] <%며기 (biopoisn)> 저는 최근에 고등어회랑 대방어 먹었네요.
[2021-12-11 00:47:50] <완자화학1 (kimwlhun)> 고등어회도 맛있지
[2021-12-11 00:48:26] <@%완두콩모찌 (letsgokygo)> 꼭 가본다
[2021-12-11 00:48:29] <%전모릅니다_몰라요 (todaysl22l)> 시메사바는 또 호불호 갈리던데
[2021-12-11 00:48:34] <%Ruwha89> ㅋㅋㅋㅋㅋ
[2021-12-11 00:48:47] <@%완두콩모찌 (letsgokygo)> 고등어회 먹어봤지롱~
[2021-12-11 00:48:53] <%전모릅니다_몰라요 (todaysl22l)> 일식집에서 팔아요 시메사바는
[2021-12-11 00:49:01] <@%완두콩모찌 (letsgokygo)> ㄴㄴ
[2021-12-11 00:49:02] <%Ruwha89> !상쾌
[2021-12-11 00:49:03] <%전모릅니다_몰라요 (todaysl22l)> 고등어 초절임
[2021-12-11 00:49:04] <@%완두콩모찌 (letsgokygo)> 양식고등어 있음
[2021-12-11 00:49:06] <%Ruwha89> !삼쾌  ?
[2021-12-11 00:49:11] <%Ruwha89> !삼쾌
[2021-12-11 00:49:14] <완자화학1 (kimwlhun)> 고등어가 물위로오면 바로죽어서 먹기힘들수도있어요
[2021-12-11 00:49:15] <%Ruwha89> !3쾌
[2021-12-11 00:49:15] <@^빵_떡 (bbangddeock)> 유쾌! 상쾌! 통쾌!
[2021-12-11 00:49:18] <%Ruwha89> ㅋㅋㅋ
[2021-12-11 00:49:20] <@%완두콩모찌 (letsgokygo)> 네이버에 고등어회 치면 많이 나올걸 생님?
[2021-12-11 00:49:27] <완자화학1 (kimwlhun)> 지남해쪽가면 먹을수있어요
[2021-12-11 00:49:34] <@%완두콩모찌 (letsgokygo)> 양식 고등어도 있어용
[2021-12-11 00:49:41] <완자화학1 (kimwlhun)> 전 직접 잡아서 먹음 ㅋㅋ
[2021-12-11 00:49:41] <%전모릅니다_몰라요 (todaysl22l)> 시메사바라고 고등어 초절임이라고 있어여 근데 쌩회로는 먹기 엄청 힘들어여
[2021-12-11 00:49:47] <%며기 (biopoisn)> 그래서 내륙쪽에서 먹는 고등어회는 침으로 기절 시킨다고 하던데요..
[2021-12-11 00:49:56] <내리실문은_오른쪽 (seal7767)> 옛날은 30년전
[2021-12-11 00:50:10] <%며기 (biopoisn)> ㅇㅇ
[2021-12-11 00:50:12] <@%완두콩모찌 (letsgokygo)> 시메?
[2021-12-11 00:50:18] <완자화학1 (kimwlhun)> 요즘 갈치 엄청잘잡힐텐데
[2021-12-11 00:50:26] <완자화학1 (kimwlhun)> 요즘 낚시가면 아이스박스 하나 꽉찰걸요
[2021-12-11 00:50:26] <%Ruwha89> 그 일본 초밥 만화에도 나오는 침 술로 물고기 기절 시키는거 ㅋㅋ
[2021-12-11 00:50:34] <@%완두콩모찌 (letsgokygo)> 철침으로 물고기 척추쑤시는거
[2021-12-11 00:50:39] <%며기 (biopoisn)> ㅇㅇ 실제로 그렇게 해서 고등어 회 한다고
[2021-12-11 00:50:49] <%Ruwha89> 그러면 신선도 오래 간데요
[2021-12-11 00:50:50] <%전모릅니다_몰라요 (todaysl22l)> 네 철침으로 머리 관통해서 기절시키는거 있어요
[2021-12-11 00:50:57] <@%완두콩모찌 (letsgokygo)> 난 대구에서 먹고 왔음
[2021-12-11 00:51:01] <%며기 (biopoisn)> 저어는 대구라...
[2021-12-11 00:51:10] <%며기 (biopoisn)> 대구에서는 하는 집 있음.
[2021-12-11 00:51:10] <%전모릅니다_몰라요 (todaysl22l)> 전 부산이라 ㅋㅋㅋㅋ
[2021-12-11 00:51:25] <%+그린팝 (popgr)> 전 모르겠음..
[2021-12-11 00:51:29] <@%완두콩모찌 (letsgokygo)> 고등어집은 수조가 특이함
[2021-12-11 00:51:33] <%전모릅니다_몰라요 (todaysl22l)> 많아요
[2021-12-11 00:51:37] <%Camillabelle> 고등어 회는 제주도랑 부산 이쪽이 잘한다고 들었는데
[2021-12-11 00:51:39] <@%완두콩모찌 (letsgokygo)> 고등어가 계속 뱅뱅 돌수있게 둥근 수조야
[2021-12-11 00:51:47] <%DoToRiPark> 부산에도 고등어 회 파는데 많이는 안 팜
[2021-12-11 00:52:03] <%Ruwha89> 고등어기
[2021-12-11 00:52:04] <@%완두콩모찌 (letsgokygo)> 그래서 안쉬고 계속 빙빙돌고있음
[2021-12-11 00:52:13] <@%완두콩모찌 (letsgokygo)> 아니면 성격 급해서 머리박고 죽는대
[2021-12-11 00:52:15] <%Ruwha89> 스트래스 에 쉽게 영향받아서
[2021-12-11 00:52:17] <%Ruwha89> ㅇㅇㅇ...
[2021-12-11 00:52:33] <%Ruwha89> 고여있는 수조에 잇으면 고등어는 안됀데요
[2021-12-11 00:52:41] <%전모릅니다_몰라요 (todaysl22l)> ㄹㅇ..
[2021-12-11 00:52:47] <%며기 (biopoisn)> 아 좋죠.
[2021-12-11 00:52:47] <@%완두콩모찌 (letsgokygo)> 약간 햄스터들 챗바퀴돌듯이 고등어는 가로로 계속 돔
[2021-12-11 00:52:47] <%+그린팝 (popgr)> 맞워요
[2021-12-11 00:52:51] <%전모릅니다_몰라요 (todaysl22l)> 라면 먹듯이 먹어야 제맛인데
[2021-12-11 00:53:02] <%Ruwha89> ㅋㅋㅋㅋㅋ
[2021-12-11 00:53:09] <%Camillabelle> 오징어가 많이 안잡혀서 어쩔수없이 가격이 올랐죠...
[2021-12-11 00:53:17] <%전모릅니다_몰라요 (todaysl22l)> ㄹㅇ..
[2021-12-11 00:53:42] <youend3434> 한치회 맛있음!
[2021-12-11 00:53:48] <%며기 (biopoisn)> 오징어 잡이 배도 힘들죠..밤에 나가니까
[2021-12-11 00:53:49] <%전모릅니다_몰라요 (todaysl22l)> 뭘 좀 아는 눈나구나.. 여울눈나가
[2021-12-11 00:54:03] <youend3434> 한치가 어징어임 바보야
[2021-12-11 00:54:27] <%며기 (biopoisn)> 참치 좋아하시는 분들은 없는가!!!
[2021-12-11 00:54:47] <%전모릅니다_몰라요 (todaysl22l)> 참치는.. 비싸서 못 먹져
[2021-12-11 00:54:48] <youend3434> 참치는 기름기가 너무 많아서 배탈남 ㅠ
[2021-12-11 00:54:55] <%Ruwha89> 네 ?
[2021-12-11 00:54:56] <빵댕댕이 (alswnekd77)> 남이 사면 참치
[2021-12-11 00:54:57] <%+그린팝 (popgr)> 전 어릴때 아버지가 참치집 하셔서
[2021-12-11 00:54:59] <%Ruwha89> 팔아야죠 ㅋㅋㅋ...
[2021-12-11 00:55:02] <%+그린팝 (popgr)> 이젠 질려서 잘 안먹어요
[2021-12-11 00:55:02] <빵댕댕이 (alswnekd77)> 내가사면 연어
[2021-12-11 00:55:25] <%Ruwha89> 근데 은근 남는 부위 ? 안비싼 부위로 다른 음식 조리는 된다고 들엇습니다
[2021-12-11 00:55:38] <youend3434> 오미야동?
[2021-12-11 00:55:57] <%전모릅니다_몰라요 (todaysl22l)> 네
[2021-12-11 00:56:08] <%전모릅니다_몰라요 (todaysl22l)> ㄹㅇ....
[2021-12-11 00:56:14] <%Camillabelle> 남는 부위는 이소베마끼로 말아주고 그래요
[2021-12-11 00:56:17] <%+그린팝 (popgr)> 일주일에 두번씩은 먹은듯
[2021-12-11 00:56:18] <%전모릅니다_몰라요 (todaysl22l)> 궁금하다 얼마나 질려야할까
[2021-12-11 00:56:19] <%Camillabelle> 오마카세의 경우
[2021-12-11 00:56:20] <%+그린팝 (popgr)> 3년정도
[2021-12-11 00:56:25] <%Ruwha89> 와 ...
[2021-12-11 00:56:29] <%며기 (biopoisn)> 어우야
[2021-12-11 00:56:34] <%Ruwha89> 3년동안 주 2회 ;;
[2021-12-11 00:56:35] <%며기 (biopoisn)> 원없이 드셨네요.
[2021-12-11 00:56:43] <빵댕댕이 (alswnekd77)> 법카이니고서야
[2021-12-11 00:56:43] <youend3434> 그냥 고등어 싸악 구우면 3일 가능
[2021-12-11 00:57:02] <@^싹둑 (ssakdook)> 할말 없으면 ㄹㅇㅋㅋ
[2021-12-11 00:57:03] <%Ruwha89> 살쪄 ! ㄹㅇ ㅋㅋㅋ
[2021-12-11 00:57:10] <%전모릅니다_몰라요 (todaysl22l)> 아니 고기를 일주일 2번씩 3년 먹어도 안 질릴거 같은데??
[2021-12-11 00:57:11] <%+그린팝 (popgr)> 아버지가 참치집 하셨다니까요..
[2021-12-11 00:57:25] <%전모릅니다_몰라요 (todaysl22l)> 회는 살 안 찜
[2021-12-11 00:57:36] <%며기 (biopoisn)> 고기도 나름일거 같은데
[2021-12-11 00:57:37] <%Ruwha89> 고기랑 회는 또 다름 ㄹㅇ ...
[2021-12-11 00:57:39] <%+그린팝 (popgr)> 접은지가 언젠데욬ㅋㅋㅋ
[2021-12-11 00:57:43] <%Ruwha89> ㅋㅋㅋㅋㅋㅋㅋㅋㅋㅋㅋㅋㅋㅋㅋㅋㅋ
[2021-12-11 00:57:56] <%+그린팝 (popgr)> 접은지 10년정도 되어감
[2021-12-11 00:58:03] <%며기 (biopoisn)> 트수 찬스 쓰려고 했으나..실패 ㅋㅋㅋ
[2021-12-11 00:58:16] <%전모릅니다_몰라요 (todaysl22l)> 그때 참다랑어랑 지금 먹는 참다랑어랑 다를텐데
[2021-12-11 00:58:51] <youend3434> 요새는 방어
[2021-12-11 00:59:02] <%전모릅니다_몰라요 (todaysl22l)> 향어도 드시구나 ㅇㅇ
[2021-12-11 00:59:04] <%며기 (biopoisn)> 내일 메뉴를 못 정하고 있는데...
[2021-12-11 00:59:38] <%전모릅니다_몰라요 (todaysl22l)> 내일 메뉴는 그냥 3분 짜장에 밥 비벼 먹어야지
[2021-12-11 01:00:30] <%며기 (biopoisn)> 내일 만나는 친구 만나러 서울가서...대방어에 둘째날 육전에..잘 얻어 먹어서 맛난거 사줘야 할거 같은데 말입죠
[2021-12-11 01:01:23] Viewerstats (00:33-01:01): avg:182 min:179 max:189 [15/181+0+0+8+0-10+0+6+0-2-3+0+0+3+0]
[2021-12-11 01:01:25] <%며기 (biopoisn)> 내일 그 서울에 있는 친구가 내려와서요. 휴가라 ㅋㅋㅋ
[2021-12-11 01:01:26] <%Ruwha89> PrideLaugh PrideLaugh
[2021-12-11 01:01:35] <%며기 (biopoisn)> 서울은 지난날 갔지용
[2021-12-11 01:02:18] <%Ruwha89> 알코올 기운과.. 내일 여행에 슬슬 채팅이 없어지면
[2021-12-11 01:02:27] <%Ruwha89> 저는 잠든것입니다 PogBones
[2021-12-11 01:02:32] <%+그린팝 (popgr)> 언제나 잘추시죠
[2021-12-11 01:02:33] <%전모릅니다_몰라요 (todaysl22l)> 클립 보고 올게요
[2021-12-11 01:03:30] <%전모릅니다_몰라요 (todaysl22l)> 새천년 체조 밖에 없네여...
[2021-12-11 01:04:02] <@%완두콩모찌 (letsgokygo)> 생님 핫클립 한개 더있던데
[2021-12-11 01:04:23] <@%완두콩모찌 (letsgokygo)> https://tgd.kr/clips/637916?page=1
[2021-12-11 01:04:24] <@%완두콩모찌 (letsgokygo)> 이거
[2021-12-11 01:05:22] <%Ruwha89> ㄹㅇ ㅋㅋㅋ
[2021-12-11 01:05:27] <%+그린팝 (popgr)> 볼은 부어가지고 ㅋㅋㅋㅋㅋㅋ
[2021-12-11 01:05:28] <%+그린팝 (popgr)> 귀여웡
[2021-12-11 01:05:32] <뱃살좋아해요 (djsk)> 여하
[2021-12-11 01:05:32] <@^빵_떡 (bbangddeock)> 뱃살좋아해요 님 여하~! bbangd1Hi2
[2021-12-11 01:06:40] <뱃살좋아해요 (djsk)> 오늘 의상이 ㅓㅜㅑ 하시네요
[2021-12-11 01:07:05] <비비드소울 (songsuk9)> 이쁘다
[2021-12-11 01:07:14] <youend3434> 오우야
[2021-12-11 01:07:23] <브구미우 (wj03533)> 하요
[2021-12-11 01:07:34] <소람잉살라마이쿤 (whddhks1116)> 단추 다 안잠길것 같아요
[2021-12-11 01:07:52] <브구미우 (wj03533)> 터지겠네
[2021-12-11 01:08:03] <youend3434> 저두 남잔데 안잠김
[2021-12-11 01:08:12] <브구미우 (wj03533)> ㅌㅋㅋㅋ
[2021-12-11 01:08:51] <%+그린팝 (popgr)> 와 이게 힘순찐인가
[2021-12-11 01:08:52] <%+그린팝 (popgr)> 힘숨찐
[2021-12-11 01:09:53] <@%완두콩모찌 (letsgokygo)> 수제클립 ㄷㄷ
[2021-12-11 01:10:02] <%+그린팝 (popgr)> 존예..
[2021-12-11 01:10:12] <%전모릅니다_몰라요 (todaysl22l)> 링크는 못 따는데 영상을 딸 수 있음
[2021-12-11 01:10:12] <빵댕댕이 (alswnekd77)> 겨카리 흠흠
[2021-12-11 01:11:22] <잠수환 (xsdarksx)> VoHiYo
[2021-12-11 01:11:34] <@%완두콩모찌 (letsgokygo)> 아까 힘숨찐 클립 링크점
[2021-12-11 01:11:35] <@%완두콩모찌 (letsgokygo)> 올려드릴께
[2021-12-11 01:12:10] <%+그린팝 (popgr)> ?
[2021-12-11 01:12:10] <@^빵_떡 (bbangddeock)> 롸 ? bbangd1Un
[2021-12-11 01:12:15] <브구미우 (wj03533)> 많은 꾸미셔넹
[2021-12-11 01:13:09] <@%완두콩모찌 (letsgokygo)> 춤추다 기습하는 힘숨찐
[2021-12-11 01:13:12] <@%완두콩모찌 (letsgokygo)> ㄱㄱ
[2021-12-11 01:13:42] <%섹키로 (rodomichael)> ㅋㅋㅋㅋㅋ
[2021-12-11 01:13:59] <~%해까닥여울이 (yeo_ul)> https://tgd.kr/clips/638094
[2021-12-11 01:14:08] <%루니ル (lunseu)> 어느새 미션 늘어났네용
[2021-12-11 01:14:26] <mei2021china> You're a "Superstar" from South Korea, Unnie !
[2021-12-11 01:14:34] <@%완두콩모찌 (letsgokygo)> ㅋㅋㅋㅋㅋㅋㅋ
[2021-12-11 01:14:42] <@%완두콩모찌 (letsgokygo)> 언니쟁이 와따
[2021-12-11 01:15:04] <%DoToRiPark> 쓰레기 버리러 갔다 왔다가 얼어 죽을뻔
[2021-12-11 01:15:13] <@%완두콩모찌 (letsgokygo)> 감기 조심하세요 비도 왔었어서
[2021-12-11 01:15:15] <%루니ル (lunseu)> 새로운 클립 탄생~
[2021-12-11 01:15:17] <%xPlayingDevilx> 짝짝짝
[2021-12-11 01:15:28] <%섹키로 (rodomichael)> 정품이다
[2021-12-11 01:15:34] <내리실문은_오른쪽 (seal7767)> ㅋㅋㅋㅋㅋ
[2021-12-11 01:15:44] <%DoToRiPark> 위쪽에 비왔나요??? 부산은 비 온지 좀 된 듯 ㅋㅋㅋ
[2021-12-11 01:15:59] <@%완두콩모찌 (letsgokygo)> 서울 비와쓰
[2021-12-11 01:16:04] <%토마토킬러 (tomatoyak)> PowerUpL PogBones PowerUpR
[2021-12-11 01:16:07] <%루니ル (lunseu)> 클립들 많으시네용
[2021-12-11 01:16:08] <%토마토킬러 (tomatoyak)> 컴밸
[2021-12-11 01:16:10] <%DoToRiPark> 이모 창 밖 좀 봐요 ㅋㅋㅋㅋㅋㅋㅋ
[2021-12-11 01:16:11] <%토마토킬러 (tomatoyak)> 밸
[2021-12-11 01:16:13] <%토마토킬러 (tomatoyak)> 백
[2021-12-11 01:16:35] <@%완두콩모찌 (letsgokygo)> 아까 그 클립 링크 부탁해요 생님
[2021-12-11 01:16:44] <내리실문은_오른쪽 (seal7767)> 요즘 메이크업으로  프사 바꿀 생각은?
[2021-12-11 01:16:51] <@%완두콩모찌 (letsgokygo)> 힘숨찐 밈이 있으니까
[2021-12-11 01:17:07] <+Gabrielxkl> HI IM FROM THE US DO U SPEAK ENGLISH??
[2021-12-11 01:17:23] <%전모릅니다_몰라요 (todaysl22l)> 이거 12년전 노래 아닌가여??
[2021-12-11 01:17:37] <+Gabrielxkl> NO ENGLISH?
[2021-12-11 01:17:39] <%전모릅니다_몰라요 (todaysl22l)> 09년도 노래 맞는데
[2021-12-11 01:17:56] <@%완두콩모찌 (letsgokygo)> 저 힘숨찐이 있는 밈이니까
[2021-12-11 01:18:00] <~%해까닥여울이 (yeo_ul)> https://www.twitch.tv/yeo_ul/clip/StupidSmoothArtichokeBibleThump-zw8nw1qt2sOG-8xy?filter=clips&range=24hr&sort=time
[2021-12-11 01:18:18] <%+그린팝 (popgr)> ㄹㅇ ㄷㄷ
[2021-12-11 01:18:33] <+Gabrielxkl> OH WOOW BUT U UNDERSTAND?
[2021-12-11 01:18:34] <+mario_rpsjmnz> 안녕하세요, 제 친구 illojuan maricon을 축하해 주시겠습니까? 그는 아주 좋은 친구입니다.
[2021-12-11 01:19:03] <%+그린팝 (popgr)> 쟤 지난번엔 삼촌이라더니
[2021-12-11 01:19:05] <%+그린팝 (popgr)> 친구라네 이번엔
[2021-12-11 01:19:12] <+Gabrielxkl> THATS AWESOME
[2021-12-11 01:19:18] <+Gabrielxkl> HOW OLD R U??
[2021-12-11 01:19:24] <youend3434> 근데 방장님 몇년생이세요??
[2021-12-11 01:19:24] <@%완두콩모찌 (letsgokygo)> https://tgd.kr/clips/638096
[2021-12-11 01:19:35] <+Gabrielxkl> 24?
[2021-12-11 01:19:46] <%루니ル (lunseu)> 앗 나이 묻는것 실례 아닌강..
[2021-12-11 01:19:48] <내리실문은_오른쪽 (seal7767)> 방장님 나이는 비밀이죠
[2021-12-11 01:19:49] <%루니ル (lunseu)> ㅇ_ㅇ
[2021-12-11 01:19:53] <%루니ル (lunseu)> 실례 실례
[2021-12-11 01:20:00] <%ktla22> 22살 맞음
[2021-12-11 01:20:05] <내리실문은_오른쪽 (seal7767)> 국민학교 들어감
[2021-12-11 01:20:12] <~%해까닥여울이 (yeo_ul)> https://tgd.kr/clips/638096 thumps up plz~
[2021-12-11 01:20:19] <+Gabrielxkl> LOL OK U LOOK AWESOME GREETINGS FROM MY CHANNEL IM WATCHING U ON STREAM
[2021-12-11 01:20:21] <@%완두콩모찌 (letsgokygo)> 외국인분들은 트게더 로그인 되나
[2021-12-11 01:20:46] <%ktla22> 안되요 ㅠㅠㅠ
[2021-12-11 01:20:46] <+Gabrielxkl> U R IN KOREA?
[2021-12-11 01:20:49] <%ktla22> 저 안됨 ㅠㅠㅠㅠ
[2021-12-11 01:20:53] <%ktla22> 추천도 못 누름 ㅠ
[2021-12-11 01:20:58] <@%완두콩모찌 (letsgokygo)> 엥 저분 방송키고 계시는데
[2021-12-11 01:21:04] <@%완두콩모찌 (letsgokygo)> 생님 방송 보는걸 방송중이시네
[2021-12-11 01:21:09] <+Gabrielxkl> IF ANY TIME COME TO THE US TEXT ME PLS
[2021-12-11 01:21:24] <@%완두콩모찌 (letsgokygo)> 2명
[2021-12-11 01:21:47] <마리첸스트라우스 (capnaver)> 엇 2명 비웃었당!
[2021-12-11 01:21:50] <마리첸스트라우스 (capnaver)> 풋이라고~
[2021-12-11 01:21:57] <~%해까닥여울이 (yeo_ul)> vnq
[2021-12-11 01:21:59] <~%해까닥여울이 (yeo_ul)> 풉
[2021-12-11 01:21:59] <@^빵_떡 (bbangddeock)> 해까닥여울이님이 3번이나 비웃었습니다. bbangd1Pubb
[2021-12-11 01:22:11] <%+그린팝 (popgr)> 합의없는 도방은 밴사유인데?
[2021-12-11 01:22:12] <@%완두콩모찌 (letsgokygo)> ㅋㅋ 나갔다 다른방송 도방하러 갔다
[2021-12-11 01:22:24] <내리실문은_오른쪽 (seal7767)> ㅋㅋㅋㅋㅋㅋㅋㅋㅋ
[2021-12-11 01:22:27] <@%완두콩모찌 (letsgokygo)> 다른방송갔음
[2021-12-11 01:22:42] <@%완두콩모찌 (letsgokygo)> 도방러네;
[2021-12-11 01:23:03] <@^싹둑 (ssakdook)> 간신 도네는 언제나 환영이라구 ٩(๑• ₃ -๑)۶♥
[2021-12-11 01:23:08] <%+그린팝 (popgr)> 정지사유에요 저거
[2021-12-11 01:23:12] <%+그린팝 (popgr)> 요즘은 아닌가?
[2021-12-11 01:23:14] <@%완두콩모찌 (letsgokygo)> 정지사유맞음
[2021-12-11 01:23:24] <%토마토킬러 (tomatoyak)> 뭐야
[2021-12-11 01:23:30] <%토마토킬러 (tomatoyak)> 무슨일이있었던거야
[2021-12-11 01:23:38] <%+그린팝 (popgr)> 서로 합의하면 상관없을텐데
[2021-12-11 01:23:39] <@%완두콩모찌 (letsgokygo)> 외국인 도방러가 와서 도방하면서 채팅치고 갔어용
[2021-12-11 01:23:41] <%+그린팝 (popgr)> 그냥 도방은 안될듯
[2021-12-11 01:23:42] <마리첸스트라우스 (capnaver)> 두부 먹은 경험자로써 그냥 한번 넘어가줍시다 ~
[2021-12-11 01:23:49] <%토마토킬러 (tomatoyak)> NotLikeThis
[2021-12-11 01:24:12] [Notification] 토마토킬러 gifted a Tier 1 sub to 마리첸스트라우스! They have given 81 Gift Subs in the channel! 마리첸스트라우스 has subscribed for 2 months!
[2021-12-11 01:24:38] <%마리첸스트라우스 (capnaver)> 엇 소매넣기 당했당
[2021-12-11 01:24:39] <%마리첸스트라우스 (capnaver)> 감사
[2021-12-11 01:24:51] <~%해까닥여울이 (yeo_ul)> yeoulBoo yeoulNosebleed yeoulSmile yeoulYeah yeoulPPo yeoulYeah yeoulPPo
[2021-12-11 01:25:06] <%마리첸스트라우스 (capnaver)> @토마토킬러 정기구독권 선물, 고마워요!
[2021-12-11 01:25:24] <@%완두콩모찌 (letsgokygo)> HypeSleep
[2021-12-11 01:25:29] <%마리첸스트라우스 (capnaver)> 저 85명 팔로 있을때 부터 있던 초창기 팔러워이라규요
[2021-12-11 01:26:09] [Notification] 토마토킬러 gifted a Tier 1 sub to 내리실문은_오른쪽! They have given 82 Gift Subs in the channel!
[2021-12-11 01:26:10] <%마리첸스트라우스 (capnaver)> !팔로우
[2021-12-11 01:26:11] <@^빵_떡 (bbangddeock)> 마리첸스트라우스님은 여울이와 함께 한 지 71일째 라구~ ٩(๑• ₃ -๑)۶❤
[2021-12-11 01:26:18] <%내리실문은_오른쪽 (seal7767)> ??????????
[2021-12-11 01:26:26] <%Camillabelle> ㅋㅋㅋㅋㅋㅋ
[2021-12-11 01:26:28] <%내리실문은_오른쪽 (seal7767)> 아이고
[2021-12-11 01:26:30] <%토마토킬러 (tomatoyak)> 마지막 한명 누구
[2021-12-11 01:26:44] <~%해까닥여울이 (yeo_ul)> yeoulBoo yeoulNosebleed yeoulSmile yeoulYeah yeoulPPo yeoulYeah yeoulPPo
[2021-12-11 01:26:48] <%내리실문은_오른쪽 (seal7767)> @토마토킬러 정기구독권 선물, 고마워요!
[2021-12-11 01:26:52] <@%완두콩모찌 (letsgokygo)> https://tgd.kr/clips/638096
[2021-12-11 01:26:58] <@%완두콩모찌 (letsgokygo)> 클립 추천도 부탁드려유
[2021-12-11 01:28:02] <@%완두콩모찌 (letsgokygo)> 기상 한번 가주시나?
[2021-12-11 01:28:14] <%전모릅니다_몰라요 (todaysl22l)> 아니요 ㅇㅇ
[2021-12-11 01:28:33] <%전모릅니다_몰라요 (todaysl22l)> 아눈뽕
[2021-12-11 01:28:34] <%내리실문은_오른쪽 (seal7767)> 방폭
[2021-12-11 01:28:36] <@%완두콩모찌 (letsgokygo)> ㅋㅋㅋㅋㅋㅋㅋㅋ
[2021-12-11 01:29:00] <%전모릅니다_몰라요 (todaysl22l)> 아..진짜 불침번 후임이 태양권 쓰는거 같네
[2021-12-11 01:30:00] <%내리실문은_오른쪽 (seal7767)> 아후.....
[2021-12-11 01:30:05] <@%완두콩모찌 (letsgokygo)> PogChamp
[2021-12-11 01:30:15] <%내리실문은_오른쪽 (seal7767)> 패쓰
[2021-12-11 01:30:20] <@^싹둑 (ssakdook)> 아직도 여울이 팔로우 안한 바부가 있다궁? °˖✧◝(⁰▿⁰)◜✧˖°
[2021-12-11 01:30:20] <%+그린팝 (popgr)> 엌ㅋㅋ
[2021-12-11 01:30:24] <%섹키로 (rodomichael)> ㅋㅋㅋㅋ
[2021-12-11 01:30:30] <%전모릅니다_몰라요 (todaysl22l)> 으앆
[2021-12-11 01:30:32] <@%완두콩모찌 (letsgokygo)> https://tgd.kr/clips/638096
[2021-12-11 01:30:34] <%내리실문은_오른쪽 (seal7767)> 뛰어가는거 보임 ㅋㅋㅋ
[2021-12-11 01:31:30] Viewerstats (01:03-01:31): avg:196 min:178 max:212 [15/178+0+0+14+0+11+0+0+9+0-8+0+0-12+0]
[2021-12-11 01:32:10] <%+그린팝 (popgr)> 근데 저 클립
[2021-12-11 01:32:16] <%+그린팝 (popgr)> 댓글은 못달게 되어있네영
[2021-12-11 01:32:23] <@%완두콩모찌 (letsgokygo)> ?
[2021-12-11 01:32:24] <@^빵_떡 (bbangddeock)> 롸 ? bbangd1Un
[2021-12-11 01:32:25] <%+그린팝 (popgr)> 아 내가 로그인이 풀려있구나
[2021-12-11 01:32:27] <@%완두콩모찌 (letsgokygo)> 댓글 달수있어용
[2021-12-11 01:32:54] <%+그린팝 (popgr)> 트게더 로그인이 풀려있었음 ㅋㅋㅋ
[2021-12-11 01:33:12] <%큐싸인 (tempjd)> ㅇㄱㄹㅇ
[2021-12-11 01:33:15] <%큐싸인 (tempjd)> ㅋㅋㅋ
[2021-12-11 01:33:22] <%전모릅니다_몰라요 (todaysl22l)> ㅗㅜㅑ..
[2021-12-11 01:33:35] <%섹키로 (rodomichael)> ㅋㅋㅋㅋ
[2021-12-11 01:33:49] <%ktla22> ?
[2021-12-11 01:33:50] <@^빵_떡 (bbangddeock)> 롸 ? bbangd1Un
[2021-12-11 01:33:52] <%ktla22> 방종이라뇨
[2021-12-11 01:33:53] <@%완두콩모찌 (letsgokygo)> https://tgd.kr/clips/638096
[2021-12-11 01:33:55] <@%완두콩모찌 (letsgokygo)> ㅠㅠ
[2021-12-11 01:33:56] <%전모릅니다_몰라요 (todaysl22l)> 신개념 협박방송 ㅋㅋ
[2021-12-11 01:34:02] <%내리실문은_오른쪽 (seal7767)> 너무 협박
[2021-12-11 01:34:05] <%+그린팝 (popgr)> 전 눌렀음..
[2021-12-11 01:34:16] <%내리실문은_오른쪽 (seal7767)> ?????
[2021-12-11 01:34:27] <%전모릅니다_몰라요 (todaysl22l)> 방종은 좀 많이 무서운데요
[2021-12-11 01:34:28] <@%완두콩모찌 (letsgokygo)> 1페이지 갔다
[2021-12-11 01:35:28] <@%완두콩모찌 (letsgokygo)> yeoulBoo
[2021-12-11 01:35:39] <%토마토킬러 (tomatoyak)> 정말 예쁘시네요
[2021-12-11 01:35:47] <@%완두콩모찌 (letsgokygo)> 정예부대시네요
[2021-12-11 01:36:15] <%루니ル (lunseu)> yeoulYeah yeoulPPo yeoulYeah yeoulPPo
[2021-12-11 01:36:20] <%섹키로 (rodomichael)> ㅋㅋㅋㅋ
[2021-12-11 01:36:29] <장주랭이 (handsometeeth)> 옆선이 이쁘세요
[2021-12-11 01:36:55] <곽두판_ (aspect0111)> yeoulNosebleed
[2021-12-11 01:37:00] <%마리첸스트라우스 (capnaver)> yeoulYeah yeoulPPo yeoulSmile
[2021-12-11 01:37:05] <%내리실문은_오른쪽 (seal7767)> 클립이 름이 뭐였지
[2021-12-11 01:37:10] <@%완두콩모찌 (letsgokygo)> https://tgd.kr/clips/638096
[2021-12-11 01:37:11] <@%완두콩모찌 (letsgokygo)> 요거에용
[2021-12-11 01:37:13] <%전모릅니다_몰라요 (todaysl22l)> 예쁘긴해 ㅇㅇ
[2021-12-11 01:37:32] <키스유발자 (bbcreamoo)> 여울님 몇살이세요?
[2021-12-11 01:37:38] <%+그린팝 (popgr)> 정말 예쁘시네요
[2021-12-11 01:37:38] <@%완두콩모찌 (letsgokygo)> !나이
[2021-12-11 01:37:38] <@^빵_떡 (bbangddeock)> 13살
[2021-12-11 01:37:41] <@%완두콩모찌 (letsgokygo)> 13살입니다
[2021-12-11 01:37:55] <비비드소울 (songsuk9)> ㅋㅋㅋㅋㅋㅋㅋㅋㅋㅋㅋ
[2021-12-11 01:38:00] [Info] Now hosting 탠지.
[2021-12-11 01:39:56] ~Stream offline~
[2021-12-11 01:41:03] <@^싹둑 (ssakdook)> https://www.youtube.com/channel/UCxmL6G2XAqB0EpQUwRPRqiw?view_as=subscriber   여우리 믿고 일단 구독 알림설정 꼬꼬! ◕‿◕✿
[2021-12-11 01:41:06] You have left #yeo_ul
[2021-12-11 01:41:06] Viewerstats (01:33-01:37): avg:204 min:200 max:207 [3/200+7+0_]
# Log closed: 2021-12-11 01:41:06 +0900
-
