# Log started: 2021-12-10 21:53:19 +0900
[2021-12-10 21:53:19] #yeo_ul 채널 입장 중입니다
[2021-12-10 21:53:19] #yeo_ul 채널에 입장했습니다
[2021-12-10 21:53:20] ~[6000팔 추카해죵] 여울 다마고찌 와따 (ฅ•ω•ฅ)♡ (Just Chatting)~
[2021-12-10 21:53:24] <%토마토킬러 (tomatoyak)> 4명 간추리겠음
[2021-12-10 21:53:24] <곽두판_ (aspect0111)> yeoulYeah yeoulPPo
[2021-12-10 21:53:37] <%nanpaja> 조아요
[2021-12-10 21:53:48] <@%완두콩모찌 (letsgokygo)> 제 머리를 쏘셔도 됩니다
[2021-12-10 21:53:49] <%섹키로 (rodomichael)> ㅋㅋㅋㅋ
[2021-12-10 21:53:50] [Notification] 토마토킬러 gifted a Tier 1 sub to 콰랑! They have given 80 Gift Subs in the channel!
[2021-12-10 21:53:58] <%콰랑 (bwhoarang)> 와
[2021-12-10 21:54:01] <%콰랑 (bwhoarang)> 감사합니다
[2021-12-10 21:54:04] <%토마토킬러 (tomatoyak)> 그렇게 빨리보내면
[2021-12-10 21:54:07] <%토마토킬러 (tomatoyak)> ㅋㅋ
[2021-12-10 21:54:11] <%토마토킬러 (tomatoyak)> 이따가오겠음
[2021-12-10 21:54:14] <%콰랑 (bwhoarang)> 누나
[2021-12-10 21:54:16] <%콰랑 (bwhoarang)> 남자가 왼손아니야?
[2021-12-10 21:54:44] <~%해까닥여울이 (yeo_ul)> yeoulBoo yeoulNosebleed yeoulSmile yeoulYeah yeoulPPo yeoulYeah yeoulPPo
[2021-12-10 21:54:52] <%콰랑 (bwhoarang)> yeoulYeah yeoulPPo yeoulYeah yeoulPPo
[2021-12-10 21:54:59] <%멧찌 (pon03046)> yeoulNosebleed yeoulNosebleed
[2021-12-10 21:55:07] <%콰랑 (bwhoarang)> 장례식장에서는
[2021-12-10 21:55:11] <%콰랑 (bwhoarang)> 남자가 오른손위
[2021-12-10 21:55:43] <@%완두콩모찌 (letsgokygo)> 오른손
[2021-12-10 21:55:43] <%콰랑 (bwhoarang)> 경례는 오른손
[2021-12-10 21:55:47] <깡마의가정부1 (lazyhwang11261)> 오른손이여\
[2021-12-10 21:55:48] <@%완두콩모찌 (letsgokygo)> 눈썹 옆에 손끝을 붙이면 댐
[2021-12-10 21:55:54] <%콰랑 (bwhoarang)> 공수는 왼손 / 장례식장에서는 오른손
[2021-12-10 21:56:05] <@%완두콩모찌 (letsgokygo)> 손바닥 보이면 안댐
[2021-12-10 21:56:06] <깡마의가정부1 (lazyhwang11261)> 그건 북한군이구요
[2021-12-10 21:56:19] <%콰랑 (bwhoarang)> 제사나 장례식장에서는 오른손
[2021-12-10 21:56:21] <%콰랑 (bwhoarang)> 여자는 반대
[2021-12-10 21:56:54] <%멧찌 (pon03046)> 네?
[2021-12-10 21:57:01] <%섹키로 (rodomichael)> ㅋㅋㅋ
[2021-12-10 21:57:03] <%콰랑 (bwhoarang)> ㅔ
[2021-12-10 21:57:03] <@^싹둑 (ssakdook)> 할말 없으면 ㄹㅇㅋㅋ
[2021-12-10 21:57:06] <%섹키로 (rodomichael)> 죽음의체조임 ㅋㅋㅋ
[2021-12-10 21:57:18] <%멧찌 (pon03046)> pt 8번 가시죠
[2021-12-10 21:57:23] <@%완두콩모찌 (letsgokygo)> 유격체조 말하는거유?
[2021-12-10 21:57:26] <%콰랑 (bwhoarang)> 새천년체조도
[2021-12-10 21:57:31] <%콰랑 (bwhoarang)> 80년대후반생들만 알수있는거자너 ㅋㅋ
[2021-12-10 21:57:44] <@%완두콩모찌 (letsgokygo)> 레그레이즈임 pt8번
[2021-12-10 21:57:46] <%멧찌 (pon03046)> 누워서 발을 좌우로 움직이는게 pt 8번
[2021-12-10 21:57:55] <@%완두콩모찌 (letsgokygo)> 레그레이즈 자세로 좌우로 왔다갔다
[2021-12-10 21:58:38] <@%완두콩모찌 (letsgokygo)> 상상으로 만들어진 이상한 체조
[2021-12-10 21:58:38] <%멧찌 (pon03046)> 두발을 붙이고 좌우로
[2021-12-10 21:58:41] <@%완두콩모찌 (letsgokygo)> ㅋㅋㅋㅋㅋㅋㅋㅋㅋㅋ
[2021-12-10 21:58:59] <며기 (biopoisn)> 38번 올빼미 여울 피티 8번 10회 몇회???
[2021-12-10 21:59:01] <@%완두콩모찌 (letsgokygo)> 바지 짧으면 위험할듯
[2021-12-10 21:59:01] <%콰랑 (bwhoarang)> 영상도네 쏘라는 얘기잖아 트수들아 눈치좀
[2021-12-10 21:59:03] <며기 (biopoisn)> 허리를 비트는 거에요.
[2021-12-10 21:59:08] <며기 (biopoisn)> 다리를 들고
[2021-12-10 21:59:17] <며기 (biopoisn)> 상체는 고정
[2021-12-10 22:00:16] <%지각생입니담 (s0later)> !지각
[2021-12-10 22:00:17] <@^빵_떡 (bbangddeock)> 왜 느저써 !
[2021-12-10 22:00:18] <며기 (biopoisn)> 부심???
[2021-12-10 22:00:20] <@^싹둑 (ssakdook)> 아직도 여울이 팔로우 안한 바부가 있다궁? °˖✧◝(⁰▿⁰)◜✧˖°
[2021-12-10 22:00:27] <%콰랑 (bwhoarang)> 걔넨 땡보라서
[2021-12-10 22:00:51] <%섹키로 (rodomichael)> ㅋㅋㅋㅋ
[2021-12-10 22:01:01] <%콰랑 (bwhoarang)> 공군 휴가 많아서 개떙보자너
[2021-12-10 22:01:01] <%섹키로 (rodomichael)> 운전병부심 ㅋㅋㅋ 제일많음
[2021-12-10 22:01:14] <@%완두콩모찌 (letsgokygo)> 아~ 제가 운전병인데 운전 잘합니다~
[2021-12-10 22:01:24] <%popdong> ㅋㅋㅋㅋㅋ
[2021-12-10 22:01:30] <며기 (biopoisn)> 에이 본인이 가는 곳이 젤 힘듭니다.ㅋㅋㅋ
[2021-12-10 22:01:33] <%popdong> 나 운전병춘신이야!
[2021-12-10 22:01:37] <%popdong> 출신이야!
[2021-12-10 22:01:42] <@%완두콩모찌 (letsgokygo)> 근데 실제로 운전 잘해요 ㅠ
[2021-12-10 22:01:47] <%지각생입니담 (s0later)> 땡보=놀고먹는보직
[2021-12-10 22:01:52] <%DoToRiPark> 코너링이 좋으시네 ㅋㅋㅋㅋㅋ
[2021-12-10 22:01:52] <%지각생입니담 (s0later)> 1호차 엣헴!
[2021-12-10 22:01:53] <%콰랑 (bwhoarang)> 땡보 = 내가안한보직
[2021-12-10 22:02:01] <%leegyeok> 취사병이야!
[2021-12-10 22:02:12] <%nanpaja> px입니다만?
[2021-12-10 22:02:15] <%콰랑 (bwhoarang)> 취사병 = 경계근우 안서는 땡보
[2021-12-10 22:02:20] <%멧찌 (pon03046)> 가능하죠 ㅋㅋㅋ
[2021-12-10 22:02:24] <%popdong> 밥먹을땐
[2021-12-10 22:02:27] <@%완두콩모찌 (letsgokygo)> 난 운전병인데 취사병꺼 같이 먹었는디
[2021-12-10 22:02:29] <며기 (biopoisn)> 당근 먹죠..취사병은 근데 빡시죠. 새벽 3시에 일어나가지고
[2021-12-10 22:02:29] <%popdong> 취사병미만잡
[2021-12-10 22:02:32] <%DoToRiPark> 취사병 ㅈㄴ 불쌍함 주말에 다 쉴 때 밥함 ㅈㄴ 불쌍해 보였음
[2021-12-10 22:02:33] <며기 (biopoisn)> 빨간날도 못 쉬고
[2021-12-10 22:02:38] <%멧찌 (pon03046)> 취사병 쉽다고 생각하는데
[2021-12-10 22:02:44] <%멧찌 (pon03046)> 새벽에 일어나서 밥만들고
[2021-12-10 22:02:45] <%nanpaja> 좀만더줘...
[2021-12-10 22:02:47] <%멧찌 (pon03046)> 힘듬
[2021-12-10 22:02:49] <며기 (biopoisn)> 6시에 밥 먹잖음.
[2021-12-10 22:03:05] <%멧찌 (pon03046)> 근데 어찌보면 편해보이는데
[2021-12-10 22:03:10] <쿠자님 (sparkst82)> 집에서 출퇴근했읍미다
[2021-12-10 22:03:10] <%콰랑 (bwhoarang)> 취사병 = 훈련때 밥만하는 떙보
[2021-12-10 22:03:12] <%멧찌 (pon03046)> 남들 일할때 쉬고 쉴때 일하는
[2021-12-10 22:03:13] <%멧찌 (pon03046)> 그런거임
[2021-12-10 22:03:28] <며기 (biopoisn)> 밥할때 삽으로 해요. ㅋㅋㅋ
[2021-12-10 22:03:31] <%DoToRiPark> 포병 편하다고 군대 포병으로 가라는 사람 = 손절해야 하는 사람
[2021-12-10 22:03:48] <@%완두콩모찌 (letsgokygo)> 안무서우면 말 안들음
[2021-12-10 22:03:49] <%멧찌 (pon03046)> 말안들으면 갈구니까요 ㅋㅋㅋ
[2021-12-10 22:03:49] <쿠자님 (sparkst82)> 군기 잡을려고
[2021-12-10 22:03:52] <며기 (biopoisn)> 사고나면 안되니까
[2021-12-10 22:03:59] <며기 (biopoisn)> 무섭게 해야함.
[2021-12-10 22:04:05] <@%완두콩모찌 (letsgokygo)> 총쏘는데 안무섭게하면 사고남
[2021-12-10 22:04:12] <%DoToRiPark> 긴장감을 주는거죠 ㅋㅋㅋㅋㅋㅋ
[2021-12-10 22:04:17] <며기 (biopoisn)> ㅇㅇ 그렇죠
[2021-12-10 22:04:47] <%콰랑 (bwhoarang)> 내가 조교였음
[2021-12-10 22:04:53] <며기 (biopoisn)> 상황마다 다르죠.
[2021-12-10 22:04:56] <%콰랑 (bwhoarang)> ㅇㅇ
[2021-12-10 22:04:57] <며기 (biopoisn)> 저도 조교 파견 가봈음. ㅋㅋㅋ
[2021-12-10 22:05:04] <%콰랑 (bwhoarang)> 육군훈련소 조교였음
[2021-12-10 22:05:09] <@%완두콩모찌 (letsgokygo)> 재밌었겠다
[2021-12-10 22:05:11] <며기 (biopoisn)> 유격
[2021-12-10 22:05:12] <%DoToRiPark> 근데 ㄹㅇ 군대에서 편한 보직을 본 적이 없음 ㅋㅋㅋㅋㅋ
[2021-12-10 22:05:20] <%콰랑 (bwhoarang)> 육군훈련소 취사병은 인정한다
[2021-12-10 22:05:29] <%콰랑 (bwhoarang)> 될수있는 자격 따로 없고
[2021-12-10 22:05:36] <%콰랑 (bwhoarang)> 1급중에서 똘똘하면 뽑음
[2021-12-10 22:05:41] <%멧찌 (pon03046)> 조교 자격은 정신 제대로 박혀있으면 됨
[2021-12-10 22:05:50] <며기 (biopoisn)> 막사??
[2021-12-10 22:05:55] <%Ruwha89> ThankEgg 호다닥 퇴근하고 PC 버전으로 오겠습니다
[2021-12-10 22:05:56] <organbird> 따로
[2021-12-10 22:06:00] <%콰랑 (bwhoarang)> 여군부사관이 들어온적있었는데
[2021-12-10 22:06:02] <%멧찌 (pon03046)> 여군은 다 간부라서
[2021-12-10 22:06:04] <organbird> 여군은 보통 간부
[2021-12-10 22:06:05] <며기 (biopoisn)> 여군은 다 하사관 장교니까 따로 있음.
[2021-12-10 22:06:06] <%콰랑 (bwhoarang)> 거기 교육할때만 조교하러 가고
[2021-12-10 22:06:06] <%멧찌 (pon03046)> 간부 숙소에서 살걸요
[2021-12-10 22:06:14] <%DoToRiPark> 여군은 부사관이나 장교 숙소 따로 있음
[2021-12-10 22:06:18] <%콰랑 (bwhoarang)> 생활통제는 여군장교가 따로함
[2021-12-10 22:06:24] <%콰랑 (bwhoarang)> ㄴㄴ
[2021-12-10 22:06:25] <%콰랑 (bwhoarang)> 여군은
[2021-12-10 22:06:29] <%콰랑 (bwhoarang)> 여군부사관은 훈련기간에
[2021-12-10 22:06:32] <%콰랑 (bwhoarang)> 훈련병 쓰는 생활관
[2021-12-10 22:06:38] <%콰랑 (bwhoarang)> 그대로 써
[2021-12-10 22:06:44] <%DoToRiPark> 내 동생 현재 여군임 ㅋㅋㅋㅋ
[2021-12-10 22:06:52] <며기 (biopoisn)> 체질 맞으면 좋은 데...
[2021-12-10 22:07:04] <%섹키로 (rodomichael)> ㅔㅋㅋㅋㅋ
[2021-12-10 22:07:09] <%leegyeok> yeoulNosebleed
[2021-12-10 22:07:26] <%DoToRiPark> 아무리 이뻐도 괴롭히는 간부는 싫다
[2021-12-10 22:07:28] <%DoToRiPark> ㅋㅋㅋㅋㅋㅋㅋㅋㅋ
[2021-12-10 22:07:30] <@%완두콩모찌 (letsgokygo)> 생님 군인되면 스쿼트 못한다고 놀릴거임
[2021-12-10 22:08:18] <@%완두콩모찌 (letsgokygo)> 우리부대 남자밖에 없었는데 여군 보내려고 하니까 화장실 만들어야된다고 보내지말라함 대대장이
[2021-12-10 22:08:41] <돌보 (megashowking)> 안맞으니까 하지마라고 햇을듯
[2021-12-10 22:08:48] <%DoToRiPark> 나도 밀리터리 좋아해서 멋있어 보였던 때가 있었지....
[2021-12-10 22:08:49] <며기 (biopoisn)> 군대는 진짜 그 생활이 맞으면 좋은데 아니면 할게 못되죠...
[2021-12-10 22:08:59] <며기 (biopoisn)> 총도 직접 쏘보면 영화처럼 그렇지 않음.
[2021-12-10 22:09:05] <%멧찌 (pon03046)> 군대라는 조직 자체가 특이해서 안맞으면 힘듬
[2021-12-10 22:09:05] <아무것도모르는철없는학생 (rlaghksdnd)> 힘들어요
[2021-12-10 22:09:10] <며기 (biopoisn)> 반동도 진짜 크고 소리도 엄청 큼
[2021-12-10 22:09:11] <며기 (biopoisn)> ㅋㅋㅋㅋ
[2021-12-10 22:09:20] <돌보 (megashowking)> 주변 사람들이 괜히 하지말라고 하는게 아님
[2021-12-10 22:09:27] <%멧찌 (pon03046)> 그거 돈벌어서 유튜브 컨텐츠로 찍어요 ㅋㅋㅋ
[2021-12-10 22:09:32] <neomi3124> 누굴죽이려고 ㄷㄷ
[2021-12-10 22:09:40] <@%완두콩모찌 (letsgokygo)> 꿘총만 쏴도 놀랠걸 생님
[2021-12-10 22:10:00] <%멧찌 (pon03046)> 요즘 다 귀마개 끼고 해서 이명 없을텐데
[2021-12-10 22:10:02] <며기 (biopoisn)> 권총만 쏘셔도 구경 좀 큰거 쏘면 어설프게 잡고 쏘면 몸 다침
[2021-12-10 22:10:06] <며기 (biopoisn)> 벌렁 넘어지거나 ㅋㅋㅋㅋㅋ
[2021-12-10 22:10:12] <%DoToRiPark> 사격할 때 이어플러그 줘야 하는데 나 때는 개인이 사서 씀 ㅋㅋㅋㅋ
[2021-12-10 22:10:31] <%DoToRiPark> 13군번 ㅠㅜㅠㅜ
[2021-12-10 22:10:49] <며기 (biopoisn)> 개머리판은 소총이라 안정적임.
[2021-12-10 22:10:52] <@%완두콩모찌 (letsgokygo)> 어허~ 세단다~
[2021-12-10 22:10:52] <며기 (biopoisn)> 길기 때문에
[2021-12-10 22:11:03] <%DoToRiPark> 몰?루
[2021-12-10 22:11:08] <+Kajfish99> du bish zu geil
[2021-12-10 22:11:22] <YungKoya> wow
[2021-12-10 22:11:24] <%이태리는타월 (skdngus90)> 반동이 턱에 가면 뼈 다쳐요
[2021-12-10 22:11:27] <YungKoya> krank brutali futz
[2021-12-10 22:11:29] <@%완두콩모찌 (letsgokygo)> 중국어임
[2021-12-10 22:11:31] <@%완두콩모찌 (letsgokygo)> 님 쩐답니다
[2021-12-10 22:11:43] <%DoToRiPark> 우리 이모 쩔어
[2021-12-10 22:11:45] <%DoToRiPark> ㅋㅋㅋㅋㅋㅋㅋ
[2021-12-10 22:11:51] <neomi3124> 이모짱짱걸
[2021-12-10 22:12:03] <%콰랑 (bwhoarang)> 어허
[2021-12-10 22:12:04] <%콰랑 (bwhoarang)> 누나라고해라
[2021-12-10 22:12:31] <%콰랑 (bwhoarang)> 아니 한쪽이
[2021-12-10 22:12:34] <%콰랑 (bwhoarang)> 북한군이라고 가정하고
[2021-12-10 22:12:34] <%DoToRiPark> 훈련을 북한군이랑 못 하니까 ㅋㅋㅋㅋㅋㅋ
[2021-12-10 22:12:35] <%멧찌 (pon03046)> 상황 주어지고 연습하는거죠
[2021-12-10 22:12:38] <%콰랑 (bwhoarang)> 공격방어 연습하는거야
[2021-12-10 22:12:43] <@%완두콩모찌 (letsgokygo)> 격투기로 치면 대련같은거임
[2021-12-10 22:12:55] <%DoToRiPark> ㅇㅇ
[2021-12-10 22:13:16] <%DoToRiPark> KCTC 훈련 재밌음 시작하고 한 3시간은 재밌음
[2021-12-10 22:13:23] <%DoToRiPark> 총 맞으면 삐용삐용 울리고
[2021-12-10 22:13:23] <%멧찌 (pon03046)> 남자들 군대이야기하면 다달려듬
[2021-12-10 22:13:40] <며기 (biopoisn)> 얼마나 힘들면 그럴까요..전역한지가 언제인데
[2021-12-10 22:13:48] <며기 (biopoisn)> 아마 죽을때도 기억하라면 할거야.ㅋㅋㅋㅋㅋ
[2021-12-10 22:14:04] <neomi3124> 총기번호 아직 안까먹은사람 많을거같은뎅
[2021-12-10 22:14:06] <%DoToRiPark> 아직도 군번 기억하는 거 보면 끔찍하다
[2021-12-10 22:14:07] <@%완두콩모찌 (letsgokygo)> 할아버지.. 유언이 무엇이신가요...
[2021-12-10 22:14:11] <@%완두콩모찌 (letsgokygo)> 어.....내가 군대 있을ㄸ...
[2021-12-10 22:14:17] <%멧찌 (pon03046)> 총기번호는 기억안나는데.. ㅋㅋㅋ
[2021-12-10 22:14:21] <%멧찌 (pon03046)> 총기를 쓸일이없어서
[2021-12-10 22:14:29] <+깨콩님 (postmun)> 여하
[2021-12-10 22:14:29] <@^빵_떡 (bbangddeock)> 깨콩님 님 여하~! bbangd1Hi2
[2021-12-10 22:14:35] <%DoToRiPark> 라떼는 으이 군대는 으이!
[2021-12-10 22:14:56] <%멧찌 (pon03046)> 라때도 없었다 이말입니다~
[2021-12-10 22:14:59] <며기 (biopoisn)> 갔다 오셨네.ㅋㅋㅋ
[2021-12-10 22:15:00] <%DoToRiPark> 3년???
[2021-12-10 22:15:14] <며기 (biopoisn)> 3년이면 90년대에 군대 가야 하는데??
[2021-12-10 22:15:15] <%이태리는타월 (skdngus90)> 3년이면 언제임?
[2021-12-10 22:15:24] <며기 (biopoisn)> 대체 몇살이신겁니까!!!
[2021-12-10 22:15:32] <며기 (biopoisn)> ㅋㅋㅋㅋ
[2021-12-10 22:15:39] <%DoToRiPark> 이모 참전용사인가보다 ㅋㅋㅋㅋㅋ
[2021-12-10 22:16:00] <%멧찌 (pon03046)> 어우
[2021-12-10 22:16:05] <%멧찌 (pon03046)> 골절됐겠다
[2021-12-10 22:16:14] <며기 (biopoisn)> 다친다니께요.
[2021-12-10 22:16:20] <며기 (biopoisn)> 반동이 저리 쎔
[2021-12-10 22:16:21] <%멧찌 (pon03046)> 저거 진짜 쌤
[2021-12-10 22:16:25] <@%완두콩모찌 (letsgokygo)> 왜 그 전쟁영화보면
[2021-12-10 22:16:34] <@%완두콩모찌 (letsgokygo)> 개머리판으로 머리 찍어서 이기잖아
[2021-12-10 22:16:36] <@%완두콩모찌 (letsgokygo)> 개머리판 쌤
[2021-12-10 22:16:39] <%DoToRiPark> 총 잡는 법이 중요함
[2021-12-10 22:16:45] <장주랭이 (handsometeeth)> !나이
[2021-12-10 22:16:45] <@^빵_떡 (bbangddeock)> 13살
[2021-12-10 22:16:47] <며기 (biopoisn)> 여자분은 또 샷건이라 반동이 더 컸을거임.
[2021-12-10 22:16:48] <장주랭이 (handsometeeth)> ?
[2021-12-10 22:16:49] <@^빵_떡 (bbangddeock)> 롸 ? bbangd1Un
[2021-12-10 22:16:51] <%이태리는타월 (skdngus90)> 자세 잘못 잡으면 다침
[2021-12-10 22:17:08] <%테레루미너 (hound0613)> 밥 먹고 왔더니 군대 이야기인가...
[2021-12-10 22:17:21] <+깨콩님 (postmun)> 오늘 너무 이쁘시넹..
[2021-12-10 22:17:40] <며기 (biopoisn)> 또 쏘다 보면 이골이 납니다.
[2021-12-10 22:17:41] <neomi3124> 군용이랑 민간용은 탄이 틀림
[2021-12-10 22:17:46] <@%완두콩모찌 (letsgokygo)> 보드카 마시면 반동 50% 감소버프ㅡ있음
[2021-12-10 22:17:49] <%테레루미너 (hound0613)> 이모 전쟁 이야기 하시는거에요??
[2021-12-10 22:18:04] <며기 (biopoisn)> 탄도 종류가 많아요.
[2021-12-10 22:18:07] <며기 (biopoisn)> 크기가 다 다르고
[2021-12-10 22:18:35] <@%완두콩모찌 (letsgokygo)> 탄중에 소금탄도 있다고 하더라
[2021-12-10 22:18:41] <%테레루미너 (hound0613)> 왜긴요 힘드니까
[2021-12-10 22:18:45] <%테레루미너 (hound0613)> 다치니까
[2021-12-10 22:18:50] <@%완두콩모찌 (letsgokygo)> 사람 맞추면 소금이 녹아서 없어진대
[2021-12-10 22:19:10] <%DoToRiPark> 비싸겠다 ㅋㅋㅋㅋ
[2021-12-10 22:19:11] <%테레루미너 (hound0613)> 시체 짜게싿
[2021-12-10 22:19:14] <%테레루미너 (hound0613)> 짜겠다
[2021-12-10 22:19:23] <@%완두콩모찌 (letsgokygo)> 사람은 죽고 나중에 총알 찾으려는데 없음
[2021-12-10 22:19:25] <%DoToRiPark> 맞고 죽으면 몸 속에서 녹는거 아님???
[2021-12-10 22:19:29] <며기 (biopoisn)> 사슴 잡는 순간에 바로 염지.ㅋㅋㅋ
[2021-12-10 22:19:32] <%테레루미너 (hound0613)> 쏘자마자 염지 완료 되네
[2021-12-10 22:19:35] <%테레루미너 (hound0613)> 개꿀이다
[2021-12-10 22:20:06] <@%완두콩모찌 (letsgokygo)> 보통 무슨총알을 썼는지로도 범인을 찾는데 소금은 총알이 없어지니깐
[2021-12-10 22:20:09] <%테레루미너 (hound0613)> 단발머리?? 마동석씨?
[2021-12-10 22:20:39] <%멧찌 (pon03046)> 그게 뭐지
[2021-12-10 22:20:50] <%토마토킬러 (tomatoyak)> 놈놈놈이 모티브가 아니고 반대임
[2021-12-10 22:20:57] <%토마토킬러 (tomatoyak)> 노인을 위한 나라는 없다
[2021-12-10 22:20:58] <%멧찌 (pon03046)> 노인을 위한 나라는 없다
[2021-12-10 22:21:00] <%멧찌 (pon03046)> 이거말하는건가
[2021-12-10 22:21:04] <%DoToRiPark> 노인을 위한 나라는 없다?
[2021-12-10 22:21:15] <%DoToRiPark> 뭔 영화 말하나 했다 ㅋㅋㅋㅋ
[2021-12-10 22:21:20] <@%완두콩모찌 (letsgokygo)> 양로원없는 나라 ㅠ
[2021-12-10 22:21:22] <며기 (biopoisn)> ㅎㅎㅎ
[2021-12-10 22:21:22] <%토마토킬러 (tomatoyak)> 콘셉트만 딴 영화
[2021-12-10 22:21:42] <%토마토킬러 (tomatoyak)> 노인을 위한 나라는 없다는 명작이고
[2021-12-10 22:21:45] <neomi3124> 하비에르바르뎀?
[2021-12-10 22:21:45] <%콰랑 (bwhoarang)> 양로원 넘는거는 너무했네
[2021-12-10 22:21:47] <%DoToRiPark> 그 영화 ㄹㅇ 명작 ㅋㅋㅋㅋ
[2021-12-10 22:22:03] <며기 (biopoisn)> 소설이 엄청 베스트 셀러였던걸로 기억하네요. 그래서 영화로 제작
[2021-12-10 22:22:11] <%콰랑 (bwhoarang)> 권오중?
[2021-12-10 22:22:25] <neomi3124> ㅇ
[2021-12-10 22:22:26] <%DoToRiPark> 배우 이름이 하비에르 바르뎀
[2021-12-10 22:22:30] <밍선하의촉촉한전신스타킹 (iasdl2222)> 권오중인데여
[2021-12-10 22:22:40] <@%완두콩모찌 (letsgokygo)> 권오중 음흉한 연예인 아재
[2021-12-10 22:23:00] <%DoToRiPark> 권오중이 얼마 전에 패러디 해서
[2021-12-10 22:23:02] <@^싹둑 (ssakdook)> 간신 도네는 언제나 환영이라구 ٩(๑• ₃ -๑)۶♥
[2021-12-10 22:23:26] <%DoToRiPark> 광고였던 것 같음 잘 기억이 안 남 ㅋㅋㅋㅋ
[2021-12-10 22:23:33] <%콰랑 (bwhoarang)> 누나 어렸을때 순풍산부인과 봤잖아
[2021-12-10 22:23:33] <@%완두콩모찌 (letsgokygo)> snl
[2021-12-10 22:23:44] <%테레루미너 (hound0613)> 여게더에 이미지 올렸어요
[2021-12-10 22:23:56] <%콰랑 (bwhoarang)> 권오중 왜몰름
[2021-12-10 22:23:57] <%DoToRiPark> 아무도 그들을 막을 수 없다도 보셨자너 ㅋㅋㅋㅋㅋ
[2021-12-10 22:23:57] <@%완두콩모찌 (letsgokygo)> 오
[2021-12-10 22:24:03] <@%완두콩모찌 (letsgokygo)> 분위기 비슷하다
[2021-12-10 22:24:24] <%DoToRiPark> 아 웬만해선 그들을 막을 수 없다인가?
[2021-12-10 22:24:53] <%DoToRiPark> ㄹㅇ 소돋똑
[2021-12-10 22:24:55] <%DoToRiPark> ㅋㅋㅋㅋㅋㅋㅋㅋㅋ
[2021-12-10 22:24:57] Viewerstats (21:53-22:24): avg:210 min:197 max:217 [17/217-7+0+3+0+0+3+0-5+0-4+0+0+7+0-17+0]
[2021-12-10 22:25:00] <며기 (biopoisn)> 머리까지 저렇게 하시니까 완전 비슷하다
[2021-12-10 22:25:14] <%테레루미너 (hound0613)> 저 정도면 본인이지
[2021-12-10 22:25:21] <%콰랑 (bwhoarang)> 오중이 삼촌..
[2021-12-10 22:25:24] <%DoToRiPark> 둘 다 잘생긴 사람인데 저러고 있으니까 묘하게 무서운 분위기가 나네
[2021-12-10 22:25:27] <%DoToRiPark> ㅋㅋㅋㅋㅋㅋㅋㅋㅋ
[2021-12-10 22:26:14] <%테레루미너 (hound0613)> 새로고침 해보세요
[2021-12-10 22:26:50] <@%완두콩모찌 (letsgokygo)> 권오중아재 겁나 잘생겼지
[2021-12-10 22:27:06] <%DoToRiPark> 저는 두상 안 이뻐서 맨날 펌해야 됨 ㅋㅋㅋㅋ
[2021-12-10 22:27:34] <@%완두콩모찌 (letsgokygo)> 김병지컷;
[2021-12-10 22:27:41] <%테레루미너 (hound0613)> 저는 이번에 기르는 중
[2021-12-10 22:27:59] <%DoToRiPark> 일단 머리카락을 없애봐야 알 것 같은데요 두상이 이쁘신지 ㅋㅋㅋㅋㅋ
[2021-12-10 22:28:06] <%테레루미너 (hound0613)> 이모는 그런거 싫어한다!
[2021-12-10 22:28:13] <@%완두콩모찌 (letsgokygo)> 두상 확인차 삭발?
[2021-12-10 22:28:26] <%DoToRiPark> 삭발 ㄱ?
[2021-12-10 22:28:39] <%테레루미너 (hound0613)> 매니저님 평생 가능하시죠??
[2021-12-10 22:28:42] <@%완두콩모찌 (letsgokygo)> 햇반주기는 가능
[2021-12-10 22:28:50] <며기 (biopoisn)> 근데 예쁘셔서 잘라도 이쁠거 같음.ㅋㅋㅋ
[2021-12-10 22:28:52] <%DoToRiPark> 안 통하네? ㅋㅋㅋㅋ
[2021-12-10 22:29:00] <@%완두콩모찌 (letsgokygo)> 마이크
[2021-12-10 22:29:03] <%테레루미너 (hound0613)> 햇반 받으시고 저희는 매니저님 드릴께요
[2021-12-10 22:29:10] <@%완두콩모찌 (letsgokygo)> 마이크 키고 얘기해라~
[2021-12-10 22:29:19] <%테레루미너 (hound0613)> 콩 있는 남자는 어때요??
[2021-12-10 22:29:19] <%멧찌 (pon03046)> 깡은 한국다람쥐
[2021-12-10 22:29:24] <밍선하의촉촉한전신스타킹 (iasdl2222)> 깡깡
[2021-12-10 22:29:36] <@%완두콩모찌 (letsgokygo)> 이름 부르지마세요~
[2021-12-10 22:29:37] <밍선하의촉촉한전신스타킹 (iasdl2222)> 혹시 그 깡이 깡깡에 그 깡인가여
[2021-12-10 22:29:42] <며기 (biopoisn)> 쥐잖아요
[2021-12-10 22:29:44] <며기 (biopoisn)> 다 먹음.
[2021-12-10 22:29:50] <%멧찌 (pon03046)> 다람쥐가요..?
[2021-12-10 22:30:11] <neomi3124> 생긴거만 귀여움 ㅋㅋ
[2021-12-10 22:30:12] <%DoToRiPark> 다람쥐 아니고 청설모 착각한거 아님??? ㅋㅋㅋ
[2021-12-10 22:30:16] <%테레루미너 (hound0613)> 다람쥐 깡패임
[2021-12-10 22:30:18] <@^싹둑 (ssakdook)> 아직도 여울이 팔로우 안한 바부가 있다궁? °˖✧◝(⁰▿⁰)◜✧˖°
[2021-12-10 22:30:21] <@%완두콩모찌 (letsgokygo)> 내가 음소거하고 있었네
[2021-12-10 22:30:24] <@%완두콩모찌 (letsgokygo)> 마이크를 끈줄
[2021-12-10 22:30:36] <%테레루미너 (hound0613)> 배고프면 서로 잡아먹어요
[2021-12-10 22:30:45] <장주랭이 (handsometeeth)> MBTI 머에여?
[2021-12-10 22:31:11] <%콰랑 (bwhoarang)> 여비티아이 비밀입니다
[2021-12-10 22:31:39] <@%완두콩모찌 (letsgokygo)> ABCD요
[2021-12-10 22:31:43] <%테레루미너 (hound0613)> 전  ENFJ요
[2021-12-10 22:31:52] <+더덕 (dueduk1111)> ISFP요
[2021-12-10 22:31:56] <장주랭이 (handsometeeth)> infp?
[2021-12-10 22:32:04] <%네셔널지오그래픽 (tpdlsxmfntlvj)> 여하
[2021-12-10 22:32:04] <@^빵_떡 (bbangddeock)> 네셔널지오그래픽 님 여하~! bbangd1Hi2
[2021-12-10 22:32:04] <@%완두콩모찌 (letsgokygo)> ENFP
[2021-12-10 22:32:12] <%콰랑 (bwhoarang)> 전 WXYZ요
[2021-12-10 22:32:27] <%네셔널지오그래픽 (tpdlsxmfntlvj)> 좀있다가 자기전에 여울님 얼굴도장 찍고 잘려구여
[2021-12-10 22:32:39] <@%완두콩모찌 (letsgokygo)> 그런 MBTI는 없는데요 선생님
[2021-12-10 22:32:43] <@%완두콩모찌 (letsgokygo)> 잘 모르시네요
[2021-12-10 22:33:00] <%멧찌 (pon03046)> kㄷㄷ
[2021-12-10 22:33:07] <%네셔널지오그래픽 (tpdlsxmfntlvj)> 야을ㄴ;ㅁ 므ㅏㄷ,ㅅ[여
[2021-12-10 22:33:12] <%네셔널지오그래픽 (tpdlsxmfntlvj)> 여울님 뭐드세요?
[2021-12-10 22:33:23] <%네셔널지오그래픽 (tpdlsxmfntlvj)> 안보고 적다보니까..........
[2021-12-10 22:33:24] <%네셔널지오그래픽 (tpdlsxmfntlvj)> 하하
[2021-12-10 22:33:38] <%테레루미너 (hound0613)> 비요뜨 : 죽여줘...
[2021-12-10 22:33:46] <neomi3124> 이모 꼭꼭 십어드세요
[2021-12-10 22:34:00] <%네셔널지오그래픽 (tpdlsxmfntlvj)> 예비 6000팔이에요?
[2021-12-10 22:34:23] <%네셔널지오그래픽 (tpdlsxmfntlvj)> 아 새로 고침하니까 보이네
[2021-12-10 22:34:49] <%네셔널지오그래픽 (tpdlsxmfntlvj)> 이런식으로 성장하다가는 만팔금방되시겠네
[2021-12-10 22:35:06] <%테레루미너 (hound0613)> 지금 치킨 먹자고 하면 화내실꺼에요??
[2021-12-10 22:35:19] <%네셔널지오그래픽 (tpdlsxmfntlvj)> 저분 유명하심
[2021-12-10 22:35:25] <%테레루미너 (hound0613)> 아 사랑니
[2021-12-10 22:35:30] <%테레루미너 (hound0613)> 그럼 나중에 드세요
[2021-12-10 22:35:37] <%네셔널지오그래픽 (tpdlsxmfntlvj)> 비요뜨 맛있어요?
[2021-12-10 22:35:43] <며기 (biopoisn)> 사랑니 양쪽다 뽑으심??
[2021-12-10 22:35:47] <%네셔널지오그래픽 (tpdlsxmfntlvj)> 사랑니 뽑았어요?
[2021-12-10 22:36:07] <며기 (biopoisn)> 하루 정도는 더 있다가 드시죠.
[2021-12-10 22:36:49] <%테레루미너 (hound0613)> 담주에 드시죠
[2021-12-10 22:36:57] <며기 (biopoisn)> 치킨은 늘 맛난거 같아요..훗
[2021-12-10 22:36:59] <%테레루미너 (hound0613)> 이번 달 내에 7천팔 될 것 같은데
[2021-12-10 22:37:03] <%테레루미너 (hound0613)> 좀 걸려요 그거
[2021-12-10 22:37:06] <@%완두콩모찌 (letsgokygo)> 좀 걸림
[2021-12-10 22:37:13] <@%완두콩모찌 (letsgokygo)> 최소 2주이상은 기다려야댜
[2021-12-10 22:37:48] <@%완두콩모찌 (letsgokygo)> 한달은 잡는게 보통
[2021-12-10 22:37:50] <며기 (biopoisn)> 파트너요??
[2021-12-10 22:38:05] <며기 (biopoisn)> 시간 다들 제각각이시더라고요.
[2021-12-10 22:38:07] <@%완두콩모찌 (letsgokygo)> 지인은 6주만에 답장옴
[2021-12-10 22:38:30] <며기 (biopoisn)> 저 아는 분도 3주째인데 답장 없어서 언제 오냐고 만날 그러시네요.ㅋㅋㅋ
[2021-12-10 22:38:45] <@%완두콩모찌 (letsgokygo)> 연말이라 더할듯
[2021-12-10 22:38:53] <%테레루미너 (hound0613)> 저는 술 마시는 중 헤헷
[2021-12-10 22:39:05] <neomi3124> 소
[2021-12-10 22:39:09] <%테레루미너 (hound0613)> 저 양주에 탄산수 섞어서 마시고
[2021-12-10 22:39:12] <며기 (biopoisn)> 저는 하이볼 만들어서 간단하게 한잔만 함
[2021-12-10 22:39:18] <neomi3124> 소주
[2021-12-10 22:39:20] <%테레루미너 (hound0613)> 안주는 돼지고기 사와서 통째로 구웠어요
[2021-12-10 22:39:33] <%테레루미너 (hound0613)> 고기 한근 반 먹었어요
[2021-12-10 22:39:41] <@%완두콩모찌 (letsgokygo)> 많이드셨네
[2021-12-10 22:39:43] <며기 (biopoisn)> ㅇㅇ 잘 맘 집에서 종종 만들어 먹죠.
[2021-12-10 22:39:51] <며기 (biopoisn)> 요즘엔 위스키 말고 고량주로도 만들어요.
[2021-12-10 22:39:56] <@%완두콩모찌 (letsgokygo)> 5시에 회식해서
[2021-12-10 22:39:58] <@%완두콩모찌 (letsgokygo)> 배 안고파서 안먹음여
[2021-12-10 22:40:01] <neomi3124> 어제 먹다남은 숙성된 족발에 소주한잔 쿠
[2021-12-10 22:40:10] <@%완두콩모찌 (letsgokygo)> 6명있는데 24만원어치 시킴
[2021-12-10 22:40:29] <@%완두콩모찌 (letsgokygo)> 써야된대
[2021-12-10 22:40:30] <%테레루미너 (hound0613)> 사랑니 뽑으신 여울님 빼고 회식해요 우리
[2021-12-10 22:40:46] <@%완두콩모찌 (letsgokygo)> 좋습니다 양재동으로 오시죠
[2021-12-10 22:41:03] <@^싹둑 (ssakdook)> https://www.youtube.com/channel/UCxmL6G2XAqB0EpQUwRPRqiw?view_as=subscriber   여우리 믿고 일단 구독 알림설정 꼬꼬! ◕‿◕✿
[2021-12-10 22:41:06] <notebookhp> 여하 오늘 채팅인가요?
[2021-12-10 22:41:07] <@^빵_떡 (bbangddeock)> notebookhp 님 여하~! bbangd1Hi2
[2021-12-10 22:41:46] <%+그린팝 (popgr)> 죽겠다
[2021-12-10 22:42:02] <%+그린팝 (popgr)> 집에 왔으요
[2021-12-10 22:42:02] <@%완두콩모찌 (letsgokygo)> 게살크림파스타 먹고 넘 맛있어서 가니미소 시킴 ㅠ
[2021-12-10 22:42:13] <%+그린팝 (popgr)> 아뇨 오늘 술 한방울도 안마셨는데요..
[2021-12-10 22:42:19] <%콰랑 (bwhoarang)> 여울아 사랑니 몇개뻄?
[2021-12-10 22:42:27] <@%완두콩모찌 (letsgokygo)> 그 게장 따로 파는거
[2021-12-10 22:42:28] <%콰랑 (bwhoarang)> 그럼 세개남은거?
[2021-12-10 22:42:30] <@%완두콩모찌 (letsgokygo)> 게내장
[2021-12-10 22:42:31] <%+그린팝 (popgr)> 집 오는 길이 험난해서요..?
[2021-12-10 22:42:49] <며기 (biopoisn)> ㅇㅇ 다 뽑을려면 대학병원 가야지
[2021-12-10 22:42:58] <%Ruwha89> 금요일이라서 퇴근길에 거의 4~5개월만에
[2021-12-10 22:43:00] <며기 (biopoisn)> 난 뽑을때 누워 있는거라 대학병원 갔지
[2021-12-10 22:43:06] <%Ruwha89> 맥주 + 소세지 사왔습니다 ^ ^
[2021-12-10 22:43:14] <%Ruwha89> 너무 좋고 ~
[2021-12-10 22:43:16] <며기 (biopoisn)> 쌤이 걍 대학병원 가라더라고..ㅋㅋㅋ
[2021-12-10 22:43:20] <@%완두콩모찌 (letsgokygo)> 맥주 소시지 ㅋㅋ 독일스타일로 드시네
[2021-12-10 22:43:31] <%Ruwha89> yeoulYeah PrideLaugh PrideLaugh PrideLaugh
[2021-12-10 22:43:35] <며기 (biopoisn)> 소시지라면 쏘야 만드셔야!!!
[2021-12-10 22:43:36] <%DoToRiPark> 소시지는 천하장사지 ㅋㅋㅋㅋㅋㅋㅋㅋㅋㅋㅋㅋ
[2021-12-10 22:43:39] <%테레루미너 (hound0613)> 이 정도면 ㄹㅇ 여사장 빼고 회식이다
[2021-12-10 22:43:42] <%Ruwha89> ㅋㅋㅋㅋㅋ
[2021-12-10 22:43:46] <@%완두콩모찌 (letsgokygo)> ㄹㅇ 몰래 모입시다
[2021-12-10 22:43:50] <%Ruwha89> ( 소곤 _
[2021-12-10 22:43:56] <며기 (biopoisn)> ㅇㅇ 그거 맛남.
[2021-12-10 22:43:59] <며기 (biopoisn)> 말발굽 모양
[2021-12-10 22:44:01] <%멧찌 (pon03046)> 칼바사인가
[2021-12-10 22:44:02] <%멧찌 (pon03046)> 뭐시긴가
[2021-12-10 22:44:04] <%DoToRiPark> 이미 트수끼리 모여서 다 마시고 있음
[2021-12-10 22:44:06] <%Ruwha89> ^ ^
[2021-12-10 22:44:08] <%콰랑 (bwhoarang)> 킬바사
[2021-12-10 22:44:17] <%테레루미너 (hound0613)> 사랑니 환자는 안 됩니다
[2021-12-10 22:44:19] <%테레루미너 (hound0613)> 돌아가세요
[2021-12-10 22:44:20] <@%완두콩모찌 (letsgokygo)> ㄹㅇ 사실 지금 빔프로젝트로 방송 틀어놓고
[2021-12-10 22:44:22] <%+그린팝 (popgr)> 6인이상 집합 금지라서요
[2021-12-10 22:44:26] <%콰랑 (bwhoarang)> 킬 아님?
[2021-12-10 22:44:27] <@%완두콩모찌 (letsgokygo)> 다같이 맥주마시면서 채팅치는중인거 모르심?
[2021-12-10 22:44:32] <%콰랑 (bwhoarang)> 여울이 단톡방은 못참지
[2021-12-10 22:44:39] <%DoToRiPark> ㅖ
[2021-12-10 22:44:47] <%DoToRiPark> 여울 없는 여울 단톡방
[2021-12-10 22:44:53] <%콰랑 (bwhoarang)> 여울없는 여울팀
[2021-12-10 22:44:55] <@%완두콩모찌 (letsgokygo)> 아 다른테이블이라고 ㅋㅋㅋ
[2021-12-10 22:44:59] <%+그린팝 (popgr)> 그래서 여울님만 못오는건데요
[2021-12-10 22:45:00] <%테레루미너 (hound0613)> 저희 5명씩 나눠서 있어요
[2021-12-10 22:45:00] <%+그린팝 (popgr)> ㅋㅋㅋㅋㅋㅋㅋㅋㅋㅋㅋㅋ
[2021-12-10 22:45:17] <%테레루미너 (hound0613)> 소외감에 서러운 여사장
[2021-12-10 22:45:28] <@%완두콩모찌 (letsgokygo)> ㅇㅇ 40개임
[2021-12-10 22:45:32] <@%완두콩모찌 (letsgokygo)> 장충체육관에서 마시는중
[2021-12-10 22:45:36] <%DoToRiPark> 아 누가 빔프로젝트 전원 건드셨읍니까??? ㅋㅋㅋㅋㅋㅋ
[2021-12-10 22:45:51] <@%완두콩모찌 (letsgokygo)> ㅈㅅ 좀 취해서
[2021-12-10 22:45:56] <%DoToRiPark> ㅋㅋㅋㅋㅋㅋㅋㅋㅋㅋ
[2021-12-10 22:46:01] <%콰랑 (bwhoarang)> 누가 렌즈좀 닦아주세요
[2021-12-10 22:46:06] <@%완두콩모찌 (letsgokygo)> 혼자 한 2000cc마신듯
[2021-12-10 22:46:07] <%테레루미너 (hound0613)> 저희는 즐거워요 여사장님
[2021-12-10 22:46:33] <%+그린팝 (popgr)> ?
[2021-12-10 22:46:34] <@^빵_떡 (bbangddeock)> 롸 ? bbangd1Un
[2021-12-10 22:46:34] <@%완두콩모찌 (letsgokygo)> 아이고 놀래라
[2021-12-10 22:46:35] <%콰랑 (bwhoarang)> 잘 닦으시네
[2021-12-10 22:46:35] <%포도잎 (rlarlgus0058)> ?
[2021-12-10 22:46:36] <%+그린팝 (popgr)> 새로운게 생겼네
[2021-12-10 22:46:37] <%멧찌 (pon03046)> 어머나
[2021-12-10 22:46:37] <%DoToRiPark> 신기술이다 ㅋㅋㅋㅋ
[2021-12-10 22:46:39] <notebookhp> ?
[2021-12-10 22:46:39] <@^빵_떡 (bbangddeock)> 롸 ? bbangd1Un
[2021-12-10 22:46:41] <%포도잎 (rlarlgus0058)> 와 깜짝놀랬어
[2021-12-10 22:46:41] <%테레루미너 (hound0613)> 누가 컴 건드렸어요??? 자수하세요
[2021-12-10 22:46:43] <%포도잎 (rlarlgus0058)> 내컴퓨터 이상한줄..
[2021-12-10 22:46:44] <며기 (biopoisn)> 응???
[2021-12-10 22:46:45] <notebookhp> 뭐야 저거
[2021-12-10 22:46:47] <%DoToRiPark> Wa 채신기술
[2021-12-10 22:46:52] <@%완두콩모찌 (letsgokygo)> 아아 죄송합니다 발에 선이 걸려버렸네
[2021-12-10 22:46:56] <%테레루미너 (hound0613)> 이제 나가도 되는건가....
[2021-12-10 22:46:59] <%Ruwha89> ㅋㅋㅋㅋ
[2021-12-10 22:47:00] <%테레루미너 (hound0613)> 아깝다
[2021-12-10 22:47:05] <@%완두콩모찌 (letsgokygo)> 놀래서 저쪽에 트수한분 맥주 엎으심
[2021-12-10 22:47:11] <%테레루미너 (hound0613)> 에헤이.... 젖었네..
[2021-12-10 22:47:11] <%DoToRiPark> 아 내 맥주 ㅠㅜ
[2021-12-10 22:47:17] <@%완두콩모찌 (letsgokygo)> 테레님이셨네
[2021-12-10 22:47:18] <%테레루미너 (hound0613)> 튀었잖아요
[2021-12-10 22:47:22] <%Ruwha89> ㅋㅋㅋㅋㅋㅋㅋ
[2021-12-10 22:47:23] <%Ruwha89> ㄹㅇ ㅋㅋㅋㅋ
[2021-12-10 22:47:26] <며기 (biopoisn)> 다들 오늘 맛난거 드시나보네
[2021-12-10 22:47:28] <%포도잎 (rlarlgus0058)> 뿌듯해 하시는표정
[2021-12-10 22:47:30] <%포도잎 (rlarlgus0058)> 보기좋네요.
[2021-12-10 22:47:32] <%포도잎 (rlarlgus0058)> ㅋㅋㅋㅋㅋㅋㅋㅋㅋㅋㅋㅋ
[2021-12-10 22:47:35] <며기 (biopoisn)> 저는 내일 약속이라 집에서..하하
[2021-12-10 22:47:38] <%+그린팝 (popgr)> 고먐미
[2021-12-10 22:47:43] <@%완두콩모찌 (letsgokygo)> 며기님 거짓말치시네
[2021-12-10 22:47:43] <%포도잎 (rlarlgus0058)> !클립
[2021-12-10 22:47:44] <@^빵_떡 (bbangddeock)> [클립생성] 클립 생성이 진행중입니다. 클립 생성에 약 5초 정도 소요됩니다.
[2021-12-10 22:47:49] <@^빵_떡 (bbangddeock)> [클립생성] @포도잎 클립이 생성되었습니니다. 클립 주소 : https://clips.twitch.tv/CrazyLitigiousPlumberJonCarnage-OPiWWDof09dUNzpR
[2021-12-10 22:47:49] <@%완두콩모찌 (letsgokygo)> 지금 장충체육관에서 저희랑 같이 드시고 계시잖아여
[2021-12-10 22:47:52] <%DoToRiPark> ㅋㅋㅋㅋㅋ
[2021-12-10 22:47:58] <%테레루미너 (hound0613)> 여사장  없는 여사장 팀
[2021-12-10 22:48:03] <%섹키로 (rodomichael)> ㅋㅋㅋㅋ
[2021-12-10 22:48:06] <며기 (biopoisn)> 여울님 소외감 느낄까봐 선의의 거짓말 중이었는데
[2021-12-10 22:48:18] <며기 (biopoisn)> LUL
[2021-12-10 22:48:39] <%포도잎 (rlarlgus0058)> ㅋㅋㅋ 저거 잡을려고했어
[2021-12-10 22:48:41] <%포도잎 (rlarlgus0058)> ㅋㅋㅋㅋㅋㅋㅋㅋㅋㅋ
[2021-12-10 22:48:56] <%테레루미너 (hound0613)> 저희 회비 걷는 중이에요
[2021-12-10 22:49:06] <@%완두콩모찌 (letsgokygo)> 회비 더 걷어야할것 같아요
[2021-12-10 22:49:09] <@%완두콩모찌 (letsgokygo)> 맥주가 부족하네
[2021-12-10 22:49:51] <@%완두콩모찌 (letsgokygo)> 장충으로 오시면 됩니다
[2021-12-10 22:49:51] <%DoToRiPark> 그거 모자라요
[2021-12-10 22:49:51] <%비들 (dlclghk)> 여하울하
[2021-12-10 22:49:54] <%Ruwha89> 사장님이 배달해주나요 PrideLaugh PrideLaugh
[2021-12-10 22:50:03] <%테레루미너 (hound0613)> 점점 채팅이 줄어들어서 정말 서운해지는 여사장
[2021-12-10 22:50:04] <%테레루미너 (hound0613)> 커엽다
[2021-12-10 22:50:07] <%테레루미너 (hound0613)> ㅋㅋㅋㅋㅋㅋㅋㅋㅋㅋㅋㅋㅋ
[2021-12-10 22:50:15] <@%완두콩모찌 (letsgokygo)> 장충체육관 모르시누
[2021-12-10 22:50:19] <%테레루미너 (hound0613)> 장난인거 알지만 뭔가 서운한 여사장
[2021-12-10 22:50:25] <%Ruwha89> 장충동 장충 체육관 ㅋㅋ
[2021-12-10 22:50:43] <%테레루미너 (hound0613)> 좋다 2차는 족발로 가시죠
[2021-12-10 22:50:44] <밍선하의촉촉한전신스타킹 (iasdl2222)> 장충동족발로 유명한 장충동에 있는 장충동체육관
[2021-12-10 22:50:44] <%Ruwha89> 저는 집입니다 ( ㅎㅎㅎ )
[2021-12-10 22:50:47] <%테레루미너 (hound0613)> 2차 가실 분들 여기로 오세요
[2021-12-10 22:51:03] <며기 (biopoisn)> 족발 ㄱㄱ!!
[2021-12-10 22:51:34] <@%완두콩모찌 (letsgokygo)> 가니미소
[2021-12-10 22:51:37] <@%완두콩모찌 (letsgokygo)> 쿠팡으로 시켜봐 생님
[2021-12-10 22:52:27] <@%완두콩모찌 (letsgokygo)> 한 30분전에 시키니까
[2021-12-10 22:52:29] <@%완두콩모찌 (letsgokygo)> 토요일 새벽에 온다는데
[2021-12-10 22:52:46] <%khrizkoh> <3 <3 <3
[2021-12-10 22:52:48] BITS: nana__unun (100)
[2021-12-10 22:52:48] <$김뉴김뉴 (nana__unun)> Cheer100
[2021-12-10 22:52:51] BITS: nana__unun (100)
[2021-12-10 22:52:51] <김뉴김뉴 (nana__unun)> Cheer100
[2021-12-10 22:52:53] <@%완두콩모찌 (letsgokygo)> 30일 무료체험이길래 하는중
[2021-12-10 22:53:04] BITS: nana__unun (100)
[2021-12-10 22:53:04] <김뉴김뉴 (nana__unun)> Cheer100
[2021-12-10 22:53:36] <%섹키로 (rodomichael)> 뭐지 ㅋㅋㅋ
[2021-12-10 22:53:56] <%+그린팝 (popgr)> 근데 확실히 오늘 옷 이쁘네요
[2021-12-10 22:54:11] <%+그린팝 (popgr)> ?
[2021-12-10 22:54:11] <@^빵_떡 (bbangddeock)> 롸 ? bbangd1Un
[2021-12-10 22:54:21] <%Ruwha89> 눈나 제 안주 다가져가요 ~ PrideLaugh PrideLaugh
[2021-12-10 22:54:25] <%+그린팝 (popgr)> 아까 체조할때 보이던 갈비뼈가 잊혀지질 않아요
[2021-12-10 22:54:30] <%Ruwha89> 파이도 있고 토스트도 있다구 ㅎㅎ
[2021-12-10 22:54:37] <@%완두콩모찌 (letsgokygo)> 안돼요 저희가 먹어야해요
[2021-12-10 22:54:41] <며기 (biopoisn)> BegWan BegWan
[2021-12-10 22:55:04] Viewerstats (22:26-22:55): avg:200 min:192 max:209 [15/197+3-8+0+11+0+0+0+0+6+0-8+0+0-7]
[2021-12-10 22:55:23] <%+그린팝 (popgr)> ?
[2021-12-10 22:55:23] <@^빵_떡 (bbangddeock)> 롸 ? bbangd1Un
[2021-12-10 22:55:25] <%DoToRiPark> ㅋㅋㅋㅋㅋㅋㅋ
[2021-12-10 22:55:25] <%+그린팝 (popgr)> 엌ㅋㅋ
[2021-12-10 22:55:28] <%Ruwha89> ㅋㅋ
[2021-12-10 22:55:30] <%+그린팝 (popgr)> 어디서 맞았어요?
[2021-12-10 22:55:42] <%섹키로 (rodomichael)> ?
[2021-12-10 22:55:42] <@^빵_떡 (bbangddeock)> 롸 ? bbangd1Un
[2021-12-10 22:55:43] <%DoToRiPark> 선생님 햇빛도 보고 좀 그러세요 ㅋㅋㅋㅋㅋㅋ
[2021-12-10 22:55:47] <%leegyeok> NotLikeThis
[2021-12-10 22:56:44] <%leegyeok> ㅎㅎ
[2021-12-10 22:56:44] <%+그린팝 (popgr)> 중성마녀네
[2021-12-10 22:56:46] <@%완두콩모찌 (letsgokygo)> 스티커 중에 있떤데
[2021-12-10 22:56:48] <%Ruwha89> ㅋㅋ
[2021-12-10 22:57:00] <@%완두콩모찌 (letsgokygo)> 짬타님
[2021-12-10 22:57:02] <@^싹둑 (ssakdook)> 할말 없으면 ㄹㅇㅋㅋ
[2021-12-10 22:57:11] <%+그린팝 (popgr)> ???
[2021-12-10 22:57:21] <%섹키로 (rodomichael)> ㅋㅋㅋㅋㅋ
[2021-12-10 22:57:30] <%Ruwha89> 1이었느데
[2021-12-10 22:57:37] <%Ruwha89> 1이 부담이라서 ;;
[2021-12-10 22:57:37] <%FreDouilleTV> @Ruwha89 Merci pour l'abonnement-cadeau !
[2021-12-10 22:57:41] <%+그린팝 (popgr)> 뭐하시려고요?
[2021-12-10 22:57:53] <@%완두콩모찌 (letsgokygo)> 오 저분 구독권 받으셨구나
[2021-12-10 22:58:26] <%FreDouilleTV> yeoulYeah yeoulPPo
[2021-12-10 22:58:28] <@%완두콩모찌 (letsgokygo)> 남산돈까스 요새 소송중이에유
[2021-12-10 22:58:29] <%Ruwha89> 남산 돈까스 맛나지 ~
[2021-12-10 22:58:35] <%Ruwha89> yeoulBoo
[2021-12-10 22:58:39] <%+그린팝 (popgr)> 저요!
[2021-12-10 22:59:12] <%Ruwha89> 뿌-  뿌 !~~
[2021-12-10 22:59:17] <%섹키로 (rodomichael)> yeoulYeah yeoulPPo
[2021-12-10 22:59:18] <%Ruwha89> 위 우 위우 !!
[2021-12-10 22:59:21] <%+그린팝 (popgr)> ㅋㅋㅋㅋㅋㅋㅋ
[2021-12-10 22:59:23] <%섹키로 (rodomichael)> PowerUpL yeoulSmile PowerUpR
[2021-12-10 22:59:24] <%Ruwha89> 2020Rivalry
[2021-12-10 22:59:30] <%섹키로 (rodomichael)> ㅋㅋㅋㅋㅋ
[2021-12-10 22:59:35] <%leegyeok> yeoulBoo yeoulBoo
[2021-12-10 23:00:24] <@^싹둑 (ssakdook)> 아직도 여울이 팔로우 안한 바부가 있다궁? °˖✧◝(⁰▿⁰)◜✧˖°
[2021-12-10 23:00:25] <%Ruwha89> 난민송 ... ?
[2021-12-10 23:00:39] <%섹키로 (rodomichael)> 컥
[2021-12-10 23:00:50] <%leegyeok> NotLikeThis
[2021-12-10 23:00:57] <라일렉 (pulbitz)> HI
[2021-12-10 23:00:58] <%Ruwha89> 눈으로 만 먹는 삼겹살인가 ㅋㅋㅋㅋ
[2021-12-10 23:01:20] <%+그린팝 (popgr)> 오겹살은 껍데기부분에서 기름 튀어서 싫음
[2021-12-10 23:01:20] <%콰랑 (bwhoarang)> 와 진짜 맛있겠다
[2021-12-10 23:01:26] <%토마토킬러 (tomatoyak)> 삼겹살과 소주 먹고있는1인
[2021-12-10 23:01:30] <%Ruwha89> 맥주 없었으면 큰일날뻔
[2021-12-10 23:01:33] <%Ruwha89> 휴 .. ResidentSleeper
[2021-12-10 23:01:44] <%섹키로 (rodomichael)> ㅋㅋㅋㅋ
[2021-12-10 23:01:48] <@%완두콩모찌 (letsgokygo)> 트수들 다 모여서 송년회중임
[2021-12-10 23:01:53] <@%완두콩모찌 (letsgokygo)> 님 왜 안오심
[2021-12-10 23:01:56] <%+그린팝 (popgr)> 언제부터 먹을수있대요?
[2021-12-10 23:02:13] <%Ruwha89> 치아 상황이 ~?
[2021-12-10 23:02:21] <%콰랑 (bwhoarang)> 뭐야 누나 담배펴!?
[2021-12-10 23:02:34] <Camillabelle> 안녕하세요
[2021-12-10 23:02:40] <%Ruwha89> 그래서 오래걸리셨구나 BibleThump
[2021-12-10 23:02:54] <라일렉 (pulbitz)> 합격
[2021-12-10 23:02:58] <%+그린팝 (popgr)> 너무 당연한 얘긴데요
[2021-12-10 23:03:15] <밍선하의촉촉한전신스타킹 (iasdl2222)> 신부감 합격입니다
[2021-12-10 23:03:29] <@%완두콩모찌 (letsgokygo)> 아 길빵충은 진짜
[2021-12-10 23:03:39] <%Ruwha89> 길은 좀 ...
[2021-12-10 23:03:49] <@%완두콩모찌 (letsgokygo)> 대부분 아재들임
[2021-12-10 23:03:52] <라일렉 (pulbitz)> 길빵에는 죽빵할 수 있는 법이 생겨야 되는데
[2021-12-10 23:04:09] <%+그린팝 (popgr)> 여울님을 만나려면 금연을 해야..
[2021-12-10 23:04:18] <라일렉 (pulbitz)> ㅇㅇ
[2021-12-10 23:04:20] <%콰랑 (bwhoarang)> 죽빵말고 뒤통수로 맞아야함
[2021-12-10 23:04:20] <@%완두콩모찌 (letsgokygo)> 진짜로 ㅋㅋㅋㅋㅋ
[2021-12-10 23:04:30] <@%완두콩모찌 (letsgokygo)> 담배 뻇어서 손바닥에 쥐어줘야함
[2021-12-10 23:04:37] <%+그린팝 (popgr)> 저희 아버지한테 맨날 길에서 피지 말라고해도 그렇게 길빵을 하시더라고요
[2021-12-10 23:05:01] <@%완두콩모찌 (letsgokygo)> 길빵충 손바닥으로 담뱃불 꺼줘야지
[2021-12-10 23:05:20] <@%완두콩모찌 (letsgokygo)> 아
[2021-12-10 23:05:24] <%Ruwha89> NotLikeThis ( 금요일이고 하고있던 미션-체중관리 가 끝나서 ) 어쩔수없엇음요 ...
[2021-12-10 23:05:29] <%김바쿤 (bakoon6166)> 맛있겠다
[2021-12-10 23:05:30] <%콰랑 (bwhoarang)> 오예스 민초?
[2021-12-10 23:05:31] <@%완두콩모찌 (letsgokygo)> 방사능 물질이다
[2021-12-10 23:05:33] <%콰랑 (bwhoarang)> 팔로우 끊겠습니다
[2021-12-10 23:05:35] <%Ruwha89> 맥주 + 소세지 ...
[2021-12-10 23:05:44] <%Ruwha89> 2020Rivalry 2020Rivalry PrideLaugh
[2021-12-10 23:05:47] <%+그린팝 (popgr)> 왜 맛있는 고기를 먹고 민초를?
[2021-12-10 23:05:56] <@%완두콩모찌 (letsgokygo)> 아악
[2021-12-10 23:06:00] <%+그린팝 (popgr)> 고기먹고나서는 바닐라 아닌가요?
[2021-12-10 23:06:05] <%+그린팝 (popgr)> 국룰인데
[2021-12-10 23:06:07] <%Ruwha89> 주면 잘 먹을수있다 ㅋㅋㅋㅋ~
[2021-12-10 23:06:08] <%Ruwha89> ㄹㅇㅋㅋ
[2021-12-10 23:06:10] <라일렉 (pulbitz)> 몸에 해롭게 생겼다;
[2021-12-10 23:06:24] <@%완두콩모찌 (letsgokygo)> ㄹㅇ 고문할떄 쓰는게 민초지
[2021-12-10 23:06:30] <%테레루미너 (hound0613)> 예쓰!!!!!!!
[2021-12-10 23:06:40] <%테레루미너 (hound0613)> 이야 찐사랑이다
[2021-12-10 23:06:41] <@%완두콩모찌 (letsgokygo)> 민초 맥인다하면 20년 훈련받은 특수부대원도 바로 기밀 다말함
[2021-12-10 23:06:43] <Camillabelle> 민 초 좋 아
[2021-12-10 23:06:48] <%Ruwha89> A ㅏㅏㅏㅏㅏ
[2021-12-10 23:06:50] <%Ruwha89> 아 ㅏㅏㅏ
[2021-12-10 23:06:53] <@%완두콩모찌 (letsgokygo)> 류하님 유언 남기세요
[2021-12-10 23:06:55] <%테레루미너 (hound0613)> 따뜻한 민초 호빵 먹이면 다 말한다는 말이 있어요
[2021-12-10 23:06:56] <%+그린팝 (popgr)> 사실 민초 싫어하진 않은데 찾아 먹진 않는ㄴ정도라서..
[2021-12-10 23:07:08] <%Ruwha89> 저 민초 파입니다 PrideLaugh
[2021-12-10 23:07:10] <%김바쿤 (bakoon6166)> 반으로 갈라버린데ㄷㄷ
[2021-12-10 23:07:17] <%테레루미너 (hound0613)> 위가 반으로 갈라질 듯
[2021-12-10 23:07:22] <라일렉 (pulbitz)> ?
[2021-12-10 23:07:22] <@^빵_떡 (bbangddeock)> 롸 ? bbangd1Un
[2021-12-10 23:07:23] <%Ruwha89> 아 ㅏㅏㅏ
[2021-12-10 23:07:23] <며기 (biopoisn)> 오예스 민초..ㄷㄷㄷㄷㄷ
[2021-12-10 23:07:24] <%+그린팝 (popgr)> 생각보다 나쁘지 않을거같은데
[2021-12-10 23:07:25] <%Ruwha89> 저요 ! 저요 !!
[2021-12-10 23:07:26] <%Ruwha89> 저염 !!
[2021-12-10 23:07:31] <%테레루미너 (hound0613)> 오예스 안에 왜 치약이 있나
[2021-12-10 23:07:31] <@%완두콩모찌 (letsgokygo)> 스파이 잡히면 민초로 고문함
[2021-12-10 23:07:32] <라일렉 (pulbitz)> 차리라 취두부 먹어주세여
[2021-12-10 23:07:35] <%+그린팝 (popgr)> 근데 저걸 돈주고 사먹긴 싫다
[2021-12-10 23:07:47] <Camillabelle> 민초왜 싫어해!
[2021-12-10 23:07:51] <며기 (biopoisn)> 근데 일단 먹어봐야..훗
[2021-12-10 23:07:51] <%+그린팝 (popgr)> 누가 주면 먹어도 사먹고 싶지는 않은거라..
[2021-12-10 23:07:54] <며기 (biopoisn)> 저는 일단은 먹어봄
[2021-12-10 23:07:55] <%김바쿤 (bakoon6166)> 민초는 아ㅣ스크림과 음료로 만족합니다
[2021-12-10 23:07:56] <@%완두콩모찌 (letsgokygo)> 민초맛 버블티 스파이들이 기피하는 고문음식 3위라고 들음
[2021-12-10 23:08:16] <%+그린팝 (popgr)> 그건 좀..
[2021-12-10 23:08:23] <%김바쿤 (bakoon6166)> 제발 치킨이든 피자든 얹지마
[2021-12-10 23:08:32] <%Ruwha89> 따듯한 민초는 저도 좀 ....
[2021-12-10 23:08:35] <%Ruwha89> 힘들듯 ㅋㅋㅋ
[2021-12-10 23:08:45] <%+그린팝 (popgr)> 민초맛 버블티를 코로 먹이면 다들 내뱉을껄요?
[2021-12-10 23:09:09] <@%완두콩모찌 (letsgokygo)> 민초호빵 맥인다하면 대통령 이마 왼쪽점까지 다 얘기한다더라
[2021-12-10 23:09:13] <%김바쿤 (bakoon6166)> 난 삼시 세끼 민초로 디저트 주면 비밀 다 뱉을듯
[2021-12-10 23:17:02] <@%완두콩모찌 (letsgokygo)> 사소한 기밀까지 다 얘기한다는 말임
[2021-12-10 23:17:08] <%김바쿤 (bakoon6166)> 물론 좋아서 뱉음
