# Log started: 2021-12-10 23:28:05 +0900
[2021-12-10 23:28:05] #youjell_ 채널 입장 중입니다
[2021-12-10 23:28:05] #youjell_ 채널에 입장했습니다
[2021-12-10 23:28:05] ~일어나면 하의실종눈나? (Just Chatting)~
[2021-12-10 23:28:15] <와게임진짜못하네 (khronos7)> 매니저편 오늘 보고 내일 얘기해주는거지 ?
[2021-12-10 23:28:16] <%개꿀 (gazuang)> MBTI를 AV로 대체
[2021-12-10 23:28:28] <%민키키남친사귀지마 (bjhooon)> 매니저편 후기 알려주세요 내일 꼭이요
[2021-12-10 23:28:29] <와게임진짜못하네 (khronos7)> 자막 꼭 있는걸로 봐라
[2021-12-10 23:28:36] <%민키키남친사귀지마 (bjhooon)> 자막 있는걸로 보세요
[2021-12-10 23:28:53] <%민키키남친사귀지마 (bjhooon)> 전 이제 대사를 외울꺼같아서
[2021-12-10 23:29:00] <와게임진짜못하네 (khronos7)> 유우명해서 ..
[2021-12-10 23:29:06] <%민키키남친사귀지마 (bjhooon)> 너무 유명해서
[2021-12-10 23:29:08] <%개꿀 (gazuang)> 매니저가 뭐에요?
[2021-12-10 23:29:12] <%민키키남친사귀지마 (bjhooon)> 그냥 쳐도 나올껄?
[2021-12-10 23:29:16] <%민키키남친사귀지마 (bjhooon)> 아님 사이트도 알려줘...?
[2021-12-10 23:29:19] <%민키키남친사귀지마 (bjhooon)> 필요해...?!
[2021-12-10 23:29:26] <%개꿀 (gazuang)> ㅋㅋ
[2021-12-10 23:29:39] <intj_teusu> ㅇㅇ
[2021-12-10 23:29:41] <와게임진짜못하네 (khronos7)> IPZ-855 매니저 이거요
[2021-12-10 23:29:46] <하시바라 (hassibala)> 냉장고면 쌉가능
[2021-12-10 23:29:47] <intj_teusu> 내가 먹는거 아니니까 괜찮음
[2021-12-10 23:29:48] <%민키키남친사귀지마 (bjhooon)> ㅋㅋㅋㅋㅋㅋㅋㅋㅋㅋㅋㅋㅋㅋㅋㅋㅋㅋㅋㅋㅋ
[2021-12-10 23:29:51] <%개꿀 (gazuang)> ㄳㅇ 바로 접수
[2021-12-10 23:30:00] <%민키키남친사귀지마 (bjhooon)> 저건 진짜 내 군번보다 더 빨리 입에서 나온다
[2021-12-10 23:30:03] <와게임진짜못하네 (khronos7)> 자막잇는걸로 보시는거 추천드립니다
[2021-12-10 23:30:08] <%rukara> 근데 2일이나있으면 맛이 이상하지않을까?
[2021-12-10 23:30:18] <intj_teusu> 눅눅해졌을듯
[2021-12-10 23:30:30] <%개꿀 (gazuang)> 자막으로 찾아야지
[2021-12-10 23:30:33] <하시바라 (hassibala)> ㅋㅋㅋㅋ같은베게에 이은 같은av ㅋㅋ
[2021-12-10 23:30:49] <%rukara> 아 ㅋㅋㅋ
[2021-12-10 23:30:50] <%개꿀 (gazuang)> av는 갬성으로 보는 맛이긴한데
[2021-12-10 23:30:54] <%민키키남친사귀지마 (bjhooon)> 방장은 로맨스 영화 보고 우는 st 면 진짜 그거보면 ㄹㅇ 움
[2021-12-10 23:30:55] <%rukara> 왜케 야동에 진심인거야
[2021-12-10 23:30:55] <와게임진짜못하네 (khronos7)> 그 구글에 요약된것만 봐볼래 ?
[2021-12-10 23:30:56] <와게임진짜못하네 (khronos7)> ㅋㅋ
[2021-12-10 23:31:10] <intj_teusu> 몇시에 뱅종해요??
[2021-12-10 23:31:34] <%민키키남친사귀지마 (bjhooon)> 2시간 남았네
[2021-12-10 23:31:38] <%하양바이브 (white_vibe_)> ㅋㅋㅋㅋㅋ
[2021-12-10 23:31:41] <와게임진짜못하네 (khronos7)> ㅋㅋㅋㅋ
[2021-12-10 23:31:46] <하시바라 (hassibala)> ㅋㅋㅋㅋㅋㅋㅋ
[2021-12-10 23:31:48] <%민키키남친사귀지마 (bjhooon)> 아 근데 그건 야한거 1도 안나옴
[2021-12-10 23:31:49] <와게임진짜못하네 (khronos7)> 제대로쳤어 ?
[2021-12-10 23:31:59] <intj_teusu> 보통 12시보단 미드나잇이라고...
[2021-12-10 23:31:59] <와게임진짜못하네 (khronos7)> 모모노기 카나 매니저 라고만쳐도 나옴
[2021-12-10 23:32:00] <%민키키남친사귀지마 (bjhooon)> 아니 품번을 치면 안나오지
[2021-12-10 23:32:06] <%민키키남친사귀지마 (bjhooon)> 매니저 요약 이라고 쳐
[2021-12-10 23:32:10] <%민키키남친사귀지마 (bjhooon)> 카나 매니저 요약
[2021-12-10 23:32:14] <%민키키남친사귀지마 (bjhooon)> 딱 이렇게 검색 ㄱ
[2021-12-10 23:32:26] <intj_teusu> 미드나잇이 자정이란뜻 ㅇㅇ
[2021-12-10 23:32:31] <와게임진짜못하네 (khronos7)> 야한건 안나옴
[2021-12-10 23:32:45] <%하양바이브 (white_vibe_)> ??? : 딸 너 검색기록에 카나 매니저 요약? 그게 뭐야?
[2021-12-10 23:32:51] <intj_teusu> ㅋㅋ
[2021-12-10 23:33:00] <%민키키남친사귀지마 (bjhooon)> 아니 글 그냥 써져있어
[2021-12-10 23:33:03] <%민키키남친사귀지마 (bjhooon)> 안읽어도 되
[2021-12-10 23:33:06] <%하양바이브 (white_vibe_)> 너...그런거 보니?
[2021-12-10 23:33:20] <intj_teusu> ㅋㅋㅋ
[2021-12-10 23:33:31] <%하양바이브 (white_vibe_)> 감동 스토리
[2021-12-10 23:33:38] <%민키키남친사귀지마 (bjhooon)> ㄹㅇ 감동 스토리
[2021-12-10 23:33:43] <와게임진짜못하네 (khronos7)> ㄹㅇ위아래로 다운다니까
[2021-12-10 23:33:47] <%민키키남친사귀지마 (bjhooon)> 마지막에 꼭 안고 운다
[2021-12-10 23:33:50] <intj_teusu> 벌써 눈물이 그렁그렁 맻힌다.. 즈엔쟝
[2021-12-10 23:33:51] <%하양바이브 (white_vibe_)> 자막 구해서 보면 ㄹㅇ 감동 그 자체
[2021-12-10 23:34:07] <%민키키남친사귀지마 (bjhooon)> 그리고 닭꼬치 먹으러 간다고
[2021-12-10 23:34:11] <%민키키남친사귀지마 (bjhooon)> ㅋㅋㅋㅋㅋㅋㅋㅋㅋㅋㅋㅋㅋㅋㅋㅋㅋㅋ
[2021-12-10 23:34:15] <intj_teusu> 스킵 안하고 본 야동 처음이었어
[2021-12-10 23:34:15] <%구구구구구구 (id22558282)> 근데 보통은 각본이긴함
[2021-12-10 23:34:19] <%민키키남친사귀지마 (bjhooon)> 아니 그게 처음에 몰카 형식이라
[2021-12-10 23:34:25] <하시바라 (hassibala)> 그만울어 ㅠㅠㅋ
[2021-12-10 23:34:30] <%민키키남친사귀지마 (bjhooon)> 이게 아직도 연기인지 진짜였는지 모름
[2021-12-10 23:34:34] <intj_teusu> ㅋㅋㅋㅋㅋ
[2021-12-10 23:34:38] <%rukara> ;;
[2021-12-10 23:34:38] <뚱뚱했던 (raffymcfatty)> ?? 누난 야한 영상 보신다고요?
[2021-12-10 23:34:40] <intj_teusu> 닭꼬치 맛있지
[2021-12-10 23:34:44] <%민키키남친사귀지마 (bjhooon)> 닭꼬치에 맥주 먹는다고 마지막에
[2021-12-10 23:34:57] <intj_teusu> 미안
[2021-12-10 23:34:57] <%민키키남친사귀지마 (bjhooon)> 아ㅋㅋ 보면 앎ㅋㅋ
[2021-12-10 23:34:59] <intj_teusu> 쏴리
[2021-12-10 23:35:03] <%민키키남친사귀지마 (bjhooon)> ㅋㅋㅋㅋㅋㅋㅋㅋㅋㅋㅋㅋㅋㅋㅋㅋㅋㅋㅋㅋ
[2021-12-10 23:35:03] <%임마초갈비뼈육수마구리탕 (maguritang)> ㄱㅇㅈㅇㄱ
[2021-12-10 23:35:03] <하시바라 (hassibala)> 아 그만해!! ㅋㅋ
[2021-12-10 23:35:08] <%하양바이브 (white_vibe_)> -숲-
[2021-12-10 23:35:27] <뚱뚱했던 (raffymcfatty)> bamsikSmile bamsikSmile
[2021-12-10 23:35:28] <%개꿀 (gazuang)> 푸른 숲속에서 매니저가 나오는데
[2021-12-10 23:35:31] <하시바라 (hassibala)> 그 숲에 그... 음란마귀테스트에 있는 나무가...
[2021-12-10 23:35:46] <와게임진짜못하네 (khronos7)> 그숲에 엔트...
[2021-12-10 23:35:50] <intj_teusu> ㅋㅋㅋ
[2021-12-10 23:35:58] <하시바라 (hassibala)> 그루트 엄마아빠가..
[2021-12-10 23:36:18] <하시바라 (hassibala)> 왜 같이웃자
[2021-12-10 23:36:38] <intj_teusu> 사다리 뭔지 안보여 ㅋㅋ
[2021-12-10 23:36:42] <intj_teusu> 확대좀
[2021-12-10 23:36:42] <무명0116 (noname111166)> 사다리 실패 4시간..
[2021-12-10 23:36:45] <%하양바이브 (white_vibe_)> ㅋㅋㅋㅋㅋ
[2021-12-10 23:36:46] <%임마초갈비뼈육수마구리탕 (maguritang)> ㅋㅋㅋㅋㅋㅋ
[2021-12-10 23:36:48] <%개꿀 (gazuang)> 무슨일이야
[2021-12-10 23:36:53] <%하양바이브 (white_vibe_)> 104시간때면 한창때네
[2021-12-10 23:37:02] <%임마초갈비뼈육수마구리탕 (maguritang)> ㅇㅇ
[2021-12-10 23:37:13] <%임마초갈비뼈육수마구리탕 (maguritang)> 사다라로 방송 연장
[2021-12-10 23:37:17] <무명0116 (noname111166)> 노방종요..ㅋ
[2021-12-10 23:37:21] <intj_teusu> 안보여서 몰름 ㅋㅋ
[2021-12-10 23:37:32] <%민키키남친사귀지마 (bjhooon)> 저날인가 다른날인가 100만원 뽑아서 받아자너
[2021-12-10 23:37:37] <와게임진짜못하네 (khronos7)> 지금 그냥테스트로 해보쉴?
[2021-12-10 23:37:38] <%임마초갈비뼈육수마구리탕 (maguritang)> 님도 방송 연장 사다리 하실?
[2021-12-10 23:37:46] <%임마초갈비뼈육수마구리탕 (maguritang)> 5일정도
[2021-12-10 23:37:49] <%임마초갈비뼈육수마구리탕 (maguritang)> 4일반?
[2021-12-10 23:37:59] <와게임진짜못하네 (khronos7)> 딴방은 906시간도있어
[2021-12-10 23:38:05] <하시바라 (hassibala)> 입이 토끼같네
[2021-12-10 23:38:11] <intj_teusu> 906시간?
[2021-12-10 23:38:15] <intj_teusu> 어케했누 ㅋㅋ
[2021-12-10 23:38:20] <하시바라 (hassibala)> 그건 너무 범죄적이지않음?
[2021-12-10 23:38:28] <%하양바이브 (white_vibe_)> ㅋㅋㅋㅋㅋ
[2021-12-10 23:38:32] <와게임진짜못하네 (khronos7)> 100만원뽑음
[2021-12-10 23:38:32] <하시바라 (hassibala)> 와
[2021-12-10 23:38:33] <%하양바이브 (white_vibe_)> 100만 사다리 성공때
[2021-12-10 23:38:36] <뚱뚱했던 (raffymcfatty)> ㅇ0ㅇ
[2021-12-10 23:38:40] <무명0116 (noname111166)> 25%인데...ㅠ.ㅠ
[2021-12-10 23:38:41] <~%유젤이 (youjell_)> 100만원사다리 탈사람
[2021-12-10 23:38:42] <%임마초갈비뼈육수마구리탕 (maguritang)> 12시간도 있었슴
[2021-12-10 23:38:48] <@^빵_떡 (bbangddeock)> 어서오세요 아직 팔로우 안하셨다면 팔로우 부탁해요 °˖✧◝(⁰▿⁰)◜✧˖°
[2021-12-10 23:38:49] <뚱뚱했던 (raffymcfatty)> ㅋㅋㅋㅋㅋ
[2021-12-10 23:38:51] <와게임진짜못하네 (khronos7)> 몰라 누가있겠지
[2021-12-10 23:39:01] <%민키키남친사귀지마 (bjhooon)> 어?
[2021-12-10 23:39:05] <%민키키남친사귀지마 (bjhooon)> 나 그냥 12시간은 있는데
[2021-12-10 23:39:08] <뚱뚱했던 (raffymcfatty)> ㅋㅋㅋㅋㅋㅋㅋㅋ
[2021-12-10 23:39:12] <%임마초갈비뼈육수마구리탕 (maguritang)> 오오
[2021-12-10 23:39:13] <%하양바이브 (white_vibe_)> 12시간추가 /  4시간 추가 / 10 / 100 이었나?
[2021-12-10 23:39:16] <%임마초갈비뼈육수마구리탕 (maguritang)> 12시간 ㄱㄱ?
[2021-12-10 23:39:24] <%임마초갈비뼈육수마구리탕 (maguritang)> 40/100
[2021-12-10 23:39:38] <와게임진짜못하네 (khronos7)> 쟨가?
[2021-12-10 23:39:39] <%개꿀 (gazuang)> 드루와
[2021-12-10 23:39:41] <%하양바이브 (white_vibe_)> ㅋㅋㅋㅋ 쟨가?
[2021-12-10 23:39:48] <무명0116 (noname111166)> 시간추가에 0 하나씩 더 붙여주심 생각해볼께요
[2021-12-10 23:39:52] <intj_teusu> 끝과 끝을 봤을때 100만원과 12시간인데
[2021-12-10 23:40:07] <%개꿀 (gazuang)> 12.0시간
[2021-12-10 23:40:11] <무명0116 (noname111166)> 그건 아니죠^^;
[2021-12-10 23:40:22] <%임마초갈비뼈육수마구리탕 (maguritang)> ㄷㄷㄷㄷㄷㄷㄷ
[2021-12-10 23:40:25] <하시바라 (hassibala)> 달리시죻
[2021-12-10 23:40:25] <%임마초갈비뼈육수마구리탕 (maguritang)> 40시간
[2021-12-10 23:40:31] <%임마초갈비뼈육수마구리탕 (maguritang)> 120시간
[2021-12-10 23:40:35] <%임마초갈비뼈육수마구리탕 (maguritang)> 오마이갓
[2021-12-10 23:40:44] <intj_teusu> 120시간이면 20일임?
[2021-12-10 23:40:56] <와게임진짜못하네 (khronos7)> ;;
[2021-12-10 23:41:00] <%개꿀 (gazuang)> 5일
[2021-12-10 23:41:01] <와게임진짜못하네 (khronos7)> 하루가몇시간인대요..
[2021-12-10 23:41:02] <soyong_ai> 안뇽 HungryPaimon
[2021-12-10 23:41:02] <%임마초갈비뼈육수마구리탕 (maguritang)> 5일
[2021-12-10 23:41:06] <intj_teusu> 5일이네
[2021-12-10 23:41:09] <intj_teusu> 나 빠가인듯
[2021-12-10 23:41:10] <%임마초갈비뼈육수마구리탕 (maguritang)> 24x5
[2021-12-10 23:41:10] <%하양바이브 (white_vibe_)> 5일
[2021-12-10 23:41:10] <%구구구구구구 (id22558282)> 지금 5일째 노방종에 아직도 130시간 남은 스머 있는데ㅋㅋㅋ
[2021-12-10 23:41:12] <%개꿀 (gazuang)> 24x5
[2021-12-10 23:41:20] <%임마초갈비뼈육수마구리탕 (maguritang)> 자는 시간은 빼야지
[2021-12-10 23:41:24] <하시바라 (hassibala)> 906시간 하시는분도 계시는데 지금 ㅋㅋㅋ
[2021-12-10 23:41:24] <와게임진짜못하네 (khronos7)> 돈과 바꾸는거지
[2021-12-10 23:41:35] <%구구구구구구 (id22558282)> 시간 줄어들면 해장님이 와서 룰렛으로 시간추가시킴ㅋㅋㅋ
[2021-12-10 23:41:47] <%임마초갈비뼈육수마구리탕 (maguritang)> 그렇게 120시간을 7일로 늘리는거지
[2021-12-10 23:41:58] <intj_teusu> 906시간은 트위치 서버도 못버틸듯 ㅋㅋ
[2021-12-10 23:42:02] <%개꿀 (gazuang)> 38일이네 906시간 ㅋㅋ
[2021-12-10 23:42:07] <와게임진짜못하네 (khronos7)> 906시간 노방종중 지금 방송중임ㅋ
[2021-12-10 23:42:07] <하시바라 (hassibala)> 지금 한참 하고 있음 ㅋㅋ 906시간 ㅋㅋ
[2021-12-10 23:42:09] <intj_teusu> 중간에 끊고 가야지
[2021-12-10 23:42:29] <%봄틀 (94_bearbear)> ㄹㅇ
[2021-12-10 23:42:32] <%하양바이브 (white_vibe_)> ㄹㅇ
[2021-12-10 23:42:34] <%개꿀 (gazuang)> 거의 라이브캠인데
[2021-12-10 23:42:35] <%하양바이브 (white_vibe_)> 허전함
[2021-12-10 23:42:36] <%봄틀 (94_bearbear)> 고건맞지
[2021-12-10 23:42:36] <intj_teusu> ㅋㅋㅋ
[2021-12-10 23:42:46] <하시바라 (hassibala)> 근데 일정 딱딱 나눠서 영상편집할때는 트수들 다 퇴근하고 채팅안올라감 ㅋㅋ
[2021-12-10 23:42:46] <intj_teusu> 37일이네 ㅋㅋㅋ
[2021-12-10 23:42:53] <%봄틀 (94_bearbear)> 우리가 그맘이엿다고 ㅠㅠㅠ
[2021-12-10 23:43:05] <%봄틀 (94_bearbear)> 일주일동안 어디잇엇던겨
[2021-12-10 23:43:08] <하시바라 (hassibala)> 10원도 도네되요?
[2021-12-10 23:43:19] <%개꿀 (gazuang)> ㅋㅋ
[2021-12-10 23:43:21] <intj_teusu> ㅋㅋㅋ
[2021-12-10 23:43:33] <무명0116 (noname111166)> 까ㅓ비..ㅋ
[2021-12-10 23:43:40] <%봄틀 (94_bearbear)> ㅋㅋㅋㅋㅋㅋㅋㅋㅋㅋ
[2021-12-10 23:43:45] <%민키키남친사귀지마 (bjhooon)> 아니 누가 12시간에 100만원을 태움ㅋㅋㅋㅋㅋㅋ
[2021-12-10 23:43:50] <%봄틀 (94_bearbear)> 달나라 휴가 ㄷㄷ
[2021-12-10 23:43:59] <%민키키남친사귀지마 (bjhooon)> 누구처럼 룰렛 한번에 12시간 뽑으면되지ㅋㅋㅋㅋㅋㅋ
[2021-12-10 23:44:20] <무명0116 (noname111166)> 그건 난나님방 해장님이시고요...ㅠ.ㅠ
[2021-12-10 23:45:16] <%민키키남친사귀지마 (bjhooon)> ?
[2021-12-10 23:45:16] <@^빵_떡 (bbangddeock)> 갈고리 줍기  4880 개째
[2021-12-10 23:45:22] <%민키키남친사귀지마 (bjhooon)> 아 빡치네
[2021-12-10 23:45:31] <와게임진짜못하네 (khronos7)> ㅋㅋ
[2021-12-10 23:45:34] <%민키키남친사귀지마 (bjhooon)> 12시간동안 야동만 보게 해줘?
[2021-12-10 23:46:03] <%민키키남친사귀지마 (bjhooon)> 오그럼 얼빡캠으로
[2021-12-10 23:46:10] <%민키키남친사귀지마 (bjhooon)> 느린심장박동 해주나요?
[2021-12-10 23:46:40] <%민키키남친사귀지마 (bjhooon)> 그럼 혹시 느린심장박동
[2021-12-10 23:46:50] <%민키키남친사귀지마 (bjhooon)> 배속 룰렛 돌리면 배속으로 해주시나요?
[2021-12-10 23:47:27] <와게임진짜못하네 (khronos7)> ㅋㅋㅋ
[2021-12-10 23:47:32] <%민키키남친사귀지마 (bjhooon)> 캬
[2021-12-10 23:47:40] <%민키키남친사귀지마 (bjhooon)> ㅋㅋㅋㅋㅋㅋㅋㅋㅋㅋㅋㅋㅋㅋㅋㅋㅋㅋㅋ
[2021-12-10 23:47:45] <%민키키남친사귀지마 (bjhooon)> 방금 욕할려했다
[2021-12-10 23:47:56] <%민키키남친사귀지마 (bjhooon)> ㅇㅈ?
[2021-12-10 23:48:00] <%임마초갈비뼈육수마구리탕 (maguritang)> ㅋㅋㅋㅋㅋㅋㅋㅋㅋ
[2021-12-10 23:48:01] <%임마초갈비뼈육수마구리탕 (maguritang)> ㄱㅇㄷㄱㅇㄷ
[2021-12-10 23:48:15] <%임마초갈비뼈육수마구리탕 (maguritang)> 오늘 청산 부탁 드립니다
[2021-12-10 23:48:32] <나의작은지린내속옷도둑 (sadfrog1818)> 와 쌓인거봐
[2021-12-10 23:48:38] <와게임진짜못하네 (khronos7)> ?
[2021-12-10 23:48:39] <@^빵_떡 (bbangddeock)> 갈고리 줍기  4881 개째
[2021-12-10 23:48:39] <나의작은지린내속옷도둑 (sadfrog1818)> 대체 언제할라고 빚쌓아놔
[2021-12-10 23:48:41] <%임마초갈비뼈육수마구리탕 (maguritang)> 그리고 저 노래 완곡 벌써 하난 썼어요
[2021-12-10 23:48:43] <%임마초갈비뼈육수마구리탕 (maguritang)> 참고로
[2021-12-10 23:48:49] <%임마초갈비뼈육수마구리탕 (maguritang)> 3개아니라 2개 남았슴
[2021-12-10 23:48:51] <무명0116 (noname111166)> 와~정산장부 살벌하시네요..ㅋ
[2021-12-10 23:49:27] <%임마초갈비뼈육수마구리탕 (maguritang)> 그냥 심장박동인가?
[2021-12-10 23:49:29] <와게임진짜못하네 (khronos7)> 얼빡캠도 포함아닌가요 ?
[2021-12-10 23:49:33] <%임마초갈비뼈육수마구리탕 (maguritang)> 느린 1.75가
[2021-12-10 23:49:46] <와게임진짜못하네 (khronos7)> 그돌리신분이 원하시던게 이거아닌가 ㅋ
[2021-12-10 23:49:50] <%하양바이브 (white_vibe_)> ㅋㅋㅋㅋ
[2021-12-10 23:50:08] <%하양바이브 (white_vibe_)> 너 인성 문제있어 그 분이랑 닮..?
[2021-12-10 23:50:19] <%민키키남친사귀지마 (bjhooon)> 자 드가자
[2021-12-10 23:50:27] <%민키키남친사귀지마 (bjhooon)> 이게 1.75배야?
[2021-12-10 23:50:32] <하시바라 (hassibala)> ㅋㅋㅋㅋㅋㅋㅋㅋㅋㅋ
[2021-12-10 23:50:56] <%민키키남친사귀지마 (bjhooon)> ㅋㅋㅋㅋㅋㅋㅋㅋㅋㅋㅋㅋㅋㅋㅋㅋㅋㅋㅋㅋㅋㅋㅋㅋ
[2021-12-10 23:51:19] <%임마초갈비뼈육수마구리탕 (maguritang)> gyu0227Mvdc gyu0227Mvdc gyu0227Mvdc gyu0227Mvdc
[2021-12-10 23:51:19] <하시바라 (hassibala)> 기계 고장났는데요 ㅋㅋ?
[2021-12-10 23:51:41] <%민키키남친사귀지마 (bjhooon)> ??
[2021-12-10 23:51:58] <%민키키남친사귀지마 (bjhooon)> 1.5 도 안될꺼같은데
[2021-12-10 23:52:00] <와게임진짜못하네 (khronos7)> ㅋㅋ\]
[2021-12-10 23:52:01] <%민키키남친사귀지마 (bjhooon)> ㅋㅋㅋㅋㅋㅋㅋㅋㅋㅋㅋㅋ
[2021-12-10 23:52:14] <와게임진짜못하네 (khronos7)> 썻다 내릴때
[2021-12-10 23:52:20] <%하양바이브 (white_vibe_)> ㅋㅋㅋㅋㅋㅋ
[2021-12-10 23:52:21] <%민키키남친사귀지마 (bjhooon)> 코가 높으시네요!!!!!
[2021-12-10 23:52:21] <하시바라 (hassibala)> ㅋㅋㅋㅋㅋ
[2021-12-10 23:52:27] <%민키키남친사귀지마 (bjhooon)> ㅋㅋㅋㅋㅋㅋㅋㅋㅋㅋㅋㅋㅋㅋㅋㅋㅋㅋㅋㅋㅋ
[2021-12-10 23:52:43] <%하양바이브 (white_vibe_)> 이마가 되게 넓나봐!
[2021-12-10 23:53:35] <와게임진짜못하네 (khronos7)> 긁혓넹
[2021-12-10 23:53:44] <와게임진짜못하네 (khronos7)> ?
[2021-12-10 23:53:45] <@^빵_떡 (bbangddeock)> 갈고리 줍기  4882 개째
[2021-12-10 23:53:46] <%임마초갈비뼈육수마구리탕 (maguritang)> ??????
[2021-12-10 23:53:49] <%하양바이브 (white_vibe_)> ?
[2021-12-10 23:53:57] <%임마초갈비뼈육수마구리탕 (maguritang)> ㄲㅂ
[2021-12-10 23:54:00] <%하양바이브 (white_vibe_)> 매니저 보러 가네
[2021-12-10 23:54:01] <%임마초갈비뼈육수마구리탕 (maguritang)> 내일도 있으니까
[2021-12-10 23:54:20] <와게임진짜못하네 (khronos7)> 오늘은 작품 봐야해서
[2021-12-10 23:54:22] <와게임진짜못하네 (khronos7)> 빨리가야된대요
[2021-12-10 23:54:33] <%임마초갈비뼈육수마구리탕 (maguritang)> ㅋㅋㅋㅋㅋㅋ
[2021-12-10 23:54:36] <%하양바이브 (white_vibe_)> ㅇㅈ이지
[2021-12-10 23:54:44] <와게임진짜못하네 (khronos7)> 그건 스킵해서보는거아니야
[2021-12-10 23:54:58] <하시바라 (hassibala)> ㅋㅋㅋㅋ
[2021-12-10 23:55:08] <하시바라 (hassibala)> 트위치도 습관적으로 >> 누르곤함ㅋㅋ
[2021-12-10 23:55:10] <%만들자허니문얼죽아유쨩 (earl_juk_a)> ㅋㅋㅋㅋㅋ
[2021-12-10 23:55:39] <%하양바이브 (white_vibe_)> 넹
[2021-12-10 23:55:42] <%민키키남친사귀지마 (bjhooon)> 아 나도 오늘 봐야겠다
[2021-12-10 23:55:44] <%rukara> youjel2Hh
[2021-12-10 23:55:50] <하시바라 (hassibala)> 방종도 나쁜습관임
[2021-12-10 23:55:58] <%민키키남친사귀지마 (bjhooon)> 그...러...네...요... 참.....
[2021-12-10 23:56:01] <%하양바이브 (white_vibe_)> youjel2Hh
[2021-12-10 23:56:07] <%민키키남친사귀지마 (bjhooon)> 같이봐야 더 좋은거에요
[2021-12-10 23:56:11] <%하양바이브 (white_vibe_)> youjel2Pup
[2021-12-10 23:56:13] <하시바라 (hassibala)> 같은 av를 보면 같이있는거라던...
[2021-12-10 23:56:17] <%민키키남친사귀지마 (bjhooon)> 그걸 밥먹으면서 본다고요?
[2021-12-10 23:56:20] <이거유젤이브란디맛좀봐유 (brandy0)> AV보러
[2021-12-10 23:56:24] <%임마초갈비뼈육수마구리탕 (maguritang)> 좋은건 같이!
[2021-12-10 23:56:32] <%민키키남친사귀지마 (bjhooon)> 근데 그건 밥먹으면서 볼만해
[2021-12-10 23:56:32] <와게임진짜못하네 (khronos7)> 밥먹다 눈물콧물난다
[2021-12-10 23:56:44] <%민키키남친사귀지마 (bjhooon)> 눈물콧물 흘리면서 밥 먹게됨
[2021-12-10 23:56:48] <이거유젤이브란디맛좀봐유 (brandy0)> ipz-855 공유당한품ㅂ...
[2021-12-10 23:56:48] <%하양바이브 (white_vibe_)> ㅋㅋㅋㅋㅋㅋ
[2021-12-10 23:56:59] <%민키키남친사귀지마 (bjhooon)> 855!!!!!!!!
[2021-12-10 23:57:03] <하시바라 (hassibala)> ㅋㅋ말만들으면 거의 기생충급이네 ㅋㅋㅋ
[2021-12-10 23:57:24] <와게임진짜못하네 (khronos7)> ..?
[2021-12-10 23:57:34] <%하양바이브 (white_vibe_)> 자장가 불러주세요
[2021-12-10 23:57:35] <%민키키남친사귀지마 (bjhooon)> ?
[2021-12-10 23:57:36] <@^빵_떡 (bbangddeock)> 갈고리 줍기  4883 개째
[2021-12-10 23:58:25] <%하양바이브 (white_vibe_)> 젤민이 뭐야
[2021-12-10 23:59:09] Viewerstats (23:28-23:59): avg:42 min:39 max:49 [17/49+0-5+0-2+0+0+1+2+0-5+0+0-1+0+1+0]
[2021-12-10 23:59:11] <%민키키남친사귀지마 (bjhooon)> ㅋㅋㅋㅋㅋㅋㅋㅋ
[2021-12-10 23:59:13] <%하양바이브 (white_vibe_)> 나의 옛날 (매니저) 이야기..
[2021-12-10 23:59:24] <%민키키남친사귀지마 (bjhooon)> ㅋㅋㅋㅋㅋㅋㅋㅋㅋㅋㅋㅋㅋㅋㅋㅋㅋ
[2021-12-10 23:59:31] <%민키키남친사귀지마 (bjhooon)> 아니 다들 매니저에 미쳤엌ㅋㅋㅋㅋㅋㅋㅋㅋㅋㅋㅋㅋ
[2021-12-10 23:59:36] <%민키키남친사귀지마 (bjhooon)> 물론 나도 ..히히
[2021-12-10 23:59:38] <%하양바이브 (white_vibe_)> (카)나의 옛날 (매니저) 이야기..
[2021-12-10 23:59:42] <와게임진짜못하네 (khronos7)> 나의 옛날매니저..
[2021-12-10 23:59:58] <와게임진짜못하네 (khronos7)> 닭꼬지먹던 그골목 기억하니..
[2021-12-11 00:00:12] <%민키키남친사귀지마 (bjhooon)> 닭꼬치에 맥주....
[2021-12-11 00:00:18] <%민키키남친사귀지마 (bjhooon)> 아
[2021-12-11 00:00:24] <%민키키남친사귀지마 (bjhooon)> 이것도 꽝이 있어...?
[2021-12-11 00:00:28] <%민키키남친사귀지마 (bjhooon)> 양아취니!
[2021-12-11 00:00:33] <이거유젤이브란디맛좀봐유 (brandy0)> ㅋㅋㅋㅋㅋ
[2021-12-11 00:00:34] <하시바라 (hassibala)> ㅋㅋㅋㅋㅋㅋㅋ
[2021-12-11 00:00:34] <와게임진짜못하네 (khronos7)> 배속
[2021-12-11 00:00:35] <%젤교 (ljc267)> youjel2Hh
[2021-12-11 00:00:39] <이거유젤이브란디맛좀봐유 (brandy0)> 배속룰렛
[2021-12-11 00:00:47] <%만들자허니문얼죽아유쨩 (earl_juk_a)> ㅋㅋㅋㅋ
[2021-12-11 00:01:00] <%민키키남친사귀지마 (bjhooon)> 아니
[2021-12-11 00:01:01] <와게임진짜못하네 (khronos7)> ㅋㅋㅋㅋㅋㅋ
[2021-12-11 00:01:02] <%만들자허니문얼죽아유쨩 (earl_juk_a)> ㅋㅋㅋㅋㅋㅋㅋㅋㅋㅋㅋㅋㅋㅋㅋㅋㅋㅋㅋㅋㅋ
[2021-12-11 00:01:05] <하시바라 (hassibala)> ㅋㅋㅋㅋㅋㅋㅋㅋㅋㅋㅋ
[2021-12-11 00:01:07] <%민키키남친사귀지마 (bjhooon)> 꽝이 있으면 꽝이 있다고 말 해줘야지
[2021-12-11 00:01:20] <하시바라 (hassibala)> 라디오다방 갬성 ㅋㅋㅋㅋ
[2021-12-11 00:01:20] <%민키키남친사귀지마 (bjhooon)> 누가 두번 안돌릴줄 알고?
[2021-12-11 00:01:24] <%민키키남친사귀지마 (bjhooon)> ㅋㅋㅋㅋㅋㅋㅋㅋㅋㅋㅋㅋㅋㅋㅋㅋ
[2021-12-11 00:01:39] <와게임진짜못하네 (khronos7)> 캐롤이냐
[2021-12-11 00:01:43] <%민키키남친사귀지마 (bjhooon)> 캬
[2021-12-11 00:01:45] <%민키키남친사귀지마 (bjhooon)> 신나네요
[2021-12-11 00:01:47] <하시바라 (hassibala)> 갑자기 씬난다!
[2021-12-11 00:01:56] <하시바라 (hassibala)> 갑자기 뽕짝
[2021-12-11 00:02:00] <%유젤이의사이공 (saigonjelly)> youjel2Mm SingsMic youjel2Mm SingsMic
[2021-12-11 00:02:00] <%민키키남친사귀지마 (bjhooon)> 제발 0.25
[2021-12-11 00:02:11] <%하양바이브 (white_vibe_)> ㅋㅋㅋㅋㅋ
[2021-12-11 00:02:13] <%민키키남친사귀지마 (bjhooon)> ?
[2021-12-11 00:02:13] <@^빵_떡 (bbangddeock)> 갈고리 줍기  4884 개째
[2021-12-11 00:02:15] <하시바라 (hassibala)> 씐난다!
[2021-12-11 00:02:19] <%민키키남친사귀지마 (bjhooon)> 캬
[2021-12-11 00:02:23] <%민키키남친사귀지마 (bjhooon)> 이게 뽕짝이지
[2021-12-11 00:02:27] <와게임진짜못하네 (khronos7)> 겨울노래 된거같다
[2021-12-11 00:02:28] <와게임진짜못하네 (khronos7)> 뭔가
[2021-12-11 00:02:41] <%민키키남친사귀지마 (bjhooon)> 아니 개빨리 끝나네
[2021-12-11 00:02:44] <%유젤이의사이공 (saigonjelly)> youjel2Mm youjel2Mm youjel2Mm
[2021-12-11 00:02:50] <%민키키남친사귀지마 (bjhooon)> 이걸 원한게 아닌데
[2021-12-11 00:03:12] <%하양바이브 (white_vibe_)> 젤바
[2021-12-11 00:03:13] <%민키키남친사귀지마 (bjhooon)> 가지...마...
[2021-12-11 00:03:15] <%rukara> 젤바
[2021-12-11 00:03:20] <와게임진짜못하네 (khronos7)> 후기
[2021-12-11 00:03:21] <%유젤이의사이공 (saigonjelly)> 젤바~
[2021-12-11 00:03:24] <와게임진짜못하네 (khronos7)> 너무기대되니까 그냥보내줄께
[2021-12-11 00:03:29] <%임마초갈비뼈육수마구리탕 (maguritang)> 젤바
[2021-12-11 00:03:29] <%구구구구구구 (id22558282)> 젤바
[2021-12-11 00:03:30] <%젤교 (ljc267)> 안녕히 주무세용
[2021-12-11 00:03:40] <%_주옥같다_ (smileagain_s2)> 젤하 젤바
[2021-12-11 00:03:40] <@^빵_떡 (bbangddeock)> _주옥같다_ 님 하이하이~
[2021-12-11 00:03:50] <뚱뚱했던 (raffymcfatty)> 누나 잠깐만요
[2021-12-11 00:03:52] <하시바라 (hassibala)> 젤바
[2021-12-11 00:03:54] <뚱뚱했던 (raffymcfatty)> 호스팅해주세요
[2021-12-11 00:03:57] <와게임진짜못하네 (khronos7)> 사이트 공유해달래요
[2021-12-11 00:03:58] <%만들자허니문얼죽아유쨩 (earl_juk_a)> 젤바
[2021-12-11 00:04:04] <%rukara> 젤바~
[2021-12-11 00:04:07] <뚱뚱했던 (raffymcfatty)> 밤식 누나 ㅠㅠ
[2021-12-11 00:04:22] <%민키키남친사귀지마 (bjhooon)> ㅋㅋㅋㅋㅋㅋㅋㅋㅋㅋㅋㅋㅋㅋ
[2021-12-11 00:04:48] <%민키키남친사귀지마 (bjhooon)> 오늘 방송 알찼다
[2021-12-11 00:05:19] <뚱뚱했던 (raffymcfatty)> 근데 누나가 아는 av 배우 왜 너무 많나
[2021-12-11 00:05:46] <%만들자허니문얼죽아유쨩 (earl_juk_a)> ㄱㄴ?
[2021-12-11 00:05:48] ~Stream offline~
[2021-12-11 00:06:35] <밈하트비버케이크 (beavercake95)> 아머야
[2021-12-11 00:06:37] <밈하트비버케이크 (beavercake95)> 방종인가..
[2021-12-11 00:06:38] <밈하트비버케이크 (beavercake95)> 이제집왓는데
[2021-12-11 00:08:48] <@^빵_떡 (bbangddeock)> 어서오세요 아직 팔로우 안하셨다면 팔로우 부탁해요 °˖✧◝(⁰▿⁰)◜✧˖°
[2021-12-11 00:10:16] <prazor333> !catJAM
[2021-12-11 00:29:16] Viewerstats (00:01-00:03): avg:41 min:41 max:41 [2/41+0_]
[2021-12-11 00:30:49] You have left #youjell_
# Log closed: 2021-12-11 00:30:49 +0900
-
