# Log started: 2021-12-10 21:43:11 +0900
[2021-12-10 21:43:11] #youjell_ 채널 입장 중입니다
[2021-12-10 21:43:11] #youjell_ 채널에 입장했습니다
[2021-12-10 21:43:11] ~일어나면 하의실종눈나? (Just Chatting)~
[2021-12-10 21:43:12] <와게임진짜못하네 (khronos7)> 평소에 뭘보는거야
[2021-12-10 21:43:17] <와게임진짜못하네 (khronos7)> ?
[2021-12-10 21:43:17] <@^빵_떡 (bbangddeock)> 갈고리 줍기  4846 개째
[2021-12-10 21:43:23] <와게임진짜못하네 (khronos7)> 이걸보네
[2021-12-10 21:43:25] <뚱뚱했던 (raffymcfatty)> ?
[2021-12-10 21:43:25] <@^빵_떡 (bbangddeock)> 갈고리 줍기  4847 개째
[2021-12-10 21:43:53] <와게임진짜못하네 (khronos7)> 네 누나들후기좀요
[2021-12-10 21:44:24] <와게임진짜못하네 (khronos7)> 자신감
[2021-12-10 21:44:27] <하시바라 (hassibala)> 자신감이 넘치나보죠..
[2021-12-10 21:44:29] <%쿨쿨스 (naltiti)> 후기 올려야 사지
[2021-12-10 21:44:45] <와게임진짜못하네 (khronos7)> 아오 ㅐ누나는
[2021-12-10 21:44:45] <%민키키남친사귀지마 (bjhooon)> 뇌가 쓰레기네
[2021-12-10 21:44:48] <%민키키남친사귀지마 (bjhooon)> 그거 자너
[2021-12-10 21:45:01] <와게임진짜못하네 (khronos7)> 진짜없나봐
[2021-12-10 21:45:01] <하시바라 (hassibala)> 와 ㅋㅋㅋ
[2021-12-10 21:45:10] <워이잉 (rlarhd5813)> 오늘 팬티 무슨색?
[2021-12-10 21:45:14] <%민키키남친사귀지마 (bjhooon)> 오팬무 나도 저건줄알앗는데 ㄹㅇ
[2021-12-10 21:45:19] <%민키키남친사귀지마 (bjhooon)> ㅋㅋㅋㅋㅋㅋㅋㅋㅋㅋㅋㅋㅋㅋㅋㅋㅋㅋㅋ
[2021-12-10 21:45:21] <%민키키남친사귀지마 (bjhooon)> 아니더라구....
[2021-12-10 21:45:27] <%젤교 (ljc267)> 원래 뭔디?
[2021-12-10 21:45:33] <하시바라 (hassibala)> 무슨색 ㅋㅋ
[2021-12-10 21:45:36] <%젤교 (ljc267)> 원래 뭔데용???
[2021-12-10 21:45:40] <%젤교 (ljc267)> 무슨색 맞아용?
[2021-12-10 21:45:42] <하시바라 (hassibala)> 네 ㅋㅋㅋ
[2021-12-10 21:45:44] <%민키키남친사귀지마 (bjhooon)> 오팬무에요?
[2021-12-10 21:45:49] <%민키키남친사귀지마 (bjhooon)> 진짜 하의실종이네요?
[2021-12-10 21:45:54] <와게임진짜못하네 (khronos7)> ?
[2021-12-10 21:45:55] <@^빵_떡 (bbangddeock)> 갈고리 줍기  4848 개째
[2021-12-10 21:46:01] <와게임진짜못하네 (khronos7)> 누나들꺼 같이보여죠
[2021-12-10 21:46:18] <%젤교 (ljc267)> ㅋㅋㅋㅋㅋㅋㅋ
[2021-12-10 21:46:21] <%젤교 (ljc267)> 왜 날개에서
[2021-12-10 21:46:25] <워이잉 (rlarhd5813)> 대륙누나 멈춰
[2021-12-10 21:46:27] <하시바라 (hassibala)> 자주보는품목에서 보신거같던데
[2021-12-10 21:46:27] <와게임진짜못하네 (khronos7)> 몰라..
[2021-12-10 21:46:32] <%젤교 (ljc267)> 날개 -> 산타 -> 루돌프 .. 무엇
[2021-12-10 21:46:34] <와게임진짜못하네 (khronos7)> 즐겨찾는 리스트
[2021-12-10 21:46:50] <워이잉 (rlarhd5813)> 나만보기 저장
[2021-12-10 21:46:51] <%민키키남친사귀지마 (bjhooon)> 방종후 다시 볼 예정입니다~~
[2021-12-10 21:46:58] <와게임진짜못하네 (khronos7)> 지금 즐겨찾기했구요~
[2021-12-10 21:46:58] <%민키키남친사귀지마 (bjhooon)> 즐겨찾기 추가 예정입니다~
[2021-12-10 21:47:03] <%젤교 (ljc267)> 같이 보자..
[2021-12-10 21:47:27] <와게임진짜못하네 (khronos7)> 야한노래틀어주세요
[2021-12-10 21:47:29] <%민키키남친사귀지마 (bjhooon)> 왜 본인이 입을 생각은 안하시나요
[2021-12-10 21:47:31] <%젤교 (ljc267)> 표정 킹받네
[2021-12-10 21:47:32] <워이잉 (rlarhd5813)> 3일만 쉬다오죠
[2021-12-10 21:47:33] <하시바라 (hassibala)> 어마어마하구만
[2021-12-10 21:47:36] <%유젤이의사이공 (saigonjelly)> 입을 못다무시네요 ㅋㅋㅋ
[2021-12-10 21:47:48] <와게임진짜못하네 (khronos7)> 오..
[2021-12-10 21:47:51] <하시바라 (hassibala)> 남녀공용?
[2021-12-10 21:48:10] <%젤교 (ljc267)> 되게 좋아하네 ㅋ
[2021-12-10 21:48:16] <와게임진짜못하네 (khronos7)> 아 누나한명은 보여주고가
[2021-12-10 21:48:19] <%rukara> 가장 즐거워하는중
[2021-12-10 21:48:38] <%젤교 (ljc267)> 아니 근데 왜 비번걸려있는데 왜 사람이 늘어나지?
[2021-12-10 21:48:48] <와게임진짜못하네 (khronos7)> 아 이거아닌데
[2021-12-10 21:49:22] <%젤교 (ljc267)> 아니 쫌 같이 보자ㅏㅏ
[2021-12-10 21:49:43] <%rukara> LuvUok
[2021-12-10 21:49:50] <와게임진짜못하네 (khronos7)> 남자껀 그렇게보여줘놓고..
[2021-12-10 21:50:02] <하시바라 (hassibala)> ??? : 란제리 아냐! 란제리!
[2021-12-10 21:50:06] <%젤교 (ljc267)> GlitchCat
[2021-12-10 21:50:08] <와게임진짜못하네 (khronos7)> 남녀평등해주세요
[2021-12-10 21:50:29] <%젤교 (ljc267)> 뭐야 그냥 애기 팬티네
[2021-12-10 21:50:50] <intj_teusu> 젤하
[2021-12-10 21:50:51] <@^빵_떡 (bbangddeock)> intj_teusu 님 하이하이~
[2021-12-10 21:50:52] <%젤교 (ljc267)> ?
[2021-12-10 21:50:52] <@^빵_떡 (bbangddeock)> 갈고리 줍기  4849 개째
[2021-12-10 21:50:53] <듸믜 (zerotick0901)> 방어력 높겠네
[2021-12-10 21:50:57] <와게임진짜못하네 (khronos7)> 화장실은 편하겟네
[2021-12-10 21:50:59] <%rukara> 이건 걍 이벤트용의상이잔..
[2021-12-10 21:51:03] <와게임진짜못하네 (khronos7)> 저것도 후기있어요 ?
[2021-12-10 21:51:06] <하시바라 (hassibala)> 이게 팬티다..
[2021-12-10 21:51:10] <intj_teusu> 오자마자 빤쓰보여주네
[2021-12-10 21:51:11] <easterios> 그냥 끈 아닌가요
[2021-12-10 21:51:26] <%젤교 (ljc267)> 가끔 해보고는 싶음
[2021-12-10 21:51:41] <하시바라 (hassibala)> ㅋㅋㅋ 자기야 산타볼래?
[2021-12-10 21:51:54] <이거유젤이브란디맛좀봐유 (brandy0)> 위헙하다고 해서 와봐씁니다
[2021-12-10 21:52:10] <%젤교 (ljc267)> 근데 비번 걸려있는거 아님??
[2021-12-10 21:52:14] <%젤교 (ljc267)> 왜 사람이 늘어나 ㅋㅋㅋㅋㅋㅋㅋㅋ
[2021-12-10 21:52:19] <%+아조시손 (ajs_hand)> 젤하
[2021-12-10 21:52:19] <@^빵_떡 (bbangddeock)> 아조시손 님 하이하이~
[2021-12-10 21:52:23] <이거유젤이브란디맛좀봐유 (brandy0)> 좋은건 같이봐요...
[2021-12-10 21:52:36] <와게임진짜못하네 (khronos7)> 와..형
[2021-12-10 21:52:36] <%+아조시손 (ajs_hand)> ㅋㅋㅋㅋㅋㅋㅋ
[2021-12-10 21:52:36] <이거유젤이브란디맛좀봐유 (brandy0)> ?
[2021-12-10 21:52:37] <@^빵_떡 (bbangddeock)> 갈고리 줍기  4850 개째
[2021-12-10 21:52:38] <%젤교 (ljc267)> 털 뭐야 ㅋ
[2021-12-10 21:52:42] <뽀동이 (denibux3)> 모델이 왜저래
[2021-12-10 21:52:44] <하시바라 (hassibala)> 팔기싫나?
[2021-12-10 21:52:53] <%number138> 코...콧수염 형님이..
[2021-12-10 21:52:55] <이거유젤이브란디맛좀봐유 (brandy0)> 아 코스프레용 가슴..
[2021-12-10 21:52:57] <intj_teusu> 타겟 확실하네 ㅋㅋ
[2021-12-10 21:53:13] <이거유젤이브란디맛좀봐유 (brandy0)> 촉감이 괜찮다던 후기가
[2021-12-10 21:53:37] <intj_teusu> 오
[2021-12-10 21:53:37] <%rukara> ㅋㅋㅋㅋㅋㅋ
[2021-12-10 21:53:40] <%젤교 (ljc267)> ㅋㅋㅋㅋㅋㅋㅋㅋㅋ
[2021-12-10 21:53:40] <%쿨쿨스 (naltiti)> ㅋㅋㅋㅋㅋㅋㅋㅋ
[2021-12-10 21:53:42] <이거유젤이브란디맛좀봐유 (brandy0)> 아죠시다 아죠시
[2021-12-10 21:53:43] <intj_teusu> 젤님 마스크 쓰니까 이쁘다
[2021-12-10 21:53:46] <%number138> 아 저분이 저분???
[2021-12-10 21:53:52] <이거유젤이브란디맛좀봐유 (brandy0)> 저분이네
[2021-12-10 21:54:13] <intj_teusu> 나비
[2021-12-10 21:54:14] <이거유젤이브란디맛좀봐유 (brandy0)> ㅓㅜㅑ
[2021-12-10 21:54:14] <%젤교 (ljc267)> 와
[2021-12-10 21:54:19] <%젤교 (ljc267)> 뭐야 방금
[2021-12-10 21:54:26] <하시바라 (hassibala)> 남자꺼가 이펙트너 너무 쌔서 뭘 봐도 순하게보이긴하네 ㄷㄷ;;
[2021-12-10 21:54:29] <%number138> 나비가.. 엉뚱한데 앉아있는거같은데요
[2021-12-10 21:54:41] <와게임진짜못하네 (khronos7)> 성인인증 없이
[2021-12-10 21:54:43] <와게임진짜못하네 (khronos7)> 볼수있는
[2021-12-10 21:54:50] <와게임진짜못하네 (khronos7)> ?
[2021-12-10 21:54:50] <@^빵_떡 (bbangddeock)> 갈고리 줍기  4851 개째
[2021-12-10 21:54:58] <%젤교 (ljc267)> 저 나비도 남녀공용인가요?
[2021-12-10 21:54:59] <와게임진짜못하네 (khronos7)> 안본척 하시네요 ㅎㅎ;
[2021-12-10 21:55:12] <%젤교 (ljc267)> 뭐가
[2021-12-10 21:55:20] <%젤교 (ljc267)> 뭔데 미간을 찌푸리고 자세히 보시죠?
[2021-12-10 21:55:21] <%민키키남친사귀지마 (bjhooon)> 이래서 유젤이가 알리익스프레스 좋아하는구나 ㅇㅇ;;;;
[2021-12-10 21:55:26] <하시바라 (hassibala)> 뭐냐고 하셔도;;
[2021-12-10 21:55:27] <%number138> 자세히 보려고 실눈뜨는거 보소..
[2021-12-10 21:55:29] <와게임진짜못하네 (khronos7)> 저정도로 집중해서보네
[2021-12-10 21:55:32] <%민키키남친사귀지마 (bjhooon)> 순간 시력 3.0
[2021-12-10 21:55:50] <%number138> 당신도 그 이상한 사람중 하나입니다..
[2021-12-10 21:55:54] <하시바라 (hassibala)> 썸네일에 잘 안보이게 머리위에 줄여서 보여주셔도 됨
[2021-12-10 21:56:00] <와게임진짜못하네 (khronos7)> 가짜야추요 ?
[2021-12-10 21:56:05] <%젤교 (ljc267)> 가짜  꽃ㅠ이요?
[2021-12-10 21:56:14] <%rukara> ??
[2021-12-10 21:56:15] <하시바라 (hassibala)> 듀얼임?
[2021-12-10 21:56:15] <%젤교 (ljc267)> ?
[2021-12-10 21:56:16] <@^빵_떡 (bbangddeock)> 갈고리 줍기  4852 개째
[2021-12-10 21:56:17] <%젤교 (ljc267)> 같이?
[2021-12-10 21:56:17] <%유젤이의사이공 (saigonjelly)> ?
[2021-12-10 21:56:19] <와게임진짜못하네 (khronos7)> 듀얼코어;
[2021-12-10 21:56:21] <%젤교 (ljc267)> 상상이 안되는데
[2021-12-10 21:56:22] <%rukara> 어?
[2021-12-10 21:56:23] <나의작은지린내속옷도둑 (sadfrog1818)> 그런 야동 조아하세요?
[2021-12-10 21:56:26] <하시바라 (hassibala)> 누가쓰는거임?
[2021-12-10 21:56:29] <하시바라 (hassibala)> 2인용인가
[2021-12-10 21:56:31] <%number138> 듀얼이래 ㅋㅋㅋㅋ
[2021-12-10 21:56:31] <나의작은지린내속옷도둑 (sadfrog1818)> 하드코어류 좋아하내
[2021-12-10 21:56:32] <%rukara> 젤님 취향이 특이하시네요
[2021-12-10 21:56:32] <%젤교 (ljc267)> 아
[2021-12-10 21:56:32] <juge14> 안녕하세요 젤님
[2021-12-10 21:56:37] <와게임진짜못하네 (khronos7)> 그런거 좋아하시는구나
[2021-12-10 21:56:40] <juge14> 반갑습ㄴㅣ다
[2021-12-10 21:56:40] <랑이나라멜론빵 (melon5__)> ㅋㅋㅋㅋㅋㅋㅋㅋㅋㅋ
[2021-12-10 21:56:47] <나의작은지린내속옷도둑 (sadfrog1818)> 알고리즘=본인취향전문추천
[2021-12-10 21:56:53] <랑이나라멜론빵 (melon5__)> 본인취향...
[2021-12-10 21:56:56] <나의작은지린내속옷도둑 (sadfrog1818)> 여기 그런방입니까?
[2021-12-10 21:56:58] <랑이나라멜론빵 (melon5__)> 취향 존중드립니다
[2021-12-10 21:57:04] <intj_teusu> 번역해보자 ㅋㅋ
[2021-12-10 21:57:07] <juge14> 젤님오늘도예쁘시네요
[2021-12-10 21:57:10] <%number138> 좋아서 찾아보는건 아니지만 웃고있다
[2021-12-10 21:57:10] <랑이나라멜론빵 (melon5__)> ㅋㅋㅋㅋㅋㅋㅋㅋㅋㅋㅋㅋ
[2021-12-10 21:57:13] <와게임진짜못하네 (khronos7)> ?
[2021-12-10 21:57:13] <@^빵_떡 (bbangddeock)> 갈고리 줍기  4853 개째
[2021-12-10 21:57:22] <하시바라 (hassibala)> 1초 쌉가능
[2021-12-10 21:57:23] <intj_teusu> 번역기 돌려 빨리 ㅋㅋ
[2021-12-10 21:57:26] <intj_teusu> 개궁금하네
[2021-12-10 21:57:46] <%젤교 (ljc267)> 정지당하면인스타라이브 켜주세요
[2021-12-10 21:57:46] <랑이나라멜론빵 (melon5__)> ㅋㅋㅋㅋㅋㅋㅋㅋㅋㅋㅋㅋㅋ
[2021-12-10 21:57:48] <와게임진짜못하네 (khronos7)> 아 타이밍 딱맞췃는데
[2021-12-10 21:57:53] <intj_teusu> 에임 개잘맞추네 ㅋㅋ
[2021-12-10 21:57:53] <%젤교 (ljc267)> 타이밍 죽였는데
[2021-12-10 21:57:54] <하시바라 (hassibala)> 와
[2021-12-10 21:57:58] <%쿨쿨스 (naltiti)> 아 ㄲㅂ
[2021-12-10 21:58:01] <나의작은지린내속옷도둑 (sadfrog1818)> 여기 그런방입니까
[2021-12-10 21:58:05] <랑이나라멜론빵 (melon5__)> 와 근데 진짜 비싸다
[2021-12-10 21:58:06] <%유젤이의사이공 (saigonjelly)> 근데 저건
[2021-12-10 21:58:06] <%민키키남친사귀지마 (bjhooon)> 왜 뱃살이구만
[2021-12-10 21:58:07] <%number138> 저런거 보느라 1주일 잠수한거네
[2021-12-10 21:58:09] <%유젤이의사이공 (saigonjelly)> 굳이..
[2021-12-10 21:58:11] <%젤교 (ljc267)> 무슨
[2021-12-10 21:58:16] <와게임진짜못하네 (khronos7)> 뭐야 저게...
[2021-12-10 21:58:17] <intj_teusu> 남자랑 러브러브할때 수비수가
[2021-12-10 21:58:17] <랑이나라멜론빵 (melon5__)> 누가 입고를 떠나서 가격대가 ㄷㄷㄷ
[2021-12-10 21:58:17] <%민키키남친사귀지마 (bjhooon)> 뱃살이라 생각하면 될듯
[2021-12-10 21:58:20] <나의작은지린내속옷도둑 (sadfrog1818)> 링크공유부탁드립니다
[2021-12-10 21:58:22] <%유젤이의사이공 (saigonjelly)> 굳이 저걸...
[2021-12-10 21:58:31] <juge14> 젤님 오늘하루일과어떻게보냈나요?
[2021-12-10 21:58:31] <와게임진짜못하네 (khronos7)> 저것도 후기있음?
[2021-12-10 21:58:31] <%민키키남친사귀지마 (bjhooon)> 취향을 존중해야할까...?
[2021-12-10 21:58:34] <하시바라 (hassibala)> 저거 사실 높은곳에 떨어졌을때 막아주는거아닐까
[2021-12-10 21:58:34] <%젤교 (ljc267)> 안에 포춘쿠키처럼 뭐 들어있을듯
[2021-12-10 21:58:50] <나의작은지린내속옷도둑 (sadfrog1818)> 여기 그런방입니까
[2021-12-10 21:58:52] <intj_teusu> 유젤님은 안씼었나봄
[2021-12-10 21:59:02] <와게임진짜못하네 (khronos7)> 아빠가 사실 남자친구 애칭인거맞죠 ?
[2021-12-10 21:59:26] <와게임진짜못하네 (khronos7)> 아쉬운눈ㄴ치야
[2021-12-10 21:59:36] <나의작은지린내속옷도둑 (sadfrog1818)> 유젤님 본인 취향을 이렇게 자신있게 밝힌 여성은 처음입니다 너무 매력적이에요
[2021-12-10 21:59:43] <intj_teusu> 그래서 크리스마스떄 하나 입는다구요?
[2021-12-10 21:59:50] <%젤교 (ljc267)> 그래서 날개는 아까 그거 사는건가용? ㅋㅋㅋㅋ
[2021-12-10 21:59:50] <%민키키남친사귀지마 (bjhooon)> 하나 사죠 구경만 하는건 나쁜거에요
[2021-12-10 21:59:57] <하시바라 (hassibala)> 코 늘어진 루돌프 잊혀지지가 않는다;;큰일났네;;
[2021-12-10 21:59:57] <와게임진짜못하네 (khronos7)> 그 루돌프하나정도 사두자
[2021-12-10 21:59:58] <juge14> 젤님 크리스마스준비는다했나요?
[2021-12-10 22:00:03] <intj_teusu> ㅋㅋ
[2021-12-10 22:00:27] <나의작은지린내속옷도둑 (sadfrog1818)> 유젤이는 [큰]것을 좋아한다
[2021-12-10 22:00:28] <%민키키남친사귀지마 (bjhooon)> 야동을 좋아하긴하지만 그런취향 아니랍니다~
[2021-12-10 22:00:34] <와게임진짜못하네 (khronos7)> 맞아 큰거좋아하더라
[2021-12-10 22:00:34] <intj_teusu> 코스프레 머 해요??
[2021-12-10 22:00:36] <하시바라 (hassibala)> 어 그러네
[2021-12-10 22:00:43] <하시바라 (hassibala)> 루돌프 그거 사서 입에 쓰면 그냥 코스프레 의상이네
[2021-12-10 22:00:44] <intj_teusu> 전 작은거 좋아하는데
[2021-12-10 22:00:45] <와게임진짜못하네 (khronos7)> 적당한거 좋아해요 저는
[2021-12-10 22:00:50] <%민키키남친사귀지마 (bjhooon)> 크면 클수록 좋긴핮ㅅ
[2021-12-10 22:01:05] <와게임진짜못하네 (khronos7)> 작은거 좋아하는사라밍 더위험하댔어
[2021-12-10 22:01:06] <intj_teusu> 네 그거 맞아요
[2021-12-10 22:01:12] <%민키키남친사귀지마 (bjhooon)> 건전지?
[2021-12-10 22:01:18] <와게임진짜못하네 (khronos7)> 뭔상상을하시는거에요 ?
[2021-12-10 22:01:34] <와게임진짜못하네 (khronos7)> 류크보다가
[2021-12-10 22:01:37] <와게임진짜못하네 (khronos7)> 어디까지 온거지
[2021-12-10 22:01:38] <%민키키남친사귀지마 (bjhooon)> AA
[2021-12-10 22:01:38] <intj_teusu> 류크 ㅋㅋ
[2021-12-10 22:01:39] <%젤교 (ljc267)> 날개 그래서 ㅋ
[2021-12-10 22:01:45] <intj_teusu> 데스노트??
[2021-12-10 22:01:46] <juge14> 젤님오늘옷잘어울리네요
[2021-12-10 22:01:48] <%젤교 (ljc267)> 날개 주문하심?
[2021-12-10 22:01:55] <%민키키남친사귀지마 (bjhooon)> 의식의 흐름대로 가는거죠~~
[2021-12-10 22:02:02] <와게임진짜못하네 (khronos7)> 날개캔버스 저거이쁘다
[2021-12-10 22:02:08] <%민키키남친사귀지마 (bjhooon)> 무의식에서 그런걸 원하는게 어쩌겠어요~~
[2021-12-10 22:02:22] <%젤교 (ljc267)> 하이퍼 리얼리즘
[2021-12-10 22:02:26] <%젤교 (ljc267)> 엑스맨
[2021-12-10 22:02:28] <와게임진짜못하네 (khronos7)> ㅇㅇ 이쁘네
[2021-12-10 22:02:29] <촌동네배린이 (alsgh8879)> 저런게 4천원 밖에 안하네
[2021-12-10 22:02:42] <와게임진짜못하네 (khronos7)> 사이즈가작네
[2021-12-10 22:02:47] <하시바라 (hassibala)> 제일작은사이즈가 4천원인듯
[2021-12-10 22:02:50] <%민키키남친사귀지마 (bjhooon)> ㄹㅇ
[2021-12-10 22:02:52] <와게임진짜못하네 (khronos7)> 저거 직접 칠하는건가
[2021-12-10 22:02:53] <촌동네배린이 (alsgh8879)> 아하
[2021-12-10 22:03:02] <촌동네배린이 (alsgh8879)> 알리에서 한 번도 사본적이 없음 ㅋㅋㅋㅋㅋㅋㅋㅋ
[2021-12-10 22:03:08] <juge14> 젤님은 멀입어도 다잘울리것같아요
[2021-12-10 22:03:12] <%민키키남친사귀지마 (bjhooon)> a4사이즈 아니냨ㅋㅋㅋㅋ
[2021-12-10 22:03:14] <와게임진짜못하네 (khronos7)> 고야이혀야
[2021-12-10 22:03:14] <%rukara> ?
[2021-12-10 22:03:14] <@^빵_떡 (bbangddeock)> 갈고리 줍기  4854 개째
[2021-12-10 22:03:17] <%젤교 (ljc267)> 고양이자나
[2021-12-10 22:03:17] <와게임진짜못하네 (khronos7)> 뭘로상상한거야 ?
[2021-12-10 22:03:21] <%민키키남친사귀지마 (bjhooon)> ?
[2021-12-10 22:03:21] <@^빵_떡 (bbangddeock)> 갈고리 줍기  4855 개째
[2021-12-10 22:03:22] <촌동네배린이 (alsgh8879)> 마가 가득꼈구나
[2021-12-10 22:03:23] <%젤교 (ljc267)> 머리가..
[2021-12-10 22:03:31] <촌동네배린이 (alsgh8879)> 일상생활 가능???
[2021-12-10 22:03:31] <%민키키남친사귀지마 (bjhooon)> 이수
[2021-12-10 22:03:31] <나의작은지린내속옷도둑 (sadfrog1818)> 뭐눈에는 뭐만보인다...
[2021-12-10 22:03:34] <와게임진짜못하네 (khronos7)> 설마 그두 생각한건아니지 ?
[2021-12-10 22:03:36] <intj_teusu> 절여졌어 ㅠㅠ
[2021-12-10 22:03:36] <Hannative> ?
[2021-12-10 22:03:37] <@^빵_떡 (bbangddeock)> 갈고리 줍기  4856 개째
[2021-12-10 22:03:40] <나의작은지린내속옷도둑 (sadfrog1818)> 아-찔 하내
[2021-12-10 22:03:41] <%민키키남친사귀지마 (bjhooon)> 이쉨 어쩌다가 이지경까지 됬냐.....
[2021-12-10 22:03:48] <나의작은지린내속옷도둑 (sadfrog1818)> 일상생활불가능
[2021-12-10 22:03:53] <%민키키남친사귀지마 (bjhooon)> 귀여운두리안을 생각한 유제리
[2021-12-10 22:04:01] <촌동네배린이 (alsgh8879)> 아무리봐도 고양이 혓바닥인데
[2021-12-10 22:04:01] <intj_teusu> 코인데요
[2021-12-10 22:04:02] <와게임진짜못하네 (khronos7)> 저걸 누가오해해
[2021-12-10 22:04:04] <Hannative> 팔로우 다시끊을까요 ㅋㅋㅋㅋㅋ
[2021-12-10 22:04:10] <%젤교 (ljc267)> 귀엽자나..
[2021-12-10 22:04:12] <와게임진짜못하네 (khronos7)> 누가봐도 코인데
[2021-12-10 22:04:13] <촌동네배린이 (alsgh8879)> 당신의 그 역겨운 상상력이
[2021-12-10 22:04:16] <%민키키남친사귀지마 (bjhooon)> ?
[2021-12-10 22:04:16] <@^빵_떡 (bbangddeock)> 갈고리 줍기  4857 개째
[2021-12-10 22:04:19] <나의작은지린내속옷도둑 (sadfrog1818)> 뭐가 이상한거죠
[2021-12-10 22:04:22] <%민키키남친사귀지마 (bjhooon)> 그렇게 보면 뭘로 보이는데...?
[2021-12-10 22:04:28] <%민키키남친사귀지마 (bjhooon)> 고양이 코로 보이는데..?
[2021-12-10 22:04:29] <Hannative> 그냥 제 몇년전 카톡프로필인데...주르륵
[2021-12-10 22:04:31] <%젤교 (ljc267)> 잡아두기
[2021-12-10 22:04:34] [Notification] 젤교 gifted a Tier 1 sub to Hannative! They have given 82 Gift Subs in the channel!
[2021-12-10 22:04:35] <와게임진짜못하네 (khronos7)> 그건맞지
[2021-12-10 22:04:39] <%민키키남친사귀지마 (bjhooon)> 그건 맞지
[2021-12-10 22:04:45] <%민키키남친사귀지마 (bjhooon)> 또 나만 쓰레기였지
[2021-12-10 22:04:48] <촌동네배린이 (alsgh8879)> ㅋㅋㅋㅋㅋㅋㅋㅋㅋㅋㅋㅋㅋㅋㅋㅋㅋㅋㅋㅋㅋㅋㅋㅋㅋㅋㅋㅋ
[2021-12-10 22:04:52] <%$크라베이더 (kim6755)> !출첵
[2021-12-10 22:04:53] <@^빵_떡 (bbangddeock)> 크라베이더 --> [2021-12-10] 이 채널의 29 번째 출석체크입니다. bbangd1Love   (지난 출석일 : 2021-12-01)
[2021-12-10 22:04:55] <촌동네배린이 (alsgh8879)> 박제 해버리셨네 ㅋㅋㅋㅋㅋㅋㅋㅋㅋㅋ
[2021-12-10 22:05:19] <%젤교 (ljc267)> 이참에
[2021-12-10 22:05:21] <%Hannative> youjel2Km
[2021-12-10 22:05:21] <%젤교 (ljc267)> 그거 하자
[2021-12-10 22:05:24] <%Hannative> 감사합니다
[2021-12-10 22:05:24] <촌동네배린이 (alsgh8879)> 당연하지 트수들 아무도 반응 안 했는ㄷ[
[2021-12-10 22:05:26] <%젤교 (ljc267)> ㅗㅜㅑ 월드컵'
[2021-12-10 22:05:27] <%민키키남친사귀지마 (bjhooon)> 근데 쓰레기 맞는거 같긴해요
[2021-12-10 22:05:37] <촌동네배린이 (alsgh8879)> ???
[2021-12-10 22:05:43] <intj_teusu> 자수합니다..
[2021-12-10 22:05:45] <촌동네배린이 (alsgh8879)> 그 한명이 유젤이...
[2021-12-10 22:05:49] <와게임진짜못하네 (khronos7)> 근데
[2021-12-10 22:05:54] <와게임진짜못하네 (khronos7)> 그 후기보면서 찐웃음을 잊지못해
[2021-12-10 22:05:59] <와게임진짜못하네 (khronos7)> 그렇게 행복하게 웃는거 처음봤지뭐야
[2021-12-10 22:06:05] <촌동네배린이 (alsgh8879)> 아 안 보임 아무튼 유젤이임
[2021-12-10 22:06:10] <%민키키남친사귀지마 (bjhooon)> gae쓰레기?
[2021-12-10 22:06:26] <%민키키남친사귀지마 (bjhooon)> ????
[2021-12-10 22:06:35] <%민키키남친사귀지마 (bjhooon)> 요즘 방송을 안켰자나....
[2021-12-10 22:06:42] <%민키키남친사귀지마 (bjhooon)> 욕먹을 일이 없었지...
[2021-12-10 22:07:06] <%민키키남친사귀지마 (bjhooon)> 이방 말고 욕먹을데가 없ㅇㅓ....
[2021-12-10 22:07:08] <와게임진짜못하네 (khronos7)> ?
[2021-12-10 22:07:09] <@^빵_떡 (bbangddeock)> 갈고리 줍기  4858 개째
[2021-12-10 22:07:22] <%number138> 눈은 계속 보고있다...
[2021-12-10 22:07:35] <%민키키남친사귀지마 (bjhooon)> 나 딜 잘 안해
[2021-12-10 22:07:37] <와게임진짜못하네 (khronos7)> 알리꺼도 지금 즐찾해놔서 ㄱㅊ
[2021-12-10 22:07:56] <와게임진짜못하네 (khronos7)> 캠가운데로
[2021-12-10 22:08:00] <%젤교 (ljc267)> bgm
[2021-12-10 22:08:01] <%Hannative> 백예린띵곡에 이 월드컵이라니
[2021-12-10 22:08:05] <%젤교 (ljc267)> 좀만 주령주세용
[2021-12-10 22:08:05] <와게임진짜못하네 (khronos7)> 브금도 야한걸로틀어주세요
[2021-12-10 22:08:13] <%민키키남친사귀지마 (bjhooon)> 그거...방장 그냥 다 이상하게 볼꺼같은데?
[2021-12-10 22:08:14] <%젤교 (ljc267)> 브금 좀만 둘여주세용
[2021-12-10 22:08:18] <%민키키남친사귀지마 (bjhooon)> ㅋㅋㅋㅋㅋㅋㅋㅋㅋㅋㅋㅋㅋㅋㅋㅋㅋㅋㅋㅋㅋㅋ
[2021-12-10 22:08:28] <%젤교 (ljc267)> 유하 ~@
[2021-12-10 22:08:36] <와게임진짜못하네 (khronos7)> 입꼬리 조절잘해라
[2021-12-10 22:08:36] <%젤교 (ljc267)> 유튜브 친구들 ㅎㅇ
[2021-12-10 22:08:44] <%젤교 (ljc267)> 오늘은 방장이 얼마나 쓰레기인가..
[2021-12-10 22:08:48] <@^빵_떡 (bbangddeock)> 어서오세요 아직 팔로우 안하셨다면 팔로우 부탁해요 °˖✧◝(⁰▿⁰)◜✧˖°
[2021-12-10 22:08:53] <%민키키남친사귀지마 (bjhooon)> 벌써 웃는거봨ㅋㅋㅋㅋㅋㅋㅋㅋㅋㅋㅋㅋ
[2021-12-10 22:08:57] <와게임진짜못하네 (khronos7)> 노래도 좀
[2021-12-10 22:09:00] <와게임진짜못하네 (khronos7)> 야시꾸리한거 틀어주세요
[2021-12-10 22:09:00] <%민키키남친사귀지마 (bjhooon)> 입꼬리 벌써 올라가메
[2021-12-10 22:09:03] <intj_teusu> 뜬금없는데 목걸이가 이쁘네여
[2021-12-10 22:09:03] <뚱뚱했던 (raffymcfatty)> 누나 빨리 ㄱㄱ
[2021-12-10 22:09:23] <%Hannative> 여기 원래 이런방인가요?
[2021-12-10 22:09:26] <하시바라 (hassibala)> 이분 그냥 야한거볼려고 하는듯
[2021-12-10 22:09:27] <%민키키남친사귀지마 (bjhooon)> ㅔ
[2021-12-10 22:09:28] <intj_teusu> 코카인
[2021-12-10 22:09:31] <%민키키남친사귀지마 (bjhooon)> 그런방 안 입니다
[2021-12-10 22:09:46] <뚱뚱했던 (raffymcfatty)> ㅇㅅㅇ?
[2021-12-10 22:09:46] <intj_teusu> 너무 옛날꺼자너
[2021-12-10 22:09:56] <%민키키남친사귀지마 (bjhooon)> 그런방같긴해...
[2021-12-10 22:10:02] <와게임진짜못하네 (khronos7)> ?
[2021-12-10 22:10:03] <@^빵_떡 (bbangddeock)> 갈고리 줍기  4859 개째
[2021-12-10 22:10:04] <%젤교 (ljc267)> 브금 소리 좀만 줄여주세용
[2021-12-10 22:10:05] <하시바라 (hassibala)> ㅋㅋㅋㅋㅋ
[2021-12-10 22:10:10] <%민키키남친사귀지마 (bjhooon)> ?
[2021-12-10 22:10:10] <@^빵_떡 (bbangddeock)> 갈고리 줍기  4860 개째
[2021-12-10 22:10:16] <%민키키남친사귀지마 (bjhooon)> 왕
[2021-12-10 22:10:20] <하시바라 (hassibala)> 저거는 만화를 봐야 아는짤 ㅋㅋㅋ
[2021-12-10 22:10:26] <%젤교 (ljc267)> 왜.. 보이냐 난
[2021-12-10 22:10:30] <와게임진짜못하네 (khronos7)> 폰은 보면 그 ...손모양
[2021-12-10 22:10:33] <%민키키남친사귀지마 (bjhooon)> 왼쪽은 그냥 보이는데
[2021-12-10 22:10:39] <%민키키남친사귀지마 (bjhooon)> 오른쪽은 모르겠네
[2021-12-10 22:10:42] <와게임진짜못하네 (khronos7)> 깨진거
[2021-12-10 22:10:45] <intj_teusu> 손가락 맞아?
[2021-12-10 22:10:46] <%Hannative> 오른쪽은 파프리카같다
[2021-12-10 22:10:50] <%민키키남친사귀지마 (bjhooon)> ?
[2021-12-10 22:10:52] <@^빵_떡 (bbangddeock)> 갈고리 줍기  4861 개째
[2021-12-10 22:10:56] <%민키키남친사귀지마 (bjhooon)> 저게 손가락으로 보여..?
[2021-12-10 22:10:59] <하시바라 (hassibala)> ㅋㅋㅋㅋㅋㅋㅋㅋㅋㅋㅋㅋㅋ
[2021-12-10 22:11:06] <intj_teusu> 봤다
[2021-12-10 22:11:07] <intj_teusu> ㅋㅋㅋㅋ
[2021-12-10 22:11:10] <%젤교 (ljc267)> 크림이 한가득 들었네
[2021-12-10 22:11:11] <하시바라 (hassibala)> 불현듯 머리속에 떠오르는 ㅋㅋㅋ
[2021-12-10 22:11:11] <뽀동이 (denibux3)> 딸 기모찌?
[2021-12-10 22:11:16] <와게임진짜못하네 (khronos7)> 두요 ?
[2021-12-10 22:11:21] <%rukara> 왼쪽은 그냥보이는데 오른쪽은머지
[2021-12-10 22:11:34] <하시바라 (hassibala)> 근데 진짜 맛있겠다
[2021-12-10 22:11:41] <intj_teusu> 그와중에 오른쪽 손톱 깎아주고 싶다
[2021-12-10 22:11:43] <와게임진짜못하네 (khronos7)> 오른쪽이 제목이 더자극적이네
[2021-12-10 22:11:58] <intj_teusu> 일주일간 참았으니까...
[2021-12-10 22:12:05] <하시바라 (hassibala)> 와!
[2021-12-10 22:12:07] <%젤교 (ljc267)> 더 쓰레기를 고르는 건가요?
[2021-12-10 22:12:10] <와게임진짜못하네 (khronos7)> 저아이스크림 맛잇지
[2021-12-10 22:12:16] <와게임진짜못하네 (khronos7)> ?
[2021-12-10 22:12:16] <@^빵_떡 (bbangddeock)> 갈고리 줍기  4862 개째
[2021-12-10 22:12:17] <%쿨쿨스 (naltiti)> 애초에 음란마귀 월드컵이 다 그건데
[2021-12-10 22:12:20] <하시바라 (hassibala)> ??
[2021-12-10 22:12:20] <%rukara> ?
[2021-12-10 22:12:22] <하시바라 (hassibala)> 아이스크림인데 왜요
[2021-12-10 22:12:24] <intj_teusu> 그걸 알아챈 당신...
[2021-12-10 22:12:26] <하시바라 (hassibala)> 저거 200원짜리인데
[2021-12-10 22:12:26] <%젤교 (ljc267)> 우린 아무말 안헀어..
[2021-12-10 22:12:31] <와게임진짜못하네 (khronos7)> 아이스크림인데
[2021-12-10 22:12:36] <%number138> 아니 누가 누구보고 쓰래기래
[2021-12-10 22:12:43] <%Hannative> 첫날인데 정신이 혼미해진다..
[2021-12-10 22:12:54] <%rukara> 즉각반응하는분이?
[2021-12-10 22:12:54] <%젤교 (ljc267)> 앗
[2021-12-10 22:12:55] <%민키키남친사귀지마 (bjhooon)> 캬
[2021-12-10 22:12:57] <%젤교 (ljc267)> 하필 2개가 스토리라인이...
[2021-12-10 22:12:59] <intj_teusu> ㅋㅋㅋ
[2021-12-10 22:13:05] <%민키키남친사귀지마 (bjhooon)> 귀두라잌ㅋㅋㅋㅋㅋㅋㅋㅋㅋㅋㅋㅋㅋㅋ
[2021-12-10 22:13:07] <intj_teusu> 입대
[2021-12-10 22:13:08] <와게임진짜못하네 (khronos7)> 입.대
[2021-12-10 22:13:09] <하시바라 (hassibala)> ㅋㅋㅋㅋ
[2021-12-10 22:13:11] <%민키키남친사귀지마 (bjhooon)> 나 저거 알아ㅋㅋㅋㅋㅋㅋㅋㅋㅋㅋㅋㅋㅋㅋㅋ
[2021-12-10 22:13:14] <와게임진짜못하네 (khronos7)> 끊어읽어주세요
[2021-12-10 22:13:15] <%rukara> 와씨 깜짝놀랬네
[2021-12-10 22:13:29] <%민키키남친사귀지마 (bjhooon)> 귀두라이ㅋㅋㅋㅋㅋㅋㅋㅋㅋㅋㅋㅋㅋㅋㅋㅋㅋ
[2021-12-10 22:13:34] <하시바라 (hassibala)> 와 저거
[2021-12-10 22:13:37] <하시바라 (hassibala)> 진격의 거인 생각났네;;ㄷㄷ
[2021-12-10 22:13:38] <%민키키남친사귀지마 (bjhooon)> 개웃기네 이건 ㅋㅋㅋㅋㅋㅋㅋㅋㅋㅋㅋㅋ
[2021-12-10 22:13:41] <intj_teusu> 에일리언 같아 ㅋㅋ
[2021-12-10 22:13:41] <%number138> 뭐가 진짜요..? 뭔 생각을 하는거에요?
[2021-12-10 22:13:47] <와게임진짜못하네 (khronos7)> 저뒤에 남편이
[2021-12-10 22:13:48] <와게임진짜못하네 (khronos7)> 더무서운데
[2021-12-10 22:14:02] <intj_teusu> ㅋㅋㅋㅋㅋㅋㅋㅋㅋ
[2021-12-10 22:14:06] <%젤교 (ljc267)> 머리 잖아요
[2021-12-10 22:14:09] <와게임진짜못하네 (khronos7)> ㅋㅋ
[2021-12-10 22:14:10] <%number138> 음란대마왕 이시네
[2021-12-10 22:14:10] <%rukara> ㅋㅋㅋㅋㅋㅋㅋㅋ
[2021-12-10 22:14:11] <%민키키남친사귀지마 (bjhooon)> 왕
[2021-12-10 22:14:11] <%젤교 (ljc267)> 뽀뽀하는 아빠
[2021-12-10 22:14:16] <%민키키남친사귀지마 (bjhooon)> 와
[2021-12-10 22:14:16] <%rukara> 어질하다
[2021-12-10 22:14:24] <%민키키남친사귀지마 (bjhooon)> 개웃기넼ㅋㅋㅋㅋㅋㅋㅋㅋㅋㅋㅋㅋ
[2021-12-10 22:14:27] <intj_teusu> 저 위에 숲이 무성하넼ㅋㅋ
[2021-12-10 22:14:29] <하시바라 (hassibala)> 방구맥이는중
[2021-12-10 22:14:29] <%rukara> 아
[2021-12-10 22:14:30] <와게임진짜못하네 (khronos7)> 마줘요
[2021-12-10 22:14:33] <%rukara> 이제보인다
[2021-12-10 22:14:43] <와게임진짜못하네 (khronos7)> 그부분은 귀니까요
[2021-12-10 22:14:46] <intj_teusu> 저거 귀 맞지?
[2021-12-10 22:14:49] <%젤교 (ljc267)> ㅋㅋㅋㅋㅋㅋㅋㅋㅋㅋ
[2021-12-10 22:14:54] <%젤교 (ljc267)> 한~~참 생각해야하네
[2021-12-10 22:14:55] Viewerstats (21:43-22:14): avg:43 min:35 max:48 [17/38+0-3+5+0+8+0-2+0-4+4+0+0-1+1+0-1]
[2021-12-10 22:15:03] <%젤교 (ljc267)> 두.덩이
[2021-12-10 22:15:04] <와게임진짜못하네 (khronos7)> 두개라고 생각하는사람 처음봤어요
[2021-12-10 22:15:11] <intj_teusu> 3궁뎅이?
[2021-12-10 22:15:16] <%민키키남친사귀지마 (bjhooon)> 너...는 진짜....
[2021-12-10 22:15:20] <%젤교 (ljc267)> 3검류 같은건가?
[2021-12-10 22:15:40] <intj_teusu> 숲이 무성해
[2021-12-10 22:15:51] <%민키키남친사귀지마 (bjhooon)> 적나라 하네요
[2021-12-10 22:15:52] <%민키키남친사귀지마 (bjhooon)> ㅗㅜㅑ
[2021-12-10 22:15:54] <와게임진짜못하네 (khronos7)> 무슨디코야
[2021-12-10 22:15:57] <하시바라 (hassibala)> 좁아서 들어가기 힘들겠다
[2021-12-10 22:16:15] <%젤교 (ljc267)> 와 이건 진짜
[2021-12-10 22:16:17] <%젤교 (ljc267)> 둘다
[2021-12-10 22:16:22] <intj_teusu> 왼쪽 부럽다
[2021-12-10 22:16:37] <%젤교 (ljc267)> 주먹아니야 뭐 든거야 ㅋ
[2021-12-10 22:16:39] <와게임진짜못하네 (khronos7)> 큰거좋아하시잖아요
[2021-12-10 22:16:46] <하시바라 (hassibala)> 쌍둥이였네
[2021-12-10 22:16:59] <와게임진짜못하네 (khronos7)> 그 더러운상상력이
[2021-12-10 22:17:02] <%젤교 (ljc267)> 없는게 더 이상할꺼같은뎈
[2021-12-10 22:17:13] <%Hannative> 점심나가서먹을거같아
[2021-12-10 22:17:21] <intj_teusu> 그래프는 좀 웃긴데ㅋㅋㅋㅋ
[2021-12-10 22:17:32] <하시바라 (hassibala)> ㅋㅋㅋ작가이름아님?
[2021-12-10 22:17:33] <%쿨쿨스 (naltiti)> 알면 위험해
[2021-12-10 22:17:34] <뽀동이 (denibux3)> 아사나기라고
[2021-12-10 22:17:37] <하시바라 (hassibala)> 아 일본어인가?
[2021-12-10 22:17:40] <뽀동이 (denibux3)> 저런종류 동인지 그리는분
[2021-12-10 22:17:51] <와게임진짜못하네 (khronos7)> 저걸 그 ..
[2021-12-10 22:18:00] <하시바라 (hassibala)> ㅋㅋㅋ허리가 활처럼 휘었다 ㅋㅋ
[2021-12-10 22:18:02] <%rukara> 그래프 어찌 죄다
[2021-12-10 22:18:15] <%젤교 (ljc267)> 겹쳐졌네
[2021-12-10 22:18:19] <intj_teusu> 스타킹 신었나봐
[2021-12-10 22:18:20] <와게임진짜못하네 (khronos7)> 보통 이해못하는데
[2021-12-10 22:18:25] <%구구구구구구 (id22558282)> 와우
[2021-12-10 22:18:27] <%rukara> 와
[2021-12-10 22:18:32] <intj_teusu> ㅋㅋㅋ
[2021-12-10 22:18:33] <%rukara> 이건 진짜 놀랬다
[2021-12-10 22:18:34] <%쿨쿨스 (naltiti)> ㅋㅋㅋㅋㅋㅋㅋㅋㅋㅋ
[2021-12-10 22:18:34] <뽀동이 (denibux3)> ㅋㅋㅋㅋㅋㅋㅋㅋㅋㅋㅋㅋ
[2021-12-10 22:18:35] <%젤교 (ljc267)> 나도 놀랐다 이건
[2021-12-10 22:18:37] <와게임진짜못하네 (khronos7)> 감잦
[2021-12-10 22:18:39] <%구구구구구구 (id22558282)> 마-싸-지ㅋㅋㅋㅋㅋㅋㅋㅋㅋㅋㅋㅋㅋㅋㅋ
[2021-12-10 22:18:41] <%쿨쿨스 (naltiti)> 저 발이 진짜 놀람 ㅋㅋㅋㅋㅋㅋㅋ
[2021-12-10 22:18:46] <%젤교 (ljc267)> 족욕
[2021-12-10 22:18:50] <하시바라 (hassibala)> ㅋㅋㅋㅋㅋㅋㅋ
[2021-12-10 22:18:51] <%젤교 (ljc267)> ㅈ욕이네
[2021-12-10 22:19:03] <하시바라 (hassibala)> 딸기만쥬 뒤에 나왔으면 빌드업이였는데 ㅋㅋㅋ
[2021-12-10 22:19:03] <%rukara> 아래 전체그림이보이는데도 이상해
[2021-12-10 22:19:06] <%구구구구구구 (id22558282)> ㅋㅋㅋㅋㅋㅋㅋㅋㅋㅋㅋㅋㅋㅋㅋㅋㅋㅋㅋㅋ
[2021-12-10 22:19:15] <와게임진짜못하네 (khronos7)> 작아서 실망한 나
[2021-12-10 22:19:47] <하시바라 (hassibala)> ㅋㅋㅋㅋㅋㅋ
[2021-12-10 22:19:55] <intj_teusu> 음
[2021-12-10 22:19:56] <intj_teusu> ㅋㅋㅋㅋ
[2021-12-10 22:20:06] <하시바라 (hassibala)> 피터 파커 ㅠㅠㅠ
[2021-12-10 22:20:06] <intj_teusu> 노코멘트 하겠어
[2021-12-10 22:20:14] <%젤교 (ljc267)> ㅋㅋㅋㅋㅋㅋㅋㅋ
[2021-12-10 22:20:17] <%민키키남친사귀지마 (bjhooon)> 아직 수술을 안해서 그래뇨...
[2021-12-10 22:20:17] <%젤교 (ljc267)> 말하는거 개욱기넼
[2021-12-10 22:20:33] <%민키키남친사귀지마 (bjhooon)> ㅋㅋㅋㅋㅋㅋㅋㅋㅋㅋㅋㅋㅋㅋㅋㅋㅋㅋㅋㅋㅋㅋㅋ
[2021-12-10 22:20:46] <하시바라 (hassibala)> 변기통...할만할지도..?
[2021-12-10 22:20:46] <%민키키남친사귀지마 (bjhooon)> 제목을 진짜 개 잘만든다
[2021-12-10 22:20:49] <와게임진짜못하네 (khronos7)> 피터씨고추
[2021-12-10 22:21:08] <%rukara> ?
[2021-12-10 22:21:09] <@^빵_떡 (bbangddeock)> 갈고리 줍기  4863 개째
[2021-12-10 22:21:11] <%민키키남친사귀지마 (bjhooon)> 피터가 수술하면 오이야추 되는거임
[2021-12-10 22:21:11] <와게임진짜못하네 (khronos7)> ?
[2021-12-10 22:21:11] <%젤교 (ljc267)> 뭘 그리 놀라요 ㅋㅋㅋㅋㅋㅋㅋㅋ
[2021-12-10 22:21:11] <하시바라 (hassibala)> 왼쪽은 모르겠다 솔직히
[2021-12-10 22:21:13] <뚱뚱했던 (raffymcfatty)> ??
[2021-12-10 22:21:14] <%민키키남친사귀지마 (bjhooon)> 캬
[2021-12-10 22:21:15] <와게임진짜못하네 (khronos7)> 왜 헉 하신거낙요
[2021-12-10 22:21:22] <뽀동이 (denibux3)> 저 저런 사이즈가?
[2021-12-10 22:21:24] <%민키키남친사귀지마 (bjhooon)> 많이도 했네 많이도 했어
[2021-12-10 22:21:26] <intj_teusu> 큰거
[2021-12-10 22:21:26] <%rukara> 걍 아저씨잖아
[2021-12-10 22:21:29] <%민키키남친사귀지마 (bjhooon)> ㅋㅋㅋㅋㅋㅋㅋㅋㅋㅋㅋㅋㅋㅋㅋㅋㅋㅋㅋㅋㅋㅋ
[2021-12-10 22:21:34] <%민키키남친사귀지마 (bjhooon)> 난 알겠는데....
[2021-12-10 22:21:34] <하시바라 (hassibala)> 왼쪽 진짜 모르겠음 뭐임?
[2021-12-10 22:21:46] <%젤교 (ljc267)> 그니까 위가 아니라 아래..
[2021-12-10 22:21:47] <%민키키남친사귀지마 (bjhooon)> 어깨가 엉덩이 같잖아
[2021-12-10 22:21:54] <%rukara> 아
[2021-12-10 22:21:58] <%rukara> 아니
[2021-12-10 22:21:59] <하시바라 (hassibala)> 와 저렇게 크다고?
[2021-12-10 22:22:00] <%rukara> 이걸본다고?
[2021-12-10 22:22:06] <intj_teusu> 유젤님 왤케 이해력 개쩌는건가요?
[2021-12-10 22:22:08] <와게임진짜못하네 (khronos7)> 저정도면 안죽냐
[2021-12-10 22:22:11] <%rukara> 설명힌트듣고나서야 이해가된느데
[2021-12-10 22:22:19] <%민키키남친사귀지마 (bjhooon)> 많이도 했네 저건 죽겄다
[2021-12-10 22:22:46] <하시바라 (hassibala)> 손 잡은거긴하지
[2021-12-10 22:23:07] <와게임진짜못하네 (khronos7)> ㅋㅋㅋㅋ\\
[2021-12-10 22:23:10] <intj_teusu> ㅋㅋㅋㅋ
[2021-12-10 22:23:10] <%젤교 (ljc267)> ㅋㅋㅋㅋㅋㅋㅋㅋㅋㅋㅋㅋㅋㅋㅋㅋㅋㅋㅋㅋ
[2021-12-10 22:23:15] <와게임진짜못하네 (khronos7)> 왜요 마우스인데
[2021-12-10 22:23:21] <%rukara> 아 근데 이건 오른쪽은 예전에 쫌 본짤이라 머
[2021-12-10 22:23:22] <%젤교 (ljc267)> 이건 진짜 노리고 아예 찍었네 저걸
[2021-12-10 22:23:54] <%젤교 (ljc267)> ?
[2021-12-10 22:23:54] <@^빵_떡 (bbangddeock)> 갈고리 줍기  4864 개째
[2021-12-10 22:23:58] <%rukara> 오른쪽은 첨부터 걍 노리고찍은거라
[2021-12-10 22:23:59] <하시바라 (hassibala)> 오른쪽은 귀엽다
[2021-12-10 22:24:00] <%젤교 (ljc267)> 둘..이 붙힌다구요?????
[2021-12-10 22:24:06] <%민키키남친사귀지마 (bjhooon)> 이야
[2021-12-10 22:24:10] <%젤교 (ljc267)> 골램물 ㅋㅋㅋㅋㅋㅋㅋㅋ
[2021-12-10 22:24:12] <intj_teusu> 골레[ㅁ물 ㅋㅋㅋㅋㅋㅋ
[2021-12-10 22:24:21] <%민키키남친사귀지마 (bjhooon)> 골렘물ㅋㅋㅋㅋㅋㅋㅋㅋㅋㅋㅋㅋㅋ
[2021-12-10 22:24:23] <%rukara> 걍 개그물이네
[2021-12-10 22:24:24] <%민키키남친사귀지마 (bjhooon)> 씹ㅋㅋㅋㅋㅋㅋㅋㅋㅋㅋㅋ
[2021-12-10 22:24:28] <하시바라 (hassibala)> 돌맹이 생산중 ㅋㅋ
[2021-12-10 22:24:30] <%젤교 (ljc267)> GRAM-
[2021-12-10 22:24:38] <%민키키남친사귀지마 (bjhooon)> 스켈레톤 생산중
[2021-12-10 22:24:57] <%구구구구구구 (id22558282)> 제목 ㅋㅋㅋㅋㅋㅋㅋㅋㅋㅋㅋㅋㅋㅋㅋㅋ
[2021-12-10 22:25:00] <bboy_deintv> hello
[2021-12-10 22:25:02] <%젤교 (ljc267)> 스토리라인 봐ㄷㄷ
[2021-12-10 22:25:02] <하시바라 (hassibala)> 달달해요 그게?
[2021-12-10 22:25:03] <%rukara> 아씨 아까 사진떄문에 흰색만보면 철렁하네
[2021-12-10 22:25:09] <와게임진짜못하네 (khronos7)> 아니 일단 어~! 하지말ㄹ라고 ㅋㅋ
[2021-12-10 22:25:12] <%젤교 (ljc267)> 전 과 후
[2021-12-10 22:25:19] <%민키키남친사귀지마 (bjhooon)> 와 근데 제목 짓는사람 뭐하는 사람이냐
[2021-12-10 22:25:25] <와게임진짜못하네 (khronos7)> ?
[2021-12-10 22:25:26] <@^빵_떡 (bbangddeock)> 갈고리 줍기  4865 개째
[2021-12-10 22:25:30] <%민키키남친사귀지마 (bjhooon)> 저런 제목이 생각나는게 레전드네
[2021-12-10 22:25:32] <intj_teusu> 이번 라운드는 좀 약하다
[2021-12-10 22:25:40] <와게임진짜못하네 (khronos7)> 반대잖아요 선생님
[2021-12-10 22:25:52] <%젤교 (ljc267)> 아래 vs 위
[2021-12-10 22:25:58] <하시바라 (hassibala)> 와 개아프겠다 ㄷㄷ
[2021-12-10 22:26:02] <%민키키남친사귀지마 (bjhooon)> 위 아래 위위 아래
[2021-12-10 22:26:04] <와게임진짜못하네 (khronos7)> 찌어싱..
[2021-12-10 22:26:07] <%rukara> 피어싱 ㅋ
[2021-12-10 22:26:15] <%젤교 (ljc267)> 찌어싱 한 번 쯤 해보고 싶음
[2021-12-10 22:26:23] <%민키키남친사귀지마 (bjhooon)> ...?
[2021-12-10 22:26:25] <와게임진짜못하네 (khronos7)> ?
[2021-12-10 22:26:26] <@^빵_떡 (bbangddeock)> 갈고리 줍기  4866 개째
[2021-12-10 22:26:32] <%민키키남친사귀지마 (bjhooon)> 그걸왜...
[2021-12-10 22:26:38] <하시바라 (hassibala)> 저거 걸어가다 어디 걸리면 어짬;;
[2021-12-10 22:26:43] <%구구구구구구 (id22558282)> ㅋㅋㅋㅋㅋㅋㅋㅋㅋㅋㅋㅋㅋㅋㅋㅋㅋㅋㅋㅋㅋㅋㅋㅋㅋㅋㅋㅋㅋㅋㅋㅋㅋ
[2021-12-10 22:26:46] <intj_teusu> ㅋㅋㅋㅋ
[2021-12-10 22:26:46] <%민키키남친사귀지마 (bjhooon)> 저거 옷입다가 쓸리면
[2021-12-10 22:26:48] <%rukara> ㅋㅋㅋㅋㅋ
[2021-12-10 22:26:49] <intj_teusu> 눈 ㅋㅋㅋㅋㅋㅋ
[2021-12-10 22:26:54] <%젤교 (ljc267)> 이제 어 할떄마다 ..
[2021-12-10 22:27:03] <%젤교 (ljc267)> 어 할떄마다 방송 1분 연장
[2021-12-10 22:27:04] <%민키키남친사귀지마 (bjhooon)> 캬
[2021-12-10 22:27:15] <%민키키남친사귀지마 (bjhooon)> 저 사진 두개를 합쳐야 완성인데
[2021-12-10 22:27:18] <%민키키남친사귀지마 (bjhooon)> 아쉽네요
[2021-12-10 22:27:28] <와게임진짜못하네 (khronos7)> 근데 상상력오진다
[2021-12-10 22:27:31] <intj_teusu> 나 저 쇼파장면 야동에서 본거같아
[2021-12-10 22:27:38] <%하양바이브 (white_vibe_)> 젤하....깜짝이야
[2021-12-10 22:27:43] <하시바라 (hassibala)> 우헤하라 아이..
[2021-12-10 22:27:50] <와게임진짜못하네 (khronos7)> 이거끝나면
[2021-12-10 22:27:53] <와게임진짜못하네 (khronos7)> 품번추천 시간도있나요 ?
[2021-12-10 22:27:56] <%하양바이브 (white_vibe_)> 이런방인가 식겁했네
[2021-12-10 22:27:56] <intj_teusu> 벽에 끼어서... 여기까지..
[2021-12-10 22:27:59] <antoine_la_moula> Bonsoir
[2021-12-10 22:28:01] <bboy_deintv> what a fuck =)
[2021-12-10 22:28:01] <%젤교 (ljc267)> ?
[2021-12-10 22:28:01] <@^빵_떡 (bbangddeock)> 갈고리 줍기  4867 개째
[2021-12-10 22:28:12] <%rukara> 둘다 약하네 이번껀
[2021-12-10 22:28:17] <%젤교 (ljc267)> ㅋㅋㅋㅋㅋㅋㅋㅋㅋㅋㅋㅋ
[2021-12-10 22:28:22] <%젤교 (ljc267)> 책
[2021-12-10 22:28:22] <%rukara> 책보는거
[2021-12-10 22:28:37] <와게임진짜못하네 (khronos7)> 웃지나말던가..
[2021-12-10 22:28:38] <bboy_deintv> what your name ?
[2021-12-10 22:28:42] <하시바라 (hassibala)> 확실히 저러면 책임질일이 없긴하지  책 많이 읽으면 똑똑해지니까
[2021-12-10 22:29:05] <%젤교 (ljc267)> 골램물 ㅋ진짴ㅋㅋㅋㅋ
[2021-12-10 22:29:05] <bboy_deintv> Yo jin
[2021-12-10 22:29:08] <%구구구구구구 (id22558282)> ㅋㅋㅋㅋㅋㅋㅋㅋㅋㅋㅋㅋㅋㅋㅋ
[2021-12-10 22:29:10] <%젤교 (ljc267)> 엔트물 ㅋㅋㅋㅋㅋㅋㅋㅋㅋㅋㅋ
[2021-12-10 22:29:13] <intj_teusu> 엔트물ㅋㅋㅋ
[2021-12-10 22:29:19] <%rukara> 아 ㅋㅋㅋㅋ
[2021-12-10 22:29:21] <하시바라 (hassibala)> 그루트 탄생비화 ㅋㅋㅋㅋㅋㅋㅋ
[2021-12-10 22:29:24] <와게임진짜못하네 (khronos7)> ㅋㅋㅋ
[2021-12-10 22:29:24] <%rukara> ~~물중 젤센데
[2021-12-10 22:29:26] <와게임진짜못하네 (khronos7)> 그루트
[2021-12-10 22:29:29] <%젤교 (ljc267)> ent-572
[2021-12-10 22:29:33] <%rukara> 그루트 탄생비화
[2021-12-10 22:29:33] <와게임진짜못하네 (khronos7)> 그루트 엄마아빠야
[2021-12-10 22:29:47] <와게임진짜못하네 (khronos7)> 저건 노리고만든거로 아는데
[2021-12-10 22:29:48] <와게임진짜못하네 (khronos7)> 맥주
[2021-12-10 22:30:04] <하시바라 (hassibala)> 저정도면 저정도 될만하지..
[2021-12-10 22:30:20] <%젤교 (ljc267)> 벌써 적응했어..
[2021-12-10 22:30:34] <%젤교 (ljc267)> 골램물 승
[2021-12-10 22:30:39] <%하양바이브 (white_vibe_)> ㅋㅋㅋ
[2021-12-10 22:30:43] <%젤교 (ljc267)> 골램물 vs 엔트물 같은데 ㅋ
[2021-12-10 22:30:49] <하시바라 (hassibala)> ㅋㅋㅋㅋㅋㅋㅋㅋㅋㅋ
[2021-12-10 22:30:49] <intj_teusu> 골렘물은 솔직히 제목이 캐리했다 ㅋㅋ
[2021-12-10 22:31:03] <하시바라 (hassibala)> 그러네 ㅋㅋㅋ 같은사진이였네
[2021-12-10 22:31:26] <%젤교 (ljc267)> ㅋㅋㅋㅋㅋㅋㅋ
[2021-12-10 22:31:27] <%rukara> 너무 센게많았어
[2021-12-10 22:31:30] <%젤교 (ljc267)> 이제서야 알아챘어
[2021-12-10 22:31:43] <%젤교 (ljc267)> 유젤님 찌어싱한 남자 어떠세요?
[2021-12-10 22:31:58] <하시바라 (hassibala)> ㅋㅋㅋ 뛰어올때 딸랑딸랑 소리나겠네
[2021-12-10 22:31:58] <%민키키남친사귀지마 (bjhooon)> 엔트물 저거 어디서 많이 보던거네
[2021-12-10 22:31:58] <%젤교 (ljc267)> ㅋㅋㅋㅋㅋㅋㅋㅋ
[2021-12-10 22:32:03] <뽀동이 (denibux3)> 노 갓 플리즈 노
[2021-12-10 22:32:12] <intj_teusu> ㅋㅋㅋ
[2021-12-10 22:32:16] <%젤교 (ljc267)> 덜-ㄹ
[2021-12-10 22:32:16] <하시바라 (hassibala)> 연결 컨넥트가 너무 잘보여
[2021-12-10 22:32:16] <%rukara> 솔직히 ㅋㅋㅋㅋ 저걸 어케
[2021-12-10 22:32:21] <%하양바이브 (white_vibe_)> ㅋㅋㅋㅋ
[2021-12-10 22:32:23] <뚱뚱했던 (raffymcfatty)> ???
[2021-12-10 22:32:25] <%민키키남친사귀지마 (bjhooon)> 연결이 완벽하네요
[2021-12-10 22:32:36] <%젤교 (ljc267)> 팩트 - 나무는 원래 살아있다
[2021-12-10 22:32:43] <%rukara> ㅇㅇ
[2021-12-10 22:32:53] <%하양바이브 (white_vibe_)> 허허..
[2021-12-10 22:32:54] <%민키키남친사귀지마 (bjhooon)> ?
[2021-12-10 22:32:54] <@^빵_떡 (bbangddeock)> 갈고리 줍기  4868 개째
[2021-12-10 22:32:57] <하시바라 (hassibala)> ㅋㅋㅋㅋㅋㅋㅋ
[2021-12-10 22:33:00] <%민키키남친사귀지마 (bjhooon)> 저게 어떻게 책으로 보임
[2021-12-10 22:33:00] <%젤교 (ljc267)> 앗
[2021-12-10 22:33:03] <하시바라 (hassibala)> 이렇게 스토리가 이어진다고?
[2021-12-10 22:33:04] <%민키키남친사귀지마 (bjhooon)> ㅋㅋㅋㅋㅋㅋㅋㅋㅋㅋㅋㅋㅋㅋㅋㅋㅋㅋㅋㅋㅋㅋ
[2021-12-10 22:33:07] <%노누미파트너기원1일차 (tkdgns3522)> ??
[2021-12-10 22:33:08] <bboy_deintv> amazing
[2021-12-10 22:33:09] <%젤교 (ljc267)> 와 스토리전개 보소
[2021-12-10 22:33:21] <%노누미파트너기원1일차 (tkdgns3522)> 썸네일이 크흠...
[2021-12-10 22:33:25] <%민키키남친사귀지마 (bjhooon)> 나무랑 나무랑 연결됬는데 인간이 나온다고...?
[2021-12-10 22:33:25] <%구구구구구구 (id22558282)> ㅋㅋㅋㅋㅋㅋㅋㅋㅋㅋㅋ
[2021-12-10 22:33:26] <와게임진짜못하네 (khronos7)> 만낫다
[2021-12-10 22:33:27] <%민키키남친사귀지마 (bjhooon)> ㅗㅜㅑ하네요
[2021-12-10 22:33:28] <%구구구구구구 (id22558282)> 제목캐뤼
[2021-12-10 22:33:30] <하시바라 (hassibala)> 동굴 맞나보지~
[2021-12-10 22:33:33] <%rukara> 말이없어지는
[2021-12-10 22:33:41] <%젤교 (ljc267)> 이어지넼ㅋㅋㅋㅋㅋㅋㅋ
[2021-12-10 22:33:53] <와게임진짜못하네 (khronos7)> 풍성충ㅋㅋ
[2021-12-10 22:33:55] <하시바라 (hassibala)> 맞아 색도 더 이뻐
[2021-12-10 22:33:56] <%쿨쿨스 (naltiti)> zzzzzz
[2021-12-10 22:33:59] <와게임진짜못하네 (khronos7)> 왁싱하셨나봐~
[2021-12-10 22:33:59] <%구구구구구구 (id22558282)> 브라질리언vs정글
[2021-12-10 22:34:05] <%민키키남친사귀지마 (bjhooon)> 한명은 풍성하도 한명은 깔끔하네
[2021-12-10 22:34:06] <하시바라 (hassibala)> 마우스는 역시 핑크지
[2021-12-10 22:34:12] <%민키키남친사귀지마 (bjhooon)> 왁싱 vs 풍성
[2021-12-10 22:34:15] <intj_teusu> 휠 잘 돌아가나
[2021-12-10 22:34:32] <%민키키남친사귀지마 (bjhooon)> 저 휠 계속 돌리고 싶네요
[2021-12-10 22:34:32] <%젤교 (ljc267)> 우리 아니고 님임
[2021-12-10 22:34:36] <%민키키남친사귀지마 (bjhooon)> ㅋㅋㅋㅋㅋㅋㅋㅋㅋㅋㅋㅋㅋㅋㅋㅋㅋㅋㅋㅋㅋㅋ
[2021-12-10 22:34:37] <%구구구구구구 (id22558282)> ㅋㅋㅋㅋㅋㅋㅋㅋㅋㅋㅋㅋㅋㅋㅋ
[2021-12-10 22:34:38] <%rukara> 와
[2021-12-10 22:34:41] <%rukara> 진짜 다시봐도
[2021-12-10 22:34:42] <%젤교 (ljc267)> 와 2개가
[2021-12-10 22:34:50] <%유젤이의사이공 (saigonjelly)> 와
[2021-12-10 22:34:51] <intj_teusu> 마싸지지
[2021-12-10 22:34:54] <%젤교 (ljc267)> 할말이없다 ㅋ
[2021-12-10 22:35:00] <%rukara> 저건 진짜 아래사진있어도 역대급이네
[2021-12-10 22:35:00] <%민키키남친사귀지마 (bjhooon)> 아니 저 귀두라이 알고있는 내가 이상한건가......
[2021-12-10 22:35:21] <%젤교 (ljc267)> 뭘 어때요에요 ㅋㅋㅋㅋㅋㅋㅋ
[2021-12-10 22:35:22] <intj_teusu> 아니면 옷이 검은색이거나
[2021-12-10 22:35:23] <청월해랑 (dorxjaos)> 뭐가 빼박이에요?
[2021-12-10 22:35:40] <청월해랑 (dorxjaos)> 그건 빠박이
[2021-12-10 22:35:40] <%젤교 (ljc267)> ㅋㅋㅋㅋㅋㅋㅋ
[2021-12-10 22:35:49] <와게임진짜못하네 (khronos7)> 빼박도 왜케 야하게들리나요
[2021-12-10 22:35:49] <%민키키남친사귀지마 (bjhooon)> 그건 빡빡이
[2021-12-10 22:35:50] <와게임진짜못하네 (khronos7)> 큰일났어요
[2021-12-10 22:36:10] <하시바라 (hassibala)> ㅋㅋ왼쪽은 이해못하는사람 쫌 있을듯
[2021-12-10 22:36:18] <intj_teusu> ㅋㅋㅋㅋㅋ
[2021-12-10 22:36:18] <%젤교 (ljc267)> 강한 2방이다
[2021-12-10 22:36:22] <intj_teusu> 둘다 쎄네
[2021-12-10 22:36:25] <%rukara> 사실상 결승
[2021-12-10 22:36:35] <와게임진짜못하네 (khronos7)> 그래도 실사가 좀 더 압도적이긴해
[2021-12-10 22:36:41] <하시바라 (hassibala)> 완료형과 진행형과
[2021-12-10 22:36:44] <%하양바이브 (white_vibe_)> ㅋㅋㅋㅋㅋ
[2021-12-10 22:36:51] <%rukara> 색이 사기야
[2021-12-10 22:36:54] <%젤교 (ljc267)> end vs ing
[2021-12-10 22:36:58] <와게임진짜못하네 (khronos7)> ㅋㅋㅋ
[2021-12-10 22:37:04] <%쿨쿨스 (naltiti)> 이건 알아도 빡세 ㅋㅋㅋ
[2021-12-10 22:37:20] <%rukara> 여긴 너무 약해졌다
[2021-12-10 22:37:25] <%젤교 (ljc267)> 보자마자 놀라는건 2번이
[2021-12-10 22:37:31] <하시바라 (hassibala)> 딴건 모르곘는데 오른쪽은 이뻐서 좋다
[2021-12-10 22:37:32] <와게임진짜못하네 (khronos7)> 심지어여자손같은뎅
[2021-12-10 22:37:45] <coficqjr> LUL
[2021-12-10 22:37:51] <%젤교 (ljc267)> 골램물 꿀잼인뎅
[2021-12-10 22:37:57] <하시바라 (hassibala)> 비슷해 ㅋㅋㅋ
[2021-12-10 22:37:59] <%젤교 (ljc267)> ?
[2021-12-10 22:37:59] <@^빵_떡 (bbangddeock)> 갈고리 줍기  4869 개째
[2021-12-10 22:38:01] <intj_teusu> 골렘물은 재미픽이야
[2021-12-10 22:38:01] <와게임진짜못하네 (khronos7)> 휠도좀 돌려주세요
[2021-12-10 22:38:02] <%하양바이브 (white_vibe_)> ?
[2021-12-10 22:38:06] <뽀동이 (denibux3)> ?
[2021-12-10 22:38:06] <@^빵_떡 (bbangddeock)> 갈고리 줍기  4870 개째
[2021-12-10 22:38:06] <%젤교 (ljc267)> 손 빨리 올려요
[2021-12-10 22:38:18] <%하양바이브 (white_vibe_)> 손 뗴!
[2021-12-10 22:38:21] <%젤교 (ljc267)> 빨리 만세 해주세요 ㅠㅠ 이상해용
[2021-12-10 22:38:30] <%노콘노쎅 (rlaqudgh72)> 뭐야 썸네일 속았다
[2021-12-10 22:38:31] <intj_teusu> 휠 돌릴때 가운데 손가락으로 휙휙
[2021-12-10 22:38:37] <%젤교 (ljc267)> 닉넴봐 ㅋㅋㅋㅋㅋㅋㅋㅋ
[2021-12-10 22:38:48] <@^빵_떡 (bbangddeock)> 어서오세요 아직 팔로우 안하셨다면 팔로우 부탁해요 °˖✧◝(⁰▿⁰)◜✧˖°
[2021-12-10 22:39:09] <%젤교 (ljc267)> 와 마싸지 진짜 쎼다
[2021-12-10 22:39:18] <하시바라 (hassibala)> EXID 위아래 ㅋㅋ
[2021-12-10 22:39:22] <%젤교 (ljc267)> ㅋㅋㅋㅋㅋㅋㅋㅋㅋㅋ
[2021-12-10 22:39:24] <유쨩방홍보팀장팝콘소메 (prime071300)> ???이게 무야
[2021-12-10 22:39:27] <%rukara> 압도적일거같은데
[2021-12-10 22:39:30] <와게임진짜못하네 (khronos7)> 하기전에 휠좀 한번 돌려주세요
[2021-12-10 22:39:37] <kimjks0304> 안녕하세요 썸네일이 ㅎㅎㅎㅎ
[2021-12-10 22:39:38] <유쨩방홍보팀장팝콘소메 (prime071300)> 이걸하네...
[2021-12-10 22:39:39] <%젤교 (ljc267)> and  vs   end
[2021-12-10 22:39:54] <하시바라 (hassibala)> 시작과 끝이 같이있네 ㄷㄷ
[2021-12-10 22:40:02] <bboy_deintv> ohhhh what
[2021-12-10 22:40:04] <와게임진짜못하네 (khronos7)> 마사지가 쎄긴해
[2021-12-10 22:40:12] <bboy_deintv> this is wet
[2021-12-10 22:40:24] <bboy_deintv> NotLikeThis
[2021-12-10 22:40:26] <%하양바이브 (white_vibe_)> 처음과 끝..
[2021-12-10 22:40:39] <%젤교 (ljc267)> wet = 축축한
[2021-12-10 22:40:43] <와게임진짜못하네 (khronos7)> 이렇게된김에
[2021-12-10 22:40:46] <와게임진짜못하네 (khronos7)> av이상형월드컵도 하죠
[2021-12-10 22:40:53] <%rukara> 승률 앞도적이긴하네
[2021-12-10 22:41:03] <%젤교 (ljc267)> 핸드잡은 진짜 ㅋ
[2021-12-10 22:41:15] <하시바라 (hassibala)> ㅋㅋㅋㅋㅋㅋㅋ
[2021-12-10 22:41:21] <%젤교 (ljc267)> 진짜 어지럽다
[2021-12-10 22:42:06] <%젤교 (ljc267)> 잠시 명상의 시간을..
[2021-12-10 22:42:16] <%젤교 (ljc267)> 같이 꿔요
[2021-12-10 22:42:23] <%하양바이브 (white_vibe_)> 머리 빨리 자라겠네요
[2021-12-10 22:42:23] <하시바라 (hassibala)> 엎드려주무세요 ㅋㅋㅋ
[2021-12-10 22:42:38] <%구구구구구구 (id22558282)> 엎드려 자면 야한꿈 잘 꾼다던데
[2021-12-10 22:42:46] <와게임진짜못하네 (khronos7)> av만쳐도 나오는게 많네요~
[2021-12-10 22:42:54] <하시바라 (hassibala)> ㅋㅋ엎드려서 자면 호흡이 가빠져서 야한꿈 꿀 확율높음 ㅋㅋ
[2021-12-10 22:42:57] <%하양바이브 (white_vibe_)> 스치나?
[2021-12-10 22:43:15] <%젤교 (ljc267)> 정상수 꿈 꿨다면서요?
[2021-12-10 22:43:19] <하시바라 (hassibala)> 반말하지마라
[2021-12-10 22:43:25] <와게임진짜못하네 (khronos7)> 상수형이 벗고있는이유가 있었네요
[2021-12-10 22:43:37] <%젤교 (ljc267)> 노코멘트 ㅋ
[2021-12-10 22:43:47] <%민키키남친사귀지마 (bjhooon)> 이쉨ㅋㅋㅋㅋㅋㅋㅋㅋ
[2021-12-10 22:43:53] <%민키키남친사귀지마 (bjhooon)> 표정보니까 봤넼ㅋㅋㅋㅋㅋㅋㅋㅋㅋㅋㅋㅋㅋㅋ
[2021-12-10 22:44:14] <와게임진짜못하네 (khronos7)> 이상형월드컵 사이트에서
[2021-12-10 22:44:18] <%젤교 (ljc267)> PopCorn GlitchCat
[2021-12-10 22:44:22] <와게임진짜못하네 (khronos7)> https://www.piku.co.kr/w/36LRVj
[2021-12-10 22:44:26] <%number138> 점점 검색어가 대담해지네요
[2021-12-10 22:44:38] <%젤교 (ljc267)> 우리 잠시 숲bgm이라도 틀어주세요..
[2021-12-10 22:44:42] <와게임진짜못하네 (khronos7)> 21시즌이라는데
[2021-12-10 22:44:43] <%민키키남친사귀지마 (bjhooon)> 혹시 그럼 스또프 하는것도 보셨나요
[2021-12-10 22:44:45] <%젤교 (ljc267)> 명상의 시간을..
[2021-12-10 22:45:01] Viewerstats (22:16-22:45): avg:49 min:43 max:59 [15/45-2+1+0-1+0+0+8+0+8+0-1-3+0-7]
[2021-12-10 22:45:04] <%민키키남친사귀지마 (bjhooon)> 그때 1등이 누구였음?
[2021-12-10 22:45:17] <와게임진짜못하네 (khronos7)> 사이카짱 요즘 이쁘더라구요
[2021-12-10 22:45:20] <%하양바이브 (white_vibe_)> 평-안
[2021-12-10 22:45:28] <%하양바이브 (white_vibe_)> 음란마귀야 물러가라
[2021-12-10 22:45:29] <%젤교 (ljc267)> 하다 말았을텐데
[2021-12-10 22:45:33] <%민키키남친사귀지마 (bjhooon)> 사토미 진짜 이쁘던데
[2021-12-10 22:45:35] <%노콘노쎅 (rlaqudgh72)> 현자타임
[2021-12-10 22:45:41] <%민키키남친사귀지마 (bjhooon)> 참 많이 봤지...
[2021-12-10 22:45:41] <kimjks0304> 명상합시다
[2021-12-10 22:45:47] <%젤교 (ljc267)> 는 루돌프 빤쮸
[2021-12-10 22:45:57] <하시바라 (hassibala)> 코 늘어진 루돌프
[2021-12-10 22:46:01] <kimjks0304> 이것은 사이비 입니다
[2021-12-10 22:46:15] <%하양바이브 (white_vibe_)> 헉
[2021-12-10 22:46:20] <하시바라 (hassibala)> 모르겠다..ㄷㄷ
[2021-12-10 22:46:21] <%하양바이브 (white_vibe_)> ㅁ?ㄹ
[2021-12-10 22:46:40] <하시바라 (hassibala)> 옷 입고있어서 잘 모르곘네..
[2021-12-10 22:46:55] <%하양바이브 (white_vibe_)> ?
[2021-12-10 22:46:55] <@^빵_떡 (bbangddeock)> 갈고리 줍기  4871 개째
[2021-12-10 22:47:08] <%젤교 (ljc267)> 트수들 다들 말이 없어졌어 !!
[2021-12-10 22:47:10] <%하양바이브 (white_vibe_)> 그쪽..이었구나
[2021-12-10 22:47:11] <하시바라 (hassibala)> 진짜 다 모르는분이네 ㅋㅋㅋ
[2021-12-10 22:47:23] <%쿨쿨스 (naltiti)> 시즌은 뭐지
[2021-12-10 22:47:24] <와게임진짜못하네 (khronos7)> 이걸로 ㅋㅋ
[2021-12-10 22:47:33] <%하양바이브 (white_vibe_)> 오늘은 이거다 같은 소리 자제..
[2021-12-10 22:47:33] <%rukara> 음... 배우분들 너무많아서 ㅁ?ㄹ
[2021-12-10 22:47:46] <하시바라 (hassibala)> 구면이세요?
[2021-12-10 22:47:50] <와게임진짜못하네 (khronos7)> 구면이신가봐
[2021-12-10 22:48:02] <하시바라 (hassibala)> 왼쪽이 더 이쁘긴하네
[2021-12-10 22:48:04] <%민키키남친사귀지마 (bjhooon)> 투데이 이즈 다스
[2021-12-10 22:48:06] <%민키키남친사귀지마 (bjhooon)> 디스
[2021-12-10 22:48:08] <무명0116 (noname111166)> 저 시즌때 유명하셧단 뜻인가요?
[2021-12-10 22:48:11] <와게임진짜못하네 (khronos7)> 왼쪽분이 코가 머단하시네
[2021-12-10 22:48:18] <하시바라 (hassibala)> ㅋㅋㅋ맞음 관상만봐도 스토리가 보임 ㅋㅋ
[2021-12-10 22:48:21] <%민키키남친사귀지마 (bjhooon)> 회사원 스토리
[2021-12-10 22:48:23] <%젤교 (ljc267)> 스토리가 그려지시나요?
[2021-12-10 22:48:33] <와게임진짜못하네 (khronos7)> 얼마나 자주봤으면..
[2021-12-10 22:48:40] <%하양바이브 (white_vibe_)> 너무 많이 봐서 진부하다?
[2021-12-10 22:48:42] <%민키키남친사귀지마 (bjhooon)> 신입사원!! 마야 입니다!!!
[2021-12-10 22:48:51] <와게임진짜못하네 (khronos7)> 근데 저  시즌이 의미하는걸 모르겠다
[2021-12-10 22:49:04] <%젤교 (ljc267)> 다들 하꼬인가봐..
[2021-12-10 22:49:04] <하시바라 (hassibala)> 핫했던 년도인가..
[2021-12-10 22:49:06] <%민키키남친사귀지마 (bjhooon)> 닥후
[2021-12-10 22:49:14] <하시바라 (hassibala)> 닥후
[2021-12-10 22:49:16] <와게임진짜못하네 (khronos7)> 21시즌이라길래 21년버전인줄
[2021-12-10 22:49:17] <%하양바이브 (white_vibe_)> 연도에 나온 작품이란건가
[2021-12-10 22:49:18] <하시바라 (hassibala)> 왼쪽 너무 피곤해 보여...
[2021-12-10 22:49:21] <%민키키남친사귀지마 (bjhooon)> 전은 늘거써...
[2021-12-10 22:49:37] <%민키키남친사귀지마 (bjhooon)> 모 야메룽다
[2021-12-10 22:49:43] <%젤교 (ljc267)> 둘이 머리스타일이 똑같넼
[2021-12-10 22:49:49] <%젤교 (ljc267)> 더듬이
[2021-12-10 22:49:55] <와게임진짜못하네 (khronos7)> 느낌이 비슷하시네
[2021-12-10 22:49:58] <하시바라 (hassibala)> 비슷하게생겼어 ㅋㅋ
[2021-12-10 22:50:06] <와게임진짜못하네 (khronos7)> 학생컨셉이잖아요
[2021-12-10 22:50:08] <%젤교 (ljc267)> 그냥 같은 사람이 머리 자르기 전 후
[2021-12-10 22:50:12] <%민키키남친사귀지마 (bjhooon)> 둘중에 골라야 한다면 아이오
[2021-12-10 22:50:14] <%민키키남친사귀지마 (bjhooon)> 아오이
[2021-12-10 22:50:17] <빵아가 (luna_age1)> 아라사카인데 뭔 아리사카임
[2021-12-10 22:50:35] <하시바라 (hassibala)> 쿠요쿡ㅋㅋㅋ
[2021-12-10 22:50:45] <%젤교 (ljc267)> 앗
[2021-12-10 22:50:46] <와게임진짜못하네 (khronos7)> 카나쨩..
[2021-12-10 22:50:49] <하시바라 (hassibala)> 카나 승
[2021-12-10 22:50:51] <%민키키남친사귀지마 (bjhooon)> 캬
[2021-12-10 22:50:54] <호떡전캔디 (fgfg1233)> 외모만 따지면 카나가 쩔긴하지
[2021-12-10 22:50:56] <%민키키남친사귀지마 (bjhooon)> 카나 우승
[2021-12-10 22:50:56] <%구구구구구구 (id22558282)> 카나쨩...얼굴좀 적당히 고쳐..
[2021-12-10 22:50:58] <%젤교 (ljc267)> 대륙 bj잖아
[2021-12-10 22:51:03] <와게임진짜못하네 (khronos7)> 그만고쳐..
[2021-12-10 22:51:05] <%하양바이브 (white_vibe_)> ㅋㅋㅋㅋㅋ
[2021-12-10 22:51:06] <%젤교 (ljc267)> 아뇨 ㅋ
[2021-12-10 22:51:06] <%구구구구구구 (id22558282)> 남순이랑 합방 했었음
[2021-12-10 22:51:06] <와게임진짜못하네 (khronos7)> ㅠㅠ
[2021-12-10 22:51:07] <하시바라 (hassibala)> 이름은 아는데 얼굴은 모르시는분이네
[2021-12-10 22:51:07] <%민키키남친사귀지마 (bjhooon)> 저사람이 그사람이야
[2021-12-10 22:51:10] <%젤교 (ljc267)> 잠깐 나온거 ㅋ
[2021-12-10 22:51:17] <%민키키남친사귀지마 (bjhooon)> 게스트
[2021-12-10 22:51:22] <호떡전캔디 (fgfg1233)> 레무야ㅠㅠ 나와주라 ㅠㅠ
[2021-12-10 22:51:24] <와게임진짜못하네 (khronos7)> 카나쨩 스토리물 작품하나 추천해드릴까요 ?
[2021-12-10 22:51:25] <%민키키남친사귀지마 (bjhooon)> 남순
[2021-12-10 22:51:33] <하시바라 (hassibala)> 아..성형을 헀구나..
[2021-12-10 22:51:37] <%구구구구구구 (id22558282)> 남순이랑 합방했을때가 와꾸 레전드 시절인데 지금 고장남
[2021-12-10 22:51:42] <호떡전캔디 (fgfg1233)> 카렌이지
[2021-12-10 22:51:43] <호떡전캔디 (fgfg1233)> 이거는
[2021-12-10 22:51:46] <와게임진짜못하네 (khronos7)> 사이카짱은 안나오려나
[2021-12-10 22:51:47] <%민키키남친사귀지마 (bjhooon)> 카나쨩 매니저 스토리가 ㄹㅇ 그 위도 울고 아래도 울었다는.................
[2021-12-10 22:51:52] <와게임진짜못하네 (khronos7)> ㄹㅇㅋㅋ
[2021-12-10 22:51:53] <하시바라 (hassibala)> 근데 진짜 한명밖에 모르곘다
[2021-12-10 22:51:53] <와게임진짜못하네 (khronos7)> 그거
[2021-12-10 22:51:57] <%민키키남친사귀지마 (bjhooon)> 카에데 카렌은 지금도 ㄹㅇ
[2021-12-10 22:51:58] <%구구구구구구 (id22558282)> 매니저스토리 ㅋㅋㅋㅋㅋㅋ
[2021-12-10 22:52:01] <와게임진짜못하네 (khronos7)> 자막달고 봐야지
[2021-12-10 22:52:01] <호떡전캔디 (fgfg1233)> 카에데카렌은 ㄹㅇ 레전드야
[2021-12-10 22:52:02] <%하양바이브 (white_vibe_)> ㅋㅋㅋㅋ
[2021-12-10 22:52:08] <무명0116 (noname111166)> 카렌??와~이쁘시네요
[2021-12-10 22:52:17] <하시바라 (hassibala)> 약점잡혔다
[2021-12-10 22:52:19] <%rukara> ?
[2021-12-10 22:52:19] <@^빵_떡 (bbangddeock)> 갈고리 줍기  4872 개째
[2021-12-10 22:52:25] <%민키키남친사귀지마 (bjhooon)> 카렌은 지금도 레전드야
[2021-12-10 22:52:25] <뽀동이 (denibux3)> ㅋㅋㅋㅋㅋㅋㅋㅋㅋㅋ
[2021-12-10 22:52:30] <호떡전캔디 (fgfg1233)> 카렌은 진짜
[2021-12-10 22:52:32] <%민키키남친사귀지마 (bjhooon)> 지금 예열중
[2021-12-10 22:52:35] <호떡전캔디 (fgfg1233)> 요즘 ㄹㅇ 물 올라서 개 이쁨
[2021-12-10 22:52:37] <와게임진짜못하네 (khronos7)> 아 예열..
[2021-12-10 22:52:40] <와게임진짜못하네 (khronos7)> 잔잔하게
[2021-12-10 22:52:50] <호떡전캔디 (fgfg1233)> 유우 눈나 ...
[2021-12-10 22:52:54] <와게임진짜못하네 (khronos7)> 억울한구혜선..
[2021-12-10 22:53:10] <%민키키남친사귀지마 (bjhooon)> 유우 눈나가 이 유우가 맞나..?
[2021-12-10 22:53:15] <%민키키남친사귀지마 (bjhooon)> 다른 유우 아닌가ㅔ
[2021-12-10 22:53:20] <하시바라 (hassibala)> ?
[2021-12-10 22:53:20] <@^빵_떡 (bbangddeock)> 갈고리 줍기  4873 개째
[2021-12-10 22:53:20] <%젤교 (ljc267)> ?
[2021-12-10 22:53:24] <%민키키남친사귀지마 (bjhooon)> ?
[2021-12-10 22:53:26] <%하양바이브 (white_vibe_)> ?
[2021-12-10 22:53:26] <@^빵_떡 (bbangddeock)> 갈고리 줍기  4874 개째
[2021-12-10 22:53:27] <호떡전캔디 (fgfg1233)> 후자는 미시전문 ..
[2021-12-10 22:53:28] <하시바라 (hassibala)> ??? : 머리가 쓰레기네!
[2021-12-10 22:53:28] <호떡전캔디 (fgfg1233)> 크흠
[2021-12-10 22:53:33] <%민키키남친사귀지마 (bjhooon)> 뭘 하는데요?
[2021-12-10 22:53:43] <%하양바이브 (white_vibe_)> 헉
[2021-12-10 22:53:49] <%민키키남친사귀지마 (bjhooon)> 캬
[2021-12-10 22:53:59] <%민키키남친사귀지마 (bjhooon)> 골드 팬방인가요?
[2021-12-10 22:54:06] <%민키키남친사귀지마 (bjhooon)> 다이아 인가요
[2021-12-10 22:54:14] <호떡전캔디 (fgfg1233)> 몰라 둘 다 패스
[2021-12-10 22:54:17] <하시바라 (hassibala)> 와 오른쪽 옷 땀 겁나차겠네
[2021-12-10 22:54:19] <%민키키남친사귀지마 (bjhooon)> 어 저 시오리 복장은
[2021-12-10 22:54:26] <%민키키남친사귀지마 (bjhooon)> 어디서 많이 본 복장이에요
[2021-12-10 22:54:37] <%하양바이브 (white_vibe_)> 흘러내려..? ㅗㅜㅑ
[2021-12-10 22:54:41] <호떡전캔디 (fgfg1233)> 크
[2021-12-10 22:54:41] <%매크로파지 (rophage)> 야 이건..
[2021-12-10 22:54:42] <%구구구구구구 (id22558282)> 아키호누님...
[2021-12-10 22:54:44] <호떡전캔디 (fgfg1233)> 영원한 레전드
[2021-12-10 22:54:47] <호떡전캔디 (fgfg1233)> 아키호 눈나
[2021-12-10 22:54:47] <하시바라 (hassibala)> ㅋㅋㅋ이건 사진선정이 쫌 불공평한데 ㅋㅋㅋㅋ
[2021-12-10 22:54:48] <%젤교 (ljc267)> 머기업 2명..
[2021-12-10 22:54:50] <%민키키남친사귀지마 (bjhooon)> 아니 나보다 님이 더 심해요 지금ㅋㅋㅋㅋㅋㅋㅋㅋㅋㅋㅋㅋㅋㅋㅋㅋㅋㅋ
[2021-12-10 22:54:55] <%구구구구구구 (id22558282)> 노모작도 유출된 아키호 누님...
[2021-12-10 22:55:01] <호떡전캔디 (fgfg1233)> 전자 눈나 데뷔가 07인가 그런데
[2021-12-10 22:55:17] <호떡전캔디 (fgfg1233)> 아직도 활동중임
[2021-12-10 22:55:22] <하시바라 (hassibala)> ㅋㅋㅋ타임 스토프 연기인데 ㅋㅋ
[2021-12-10 22:55:23] <%민키키남친사귀지마 (bjhooon)> 아니 근데 전자가
[2021-12-10 22:55:25] <%민키키남친사귀지마 (bjhooon)> ㅎㅎ
[2021-12-10 22:55:25] <%젤교 (ljc267)> 한 1000개는 찍었을듯
[2021-12-10 22:55:27] <호떡전캔디 (fgfg1233)> 아니지 은퇴햇나
[2021-12-10 22:55:34] <이거유젤이브란디맛좀봐유 (brandy0)> 야외구나...
[2021-12-10 22:55:38] <이거유젤이브란디맛좀봐유 (brandy0)> ㅗㅜㅑ
[2021-12-10 22:55:39] <호떡전캔디 (fgfg1233)> 크 유이 눈나
[2021-12-10 22:55:47] <호떡전캔디 (fgfg1233)> 저 눈나도 ㄹㅇ 살아있는 전설이지
[2021-12-10 22:55:53] <%하양바이브 (white_vibe_)> 리빙레전드
[2021-12-10 22:55:53] <하시바라 (hassibala)> 와 휴대폰 작은거봐 ㅋㅋㅋ
[2021-12-10 22:55:53] <%민키키남친사귀지마 (bjhooon)> 캬
[2021-12-10 22:55:54] <이거유젤이브란디맛좀봐유 (brandy0)> 오른쪽은입고있지않ㅇ...
[2021-12-10 22:56:05] <%민키키남친사귀지마 (bjhooon)> 오늘 방송 너무 좋네요
[2021-12-10 22:56:22] <%하양바이브 (white_vibe_)> 11시즌이면 10년전이네
[2021-12-10 22:56:23] <호떡전캔디 (fgfg1233)> 후자눈나 데뷔가 08인가 그런데 당연히 옛날이지
[2021-12-10 22:56:24] <%민키키남친사귀지마 (bjhooon)> 11시즌이잖아
[2021-12-10 22:56:27] <이거유젤이브란디맛좀봐유 (brandy0)> 스마트폰 옛버전인거봐
[2021-12-10 22:56:28] <하시바라 (hassibala)> 역시 전문가 ㄷㄷ
[2021-12-10 22:56:38] <이거유젤이브란디맛좀봐유 (brandy0)> 야동전문가 유젤ㅇ..
[2021-12-10 22:56:42] <%하양바이브 (white_vibe_)> 어라? 방장님 옛날거를 어떻게?
[2021-12-10 22:56:44] <와게임진짜못하네 (khronos7)> zzz
[2021-12-10 22:56:45] <%민키키남친사귀지마 (bjhooon)> 유행에 맞춰가는 소리 변화
[2021-12-10 22:56:50] <이거유젤이브란디맛좀봐유 (brandy0)> 나도모르는거를
[2021-12-10 22:56:54] <이거유젤이브란디맛좀봐유 (brandy0)> 어케아누
[2021-12-10 22:56:58] <%민키키남친사귀지마 (bjhooon)> 아니 10년전이면 방장 중2인데...?
[2021-12-10 22:57:00] <와게임진짜못하네 (khronos7)> 레이쨩..
[2021-12-10 22:57:04] <하시바라 (hassibala)> 오른쪽 이쁘다 ㄷㄷ
[2021-12-10 22:57:14] <호떡전캔디 (fgfg1233)> 미즈나레이 눈나도 레전드야
[2021-12-10 22:57:14] <이거유젤이브란디맛좀봐유 (brandy0)> 너....이런방송보니,,,?
[2021-12-10 22:57:19] <%매크로파지 (rophage)> 오른쪽이 전설이지..
[2021-12-10 22:57:23] <와게임진짜못하네 (khronos7)> 오른쪽누나 머리때문에그렇지 되게이쁘지
[2021-12-10 22:57:25] <%하양바이브 (white_vibe_)> 조숙했...앗차차
[2021-12-10 22:57:28] <호떡전캔디 (fgfg1233)> 오른쪽은 모든걸 오픈하고 가신 분이야 ... ㅠㅠ
[2021-12-10 22:57:28] <이거유젤이브란디맛좀봐유 (brandy0)> 야동틀어야겠다
[2021-12-10 22:57:31] <%민키키남친사귀지마 (bjhooon)> 미즈나 레이는 이름은 알아
[2021-12-10 22:57:37] <와게임진짜못하네 (khronos7)> ㅋㅋㅋ
[2021-12-10 22:57:48] <%하양바이브 (white_vibe_)> 되게 하드
[2021-12-10 22:58:03] <%민키키남친사귀지마 (bjhooon)> 아니 여기 전문가분들이 꽤 많으시네요
[2021-12-10 22:58:03] <김모르명예소방관티이 (gesbte)> ㅋㅋㅋㅋㅋㅋㅋㅋ
[2021-12-10 22:58:04] <이거유젤이브란디맛좀봐유 (brandy0)> 왼쪽은 긴머리하면 이쁠거같은이목구비인데
[2021-12-10 22:58:11] <호떡전캔디 (fgfg1233)> 후자
[2021-12-10 22:58:13] <호떡전캔디 (fgfg1233)> 쌉하드임
[2021-12-10 22:58:15] <이거유젤이브란디맛좀봐유 (brandy0)> 14시즌?
[2021-12-10 22:58:19] <와게임진짜못하네 (khronos7)> 후자누나가 쎄
[2021-12-10 22:58:20] <%rukara> 난 숏컷이쁜거같은데
[2021-12-10 22:58:26] <호떡전캔디 (fgfg1233)> 저 얼굴로
[2021-12-10 22:58:28] <%하양바이브 (white_vibe_)> 방장님이 더 잘 알자나요!
[2021-12-10 22:58:28] <호떡전캔디 (fgfg1233)> 왜 이런걸 찍을까 하는
[2021-12-10 22:58:30] <호떡전캔디 (fgfg1233)> 하드함임
[2021-12-10 22:58:36] <이거유젤이브란디맛좀봐유 (brandy0)> ㅗㅜ...
[2021-12-10 22:58:43] <%민키키남친사귀지마 (bjhooon)> 이야
[2021-12-10 22:58:53] <무명0116 (noname111166)> 리나님 이쁘시다..
[2021-12-10 22:58:53] <이거유젤이브란디맛좀봐유 (brandy0)> 심익현 형님 보러가야겠다
[2021-12-10 22:59:00] <%민키키남친사귀지마 (bjhooon)> 리나 이쁘네요
[2021-12-10 22:59:07] <%민키키남친사귀지마 (bjhooon)> 딱 많이 나오는 스타일이네요
[2021-12-10 22:59:12] <하시바라 (hassibala)> 와 왼쪽 이쁘다
[2021-12-10 22:59:13] <%매크로파지 (rophage)> 야..이건..
[2021-12-10 22:59:18] <%민키키남친사귀지마 (bjhooon)> ?
[2021-12-10 22:59:19] <@^빵_떡 (bbangddeock)> 갈고리 줍기  4875 개째
[2021-12-10 22:59:22] <와게임진짜못하네 (khronos7)> 사이카짱이 없어..
[2021-12-10 22:59:22] <%민키키남친사귀지마 (bjhooon)> 와
[2021-12-10 22:59:31] <%민키키남친사귀지마 (bjhooon)> 하연수 닮았다
[2021-12-10 22:59:32] <하시바라 (hassibala)> 왼쪽 약간 하연수같네
[2021-12-10 22:59:35] <%민키키남친사귀지마 (bjhooon)> 왼쪽
[2021-12-10 22:59:43] <이거유젤이브란디맛좀봐유 (brandy0)> 왼쪽은 표정이 죽었어...
[2021-12-10 22:59:53] <이거유젤이브란디맛좀봐유 (brandy0)> 왠 애벌레가
[2021-12-10 22:59:55] <이거유젤이브란디맛좀봐유 (brandy0)> 기어다니지
[2021-12-10 22:59:58] <%민키키남친사귀지마 (bjhooon)> ?
[2021-12-10 22:59:59] <@^빵_떡 (bbangddeock)> 갈고리 줍기  4876 개째
[2021-12-10 22:59:59] <호떡전캔디 (fgfg1233)> 와
[2021-12-10 23:00:01] <하시바라 (hassibala)> 왼쪽분 쫌 하기싫으신거같은데 ㅋㅋㅋ
[2021-12-10 23:00:01] <이거유젤이브란디맛좀봐유 (brandy0)> 컷
[2021-12-10 23:00:05] <%매크로파지 (rophage)> ㅇ..이게 뭐노..
[2021-12-10 23:00:06] <와게임진짜못하네 (khronos7)> ㅋㅋㅋ
[2021-12-10 23:00:07] <이거유젤이브란디맛좀봐유 (brandy0)> 핑크!!
[2021-12-10 23:00:10] <호떡전캔디 (fgfg1233)> 후자는 ㄹㅇ 오랜만에 보는 누님이네
[2021-12-10 23:00:13] <%민키키남친사귀지마 (bjhooon)> 오른쪽은 핑크레인져임?
[2021-12-10 23:00:14] <무명0116 (noname111166)> 전데물..ㅋ
[2021-12-10 23:00:15] <%하양바이브 (white_vibe_)> 전대물?
[2021-12-10 23:00:17] <%민키키남친사귀지마 (bjhooon)> ㅋㅋㅋㅋㅋㅋㅋㅋㅋㅋㅋㅋㅋㅋㅋㅋㅋㅋ
[2021-12-10 23:00:19] <이거유젤이브란디맛좀봐유 (brandy0)> 전대물...
[2021-12-10 23:00:20] <와게임진짜못하네 (khronos7)> 전대물인데 야스릃한대 !
[2021-12-10 23:00:29] <와게임진짜못하네 (khronos7)> ?
[2021-12-10 23:00:29] <@^빵_떡 (bbangddeock)> 갈고리 줍기  4877 개째
[2021-12-10 23:00:29] <%민키키남친사귀지마 (bjhooon)> 전대물이 뭔데.....
[2021-12-10 23:00:31] <하시바라 (hassibala)> 그냥 대물은 아는데
[2021-12-10 23:00:31] <이거유젤이브란디맛좀봐유 (brandy0)> ???
[2021-12-10 23:00:33] <%매크로파지 (rophage)> 않이;;
[2021-12-10 23:00:33] <%젤교 (ljc267)> ㅋㅋㅋㅋㅋㅋㅋ
[2021-12-10 23:00:33] <뽀동이 (denibux3)> ?????
[2021-12-10 23:00:35] <%하양바이브 (white_vibe_)> 레인저나오는게 전대물
[2021-12-10 23:00:36] <이거유젤이브란디맛좀봐유 (brandy0)> ~전대
[2021-12-10 23:00:37] <ㅁㄹㅅㅌㅅ (mlerck)> ?????
[2021-12-10 23:00:41] <이거유젤이브란디맛좀봐유 (brandy0)> 레인저
[2021-12-10 23:00:42] <%매크로파지 (rophage)> 특촬물 같은 거요
[2021-12-10 23:00:44] <%젤교 (ljc267)> 전. 대 ㅋㅋㅋㅋㅋ 개욱기넼
[2021-12-10 23:00:45] <%민키키남친사귀지마 (bjhooon)> ㅋㅋㅋㅋㅋㅋㅋㅋㅋㅋㅋㅋㅋㅋㅋㅋㅋㅋㅋㅋㅋㅋ
[2021-12-10 23:00:46] <하시바라 (hassibala)> i'm 대물
[2021-12-10 23:00:48] <꼬드리 (eeooeoeo)> 전.. 대물
[2021-12-10 23:00:50] <와게임진짜못하네 (khronos7)> ㅋㅋㅋㅋㅋ
[2021-12-10 23:00:51] <이거유젤이브란디맛좀봐유 (brandy0)> 전'대물'
[2021-12-10 23:00:52] <%민키키남친사귀지마 (bjhooon)> 난 대물입니다~~~~~
[2021-12-10 23:00:54] <이거유젤이브란디맛좀봐유 (brandy0)> 알겠습니다.
[2021-12-10 23:00:57] <%민키키남친사귀지마 (bjhooon)> im 대물
[2021-12-10 23:01:05] <%민키키남친사귀지마 (bjhooon)> ㅋㅋㅋㅋㅋㅋㅋㅋㅋㅋㅋㅋㅋㅋㅋㅋㅋㅋㅋㅋㅋㅋㅋㅋㅋㅋㅋㅋㅋㅋ
[2021-12-10 23:01:21] <%하양바이브 (white_vibe_)> 허허...
[2021-12-10 23:01:23] <이거유젤이브란디맛좀봐유 (brandy0)> 대물...
[2021-12-10 23:01:23] <%민키키남친사귀지마 (bjhooon)> 진짜 미쳤나봨ㅋㅋㅋㅋㅋㅋㅋㅋㅋㅋㅋㅋㅋㅋㅋㅋ
[2021-12-10 23:01:28] <하시바라 (hassibala)> 와 근데 진짜 아는사람 한명도없다
[2021-12-10 23:01:38] <%민키키남친사귀지마 (bjhooon)> 이야 근데 이건 카렌 아니면 카나 아니냐
[2021-12-10 23:01:40] <이거유젤이브란디맛좀봐유 (brandy0)> 유명 순위권 말고는 모름...
[2021-12-10 23:01:43] <호떡전캔디 (fgfg1233)> 음
[2021-12-10 23:01:46] <%민키키남친사귀지마 (bjhooon)> 우승은 둘중 한명이야
[2021-12-10 23:01:51] <호떡전캔디 (fgfg1233)> 미카미유아가 없네
[2021-12-10 23:02:01] <%민키키남친사귀지마 (bjhooon)> 우에하라도 없네
[2021-12-10 23:02:02] <이거유젤이브란디맛좀봐유 (brandy0)> 후레시물이지
[2021-12-10 23:02:03] <이거유젤이브란디맛좀봐유 (brandy0)> 앗
[2021-12-10 23:02:13] <호떡전캔디 (fgfg1233)> 스즈모리레무도 없네
[2021-12-10 23:02:22] <호떡전캔디 (fgfg1233)> 설마 두부집효녀도 없나?
[2021-12-10 23:02:30] <하시바라 (hassibala)> 왼쪽 우헤하라아이 닮았엉
[2021-12-10 23:02:31] <%민키키남친사귀지마 (bjhooon)> 두부집효녘ㅋㅋㅋㅋㅋㅋㅋㅋ엌ㅋㅋㅋㅋㅋㅋㅋㅋㅋ
[2021-12-10 23:02:31] <이거유젤이브란디맛좀봐유 (brandy0)> 오른족 리얼하다
[2021-12-10 23:02:36] <%민키키남친사귀지마 (bjhooon)> 캬
[2021-12-10 23:02:43] <%민키키남친사귀지마 (bjhooon)> 카렌 아니면 카나가 우승이야 이건
[2021-12-10 23:02:43] <이거유젤이브란디맛좀봐유 (brandy0)> 아 두부집...?
[2021-12-10 23:02:45] <%하양바이브 (white_vibe_)> ?
[2021-12-10 23:02:45] <@^빵_떡 (bbangddeock)> 갈고리 줍기  4878 개째
[2021-12-10 23:02:45] <꼬드리 (eeooeoeo)> 진행중ㅋㅋㅋ
[2021-12-10 23:02:46] <하시바라 (hassibala)> 어 저것도 그거아님? 세일러문?
[2021-12-10 23:02:48] <%민키키남친사귀지마 (bjhooon)> ?
[2021-12-10 23:02:50] <%봄틀 (94_bearbear)> 젤하
[2021-12-10 23:02:50] <@^빵_떡 (bbangddeock)> 봄틀 님 하이하이~
[2021-12-10 23:02:55] <%민키키남친사귀지마 (bjhooon)> 뭐가 진행중인거죠?
[2021-12-10 23:02:58] <뽀동이 (denibux3)> 상상력좀
[2021-12-10 23:02:58] <%민키키남친사귀지마 (bjhooon)> 아래가...!
[2021-12-10 23:03:01] <%민키키남친사귀지마 (bjhooon)> ??????
[2021-12-10 23:03:01] <이거유젤이브란디맛좀봐유 (brandy0)> 아래가 머요
[2021-12-10 23:03:12] <%하양바이브 (white_vibe_)> 뭘  진행하는진 모르겠지만 일단 진행시켜?
[2021-12-10 23:03:14] <%민키키남친사귀지마 (bjhooon)> 캬
[2021-12-10 23:03:15] <%봄틀 (94_bearbear)> 안영~
[2021-12-10 23:03:25] <%매크로파지 (rophage)> 진구우지 닮았네
[2021-12-10 23:03:27] <%민키키남친사귀지마 (bjhooon)> 이게 야동이지~
[2021-12-10 23:03:31] <와게임진짜못하네 (khronos7)> 아니요
[2021-12-10 23:03:32] <이거유젤이브란디맛좀봐유 (brandy0)> ㅓ우
[2021-12-10 23:03:34] <intj_teusu> ㄴㄴ
[2021-12-10 23:03:35] <이거유젤이브란디맛좀봐유 (brandy0)> 이쁘다
[2021-12-10 23:03:35] <%봄틀 (94_bearbear)> 어머나..
[2021-12-10 23:03:39] <%민키키남친사귀지마 (bjhooon)> ㄴㄴㄴ
[2021-12-10 23:03:42] <intj_teusu> 카에데 카렌 이쁨
[2021-12-10 23:03:50] <이거유젤이브란디맛좀봐유 (brandy0)> 일단 치열 합격
[2021-12-10 23:03:52] <%민키키남친사귀지마 (bjhooon)> 카렌은 현재진행형 레전드
[2021-12-10 23:03:52] <와게임진짜못하네 (khronos7)> 품번적어 보낼려다가 풀네임으로 보냈어요
[2021-12-10 23:03:56] <하시바라 (hassibala)> 왼쪽이 제일 이쁜듯
[2021-12-10 23:03:56] <호떡전캔디 (fgfg1233)> ㄹㅇ
[2021-12-10 23:03:59] <호떡전캔디 (fgfg1233)> 카렌은 진짜
[2021-12-10 23:04:01] <호떡전캔디 (fgfg1233)> 개이쁨
[2021-12-10 23:04:18] <하시바라 (hassibala)> 오른쪽이 진짜 화장 제대로하면 ㄹㅇ 이쁠듯
[2021-12-10 23:04:21] <이거유젤이브란디맛좀봐유 (brandy0)> ㅇㅇ
[2021-12-10 23:04:28] <이거유젤이브란디맛좀봐유 (brandy0)> 오른쪽은 너무 수수하게 퇴폐....
[2021-12-10 23:04:34] <%민키키남친사귀지마 (bjhooon)> 카나메는 그거 아니냐 체육코치 스토리
[2021-12-10 23:04:40] <이거유젤이브란디맛좀봐유 (brandy0)> 어케앎...
[2021-12-10 23:04:42] <intj_teusu> 둘다 내 스타일 아냐
[2021-12-10 23:04:47] <이거유젤이브란디맛좀봐유 (brandy0)> ㅗㅜㅑ
[2021-12-10 23:04:54] <뚱뚱했던 (raffymcfatty)> ㅇ-ㅇ
[2021-12-10 23:04:57] <꼬드리 (eeooeoeo)> 코스프레가 디게 많네
[2021-12-10 23:05:03] <하시바라 (hassibala)> 그..박명수 와이프분..
[2021-12-10 23:05:05] <%민키키남친사귀지마 (bjhooon)> 오른쪽은 무슨 코스프레지
[2021-12-10 23:05:09] <와게임진짜못하네 (khronos7)> 레이
[2021-12-10 23:05:14] <이거유젤이브란디맛좀봐유 (brandy0)> 왼쪽은 지금 번식 ㄱ? 를 들은듯하다
[2021-12-10 23:05:21] <이거유젤이브란디맛좀봐유 (brandy0)> 모모노기카나!!!
[2021-12-10 23:05:23] <intj_teusu> 카나쨔응!
[2021-12-10 23:05:23] <%민키키남친사귀지마 (bjhooon)> 와
[2021-12-10 23:05:23] <와게임진짜못하네 (khronos7)> 근데 카나짱 얼굴너무 바뀌었다..
[2021-12-10 23:05:26] <%민키키남친사귀지마 (bjhooon)> 이건 왼쪽
[2021-12-10 23:05:28] <호떡전캔디 (fgfg1233)> 와
[2021-12-10 23:05:29] <이거유젤이브란디맛좀봐유 (brandy0)> 카나도 성형이라
[2021-12-10 23:05:31] <하시바라 (hassibala)> 이름은 아는데 얼굴이 초면이야..
[2021-12-10 23:05:33] <호떡전캔디 (fgfg1233)> 그래도 아키호지
[2021-12-10 23:05:35] <bboy_deintv> So Hot
[2021-12-10 23:05:35] <%민키키남친사귀지마 (bjhooon)> 아니호는 너무 옛날이야
[2021-12-10 23:05:46] <이거유젤이브란디맛좀봐유 (brandy0)> 지금 존예
[2021-12-10 23:05:59] <무명0116 (noname111166)> 같은분??
[2021-12-10 23:06:00] <뚱뚱했던 (raffymcfatty)> ㅇㅁㅇ
[2021-12-10 23:06:01] <뚱뚱했던 (raffymcfatty)> 오
[2021-12-10 23:06:01] <%하양바이브 (white_vibe_)> ㅗㅜㅑ
[2021-12-10 23:06:07] <bboy_deintv> Oh wtf beautifull
[2021-12-10 23:06:09] <이거유젤이브란디맛좀봐유 (brandy0)> 아프리카 방송에 나온거
[2021-12-10 23:06:14] <와게임진짜못하네 (khronos7)> 저얼굴 없어졌지않냐 이제..
[2021-12-10 23:06:14] <%매크로파지 (rophage)> 저 흰 옷이 최근이랑 비슷하네
[2021-12-10 23:06:18] <intj_teusu> 네이버 검색이라 뱅송 내보내도 되네 ㅋㅋ
[2021-12-10 23:06:23] <하시바라 (hassibala)> 얼굴이 길어졌나?
[2021-12-10 23:06:25] <%민키키남친사귀지마 (bjhooon)> 지금은 그냥 이쁜듯
[2021-12-10 23:06:27] <intj_teusu> 구글 검색이었으믄 뱅송 못보냈을텐데
[2021-12-10 23:06:32] <%민키키남친사귀지마 (bjhooon)> 옛낳엔 귀여웠고
[2021-12-10 23:06:35] <꼬드리 (eeooeoeo)> 저 상태로 성형을 한 거야?
[2021-12-10 23:06:39] <이거유젤이브란디맛좀봐유 (brandy0)> 구글이었음ㄴ 터졌어
[2021-12-10 23:06:46] <호떡전캔디 (fgfg1233)> 진짜 이쁜건 미카미유아가 최곤데
[2021-12-10 23:06:48] <%매크로파지 (rophage)> 지금 딱 저 얼굴이에요
[2021-12-10 23:06:48] <%하양바이브 (white_vibe_)> 구글 로그인 하고 검색했으면..ㄷㄷ
[2021-12-10 23:06:48] <하시바라 (hassibala)> 근데 그래도 이쁘네...
[2021-12-10 23:06:51] <%민키키남친사귀지마 (bjhooon)> 인스타 가면 최근사진 있어
[2021-12-10 23:06:53] <이거유젤이브란디맛좀봐유 (brandy0)> 부르마..
[2021-12-10 23:06:56] <이거유젤이브란디맛좀봐유 (brandy0)> 키야
[2021-12-10 23:06:58] <%rukara> 예전이 더 이쁘긴거같은데
[2021-12-10 23:07:04] <뚱뚱했던 (raffymcfatty)> 오
[2021-12-10 23:07:06] <호떡전캔디 (fgfg1233)> 아이자와미나미 여왕님도 없네 후우
[2021-12-10 23:07:22] <꼬드리 (eeooeoeo)> 그냥 놔두지
[2021-12-10 23:07:23] <뽀동이 (denibux3)> 나의 카나는 이렇지 않아
[2021-12-10 23:07:23] <이거유젤이브란디맛좀봐유 (brandy0)> 계속  고치는 배우중하나..
[2021-12-10 23:07:25] <무명0116 (noname111166)> 친한파...ㅋㅋㅋ
[2021-12-10 23:07:35] <%민키키남친사귀지마 (bjhooon)> 아 카나는 진짜..... 영화한편을 봤었다......
[2021-12-10 23:07:40] <호떡전캔디 (fgfg1233)> 역시 미즈나레이지
[2021-12-10 23:07:49] <이거유젤이브란디맛좀봐유 (brandy0)> 내 폰에도 한편은 들어가있...
[2021-12-10 23:07:49] <와게임진짜못하네 (khronos7)> 카나는 진짜 매니저스토리 한번봐봐
[2021-12-10 23:07:50] <하시바라 (hassibala)> 오른쪽이 더 이쁘네
[2021-12-10 23:08:01] <와게임진짜못하네 (khronos7)> 네이버 ㄱㄱ
[2021-12-10 23:08:03] <%하양바이브 (white_vibe_)> 매니저 스토리..알면서도 당하는 감동스토리
[2021-12-10 23:08:14] <%민키키남친사귀지마 (bjhooon)> 진짜 매니저는 그 라면먹으면서도 볼수있다 이젠
[2021-12-10 23:08:16] <하시바라 (hassibala)> 레이 승!
[2021-12-10 23:08:23] <이거유젤이브란디맛좀봐유 (brandy0)> ㅗㅜ
[2021-12-10 23:08:28] <와게임진짜못하네 (khronos7)> ㅋㅋㅋ
[2021-12-10 23:08:29] <뚱뚱했던 (raffymcfatty)> 오
[2021-12-10 23:08:34] <와게임진짜못하네 (khronos7)> 매니저그거 보면 위아래로 우는데
[2021-12-10 23:08:34] <%민키키남친사귀지마 (bjhooon)> ㄹㅇ?
[2021-12-10 23:08:35] <intj_teusu> 매니저 ㄹㅇ 눈물없이 못본다 ㅋㅋ
[2021-12-10 23:08:42] <호떡전캔디 (fgfg1233)> 이 눈나는 진짜 모든걸 다 보여주고 떠난 눈나라고 ㅠㅠ
[2021-12-10 23:08:42] <%민키키남친사귀지마 (bjhooon)> 눈물없이 못본다고
[2021-12-10 23:08:45] <뚱뚱했던 (raffymcfatty)> 배우 같아
[2021-12-10 23:08:48] <@^빵_떡 (bbangddeock)> 어서오세요 아직 팔로우 안하셨다면 팔로우 부탁해요 °˖✧◝(⁰▿⁰)◜✧˖°
[2021-12-10 23:08:51] <%민키키남친사귀지마 (bjhooon)> 그거 아직 연기인지 진짜인지 모른다고
[2021-12-10 23:08:56] <%하양바이브 (white_vibe_)> ㅠㅠ
[2021-12-10 23:08:57] <%민키키남친사귀지마 (bjhooon)> 진짜 개쩜
[2021-12-10 23:09:00] <와게임진짜못하네 (khronos7)> 자막까지 있는걸로 봐야해
[2021-12-10 23:09:05] <intj_teusu> 내 심금을 울린 야동은 그거 하나뿐이야
[2021-12-10 23:09:16] <%매크로파지 (rophage)> 이름도 애니에서 따온 거라
[2021-12-10 23:09:16] <이거유젤이브란디맛좀봐유 (brandy0)> 심금만 울렸나요?
[2021-12-10 23:09:16] <하시바라 (hassibala)> 휴지 준비했다 눈물닦을때 쓰게 된다고 하긴 하던데
[2021-12-10 23:14:40] <%민키키남친사귀지마 (bjhooon)> ㄹㅇ 나를 울게한 그 야동은 그거 하나 뿐이다
[2021-12-10 23:15:06] <뽀동이 (denibux3)> ㅋㅋㅋㅋㅋㅋㅋㅋ
[2021-12-10 23:16:36] <이거유젤이브란디맛좀봐유 (brandy0)> 아들까지 울리네
[2021-12-10 23:17:09] <intj_teusu> ㅋㅋㅋㅋ
[2021-12-10 23:17:14] <하시바라 (hassibala)> ㅋㅋㅋㅋㅋ
