# Log started: 2021-12-10 21:43:35 +0900
[2021-12-10 21:43:35] #zhuvely95 채널 입장 중입니다
[2021-12-10 21:43:35] #zhuvely95 채널에 입장했습니다
[2021-12-10 21:43:35] ~아구찜과 함께하는 그묘일 (Just Chatting)~
[2021-12-10 21:44:01] <%하살이가쉬한밤0바0다 (nailing82)> ㅋㅋㅋ
[2021-12-10 21:44:05] <%하살이가쉬한밤0바0다 (nailing82)> 아부지 특임 ㅋ
[2021-12-10 21:44:21] <%하살이가쉬한밤0바0다 (nailing82)> 아니요..
[2021-12-10 21:44:26] <%캉난나코에서나온밀면 (millmyeon)> 일단 흘렸는지 안흘렸는지...
[2021-12-10 21:44:28] <%하살이가쉬한밤0바0다 (nailing82)> 어머니가 때려요 그럼..
[2021-12-10 21:44:44] <%하살이가쉬한밤0바0다 (nailing82)> 꽃으로 아빠만 때림.
[2021-12-10 21:44:49] <%하살이가쉬한밤0바0다 (nailing82)> 와...
[2021-12-10 21:44:49] <%캉난나코에서나온밀면 (millmyeon)> 캬 내놔 포인트
[2021-12-10 21:44:51] <%얻어탄탑승자 (b1ue_light_)> PridePog PridePog
[2021-12-10 21:45:15] <%캉난나코에서나온밀면 (millmyeon)> ㅋㅋㅋㅋㅋㅋㅋㅋㅋㅋㅋㅋㅋㅋㅋㅋㅋㅋㅋㅋ
[2021-12-10 21:45:25] <%$봄틀 (94_bearbear)> ㅋㅋㅋㅋㅋㅋㅋㅋㅋㅋㅋㅋㅋㅋㅋㅋㅋㅋㅋㅋㅋㅋㅋㅋㅋㅋㅋㅋㅋㅋㅋㅋㅋㅋㅋㅋ
[2021-12-10 21:45:32] <허둥지둥이도리_ (absol0724)> ㅋㅋㅋㅋㅋㅋㅋㅋ인터스텔라냐고
[2021-12-10 21:45:32] <%$봄틀 (94_bearbear)> ㅋㅋㅋㅋㅋㅋㅋㅋㅋㅋㅋㅋㅋㅋㅋㅋㅋㅋㅋㅋㅋㅋㅋㅋㅋㅋㅋㅋㅋㅋㅋㅋㅋㅋㅋㅋㅋㅋㅋㅋ
[2021-12-10 21:45:34] <공효진너무좋와 (akxh84)> ㅋㅋㅋ
[2021-12-10 21:45:36] <%얻어탄탑승자 (b1ue_light_)> NAGA
[2021-12-10 21:45:42] <%캉난나코에서나온밀면 (millmyeon)> 너는 평생 떨어져! 엄마는 지구에서 살거야
[2021-12-10 21:45:52] <%$봄틀 (94_bearbear)> ㅋㅋㅋㅋㅋㅋㅋㅋㅋㅋㅋㅋㅋㅋㅋ
[2021-12-10 21:46:02] <%캉난나코에서나온밀면 (millmyeon)> 꺼-억
[2021-12-10 21:46:07] <%skull_gongmyeong> 꺼억
[2021-12-10 21:46:14] <%skull_gongmyeong> 믿었다구
[2021-12-10 21:46:15] <%$봄틀 (94_bearbear)> ㅉㅉㅉㅉㅉㅉㅉㅉㅉㅉ
[2021-12-10 21:46:41] <%캉난나코에서나온밀면 (millmyeon)> 쥬쥬님은 아직..거기인가요?
[2021-12-10 21:46:41] <%헬토콘드리아_관장 (j_accelerando)> 알트 에프포 오늘 켠왕할거라고?
[2021-12-10 21:46:43] <%skull_gongmyeong> ?
[2021-12-10 21:46:43] <@^빵_떡 (bbangddeock)> bbangd1Un
[2021-12-10 21:46:59] <%skull_gongmyeong> 쥬쥬님은 어디요?
[2021-12-10 21:47:01] <%헬토콘드리아_관장 (j_accelerando)> 막 꼼수로라도 억지로 깨는분들 많던데
[2021-12-10 21:47:12] <%trano18> ㅋㅋㅋㅋㅋㅋㅋ
[2021-12-10 21:47:18] <%헬토콘드리아_관장 (j_accelerando)> 공략 영상도 보고
[2021-12-10 21:47:23] <%헬토콘드리아_관장 (j_accelerando)> 막 꼼수란 꼼수 다쓰던데
[2021-12-10 21:47:23] <%skull_gongmyeong> 천킬은 넘으셨죠?
[2021-12-10 21:47:30] <%헬토콘드리아_관장 (j_accelerando)> 시체로 다리 만드는 분도 봤고
[2021-12-10 21:47:38] <노잼잉 (nodemand34)> 아구찜 좋아하심?ㅋ어른음식인데
[2021-12-10 21:47:51] <%헬토콘드리아_관장 (j_accelerando)> 시체위에 설 수 있어서 작정하고 막죽어서
[2021-12-10 21:47:54] <%헬토콘드리아_관장 (j_accelerando)> 다리 만들더라구요
[2021-12-10 21:48:28] <노잼잉 (nodemand34)> 콩나물 투성이라 좋아하는 분들 좀 신기
[2021-12-10 21:48:36] <비스마니어 (vismanier)> 디저트임??? 마싯겟다
[2021-12-10 21:48:45] ~으른입맛인 나 (Just Chatting)~
[2021-12-10 21:49:12] <%세오라떼 (beaumont0202)> 아이스크림인가요?
[2021-12-10 21:49:14] <%헬토콘드리아_관장 (j_accelerando)> 명란젓 벗겨서 먹는분들 많아
[2021-12-10 21:49:24] <허둥지둥이도리_ (absol0724)> 명란젓말구여
[2021-12-10 21:49:26] <허둥지둥이도리_ (absol0724)> 명란찜
[2021-12-10 21:49:30] <노잼잉 (nodemand34)> 곤이가 알탕에 드가는 그거임?
[2021-12-10 21:49:34] <허둥지둥이도리_ (absol0724)> 알찜이 명란찜임
[2021-12-10 21:49:51] <%하살이가쉬한밤0바0다 (nailing82)> 명란파스타나 계란말이...
[2021-12-10 21:50:02] <%하살이가쉬한밤0바0다 (nailing82)> ㅋㅋㅋㅋ
[2021-12-10 21:50:06] <공효진너무좋와 (akxh84)> ?
[2021-12-10 21:50:06] <@^빵_떡 (bbangddeock)> bbangd1Un
[2021-12-10 21:50:09] <%+쥬쥬가슴이크던말던 (jasag3)> ?
[2021-12-10 21:50:11] <%헬토콘드리아_관장 (j_accelerando)> 그거도 명란 짜서 하는거 아님?
[2021-12-10 21:50:19] <%하살이가쉬한밤0바0다 (nailing82)> 선택적 명란 ㅋㅋㅋㅋㅋㅋ
[2021-12-10 21:50:38] <노잼잉 (nodemand34)> 오이는 안먹지만 피클은 먹는거와 같은?ㅋ
[2021-12-10 21:50:44] <%하살이가쉬한밤0바0다 (nailing82)> 명태알이니깐요..
[2021-12-10 21:50:52] <%하살이가쉬한밤0바0다 (nailing82)> ㅋㅋㅋ
[2021-12-10 21:50:57] <공효진너무좋와 (akxh84)> 명란은 맛있는걸루
[2021-12-10 21:51:00] <%헬토콘드리아_관장 (j_accelerando)> 아 맞다 쥬쥬야 핫클립에 군다 3트한분있던데,, 쥬쥬는 ..60트했나,,?
[2021-12-10 21:51:03] <노잼잉 (nodemand34)> 근데 저도 쥬쥬형처럼 징그러워서 명란 잘 안먹는데ㅋ
[2021-12-10 21:51:19] <노잼잉 (nodemand34)> 알탕도ㅋㅋ뭔가 뇌같음ㅋㅋ모양이
[2021-12-10 21:51:41] <허둥지둥이도리_ (absol0724)> 고소함
[2021-12-10 21:51:41] <공효진너무좋와 (akxh84)> ㅇㅇ
[2021-12-10 21:51:42] <허둥지둥이도리_ (absol0724)> 겁나게
[2021-12-10 21:51:46] <%헬토콘드리아_관장 (j_accelerando)> ㅇㅇ 비슷한데 조금 짬
[2021-12-10 21:51:48] <%하살이가쉬한밤0바0다 (nailing82)> 아니요...
[2021-12-10 21:51:52] <공효진너무좋와 (akxh84)> 탕에는 그렇게 진하진않지만
[2021-12-10 21:51:52] <%박환작가_ (wnwkraus0)> 살찝니다
[2021-12-10 21:51:59] BAN: wnwkraus0 (5s)
[2021-12-10 21:52:03] <허둥지둥이도리_ (absol0724)> ㅋㅋㅋㅋㅋㅋㅋㅋㅋㅋㅋㅋ
[2021-12-10 21:52:16] <%박환작가_ (wnwkraus0)> 어머니 생각해보니 잘못했습니다
[2021-12-10 21:52:17] <정신연령초딩만팔로우 (qkqndz)> 눈나 안뇽안뇽 푸항항 ꉂꉂ(ᵔᗜᵔ*)
[2021-12-10 21:52:23] <%민트초코좋아요 (dudwns2446)> 700만 젖갈이 ㄴ무시하나여?
[2021-12-10 21:52:33] <%+쥬쥬가슴이크던말던 (jasag3)> ???
[2021-12-10 21:52:37] <노잼잉 (nodemand34)> 꼴두기나 오징어 젓갈도 안드심?
[2021-12-10 21:53:08] <허둥지둥이도리_ (absol0724)> 저거 미쳣음 지짜
[2021-12-10 21:53:13] <공효진너무좋와 (akxh84)> 미쳤다
[2021-12-10 21:53:15] <허둥지둥이도리_ (absol0724)> 명란이랑 곤이들어갓는데
[2021-12-10 21:53:15] <%+쥬쥬가슴이크던말던 (jasag3)> 진짜 개맛있음
[2021-12-10 21:53:15] <공효진너무좋와 (akxh84)> 저거 얼말까
[2021-12-10 21:53:19] <허둥지둥이도리_ (absol0724)> 저도 곤이 왜먹나 싶엇거든요?
[2021-12-10 21:53:21] <공효진너무좋와 (akxh84)> 되게 비싸겠다
[2021-12-10 21:53:22] <허둥지둥이도리_ (absol0724)> 한입먹고서
[2021-12-10 21:53:24] <%캉난나코에서나온밀면 (millmyeon)> 정보) 방금 밥 먹고 또 먹는거 찾아보고 있다
[2021-12-10 21:53:26] <허둥지둥이도리_ (absol0724)> 알찜 시킬때마다 곤이추가 무조건함
[2021-12-10 21:53:30] <%+쥬쥬가슴이크던말던 (jasag3)> 곤이 진짜 부드럽고 야들해
[2021-12-10 21:53:31] <노잼잉 (nodemand34)> 뽈찜 이런거도 맛잇음?
[2021-12-10 21:54:01] <공효진너무좋와 (akxh84)> 아구찜처럼 명란알로
[2021-12-10 21:54:03] <허둥지둥이도리_ (absol0724)> ㅋㅋㅋㅋㅋㅋㅋㅋㅋㅋㅋㅋㅋㅋㅋㅋㅋㅋㅋㅋㅋㅋㅋㅋㅋㅋㅋㅋㅋㅋㅋㅋㅋㅋㅋㅋㅋㅋㅋ
[2021-12-10 21:54:04] <%+쥬쥬가슴이크던말던 (jasag3)> ㄹㅇㅋㅋ
[2021-12-10 21:54:04] <공효진너무좋와 (akxh84)> ㅋㅋㅋㅋㅋㅋㅋㅋㅋㅋㅋ
[2021-12-10 21:54:07] <%캉난나코에서나온밀면 (millmyeon)> ㅋㅋㅋㅋㅋㅋㅋㅋㅋㅋㅋㅋㅋㅋ
[2021-12-10 21:54:09] <%하살이가쉬한밤0바0다 (nailing82)> ㅋㅋㅋㅋㅋㅋ
[2021-12-10 21:54:10] <%+쥬쥬가슴이크던말던 (jasag3)> ㅋㅋㅋㅋㅋㅋㅋㅋㅋㅋㅋㅋㅋㅋㅋㅋㅋㅋㅋㅋ
[2021-12-10 21:54:14] <%+쥬쥬가슴이크던말던 (jasag3)> 방송욕심ㅋㅋㅋㅋㅋㅋㅋㅋㅋㅋㅋㅋㅋㅋㅋㅋㅋㅋ
[2021-12-10 21:54:15] <%+쥬쥬가슴이크던말던 (jasag3)> ?
[2021-12-10 21:54:15] <허둥지둥이도리_ (absol0724)> 네?
[2021-12-10 21:54:15] <@^빵_떡 (bbangddeock)> bbangd1Un
[2021-12-10 21:54:18] <허둥지둥이도리_ (absol0724)> 그런말 한적없어요
[2021-12-10 21:54:19] <%캉난나코에서나온밀면 (millmyeon)> 빛버지 우리 또래인가? ㅋㅋㅋ 개맛있지래ㅋㅋㅋㅋ
[2021-12-10 21:54:22] <공효진너무좋와 (akxh84)> 아버지가 도움을 안주네 ㅋㅋ 아버지도 안먹는다더니
[2021-12-10 21:54:25] <%+쥬쥬가슴이크던말던 (jasag3)> ㅋㅋㅋㅋㅋㅋㅋㅋㅋㅋㅋㅋㅋㅋㅋㅋㅋㅋㅋㅋㅋㅋㅋㅋㅋ
[2021-12-10 21:54:25] <%하살이가쉬한밤0바0다 (nailing82)> 아버지..  빨리 와주세요 ㅜㅜ
[2021-12-10 21:54:26] <공효진너무좋와 (akxh84)> ㅋㅋㅋㅋㅋㅋㅋㅋㅋㅋ
[2021-12-10 21:54:29] <공효진너무좋와 (akxh84)> 맞아 ㅋㅋ
[2021-12-10 21:54:31] <%하살이가쉬한밤0바0다 (nailing82)> ㅋㅋㅋㅋㅋ 밥그릇 싸움...
[2021-12-10 21:54:33] <%+쥬쥬가슴이크던말던 (jasag3)> 킹버지 언제 오시나요
[2021-12-10 21:54:35] <공효진너무좋와 (akxh84)> 아버지가 뺏을려면 금방 뺏지 ㅋ
[2021-12-10 21:54:40] <공효진너무좋와 (akxh84)> 안뺏을려는것뿐
[2021-12-10 21:54:46] <허둥지둥이도리_ (absol0724)> 알탕이든 알찜이든
[2021-12-10 21:54:47] <%sharkbandage> 쥬쥬님 안녕하세요
[2021-12-10 21:54:48] <정신연령초딩만팔로우 (qkqndz)> 내 입맛이 어때서
[2021-12-10 21:54:49] <허둥지둥이도리_ (absol0724)> 진짜 핵존맛임
[2021-12-10 21:54:58] <노잼잉 (nodemand34)> 근데 솔직히 쥬버지ㅋ방송감각 좋으심
[2021-12-10 21:54:59] <%박환작가_ (wnwkraus0)> 근데 아무리 생각해도 살쪄요
[2021-12-10 21:55:08] <%하살이가쉬한밤0바0다 (nailing82)> 네..
[2021-12-10 21:55:08] <%sharkbandage> 쿠앤크먹나요
[2021-12-10 21:55:09] <%박환작가_ (wnwkraus0)> 제가요
[2021-12-10 21:55:15] <공효진너무좋와 (akxh84)> ㅋㅋㅋㅋ
[2021-12-10 21:55:16] <%하링이겨에키스마크치얼쓰 (armpitmm)> 알탕 맛잇는데
[2021-12-10 21:55:20] <%하살이가쉬한밤0바0다 (nailing82)> ㅋㅋㅋ
[2021-12-10 21:55:30] <공효진너무좋와 (akxh84)> 어머니도 알찜 좋아하실껄요
[2021-12-10 21:55:32] <%sharkbandage> 고니요? 제가 알던 최고의 타짜였어요
[2021-12-10 21:55:39] <%하살이가쉬한밤0바0다 (nailing82)> 크....
[2021-12-10 21:55:45] <%하살이가쉬한밤0바0다 (nailing82)> 소주안주에 최고
[2021-12-10 21:56:04] <노잼잉 (nodemand34)> 울 매형도 술마시면ㅋ맨날 알탕 찾던데
[2021-12-10 21:56:06] <허둥지둥이도리_ (absol0724)> 와 알찜 너무땡긴다
[2021-12-10 21:56:08] <허둥지둥이도리_ (absol0724)> 하지만 너무 비싸..
[2021-12-10 21:56:15] <%헬토콘드리아_관장 (j_accelerando)> 알탕,, 내가 처음 술배울때 안주여서,,
[2021-12-10 21:56:18] <공효진너무좋와 (akxh84)> 이런사람 많아졌으면 좋겠다 나만 먹게 알탕
[2021-12-10 21:56:20] <비스마니어 (vismanier)> 알탕 으 시러
[2021-12-10 21:56:21] <허둥지둥이도리_ (absol0724)> 한접에 한 3만원쯤 함
[2021-12-10 21:56:28] <%민트초코좋아요 (dudwns2446)> 케비어 알찜은없나 ㅋㅋㅋㅋ
[2021-12-10 21:56:31] <%하살이가쉬한밤0바0다 (nailing82)> 3~5 매논 정도요
[2021-12-10 21:56:43] <%헬토콘드리아_관장 (j_accelerando)> 코치님하고 여자 매니저님이,, 한번 마셔보라고 ㅋㅋㅋ
[2021-12-10 21:56:44] <%헬토콘드리아_관장 (j_accelerando)> 주셔서 ㅋㅋ
[2021-12-10 21:56:46] <허둥지둥이도리_ (absol0724)> 아니죠
[2021-12-10 21:56:52] <허둥지둥이도리_ (absol0724)> 4~5끼 먹으면댐
[2021-12-10 21:56:54] <공효진너무좋와 (akxh84)> 꽃게나 그런거 못먹는 사람보면 얼마나 반가운지
[2021-12-10 21:57:10] <허둥지둥이도리_ (absol0724)> 난 새우 못먹는사람 보면
[2021-12-10 21:57:12] <비스마니어 (vismanier)> 나 게 못먹음
[2021-12-10 21:57:12] <허둥지둥이도리_ (absol0724)> 오히려좋아
[2021-12-10 21:57:17] <%헬토콘드리아_관장 (j_accelerando)> 새우 알러지 있는 내친구 알러지 약먹고 킹타이거새우 먹더라,,
[2021-12-10 21:57:27] <누구보다단단하게 (musclema)> 그럼 내가 얌얌
[2021-12-10 21:57:36] <%캉난나코에서나온밀면 (millmyeon)> ㅋㅋㅋㅋㅋㅋㅋㅋㅋㅋ
[2021-12-10 21:57:39] <%캉난나코에서나온밀면 (millmyeon)> 레보샤는 아니긴 해
[2021-12-10 21:57:44] <공효진너무좋와 (akxh84)> 나도 오늘 베스킨 쿠앤크 시켰어 ㅋㅋㅋ 처음으로
[2021-12-10 21:57:51] <공효진너무좋와 (akxh84)> 레이보우는 아니야
[2021-12-10 21:57:59] <공효진너무좋와 (akxh84)> 샤베트는 아니야
[2021-12-10 21:58:00] <누구보다단단하게 (musclema)> 엄마는 외계인 먹어야지
[2021-12-10 21:58:00] <노잼잉 (nodemand34)> 전 군대에서 오징어 볶음 너무 먹어서 진짜 제대하고 6년간 한번도 안먹은듯
[2021-12-10 21:58:07] <%헬토콘드리아_관장 (j_accelerando)> 레보샤 말고 멘보샤는 좋을거 같아,,
[2021-12-10 21:58:07] <공효진너무좋와 (akxh84)> 셔벗은 아니야
[2021-12-10 21:58:16] <%+쥬쥬가슴이크던말던 (jasag3)> 멘보샤 츄릅
[2021-12-10 21:58:21] <누구보다단단하게 (musclema)> 야 여자친구가 추천했는데 무시하면 등짝스매싱이야
[2021-12-10 21:58:28] <%+쥬쥬가슴이크던말던 (jasag3)> 쿠앤크 맛있어서 놀랐음
[2021-12-10 21:58:31] <공효진너무좋와 (akxh84)> 쿠앤크 맛있더라 베스킨은 또 다른맛
[2021-12-10 21:58:35] <%+쥬쥬가슴이크던말던 (jasag3)> 빙그레보다 좀 더 나은듯
[2021-12-10 21:58:45] <%캉난나코에서나온밀면 (millmyeon)> 쿠앤크 아이스크림이랑 비슷한 맛인가요?
[2021-12-10 21:58:49] <공효진너무좋와 (akxh84)> ㅇㅇ 빙그레보다 묵직해 우유가 더 많이 들어갔나
[2021-12-10 21:58:58] <%+쥬쥬가슴이크던말던 (jasag3)> 똑같은 계열인데 좀더 꾸덕함
[2021-12-10 21:59:15] <%+쥬쥬가슴이크던말던 (jasag3)> ㅋㅋㅋㅋㅋㅋㅋㅋㅋㅋㅋㅋㅋㅋㅋㅋㅋㅋㅋㅋㅋㅋㅋㅋ
[2021-12-10 21:59:21] <%+쥬쥬가슴이크던말던 (jasag3)> 맞네 ㅋㅋㅋㅋㅋㅋㅋㅋㅋㅋㅋㅋㅋㅋㅋㅋ
[2021-12-10 21:59:22] <공효진너무좋와 (akxh84)> 애기맞네 ㅋㅋㅋ
[2021-12-10 21:59:26] <공효진너무좋와 (akxh84)> 스스로 맨날 애기라고 하더니
[2021-12-10 21:59:32] <%하링이겨에키스마크치얼쓰 (armpitmm)> 레보샤가 레인보우샤베ㅡ구나 나 그거 좋아하는데
[2021-12-10 21:59:38] <%+쥬쥬가슴이크던말던 (jasag3)> 쥬쥬는 아가야! BabyRage 쥬쥬는 아가야! BabyRage 쥬쥬는 아가야! BabyRage
[2021-12-10 21:59:40] <%+쥬쥬가슴이크던말던 (jasag3)> 쥬쥬는 아가야! BabyRage 쥬쥬는 아가야! BabyRage 쥬쥬는 아가야! BabyRage 쥬쥬는 아가야! BabyRage
[2021-12-10 21:59:44] <%+쥬쥬가슴이크던말던 (jasag3)> ?
[2021-12-10 21:59:44] <@^빵_떡 (bbangddeock)> bbangd1Un
[2021-12-10 21:59:48] <@^빵_떡 (bbangddeock)> 어서오세요 아직 팔로우 안하셨다면 팔로우 부탁해요 °˖✧◝(⁰▿⁰)◜✧˖°
[2021-12-10 21:59:50] <허둥지둥이도리_ (absol0724)> ㅋㅋㅋㅋㅋㅋㅋㅋㅋㅋ
[2021-12-10 21:59:52] <%하링이겨에키스마크치얼쓰 (armpitmm)> 민쵸보다 욕먹네 ㅋㅋㅋㅋㅋㅋㅋㅋㅋ
[2021-12-10 21:59:53] <누구보다단단하게 (musclema)> 아가 ㅋㅋㅋㅋㅋㅋㅋㅋㅋㅋㅋㅋㅋㅋㅋㅋㅋㅋㅋㅋㅋㅋㅋ
[2021-12-10 21:59:55] <허둥지둥이도리_ (absol0724)> 신생아네
[2021-12-10 22:00:10] <잘먹고잘죽자 (mompark815)> 맛있으면 맛있는거지 뭐.
[2021-12-10 22:00:11] <허둥지둥이도리_ (absol0724)> 민초? 오히려좋아
[2021-12-10 22:00:13] <공효진너무좋와 (akxh84)> 레보샤 인생에서 딱한번 먹고 별로였는데 다시 먹어볼까
[2021-12-10 22:00:16] <%+쥬쥬가슴이크던말던 (jasag3)> 솔직히 민초는 먹어도 .,,레보샤는 아니지
[2021-12-10 22:00:28] <허둥지둥이도리_ (absol0724)> ㅔ 민초인데요?
[2021-12-10 22:00:29] <%+쥬쥬가슴이크던말던 (jasag3)> 너무 심
[2021-12-10 22:00:29] <허둥지둥이도리_ (absol0724)> 왜요
[2021-12-10 22:00:32] <공효진너무좋와 (akxh84)> 민초 피스타치오 개꿀맛
[2021-12-10 22:00:43] <%+쥬쥬가슴이크던말던 (jasag3)> 피스타치오는 ㅇㅈ
[2021-12-10 22:00:47] <%+쥬쥬가슴이크던말던 (jasag3)> ㄹㅇㅋㅋ
[2021-12-10 22:00:48] ~목이 안좋아서 잔잔하게 하는 나 (Just Chatting)~
[2021-12-10 22:00:48] <허둥지둥이도리_ (absol0724)> ㅋㅋㅋㅋㅋㅋㅋㅋㅋㅋㅋㅋㅋㅋㅋㅋㅋㅋㅋㅋㅋㅋㅋㅋㅋㅋㅋㅋㅋㅋㅋㅋㅋ
[2021-12-10 22:00:51] <%하링이겨에키스마크치얼쓰 (armpitmm)> ㅋㅋㅋㅋㅋㅋㅋㅋㅋ
[2021-12-10 22:00:58] <공효진너무좋와 (akxh84)> 안나올껄
[2021-12-10 22:01:00] <%하링이겨에키스마크치얼쓰 (armpitmm)> 조심해
[2021-12-10 22:01:05] <누구보다단단하게 (musclema)> 술마시고 레보샤 먹는거는 못봄 눈치챙겨
[2021-12-10 22:01:07] <%하링이겨에키스마크치얼쓰 (armpitmm)> 민초가 주접 떠니까 그렇게 됫잖아
[2021-12-10 22:01:23] <%하링이겨에키스마크치얼쓰 (armpitmm)> 적당히 민초가 꼴받게 하는거 묻어 갓어야 햇는데
[2021-12-10 22:01:31] <%캉난나코에서나온밀면 (millmyeon)> 민초만 아니었으면 숙청대상1위가 레보샤였음
[2021-12-10 22:01:33] <공효진너무좋와 (akxh84)> 술마시고는 혹시 모르겠다 셔벗 땡길거같아
[2021-12-10 22:01:41] <누구보다단단하게 (musclema)> 술마시고 왜 술을깨? 눈치챙겨
[2021-12-10 22:01:49] <%하링이겨에키스마크치얼쓰 (armpitmm)> 레보샤 달달하고 시큼하니 맛잇는데
[2021-12-10 22:02:12] <%캉난나코에서나온밀면 (millmyeon)> ㅇㅈ 또 ㅇㅈ
[2021-12-10 22:02:14] <공효진너무좋와 (akxh84)> 아님 체리쥬빌레가 얼마나 맛있는데
[2021-12-10 22:02:24] <%하링이겨에키스마크치얼쓰 (armpitmm)> 나이들면 시큼한게 힘들데
[2021-12-10 22:02:32] <%캉난나코에서나온밀면 (millmyeon)> 누가 아이스크림에 식초를 뿌려먹나? 어 레보샤?
[2021-12-10 22:02:36] <높을준 (shaef92)> 레인보우 샤베트 어릴떄 먹는 해열제 같아요
[2021-12-10 22:02:38] <%하링이겨에키스마크치얼쓰 (armpitmm)> ㅋㅋㅋㅋㅋㅋ
[2021-12-10 22:02:41] <높을준 (shaef92)> 부르팬
[2021-12-10 22:02:50] <공효진너무좋와 (akxh84)> 레보샤 더블비안코 아래있는 셔벗이랑 뭐가 다름?
[2021-12-10 22:03:05] <%하링이겨에키스마크치얼쓰 (armpitmm)> 무슨 파까지 나눠
[2021-12-10 22:03:12] <공효진너무좋와 (akxh84)> 그런가?
[2021-12-10 22:03:18] <%하링이겨에키스마크치얼쓰 (armpitmm)> 더블비안코 샤벡이 본체 잖아 ㅋㅋㄹㅃㅃ
[2021-12-10 22:03:20] <공효진너무좋와 (akxh84)> 적게 먹어서 맛있는거같은데
[2021-12-10 22:03:38] <%하링이겨에키스마크치얼쓰 (armpitmm)> 그럴지도
[2021-12-10 22:03:43] <%캉난나코에서나온밀면 (millmyeon)> 위치 바뀌면 전 더블비안코 안먹을겁니다
[2021-12-10 22:03:58] <%캉난나코에서나온밀면 (millmyeon)> 어우 시그르브라
[2021-12-10 22:04:00] <%하링이겨에키스마크치얼쓰 (armpitmm)> 레보샤가 이렇게 미움받앗어??
[2021-12-10 22:04:13] <%하링이겨에키스마크치얼쓰 (armpitmm)> 으
[2021-12-10 22:04:16] <%하링이겨에키스마크치얼쓰 (armpitmm)> 야발
[2021-12-10 22:04:20] <%하링이겨에키스마크치얼쓰 (armpitmm)> 으
[2021-12-10 22:04:24] <공효진너무좋와 (akxh84)> 술먹고 셔벗먹는것처럼 민초 먹으면 맛있음
[2021-12-10 22:04:26] <누구보다단단하게 (musclema)> 민초? 술마시고 텐션 챙기라고
[2021-12-10 22:04:27] <허둥지둥이도리_ (absol0724)> 자 5:0이네요
[2021-12-10 22:04:32] <높을준 (shaef92)> 치약도 퍼먹으시나
[2021-12-10 22:04:42] <%하링이겨에키스마크치얼쓰 (armpitmm)> 맛잇는게 그렇게 많은데 왜 민초가 최애야 야발
[2021-12-10 22:04:47] <허둥지둥이도리_ (absol0724)> ㅋㅋㅋㅋㅋㅋㅋㅋㅋㅋㅋㅋㅋㅋㅋㅋㅋㅋㅋㅋㅋㅋㅋㅋ
[2021-12-10 22:04:48] <허둥지둥이도리_ (absol0724)> 쥬금
[2021-12-10 22:04:51] <%캉난나코에서나온밀면 (millmyeon)> ㄹㅇㅋㅋ
[2021-12-10 22:04:52] <%하링이겨에키스마크치얼쓰 (armpitmm)> 세대간 양극화 ㅋㅋㅋㅋㅋㅋㅋㅋㅋㅋㅋㅋㅋㅋㅋㅋㅋㅋㅋㅋㅋㅋㅋㅋㅋㅋ
[2021-12-10 22:05:00] <누구보다단단하게 (musclema)> 레보샤는 완전 잼민이 졸업식에 먹지
[2021-12-10 22:05:06] <%하링이겨에키스마크치얼쓰 (armpitmm)> 그게 뭔 진리야
[2021-12-10 22:05:06] <공효진너무좋와 (akxh84)> 요기요 레보샤 있나 확인해봐야겠다
[2021-12-10 22:05:11] <%+쥬쥬가슴이크던말던 (jasag3)> ㅋㅋㅋㅋㅋㅋㅋㅋㅋㅋㅋㅋㅋㅋㅋㅋㅋㅋ
[2021-12-10 22:05:14] <%캉난나코에서나온밀면 (millmyeon)> 쥬쥬방은 세대갈등,남녀갈등...다음엔 무슨갈등이냐
[2021-12-10 22:05:17] <%$크라베이더 (kim6755)> 간만에 집에왔당.
[2021-12-10 22:05:30] <공효진너무좋와 (akxh84)> ㅇㅇ 맞아 이뻐서 먹는거임
[2021-12-10 22:05:33] <공효진너무좋와 (akxh84)> 어릴때
[2021-12-10 22:05:33] <숙희말고석희 (qkfka8)> 초콜릿 무스 미만 잡
[2021-12-10 22:05:42] <누구보다단단하게 (musclema)> 소주에도 레보샤 녹여먹을듯
[2021-12-10 22:05:42] <%$크라베이더 (kim6755)> ㅇ.ㅇ
[2021-12-10 22:05:44] <공효진너무좋와 (akxh84)> 이번에 베라 고디바 나왔는데 맛있더라
[2021-12-10 22:05:45] <%$크라베이더 (kim6755)> 폐지줍다옴
[2021-12-10 22:05:48] <%박환작가_ (wnwkraus0)> 28년째 민트초코먹습니다
[2021-12-10 22:06:04] <%$크라베이더 (kim6755)> 담주에는 못올듯..
[2021-12-10 22:06:07] <%캉난나코에서나온밀면 (millmyeon)> 그럼...내놔야겠지?
[2021-12-10 22:06:08] <%$크라베이더 (kim6755)> 바빠서
[2021-12-10 22:06:18] <%$크라베이더 (kim6755)> 야간근무라
[2021-12-10 22:06:29] <%$크라베이더 (kim6755)> 월급 멀었어..
[2021-12-10 22:06:30] <%캉난나코에서나온밀면 (millmyeon)> 폐지는 현금박치기인데 바로 내놔야겠지?
[2021-12-10 22:06:31] <누구보다단단하게 (musclema)> 폐지주워서 데이트 간다는데
[2021-12-10 22:06:38] <높을준 (shaef92)> 아몬드봉봉
[2021-12-10 22:07:05] <%$크라베이더 (kim6755)> 교대는 아니고 걍 6시에인나서 밤 10시30분까지 일함.
[2021-12-10 22:07:07] <누구보다단단하게 (musclema)> 킹정
[2021-12-10 22:07:09] <공효진너무좋와 (akxh84)> 엄마는 외계인 나도 별로
[2021-12-10 22:07:20] <누구보다단단하게 (musclema)> 엄마 싫어함?
[2021-12-10 22:07:25] <허둥지둥이도리_ (absol0724)> ㅋㅋㅋㅋㅋㅋㅋㅋㅋㅋㅋㅋㅋ
[2021-12-10 22:07:40] <허둥지둥이도리_ (absol0724)> 6시에 인난다햇지
[2021-12-10 22:07:41] <%$크라베이더 (kim6755)> 중간 쉬는타임 1시간30분씩 2번.
[2021-12-10 22:07:46] <%$크라베이더 (kim6755)> 점심 저녁
[2021-12-10 22:07:46] <허둥지둥이도리_ (absol0724)> 6시부터 일한다고는 안하지 안흥ㅁ?
[2021-12-10 22:07:53] <누구보다단단하게 (musclema)> 엄마 싫어하네
[2021-12-10 22:07:57] <%캉난나코에서나온밀면 (millmyeon)> 어쩐지 방송엔 빛버지만 나오시더니,,,어머니와 원만한 합의 부탁드립니다
[2021-12-10 22:08:03] <%$크라베이더 (kim6755)> 실제 근로시간은 8시부터긴해.
[2021-12-10 22:08:05] <누구보다단단하게 (musclema)> 동생일수도 있어
[2021-12-10 22:08:07] <허둥지둥이도리_ (absol0724)> ㅔ...?
[2021-12-10 22:08:24] <%$크라베이더 (kim6755)> 휴게실없어서 잘곳이없엉.
[2021-12-10 22:08:32] <%$크라베이더 (kim6755)> 맨바닥에 가방베고 잠.
[2021-12-10 22:08:41] <%$크라베이더 (kim6755)> ㄴ.ㄴ 막 자면 퇴출당함
[2021-12-10 22:08:49] <누구보다단단하게 (musclema)> 그래두 세후 400은 받겠지?
[2021-12-10 22:08:54] <%캉난나코에서나온밀면 (millmyeon)> 쥬쥬님도 출근하고 막 주무시던데...
[2021-12-10 22:08:55] <%하링이겨에키스마크치얼쓰 (armpitmm)> 워렌 버핏이 일하지 않고도 돈이 들어보게 만들지 않으면 가난하게 산다니까
[2021-12-10 22:08:56] <%$크라베이더 (kim6755)> 음... 야간많으면
[2021-12-10 22:08:56] <%캉난나코에서나온밀면 (millmyeon)> 발가락 접어서?
[2021-12-10 22:09:03] <%$크라베이더 (kim6755)> 600넘을걸.
[2021-12-10 22:09:06] <%하링이겨에키스마크치얼쓰 (armpitmm)> 일하면서도 쉴 방법을 찾네요
[2021-12-10 22:09:07] <허둥지둥이도리_ (absol0724)> ??
[2021-12-10 22:09:08] <공효진너무좋와 (akxh84)> 600 ;
[2021-12-10 22:09:08] <허둥지둥이도리_ (absol0724)> 600
[2021-12-10 22:09:11] <공효진너무좋와 (akxh84)> 할만하다
[2021-12-10 22:09:15] <누구보다단단하게 (musclema)> 쥬쥬? 제가 본 여자중에 잠이 제일 많았다
[2021-12-10 22:09:19] <%캉난나코에서나온밀면 (millmyeon)> 쥬만봐라 잘 모르겠어요
[2021-12-10 22:09:36] <%$크라베이더 (kim6755)> 야간이 많을때의조건.
[2021-12-10 22:09:48] <%캉난나코에서나온밀면 (millmyeon)> ㅋㅋㅋㅋㅋㅋㅋㅋㅋㅋㅋ
[2021-12-10 22:09:51] <누구보다단단하게 (musclema)> 아 ㅋㅋㅋ
[2021-12-10 22:09:53] <공효진너무좋와 (akxh84)> 저번주에 뭐였길래? ㅋ
[2021-12-10 22:09:58] <%캉난나코에서나온밀면 (millmyeon)> 화들짝
[2021-12-10 22:10:01] <누구보다단단하게 (musclema)> 쥬쥬 눈 높구나?
[2021-12-10 22:10:02] <공효진너무좋와 (akxh84)> 콘스탄틴 재미있는데
[2021-12-10 22:10:18] <%$크라베이더 (kim6755)> 예전에는 680까지 가능했는데 그거벌고 1달 누워있음 담와서.
[2021-12-10 22:10:48] <%$크라베이더 (kim6755)> 음? 6개월짜리라
[2021-12-10 22:10:52] <%$크라베이더 (kim6755)> 괜춘.
[2021-12-10 22:11:14] <%$크라베이더 (kim6755)> 그다음부터는 거의 주간근무로 전환될듯?
[2021-12-10 22:11:15] <공효진너무좋와 (akxh84)> 봤던거였구나
[2021-12-10 22:11:24] <누구보다단단하게 (musclema)> 아 트수들 얼굴보다 콘스탄팅에서 얼굴 보면 정신이 번쩍
[2021-12-10 22:11:33] <공효진너무좋와 (akxh84)> 파이트 클럽은 안본거죠?
[2021-12-10 22:11:47] <공효진너무좋와 (akxh84)> 기대하셔도 좋습니다
[2021-12-10 22:11:55] <공효진너무좋와 (akxh84)> 너무 기대해도 실망이 안클거임
[2021-12-10 22:12:31] <누구보다단단하게 (musclema)> 결혼?
[2021-12-10 22:12:37] <공효진너무좋와 (akxh84)> ㅋㅋㅋㅋㅋㅋㅋ
[2021-12-10 22:12:39] <%+쥬쥬가슴이크던말던 (jasag3)> ?
[2021-12-10 22:12:40] <@^빵_떡 (bbangddeock)> bbangd1Un
[2021-12-10 22:12:43] <%+쥬쥬가슴이크던말던 (jasag3)> 물려요?
[2021-12-10 22:12:43] <%캉난나코에서나온밀면 (millmyeon)> 물려? 흐음 그 발언...
[2021-12-10 22:12:43] <공효진너무좋와 (akxh84)> 저주를 하셈 ㅋ
[2021-12-10 22:12:46] <%+쥬쥬가슴이크던말던 (jasag3)> ???????
[2021-12-10 22:12:54] <공효진너무좋와 (akxh84)> 질투남? ㅋ
[2021-12-10 22:12:55] <누구보다단단하게 (musclema)> 쥬쥬 경험당임?
[2021-12-10 22:13:03] <허둥지둥이도리_ (absol0724)> 혹시 파이트클럽 브래드피트 나오는 그거임?
[2021-12-10 22:13:12] <공효진너무좋와 (akxh84)> ㅇㅇ  애드워드 노튼이랑
[2021-12-10 22:13:16] <허둥지둥이도리_ (absol0724)> 아 그럼 패스
[2021-12-10 22:13:17] <허둥지둥이도리_ (absol0724)> ㅋㅋㅋㅋㅋㅋㅋㅋㅋㅋ
[2021-12-10 22:13:24] <누구보다단단하게 (musclema)> 키아누형 64년생이네
[2021-12-10 22:13:27] <공효진너무좋와 (akxh84)> 나도 노튼 한땐 빠졌음
[2021-12-10 22:13:31] <허둥지둥이도리_ (absol0724)> 노잼이여서..?
[2021-12-10 22:13:45] <허둥지둥이도리_ (absol0724)> 취향차이입니다
[2021-12-10 22:13:47] <허둥지둥이도리_ (absol0724)> 존중해주세요
[2021-12-10 22:14:05] <누구보다단단하게 (musclema)> 피트 vs 키아누
[2021-12-10 22:14:07] <공효진너무좋와 (akxh84)> ㅋㅋㅋㅋㅋㅋ
[2021-12-10 22:14:09] <%캉난나코에서나온밀면 (millmyeon)> 빵형 못참긴 해
[2021-12-10 22:14:15] <허둥지둥이도리_ (absol0724)> 키아누가 더 좋음
[2021-12-10 22:14:18] <공효진너무좋와 (akxh84)> 키아누 젊을때 못봤구나
[2021-12-10 22:14:40] <공효진너무좋와 (akxh84)> 데이비드 핀처 감독은 버릴게 없음
[2021-12-10 22:14:55] Viewerstats (21:43-22:14): avg:41 min:37 max:47 [17/39-2+0+3+0+3+0+4+0-3+0-1-1+0+0-5+0]
[2021-12-10 22:15:06] <누구보다단단하게 (musclema)> 키아누 리브스 리즈???
[2021-12-10 22:15:07] <%+쥬쥬가슴이크던말던 (jasag3)> 스피드 때 진짜 개존잘임
[2021-12-10 22:15:08] <공효진너무좋와 (akxh84)> ㅋㅋㅋㅋㅋㅋㅋㅋㅋㅋㅋㅋ
[2021-12-10 22:15:09] <%+쥬쥬가슴이크던말던 (jasag3)> 와
[2021-12-10 22:15:10] <공효진너무좋와 (akxh84)> 표정봐 ㅋㅋㅋㅋㅋ
[2021-12-10 22:15:11] <%캉난나코에서나온밀면 (millmyeon)> 캬
[2021-12-10 22:15:12] <공효진너무좋와 (akxh84)> 지리지?
[2021-12-10 22:15:13] <%캉난나코에서나온밀면 (millmyeon)> 뱀파이어성님
[2021-12-10 22:15:15] <누구보다단단하게 (musclema)> 존잘
[2021-12-10 22:15:16] <공효진너무좋와 (akxh84)> 이거 키아누형임
[2021-12-10 22:15:24] <공효진너무좋와 (akxh84)> 메트릭스때는 살짝 노화시작됐을때임
[2021-12-10 22:15:25] <%+쥬쥬가슴이크던말던 (jasag3)> 와 ㅋㅋㅋㅋㅋㅋㅋㅋㅋㅋㅋ
[2021-12-10 22:15:31] <공효진너무좋와 (akxh84)> 조블랙의 사랑 쩔었어
[2021-12-10 22:15:32] <공효진너무좋와 (akxh84)> 브래드
[2021-12-10 22:15:53] <%+쥬쥬가슴이크던말던 (jasag3)> 마션 재밌긴했음
[2021-12-10 22:15:57] <%캉난나코에서나온밀면 (millmyeon)> 컨택트 못참지
[2021-12-10 22:15:57] <허둥지둥이도리_ (absol0724)> 마션한 60번봣음
[2021-12-10 22:16:01] <공효진너무좋와 (akxh84)> 스피드 요즘 다시봐도 재미있을껄요 키아누리브스
[2021-12-10 22:16:05] <누구보다단단하게 (musclema)> 키아누형 이번에 매트릭스 얼굴 장난 아니던데
[2021-12-10 22:16:10] <%캉난나코에서나온밀면 (millmyeon)> 컨택트를...욕해? ㅠ,ㅠ
[2021-12-10 22:16:21] <%+쥬쥬가슴이크던말던 (jasag3)> ㅋㅋㅋㅋㅋㅋㅋㅋㅋㅋㅋㅋㅋㅋㅋㅋㅋㅋㅋㅋㅋㅋㅋㅋㅋㅋㅋ
[2021-12-10 22:16:23] <공효진너무좋와 (akxh84)> 컨택트 재미있었는데 전개가 느린걸 별로 안좋아하는구나 드뇌빌뢰브작품들
[2021-12-10 22:16:30] <허둥지둥이도리_ (absol0724)> 영영봐..
[2021-12-10 22:16:40] <%캉난나코에서나온밀면 (millmyeon)> 아 그 컨택트 말고 콘택트 조디포스터 나왔던거요
[2021-12-10 22:16:47] <허둥지둥이도리_ (absol0724)> ㅇㅇ
[2021-12-10 22:16:48] <+ZacEmperor> yoshim26Hi yoshim26Hype
[2021-12-10 22:16:50] <공효진너무좋와 (akxh84)> ㅇㅇ 에밀리브런트
[2021-12-10 22:16:53] <허둥지둥이도리_ (absol0724)> 컨택트는 우주영화라기보단
[2021-12-10 22:16:56] <허둥지둥이도리_ (absol0724)> sf 영화에 가깝지
[2021-12-10 22:17:04] <공효진너무좋와 (akxh84)> 조디포스터아닌데
[2021-12-10 22:17:06] <공효진너무좋와 (akxh84)> 옛날껀데
[2021-12-10 22:17:10] <공효진너무좋와 (akxh84)> 그 콘택트는
[2021-12-10 22:17:20] <%캉난나코에서나온밀면 (millmyeon)> ㅖ 전 그거였음니다
[2021-12-10 22:17:41] <허둥지둥이도리_ (absol0724)> dk
[2021-12-10 22:17:44] <공효진너무좋와 (akxh84)> 영행가서 깨우는거
[2021-12-10 22:17:45] <허둥지둥이도리_ (absol0724)> 아 뭔지알아
[2021-12-10 22:17:46] <%캉난나코에서나온밀면 (millmyeon)> 패신저스
[2021-12-10 22:17:49] <허둥지둥이도리_ (absol0724)> 패신저스
[2021-12-10 22:17:49] <공효진너무좋와 (akxh84)> 그거 재미있음
[2021-12-10 22:17:51] <공효진너무좋와 (akxh84)> 패신져스 맞음
[2021-12-10 22:17:55] <허둥지둥이도리_ (absol0724)> ㅇㅇ 것도 재밋지
[2021-12-10 22:17:59] <%세오라떼 (beaumont0202)> 패신져스 개꿀잼
[2021-12-10 22:18:03] <공효진너무좋와 (akxh84)> 여주가 연기를 너무 잘해
[2021-12-10 22:18:09] <허둥지둥이도리_ (absol0724)> 전 실화기반한 영화는
[2021-12-10 22:18:11] <허둥지둥이도리_ (absol0724)> 일단 다좋아함
[2021-12-10 22:18:17] <%하링이겨에키스마크치얼쓰 (armpitmm)> 우주 유투브는 좋아하는데
[2021-12-10 22:18:24] <%이구남 (93_man)> 그놈 목소리
[2021-12-10 22:18:31] <%캉난나코에서나온밀면 (millmyeon)> 실화기반? 맨인블랙 못참을지도?
[2021-12-10 22:18:36] <허둥지둥이도리_ (absol0724)> 허드슨강 기적
[2021-12-10 22:18:39] <허둥지둥이도리_ (absol0724)> 갠적으로 개재밋게봄
[2021-12-10 22:18:57] <허둥지둥이도리_ (absol0724)> ㅋㅋㅋ
[2021-12-10 22:19:03] <허둥지둥이도리_ (absol0724)> ㅇㅇ
[2021-12-10 22:19:09] <허둥지둥이도리_ (absol0724)> 조종사가 비행기 추락할뻔한거
[2021-12-10 22:19:10] <%하링이겨에키스마크치얼쓰 (armpitmm)> 니가 없는 거리에는/ 내가 할일이 없어서
[2021-12-10 22:19:14] <허둥지둥이도리_ (absol0724)> 강에 착륙해서 사람들 다살린가
[2021-12-10 22:19:16] <%하링이겨에키스마크치얼쓰 (armpitmm)> 맨인블랙
[2021-12-10 22:19:18] <%하링이겨에키스마크치얼쓰 (armpitmm)> 들으니생각
[2021-12-10 22:19:23] <%캉난나코에서나온밀면 (millmyeon)> 톰행크스형님 다 실화영화에 나오시네ㅋㅋㅋㅋ
[2021-12-10 22:19:34] <공효진너무좋와 (akxh84)> 덴젤워싱턴 버전도 괜찮음
[2021-12-10 22:19:38] <%캉난나코에서나온밀면 (millmyeon)> ㅇㅈ합니다
[2021-12-10 22:19:39] <허둥지둥이도리_ (absol0724)> 잔잔한 띵작 개많지
[2021-12-10 22:19:42] <공효진너무좋와 (akxh84)> ㅇㅇ 톰행크스 선구연 상타치
[2021-12-10 22:19:48] <허둥지둥이도리_ (absol0724)> 아
[2021-12-10 22:19:48] <@^빵_떡 (bbangddeock)> 방장은 관심이 고파요. 빨리 말걸어주세요.
[2021-12-10 22:19:50] <허둥지둥이도리_ (absol0724)> 에포원 지리지
[2021-12-10 22:19:54] <허둥지둥이도리_ (absol0724)> 것도 재밋음 ㅋㅋ
[2021-12-10 22:20:00] <공효진너무좋와 (akxh84)> 옛날에봐서 재미있었을거임 에어포스원은
[2021-12-10 22:20:02] <허둥지둥이도리_ (absol0724)> 스네이크는
[2021-12-10 22:20:07] <허둥지둥이도리_ (absol0724)> cg가 덕칠이긴한데
[2021-12-10 22:20:10] <허둥지둥이도리_ (absol0724)> 스토리가 잼남
[2021-12-10 22:20:19] <공효진너무좋와 (akxh84)> 대통령이 특수부대원이자너
[2021-12-10 22:20:36] <%민트초코좋아요 (dudwns2446)> 센과 치히로의 행방불명 나온지 거이 20년이네[
[2021-12-10 22:20:37] <허둥지둥이도리_ (absol0724)> 아 새록새록하네
[2021-12-10 22:20:38] <허둥지둥이도리_ (absol0724)> 얼리쩍 본거
[2021-12-10 22:20:42] <허둥지둥이도리_ (absol0724)> 어릴쩍에 보던거
[2021-12-10 22:20:53] <공효진너무좋와 (akxh84)> 지브리 특
[2021-12-10 22:21:00] <%캉난나코에서나온밀면 (millmyeon)> 그게 영화지!!!
[2021-12-10 22:21:01] <공효진너무좋와 (akxh84)> 그거 좋던데 오래가서
[2021-12-10 22:21:09] <%민트초코좋아요 (dudwns2446)> 붉은돼지 도 지브리인가
[2021-12-10 22:21:11] <%하링이겨에키스마크치얼쓰 (armpitmm)> 좀전에 대충 들려온거에 꼿혀서 뭐하나 찾아서 올림
[2021-12-10 22:21:15] <%하링이겨에키스마크치얼쓰 (armpitmm)> ㅇㅇ
[2021-12-10 22:21:18] <공효진너무좋와 (akxh84)> ㅇㅇ 붉은돼지도 지르리
[2021-12-10 22:21:18] <%하링이겨에키스마크치얼쓰 (armpitmm)> 붉은돼지
[2021-12-10 22:21:25] <공효진너무좋와 (akxh84)> 붉은돼지 보면 술마시게 돼
[2021-12-10 22:21:27] <허둥지둥이도리_ (absol0724)> 신기한건 센과치히로 내용 겁나 많은데
[2021-12-10 22:21:27] <%하링이겨에키스마크치얼쓰 (armpitmm)> 붉은.......
[2021-12-10 22:21:33] <허둥지둥이도리_ (absol0724)> 러닝타임  126분밖에 안된다는거
[2021-12-10 22:21:45] <%캉난나코에서나온밀면 (millmyeon)> ㅋㅋㅋㅋㅋㅋㅋ
[2021-12-10 22:21:58] <공효진너무좋와 (akxh84)> 탕비실에서 자면 돈이 들어오나?
[2021-12-10 22:22:00] <허둥지둥이도리_ (absol0724)> 자네 사유서 써오게나
[2021-12-10 22:22:01] <TPRTM892> 오 좋은 방법이다
[2021-12-10 22:22:06] <%캉난나코에서나온밀면 (millmyeon)> 헉!
[2021-12-10 22:22:08] <%하링이겨에키스마크치얼쓰 (armpitmm)> ㅋㅋㅋ
[2021-12-10 22:22:12] <%하링이겨에키스마크치얼쓰 (armpitmm)> 쥬쥬는 찾앗네 ㅋㅋㅋㅋㅋㅋㅋㅋ
[2021-12-10 22:22:12] <%+쥬쥬가슴이크던말던 (jasag3)> 자면서 돈들어오는법 실천합시다!
[2021-12-10 22:22:15] <허둥지둥이도리_ (absol0724)> 나 예전에
[2021-12-10 22:22:16] <공효진너무좋와 (akxh84)> 아항
[2021-12-10 22:22:20] <허둥지둥이도리_ (absol0724)> 건설회사 다닐때
[2021-12-10 22:22:23] <허둥지둥이도리_ (absol0724)> 루팡할라고
[2021-12-10 22:22:28] <허둥지둥이도리_ (absol0724)> 현장에 있는 구루마 뒤집어서
[2021-12-10 22:22:33] <%캉난나코에서나온밀면 (millmyeon)> 자자 일단 이부자리 깔고 영화틉시다
[2021-12-10 22:22:33] <허둥지둥이도리_ (absol0724)> 그 속에서 잔적잇음
[2021-12-10 22:22:34] <허둥지둥이도리_ (absol0724)> ㅋㅋㅋㅋㅋㅋㅋㅋㅋㅋㅋ
[2021-12-10 22:22:44] <누구보다단단하게 (musclema)> 월루는 해야지
[2021-12-10 22:22:48] <허둥지둥이도리_ (absol0724)> 꽤 아늑햇지
[2021-12-10 22:22:51] <공효진너무좋와 (akxh84)> 간이 텐트네
[2021-12-10 22:22:51] <허둥지둥이도리_ (absol0724)> 아무도 못찾아 날
[2021-12-10 22:22:52] <허둥지둥이도리_ (absol0724)> ㅋㅋㅋㅋㅋㅋㅋㅋ
[2021-12-10 22:22:55] <%하링이겨에키스마크치얼쓰 (armpitmm)> 논은 벌고싶은데 일은 하기 싫으니 월급 루팡하는거죠
[2021-12-10 22:23:06] <공효진너무좋와 (akxh84)> 할때 하고 퇴근시켜줘야하는데
[2021-12-10 22:23:14] <공효진너무좋와 (akxh84)> 퇴근을 안시켜주니까
[2021-12-10 22:23:17] <%하링이겨에키스마크치얼쓰 (armpitmm)> 너무 많이 시키기도 하고
[2021-12-10 22:23:23] <TPRTM892> 월루하고싶어
[2021-12-10 22:23:23] <허둥지둥이도리_ (absol0724)> 방장 브래드피트 팬이면
[2021-12-10 22:23:24] <%하링이겨에키스마크치얼쓰 (armpitmm)> 진짜 루팡짓거리 하는것도하고
[2021-12-10 22:23:28] <허둥지둥이도리_ (absol0724)> 쎄븐 본적잇음?
[2021-12-10 22:23:36] <누구보다단단하게 (musclema)> 그냥 놀고싶은건데?
[2021-12-10 22:23:39] <%캉난나코에서나온밀면 (millmyeon)> 7 못참지
[2021-12-10 22:23:41] <%하링이겨에키스마크치얼쓰 (armpitmm)> 세분 3분?
[2021-12-10 22:23:46] <공효진너무좋와 (akxh84)> 세븐때 브래드피트 미쳤지
[2021-12-10 22:23:51] <허둥지둥이도리_ (absol0724)> 오..
[2021-12-10 22:23:54] <허둥지둥이도리_ (absol0724)> 닉값하나?
[2021-12-10 22:23:55] <%+쥬쥬가슴이크던말던 (jasag3)> ?
[2021-12-10 22:23:55] <허둥지둥이도리_ (absol0724)> ㅋㅋㅋㅋㅋㅋㅋ
[2021-12-10 22:23:56] <@^빵_떡 (bbangddeock)> bbangd1Un
[2021-12-10 22:23:56] <%캉난나코에서나온밀면 (millmyeon)> 헉
[2021-12-10 22:24:01] <누구보다단단하게 (musclema)> 뭐 기대하냐?
[2021-12-10 22:24:09] <%캉난나코에서나온밀면 (millmyeon)> 아르기닌 좀 먹는 트수인가봐
[2021-12-10 22:24:14] <누구보다단단하게 (musclema)> 말파 원챔이야
[2021-12-10 22:24:21] <허둥지둥이도리_ (absol0724)> 어라? 나돈데
[2021-12-10 22:24:23] <허둥지둥이도리_ (absol0724)> ㅋㅋㅋㅋㅋㅋㅋㅋ
[2021-12-10 22:24:27] <%+쥬쥬가슴이크던말던 (jasag3)> 말파가 원챔이 된 이유가 있나요?
[2021-12-10 22:24:28] <허둥지둥이도리_ (absol0724)> 박는챔이지
[2021-12-10 22:24:30] <TPRTM892> 난 올챙이
[2021-12-10 22:24:35] <누구보다단단하게 (musclema)> 단단하니깐?
[2021-12-10 22:24:42] <%+쥬쥬가슴이크던말던 (jasag3)> 어디가 단단하다는 읍읍
[2021-12-10 22:24:48] <허둥지둥이도리_ (absol0724)> 오.. 닉값컨셉 오진다
[2021-12-10 22:24:49] <허둥지둥이도리_ (absol0724)> ㅋㅋㅋㅋㅋㅋㅋㅋㅋㅋㅋㅋㅋ
[2021-12-10 22:24:59] <공효진너무좋와 (akxh84)> 너무 징그러워서?
[2021-12-10 22:25:07] <TPRTM892> 무슨영화본다공 공포?
[2021-12-10 22:25:10] <허둥지둥이도리_ (absol0724)> 그 영화 이름모엿지
[2021-12-10 22:25:11] <허둥지둥이도리_ (absol0724)> 데빌이엿나
[2021-12-10 22:25:14] <%난나스물한번째알몸메이드 (sdhyun21_)> 취향 확실한 쥬쥬
[2021-12-10 22:25:15] <허둥지둥이도리_ (absol0724)> 엘베에 갖혀서
[2021-12-10 22:25:16] <공효진너무좋와 (akxh84)> 어두운 배경이 안땡기나보네
[2021-12-10 22:25:19] <허둥지둥이도리_ (absol0724)> 사람들 죽어나가는거
[2021-12-10 22:25:20] <%+쥬쥬가슴이크던말던 (jasag3)> 메멘토 암걸리긴함
[2021-12-10 22:25:43] <%오빠거긴하앙 (letranger00)> 파이트클럽 한10년넘은거같은데
[2021-12-10 22:25:43] <허둥지둥이도리_ (absol0724)> 데블이엿나 뭐엿지
[2021-12-10 22:25:48] <공효진너무좋와 (akxh84)> 데블 맞을걸요
[2021-12-10 22:26:02] <%오빠거긴하앙 (letranger00)> 20년이넘엇네
[2021-12-10 22:26:05] <허둥지둥이도리_ (absol0724)> 영화관 알바 3년다니면서
[2021-12-10 22:26:06] <%캉난나코에서나온밀면 (millmyeon)> 헉
[2021-12-10 22:26:08] <허둥지둥이도리_ (absol0724)> 영화 한 300편 보니까
[2021-12-10 22:26:10] <애기좌 (ditmzk4)> 우리 애기 잘 이떠또?
[2021-12-10 22:26:11] <%하링이겨에키스마크치얼쓰 (armpitmm)> 그거 볼만해 검프
[2021-12-10 22:26:12] <%캉난나코에서나온밀면 (millmyeon)> 뽀레스트!!!런!!!!!
[2021-12-10 22:26:14] <허둥지둥이도리_ (absol0724)> 영화볼때 시각이 달라짐
[2021-12-10 22:26:15] <공효진너무좋와 (akxh84)> 포레스트 검프 재미있는데 좀 길긴함
[2021-12-10 22:26:25] <공효진너무좋와 (akxh84)> 벤자민버튼이랑 비슷함
[2021-12-10 22:26:35] <%오빠거긴하앙 (letranger00)> 포레스트검프는 한 50번본듯;
[2021-12-10 22:26:37] <%하링이겨에키스마크치얼쓰 (armpitmm)> 세상 쓰레기 여자라고 유투브에서 재해석도 나옴
[2021-12-10 22:26:39] <TPRTM892> 퍼펙트 겟어웨이 봐야한다니깐
[2021-12-10 22:26:40] <공효진너무좋와 (akxh84)> 울면서?
[2021-12-10 22:26:41] <%하링이겨에키스마크치얼쓰 (armpitmm)> 포레스트 검프
[2021-12-10 22:26:42] <누구보다단단하게 (musclema)> 어린사람 좋아하는구나?
[2021-12-10 22:26:53] <애기좌 (ditmzk4)> 오늘 왜케 섹시해?
[2021-12-10 22:27:17] <%+쥬쥬가슴이크던말던 (jasag3)> 현실텐센으로 하니까 너무 좋다
[2021-12-10 22:27:17] <TPRTM892> 퍼펙트겟어웨이 각
[2021-12-10 22:27:18] <%캉난나코에서나온밀면 (millmyeon)> 트수랑 놀아준다고 힘들었나봐 그동안 ㅠ,ㅠ
[2021-12-10 22:27:20] <%+쥬쥬가슴이크던말던 (jasag3)> 이상한 춤도 안추고
[2021-12-10 22:27:26] <공효진너무좋와 (akxh84)> 이런목소리하니까 코맹맹이 소리 안나고 좋네요 ㅋ
[2021-12-10 22:27:30] <%+쥬쥬가슴이크던말던 (jasag3)> ?
[2021-12-10 22:27:31] <@^빵_떡 (bbangddeock)> bbangd1Un
[2021-12-10 22:27:34] <%+쥬쥬가슴이크던말던 (jasag3)> ㅈㅅ
[2021-12-10 22:27:36] <누구보다단단하게 (musclema)> 춤추지마
[2021-12-10 22:27:36] <%+쥬쥬가슴이크던말던 (jasag3)> ㅈㅅㅈㅅㅈㅅㅈㅅㅈㅅ
[2021-12-10 22:27:38] <공효진너무좋와 (akxh84)> 배우지 마요
[2021-12-10 22:27:38] <%+쥬쥬가슴이크던말던 (jasag3)> 아
[2021-12-10 22:27:39] <%+쥬쥬가슴이크던말던 (jasag3)> 님들 ㅈㅅ
[2021-12-10 22:27:40] <누구보다단단하게 (musclema)> 안봤는데 알꺼같아
[2021-12-10 22:27:42] <공효진너무좋와 (akxh84)> 그런거 배우는거 아님 ㅋ
[2021-12-10 22:27:42] <%하링이겨에키스마크치얼쓰 (armpitmm)> 아이씨
[2021-12-10 22:27:53] <누구보다단단하게 (musclema)> 야 임마
[2021-12-10 22:27:54] <%+쥬쥬가슴이크던말던 (jasag3)> 아
[2021-12-10 22:27:54] <누구보다단단하게 (musclema)> 하지마
[2021-12-10 22:27:57] <애기좌 (ditmzk4)> 약간 카리나 느낌 나는데
[2021-12-10 22:27:58] <%+쥬쥬가슴이크던말던 (jasag3)> 아싸
[2021-12-10 22:27:59] <공효진너무좋와 (akxh84)> 의지가 강하네 ㅋ 하겠다는
[2021-12-10 22:28:10] <누구보다단단하게 (musclema)> 선넘네? 카리나?
[2021-12-10 22:28:12] <공효진너무좋와 (akxh84)> 진짜 카리나 느낌 좀있다
[2021-12-10 22:28:14] <%+쥬쥬가슴이크던말던 (jasag3)> ?
[2021-12-10 22:28:14] <@^빵_떡 (bbangddeock)> bbangd1Un
[2021-12-10 22:28:15] <%하링이겨에키스마크치얼쓰 (armpitmm)> ㅋㅋㅋㅋㅋㅋㅋㅋㅋ
[2021-12-10 22:28:18] <%캉난나코에서나온밀면 (millmyeon)> ㅋㅋㅋㅋㅋㅋㅋㅋㅋ
[2021-12-10 22:28:20] <공효진너무좋와 (akxh84)> 카리나도 뉴트리아 상인가 ㅋ
[2021-12-10 22:28:21] <%하링이겨에키스마크치얼쓰 (armpitmm)> 자쿰 댄스
[2021-12-10 22:28:26] <누구보다단단하게 (musclema)> 배돈이랑 비슷한데?
[2021-12-10 22:28:38] <애기좌 (ditmzk4)> 아재춤 추지마
[2021-12-10 22:28:40] <누구보다단단하게 (musclema)> 배돈? 트위치 헬스 유튜버
[2021-12-10 22:29:05] <공효진너무좋와 (akxh84)> 눈썹 진함
[2021-12-10 22:29:12] <누구보다단단하게 (musclema)> 요즘에 안봐서 모르는데 헬스 중독자임
[2021-12-10 22:29:15] <공효진너무좋와 (akxh84)> 삭발은 했는지 모르겠네
[2021-12-10 22:29:29] <누구보다단단하게 (musclema)> 구글에 배돈치면 나옴
[2021-12-10 22:29:42] <애기좌 (ditmzk4)> 맘마냠냠 잘 해쪄?
[2021-12-10 22:29:48] <@^빵_떡 (bbangddeock)> 어서오세요 아직 팔로우 안하셨다면 팔로우 부탁해요 °˖✧◝(⁰▿⁰)◜✧˖°
[2021-12-10 22:30:14] <애기좌 (ditmzk4)> 잘해떠
[2021-12-10 22:30:17] <공효진너무좋와 (akxh84)> 사랑이야기도 나옴
[2021-12-10 22:30:26] <애기좌 (ditmzk4)> 아구찜 와구와구해떠?
[2021-12-10 22:30:28] <TPRTM892> 아니  퍼펙트 겟어웨이 ㅠㅠ
[2021-12-10 22:30:41] <%빨간_돌새 (red_stonebird)> 포레스트 검프로 톰행크스가 상탔으니까
[2021-12-10 22:30:44] <누구보다단단하게 (musclema)> ㅋㅋㅋㅋㅋㅋㅋㅋㅋㅋㅋㅋㅋㅋㅋㅋㅋㅋㅋㅋㅋㅋㅋ
[2021-12-10 22:30:49] <%캉난나코에서나온밀면 (millmyeon)> ㅋㅋㅋㅋㅋㅋㅋㅋㅋㅋ
[2021-12-10 22:31:00] <누구보다단단하게 (musclema)> 같이봐
[2021-12-10 22:31:04] <누구보다단단하게 (musclema)> 비키니 나온다
[2021-12-10 22:31:07] <%빨간_돌새 (red_stonebird)> 스릴러나 공포영화니까
[2021-12-10 22:31:11] <%빨간_돌새 (red_stonebird)> 밀라비치
[2021-12-10 22:31:15] <공효진너무좋와 (akxh84)> ㅋㅋㅋㅋㅋㅋ
[2021-12-10 22:31:20] <TPRTM892> 저거 ㅇㅈ
[2021-12-10 22:31:29] <TPRTM892> A급임
[2021-12-10 22:31:29] <공효진너무좋와 (akxh84)> 넷플에있음 한번 봐야지
[2021-12-10 22:31:37] <누구보다단단하게 (musclema)> 짐캐리형 탈모 왔던데
[2021-12-10 22:31:43] <%빨간_돌새 (red_stonebird)> 짐캐리가 파퍼야?
[2021-12-10 22:31:50] <TPRTM892> 퍼펙트 겟어웨이 퍼펙트한 영화임
[2021-12-10 22:31:51] <%하링이겨에키스마크치얼쓰 (armpitmm)> 짐캐리도 안티백서
[2021-12-10 22:31:55] <%캉난나코에서나온밀면 (millmyeon)> 가슴 따뜻해지는 영화? 그레이의 50가지 그림자? 아 이건 후끈인가?
[2021-12-10 22:32:00] <%+쥬쥬가슴이크던말던 (jasag3)> 캐리형 마음 찡해지는 영화 많이 찍었지
[2021-12-10 22:32:03] <%빨간_돌새 (red_stonebird)> 그래서 분양하나여?
[2021-12-10 22:32:05] <누구보다단단하게 (musclema)> 50가지 그림자 2가 추천임
[2021-12-10 22:32:13] <%하링이겨에키스마크치얼쓰 (armpitmm)> ?
[2021-12-10 22:32:13] <@^빵_떡 (bbangddeock)> bbangd1Un
[2021-12-10 22:32:20] <누구보다단단하게 (musclema)> 아가씨 동성이잖아
[2021-12-10 22:32:22] <%하링이겨에키스마크치얼쓰 (armpitmm)> 동창회의 목적?
[2021-12-10 22:32:26] <%+쥬쥬가슴이크던말던 (jasag3)> ?
[2021-12-10 22:32:27] <@^빵_떡 (bbangddeock)> bbangd1Un
[2021-12-10 22:32:31] <%빨간_돌새 (red_stonebird)> 후끈한 아가씨 말고 화끈한 아저씨 추천합니다
[2021-12-10 22:32:37] <%+쥬쥬가슴이크던말던 (jasag3)> ㄹㅇㅋㅋ
[2021-12-10 22:32:53] <공효진너무좋와 (akxh84)> ㅇㅇ
[2021-12-10 22:32:55] <공효진너무좋와 (akxh84)> 아저씨 그닥
[2021-12-10 22:32:57] <노잼잉 (nodemand34)> 브레드피트 팬이면서 파이트클럽 안보셧음?ㅋ
[2021-12-10 22:32:58] <TPRTM892> 잘생겨서 유행함
[2021-12-10 22:33:00] <누구보다단단하게 (musclema)> 원빈이?
[2021-12-10 22:33:00] <%캉난나코에서나온밀면 (millmyeon)> 원빈 원툴
[2021-12-10 22:33:03] <%하링이겨에키스마크치얼쓰 (armpitmm)> 원빈 거품
[2021-12-10 22:33:08] <누구보다단단하게 (musclema)> 원빈 실물 안 봤구나?
[2021-12-10 22:33:11] <%+쥬쥬가슴이크던말던 (jasag3)> ㅋㅋㅋㅋㅋㅋㅋㅋㅋㅋㅋㅋㅋ
[2021-12-10 22:33:14] <%빨간_돌새 (red_stonebird)> 재밌던데.. 파이트클럽과 비슷한 느낌도 있음
[2021-12-10 22:33:19] <%하링이겨에키스마크치얼쓰 (armpitmm)> 영화가 원빈만 있어
[2021-12-10 22:33:20] <공효진너무좋와 (akxh84)> 아저씨보다 덴젤워싱턴나왔던 맨온파이어가
[2021-12-10 22:33:21] <%빨간_돌새 (red_stonebird)> 액션신이 약간 비슷하다고 할까?
[2021-12-10 22:33:24] <누구보다단단하게 (musclema)> 아 원빈 실물보면 남자도 반한다
[2021-12-10 22:33:26] <노잼잉 (nodemand34)> 원빈은 근데 원탑 맞는거 같은데ㅋ
[2021-12-10 22:33:27] <누구보다단단하게 (musclema)> 아저씨2 나옴
[2021-12-10 22:33:27] <TPRTM892> 워리어도 잼씀
[2021-12-10 22:33:47] <노잼잉 (nodemand34)> 저는 고급스런 하얀 얼굴을 좋아하는데ㅋ나이들수록 원빈은 쩌는거 같음
[2021-12-10 22:33:50] <%캉난나코에서나온밀면 (millmyeon)> 패닝찡
[2021-12-10 22:33:54] <%캉난나코에서나온밀면 (millmyeon)> 이제 패팅도 늙었겠지?
[2021-12-10 22:33:55] <누구보다단단하게 (musclema)> 맨온파이어 스토리는 뻔함
[2021-12-10 22:33:58] <공효진너무좋와 (akxh84)> ㅇㅇ
[2021-12-10 22:33:59] <공효진너무좋와 (akxh84)> 대신죽고
[2021-12-10 22:34:00] <%+쥬쥬가슴이크던말던 (jasag3)> 아저씨 원작
[2021-12-10 22:34:01] <TPRTM892> 랜드마인고즈클릭은 절대 보지마라
[2021-12-10 22:34:03] <%빨간_돌새 (red_stonebird)> 원빈은 좀 그런데.. 장동건은 중년의 농후함때문에 내엉덩이 내밀뻔
[2021-12-10 22:34:12] <%캉난나코에서나온밀면 (millmyeon)> 아엠샘 보고 눈물 한바가지 쏟았는데
[2021-12-10 22:34:13] <%+쥬쥬가슴이크던말던 (jasag3)> ㅠㅠ
[2021-12-10 22:34:15] <공효진너무좋와 (akxh84)> 아
[2021-12-10 22:34:15] <노잼잉 (nodemand34)> 다코다패닝은 솔직히 어릴때 레전드져
[2021-12-10 22:34:18] <공효진너무좋와 (akxh84)> 아...ㅠㅠ
[2021-12-10 22:34:19] <TPRTM892> 다시말한다 랜드마인고즈클릭은 절대 보지마라
[2021-12-10 22:34:23] <공효진너무좋와 (akxh84)> 이건 눈물 치트키야
[2021-12-10 22:34:26] <노잼잉 (nodemand34)> 어릴때 개좋아햇는데ㅋ아엠쌤
[2021-12-10 22:34:29] <누구보다단단하게 (musclema)> 저거 잼민이때 본건데?
[2021-12-10 22:34:31] <%빨간_돌새 (red_stonebird)> 왜 아이언맨이 생각나지?
[2021-12-10 22:34:34] <%+쥬쥬가슴이크던말던 (jasag3)> ㅁ?ㄹ
[2021-12-10 22:34:38] <누구보다단단하게 (musclema)> 시카리오나 보자
[2021-12-10 22:34:54] <노잼잉 (nodemand34)> 시카리오 안봣는데 엄청 호평 영화
[2021-12-10 22:34:56] <TPRTM892> 랜드마인고즈클릭 저거  C 발 급임
[2021-12-10 22:35:01] <공효진너무좋와 (akxh84)> 시카리오 1은 꼭보셈
[2021-12-10 22:35:03] <공효진너무좋와 (akxh84)> 진짜 꼭보셈
[2021-12-10 22:35:07] <%캉난나코에서나온밀면 (millmyeon)> 시카리오1은 ㅇㅈ이지
[2021-12-10 22:35:09] <누구보다단단하게 (musclema)> 시카리오 1 명작임
[2021-12-10 22:35:11] <노잼잉 (nodemand34)> 시카리오를 낮게 보는 평은 잘 못본거 같음
[2021-12-10 22:35:15] <공효진너무좋와 (akxh84)> 베네치오 델토르가 이렇게 연기잘하는지 몰랐음
[2021-12-10 22:35:18] <공효진너무좋와 (akxh84)> 에밀리 브런트
[2021-12-10 22:35:21] <%민트초코좋아요 (dudwns2446)> 마녀로 나오는여자
[2021-12-10 22:35:27] <누구보다단단하게 (musclema)> 저거 띵작임
[2021-12-10 22:35:28] <%+쥬쥬가슴이크던말던 (jasag3)> ㄹㅇㅋㅋ
[2021-12-10 22:35:33] <허둥지둥이도리_ (absol0724)> 오 시카리오
[2021-12-10 22:35:35] <TPRTM892> 전장의 여신
[2021-12-10 22:35:35] <허둥지둥이도리_ (absol0724)> 개띵작
[2021-12-10 22:35:42] <%캉난나코에서나온밀면 (millmyeon)> 엣지오브투모로우에서 섹시 ㅗㅜㅑ
[2021-12-10 22:35:51] <노잼잉 (nodemand34)> 전쟁 소재 영화 아님? 시카리오?
[2021-12-10 22:35:56] <%빨간_돌새 (red_stonebird)> 요새 전쟁영화 나오더라
[2021-12-10 22:35:58] <공효진너무좋와 (akxh84)> 비슷하다
[2021-12-10 22:36:08] <%+쥬쥬가슴이크던말던 (jasag3)> 엣지오브투모로우 진짜 꿀잼임
[2021-12-10 22:36:12] <%캉난나코에서나온밀면 (millmyeon)> 이름이 뭐죠?
[2021-12-10 22:36:14] <%빨간_돌새 (red_stonebird)> 이여자는 쇼맨이잖아
[2021-12-10 22:36:15] <공효진너무좋와 (akxh84)> 노인을위한 나라도 추천에 들어왔을텐데 보셨나요?
[2021-12-10 22:36:23] <%sharkbandage> 시리즈라 하죵
[2021-12-10 22:36:34] <공효진너무좋와 (akxh84)> 보긴했음?
[2021-12-10 22:36:37] <누구보다단단하게 (musclema)> 하비에르 바르뎀 원툴
[2021-12-10 22:36:37] <노잼잉 (nodemand34)> 톰크루즈의 영화 잘 안보지만 엣지오브는 진짜 인정
[2021-12-10 22:36:48] <TPRTM892> 노인의 위한나라 자세히 봐야 이해됨
[2021-12-10 22:36:51] <공효진너무좋와 (akxh84)> 그거 소름인거 알려줄까요 노인을 위한나라 브금이없음
[2021-12-10 22:36:52] <%빨간_돌새 (red_stonebird)> 이거 만화 원작이라
[2021-12-10 22:36:52] <%민트초코좋아요 (dudwns2446)> 호러스토리에서 마녀 나오는시즌이젤재밋음
[2021-12-10 22:36:57] <공효진너무좋와 (akxh84)> 근데 안지루해
[2021-12-10 22:37:05] <공효진너무좋와 (akxh84)> 몰입도가 장난아님
[2021-12-10 22:37:05] <%빨간_돌새 (red_stonebird)> 원작만화 보고 이거보면 재미가 떨어짐
[2021-12-10 22:37:16] <%+쥬쥬가슴이크던말던 (jasag3)> 난 역순으로 봤는데
[2021-12-10 22:37:21] <누구보다단단하게 (musclema)> 50가지 그림자가 ost는 완전 다 좋다 내용이 야하지만
[2021-12-10 22:37:23] <TPRTM892> 제목이 왜 노인을 위한나라는 없다인지 설명하는 영화임 걍
[2021-12-10 22:37:23] <공효진너무좋와 (akxh84)> 원작만화도 재미있음
[2021-12-10 22:37:24] <%sharkbandage> 이거 만화 원작이구나
[2021-12-10 22:37:28] <공효진너무좋와 (akxh84)> ㅋㅋㅋㅋㅋㅋㅋ
[2021-12-10 22:37:32] <%캉난나코에서나온밀면 (millmyeon)> 캬
[2021-12-10 22:37:32] <공효진너무좋와 (akxh84)> 님 이거 말할려고했는데
[2021-12-10 22:37:32] <외노자빵셔틀 (klauser7)> 땀크루즈
[2021-12-10 22:37:34] <%+쥬쥬가슴이크던말던 (jasag3)> ㅗㅜㅑ
[2021-12-10 22:37:35] <%빨간_돌새 (red_stonebird)> 이건 비슷비슷해
[2021-12-10 22:37:36] <%캉난나코에서나온밀면 (millmyeon)> 명작들이 줄줄이 나온다
[2021-12-10 22:37:37] <공효진너무좋와 (akxh84)> 파이트클럽이랑 바닐라스카이랑 비슷함
[2021-12-10 22:37:39] <누구보다단단하게 (musclema)> 톰쿠르즈는 탑건이지
[2021-12-10 22:37:46] <노잼잉 (nodemand34)> 바닐라 스카이는 초명작인데
[2021-12-10 22:37:49] <공효진너무좋와 (akxh84)> 마지막에 망치로 맞음
[2021-12-10 22:37:49] <노잼잉 (nodemand34)> 개인적으로
[2021-12-10 22:37:50] <하기시러 (xocjs122)> 쥬하
[2021-12-10 22:37:50] <@^빵_떡 (bbangddeock)> 하기시러 님 하이~!
[2021-12-10 22:38:03] <%sharkbandage> 탑건 ㅋㅋ
[2021-12-10 22:38:05] <%캉난나코에서나온밀면 (millmyeon)> 이 영화때문에 공사 지원율이 그렇게 높았ㄷ고...
[2021-12-10 22:38:18] <노잼잉 (nodemand34)> 레옹이랑 바닐라 스카이ㅋ이터널 선샤인 3개 꼽는데 저는
[2021-12-10 22:38:18] <공효진너무좋와 (akxh84)> 맞지 미션임파서블
[2021-12-10 22:38:24] <누구보다단단하게 (musclema)> 톰쿠르즈 오토바이 타고 달리는거 장난아님
[2021-12-10 22:38:25] <%sharkbandage> 공사지원율 높은건 빨간마후라 때문에 아니였구나
[2021-12-10 22:38:35] <공효진너무좋와 (akxh84)> 바닐라스카이 기대안하고봤는데 개만족
[2021-12-10 22:38:40] <노잼잉 (nodemand34)> 허준뜨고 한의대 난리 낫져
[2021-12-10 22:38:48] <TPRTM892> 코코 띵작
[2021-12-10 22:38:53] <%sharkbandage> 허쥰 ㅋㅋ
[2021-12-10 22:38:56] <%캉난나코에서나온밀면 (millmyeon)> 마마코코
[2021-12-10 22:39:01] <%빨간_돌새 (red_stonebird)> 만화영화
[2021-12-10 22:39:01] <허둥지둥이도리_ (absol0724)> ㅗㅜㅑ
[2021-12-10 22:39:01] <TPRTM892> ㅗㅜㅑ
[2021-12-10 22:39:01] <%sharkbandage> 와우 코코님 사랑해요
[2021-12-10 22:39:02] <누구보다단단하게 (musclema)> 코코 좋다
[2021-12-10 22:39:04] <%이구남 (93_man)> 좋네요...
[2021-12-10 22:39:05] <%빨간_돌새 (red_stonebird)> 와 코코 슴...
[2021-12-10 22:39:06] <허둥지둥이도리_ (absol0724)> 와! 코코님!
[2021-12-10 22:39:07] <%캉난나코에서나온밀면 (millmyeon)> 헉 나 옆에 코코가 더 좋아하나봐
[2021-12-10 22:39:07] <누구보다단단하게 (musclema)> 야 미드 장난아닌[ㅔ
[2021-12-10 22:39:07] <%+쥬쥬가슴이크던말던 (jasag3)> ㅗㅜㅑ
[2021-12-10 22:39:07] <공효진너무좋와 (akxh84)> 코코가 안보여
[2021-12-10 22:39:09] <하기시러 (xocjs122)> ㅗㅜㅑ
[2021-12-10 22:39:12] <정신연령초딩만팔로우 (qkqndz)> 와 코코눈나
[2021-12-10 22:39:12] <%빨간_돌새 (red_stonebird)> 가슴이 웅장해지는 코코다
[2021-12-10 22:39:13] <%+쥬쥬가슴이크던말던 (jasag3)> ㅗㅜㅑㅗㅜㅑ
[2021-12-10 22:39:13] <%하링이겨에키스마크치얼쓰 (armpitmm)> 콬 인스타 팔로우 중이죠
[2021-12-10 22:39:15] <%sharkbandage> 나 아프리카 좋아하나바
[2021-12-10 22:39:18] <%하링이겨에키스마크치얼쓰 (armpitmm)> 코코 좋죠
[2021-12-10 22:39:18] <외노자빵셔틀 (klauser7)> 레옹에 원래 레옹이랑 마틸다 정사씬있었다는데 짜른게 다행
[2021-12-10 22:39:19] <허둥지둥이도리_ (absol0724)> 아 뭐하는거에요
[2021-12-10 22:39:21] <공효진너무좋와 (akxh84)> 왜 눈이 선택적으로 변하지? ㅋ
[2021-12-10 22:39:21] <허둥지둥이도리_ (absol0724)> 올려주세요
[2021-12-10 22:39:26] <%빨간_돌새 (red_stonebird)> 코코에 코박죽
[2021-12-10 22:39:29] <%캉난나코에서나온밀면 (millmyeon)> 헉
[2021-12-10 22:39:29] <누구보다단단하게 (musclema)> 코코 누나 좋다
[2021-12-10 22:39:30] <하기시러 (xocjs122)> 위로 올려
[2021-12-10 22:39:33] <노잼잉 (nodemand34)> 데이빗 핀쳐감독 영화는 좀 뭔가 잇는 느낌이져
[2021-12-10 22:39:39] <누구보다단단하게 (musclema)> 야 올려
[2021-12-10 22:39:43] <공효진너무좋와 (akxh84)> 마틸다랑 정사씬이있음... 망작된다
[2021-12-10 22:39:44] <하기시러 (xocjs122)> 올리라!!
[2021-12-10 22:39:48] <%캉난나코에서나온밀면 (millmyeon)> 마틸다는 사랑이아냐!! ㅠ,ㅠ
[2021-12-10 22:39:55] <공효진너무좋와 (akxh84)> 아련한게 하나도 없어지자너
[2021-12-10 22:40:03] <%빨간_돌새 (red_stonebird)> 가족끼리 싸우는거잖아
[2021-12-10 22:40:06] <하기시러 (xocjs122)> 알라딘이지
[2021-12-10 22:40:07] <%sharkbandage> 왜 이걸 외우지
[2021-12-10 22:40:09] <%캉난나코에서나온밀면 (millmyeon)> 나~주평야!
[2021-12-10 22:40:09] <%이구남 (93_man)> 디즈니 소울 재밌다던데
[2021-12-10 22:40:09] <공효진너무좋와 (akxh84)> 사자코 닮았네요
[2021-12-10 22:40:10] <악성댓글알바 (badreplyalba)> ?
[2021-12-10 22:40:10] <@^빵_떡 (bbangddeock)> bbangd1Un
[2021-12-10 22:40:13] <공효진너무좋와 (akxh84)> 외운거 아님 다틀림
[2021-12-10 22:40:14] <TPRTM892> 저쉑 가사 찾아봣네
[2021-12-10 22:40:19] <노잼잉 (nodemand34)> 모순된거처럼 보이는데 레옹은 안자서 진정한 사랑임ㅋㅋ
[2021-12-10 22:40:22] <%빨간_돌새 (red_stonebird)> 난 개인적으로 모아나. 뮤지컬 음악완성도가 제일 뛰어났음
[2021-12-10 22:40:22] <%난나스물한번째알몸메이드 (sdhyun21_)> 호남 평야?
[2021-12-10 22:40:25] <%sharkbandage> 캐릭터 못생겼어 ㅠ
[2021-12-10 22:40:26] <노잼잉 (nodemand34)> 자면 좀 지저분한 영화
[2021-12-10 22:40:33] <하기시러 (xocjs122)> 발발이~~~~~치와!!와!!!!
[2021-12-10 22:40:39] <외노자빵셔틀 (klauser7)> 애니는 개인적으로 월E가 베스트
[2021-12-10 22:40:45] <%빨간_돌새 (red_stonebird)> 소울은 애들영화는 아니야..
[2021-12-10 22:40:48] <누구보다단단하게 (musclema)> 겨울왕국2 좋은데
[2021-12-10 22:41:04] <하기시러 (xocjs122)> 쥬사장 살쪘어??
[2021-12-10 22:41:07] <디어메이트 (dearmate)> ?
[2021-12-10 22:41:07] <@^빵_떡 (bbangddeock)> bbangd1Un
[2021-12-10 22:41:08] <%캉난나코에서나온밀면 (millmyeon)> 누가 노래 영화 얘기하냐!
[2021-12-10 22:41:08] <공효진너무좋와 (akxh84)> 영화 진짜 많이 보시네 폭이 넓네
[2021-12-10 22:41:08] <누구보다단단하게 (musclema)> 겨울왕국2 보고 소개팅녀랑 좋았다
[2021-12-10 22:41:10] <%캉난나코에서나온밀면 (millmyeon)> 밴하자!
[2021-12-10 22:41:12] <TPRTM892> 머털도사와 108도사 가 명작 애니
[2021-12-10 22:41:17] <TPRTM892> 108 요괵
[2021-12-10 22:41:25] <하기시러 (xocjs122)> 삐져나온 살이 보였어 ㅇㅅㅇ
[2021-12-10 22:41:29] <공효진너무좋와 (akxh84)> 살찐거 티안남 괜춘괜춘
[2021-12-10 22:41:34] <공효진너무좋와 (akxh84)> 머털도사 명작이지
[2021-12-10 22:41:39] <누구보다단단하게 (musclema)> 배추도사도 출격
[2021-12-10 22:41:41] <노잼잉 (nodemand34)> 브레드피트ㅋ세븐은 보셧나여
[2021-12-10 22:41:42] <TPRTM892> 개띵작
[2021-12-10 22:41:47] <%sharkbandage> 아니 이거는 여기 트수분들도 못본거 아닌가 ㅋㅋ
[2021-12-10 22:41:47] <공효진너무좋와 (akxh84)> 삐리삐리 세운다 머리털을 세운다~
[2021-12-10 22:41:49] <하기시러 (xocjs122)> 대머리가 빌런인 영화
[2021-12-10 22:41:50] <~%러블리쥬쥬 (zhuvely95)> 우리아빠닮음
[2021-12-10 22:41:51] <%+쥬쥬가슴이크던말던 (jasag3)> ㅋㅋㅋㅋㅋㅋㅋㅋㅋㅋㅋㅋㅋㅋㅋㅋㅋㅋㅋㅋㅋㅋㅋㅋㅋㅋㅋ
[2021-12-10 22:41:52] <외노자빵셔틀 (klauser7)> 색감이ㅜ좋네
[2021-12-10 22:41:53] <%+쥬쥬가슴이크던말던 (jasag3)> ㅋ?
[2021-12-10 22:41:54] <%빨간_돌새 (red_stonebird)> 러브액츄얼리는 여사친과 봤다가  서로 이상해질뻔
[2021-12-10 22:41:54] <공효진너무좋와 (akxh84)> ㅋㅋㅋㅋㅋ
[2021-12-10 22:41:56] <공효진너무좋와 (akxh84)> ㅋㅋㅋㅋㅋㅋㅋㅋㅋㅋㅋㅋㅋㅋㅋㅋㅋㅋㅋㅋㅋㅋㅋ
[2021-12-10 22:41:57] <%캉난나코에서나온밀면 (millmyeon)> 어? 쥬하
[2021-12-10 22:41:58] <TPRTM892> ㅋㅋㅋㅋㅋ
[2021-12-10 22:41:59] <공효진너무좋와 (akxh84)> 너무 하네 ㅋㅋㅋㅋㅋㅋ
[2021-12-10 22:42:02] <%+쥬쥬가슴이크던말던 (jasag3)> zhuvelFire zhuvelFire zhuvelFire zhuvelFire zhuvelFire zhuvelFire zhuvelFire zhuvelFire zhuvelFire zhuvelFire zhuvelFire zhuvelFire zhuvelFire zhuvelFire zhuvelFire zhuvelFire zhuvelFire zhuvelFire zhuvelFire zhuvelFire
[2021-12-10 22:42:03] <%박환작가_ (wnwkraus0)> 저거보니까 비디오 처음에 나오는 호환마마생각난다ㅋㅋㅋ
[2021-12-10 22:42:03] <공효진너무좋와 (akxh84)> 너무 하자너 ㅋㅋㅋㅋㅋㅋㅋㅋ
[2021-12-10 22:42:04] <%+쥬쥬가슴이크던말던 (jasag3)> zhuvelFire zhuvelFire zhuvelFire zhuvelFire zhuvelFire zhuvelFire zhuvelFire zhuvelFire zhuvelFire zhuvelFire zhuvelFire zhuvelFire zhuvelFire zhuvelFire zhuvelFire zhuvelFire zhuvelFire zhuvelFire zhuvelFire zhuvelFire zhuvelFire zhuvelFire zhuvelFire zhuvelFire zhuvelFire zhuvelFire zhuvelFire zhuvelFire
[2021-12-10 22:42:10] <외노자빵셔틀 (klauser7)> 곽도원씨 여기에요
[2021-12-10 22:42:14] <하기시러 (xocjs122)> 아,,,아버님 쥬쥬가 불효를
[2021-12-10 22:42:15] <공효진너무좋와 (akxh84)> 아버지 젋었을땐 귀여웠을거같은데 ㅋ
[2021-12-10 22:42:23] <TPRTM892> 나 저거 3번봄
[2021-12-10 22:42:25] <공효진너무좋와 (akxh84)> 이걸 봤어? 머털도사를?
[2021-12-10 22:42:31] <외노자빵셔틀 (klauser7)> 머털이 나중에 빠박이됨 ㅜㅜ
[2021-12-10 22:42:31] <공효진너무좋와 (akxh84)> 진짜 폭이 넓다
[2021-12-10 22:42:38] <공효진너무좋와 (akxh84)> 와 ㅋㅋㅋㅋㅋ
[2021-12-10 22:42:42] <누구보다단단하게 (musclema)> 쥬쥬 몇살임?
[2021-12-10 22:42:48] <노잼잉 (nodemand34)> 저는 잘 인정안하는 편인데ㅋ아버지 젊을때 잘생겻을 외모임
[2021-12-10 22:42:48] <%+쥬쥬가슴이크던말던 (jasag3)> ?
[2021-12-10 22:42:48] <@^빵_떡 (bbangddeock)> bbangd1Un
[2021-12-10 22:42:50] <TPRTM892> 꼬비꼬비는 봄?
[2021-12-10 22:42:51] <%캉난나코에서나온밀면 (millmyeon)> 쥬쥬님 원더키드 세대인가봐
[2021-12-10 22:42:51] <%sharkbandage> 그거 모지 도깨비 만화
[2021-12-10 22:42:54] <공효진너무좋와 (akxh84)> 마른애? ㅋ
[2021-12-10 22:42:56] <%캉난나코에서나온밀면 (millmyeon)> ㅋㅋㅋㅋㅋㅋㅋㅋㅋㅋㅋㅋㅋㅋㅋㅋ
[2021-12-10 22:42:57] <공효진너무좋와 (akxh84)> ㅋㅋㅋㅋㅋㅋㅋㅋ
[2021-12-10 22:42:57] <%+쥬쥬가슴이크던말던 (jasag3)> ㅡㅡ
[2021-12-10 22:42:57] <TPRTM892> ㅋㅋㅋ
[2021-12-10 22:43:00] <%sharkbandage> 메밀묵 좋아하는 도깨비 나오는거 ㅋㅋ
[2021-12-10 22:43:05] <하기시러 (xocjs122)> ?
[2021-12-10 22:43:05] <@^빵_떡 (bbangddeock)> bbangd1Un
[2021-12-10 22:43:06] <누구보다단단하게 (musclema)> 쥬쥬 춤춘다 방금
[2021-12-10 22:43:08] <%하링이겨에키스마크치얼쓰 (armpitmm)> 쿠오 돌려까네
[2021-12-10 22:43:09] <%sharkbandage> 깨비깨비였나
[2021-12-10 22:43:27] <TPRTM892> 유니미니펫
[2021-12-10 22:43:28] <%+쥬쥬가슴이크던말던 (jasag3)> 벅벅
[2021-12-10 22:43:31] <공효진너무좋와 (akxh84)> 맞아 ㅋㅋㅋ
[2021-12-10 22:43:33] <공효진너무좋와 (akxh84)> 그걸 알다니
[2021-12-10 22:43:34] <노잼잉 (nodemand34)> 이거 알면 쥬쥬형 더 나이 많아야 될거 같은데
[2021-12-10 22:43:36] <%캉난나코에서나온밀면 (millmyeon)> 꼬비꼬비
[2021-12-10 22:43:38] <%박환작가_ (wnwkraus0)> 옛날옛적에 도 있어요
[2021-12-10 22:43:38] <TPRTM892> 꼬비꼬비 거든
[2021-12-10 22:43:38] <%+쥬쥬가슴이크던말던 (jasag3)> 꼬
[2021-12-10 22:43:38] <악성댓글알바 (badreplyalba)> 꼬비꼬미
[2021-12-10 22:43:42] <노잼잉 (nodemand34)> 이걸 요즘 애들이 알수가 잇나?ㅋ
[2021-12-10 22:43:43] <공효진너무좋와 (akxh84)> 깨비깨비는 모르겠네
[2021-12-10 22:43:43] <악성댓글알바 (badreplyalba)> 꼬비꼬비 자나
[2021-12-10 22:43:48] <TPRTM892> 유니미니펫 잼씀
[2021-12-10 22:43:49] <공효진너무좋와 (akxh84)> 꼬비꼬비였어?ㅋ
[2021-12-10 22:43:50] <악성댓글알바 (badreplyalba)> 옥반지 개이쁨
[2021-12-10 22:43:51] <%+쥬쥬가슴이크던말던 (jasag3)> ?
[2021-12-10 22:43:53] <@^빵_떡 (bbangddeock)> bbangd1Un
[2021-12-10 22:43:53] <%박환작가_ (wnwkraus0)> ?
[2021-12-10 22:43:54] <악성댓글알바 (badreplyalba)> ?
[2021-12-10 22:43:56] <누구보다단단하게 (musclema)> ?????????
[2021-12-10 22:44:01] <누구보다단단하게 (musclema)> 선넘네
[2021-12-10 22:44:02] <공효진너무좋와 (akxh84)> 안닮음
[2021-12-10 22:44:02] <%+쥬쥬가슴이크던말던 (jasag3)> ㅗ
[2021-12-10 22:44:04] <%+쥬쥬가슴이크던말던 (jasag3)> ㅗㅗㅗㅗㅗㅗㅗㅗㅗㅗㅗㅗㅗㅗㅗㅗㅗㅗㅗㅗㅗ
[2021-12-10 22:44:05] <바르야 (whtjdz)> 예?
[2021-12-10 22:44:09] <%하링이겨에키스마크치얼쓰 (armpitmm)> 쥬쥬는 봇기 닮앗다니까
[2021-12-10 22:44:09] <하기시러 (xocjs122)> 저기 혹 두게 달린도깨비  이제보니 ㅗㅜㅑ 하네
[2021-12-10 22:44:10] <악성댓글알바 (badreplyalba)> 돼지만 나오면 다 우리래 ㅅㅂ ㅋㅋ
[2021-12-10 22:44:10] <%+쥬쥬가슴이크던말던 (jasag3)> ㅋㅋㅋㅋㅋㅋㅋㅋㅋㅋㅋㅋㅋㅋㅋㅋㅋㅋㅋㅋㅋㅋ
[2021-12-10 22:44:10] <노루는노루스름 (dkwkql1)> 그럴리가
[2021-12-10 22:44:12] <%캉난나코에서나온밀면 (millmyeon)> ㅠ,ㅠ
[2021-12-10 22:44:12] <공효진너무좋와 (akxh84)> ㅋㅋㅋ
[2021-12-10 22:44:13] <%sharkbandage> ㅋㅋㅋㅋㅋㅋㅋㅋㅋ
[2021-12-10 22:44:18] <%캉난나코에서나온밀면 (millmyeon)> 쥬쥬도 서터리머야 서터리머!!! ㅠ,ㅠ
[2021-12-10 22:44:18] <노루는노루스름 (dkwkql1)> 빙고
[2021-12-10 22:44:25] <%박환작가_ (wnwkraus0)> 배추도사 무도사도 많이 봤는데
[2021-12-10 22:44:31] <공효진너무좋와 (akxh84)> 95년생인데 이걸 알다니
[2021-12-10 22:44:35] <%sharkbandage> 팥 무서워하고
[2021-12-10 22:44:38] <악성댓글알바 (badreplyalba)> 내 인생 만화는 레스톨이랑 해모수엿어
[2021-12-10 22:44:40] <희약 (snssk12345)> 나쁜건 언제나 사람이었어 ㅠㅠ
[2021-12-10 22:44:46] <노루는노루스름 (dkwkql1)> 귀요운 쥐방울 도깨비
[2021-12-10 22:44:47] <%sharkbandage> 이거랑 두치와 뿌꾸였나
[2021-12-10 22:44:53] <%하링이겨에키스마크치얼쓰 (armpitmm)> 쥬쥬는 스기우라 봇키지
[2021-12-10 22:44:55] <공효진너무좋와 (akxh84)> 해모수 재미없어
[2021-12-10 22:44:56] <악성댓글알바 (badreplyalba)> 녹섹젘차
[2021-12-10 22:44:58] <공효진너무좋와 (akxh84)> 노래만 좋와
[2021-12-10 22:44:58] <%박환작가_ (wnwkraus0)> 해모수 재미있죠
[2021-12-10 22:44:59] <노루는노루스름 (dkwkql1)> 늑전
[2021-12-10 22:45:01] Viewerstats (22:16-22:45): avg:41 min:38 max:45 [15/42-4+0+4+0+0-2+0+2+0+3+0+0-3+0]
[2021-12-10 22:45:02] <악성댓글알바 (badreplyalba)> 노홍철 나옴
[2021-12-10 22:45:07] <%sharkbandage> 녹색전차해모수 우리나라 최초애니일걸료
[2021-12-10 22:45:08] <노루는노루스름 (dkwkql1)> 녹색전차 해모수
[2021-12-10 22:45:16] <%+쥬쥬가슴이크던말던 (jasag3)> ㄹㅇ
[2021-12-10 22:45:20] <누구보다단단하게 (musclema)> ?
[2021-12-10 22:45:20] <@^빵_떡 (bbangddeock)> bbangd1Un
[2021-12-10 22:45:20] <노루는노루스름 (dkwkql1)> 난 해모수 별로 였는데
[2021-12-10 22:45:22] <%박환작가_ (wnwkraus0)> 살짝 딥했죠
[2021-12-10 22:45:24] <%+쥬쥬가슴이크던말던 (jasag3)> 저 노랑머리 눈나 동기가 이해가 안갔음
[2021-12-10 22:45:25] <악성댓글알바 (badreplyalba)> 굿포 노홍철 ㅋ
[2021-12-10 22:45:26] <%+쥬쥬가슴이크던말던 (jasag3)> 지금도 안감
[2021-12-10 22:45:28] <하기시러 (xocjs122)> 탱구와 울라숑?!
[2021-12-10 22:45:30] <누구보다단단하게 (musclema)> 저게 더 오래된거 같은데?
[2021-12-10 22:45:30] <공효진너무좋와 (akxh84)> 은하철도 999는 못봤을껄 미래소년 코난이랑
[2021-12-10 22:45:34] <악성댓글알바 (badreplyalba)> 난 레스톨 특구 구조대
[2021-12-10 22:45:44] <%+쥬쥬가슴이크던말던 (jasag3)> ㅋㅋㅋㅋㅋㅋㅋㅋㅋㅋㅋㅋㅋㅋㅋㅋㅋㅋㅋㅋㅋㅋㅋㅋㅋㅋㅋㅋㅋㅋ
[2021-12-10 22:45:46] <%sharkbandage> ㅋㅋㅋㅋ
[2021-12-10 22:45:50] <%sharkbandage> 이거는 ㄹㅇ
[2021-12-10 22:45:54] <%캉난나코에서나온밀면 (millmyeon)> 고냥이는 왜 12간지에 안넣어주냐!
[2021-12-10 22:45:55] <공효진너무좋와 (akxh84)> 자축인묘를 이걸로 외운 사람 많았는데 ㅋ
[2021-12-10 22:46:06] <노루는노루스름 (dkwkql1)> 12간지
[2021-12-10 22:46:09] <외노자빵셔틀 (klauser7)> 키키 인간모습보고 성에 눈뜸
[2021-12-10 22:46:12] <공효진너무좋와 (akxh84)> 고양이 외래종이자너
[2021-12-10 22:46:14] <TPRTM892> ㅈ냥이 왜 넣어 주냐
[2021-12-10 22:46:17] <노루는노루스름 (dkwkql1)> 그이유 저기에 나오잖음
[2021-12-10 22:46:20] <악성댓글알바 (badreplyalba)> 고양이업었어
[2021-12-10 22:46:25] <%하링이겨에키스마크치얼쓰 (armpitmm)> 고양이가 이집트쪽에서 온거거든요
[2021-12-10 22:46:26] <악성댓글알바 (badreplyalba)> 옛날에 고양이 없었어
[2021-12-10 22:46:33] <노루는노루스름 (dkwkql1)> 삵은?
[2021-12-10 22:46:41] <공효진너무좋와 (akxh84)> ?
[2021-12-10 22:46:42] <@^빵_떡 (bbangddeock)> bbangd1Un
[2021-12-10 22:46:44] <악성댓글알바 (badreplyalba)> 레스톨도 보여줭
[2021-12-10 22:46:45] <TPRTM892> 와 그얘기 오랜만이다
[2021-12-10 22:46:48] <공효진너무좋와 (akxh84)> 우길때 말투가있네요 ㅋ
[2021-12-10 22:46:52] <%후니님__ (hooniee_)> 풉 뭐래~
[2021-12-10 22:46:52] <@^빵_떡 (bbangddeock)> 후니님__님이 11번이나 비웃었습니다. bbangd1Pubb
[2021-12-10 22:46:53] <TPRTM892> 어릴적 책좀 읽었네?
[2021-12-10 22:46:53] <공효진너무좋와 (akxh84)> 눈동장 굴린다 ㅋ
[2021-12-10 22:46:57] <%+쥬쥬가슴이크던말던 (jasag3)> ㅋㅋㅋㅋㅋㅋㅋㅋㅋㅋㅋㅋㅋㅋㅋㅋㅋㅋㅋㅋㅋㅋㅋㅋ
[2021-12-10 22:46:59] <누구보다단단하게 (musclema)> 디즈니네
[2021-12-10 22:46:59] <%캉난나코에서나온밀면 (millmyeon)> 와 일요일이다!
[2021-12-10 22:46:59] <공효진너무좋와 (akxh84)> 미키
[2021-12-10 22:47:02] <%하링이겨에키스마크치얼쓰 (armpitmm)> 디즈니 워칭 유
[2021-12-10 22:47:02] <악성댓글알바 (badreplyalba)> 이걸 몰라?
[2021-12-10 22:47:06] <칙촉한칙촉 (sksms654321)> 몇년생이심..?
[2021-12-10 22:47:06] <노루는노루스름 (dkwkql1)> 디즈닞만화동산
[2021-12-10 22:47:06] <공효진너무좋와 (akxh84)> 디즈님형님들 여기에요
[2021-12-10 22:47:06] <%+쥬쥬가슴이크던말던 (jasag3)> 디즈니 플러스에 왜 이거없냐고!? 디즈니 플러스에 왜 이거없냐고!? 디즈니 플러스에 왜 이거없냐고!?
[2021-12-10 22:47:07] <%얻어탄탑승자 (b1ue_light_)> 와
[2021-12-10 22:47:07] <%+쥬쥬가슴이크던말던 (jasag3)> 디즈니 플러스에 왜 이거없냐고!? 디즈니 플러스에 왜 이거없냐고!? 디즈니 플러스에 왜 이거없냐고!? 디즈니 플러스에 왜 이거없냐고!?
[2021-12-10 22:47:09] <%+쥬쥬가슴이크던말던 (jasag3)> 디즈니 플러스에 왜 이거없냐고!? 디즈니 플러스에 왜 이거없냐고!? 디즈니 플러스에 왜 이거없냐고!? 디즈니 플러스에 왜 이거없냐고!? 디즈니 플러스에 왜 이거없냐고!?
[2021-12-10 22:47:09] <바르야 (whtjdz)> 일요일 아침 눈 비비면서 봤는데
[2021-12-10 22:47:11] <%얻어탄탑승자 (b1ue_light_)> 맨날 일요일 아침에 이거보겠다고
[2021-12-10 22:47:13] <%+쥬쥬가슴이크던말던 (jasag3)> 디즈니 플러스에 왜 이거없냐고!? 디즈니 플러스에 왜 이거없냐고!? 디즈니 플러스에 왜 이거없냐고!?
[2021-12-10 22:47:18] <%얻어탄탑승자 (b1ue_light_)> 일찍일어나려 했지만 못봤지
[2021-12-10 22:47:20] <%박환작가_ (wnwkraus0)> 넹ㅋㅋㅋ
[2021-12-10 22:47:22] <누구보다단단하게 (musclema)> 디즈니 이제 온다
[2021-12-10 22:47:23] <노루는노루스름 (dkwkql1)> 일요일 아침 일찍 일어나게 만든 만화
[2021-12-10 22:47:23] <하기시러 (xocjs122)> 주말 아침을 깨우는 인트로
[2021-12-10 22:47:24] <%세오라떼 (beaumont0202)> 디아중인데 추억의 노래들이 자꾸 ㅋㅋㅋㅋㅋㅋ
[2021-12-10 22:47:25] <%하링이겨에키스마크치얼쓰 (armpitmm)> 디즈니 워칭 유~
[2021-12-10 22:47:30] <악성댓글알바 (badreplyalba)> 디즈니 만화동산 오프닝임
[2021-12-10 22:47:32] <공효진너무좋와 (akxh84)> 도날드덕이 꿀잼이였음
[2021-12-10 22:47:35] <누구보다단단하게 (musclema)> 저거 스피드왕 번개랑 같은 시기임
[2021-12-10 22:47:41] <TPRTM892> 그랑죠!
[2021-12-10 22:47:41] <외노자빵셔틀 (klauser7)> 디즈니꺼 틀어도됨? 킹작권 엄격한데
[2021-12-10 22:47:42] <%후니님__ (hooniee_)> 디즈니는 안되고 WB나 fox는 되죠?
[2021-12-10 22:47:43] <노루는노루스름 (dkwkql1)> 그랑죠!
[2021-12-10 22:47:44] <%세오라떼 (beaumont0202)> 헉 그랑죠!!
[2021-12-10 22:47:45] <%+쥬쥬가슴이크던말던 (jasag3)> 이걸 암?
[2021-12-10 22:47:48] <%+쥬쥬가슴이크던말던 (jasag3)> 이걸 안다고?
[2021-12-10 22:47:48] <공효진너무좋와 (akxh84)> 아셈?
[2021-12-10 22:47:48] <노루는노루스름 (dkwkql1)> 도막사라무!
[2021-12-10 22:47:51] <공효진너무좋와 (akxh84)> 이걸 안다구?
[2021-12-10 22:47:58] <%세오라떼 (beaumont0202)> 엥? 쥬쥬님 이거 알아요??
[2021-12-10 22:48:03] <하기시러 (xocjs122)> 6사단  사단마크네
[2021-12-10 22:48:08] <누구보다단단하게 (musclema)> 골드런 좀 있으면 나올듯
[2021-12-10 22:48:09] <공효진너무좋와 (akxh84)> 아 도네로 알구나
[2021-12-10 22:48:11] <%+쥬쥬가슴이크던말던 (jasag3)> 6사단ㅋㅋㅋㅋㅋㅋㅋㅋㅋㅋㅋㅋㅋㅋㅋㅋㅋㅋㅋ
[2021-12-10 22:48:17] <%세오라떼 (beaumont0202)> 6사단이 청성이었나?ㅋㅋ
[2021-12-10 22:48:31] <하기시러 (xocjs122)> 6사단별명이 그랑죠 자너 ㅇㅅㅇ
[2021-12-10 22:48:31] <TPRTM892> 시이펄 아재요
[2021-12-10 22:48:39] <공효진너무좋와 (akxh84)> 노래는 좋아 옛날 만화가
[2021-12-10 22:48:39] <%+쥬쥬가슴이크던말던 (jasag3)> 아 이만화 땜에 형한테 맨날 쳐맞았어 ㅡㅡ
[2021-12-10 22:48:41] <%캉난나코에서나온밀면 (millmyeon)> ㅋㅋㅋㅋㅋㅋㅋㅋㅋ
[2021-12-10 22:48:42] <노루는노루스름 (dkwkql1)> 이거 보내신분 40  넘나봐
[2021-12-10 22:48:44] <하기시러 (xocjs122)> 아제보단 할배 아닐까
[2021-12-10 22:48:44] <공효진너무좋와 (akxh84)> 웅장해지자너
[2021-12-10 22:48:45] <%+쥬쥬가슴이크던말던 (jasag3)> 형한테 맨날 회전회오리슛맞음 ㅡㅡ
[2021-12-10 22:48:46] <외노자빵셔틀 (klauser7)> 같이 노래부르면 세대 들킨다 참아라
[2021-12-10 22:49:00] <공효진너무좋와 (akxh84)> 쥐라기월드컵
[2021-12-10 22:49:00] <%ミ조코비치 (zokobichi)> 잔잔한쥬쥬 VoHiYo
[2021-12-10 22:49:04] <%캉난나코에서나온밀면 (millmyeon)> 전 잘 모르는데 쥐라기월드컵인가 그럴걸요?
[2021-12-10 22:49:05] <노루는노루스름 (dkwkql1)> 쥐라기 월드컵
[2021-12-10 22:49:06] <%+쥬쥬가슴이크던말던 (jasag3)> ?
[2021-12-10 22:49:06] <@^빵_떡 (bbangddeock)> bbangd1Un
[2021-12-10 22:49:07] <%다크열제 (dkwing80)> 여긴 왜 이리 아재들이 많아
[2021-12-10 22:49:08] <%+쥬쥬가슴이크던말던 (jasag3)> 이건뭐임?
[2021-12-10 22:49:13] <누구보다단단하게 (musclema)> 골드런 소찬휘 안 나옴?
[2021-12-10 22:49:15] <노루는노루스름 (dkwkql1)> 아까 제목 나왔잖음
[2021-12-10 22:49:20] <%박환작가_ (wnwkraus0)> 무적캡틴사우로스
[2021-12-10 22:49:20] <%+쥬쥬가슴이크던말던 (jasag3)> ???
[2021-12-10 22:49:26] <하기시러 (xocjs122)> 형제 어떤걸 보면서 살아온겁니까
[2021-12-10 22:49:36] <공효진너무좋와 (akxh84)> 작화좋네
[2021-12-10 22:49:37] <TPRTM892> 아 저거 기억났다
[2021-12-10 22:49:37] <%박환작가_ (wnwkraus0)> 저 너무 틀딱인가/....?
[2021-12-10 22:49:45] <%하링이겨에키스마크치얼쓰 (armpitmm)> 옛날 그림체
[2021-12-10 22:49:46] <%$크라베이더 (kim6755)> 간만이네.
[2021-12-10 22:49:46] <TPRTM892> 나 저거 장난감 가지고 있었음
[2021-12-10 22:49:52] <%$크라베이더 (kim6755)> 학교에서 로봇나오는애니.
[2021-12-10 22:49:56] <공효진너무좋와 (akxh84)> 맨날 물리치래 옛날 만화엔
[2021-12-10 22:50:00] <TPRTM892> 학교가 로봇됨
[2021-12-10 22:50:07] <외노자빵셔틀 (klauser7)> 리메이크 버젼인듯
[2021-12-10 22:50:15] <TPRTM892> 로봇부숴지면 폐교임  ㅈㅈ
[2021-12-10 22:50:15] <공효진너무좋와 (akxh84)> 없음 ㅋ
[2021-12-10 22:50:15] <%박환작가_ (wnwkraus0)> 지금 생각해보면
[2021-12-10 22:50:16] <%+쥬쥬가슴이크던말던 (jasag3)> ㅋㅋㅋㅋㅋㅋㅋㅋㅋㅋㅋㅋㅋㅋㅋㅋㅋㅋㅋㅋ
[2021-12-10 22:50:17] <바르야 (whtjdz)> 킹룡은 인정이지
[2021-12-10 22:50:19] <%박환작가_ (wnwkraus0)> 의미없음ㅋㅋ
[2021-12-10 22:50:21] <공효진너무좋와 (akxh84)> 공룡나오면 애들이 좋아하니까
[2021-12-10 22:50:22] <%$크라베이더 (kim6755)> 공룡이랑 상관없긴함
[2021-12-10 22:50:26] <외노자빵셔틀 (klauser7)> 학교가 로봇이되?? 전쟁나도 학교 못벗어나?
[2021-12-10 22:50:26] <TPRTM892> 와.
[2021-12-10 22:50:27] <%캉난나코에서나온밀면 (millmyeon)> 고올드!
[2021-12-10 22:50:29] <공효진너무좋와 (akxh84)> 웅장해진다
[2021-12-10 22:50:30] <%박환작가_ (wnwkraus0)> 골드런
[2021-12-10 22:50:31] <TPRTM892> 저건 ㅇㅈㅇㅈㅇㅈㅇㅈㅇㅈ
[2021-12-10 22:50:36] <노루는노루스름 (dkwkql1)> 마이트가인!
[2021-12-10 22:50:38] <노루는노루스름 (dkwkql1)> 아니네
[2021-12-10 22:50:39] <공효진너무좋와 (akxh84)> 은하철도 오마주네
[2021-12-10 22:50:44] <%+쥬쥬가슴이크던말던 (jasag3)> 소 찬 휘
[2021-12-10 22:50:47] <노루는노루스름 (dkwkql1)> 오
[2021-12-10 22:50:52] <노루는노루스름 (dkwkql1)> 소찬휘 구나
[2021-12-10 22:51:11] <공효진너무좋와 (akxh84)> 고음에서 소찬휘 목소리 나오네
[2021-12-10 22:51:15] <%캉난나코에서나온밀면 (millmyeon)> 떼잉 요즘 애들은 유우트브로 봐서 이런 로망을 모른다말야
[2021-12-10 22:51:21] <박쿼카가쓴속옷선물바라기 (elograns10)> !나이
[2021-12-10 22:51:21] <@^빵_떡 (bbangddeock)> 95년생 돼지띠 20살ㅇ_<
[2021-12-10 22:51:24] <%+쥬쥬가슴이크던말던 (jasag3)> 찾기위해~~~~~~~~~
[2021-12-10 22:51:34] <박쿼카가쓴속옷선물바라기 (elograns10)> ㅋㅋㅋㅋㅋㅋㅋㅋ
[2021-12-10 22:51:53] <공효진너무좋와 (akxh84)> 찾아줄깨요
[2021-12-10 22:52:01] <%+쥬쥬가슴이크던말던 (jasag3)> 거울 남매
[2021-12-10 22:52:04] <%박환작가_ (wnwkraus0)> 7인의 나나?
[2021-12-10 22:52:07] <외노자빵셔틀 (klauser7)> 남매가 오징어인가요?
[2021-12-10 22:52:08] <%박환작가_ (wnwkraus0)> 아니구나
[2021-12-10 22:52:11] <%+쥬쥬가슴이크던말던 (jasag3)> 외계인이네;
[2021-12-10 22:52:13] <공효진너무좋와 (akxh84)> 오징어 2마리
[2021-12-10 22:52:13] <누구보다단단하게 (musclema)> 오징어네
[2021-12-10 22:52:21] <%+쥬쥬가슴이크던말던 (jasag3)> ????????????
[2021-12-10 22:52:23] <%박환작가_ (wnwkraus0)> ??
[2021-12-10 22:52:25] <%캉난나코에서나온밀면 (millmyeon)> 뭘까
[2021-12-10 22:52:28] <%$크라베이더 (kim6755)> 오징어공룡?
[2021-12-10 22:52:28] <박쿼카가쓴속옷선물바라기 (elograns10)> ??
[2021-12-10 22:52:28] <%+쥬쥬가슴이크던말던 (jasag3)> 본것도 같은데 뭐지
[2021-12-10 22:52:33] <외노자빵셔틀 (klauser7)> ???
[2021-12-10 22:52:38] <%박환작가_ (wnwkraus0)> ???
[2021-12-10 22:52:42] <%+쥬쥬가슴이크던말던 (jasag3)> 저게뭐임;
[2021-12-10 22:52:42] <누구보다단단하게 (musclema)> 뭐지?
[2021-12-10 22:52:42] <공효진너무좋와 (akxh84)> 뭐지?
[2021-12-10 22:52:45] <노루는노루스름 (dkwkql1)> 그딴게 어디써?
[2021-12-10 22:52:48] <박쿼카가쓴속옷선물바라기 (elograns10)> 뭐지?
[2021-12-10 22:52:53] <공효진너무좋와 (akxh84)> 그렇게 옛날 만화는 아닌거같네
[2021-12-10 22:52:55] <노루는노루스름 (dkwkql1)> 그게 뭔데 이 ㅆㄷ아
[2021-12-10 22:52:59] <%_클리셰_ (cliche06)> 쥬하
[2021-12-10 22:52:59] <@^빵_떡 (bbangddeock)> _클리셰_ 님 하이~!
[2021-12-10 22:53:03] <%+쥬쥬가슴이크던말던 (jasag3)> ?
[2021-12-10 22:53:04] <@^빵_떡 (bbangddeock)> bbangd1Un
[2021-12-10 22:53:05] <%_클리셰_ (cliche06)> 라는 내용의 애니 찾나요
[2021-12-10 22:53:06] <박쿼카가쓴속옷선물바라기 (elograns10)> 본거같기도....?
[2021-12-10 22:53:07] <노루는노루스름 (dkwkql1)> 영구와 공룡 쥬쥬
[2021-12-10 22:53:13] <%+쥬쥬가슴이크던말던 (jasag3)> 상상으로 만든거 아님?
[2021-12-10 22:53:17] <%$chejudongdeathdon> 쥬하쥬하
[2021-12-10 22:53:19] <%$chejudongdeathdon> !출첵
[2021-12-10 22:53:19] <@^빵_떡 (bbangddeock)> chejudongdeathdon --> [2021-12-10] 이 채널의 51 번째 출석체크입니다. bbangd1Love  [2연속]
[2021-12-10 22:53:21] <누구보다단단하게 (musclema)> 아
[2021-12-10 22:53:21] <누구보다단단하게 (musclema)> 그거
[2021-12-10 22:53:24] <누구보다단단하게 (musclema)> 디즈니 아니냐?
[2021-12-10 22:53:25] <%하링이겨에키스마크치얼쓰 (armpitmm)> 분홍 파랑은 왠만한 만화에는 다나오는
[2021-12-10 22:53:33] <%민트초코좋아요 (dudwns2446)> 남여가 공룡세계로 넘어가는 애니아님??
[2021-12-10 22:53:36] <%_클리셰_ (cliche06)> 저런거 첨 봣으믐
[2021-12-10 22:53:38] <%박환작가_ (wnwkraus0)> 아기공룡둘리
[2021-12-10 22:53:42] <공효진너무좋와 (akxh84)> 너무 옛날 만화는 아닌거같음 못봤는데
[2021-12-10 22:53:42] <%skull_gongmyeong> 공룡좋아한ㄴ데 첨본
[2021-12-10 22:53:43] <%민트초코좋아요 (dudwns2446)> 그거암 미국애니임
[2021-12-10 22:53:43] <%하링이겨에키스마크치얼쓰 (armpitmm)> 거울도 많은 만화에서 나오죠
[2021-12-10 22:53:46] <%+쥬쥬가슴이크던말던 (jasag3)> ??
[2021-12-10 22:53:49] <%민트초코좋아요 (dudwns2446)> EBS에서해준만화임
[2021-12-10 22:53:51] <누구보다단단하게 (musclema)> 그거 킹즈니
[2021-12-10 22:53:58] <박쿼카가쓴속옷선물바라기 (elograns10)> 오 맞아
[2021-12-10 22:53:59] <%민트초코좋아요 (dudwns2446)> 공룡세계인가
[2021-12-10 22:54:01] <공효진너무좋와 (akxh84)> 어 드디어 찾나
[2021-12-10 22:54:05] <%+쥬쥬가슴이크던말던 (jasag3)> 선물공룡디보
[2021-12-10 22:54:09] <노루는노루스름 (dkwkql1)> 아 ebs만화 안본다고~
[2021-12-10 22:54:10] <박쿼카가쓴속옷선물바라기 (elograns10)> 집단지성의 힘
[2021-12-10 22:54:10] <%_클리셰_ (cliche06)> 용용나라로 떠나요(Dragon tales)
[2021-12-10 22:54:11] <외노자빵셔틀 (klauser7)> 뭔지 전혀 모르는데 궁금하다
[2021-12-10 22:54:17] <%$크라베이더 (kim6755)> ㅋㅋㅋㅋ
[2021-12-10 22:54:22] <%_클리셰_ (cliche06)> 찾앗다
[2021-12-10 22:54:23] <%캉난나코에서나온밀면 (millmyeon)> ㅊㅊㅊㅊ
[2021-12-10 22:54:23] <%_클리셰_ (cliche06)> ㅎㅎㅎㅎㅎㅎㅎㅎㅎㅎㅎ
[2021-12-10 22:54:26] <%+쥬쥬가슴이크던말던 (jasag3)> 와 ㅋㅋㅋㅋㅋㅋㅋㅋㅋㅋㅋㅋㅋㅋㅋㅋ
[2021-12-10 22:54:26] <바르야 (whtjdz)> 아 이거 ㅋㅋㅋ
[2021-12-10 22:54:28] <박쿼카가쓴속옷선물바라기 (elograns10)> ㅋㅋㅋㅋㅋㅋㅋㅋㅋㅋㅋㅋㅋㅋ
[2021-12-10 22:54:29] <%박환작가_ (wnwkraus0)> 몰라요
[2021-12-10 22:54:30] <%캉난나코에서나온밀면 (millmyeon)> 집단지성이 승리했다!
[2021-12-10 22:54:30] <%$크라베이더 (kim6755)> 아
[2021-12-10 22:54:31] <%skull_gongmyeong> 아
[2021-12-10 22:54:34] <%$크라베이더 (kim6755)> 이거였음?
[2021-12-10 22:54:34] <외노자빵셔틀 (klauser7)> 키메라도 있어
[2021-12-10 22:54:38] <박쿼카가쓴속옷선물바라기 (elograns10)> 와 이걸 맞추네
[2021-12-10 22:54:41] <%하링이겨에키스마크치얼쓰 (armpitmm)> 아 이거
[2021-12-10 22:54:41] <%skull_gongmyeong> 설명이 참 좋았어요
[2021-12-10 22:54:43] <%_클리셰_ (cliche06)> 구글에 키워드 검색해서 찾음
[2021-12-10 22:54:44] <노루는노루스름 (dkwkql1)> 그림만 봐도 개재미 없게 생겼네
[2021-12-10 22:54:46] <외노자빵셔틀 (klauser7)> 공룡 무떠웡
[2021-12-10 22:54:47] <%하링이겨에키스마크치얼쓰 (armpitmm)> 이거 알어
[2021-12-10 22:54:54] <공효진너무좋와 (akxh84)> 공룡이 ... 사람이 탈쓴거자너
[2021-12-10 22:55:00] <박쿼카가쓴속옷선물바라기 (elograns10)> ㅋㅋㅋㅋㅋㅋㅋ
[2021-12-10 22:55:01] <하기시러 (xocjs122)> 저것들 잡으면 내단이 있겠지??
[2021-12-10 22:55:16] <%_클리셰_ (cliche06)> 이걸 찾은 내가 대견하다
[2021-12-10 22:55:17] <누구보다단단하게 (musclema)> 여주 쥬쥬 닮았다
[2021-12-10 22:55:18] <외노자빵셔틀 (klauser7)> 쥬쥬 네일 떨어진걸로 가네
[2021-12-10 22:55:19] <노루는노루스름 (dkwkql1)> 아 저러니 어케 찾누
[2021-12-10 22:55:20] <바르야 (whtjdz)> 재미있게 봤었는데
[2021-12-10 22:55:26] <박쿼카가쓴속옷선물바라기 (elograns10)> 이때도 이세계물이 있었네요
[2021-12-10 22:55:32] <%박환작가_ (wnwkraus0)> 제가 아는 ebs만화는 보라색 티셔츠입은 여자가 영어할려주는 만화바꼐 기억안나
[2021-12-10 22:55:32] <%_클리셰_ (cliche06)> ㅎㅎㅎㅎㅎㅎㅎㅎㅎㅎㅎ
[2021-12-10 22:55:37] <%_클리셰_ (cliche06)> 이건먼데
[2021-12-10 22:55:45] <하기시러 (xocjs122)> 이거지!
[2021-12-10 22:55:47] <누구보다단단하게 (musclema)> 이거 처음봄
[2021-12-10 22:55:51] <박쿼카가쓴속옷선물바라기 (elograns10)> 틀니 언양갱 홍삼캔디 압수!
[2021-12-10 22:55:51] <누구보다단단하게 (musclema)> 유희왕은 아는데
[2021-12-10 22:55:57] <공효진너무좋와 (akxh84)> 애들만화에 보컬이 왤케 굵직해
[2021-12-10 22:55:57] <토요일이좋아 (saturday0120)> 쥬하
[2021-12-10 22:55:58] <@^빵_떡 (bbangddeock)> 토요일이좋아 님 하이~!
[2021-12-10 22:56:04] <토요일이좋아 (saturday0120)> 아니 오자마자 추억의 노래라니
[2021-12-10 22:56:10] <외노자빵셔틀 (klauser7)> 뭐지
[2021-12-10 22:56:12] <%+쥬쥬가슴이크던말던 (jasag3)> 와
[2021-12-10 22:56:14] <%캉난나코에서나온밀면 (millmyeon)> ㅋㅋㅋㅋㅋㅋㅋ
[2021-12-10 22:56:14] <토요일이좋아 (saturday0120)> 와 이거 알면 틀니딱딱인데
[2021-12-10 22:56:16] <%+쥬쥬가슴이크던말던 (jasag3)> 와 ㅋㅋㅋㅋㅋㅋㅋㅋㅋㅋㅋㅋㅋㅋ
[2021-12-10 22:56:19] <공효진너무좋와 (akxh84)> 귀가 위에있는데
[2021-12-10 22:56:19] <%_클리셰_ (cliche06)> 귀 4개 ㄷㄷ
[2021-12-10 22:56:20] <%민트초코좋아요 (dudwns2446)> 캐나다 애니!!!
[2021-12-10 22:56:22] <%+쥬쥬가슴이크던말던 (jasag3)> ㅋㅋㅋㅋㅋㅋㅋㅋㅋㅋㅋㅋㅋㅋㅋㅋㅋㅋㅋㅋㅋ
[2021-12-10 22:56:22] <%하링이겨에키스마크치얼쓰 (armpitmm)> ㅋㅋㅋㅋㅋㅋㅋㅋ
[2021-12-10 22:56:22] <공효진너무좋와 (akxh84)> 왜 안경을 눈옆에써?
[2021-12-10 22:56:24] <노루는노루스름 (dkwkql1)> 저게 뭐야
[2021-12-10 22:56:26] <토요일이좋아 (saturday0120)> 귀는 머리위에 있는데 이어폰은 안경옆에 꽂는 친구들
[2021-12-10 22:56:27] <%하링이겨에키스마크치얼쓰 (armpitmm)> 전화 제대로 못하는 애들
[2021-12-10 22:56:28] <%얻어탄탑승자 (b1ue_light_)> 귀4개 ㄷㄷ
[2021-12-10 22:56:38] <노루는노루스름 (dkwkql1)> 쥬쥬같이 생긴 애들이 나오네
[2021-12-10 22:56:42] <외노자빵셔틀 (klauser7)> 웜뱃인가
[2021-12-10 22:56:47] <공효진너무좋와 (akxh84)> 동족이다
[2021-12-10 22:56:47] <%박환작가_ (wnwkraus0)> 카메라 많다
[2021-12-10 22:56:48] <누구보다단단하게 (musclema)> 미국 애니는 사우스파크 미만잡 아님?
[2021-12-10 22:56:49] <%민트초코좋아요 (dudwns2446)> 미국 만화중에  그    애기들나오는 애니잇엇는데 서로 사촌들이엿나
[2021-12-10 22:56:58] <박쿼카가쓴속옷선물바라기 (elograns10)> 헉
[2021-12-10 22:56:58] <토요일이좋아 (saturday0120)> 와 유니미니펫이라니 이건 킹정이지
[2021-12-10 22:56:59] <%+쥬쥬가슴이크던말던 (jasag3)> 디지몬 아류종
[2021-12-10 22:57:04] <%_클리셰_ (cliche06)> ㅇㄴㅁㄴㅍ
[2021-12-10 22:57:10] <외노자빵셔틀 (klauser7)> 나 몬스터들이 눈이 저렇게 초롱초롱한게 맘에 안듬
[2021-12-10 22:57:10] <박쿼카가쓴속옷선물바라기 (elograns10)> 이제 기억난다
[2021-12-10 22:57:12] <공효진너무좋와 (akxh84)> 국산 피카추인가?
[2021-12-10 22:57:24] <박쿼카가쓴속옷선물바라기 (elograns10)> 디지몬 짭느낌
[2021-12-10 22:57:33] <%+쥬쥬가슴이크던말던 (jasag3)> ㅋㅋㅋㅋㅋㅋㅋㅋㅋㅋㅋㅋㅋㅋㅋㅋㅋㅋㅋㅋㅋㅋㅋㅋ
[2021-12-10 22:57:35] <공효진너무좋와 (akxh84)> 설레
[2021-12-10 22:57:37] <%캉난나코에서나온밀면 (millmyeon)> 만날 수 없어!
[2021-12-10 22:57:37] <%하링이겨에키스마크치얼쓰 (armpitmm)> 국산 피카츄 ㅋㅋㅋㅋㅋㅋㅋㅋㅋ
[2021-12-10 22:57:38] <황금늘보 (neulbo)> 쥬하
[2021-12-10 22:57:38] <@^빵_떡 (bbangddeock)> 황금늘보 님 하이~!
[2021-12-10 22:57:39] <%얻어탄탑승자 (b1ue_light_)> 아
[2021-12-10 22:57:41] <%얻어탄탑승자 (b1ue_light_)> 이건
[2021-12-10 22:57:42] <%박환작가_ (wnwkraus0)> 항상 설레
[2021-12-10 22:57:43] <%얻어탄탑승자 (b1ue_light_)> 진리지
[2021-12-10 22:57:44] <누구보다단단하게 (musclema)> 쥬쥬보다 이쁘다
[2021-12-10 22:57:45] <%_클리셰_ (cliche06)> 이거 트위치에서 더 많이 본거 같아
[2021-12-10 22:57:47] <공효진너무좋와 (akxh84)> 클램프는 작화가 미쳤어
[2021-12-10 22:57:49] <황금늘보 (neulbo)> 아 권혁수 데려와라
[2021-12-10 22:57:53] <황금늘보 (neulbo)> 원본 가져와
[2021-12-10 22:57:55] <%+쥬쥬가슴이크던말던 (jasag3)> 이거 본다고 밝히면 왕따당했었음 ㅋㅋㅋㅋㅋㅋㅋㅋㅋㅋㅋㅋ
[2021-12-10 22:57:59] <외노자빵셔틀 (klauser7)> 사쿠라네? 사쿠라여?
[2021-12-10 22:57:59] <누구보다단단하게 (musclema)> 선넘네 쥬쥬
[2021-12-10 22:58:00] <박쿼카가쓴속옷선물바라기 (elograns10)> ㅋㅋㅋㅋㅋㅋㅋㅋㅋ
[2021-12-10 22:58:10] <%+쥬쥬가슴이크던말던 (jasag3)> 오
[2021-12-10 22:58:11] <토요일이좋아 (saturday0120)> 난 다봤다....
[2021-12-10 22:58:14] <%캉난나코에서나온밀면 (millmyeon)> ㅗㅜㅑ
[2021-12-10 22:58:14] <공효진너무좋와 (akxh84)> 만화책 꿀잼이였을텐데
[2021-12-10 22:58:23] <%민트초코좋아요 (dudwns2446)> 친구라 ㅇ키스함?
[2021-12-10 22:58:23] <%+쥬쥬가슴이크던말던 (jasag3)> 클램프 진짜 아청 에바임 ㄹㅇㅋㅋㅋㅋㅋㅋㅋㅋㅋ
[2021-12-10 22:58:24] <토요일이좋아 (saturday0120)> 만화책 키스씬내지 게이물 레즈물 다나왔었던 레전설이죠
[2021-12-10 22:58:28] <%+쥬쥬가슴이크던말던 (jasag3)> 선생이랑 초딩이랑 사귐ㅋㅋㅋㅋㅋㅋㅋㅋ
[2021-12-10 22:58:29] <황금늘보 (neulbo)> 그런 쥬쥬는 커서...
[2021-12-10 22:58:40] <황금늘보 (neulbo)> 남자 볼때 어딜보냐면...
[2021-12-10 22:58:42] <황금늘보 (neulbo)> 여기까지
[2021-12-10 22:58:44] <외노자빵셔틀 (klauser7)> 그 작가집단이 만화가 대부분 야했던걸로 기억하는데
[2021-12-10 22:58:48] <토요일이좋아 (saturday0120)> 체리 남친은 체리가 짝사랑하던 오빠에게 얼굴 붉혔었다죠
[2021-12-10 22:58:56] <%+쥬쥬가슴이크던말던 (jasag3)> ㅋㅋㅋㅋㅋㅋㅋㅋㅋㅋㅋㅋㅋㅋㅋㅋㅋㅋㅋㅋㅋㅋㅋㅋㅋㅋㅋㅋㅋ
[2021-12-10 22:59:00] <박쿼카가쓴속옷선물바라기 (elograns10)> 와
[2021-12-10 22:59:00] <%캉난나코에서나온밀면 (millmyeon)> ㅋㅋㅋㅋㅋㅋㅋㅋㅋㅋ
[2021-12-10 22:59:04] <공효진너무좋와 (akxh84)> 딱봐도 힐링물이다
[2021-12-10 22:59:07] <토요일이좋아 (saturday0120)> ]이 거북이들 참...
[2021-12-10 22:59:07] <박쿼카가쓴속옷선물바라기 (elograns10)> 소름 ㄷㄷ
[2021-12-10 22:59:10] <%박환작가_ (wnwkraus0)> 전자팔찌인가?
[2021-12-10 22:59:15] <외노자빵셔틀 (klauser7)> 닌자가 아닌게 맘에 안든다
[2021-12-10 22:59:18] <박쿼카가쓴속옷선물바라기 (elograns10)> ㅋㅋㅋㅋㅋㅋㅋㅋㅋㅋㅋㅋㅋ
[2021-12-10 22:59:20] <%+쥬쥬가슴이크던말던 (jasag3)> ㅋㅋㅋㅋㅋㅋㅋㅋㅋㅋㅋㅋㅋㅋㅋㅋㅋㅋㅋㅋㅋㅋㅋㅋㅋㅋㅋㅋㅋㅋㅋㅋㅋㅋㅋㅋㅋㅋㅋㅋㅋ
[2021-12-10 22:59:29] <%+쥬쥬가슴이크던말던 (jasag3)> 인형 이름이 아지임ㅋㅋㅋㅋㅋㅋㅋㅋ
[2021-12-10 22:59:34] <%+쥬쥬가슴이크던말던 (jasag3)> 와 ㅋㅋㅋㅋㅋㅋㅋㅋㅋㅋㅋㅋㅋㅋㅋㅋㅋ
[2021-12-10 22:59:38] <%빨간_돌새 (red_stonebird)> 딱봐도 재미없어 보이는데
[2021-12-10 22:59:38] <박쿼카가쓴속옷선물바라기 (elograns10)> 헉 ㄷㄷㄷㄷ
[2021-12-10 22:59:40] <%+쥬쥬가슴이크던말던 (jasag3)> 저 선생님 진짜 사이코임ㅋㅋㅋㅋㅋㅋㅋㅋㅋㅋㅋㅋㅋㅋ
[2021-12-10 22:59:43] <%skull_gongmyeong> ㄴㅇㄱ
[2021-12-10 22:59:48] <%캉난나코에서나온밀면 (millmyeon)> 야호! 문어!
[2021-12-10 22:59:48] <@^빵_떡 (bbangddeock)> 방장은 관심이 고파요. 빨리 말걸어주세요.
[2021-12-10 22:59:48] <@^빵_떡 (bbangddeock)> 어서오세요 아직 팔로우 안하셨다면 팔로우 부탁해요 °˖✧◝(⁰▿⁰)◜✧˖°
[2021-12-10 22:59:59] <%+쥬쥬가슴이크던말던 (jasag3)> ?
[2021-12-10 22:59:59] <@^빵_떡 (bbangddeock)> bbangd1Un
[2021-12-10 23:00:02] <%+쥬쥬가슴이크던말던 (jasag3)> 학폭논란
[2021-12-10 23:00:16] <%+쥬쥬가슴이크던말던 (jasag3)> ?
[2021-12-10 23:00:16] <@^빵_떡 (bbangddeock)> bbangd1Un
[2021-12-10 23:00:19] <공효진너무좋와 (akxh84)> 갑자기?
[2021-12-10 23:00:19] <외노자빵셔틀 (klauser7)> 진짜 지금보니 미국애니는 미국 느낌이 물씬나네 주제가가
[2021-12-10 23:00:20] <박쿼카가쓴속옷선물바라기 (elograns10)> n97aBUKBUK
[2021-12-10 23:00:27] <%+쥬쥬가슴이크던말던 (jasag3)> ㅋㅋㅋㅋㅋㅋㅋㅋㅋㅋㅋㅋㅋㅋㅋㅋㅋㅋㅋㅋㅋㅋㅋㅋㅋㅋㅋㅋㅋㅋㅋㅋ
[2021-12-10 23:00:29] <공효진너무좋와 (akxh84)> ㅋㅋㅋㅋㅋㅋㅋㅋㅋㅋ
[2021-12-10 23:00:30] <%+쥬쥬가슴이크던말던 (jasag3)> ㅋㅋㅋㅋㅋㅋㅋㅋㅋㅋㅋㅋㅋㅋㅋㅋㅋㅋㅋㅋㅋㅋㅋㅋㅋㅋㅋㅋㅋㅋㅋㅋㅋㅋㅋㅋㅋㅋㅋㅋㅋㅋㅋㅋㅋㅋ
[2021-12-10 23:00:34] <공효진너무좋와 (akxh84)> 야미야미
[2021-12-10 23:00:34] <%캉난나코에서나온밀면 (millmyeon)> 대충 1+1영상ㅋㅋㅋㅋㅋ
[2021-12-10 23:00:36] <%하링이겨에키스마크치얼쓰 (armpitmm)> 입덧
[2021-12-10 23:00:37] <%+쥬쥬가슴이크던말던 (jasag3)> 타이밍 ㅅ밬ㅋㅋㅋㅋㅋㅋㅋ
[2021-12-10 23:00:40] <토요일이좋아 (saturday0120)> 홍어를 먹어? 홍어를 먹어?
[2021-12-10 23:00:42] <공효진너무좋와 (akxh84)> 저분 서지혜 닮았네
[2021-12-10 23:00:45] <%+쥬쥬가슴이크던말던 (jasag3)> 와
[2021-12-10 23:00:46] <%$chejudongdeathdon> 왜왜???
[2021-12-10 23:00:51] <%+쥬쥬가슴이크던말던 (jasag3)> 다크시니! 다크시니! 다크시니! 다크시니! 다크시니! 다크시니! 다크시니! 다크시니! 다크시니! 다크시니! 다크시니!
[2021-12-10 23:00:51] <박쿼카가쓴속옷선물바라기 (elograns10)> 캬
[2021-12-10 23:00:53] <%+쥬쥬가슴이크던말던 (jasag3)> 다크시니! 다크시니! 다크시니! 다크시니! 다크시니! 다크시니! 다크시니! 다크시니! 다크시니! 다크시니!
[2021-12-10 23:00:54] <%+쥬쥬가슴이크던말던 (jasag3)> 다크시니! 다크시니! 다크시니! 다크시니! 다크시니! 다크시니! 다크시니! 다크시니!
[2021-12-10 23:01:00] <%$chejudongdeathdon> 아... 입덧....
[2021-12-10 23:01:00] <토요일이좋아 (saturday0120)> 다크시니가 진주인공인 애니
[2021-12-10 23:01:21] <%skull_gongmyeong> 즐거웠다...
[2021-12-10 23:01:22] <%$크라베이더 (kim6755)> 학교괴담?
[2021-12-10 23:01:27] <토요일이좋아 (saturday0120)> 엄마가 퇴마 허술하게해서 딸내미가 다 처리하는 애니메이션
[2021-12-10 23:01:28] <%박환작가_ (wnwkraus0)> 학교괴담은 엔딩도 노래 좋죠
[2021-12-10 23:01:36] <%$크라베이더 (kim6755)> 케로로당.
[2021-12-10 23:01:38] <%이구남 (93_man)> 케로로
[2021-12-10 23:01:40] <박쿼카가쓴속옷선물바라기 (elograns10)> 케로로
[2021-12-10 23:01:46] <%+쥬쥬가슴이크던말던 (jasag3)> 초딩들 난리났었지
[2021-12-10 23:01:47] <%$크라베이더 (kim6755)> 타이푼
[2021-12-10 23:01:48] <공효진너무좋와 (akxh84)> 좋다
[2021-12-10 23:01:54] <%$크라베이더 (kim6755)> 솔비 요새 화가로 잘나가자나
[2021-12-10 23:02:09] <박쿼카가쓴속옷선물바라기 (elograns10)> 스티커 공책에 수집하고 다녔죠
[2021-12-10 23:02:10] <외노자빵셔틀 (klauser7)> 눈에 백내장 온줄... 엄청뿌옇네
[2021-12-10 23:02:10] <토요일이좋아 (saturday0120)> 케로로 스티커 참 많이 모았었죠
[2021-12-10 23:02:11] <%박환작가_ (wnwkraus0)> 솔비에요
[2021-12-10 23:02:16] <토요일이좋아 (saturday0120)> 타이푼의 여자멤버가 솔비에요
[2021-12-10 23:02:19] <%하링이겨에키스마크치얼쓰 (armpitmm)> 저 케로로 모자가 일제 군인 상징인지는 몰랏지
[2021-12-10 23:02:21] <하기시러 (xocjs122)> 기로로가 멋있지
[2021-12-10 23:02:23] <박쿼카가쓴속옷선물바라기 (elograns10)> ㅋㅋㅋㅋㅋ
[2021-12-10 23:02:29] <%이구남 (93_man)> 근데 솔비만 뜸
[2021-12-10 23:02:33] <토요일이좋아 (saturday0120)> 그당시엔 케로로 빵이 500원이었는데.,..
[2021-12-10 23:02:43] <%$크라베이더 (kim6755)> 빵 맛있었지
[2021-12-10 23:02:53] <%$크라베이더 (kim6755)> 기로로빵일걸
[2021-12-10 23:02:55] <토요일이좋아 (saturday0120)> 지금은 삼립에서 쿠키런빵이 나옵니다
[2021-12-10 23:02:55] <%$크라베이더 (kim6755)> 초코롤이
[2021-12-10 23:02:57] <%+쥬쥬가슴이크던말던 (jasag3)> ㅋㅋㅋㅋㅋㅋㅋㅋㅋㅋㅋㅋㅋㅋㅋㅋㅋㅋㅋㅋㅋㅋㅋㅋㅋㅋㅋㅋ
[2021-12-10 23:02:59] <%얻어탄탑승자 (b1ue_light_)> 와...
[2021-12-10 23:02:59] <외노자빵셔틀 (klauser7)> 벗겨먹는 고오스가 국룰인데
[2021-12-10 23:02:59] <토요일이좋아 (saturday0120)> 아 전설의 띵작이다...
[2021-12-10 23:03:02] <%하링이겨에키스마크치얼쓰 (armpitmm)> ㄷㄷㄷㄷㄷ
[2021-12-10 23:03:06] <하기시러 (xocjs122)> 해피트리!!
[2021-12-10 23:03:12] <%이구남 (93_man)> 잔인한거
[2021-12-10 23:03:14] <토요일이좋아 (saturday0120)> 아뇨 더럽게 잔인한 고어애니에요
[2021-12-10 23:03:19] <%얻어탄탑승자 (b1ue_light_)> 진짜 쥰내 고어해서 충격받았었어 첨에
[2021-12-10 23:03:22] <TPRTM892> 5세미만애기들이 보는거임
[2021-12-10 23:03:40] <TPRTM892> 마즘
[2021-12-10 23:03:49] <%하링이겨에키스마크치얼쓰 (armpitmm)> 잔인해
[2021-12-10 23:03:52] <하기시러 (xocjs122)> 애들이 갈리고 죽어
[2021-12-10 23:03:52] <토요일이좋아 (saturday0120)> 저 캐릭터들이 피와살점의 파티를 즐깁니다
[2021-12-10 23:03:55] <%박상현입니다 (qzjhdo)> 이상한 유튜브
[2021-12-10 23:04:03] <%이구남 (93_man)> ucc 사이트 들어가면 다 나옴
[2021-12-10 23:04:13] <외노자빵셔틀 (klauser7)> 이상한 사이트 공유합니다 : https://www.twitch.tv/zhuvely95
[2021-12-10 23:04:39] <공효진너무좋와 (akxh84)> 요건 재미있어보인다
[2021-12-10 23:04:57] <%이구남 (93_man)> 지미뉴트론도 자주 봤었는데
[2021-12-10 23:04:57] <TPRTM892> 파프걸 재밌지
[2021-12-10 23:04:58] <외노자빵셔틀 (klauser7)> 개구쟁이 보거스는 잼있었는데
[2021-12-10 23:05:02] <TPRTM892> 모조조조!
[2021-12-10 23:05:03] <토요일이좋아 (saturday0120)> 추억 하나만 더 보내고 저도 이제 다시 구경모드
[2021-12-10 23:05:18] <%+쥬쥬가슴이크던말던 (jasag3)> ㅋㅋㅋㅋㅋㅋㅋㅋㅋㅋㅋㅋㅋㅋㅋㅋㅋㅋㅋㅋㅋㅋㅋㅋㅋㅋㅋㅋㅋ
[2021-12-10 23:05:20] <%박환작가_ (wnwkraus0)> 저거 꿀잼
[2021-12-10 23:05:23] <박쿼카가쓴속옷선물바라기 (elograns10)> 캬
[2021-12-10 23:05:29] <%+쥬쥬가슴이크던말던 (jasag3)> 이것도 일요일 애니 아님?
[2021-12-10 23:05:31] <공효진너무좋와 (akxh84)> 왕장님 찾아?
[2021-12-10 23:05:34] <토요일이좋아 (saturday0120)> 저거저거 저 여자애가 애완동물데리고 하늘올라가서 별의힘 모은다고 ㅋㅋㅋ
[2021-12-10 23:05:38] <외노자빵셔틀 (klauser7)> 핑크 올백머리 개 힙하네 ㅋㅋㅋ
[2021-12-10 23:05:40] <박쿼카가쓴속옷선물바라기 (elograns10)> ㅋㅋㅋㅋㅋㅋㅋ
[2021-12-10 23:05:41] <토요일이좋아 (saturday0120)> 네 봤어요 ㅋㅋㅋ
[2021-12-10 23:05:41] <%이구남 (93_man)> 첨보는데
[2021-12-10 23:05:43] <하기시러 (xocjs122)> 우린 애니는 안가리고 봤기때문이지
[2021-12-10 23:05:46] <공효진너무좋와 (akxh84)> 누나있음 보게 되겠죠
[2021-12-10 23:05:53] <토요일이좋아 (saturday0120)> 저는 여동생이 있었으니깐요
[2021-12-10 23:05:53] <%+쥬쥬가슴이크던말던 (jasag3)> 이거 보는거 걸리면 왕따 당했음 ㅋㅋㅋㅋㅋㅋ
[2021-12-10 23:05:54] <공효진너무좋와 (akxh84)> 티비 시청권이 누나한테 있으니까 ㅋ
[2021-12-10 23:05:59] <%이구남 (93_man)> 나는 요정 컴미 봤는데
[2021-12-10 23:06:05] <누구보다단단하게 (musclema)> 사우스파크가 레전드지
[2021-12-10 23:06:07] <TPRTM892> 쥬쥬 모조조조 닮음
[2021-12-10 23:06:09] <토요일이좋아 (saturday0120)> 파워퍼프걸은 저 3명이 깽판치고 다니던 애니죠
[2021-12-10 23:06:12] <%민트초코좋아요 (dudwns2446)> 띠떼쁘
[2021-12-10 23:06:14] <외노자빵셔틀 (klauser7)> 사우스파크가 꿀잼
[2021-12-10 23:06:16] <토요일이좋아 (saturday0120)> 요정코미 ㅋㅋㅋ
[2021-12-10 23:06:29] <토요일이좋아 (saturday0120)> 와 슈퍼갤즈 이거 여자애들에게 교과서 아님?
[2021-12-10 23:06:30] <박쿼카가쓴속옷선물바라기 (elograns10)> 와 추억 ㄷㄷㄷ
[2021-12-10 23:06:30] <%박환작가_ (wnwkraus0)> 요정컴미 재미있죠
[2021-12-10 23:06:34] <공효진너무좋와 (akxh84)> 다리뭐야 ㅋ
[2021-12-10 23:06:40] <%+쥬쥬가슴이크던말던 (jasag3)> 다리 젓가락인거봐 ㅋㅋㅋㅋㅋㅋㅋㅋㅋㅋ
[2021-12-10 23:06:44] <외노자빵셔틀 (klauser7)> 이거 변신 때 엄청 야하잖아
[2021-12-10 23:06:44] <%이구남 (93_man)> 이것도 처음 보네
[2021-12-10 23:07:04] <외노자빵셔틀 (klauser7)> 일본판 변신때 엄청 야했던걸로 기억하는데
[2021-12-10 23:07:05] <%박환작가_ (wnwkraus0)> 매직키드마수리도 재미있게 봤는데
[2021-12-10 23:07:10] <토요일이좋아 (saturday0120)> 이거 만화책으로 봐야 진짜 꿀잼인데... 애들이 다 저렇게 날라리인척 하지만 사실은 순애보들이라구... 사랑앞에 순수한 소녀들 야레야레
[2021-12-10 23:07:44] <%이구남 (93_man)> 정신병 올걱 같앜ㅋㅋㅋㅋㅋ
[2021-12-10 23:07:59] <토요일이좋아 (saturday0120)> 와 오늘도 정의로운 도둑이 되게해주세요
[2021-12-10 23:08:03] <%얻어탄탑승자 (b1ue_light_)> 도동년 잡아라!! 도동년 잡아라!! 도동년 잡아라!! 도동년 잡아라!! 도동년 잡아라!! 도동년 잡아라!! 도동년 잡아라!! 도동년 잡아라!! 도동년 잡아라!! 도동년 잡아라!! 도동년 잡아라!! 도동년 잡아라!!
[2021-12-10 23:08:11] <%$chejudongdeathdon> 셜록!
[2021-12-10 23:08:14] <토요일이좋아 (saturday0120)> 9N년생 남자들의 첫사랑 네티!!!!
[2021-12-10 23:08:19] <!+아조시손 (ajs_hand)> 안면인식장애 에반데
[2021-12-10 23:08:22] <박쿼카가쓴속옷선물바라기 (elograns10)> ㅋㅋㅋㅋㅋㅋㅋㅋㅋㅋㅋㅋㅋㅋ
[2021-12-10 23:08:27] <공효진너무좋와 (akxh84)> ㅋㅋㅋ안면인식장애
[2021-12-10 23:08:29] <공효진너무좋와 (akxh84)> 맞다 ㅋ
[2021-12-10 23:08:29] <%얻어탄탑승자 (b1ue_light_)> 나는 나디아 였는데
[2021-12-10 23:08:30] <%이구남 (93_man)> ㅋㅋㅋㅋㅋㅋㅋ
[2021-12-10 23:08:40] <!+아조시손 (ajs_hand)> 바람을 가르는
[2021-12-10 23:08:42] <토요일이좋아 (saturday0120)> 어릴때 저거 보고 풍선 겁나 모아서 갔었다....... 하늘에 못떠서 울었지
[2021-12-10 23:08:45] <%+쥬쥬가슴이크던말던 (jasag3)> 와
[2021-12-10 23:08:46] <%얻어탄탑승자 (b1ue_light_)> 저거도 어렸을때 남자아이들의
[2021-12-10 23:08:47] <!+아조시손 (ajs_hand)> 엄청난 애니였음
[2021-12-10 23:08:49] <%얻어탄탑승자 (b1ue_light_)> 로망이었지
[2021-12-10 23:08:50] <공효진너무좋와 (akxh84)> 진자 옛날꺼다
[2021-12-10 23:08:52] <!+아조시손 (ajs_hand)> 저거 보고 있으면 가슴이 웅장해졌음
[2021-12-10 23:08:53] <%$chejudongdeathdon> 와! 멋지다!
[2021-12-10 23:08:53] <공효진너무좋와 (akxh84)> 멋있어 웅장해
[2021-12-10 23:08:54] <토요일이좋아 (saturday0120)> 이거 장난감 모았었지
[2021-12-10 23:08:56] <박쿼카가쓴속옷선물바라기 (elograns10)> 캬 레전드다
[2021-12-10 23:09:04] <바르야 (whtjdz)> 힘껏 던져라~~
[2021-12-10 23:09:07] <%$chejudongdeathdon> 남자답게 생겼음!
[2021-12-10 23:09:09] <토요일이좋아 (saturday0120)> 이거 야구 말고 축구도 있음
[2021-12-10 23:09:13] <공효진너무좋와 (akxh84)> 오 메카
[2021-12-10 23:09:14] <%+쥬쥬가슴이크던말던 (jasag3)> 이거 때문에 또 형한테 개쳐맞았는데
[2021-12-10 23:09:16] <%$chejudongdeathdon> 이거 서울방송에서만 해주던건가요!
[2021-12-10 23:09:22] <%+쥬쥬가슴이크던말던 (jasag3)> ?
[2021-12-10 23:09:22] <@^빵_떡 (bbangddeock)> bbangd1Un
[2021-12-10 23:14:51] <%+쥬쥬가슴이크던말던 (jasag3)> 컴미?
[2021-12-10 23:16:46] <%박환작가_ (wnwkraus0)> 디지몬?
[2021-12-10 23:17:02] <외노자빵셔틀 (klauser7)> 왜 사람을 자꾸 오징어처럼 그려요
[2021-12-10 23:17:07] <공효진너무좋와 (akxh84)> 교육만화네
[2021-12-10 23:17:09] <토요일이좋아 (saturday0120)> 이거 디지몬이네
[2021-12-10 23:17:10] <TPRTM892> 그거 안다
[2021-12-10 23:17:15] <%$chejudongdeathdon> 아니요...
[2021-12-10 23:17:17] <%+쥬쥬가슴이크던말던 (jasag3)> 요정 컴미
[2021-12-10 23:17:22] <!+아조시손 (ajs_hand)> 돈데크만인가
[2021-12-10 23:17:22] <TPRTM892> 독고탁 이자늠
