# Log started: 2021-12-10 21:43:04 +0900
[2021-12-10 21:43:04] #zzanicoya 채널 입장 중입니다
[2021-12-10 21:43:04] #zzanicoya 채널에 입장했습니다
[2021-12-10 21:43:04] ~하얀애기고양이인 나 (Just Chatting)~
[2021-12-10 21:43:07] <%끄윽 (guuuuk_)> 헉
[2021-12-10 21:43:08] <%산새모자 (waltzzzz)> ㅗㅜㅑ
[2021-12-10 21:43:16] <크림카스테라 (nesta122)> ㅗㅜㅑ
[2021-12-10 21:43:17] <%산새모자 (waltzzzz)> 책이 눈에 들어와?
[2021-12-10 21:43:19] <%누가그거하래 (jinsu9709)> ㅋㅋㅋㅋㅋㅋㅋ요즘 저렇게 공부한대네여 ㅋㅋ
[2021-12-10 21:43:28] <꼬막따는냥이 (cckorea)> ㅗㅜㅑ
[2021-12-10 21:43:31] <%라우22 (mym0377)> ㅋㅋㅋ
[2021-12-10 21:43:31] <%산새모자 (waltzzzz)> ㅋㅋㅋㅋㅋㅋㅋㅋ
[2021-12-10 21:43:36] <%끄윽 (guuuuk_)> 한명만 공부하는 방송
[2021-12-10 21:43:53] <크림카스테라 (nesta122)> 공부 집중 안되겠다
[2021-12-10 21:43:55] <%산새모자 (waltzzzz)> 와
[2021-12-10 21:43:59] <%산새모자 (waltzzzz)> 완전흑발이네
[2021-12-10 21:44:01] <%누가그거하래 (jinsu9709)> 꼬리달고계시네
[2021-12-10 21:44:54] <%산새모자 (waltzzzz)> 투톤?
[2021-12-10 21:44:56] <%산새모자 (waltzzzz)> ㅇㅎ
[2021-12-10 21:44:57] <%산새모자 (waltzzzz)> 이쁨
[2021-12-10 21:45:10] <%누가그거하래 (jinsu9709)> 괜찮은듯
[2021-12-10 21:45:21] <%산새모자 (waltzzzz)> 브릿지피스 이쁘지
[2021-12-10 21:45:42] <%라우22 (mym0377)> ?
[2021-12-10 21:45:42] <@^Nightbot> 15444번째 갈고리야요...(｡•́︿•̀｡)
[2021-12-10 21:45:44] <꼬막따는냥이 (cckorea)> ?
[2021-12-10 21:45:55] <%산새모자 (waltzzzz)> ㅋㅋㅋㅋㅋㅋ
[2021-12-10 21:45:58] <%끄윽 (guuuuk_)> 크리스마스까지 -3kg는 어디갔어요
[2021-12-10 21:46:10] <%끄윽 (guuuuk_)> ?
[2021-12-10 21:46:16] <꼬막따는냥이 (cckorea)> heart2Ppd2 heart2Ppd2 heart2Ppd2
[2021-12-10 21:46:19] <%누가그거하래 (jinsu9709)> 가능하것지..ㅋㅋㅋ
[2021-12-10 21:46:21] <%산새모자 (waltzzzz)> ㅋ
[2021-12-10 21:46:22] <%끄윽 (guuuuk_)> 뭐라해드렸습니다
[2021-12-10 21:46:31] <%라우22 (mym0377)> zzanicOyaddd
[2021-12-10 21:46:35] <%산새모자 (waltzzzz)> 아 네..
[2021-12-10 21:46:38] <%라우22 (mym0377)> 네..
[2021-12-10 21:47:00] <%라우22 (mym0377)> 먹은김에 지르세요
[2021-12-10 21:47:01] <%산새모자 (waltzzzz)> 어차피 먹는데
[2021-12-10 21:47:04] <%산새모자 (waltzzzz)> 뭘 참음
[2021-12-10 21:47:06] <%누가그거하래 (jinsu9709)> 어짜피먹는거
[2021-12-10 21:47:07] <%끄윽 (guuuuk_)> 어차피 먹는데 맛있게 먹어요
[2021-12-10 21:47:08] <%누가그거하래 (jinsu9709)> 맛있게드세요 ㅋㅋ
[2021-12-10 21:47:12] <크림카스테라 (nesta122)> 아까 쨔니랑 비슷한 치마에 패딩 입은 여자 봤는데 패딩 너무 안어울리던데
[2021-12-10 21:47:22] <%산새모자 (waltzzzz)> 배신감 생기라고 하나 만들어야겠다
[2021-12-10 21:47:25] <서쪽별 (weststars11)> 그게 왜 배신감?
[2021-12-10 21:47:28] <%+대늬 (dannyhis)> 방 들어오자마자 떄리네
[2021-12-10 21:47:35] <%산새모자 (waltzzzz)> 맘만 먹으면 뭐
[2021-12-10 21:47:35] <%끄윽 (guuuuk_)> ㅎ;
[2021-12-10 21:47:36] <천하태평지존형님 (tuten0)> 에피타이저는 알았구 메인은 뭐 먹어요??
[2021-12-10 21:47:38] <%누가그거하래 (jinsu9709)> ㅋㅋㅋㅋㅋㅋ
[2021-12-10 21:47:43] <%라우22 (mym0377)> 놀부심보네요 ㅜㅜ
[2021-12-10 21:48:02] <%산새모자 (waltzzzz)> ㅋ
[2021-12-10 21:48:04] <%누가그거하래 (jinsu9709)> 무튼 그런거임
[2021-12-10 21:48:06] <%누가그거하래 (jinsu9709)> ㅋㅋㅋㅋㅋ
[2021-12-10 21:48:17] <%산새모자 (waltzzzz)> 내년엔 상경해서 연애나 해야지
[2021-12-10 21:48:29] <300만행복도시인천 (hell_cheon)> 하얀애기고양이인낰ㅋㅋㅋㅋㅋㅋ
[2021-12-10 21:48:36] <%라우22 (mym0377)> 왜요
[2021-12-10 21:48:48] <%산새모자 (waltzzzz)> 저녁에 뭐먹지 생각
[2021-12-10 21:49:00] <300만행복도시인천 (hell_cheon)> 시루떡이네요 ~
[2021-12-10 21:49:08] <tlqkzpdls> 하얀돼냥이
[2021-12-10 21:49:08] <%산새모자 (waltzzzz)> 뭐를요
[2021-12-10 21:49:15] <%산새모자 (waltzzzz)> 아
[2021-12-10 21:49:17] <300만행복도시인천 (hell_cheon)> 하얀애기고양이
[2021-12-10 21:49:20] <%끄윽 (guuuuk_)> 어디까지 하나 한번 봅시다
[2021-12-10 21:49:26] <꼬막따는냥이 (cckorea)> GlitchCat GlitchCat GlitchCat
[2021-12-10 21:49:28] <스노우슈고양이 (snowshoecat_)> 아기고양이?
[2021-12-10 21:49:45] <%누가그거하래 (jinsu9709)> ㅋㅋㅋㅋㅋㅋㅋㅋㅋㅋㅋ
[2021-12-10 21:49:45] <%끄윽 (guuuuk_)> 이겼당
[2021-12-10 21:49:45] <300만행복도시인천 (hell_cheon)> 시로네코짜응 ㅠㅜ
[2021-12-10 21:49:46] <%산새모자 (waltzzzz)> ㅎ
[2021-12-10 21:49:47] <스노우슈고양이 (snowshoecat_)> HahaBall
[2021-12-10 21:49:48] <%누가그거하래 (jinsu9709)> 그럴줄알았지
[2021-12-10 21:49:50] <%라우22 (mym0377)> 이것도 좋은듯
[2021-12-10 21:50:05] <300만행복도시인천 (hell_cheon)> 엌ㅋㅋㅋ
[2021-12-10 21:50:11] <300만행복도시인천 (hell_cheon)> PrideRise
[2021-12-10 21:50:14] <%라우22 (mym0377)> ㅋㅋㅋㅋ
[2021-12-10 21:50:15] <300만행복도시인천 (hell_cheon)> 갑분에어플레인
[2021-12-10 21:50:18] <%누가그거하래 (jinsu9709)> 또매야하네
[2021-12-10 21:50:20] <%누가그거하래 (jinsu9709)> ㅋㅋㅋㅋㅋㅋㅋ
[2021-12-10 21:50:20] <%라우22 (mym0377)> 딸깍플레인
[2021-12-10 21:50:24] <%끄윽 (guuuuk_)> 나 내릴래요
[2021-12-10 21:50:32] <300만행복도시인천 (hell_cheon)> 헉
[2021-12-10 21:50:49] <%라우22 (mym0377)> 키울래요
[2021-12-10 21:50:56] <%끄윽 (guuuuk_)> zzanicYdtydrydrydry zzanicYdtydrydrydry zzanicYdtydrydrydry
[2021-12-10 21:50:57] <300만행복도시인천 (hell_cheon)> 토토로에 나오는 고양인가보네
[2021-12-10 21:51:05] <꼬막따는냥이 (cckorea)> LuvBlush LuvBlush LuvBlush
[2021-12-10 21:51:07] <300만행복도시인천 (hell_cheon)> PrideUwu PrideUwu PrideUwu
[2021-12-10 21:51:10] <%누가그거하래 (jinsu9709)> ㅋㅋㅋㅋㅋㅋㅋㅋㅋㅋ
[2021-12-10 21:51:12] <%라우22 (mym0377)> ㅋㅋㅋㅋ
[2021-12-10 21:51:12] <%끄윽 (guuuuk_)> 딸깍
[2021-12-10 21:51:20] <%누가그거하래 (jinsu9709)> 따알까악
[2021-12-10 21:51:20] <300만행복도시인천 (hell_cheon)> ㄴㄴㄴ~
[2021-12-10 21:51:23] <꼬막따는냥이 (cckorea)> PridePog PridePog PridePog
[2021-12-10 21:51:26] <300만행복도시인천 (hell_cheon)> ㄴㄴㄴㄴ ~
[2021-12-10 21:51:37] <%끄윽 (guuuuk_)> 그렇네요
[2021-12-10 21:51:38] <%라우22 (mym0377)> ㅇㅈ
[2021-12-10 21:51:43] <%누가그거하래 (jinsu9709)> 트리 굿
[2021-12-10 21:52:02] <%끄윽 (guuuuk_)> ?
[2021-12-10 21:52:02] <@^Nightbot> 15445번째 갈고리야요...(｡•́︿•̀｡)
[2021-12-10 21:52:02] <300만행복도시인천 (hell_cheon)> 오늘 조명 몇개 킨거임
[2021-12-10 21:52:12] <300만행복도시인천 (hell_cheon)> 오우 4개
[2021-12-10 21:52:21] <%라우22 (mym0377)> 오히려좋아
[2021-12-10 21:52:23] <300만행복도시인천 (hell_cheon)> 화밸이 날뛰는거 같긴한데 좋아요 ~
[2021-12-10 21:52:30] <누누팬티 (tjddnr3303)> 뭔가 집이 엄청 커진듯??
[2021-12-10 21:52:34] <뿌잉뿌잉뿌잉 (osy2323)> 쨔니 이쁘네
[2021-12-10 21:52:38] <%라우22 (mym0377)> 좋은거쓰시네
[2021-12-10 21:52:59] <%라우22 (mym0377)> 옷무덤 치워서
[2021-12-10 21:53:10] <300만행복도시인천 (hell_cheon)> 혹시 눈썹도 살짝 다르게 그리신건가요?
[2021-12-10 21:53:20] <300만행복도시인천 (hell_cheon)> 아하 ..
[2021-12-10 21:53:21] <%누가그거하래 (jinsu9709)> ㅋㅋㅋㅋㅋㅋㅋㅋㅋㅋㅋ
[2021-12-10 21:53:25] <누누팬티 (tjddnr3303)> ㅋㅋㅋㅋㅋㅋㅋㅋㅋㅋㅋ
[2021-12-10 21:53:25] <300만행복도시인천 (hell_cheon)> 안그려서 ..
[2021-12-10 21:53:53] <누누팬티 (tjddnr3303)> 콰삭칩 맛있음
[2021-12-10 21:54:18] <300만행복도시인천 (hell_cheon)> 과자임
[2021-12-10 21:54:22] <%라우22 (mym0377)> 포카칩 새로운거
[2021-12-10 21:54:25] <%라우22 (mym0377)> 좀됐음
[2021-12-10 21:54:28] <크림카스테라 (nesta122)> 나도 과자 마늘맛콘스낵 먹는중
[2021-12-10 21:54:34] <%라우22 (mym0377)> 꼬북칩처럼 겹으로됨
[2021-12-10 21:54:54] <%라우22 (mym0377)> 구운양파
[2021-12-10 21:55:15] <누누팬티 (tjddnr3303)> 다 좋아하시네요
[2021-12-10 21:55:16] <%라우22 (mym0377)> 오사쯔는요
[2021-12-10 21:55:20] <크림카스테라 (nesta122)> 꼬북칩 초코 계피맛나서 안먹음
[2021-12-10 21:55:51] <%끄윽 (guuuuk_)> 케찹 ㄱ
[2021-12-10 21:55:59] <300만행복도시인천 (hell_cheon)> 하인즈 ?
[2021-12-10 21:56:02] <%끄윽 (guuuuk_)> 새로 더 까서 케찹 ㄱ
[2021-12-10 21:56:04] <%라우22 (mym0377)> 새거 가져오죠
[2021-12-10 21:56:08] <300만행복도시인천 (hell_cheon)> 케챱이여
[2021-12-10 21:56:15] <누누팬티 (tjddnr3303)> 하인즈 케찹 굿
[2021-12-10 21:56:21] <누누팬티 (tjddnr3303)> 맥도날드 캐찹
[2021-12-10 21:56:38] <%라우22 (mym0377)> 팔아주세요
[2021-12-10 21:57:41] <300만행복도시인천 (hell_cheon)> ㅇㅈㅇㅈ
[2021-12-10 21:57:48] <%라우22 (mym0377)> 있는거먹고 해봐야지
[2021-12-10 21:58:11] <300만행복도시인천 (hell_cheon)> 아직도 안하셨나요 ?
[2021-12-10 21:58:14] <300만행복도시인천 (hell_cheon)> 나 빨리 포인트 쓰고싶어 ㅠ
[2021-12-10 21:58:41] <300만행복도시인천 (hell_cheon)> 정 만들기 힘들면 10만에 구독권도 괜찮음
[2021-12-10 21:58:44] <300만행복도시인천 (hell_cheon)> 제가 다른방에서 봄
[2021-12-10 21:59:00] <%라우22 (mym0377)> 그 덕질하는 분한테 물어봐요
[2021-12-10 21:59:05] <크림카스테라 (nesta122)> 가끔 벌집핏자,칸쵸 사먹는데 이거 못끊는거 같음
[2021-12-10 21:59:21] <300만행복도시인천 (hell_cheon)> 아 ㅋㅋ
[2021-12-10 21:59:28] <300만행복도시인천 (hell_cheon)> 인맥 쌓을겸 물어보죠
[2021-12-10 21:59:52] <300만행복도시인천 (hell_cheon)> 저도 요즘 그방에선 채팅 못치는데
[2021-12-10 21:59:53] <촌동네배린이 (alsgh8879)> 뭐 찍어 드세요??
[2021-12-10 22:00:02] <300만행복도시인천 (hell_cheon)> ? 아뇨
[2021-12-10 22:00:02] <@^Nightbot> 15446번째 갈고리야요...(｡•́︿•̀｡)
[2021-12-10 22:00:05] <300만행복도시인천 (hell_cheon)> 인증채팅으로 바껴서요
[2021-12-10 22:00:21] <300만행복도시인천 (hell_cheon)> 앗
[2021-12-10 22:00:23] <촌동네배린이 (alsgh8879)> 전화번호 인증
[2021-12-10 22:00:25] <300만행복도시인천 (hell_cheon)> ㅠㅠㅠㅠㅠㅠㅠㅠㅠ
[2021-12-10 22:00:26] <%라우22 (mym0377)> 이메일이나 폰으로 인증해야
[2021-12-10 22:00:29] <%라우22 (mym0377)> 채팅가능
[2021-12-10 22:00:54] <300만행복도시인천 (hell_cheon)> 오오 채신기술
[2021-12-10 22:01:05] <%끄윽 (guuuuk_)> 보던 방이 인증채팅 안 걸어놨으면 굳이 안 할 듯
[2021-12-10 22:01:09] <촌동네배린이 (alsgh8879)> 번호인증하면 악질들이 채팅 치는게 좀 줄어들지 않을까요?
[2021-12-10 22:01:11] <%끄윽 (guuuuk_)> 귀찮아서
[2021-12-10 22:01:25] <%끄윽 (guuuuk_)> ㅋㅋㅋㅋㅋㅋㅋㅋㅋㅋㅋ
[2021-12-10 22:01:25] <300만행복도시인천 (hell_cheon)> ㅋㅋㅋㅋㅋㅋ
[2021-12-10 22:01:27] <촌동네배린이 (alsgh8879)> ㅋㅋㅋㅋㅋㅋㅋㅋㅋㅋㅋㅋㅋㅋㅋㅋㅋ
[2021-12-10 22:01:29] <촌동네배린이 (alsgh8879)> 야발!
[2021-12-10 22:01:35] <300만행복도시인천 (hell_cheon)> 진심이 담긴 ..
[2021-12-10 22:01:39] <@^싹둑 (ssakdook)> 새로오신 분들 반가워요٩( ᐛ )و
[2021-12-10 22:02:32] <300만행복도시인천 (hell_cheon)> ㅋㅋㅋㅋㅋㅋㅋㅋㅋㅋ
[2021-12-10 22:02:32] <꼬막따는냥이 (cckorea)> ㅋㅋㅋ
[2021-12-10 22:02:40] <300만행복도시인천 (hell_cheon)> 개웃기네 ㅋㅋㅋㅋ
[2021-12-10 22:02:49] <%끄윽 (guuuuk_)> ㅋㅋㅋㅋㅋㅋㅋㅋㅋ
[2021-12-10 22:02:54] <꼬막따는냥이 (cckorea)> GlitchCat GlitchCat GlitchCat
[2021-12-10 22:02:54] <300만행복도시인천 (hell_cheon)> 땀나는거 뭐냐고
[2021-12-10 22:02:58] <%끄윽 (guuuuk_)> 고양이 사진 다 있는게 웃기네 ㅋㅋㅋ
[2021-12-10 22:02:59] <mj__1985> 하이바
[2021-12-10 22:03:01] <꼬막따는냥이 (cckorea)> 개억울해ㅋㅋㅋ
[2021-12-10 22:03:03] <300만행복도시인천 (hell_cheon)> 옆에서 거듬 ㅋㅋ
[2021-12-10 22:03:05] <%라우22 (mym0377)> ㅋㅋㅋㅋㅋ
[2021-12-10 22:03:21] <%끄윽 (guuuuk_)> 동생 침착한 거 봐
[2021-12-10 22:03:33] <300만행복도시인천 (hell_cheon)> 도와드릴께요 ㅋㅋ
[2021-12-10 22:03:44] <%라우22 (mym0377)> ㅋㅋㅋㅋ
[2021-12-10 22:03:48] <@^빵_떡 (bbangddeock)> 어서오세요 아직 팔로우 안하셨다면 팔로우 부탁해요 °˖✧◝(⁰▿⁰)◜✧˖°
[2021-12-10 22:03:49] <%라우22 (mym0377)> 짤도개웃김
[2021-12-10 22:04:09] <300만행복도시인천 (hell_cheon)> 요즘은 이런거 빨리 볼려면 틱톡이네요
[2021-12-10 22:04:12] <300만행복도시인천 (hell_cheon)> 역시 최신플랫폼
[2021-12-10 22:04:18] <꼬막따는냥이 (cckorea)> 가게직원도 저정도면 알아들어야는데ㅋㅋ
[2021-12-10 22:04:51] <300만행복도시인천 (hell_cheon)> 거의 호박고구마수준
[2021-12-10 22:04:55] <단단한수박 (kyunggu1)> 혹시 코 밑에 뭐가 뭍은건가요
[2021-12-10 22:05:03] <껀이_ (piso5186)> 노예임?
[2021-12-10 22:05:11] <크림카스테라 (nesta122)> 있으면 매일 싸워요
[2021-12-10 22:05:23] <300만행복도시인천 (hell_cheon)> ㅎㅎ..
[2021-12-10 22:05:31] <%라우22 (mym0377)> 해야죠
[2021-12-10 22:05:34] <껀이_ (piso5186)> 그정도면 뭐
[2021-12-10 22:05:35] <300만행복도시인천 (hell_cheon)> 왠만한건 하긴함
[2021-12-10 22:05:36] <mj__1985> 누나가 없어요
[2021-12-10 22:05:38] <단단한수박 (kyunggu1)> 쉐딩 없는게 더 나으신듯
[2021-12-10 22:05:42] <크림카스테라 (nesta122)> 당장해요
[2021-12-10 22:05:43] <%끄윽 (guuuuk_)> 에비앙으로 가져다줌
[2021-12-10 22:05:45] <파도치는소리 (werewolf_ix)> 5만원은 할 수 밖에요
[2021-12-10 22:05:46] <몽현_ (tlgus1004)> 나는 누나가 돈주면 거부함
[2021-12-10 22:05:52] <%라우22 (mym0377)> 누나 있는거 부럽다
[2021-12-10 22:06:20] <300만행복도시인천 (hell_cheon)> 악마 ?
[2021-12-10 22:06:52] <%라우22 (mym0377)> 동생 또 안온대요?
[2021-12-10 22:06:54] <300만행복도시인천 (hell_cheon)> 그러고보니 마지막으로 방송나오신게 1년넘었죠 ?
[2021-12-10 22:07:14] <300만행복도시인천 (hell_cheon)> 오호 ..
[2021-12-10 22:07:16] <%라우22 (mym0377)> 부럽겠네요~
[2021-12-10 22:07:17] <300만행복도시인천 (hell_cheon)> 왜그럼 ㅋㅋ
[2021-12-10 22:07:28] <%라우22 (mym0377)> ㅋㅋㅋㅋ
[2021-12-10 22:07:46] <%라우22 (mym0377)> 악마네요
[2021-12-10 22:07:53] <%꼬마판다 (littleboy0004)> 잔하잔하
[2021-12-10 22:07:57] <%라우22 (mym0377)> ㅋㅋㅋㅋㅋㅋ
[2021-12-10 22:07:57] <300만행복도시인천 (hell_cheon)> 크으 ㅠㅜ
[2021-12-10 22:08:14] <꼬막따는냥이 (cckorea)> ㅋㅋㅋ
[2021-12-10 22:08:15] <%라우22 (mym0377)> 뭐라답장왔길래
[2021-12-10 22:08:15] <300만행복도시인천 (hell_cheon)> ㅇ 쓰면 쿨해보임
[2021-12-10 22:08:16] <manmarue> 일단 먹을거 없고 진정해
[2021-12-10 22:08:35] <300만행복도시인천 (hell_cheon)> 흐응
[2021-12-10 22:08:40] <%끄윽 (guuuuk_)> ㅗ
[2021-12-10 22:08:44] <%라우22 (mym0377)> 헤으응 하면 됨
[2021-12-10 22:08:50] <manmarue> 저도 알아요 훗
[2021-12-10 22:09:02] <%끄윽 (guuuuk_)> 체리복숭아는 왜
[2021-12-10 22:09:08] <%라우22 (mym0377)> 담에 친목해요 ㄱㄱ
[2021-12-10 22:09:08] <%끄윽 (guuuuk_)> 무슨 의미가 있나요
[2021-12-10 22:09:15] <%끄윽 (guuuuk_)> 입력 중....
[2021-12-10 22:09:16] <manmarue> ㅋㅋㅋ
[2021-12-10 22:09:16] <300만행복도시인천 (hell_cheon)> 화이팅이 찐따 같은거임 ?
[2021-12-10 22:09:19] <300만행복도시인천 (hell_cheon)> 나 그거 맨날쓰는데 ..
[2021-12-10 22:09:23] <%라우22 (mym0377)> 친목하자고 보내죠
[2021-12-10 22:09:34] <%끄윽 (guuuuk_)> 미에로화이바?
[2021-12-10 22:09:34] <300만행복도시인천 (hell_cheon)> 음 ㅋ
[2021-12-10 22:09:35] <%라우22 (mym0377)> 할말없어서 마무리한 느낌
[2021-12-10 22:09:43] <manmarue> 관심없는데 화이팅이요
[2021-12-10 22:09:49] <300만행복도시인천 (hell_cheon)> 한갱님 근데 좀 너무 이쁘긴해서
[2021-12-10 22:09:52] <300만행복도시인천 (hell_cheon)> 이해는가네요 ..
[2021-12-10 22:10:12] <300만행복도시인천 (hell_cheon)> ㅋㅋㅋㅋ
[2021-12-10 22:10:14] <%라우22 (mym0377)> ㅋㅋㅋㅋ
[2021-12-10 22:10:47] <300만행복도시인천 (hell_cheon)> 음 ...
[2021-12-10 22:10:53] <크림카스테라 (nesta122)> 쨔니도 이쁨
[2021-12-10 22:10:58] <300만행복도시인천 (hell_cheon)> 그래도 저런 분들이 데이트도 나가고 하니까
[2021-12-10 22:11:01] <300만행복도시인천 (hell_cheon)> 자영업자들이 먹고사는데
[2021-12-10 22:11:08] <크림카스테라 (nesta122)> 매력 있고
[2021-12-10 22:11:12] <300만행복도시인천 (hell_cheon)> 대국적으로 보십시오
[2021-12-10 22:11:29] <300만행복도시인천 (hell_cheon)> 그렇긴해 ㅋ
[2021-12-10 22:11:44] <300만행복도시인천 (hell_cheon)> 밤거리가 거의 거대한 헌팅포차라던데
[2021-12-10 22:11:50] <%라우22 (mym0377)> 이쁘긴해
[2021-12-10 22:12:15] <300만행복도시인천 (hell_cheon)> 눈부시긴하네요 .. 샤랄라
[2021-12-10 22:12:21] <%라우22 (mym0377)> 기분좋으면 된거에요~
[2021-12-10 22:12:28] <%라우22 (mym0377)> ㄹㅇ
[2021-12-10 22:12:29] <300만행복도시인천 (hell_cheon)> 비둘기 ㅋㅋ
[2021-12-10 22:12:59] <300만행복도시인천 (hell_cheon)> ㅇㅇㅇ
[2021-12-10 22:13:01] <%라우22 (mym0377)> ㅇㅈ
[2021-12-10 22:13:02] <300만행복도시인천 (hell_cheon)> 틱톡 하나 찍자요
[2021-12-10 22:13:10] <%라우22 (mym0377)> 아까 고양이로
[2021-12-10 22:13:21] <%라우22 (mym0377)> ㅇㅇ
[2021-12-10 22:13:44] <%라우22 (mym0377)> 그것도 썸네일 어그로 하지않음?
[2021-12-10 22:13:47] <300만행복도시인천 (hell_cheon)> 틱톡 생태계는 어려워서 ..
[2021-12-10 22:14:08] <%라우22 (mym0377)> 아 ㅋㅋ
[2021-12-10 22:14:14] <300만행복도시인천 (hell_cheon)> 어흐
[2021-12-10 22:14:41] <꼬막따는냥이 (cckorea)> GlitchCat GlitchCat GlitchCat
[2021-12-10 22:14:52] <300만행복도시인천 (hell_cheon)> ㅠㅜ
[2021-12-10 22:14:55] Viewerstats (21:43-22:14): avg:101 min:93 max:111 [17/93+5+0+6+0-7+0+4+0-3+13+0+0-10+0+0-8]
[2021-12-10 22:15:01] <%라우22 (mym0377)> 보정으로 커버하죠
[2021-12-10 22:15:15] <%라우22 (mym0377)> 그래서 먹으려고 운동하자너
[2021-12-10 22:15:41] <%끄윽 (guuuuk_)> ㅗㅗ
[2021-12-10 22:15:47] <300만행복도시인천 (hell_cheon)> 뭐지 이사람 갑자기
[2021-12-10 22:16:22] <%라우22 (mym0377)> ㅋㅋㅋㅋㅋ
[2021-12-10 22:16:41] <%끄윽 (guuuuk_)> 슬슬 쿠키몬스터 타임인가요
[2021-12-10 22:16:45] <누누팬티 (tjddnr3303)> 웹툰 요즘 재밌는거 있어요?
[2021-12-10 22:16:49] <300만행복도시인천 (hell_cheon)> 너무 익숙해져버린 걸까 ..
[2021-12-10 22:17:03] <300만행복도시인천 (hell_cheon)> 아하 ~
[2021-12-10 22:17:30] <%라우22 (mym0377)> 나갔다왔으니 잘 잘듯
[2021-12-10 22:17:30] <300만행복도시인천 (hell_cheon)> 나같으면 ㅋㅋㅎㅎㅈㅅ 하고 그냥 휴방했을듯
[2021-12-10 22:17:32] <300만행복도시인천 (hell_cheon)> 역시 방장이야 ㅜ
[2021-12-10 22:17:47] <누누팬티 (tjddnr3303)> 와
[2021-12-10 22:17:50] <300만행복도시인천 (hell_cheon)> 쿠키 잘굽는편
[2021-12-10 22:18:00] <뿌잉뿌잉뿌잉 (osy2323)> 회귀물
[2021-12-10 22:18:09] <%피그타운 (pigtown)> 쨔하
[2021-12-10 22:18:09] <@^Nightbot> 피그타운님 쨔하!트하!
[2021-12-10 22:18:10] <누누팬티 (tjddnr3303)> 봐야겠네
[2021-12-10 22:18:30] <%라우22 (mym0377)> 비인간 봄?
[2021-12-10 22:18:50] <%라우22 (mym0377)> 회수잘하면 인정이지
[2021-12-10 22:19:03] <300만행복도시인천 (hell_cheon)> 근데 요즘 네웹 1위가 그거아닌가요 ?
[2021-12-10 22:19:05] <300만행복도시인천 (hell_cheon)> 쇼미더럭키짱
[2021-12-10 22:19:19] <300만행복도시인천 (hell_cheon)> 김성모 만화
[2021-12-10 22:19:21] <%피그타운 (pigtown)> ㅋㅋㅋㅋㅋㅋㅋㅋㅋ
[2021-12-10 22:19:27] <%피그타운 (pigtown)> 병맛만화
[2021-12-10 22:19:56] <300만행복도시인천 (hell_cheon)> 여자가 말대꾸? 란 대사 써서 요새 핫하던데
[2021-12-10 22:19:58] <몽현_ (tlgus1004)> 오 이런 컨텐츠도있나요
[2021-12-10 22:20:01] <300만행복도시인천 (hell_cheon)> 이런건 또 안보시는구만
[2021-12-10 22:20:02] <몽현_ (tlgus1004)> 웹툰 추천 컨텐츠라니.
[2021-12-10 22:20:23] <300만행복도시인천 (hell_cheon)> 아직도 추천할게 있는거보니 많이 보긴해
[2021-12-10 22:20:23] <%라우22 (mym0377)> 돈통이.. 말대꾸?
[2021-12-10 22:20:30] <300만행복도시인천 (hell_cheon)> 트수가.. 말대꾸 ?
[2021-12-10 22:20:41] <%라우22 (mym0377)> ㅇㅇ가 말대꾸 짤 유행임
[2021-12-10 22:20:43] <%피그타운 (pigtown)> 말대꾸??
[2021-12-10 22:20:44] <300만행복도시인천 (hell_cheon)> 쇼미더럭키짱요
[2021-12-10 22:20:52] <@^싹둑 (ssakdook)> 새로오신 분들 반가워요٩( ᐛ )و
[2021-12-10 22:21:02] <300만행복도시인천 (hell_cheon)> 사실 보라고 추천하는건 아님
[2021-12-10 22:21:06] <300만행복도시인천 (hell_cheon)> 나무위키만 보시든지 ㅎ
[2021-12-10 22:21:09] <%피그타운 (pigtown)> ㅋㅋㅋㅋㅋㅋㅋㅋㅋㅋㅋ
[2021-12-10 22:21:12] <%라우22 (mym0377)> 그냥 그짤만뜸 ㅋㅋ
[2021-12-10 22:21:13] <%피그타운 (pigtown)> 넼ㅋㅋㅋㅋㅋ
[2021-12-10 22:21:18] <%피그타운 (pigtown)> ㅋㅋㅋㅋㅋㅋㅋㅋㅋㅋㅋㅋㅋㅋ
[2021-12-10 22:21:30] <%피그타운 (pigtown)> ㅋㅋㅋㅋㅋㅋㅋㅋㅋㅋㅋㅋㅋ
[2021-12-10 22:21:45] <300만행복도시인천 (hell_cheon)> 여자가 말대꾸로 검색해보셈
[2021-12-10 22:21:46] <300만행복도시인천 (hell_cheon)> 바로 나옴
[2021-12-10 22:22:18] <콜라는__펩시 (dewty_514)> 꾸꾸꾸...꾸꾸꾸
[2021-12-10 22:22:21] <%supernova_heights> ㅋㅋㅋㅋ
[2021-12-10 22:22:24] <300만행복도시인천 (hell_cheon)> 표정봐 ㅋㅋ
[2021-12-10 22:22:35] <%라우22 (mym0377)> ㅋㅋㅋㅋ
[2021-12-10 22:22:36] <300만행복도시인천 (hell_cheon)> 그거 말대꾸 생성기 나와서
[2021-12-10 22:22:39] <300만행복도시인천 (hell_cheon)> 여러 바리에이션이있음
[2021-12-10 22:22:39] <꼬막따는냥이 (cckorea)> ㅋㅋㅋ
[2021-12-10 22:22:40] <%라우22 (mym0377)> 찐따가.. 말대꾸?
[2021-12-10 22:22:58] <%피그타운 (pigtown)> ㅋㅋㅋㅋㅋㅋㅋㅋ
[2021-12-10 22:23:07] <300만행복도시인천 (hell_cheon)> ㅋㅋㅋㅋㅋㅋ
[2021-12-10 22:23:11] <300만행복도시인천 (hell_cheon)> 진심인편
[2021-12-10 22:23:33] <%피그타운 (pigtown)> ㄴㅇㄱ
[2021-12-10 22:23:40] <%피그타운 (pigtown)> 몰?루
[2021-12-10 22:23:43] <%라우22 (mym0377)> 몰?루
[2021-12-10 22:23:45] <ZubariYa> 김성모 밈
[2021-12-10 22:23:53] <누누팬티 (tjddnr3303)> 당대표가 ㅋㅋ
[2021-12-10 22:24:01] <300만행복도시인천 (hell_cheon)> 대사봐 진짜
[2021-12-10 22:24:10] <%라우22 (mym0377)> ㅋㅋㅋㅋ
[2021-12-10 22:24:16] <꼬막따는냥이 (cckorea)> 만신..
[2021-12-10 22:24:17] <콜라는__펩시 (dewty_514)> 너무 대놓고 여자가말대꾸 하니까 아무도 못건드림
[2021-12-10 22:24:21] <300만행복도시인천 (hell_cheon)> 작가님이 워낙 진심인 분이라
[2021-12-10 22:24:32] <300만행복도시인천 (hell_cheon)> 이거 심지어 어깨 부딛혀서 여자가 미안하다고 하는데
[2021-12-10 22:24:35] <300만행복도시인천 (hell_cheon)> 거기에 말대꾸라고 하는거임
[2021-12-10 22:24:49] <300만행복도시인천 (hell_cheon)> 저건 ㄷㄷㄷ 모르겠네욧
[2021-12-10 22:24:54] <%피그타운 (pigtown)> 근데 글은 박태준 작가님이 쓸걸요 ㅋㅋㅋㅋ
[2021-12-10 22:24:55] <%라우22 (mym0377)> 안봐서 모름
[2021-12-10 22:24:58] <룡이_ (wjdwlrmaksli)> 저런게 있었나?
[2021-12-10 22:24:59] <noodle45> 누나 안녕하세요
[2021-12-10 22:24:59] <%피그타운 (pigtown)> 김성모님은 그림 그리시고
[2021-12-10 22:25:15] <%피그타운 (pigtown)> ㅋㅋㅋㅋㅋㅋㅋㅋㅋㅋㅋ
[2021-12-10 22:25:17] <noodle45> 지금도 복붙이에요
[2021-12-10 22:25:19] <꼬막따는냥이 (cckorea)> 트레이싱 신화ㅋㅋ
[2021-12-10 22:25:23] <300만행복도시인천 (hell_cheon)> 도장이 몸 파트별로 있다는 소문이있었음
[2021-12-10 22:25:26] <%피그타운 (pigtown)> 꿀잼추
[2021-12-10 22:25:27] <noodle45> 스토리 아침에 나오면 점심에 한화 나온데요
[2021-12-10 22:25:41] <콜라는__펩시 (dewty_514)> 공장임
[2021-12-10 22:25:44] <300만행복도시인천 (hell_cheon)> 어시들 집사줬다자너
[2021-12-10 22:25:49] <%라우22 (mym0377)> ㅋㅋㅋㅋ
[2021-12-10 22:25:50] <꼬막따는냥이 (cckorea)> ㅋㅋㅋ
[2021-12-10 22:26:00] <룡이_ (wjdwlrmaksli)> 지금도 복붙이긴함, 색만 입혀서 그렇지
[2021-12-10 22:26:17] <%라우22 (mym0377)> 실력이 대단하신가보네
[2021-12-10 22:26:20] <300만행복도시인천 (hell_cheon)> 뭐 능력있으면 그게 나을수도
[2021-12-10 22:26:34] <noodle45> 작가가 말대꾸..?
[2021-12-10 22:26:45] <300만행복도시인천 (hell_cheon)> 스머가 말대꾸 ?
[2021-12-10 22:26:49] <%라우22 (mym0377)> 돈통이..말대꾸?
[2021-12-10 22:26:54] <jarmenkell_gw> 꾸 꾸꾸  꾸꾸꾸?
[2021-12-10 22:27:11] <300만행복도시인천 (hell_cheon)> 이쁘니까 ?
[2021-12-10 22:27:11] <%라우22 (mym0377)> 들어본거같은디
[2021-12-10 22:27:18] <300만행복도시인천 (hell_cheon)> 누구지 다짱인가
[2021-12-10 22:27:25] <꼬막따는냥이 (cckorea)> 아..뽀구미
[2021-12-10 22:27:38] <%라우22 (mym0377)> 아 ㅋㅋㅋㅋ
[2021-12-10 22:28:16] <300만행복도시인천 (hell_cheon)> 북두의권 모르시는구나
[2021-12-10 22:28:17] <jarmenkell_gw> 북두의 권아님?
[2021-12-10 22:28:18] <스노우슈고양이 (snowshoecat_)> 북두의권
[2021-12-10 22:28:18] <%꼬마판다 (littleboy0004)> 북두의권이네
[2021-12-10 22:28:25] <%끄윽 (guuuuk_)> 넌 이미 죽어있다 나오는 만화요
[2021-12-10 22:28:28] <%꼬마판다 (littleboy0004)> 저 명작을
[2021-12-10 22:28:32] <뿌잉뿌잉뿌잉 (osy2323)> 오마에와모신데이루
[2021-12-10 22:28:32] <noodle45> 80년대 만화 있읍니다...
[2021-12-10 22:28:35] <300만행복도시인천 (hell_cheon)> 핵전쟁 이후의 세카이... 힘이 모든걸 결정한다 !
[2021-12-10 22:28:36] <스노우슈고양이 (snowshoecat_)> 북두의권 유명하다냥
[2021-12-10 22:28:43] <jarmenkell_gw> ㅇㅇ 저거도 매드맥스 느낌이자너
[2021-12-10 22:28:57] <300만행복도시인천 (hell_cheon)> 영화 볼줄 아시네
[2021-12-10 22:29:00] <jarmenkell_gw> 아 배경만..
[2021-12-10 22:29:04] <%라우22 (mym0377)> ㅔ
[2021-12-10 22:29:07] <%피그타운 (pigtown)> 헤으응
[2021-12-10 22:29:19] <%피그타운 (pigtown)> 오옹
[2021-12-10 22:29:19] <%꼬마판다 (littleboy0004)> 매트릭스는
[2021-12-10 22:29:19] <꼬막따는냥이 (cckorea)> 콘스탄틴
[2021-12-10 22:29:26] <%끄윽 (guuuuk_)> 채널 돌리다 콘스탄틴 하면 꼭 다 봄
[2021-12-10 22:29:34] <%꼬마판다 (littleboy0004)> 담주 매트릭스랑 스파이더맨 나온다!
[2021-12-10 22:29:35] <꼬막따는냥이 (cckorea)> 금연영화ㅋㅋ
[2021-12-10 22:29:40] <%피그타운 (pigtown)> ㅋㅋㅋㅋㅋㅋㅋㅋ
[2021-12-10 22:29:50] <300만행복도시인천 (hell_cheon)> 살려줘서 고맙거든요 ~
[2021-12-10 22:29:51] <꼬막따는냥이 (cckorea)> 세크리파이스~
[2021-12-10 22:29:53] <%끄윽 (guuuuk_)> RGRG
[2021-12-10 22:29:58] <%꼬마판다 (littleboy0004)> 10명장면
[2021-12-10 22:30:09] <%해봄이루루짱의남자친구 (moya_hoya)> 니코틴인가 암인가 꺼내는거?
[2021-12-10 22:30:34] <%끄윽 (guuuuk_)> sp
[2021-12-10 22:30:38] <noodle45> 틸다 스윈튼?
[2021-12-10 22:30:40] <300만행복도시인천 (hell_cheon)> 그분 설국열차나오는분 아닌가
[2021-12-10 22:30:45] <300만행복도시인천 (hell_cheon)> 이건 ㅋㅋ
[2021-12-10 22:30:52] <300만행복도시인천 (hell_cheon)> 한국버전임
[2021-12-10 22:30:58] <%라우22 (mym0377)> ㅋㅋㅋㅋㅋㅋㅋㅋ
[2021-12-10 22:31:00] <%끄윽 (guuuuk_)> K-실사판
[2021-12-10 22:31:04] <noodle45> 한국에서 실사화
[2021-12-10 22:31:05] <꼬막따는냥이 (cckorea)> ㅋㅋㅋ
[2021-12-10 22:31:07] <300만행복도시인천 (hell_cheon)> 저작권? 아 그런거 모르고요 ㅋㅋ
[2021-12-10 22:31:08] <%피그타운 (pigtown)> ㅋㅋㅋㅋㅋㅋㅋㅋㅋㅋㅋㅋㅋ
[2021-12-10 22:31:18] <%끄윽 (guuuuk_)> 오오!
[2021-12-10 22:31:20] <300만행복도시인천 (hell_cheon)> 아니 근데 이걸 못봤다고 ?
[2021-12-10 22:31:26] <300만행복도시인천 (hell_cheon)> 님 인터넷 생활 너무 편향적인거 아님 ?
[2021-12-10 22:31:27] <%피그타운 (pigtown)> 오오!
[2021-12-10 22:31:39] <%끄윽 (guuuuk_)> 그것은 외로움!
[2021-12-10 22:31:40] <noodle45> 진짜 지치네
[2021-12-10 22:31:47] <300만행복도시인천 (hell_cheon)> 이거 가끔 들으면 따라부르게됨
[2021-12-10 22:31:58] <%끄윽 (guuuuk_)> 오오!
[2021-12-10 22:32:01] <%피그타운 (pigtown)> 오오!
[2021-12-10 22:32:03] <300만행복도시인천 (hell_cheon)> 저거 님 가발아님 ?
[2021-12-10 22:32:07] <%해봄이루루짱의남자친구 (moya_hoya)> 저기요 입김나와요
[2021-12-10 22:32:16] <noodle45> 헉 저 캐릭터 코스프레인가요
[2021-12-10 22:32:19] <%피그타운 (pigtown)> ㅋㅋㅋㅋㅋㅋㅋㅋㅋㅋㅋㅋㅋㅋ
[2021-12-10 22:32:20] <300만행복도시인천 (hell_cheon)> 하또 ㄷㄷ
[2021-12-10 22:32:37] <300만행복도시인천 (hell_cheon)> 만화자체는 80년대 꺼일듯
[2021-12-10 22:32:38] <뿌잉뿌잉뿌잉 (osy2323)> 90년대
[2021-12-10 22:32:42] <300만행복도시인천 (hell_cheon)> 90년인가 ㄷ
[2021-12-10 22:32:57] <300만행복도시인천 (hell_cheon)> 파워레인저는 사람 머리 안터트림
[2021-12-10 22:33:13] <300만행복도시인천 (hell_cheon)> 혈을 찌르면
[2021-12-10 22:33:15] <300만행복도시인천 (hell_cheon)> 사람이 죽음
[2021-12-10 22:33:18] <%끄윽 (guuuuk_)> 손가락으로 콕콕 찌르면 막 터져요
[2021-12-10 22:33:37] <%끄윽 (guuuuk_)> 네 그런 거
[2021-12-10 22:33:39] <300만행복도시인천 (hell_cheon)> ㅇㅇ
[2021-12-10 22:33:43] <300만행복도시인천 (hell_cheon)> 붐 ~
[2021-12-10 22:33:45] <%끄윽 (guuuuk_)> 몸 터지기도 하고 그걸로 치료도 하고 만능임
[2021-12-10 22:33:49] <@^빵_떡 (bbangddeock)> 어서오세요 아직 팔로우 안하셨다면 팔로우 부탁해요 °˖✧◝(⁰▿⁰)◜✧˖°
[2021-12-10 22:34:00] <뿌잉뿌잉뿌잉 (osy2323)> 저거말고 스트리트파이터 봄
[2021-12-10 22:34:07] <%꼬마판다 (littleboy0004)> 네모네모 스펀지밥
[2021-12-10 22:34:18] <300만행복도시인천 (hell_cheon)> 슈가슈룬룬
[2021-12-10 22:34:45] <noodle45> 저희때는 웨딩피치 였는데..
[2021-12-10 22:34:57] <%꼬마판다 (littleboy0004)> 티미의 수호천사인가도 많이 봤는데
[2021-12-10 22:35:05] <300만행복도시인천 (hell_cheon)> 누나가 개빡침 ㅋㅋ
[2021-12-10 22:35:12] <크림카스테라 (nesta122)> 천사소녀네티
[2021-12-10 22:35:18] <%꼬마판다 (littleboy0004)> 카툰네트워크
[2021-12-10 22:35:23] <mj__1985> 쥬라기월드컵
[2021-12-10 22:35:33] <300만행복도시인천 (hell_cheon)> 파워퍼프걸이고여 그건
[2021-12-10 22:35:35] <%supernova_heights> 채널이름
[2021-12-10 22:35:40] <300만행복도시인천 (hell_cheon)> 카툰네트워크에서 다 하는거임
[2021-12-10 22:35:52] <%꼬마판다 (littleboy0004)> 아
[2021-12-10 22:35:57] <%꼬마판다 (littleboy0004)> 기억남 ㅋㅋㅋㅋ
[2021-12-10 22:35:57] <%라우22 (mym0377)> 구슬동자
[2021-12-10 22:36:05] <mj__1985> 그거 장난감도 나옴
[2021-12-10 22:36:17] <mj__1985> 배에다가 구슬널고 쏘는거
[2021-12-10 22:36:33] <%라우22 (mym0377)> 맞음
[2021-12-10 22:36:57] <300만행복도시인천 (hell_cheon)> 예전엔 팽이로 싸우거나
[2021-12-10 22:37:00] <300만행복도시인천 (hell_cheon)> 듀얼로 겨뤘는데
[2021-12-10 22:37:04] <300만행복도시인천 (hell_cheon)> 요즘애들은 뭘로 겨룸 ?
[2021-12-10 22:37:05] <%꼬마판다 (littleboy0004)> 우리세대는 수리수리마수리지
[2021-12-10 22:37:10] <뿌잉뿌잉뿌잉 (osy2323)> 천사소녀네티
[2021-12-10 22:37:15] <300만행복도시인천 (hell_cheon)> 아하 요즘이 유희왕인가
[2021-12-10 22:37:24] <300만행복도시인천 (hell_cheon)> 토토 ㅋㅋ
[2021-12-10 22:37:36] <%라우22 (mym0377)> ㅇㅈ
[2021-12-10 22:37:38] <300만행복도시인천 (hell_cheon)> 한국인이다 한국인
[2021-12-10 22:38:10] <300만행복도시인천 (hell_cheon)> 오늘 알비노 컨셉인가요 ?
[2021-12-10 22:38:24] <300만행복도시인천 (hell_cheon)> 눈은 빨간색
[2021-12-10 22:38:45] <300만행복도시인천 (hell_cheon)> 설..설..
[2021-12-10 22:38:46] <%끄윽 (guuuuk_)> 슬슬..
[2021-12-10 22:38:48] <300만행복도시인천 (hell_cheon)> !업타임
[2021-12-10 22:38:48] <@^빵_떡 (bbangddeock)> 방송 시간 : 2시간 8분 25초
[2021-12-10 22:38:50] <꼬막따는냥이 (cckorea)> 슬슬...
[2021-12-10 22:38:54] <300만행복도시인천 (hell_cheon)> 2시간 칼같네여 ..
[2021-12-10 22:39:34] <%라우22 (mym0377)> 가루삼겹살
[2021-12-10 22:39:34] <%끄윽 (guuuuk_)> 가루삼겹살이라서요
[2021-12-10 22:39:40] <300만행복도시인천 (hell_cheon)> 이것도 모른다구 ?
[2021-12-10 22:39:50] <300만행복도시인천 (hell_cheon)> 이젠 뿌려드세요 ~
[2021-12-10 22:40:27] <%끄윽 (guuuuk_)> 캬
[2021-12-10 22:40:28] <%라우22 (mym0377)> ㅋㅋㅋㅋㅋㅋ
[2021-12-10 22:40:28] <300만행복도시인천 (hell_cheon)> 맛에 맛을 더하면 뭐다? ㅈ맛탱이지
[2021-12-10 22:40:45] <%끄윽 (guuuuk_)> 목소리는 다 침착맨님
[2021-12-10 22:40:52] <300만행복도시인천 (hell_cheon)> 왜 좋아하겠음 ㅋㅋ
[2021-12-10 22:40:56] <@^싹둑 (ssakdook)> 새로오신 분들 반가워요٩( ᐛ )و
[2021-12-10 22:41:09] <%끄윽 (guuuuk_)> 본인의 뇌절이 실현되어서 좋아 죽으시는 중
[2021-12-10 22:41:32] <300만행복도시인천 (hell_cheon)> 으으
[2021-12-10 22:41:35] <300만행복도시인천 (hell_cheon)> 약간 콩고기 같은데
[2021-12-10 22:41:37] <%끄윽 (guuuuk_)> 무한생산
[2021-12-10 22:41:54] <%라우22 (mym0377)> ㅔ
[2021-12-10 22:42:00] <%끄윽 (guuuuk_)> 연기는 저분이 하고 대사는 다 침착맨님
[2021-12-10 22:42:07] <%라우22 (mym0377)> 지금이니~
[2021-12-10 22:42:10] <%끄윽 (guuuuk_)> 지금이니~
[2021-12-10 22:42:18] <%라우22 (mym0377)> 헐리썄!
[2021-12-10 22:42:26] <300만행복도시인천 (hell_cheon)> 님도 유명해져서 이상한소리하면
[2021-12-10 22:42:29] <300만행복도시인천 (hell_cheon)> 저렇게 유튜부 영상나옴
[2021-12-10 22:42:46] <%끄윽 (guuuuk_)> 침펄토론?
[2021-12-10 22:42:49] <하꼬방터렛전문가요맘때 (yuzion_turet)> 쨔하
[2021-12-10 22:42:49] <@^Nightbot> 하꼬방터렛전문가요맘때님 쨔하!트하!
[2021-12-10 22:42:54] <하꼬방터렛전문가요맘때 (yuzion_turet)> 머야 오늘 이쁘개 하고 왔네
[2021-12-10 22:42:54] <스노우슈고양이 (snowshoecat_)> 침소리
[2021-12-10 22:43:01] <%corn_cheez> 쨔하
[2021-12-10 22:43:01] <@^Nightbot> corn_cheez님 쨔하!트하!
[2021-12-10 22:43:04] <300만행복도시인천 (hell_cheon)> 그게 진짜 우기는게 말도 안돼서 재밋었는데 ㅋㅋ
[2021-12-10 22:43:05] <릴펄의귓밥모음집 (lay0508)> 쨔하
[2021-12-10 22:43:07] <%corn_cheez> 오늘 존예 ㄷㄷㄷ
[2021-12-10 22:43:13] <릴펄의귓밥모음집 (lay0508)> 응애 고양이?
[2021-12-10 22:43:19] <릴펄의귓밥모음집 (lay0508)> 보일러 없이
[2021-12-10 22:43:21] <%끄윽 (guuuuk_)> 보일러
[2021-12-10 22:43:21] <하꼬방터렛전문가요맘때 (yuzion_turet)> 에어컨
[2021-12-10 22:43:21] <므냐뇨 (askl183)> 보일러없이살기요
[2021-12-10 22:43:22] <300만행복도시인천 (hell_cheon)> 컴퓨터 있어서 보일러 필요없음
[2021-12-10 22:43:23] <%라우22 (mym0377)> 보일러
[2021-12-10 22:43:24] <%corn_cheez> 에어컨 없이
[2021-12-10 22:43:25] <mj__1985> 보일러요
[2021-12-10 22:43:26] <하꼬방터렛전문가요맘때 (yuzion_turet)> 보일러는 옷 껴입으면 됨
[2021-12-10 22:43:35] <릴펄의귓밥모음집 (lay0508)> ㄱㅊ
[2021-12-10 22:43:38] <하꼬방터렛전문가요맘때 (yuzion_turet)> 그럼 보일러 없이살기
[2021-12-10 22:43:40] <릴펄의귓밥모음집 (lay0508)> 더위를 더 타서
[2021-12-10 22:43:40] <므냐뇨 (askl183)> 아 물을 생각못했네요
[2021-12-10 22:43:41] <%라우22 (mym0377)> 에어컨없으면 죽을거같아요
[2021-12-10 22:43:43] <%corn_cheez> 에어컨은 찬물이라도 있지만 보일러 없으면 얼어 죽음
[2021-12-10 22:43:45] <하꼬방터렛전문가요맘때 (yuzion_turet)> 찬물로 씻는건..
[2021-12-10 22:43:50] <%끄윽 (guuuuk_)> 더위는 참기가 힘들어요
[2021-12-10 22:43:58] <릴펄의귓밥모음집 (lay0508)> 여름이 더 시러
[2021-12-10 22:43:59] <므냐뇨 (askl183)> 아 그래도 보일러없이할래요
[2021-12-10 22:44:00] <%라우22 (mym0377)> 더운건 서터레스 ㅜㅜ
[2021-12-10 22:44:04] <mj__1985> 어렸을때부터 나씻을때 어머니가 보일러꺼서 한겨울에도 찬물로씻었음
[2021-12-10 22:44:04] <%끄윽 (guuuuk_)> 찬물은 몸에 힘 빡 주면 참을 수 있음
[2021-12-10 22:44:06] <하꼬방터렛전문가요맘때 (yuzion_turet)> 군대에서 찬물로 씻어보긴했는데
[2021-12-10 22:44:06] <300만행복도시인천 (hell_cheon)> 한겨울에 찬물로 안씻어봤나부네
[2021-12-10 22:44:06] <릴펄의귓밥모음집 (lay0508)> 악으로 깡으로 버티면 되지
[2021-12-10 22:44:09] <300만행복도시인천 (hell_cheon)> 정신 바짝듭니다 허허 ~
[2021-12-10 22:44:21] <%corn_cheez> 보일러 안 틀고 잘 수 있음? 얼어죽어
[2021-12-10 22:44:22] <300만행복도시인천 (hell_cheon)> ㅎ..
[2021-12-10 22:44:22] <%라우22 (mym0377)> ㅋㅋㅋㅋ
[2021-12-10 22:44:31] <릴펄의귓밥모음집 (lay0508)> 방장은 에어컨?
[2021-12-10 22:44:32] <mj__1985> 전기온수기달아야죠
[2021-12-10 22:44:40] <300만행복도시인천 (hell_cheon)> 솔직히 에어컨 없는건 무친짓이야 !
[2021-12-10 22:44:57] <릴펄의귓밥모음집 (lay0508)> 찬물 받아놓으면 미지근해지겠지 뭐
[2021-12-10 22:44:59] <mj__1985> 잠은 전기장판쓰고
[2021-12-10 22:45:01] Viewerstats (22:16-22:45): avg:95 min:90 max:103 [15/103+0-5+0+0-4+0-2-2+0+0+4+0+2+0]
[2021-12-10 22:45:04] <%라우22 (mym0377)> 더운건 어케하실거에여
[2021-12-10 22:45:16] <릴펄의귓밥모음집 (lay0508)> 다 벗어도 더울텐데?
[2021-12-10 22:45:26] <mj__1985> 저 보일러안틀어요 씻을때만 틀고
[2021-12-10 22:45:26] <%흔한개발자 (prosaicdev)> 쨔하
[2021-12-10 22:45:27] <@^Nightbot> 흔한개발자님 쨔하!트하!
[2021-12-10 22:45:30] <300만행복도시인천 (hell_cheon)> 그러고보니 방송적으로 도움될듯
[2021-12-10 22:45:33] <300만행복도시인천 (hell_cheon)> 에어컨 없어야겠네
[2021-12-10 22:45:36] <릴펄의귓밥모음집 (lay0508)> ㅋㅋㅋㅋㅋ
[2021-12-10 22:45:38] <%라우22 (mym0377)> 물수건 끼얹고 발에 얼음대야 하면 뭐
[2021-12-10 22:45:39] <크림카스테라 (nesta122)> 없이 살기 떡볶이vs제육볶음
[2021-12-10 22:45:43] <릴펄의귓밥모음집 (lay0508)> 펑
[2021-12-10 22:45:44] <%corn_cheez> 에어컨 없으면 ㅗㅜㅑ
[2021-12-10 22:45:45] <300만행복도시인천 (hell_cheon)> 아 ㅋㅋ
[2021-12-10 22:45:48] <므냐뇨 (askl183)> 씻고나와서 시간지나면 다시 더워지게되면 또 씻을려구요?
[2021-12-10 22:46:09] <%corn_cheez> 에어컨 없으면 1시간에 1번 씻음
[2021-12-10 22:46:11] <%흔한개발자 (prosaicdev)> 냉풍기 여러대 돌리면 버틸만 할텐데
[2021-12-10 22:46:17] <릴펄의귓밥모음집 (lay0508)> ㅋㅋㅋㅋㅋㅋ
[2021-12-10 22:46:20] <300만행복도시인천 (hell_cheon)> 누가보면 다이어트 하시는줄 알겠어요
[2021-12-10 22:46:23] <%corn_cheez> 내일 아침은 떡볶이다
[2021-12-10 22:46:28] <%흔한개발자 (prosaicdev)> 얼음물 선풍기?
[2021-12-10 22:46:37] <릴펄의귓밥모음집 (lay0508)> ?
[2021-12-10 22:46:37] <@^Nightbot> 15447번째 갈고리야요...(｡•́︿•̀｡)
[2021-12-10 22:46:38] <%윤비비전용발닦개 (i_think_so__)> 애기 ㅋㅋㅋㅋㅋㅋ
[2021-12-10 22:46:39] <300만행복도시인천 (hell_cheon)> 마이깟
[2021-12-10 22:46:42] <%라우22 (mym0377)> 빠른사과 인정
[2021-12-10 22:46:43] <%윤비비전용발닦개 (i_think_so__)> 애깈ㅋㅋㅋㅋㅋㅋㅋ
[2021-12-10 22:46:43] <크림카스테라 (nesta122)> 어제 떡볶이 먹었는데
[2021-12-10 22:46:44] <%corn_cheez> 왜 코야야가 되버렸어
[2021-12-10 22:46:56] <릴펄의귓밥모음집 (lay0508)> ㅋㅋㅋㅋㅋㅋㅋ
[2021-12-10 22:46:56] <%라우22 (mym0377)> 있음?
[2021-12-10 22:46:56] <300만행복도시인천 (hell_cheon)> ?
[2021-12-10 22:46:57] <릴펄의귓밥모음집 (lay0508)> 트바
[2021-12-10 22:47:00] <%윤비비전용발닦개 (i_think_so__)> 저 사람이요
[2021-12-10 22:47:00] <300만행복도시인천 (hell_cheon)> 벤 컷 왜이리 낮음 ㅋㅋ
[2021-12-10 22:47:06] <%끄윽 (guuuuk_)> ㅋㅋㅋㅋㅋ
[2021-12-10 22:47:06] <므냐뇨 (askl183)> 방금 누가 다이어트한다고하지않았어요?
[2021-12-10 22:47:08] <크림카스테라 (nesta122)> 졸업이다
[2021-12-10 22:47:13] <릴펄의귓밥모음집 (lay0508)> ㅋㅋㅋㅋㅋㅋ
[2021-12-10 22:47:13] <%라우22 (mym0377)> ㅋㅋㅋㅋ
[2021-12-10 22:47:13] <300만행복도시인천 (hell_cheon)> 맞네 ~
[2021-12-10 22:47:19] <%corn_cheez> 말없이 밴당함
[2021-12-10 22:47:28] <릴펄의귓밥모음집 (lay0508)> 선만 안 넘으면
[2021-12-10 22:47:31] <릴펄의귓밥모음집 (lay0508)> ㅋㅋㅋㅋㅋㅋ
[2021-12-10 22:47:36] <300만행복도시인천 (hell_cheon)> 갑자기 신의 개시를 받은거같은 채팅있음
[2021-12-10 22:47:40] <%윤비비전용발닦개 (i_think_so__)> 선 어떻게 넘는건데~~~
[2021-12-10 22:47:42] <%라우22 (mym0377)> ㄱㄱ
[2021-12-10 22:47:43] <%끄윽 (guuuuk_)> 드세요~
[2021-12-10 22:47:44] <므냐뇨 (askl183)> 먹어요
[2021-12-10 22:47:46] <300만행복도시인천 (hell_cheon)> 드시죠 ?
[2021-12-10 22:47:48] <%라우22 (mym0377)> 안말려요
[2021-12-10 22:47:50] <꼬막따는냥이 (cckorea)> 컵떡볶이를 생각해
[2021-12-10 22:47:50] <300만행복도시인천 (hell_cheon)> 왜 참는건지 잘 모르겠거든요 ~
[2021-12-10 22:47:54] <%corn_cheez> 떡볶이가 살 진짜 잘 찌는데
[2021-12-10 22:47:56] <릴펄의귓밥모음집 (lay0508)> 왕호떡 ㄷㄷ
[2021-12-10 22:47:59] <%corn_cheez> 탄수의 극치라
[2021-12-10 22:47:59] <하꼬방터렛전문가요맘때 (yuzion_turet)> 나같으면 하나 시켜서 냠냠 먹는다
[2021-12-10 22:48:01] <므냐뇨 (askl183)> 안먹어도 스트레스 먹어도스트레스 ㅋㅋㅋㅋ
[2021-12-10 22:48:06] <%흔한개발자 (prosaicdev)> ㅋㅋㅋㅋㅋㅋㅋ
[2021-12-10 22:48:11] <%라우22 (mym0377)> 근데 진짜 끌고 다니면서 운동시키고 싶긴해
[2021-12-10 22:48:14] <룡이_ (wjdwlrmaksli)> 윤기흐르고 탱탱한 떡볶이에 흐믈한 오뎅 크윽
[2021-12-10 22:48:14] <%corn_cheez> 오늘도 이렇게 배민은 바쁩니다
[2021-12-10 22:48:16] <%윤비비전용발닦개 (i_think_so__)> 그건 3~4인분 팔지않음?
[2021-12-10 22:48:17] <300만행복도시인천 (hell_cheon)> ㄷㄷ
[2021-12-10 22:48:17] <릴펄의귓밥모음집 (lay0508)> 한번 먹어도 크게 달라질거 없잖아 ㅎ
[2021-12-10 22:48:21] <릴펄의귓밥모음집 (lay0508)> 흐잌
[2021-12-10 22:48:27] <%흔한개발자 (prosaicdev)> 오늘 흰색인데 떡볶이 갠찬?
[2021-12-10 22:48:48] <릴펄의귓밥모음집 (lay0508)> 단골은 늘..ㅠ
[2021-12-10 22:48:50] <300만행복도시인천 (hell_cheon)> 흰옷에 떡볶이 소스.. 배덕감 느껴지네요
[2021-12-10 22:48:52] <구슬추적자 (dontcry2003)> 쨔니님 탈색한거 너무 예뻐요
[2021-12-10 22:49:09] <릴펄의귓밥모음집 (lay0508)> 오우
[2021-12-10 22:49:11] <300만행복도시인천 (hell_cheon)> 치킨 까지 ?
[2021-12-10 22:49:22] <릴펄의귓밥모음집 (lay0508)> 진짜 같음 ㅇㅇ
[2021-12-10 22:49:24] <%라우22 (mym0377)> 잘빗긴했어요
[2021-12-10 22:49:33] <릴펄의귓밥모음집 (lay0508)> 안궁 ㅋ
[2021-12-10 22:49:35] <300만행복도시인천 (hell_cheon)> 궁금할뻔 ~
[2021-12-10 22:49:42] <릴펄의귓밥모음집 (lay0508)> ㅋㅋㅋㅋㅋㅋㅋ
[2021-12-10 22:49:51] <300만행복도시인천 (hell_cheon)> 인천에 맛있는 떡볶이집 많은데
[2021-12-10 22:49:51] <릴펄의귓밥모음집 (lay0508)> 단골은 늘 사라지지..
[2021-12-10 22:49:55] <300만행복도시인천 (hell_cheon)> 다른데 찾아보세여
[2021-12-10 22:50:08] <릴펄의귓밥모음집 (lay0508)> 몰?루
[2021-12-10 22:50:09] <%윤비비전용발닦개 (i_think_so__)> 죠스떡볶이 양 적어서 갠춘
[2021-12-10 22:50:16] <%라우22 (mym0377)> 두끼
[2021-12-10 22:50:21] <%윤비비전용발닦개 (i_think_so__)> 청년다방
[2021-12-10 22:50:23] <크림카스테라 (nesta122)> 신전
[2021-12-10 22:50:28] <릴펄의귓밥모음집 (lay0508)> 두끼는 가서 먹어야 제 맛
[2021-12-10 22:50:38] <%corn_cheez> 청년이랑 신전은 닫았지
[2021-12-10 22:50:38] <300만행복도시인천 (hell_cheon)> 카레맛 그게 포인트인데
[2021-12-10 22:50:54] <%윤비비전용발닦개 (i_think_so__)> ㅇㅇ
[2021-12-10 22:51:00] <300만행복도시인천 (hell_cheon)> 튀김우동정도의 매운맛인듯
[2021-12-10 22:51:00] <릴펄의귓밥모음집 (lay0508)> 신전 난 조아
[2021-12-10 22:51:05] <%윤비비전용발닦개 (i_think_so__)> 신라면 맵기가 신라면맵기가 아니던데
[2021-12-10 22:51:07] <므냐뇨 (askl183)> 로제는 좋아하시나요?
[2021-12-10 22:51:08] <릴펄의귓밥모음집 (lay0508)> 난 맵찌
[2021-12-10 22:51:25] <릴펄의귓밥모음집 (lay0508)> 들어는 봄
[2021-12-10 22:51:25] <%윤비비전용발닦개 (i_think_so__)> 매운거 아님?
[2021-12-10 22:51:28] <%끄윽 (guuuuk_)> 들어만 봄
[2021-12-10 22:51:29] <300만행복도시인천 (hell_cheon)> 먹으면 응급실 ?
[2021-12-10 22:51:30] <%끄윽 (guuuuk_)> 매운 거 아닌가
[2021-12-10 22:51:31] <므냐뇨 (askl183)> 매운거아니에요?
[2021-12-10 22:51:39] <%corn_cheez> 행복해 보이셔서 좋습니다
[2021-12-10 22:51:40] <%윤비비전용발닦개 (i_think_so__)> 맵찔이라 쳐다도 안봤는데 응급실
[2021-12-10 22:51:52] <릴펄의귓밥모음집 (lay0508)> 저는요?
[2021-12-10 22:51:55] <%corn_cheez> 응급실이 엽떡보다 매움?
[2021-12-10 22:52:02] <%라우22 (mym0377)> 네
[2021-12-10 22:52:04] <릴펄의귓밥모음집 (lay0508)> 편하게 오셔
[2021-12-10 22:52:04] <300만행복도시인천 (hell_cheon)> 아아 오늘옷 좀 아쉽네요 ㅠㅜ
[2021-12-10 22:52:06] <릴펄의귓밥모음집 (lay0508)> ㅋㅎㅋㅎ
[2021-12-10 22:52:06] <%끄윽 (guuuuk_)> ㅔ
[2021-12-10 22:52:06] <%라우22 (mym0377)> 와 최고기록인듯
[2021-12-10 22:52:07] <%흔한개발자 (prosaicdev)> ㅋㅋㅋ
[2021-12-10 22:52:11] <%corn_cheez> 2시간이면 참 길었다
[2021-12-10 22:52:12] <릴펄의귓밥모음집 (lay0508)> 업적이다
[2021-12-10 22:52:13] <%윤비비전용발닦개 (i_think_so__)> 2시간이나 버텼네
[2021-12-10 22:52:26] <%corn_cheez> 보통 30분 컷인데
[2021-12-10 22:52:30] <릴펄의귓밥모음집 (lay0508)> 저기서 옷이 나오는거 봐도봐도 신기하네
[2021-12-10 22:52:31] <꼬막따는냥이 (cckorea)> 쿠키몬스터 입고있어서 오래간듯ㅋ
[2021-12-10 22:52:31] <%윤비비전용발닦개 (i_think_so__)> ㄹㅇ
[2021-12-10 22:52:33] <릴펄의귓밥모음집 (lay0508)> ㅋㅋㅋㅋㅋ
[2021-12-10 22:52:43] <릴펄의귓밥모음집 (lay0508)> 꾸깃꾸깃
[2021-12-10 22:52:46] <%윤비비전용발닦개 (i_think_so__)> 와 쑤셔넣는거봐
[2021-12-10 22:52:51] <릴펄의귓밥모음집 (lay0508)> 옷이 사는 집이 됐어
[2021-12-10 22:52:53] <흑마대제 (ssuck2)> 뭐야 고양이네
[2021-12-10 22:52:53] <%라우22 (mym0377)> ㅋㅋㅋㅋ
[2021-12-10 22:52:54] <릴펄의귓밥모음집 (lay0508)> ㅋㅋㅋㅋㅋ
[2021-12-10 22:52:55] <%윤비비전용발닦개 (i_think_so__)> 뭐요
[2021-12-10 22:52:55] <릴펄의귓밥모음집 (lay0508)> 므요
[2021-12-10 22:53:06] <%윤비비전용발닦개 (i_think_so__)> 꾸린향기
[2021-12-10 22:53:07] <릴펄의귓밥모음집 (lay0508)> 아..네
[2021-12-10 22:53:11] <%흔한개발자 (prosaicdev)> 쿰쿰한 향기
[2021-12-10 22:53:11] <꼬막따는냥이 (cckorea)> 코야 화장실ㅋㅋ
[2021-12-10 22:53:12] <릴펄의귓밥모음집 (lay0508)> 꾸릿꾸릿
[2021-12-10 22:53:13] <므냐뇨 (askl183)> 알고싶지않아요 ㅋㅋ
[2021-12-10 22:53:22] <릴펄의귓밥모음집 (lay0508)> 안 사요
[2021-12-10 22:53:25] <%윤비비전용발닦개 (i_think_so__)> 참내
[2021-12-10 22:53:25] <릴펄의귓밥모음집 (lay0508)> 풉
[2021-12-10 22:53:25] <@^빵_떡 (bbangddeock)> 릴펄의귓밥모음집님이 6번이나 비웃었습니다. bbangd1Pubb
[2021-12-10 22:53:25] <300만행복도시인천 (hell_cheon)> ㅋㅋㅋㅋㅋㅋㅋㅋㅋㅋㅋㅋㅋㅋㅋㅋ
[2021-12-10 22:53:27] <므냐뇨 (askl183)> ㅋㅋㅋㅋㅋㅋㅋㅋㅋㅋㅋㅋ
[2021-12-10 22:53:39] <릴펄의귓밥모음집 (lay0508)> 10초 컷
[2021-12-10 22:53:40] <300만행복도시인천 (hell_cheon)> 덜렁
[2021-12-10 22:53:46] <%라우22 (mym0377)> junsstPyun junsstPyun junsstPyun
[2021-12-10 22:53:53] BITS: prosaicdev (100)
[2021-12-10 22:53:53] <%흔한개발자 (prosaicdev)> Cheer100
[2021-12-10 22:53:53] <300만행복도시인천 (hell_cheon)> 오늘 외국에서 오신분 같으시다 ~
[2021-12-10 22:53:56] <릴펄의귓밥모음집 (lay0508)> 편안~
[2021-12-10 22:54:05] <%윤비비전용발닦개 (i_think_so__)> ㄹㅇ 일본인
[2021-12-10 22:54:11] <릴펄의귓밥모음집 (lay0508)> ㅋㅋㅋㅋ
[2021-12-10 22:54:19] <릴펄의귓밥모음집 (lay0508)> 러본인 ㄷㄷ
[2021-12-10 22:54:20] <300만행복도시인천 (hell_cheon)> 쓰까불럇 ?
[2021-12-10 22:54:34] <릴펄의귓밥모음집 (lay0508)> 어허 나쁜말
[2021-12-10 22:54:37] <릴펄의귓밥모음집 (lay0508)> ㅋㅋㅋ
[2021-12-10 22:54:38] <%윤비비전용발닦개 (i_think_so__)> 소데스네~
[2021-12-10 22:54:39] <므냐뇨 (askl183)> 브금제목뭔가요?
[2021-12-10 22:54:51] <300만행복도시인천 (hell_cheon)> !방제
[2021-12-10 22:54:52] <@^Nightbot> @300만행복도시인천 -> Current Stream Title: 하얀애기고양이인 나
[2021-12-10 22:54:52] <@^빵_떡 (bbangddeock)> 방송 제목 : 하얀애기고양이인 나
[2021-12-10 22:54:59] <릴펄의귓밥모음집 (lay0508)> 검은
[2021-12-10 22:54:59] <크림카스테라 (nesta122)> 배떡 로제
[2021-12-10 22:55:01] <릴펄의귓밥모음집 (lay0508)> ㅋㅋㅋㅋ
[2021-12-10 22:55:05] ~응애 검은 아기고양이 (Just Chatting)~
[2021-12-10 22:55:18] <릴펄의귓밥모음집 (lay0508)> 지코 목소리인가
[2021-12-10 22:55:19] <릴펄의귓밥모음집 (lay0508)> 오 맞네
[2021-12-10 22:55:23] <%corn_cheez> 배달떡볶이
[2021-12-10 22:55:23] <릴펄의귓밥모음집 (lay0508)> 배떡 로제로 유명하지
[2021-12-10 22:55:25] <mj__1985> 배달떡복기
[2021-12-10 22:55:26] <므냐뇨 (askl183)> 그냥 가게이름이 배떡이에요
[2021-12-10 22:55:27] <%corn_cheez> 로제 유명함
[2021-12-10 22:55:28] <므냐뇨 (askl183)> 로제맛있어요
[2021-12-10 22:55:35] <릴펄의귓밥모음집 (lay0508)> 로제 묵자
[2021-12-10 22:55:41] <%윤비비전용발닦개 (i_think_so__)> 와 후비적
[2021-12-10 22:55:44] <릴펄의귓밥모음집 (lay0508)> 디려
[2021-12-10 22:55:46] <릴펄의귓밥모음집 (lay0508)> ㅋㅎㅋㅎ
[2021-12-10 22:55:54] <릴펄의귓밥모음집 (lay0508)> 으악
[2021-12-10 22:55:55] <300만행복도시인천 (hell_cheon)> 아 진짜
[2021-12-10 22:55:57] <%윤비비전용발닦개 (i_think_so__)> ㄴ으악
[2021-12-10 22:55:57] <300만행복도시인천 (hell_cheon)> 아 !
[2021-12-10 22:56:07] <릴펄의귓밥모음집 (lay0508)> 방금 검은거 보였는데
[2021-12-10 22:56:11] <%윤비비전용발닦개 (i_think_so__)> 고민할수록
[2021-12-10 22:56:13] <%윤비비전용발닦개 (i_think_so__)> 배달만 늦어짐
[2021-12-10 22:56:14] <%라우22 (mym0377)> 치킨
[2021-12-10 22:56:14] <릴펄의귓밥모음집 (lay0508)> 딱지인가요 손톱에
[2021-12-10 22:56:25] <%끄윽 (guuuuk_)> 제가 배가 불러서 별 생각이 안 나요
[2021-12-10 22:56:25] <%흔한개발자 (prosaicdev)> 짜장면?
[2021-12-10 22:56:30] <noodle45> ㄷㄲㅅ?
[2021-12-10 22:56:31] <꼬막따는냥이 (cckorea)> 마라탕?
[2021-12-10 22:56:33] <300만행복도시인천 (hell_cheon)> 생크림 ?
[2021-12-10 22:56:34] <%윤비비전용발닦개 (i_think_so__)> 이시간에 중국집이 함?
[2021-12-10 22:56:36] <릴펄의귓밥모음집 (lay0508)> 오 짜장 땡겨 갑자기
[2021-12-10 22:56:41] <300만행복도시인천 (hell_cheon)> ㅎㅎ
[2021-12-10 22:56:41] <크림카스테라 (nesta122)> 칼국수
[2021-12-10 22:56:45] <릴펄의귓밥모음집 (lay0508)> 빨리 저녁이나 먹어야지..
[2021-12-10 22:56:46] <%흔한개발자 (prosaicdev)> 다 닫았나
[2021-12-10 22:56:48] <mj__1985> 짬뽕에소주
[2021-12-10 22:56:49] <%라우22 (mym0377)> 피자?
[2021-12-10 22:56:49] <므냐뇨 (askl183)> 찜닭?
[2021-12-10 22:56:55] <noodle45> 중국음식 특 술안주임
[2021-12-10 22:56:55] <%윤비비전용발닦개 (i_think_so__)> 오래하네
[2021-12-10 22:57:00] <릴펄의귓밥모음집 (lay0508)> 행복한 고민
[2021-12-10 22:57:10] <%윤비비전용발닦개 (i_think_so__)> 여긴 맛있는곳 빨리닫던데 ㅠ
[2021-12-10 22:57:12] <꼬막따는냥이 (cckorea)> 짜응갈래!
[2021-12-10 22:57:13] <%윤비비전용발닦개 (i_think_so__)> 서울인데요
[2021-12-10 22:57:14] <300만행복도시인천 (hell_cheon)> 크으
[2021-12-10 22:57:17] <noodle45> 아하 그렇군요
[2021-12-10 22:57:18] <릴펄의귓밥모음집 (lay0508)> 아 네~
[2021-12-10 22:57:21] <300만행복도시인천 (hell_cheon)> 인천 도시 맞거든요 ~
[2021-12-10 22:57:21] <릴펄의귓밥모음집 (lay0508)> 도시녀
[2021-12-10 22:57:37] <300만행복도시인천 (hell_cheon)> ㅜ
[2021-12-10 22:57:43] <%윤비비전용발닦개 (i_think_so__)> 살찌기 좋네
[2021-12-10 22:57:47] <300만행복도시인천 (hell_cheon)> 밖에 안나가고 중고차 안사면 인천 좋음
[2021-12-10 22:57:54] <므냐뇨 (askl183)> 집돌이 집순이 최적화도시 ㅋㅋㅋㅋ
[2021-12-10 22:57:57] <%라우22 (mym0377)> 배달이 잘되는 도시..
[2021-12-10 22:58:04] <300만행복도시인천 (hell_cheon)> 순살? 못참지 ;
[2021-12-10 22:58:06] <noodle45> 여자는 순살 싫어해요?
[2021-12-10 22:58:11] <mj__1985> 치킨은 뼈죠
[2021-12-10 22:58:17] <콜라는__펩시 (dewty_514)> 난 뼈가더좋음
[2021-12-10 22:58:19] <%라우22 (mym0377)> 조금 멀면 안해줌 ㅋㅋ
[2021-12-10 22:58:23] <%윤비비전용발닦개 (i_think_so__)> 저번에 순살 이야기 했다가 방장 울음
[2021-12-10 22:58:25] <콜라는__펩시 (dewty_514)> 집에선 무조건 뼈 밖에서만 순살
[2021-12-10 22:58:28] <%흔한개발자 (prosaicdev)> 뼈 치킨이 좀 더 맛있는데 순살이 먹기 편해서 금방 흡입할 수 있어
[2021-12-10 22:58:37] <%라우22 (mym0377)> 그래서 교촌못먹자너 ㅜㅜ
[2021-12-10 22:58:38] <%corn_cheez> 치킨을 가려 먹는 못된 버릇 안돼
[2021-12-10 22:58:49] <noodle45> 사장님한테 짜파게티 하나 해달라고 하죠
[2021-12-10 22:58:49] <%윤비비전용발닦개 (i_think_so__)> 쨔니게티
[2021-12-10 22:58:54] <300만행복도시인천 (hell_cheon)> ㄷㄷ
[2021-12-10 22:59:00] <므냐뇨 (askl183)> 돼지고기+짜파게티?
[2021-12-10 22:59:07] <겜발자티팬티오타쿠 (677283)> 돼냥이 귀욤
[2021-12-10 22:59:09] <몽현_ (tlgus1004)> 짜파게티에 돼지고기넣은거아닌가
[2021-12-10 22:59:11] <콜라는__펩시 (dewty_514)> 반말하지마!
[2021-12-10 22:59:11] <300만행복도시인천 (hell_cheon)> 갑자기 키를 ?
[2021-12-10 22:59:13] <%윤비비전용발닦개 (i_think_so__)> 작긴해..
[2021-12-10 22:59:14] <%흑우넘버화이브 (bleem0081)> 돼지게티라고 핫한 체인점이예여
[2021-12-10 22:59:27] <%라우22 (mym0377)> 예쁘면 다냐?
[2021-12-10 22:59:28] <꼬막따는냥이 (cckorea)> 예쁘면 다냐?!
[2021-12-10 22:59:28] <%누가그거하래 (jinsu9709)> ㅋㅋㅋㅋㅋㅋㅋㅋ
[2021-12-10 22:59:31] <콜라는__펩시 (dewty_514)> 예쁘면다야?
[2021-12-10 22:59:32] <므냐뇨 (askl183)> ㅋㅋㅋㅋㅋㅋㅋㅋ
[2021-12-10 22:59:34] <%corn_cheez> 국물 스파게티 체인점이네
[2021-12-10 22:59:34] <%흔한개발자 (prosaicdev)> ㅋㅋㅋㅋ
[2021-12-10 22:59:34] <%누가그거하래 (jinsu9709)> 상수형등장해야할듯
[2021-12-10 22:59:37] <300만행복도시인천 (hell_cheon)> 너무 흘러간 밈이라
[2021-12-10 22:59:45] <%corn_cheez> 걔네 지금 고딩 아님?
[2021-12-10 22:59:46] <%윤비비전용발닦개 (i_think_so__)> ㅎ톡
[2021-12-10 22:59:48] <300만행복도시인천 (hell_cheon)> 또 틱톡이야 ?!
[2021-12-10 22:59:51] <겜발자티팬티오타쿠 (677283)> 많이컸던데 ㅋㅋ
[2021-12-10 22:59:52] <300만행복도시인천 (hell_cheon)> 틱톡이 세상을 지배해
[2021-12-10 22:59:59] <%윤비비전용발닦개 (i_think_so__)> 정상수가 진짜 힙합인데
[2021-12-10 23:00:00] <꼬막따는냥이 (cckorea)> ㅋㅋㅋ
[2021-12-10 23:00:01] <%라우22 (mym0377)> 재밌는데
[2021-12-10 23:00:03] <300만행복도시인천 (hell_cheon)> 상수형 재밋지 않음 ?
[2021-12-10 23:00:03] <%corn_cheez> 정상수 노잼임
[2021-12-10 23:00:08] <300만행복도시인천 (hell_cheon)> 말할때 테이저건 맞은것같이 말하잖음 ㅋㅋ
[2021-12-10 23:00:11] <%윤비비전용발닦개 (i_think_so__)> 그게 힙합이야
[2021-12-10 23:00:13] <므냐뇨 (askl183)> 틱톡은 별의별거 다떠서 안봐요
[2021-12-10 23:00:26] <%윤비비전용발닦개 (i_think_so__)> 힙한데?
[2021-12-10 23:00:30] <%라우22 (mym0377)> 말투가 개웃김
[2021-12-10 23:00:35] <%흔한개발자 (prosaicdev)> 여자 스님 차별?
[2021-12-10 23:00:41] <%누가그거하래 (jinsu9709)> ㅋㅋㅋㅋㅋㅋㅋ
[2021-12-10 23:00:41] <300만행복도시인천 (hell_cheon)> 헉
[2021-12-10 23:00:44] <%라우22 (mym0377)> 범죄자는 맞지
[2021-12-10 23:00:46] <%윤비비전용발닦개 (i_think_so__)> 맞지
[2021-12-10 23:00:47] <300만행복도시인천 (hell_cheon)> 사실 그것도 팩..
[2021-12-10 23:00:59] <mj__1985> 범죄자맞을껄요 뉴스많이나오던데
[2021-12-10 23:01:00] <%누가그거하래 (jinsu9709)> 아 배고파..
[2021-12-10 23:01:00] <%윤비비전용발닦개 (i_think_so__)> ㅇㅇ
[2021-12-10 23:01:01] <%누가그거하래 (jinsu9709)> ㅋㅋㅋㅋㅋㅋㅋㅋㅋ
[2021-12-10 23:01:02] <%윤비비전용발닦개 (i_think_so__)> 맞아
[2021-12-10 23:01:04] <300만행복도시인천 (hell_cheon)> 테이저건 맞았자늠 ㅋㅋ
[2021-12-10 23:01:21] <300만행복도시인천 (hell_cheon)> 찌릿찌릿
[2021-12-10 23:01:21] <%누가그거하래 (jinsu9709)> 랩테이저건 맞았음
[2021-12-10 23:01:23] <%윤비비전용발닦개 (i_think_so__)> 관상 잘보네
[2021-12-10 23:01:24] <%라우22 (mym0377)> 학교 한번 다녀왔지않나
[2021-12-10 23:01:25] <mj__1985> 술쳐먹고 행패부리고
[2021-12-10 23:01:31] <300만행복도시인천 (hell_cheon)> 요새 케인 아조씨는 가끔 새벽에 보긴함
[2021-12-10 23:01:34] <%라우22 (mym0377)> 보는중
[2021-12-10 23:01:41] <300만행복도시인천 (hell_cheon)> 순살치킨덕뽁이 ㄱㄱ
[2021-12-10 23:01:43] <므냐뇨 (askl183)> 사다리타기어떠세요
[2021-12-10 23:01:44] <%라우22 (mym0377)> 1
[2021-12-10 23:01:53] <mj__1985> 둘다
[2021-12-10 23:01:53] <300만행복도시인천 (hell_cheon)> 오 ..
[2021-12-10 23:01:56] <300만행복도시인천 (hell_cheon)> 아 ㅋㅋㅋ
[2021-12-10 23:02:01] <@^싹둑 (ssakdook)> 새로오신 분들 반가워요٩( ᐛ )و
[2021-12-10 23:02:02] <300만행복도시인천 (hell_cheon)> 케인님 영상 아니면 김짠희 영상이라니
[2021-12-10 23:02:02] <%윤비비전용발닦개 (i_think_so__)> 금손이구나
[2021-12-10 23:02:04] <300만행복도시인천 (hell_cheon)> ㅋㅋㅋㅋㅋ
[2021-12-10 23:02:18] <%라우22 (mym0377)> ㅔ
[2021-12-10 23:02:20] <%윤비비전용발닦개 (i_think_so__)> 엌
[2021-12-10 23:02:21] <%라우22 (mym0377)> 님영상이나 보시죠
[2021-12-10 23:02:26] <300만행복도시인천 (hell_cheon)> 봅시다 !
[2021-12-10 23:02:36] <%윤비비전용발닦개 (i_think_so__)> 깜짝이야
[2021-12-10 23:02:43] <꼬막따는냥이 (cckorea)> ㅋㅋㅋ
[2021-12-10 23:02:43] <300만행복도시인천 (hell_cheon)> 저떄도 코는 크셨구나
[2021-12-10 23:02:45] <%라우22 (mym0377)> ㅋㅋㅋㅋㅋㅋㅋㅋㅋㅋ
[2021-12-10 23:02:46] <%끄윽 (guuuuk_)> ㅋㅋㅋㅋㅋㅋㅋㅋㅋㅋㅋㅋ
[2021-12-10 23:02:47] <꼬막따는냥이 (cckorea)> 마라탕 가즈아!!
[2021-12-10 23:02:50] <%corn_cheez> 좀 깜아!
[2021-12-10 23:02:51] <%윤비비전용발닦개 (i_think_so__)> 와 떡진거봐
[2021-12-10 23:02:57] <몽현_ (tlgus1004)> 몰랐는데 코가 크시네..
[2021-12-10 23:02:58] <%윤비비전용발닦개 (i_think_so__)> 환상브레이커
[2021-12-10 23:03:02] <%끄윽 (guuuuk_)> 마라탕 먹기도 전인데 땀에 쩔어있는 거 같아요
[2021-12-10 23:03:04] <%라우22 (mym0377)> 소리좀만 올려주실..?
[2021-12-10 23:03:04] <%corn_cheez> 머리가 붙었어 ㅋㅋㅋㅋ
[2021-12-10 23:03:10] <%윤비비전용발닦개 (i_think_so__)> 모든 여자가 저렇진 않죠?
[2021-12-10 23:03:15] <mj__1985> 볼살 없는거봐..
[2021-12-10 23:03:20] <300만행복도시인천 (hell_cheon)> 약간 소금맛 방장
[2021-12-10 23:03:23] <꼬막따는냥이 (cckorea)> ㅋㅋㅋㅋㅋㅋ
[2021-12-10 23:03:27] <%윤비비전용발닦개 (i_think_so__)> 말랐으니까?
[2021-12-10 23:03:46] <몽현_ (tlgus1004)> 다르긴하다..
[2021-12-10 23:03:48] <300만행복도시인천 (hell_cheon)> 눈시울이 붉어진것같아
[2021-12-10 23:03:49] <@^빵_떡 (bbangddeock)> 어서오세요 아직 팔로우 안하셨다면 팔로우 부탁해요 °˖✧◝(⁰▿⁰)◜✧˖°
[2021-12-10 23:04:02] <300만행복도시인천 (hell_cheon)> 그러네 ㅋㅋ
[2021-12-10 23:04:02] <%윤비비전용발닦개 (i_think_so__)> 와
[2021-12-10 23:04:03] <%흔한개발자 (prosaicdev)> 와
[2021-12-10 23:04:05] <%윤비비전용발닦개 (i_think_so__)> 저땐 쇄골이 있네
[2021-12-10 23:04:05] <릴펄의귓밥모음집 (lay0508)> 저 사람은 누구?
[2021-12-10 23:04:08] <300만행복도시인천 (hell_cheon)> 허리부분까지 나오니까 ..
[2021-12-10 23:04:12] <%라우22 (mym0377)> 그렇네
[2021-12-10 23:04:14] <%윤비비전용발닦개 (i_think_so__)> 지금은 쇄골없는데 ㄹㅇ
[2021-12-10 23:04:15] <릴펄의귓밥모음집 (lay0508)> ㅋㅋㅋㅋㅋㅋㅋ
[2021-12-10 23:04:18] <300만행복도시인천 (hell_cheon)> ?
[2021-12-10 23:04:18] <@^Nightbot> 15448번째 갈고리야요...(｡•́︿•̀｡)
[2021-12-10 23:04:19] <릴펄의귓밥모음집 (lay0508)> ?
[2021-12-10 23:04:21] <mj__1985> 라인이..,
[2021-12-10 23:04:21] <%corn_cheez> 저분은 쨔니고 이분은 잔희
[2021-12-10 23:04:21] <%끄윽 (guuuuk_)> 저런.,.
[2021-12-10 23:04:21] <릴펄의귓밥모음집 (lay0508)> 쏟?
[2021-12-10 23:04:23] <300만행복도시인천 (hell_cheon)> 또쏟았니 ?
[2021-12-10 23:04:23] <릴펄의귓밥모음집 (lay0508)> 아
[2021-12-10 23:04:24] <꼬막따는냥이 (cckorea)> 앜
[2021-12-10 23:04:24] <%corn_cheez> 헐ㅋㅋㅋㅋㅋㅋㅋㅋㅋ
[2021-12-10 23:04:25] <릴펄의귓밥모음집 (lay0508)> ㅋㅋㅋㅋㅋㅋㅋ
[2021-12-10 23:04:25] <%라우22 (mym0377)> 1일 1쏟 실천
[2021-12-10 23:04:26] <겜발자티팬티오타쿠 (677283)> 쉐엣~
[2021-12-10 23:04:26] <므냐뇨 (askl183)> ㅋㅋㅋㅋㅋㅋㅋㅋㅋㅋ
[2021-12-10 23:04:27] <커피는모카 (byghtgg)> 아 ㄷㄷ
[2021-12-10 23:04:29] <%corn_cheez> 쨔또쏟
[2021-12-10 23:04:29] <꼬막따는냥이 (cckorea)> 또 소독했네ㅋㅋ
[2021-12-10 23:04:31] <릴펄의귓밥모음집 (lay0508)> 맨날 쏟아
[2021-12-10 23:04:33] <%윤비비전용발닦개 (i_think_so__)> 알코올 소독 ㄱㅇㄷ
[2021-12-10 23:04:34] <릴펄의귓밥모음집 (lay0508)> ㅋㅋㅋㅋㅋㅋㅋㅋ
[2021-12-10 23:04:37] <300만행복도시인천 (hell_cheon)> 이거 쏟을떄마다 책상 청소하는 날임 아 ㅋㅋ
[2021-12-10 23:04:39] <%프루리 (electropruri)> 깨끗해지겠다
[2021-12-10 23:04:41] <릴펄의귓밥모음집 (lay0508)> ㅋㅋㅋㅋㅋㅋㅋㅋㅋ
[2021-12-10 23:04:43] <므냐뇨 (askl183)> ㅋㅋㅋㅋㅋㅋㅋㅋㅋㅋㅋㅋ
[2021-12-10 23:04:46] <몽현_ (tlgus1004)> ㅋㅋㅋㅋㅋㅋㅋㅋ
[2021-12-10 23:04:50] <꼬막따는냥이 (cckorea)> 정기적 알콜 소독 ㅋㅋ
[2021-12-10 23:04:50] <릴펄의귓밥모음집 (lay0508)> 폰만 있어도 취하겠네
[2021-12-10 23:04:52] <겜발자티팬티오타쿠 (677283)> 핸드폰 가끔 소독해주면 좋긴하지
[2021-12-10 23:04:52] <릴펄의귓밥모음집 (lay0508)> ㅋㅎㅋㅎ
[2021-12-10 23:04:55] <%끄윽 (guuuuk_)> 핸드폰이 드럽긴 해
[2021-12-10 23:04:58] <300만행복도시인천 (hell_cheon)> 향긋
[2021-12-10 23:04:58] <%corn_cheez> 잠시 소독중이에요
[2021-12-10 23:05:15] <몽현_ (tlgus1004)> 잠시 소독이 있었어요
[2021-12-10 23:05:19] <%윤비비전용발닦개 (i_think_so__)> 날아가지
[2021-12-10 23:05:47] <300만행복도시인천 (hell_cheon)> ㄹㅇ
[2021-12-10 23:05:49] <mj__1985> 알코올은 금방 날라가는데 술냄새는..
[2021-12-10 23:05:50] <300만행복도시인천 (hell_cheon)> 늦으면 더 배고픔 ;
[2021-12-10 23:05:57] <%윤비비전용발닦개 (i_think_so__)> 왜 울어
[2021-12-10 23:05:59] <%끄윽 (guuuuk_)> ㅠ
[2021-12-10 23:06:04] <300만행복도시인천 (hell_cheon)> 와 크리스마스
[2021-12-10 23:06:11] <%윤비비전용발닦개 (i_think_so__)> 울어야하나 여기서
[2021-12-10 23:06:14] <겜발자티팬티오타쿠 (677283)> 졸귀다
[2021-12-10 23:06:14] <300만행복도시인천 (hell_cheon)> 나... 기억나 다 기억나 ㅠㅜ
[2021-12-10 23:06:21] <꼬막따는냥이 (cckorea)> 형이 왜 거기서 나와ㅋㅋ
[2021-12-10 23:06:30] <%윤비비전용발닦개 (i_think_so__)> 저 할아버지 몸 좋음
[2021-12-10 23:06:30] <%라우22 (mym0377)> 좋을시절
[2021-12-10 23:06:32] <300만행복도시인천 (hell_cheon)> 케인님 운동 빡시게할껄 ?
[2021-12-10 23:06:35] <%윤비비전용발닦개 (i_think_so__)> 만나보쇼 갔는데 얼굴 진짜 작음
[2021-12-10 23:06:45] <%라우22 (mym0377)> 스킵인데 저거 ㅜ
[2021-12-10 23:06:50] <300만행복도시인천 (hell_cheon)> 83의 그루브
[2021-12-10 23:07:00] <%윤비비전용발닦개 (i_think_so__)> 39
[2021-12-10 23:07:02] <300만행복도시인천 (hell_cheon)> 김희철님 친구니까
[2021-12-10 23:07:03] <%corn_cheez> 희철이형이랑 친구자ㅓㄴ
[2021-12-10 23:07:03] <%라우22 (mym0377)> 올해39살
[2021-12-10 23:07:04] <%윤비비전용발닦개 (i_think_so__)> ?
[2021-12-10 23:07:04] <@^Nightbot> 15449번째 갈고리야요...(｡•́︿•̀｡)
[2021-12-10 23:07:04] <300만행복도시인천 (hell_cheon)> 83년맞을껄 ?
[2021-12-10 23:07:19] <%윤비비전용발닦개 (i_think_so__)> 40넘은줄 알았는데 아니네
[2021-12-10 23:07:21] <%흑우넘버화이브 (bleem0081)> 김희철이랑 친구머금
[2021-12-10 23:07:23] <%corn_cheez> 침착맨도 83 아님?
[2021-12-10 23:07:46] <300만행복도시인천 (hell_cheon)> 더 나이들게 본건가 ㅋㅋ
[2021-12-10 23:07:48] <%윤비비전용발닦개 (i_think_so__)> 1년 전
[2021-12-10 23:07:50] <%라우22 (mym0377)> 1년전
[2021-12-10 23:07:59] <겜발자티팬티오타쿠 (677283)> 와 검정원피스..
[2021-12-10 23:08:00] <%corn_cheez> 지금도 가능?
[2021-12-10 23:08:01] <%흑우넘버화이브 (bleem0081)> 대머리공원 동내 살때네...
[2021-12-10 23:08:03] <%라우22 (mym0377)> ㄹㅇ
[2021-12-10 23:08:04] <300만행복도시인천 (hell_cheon)> 아마 발굴하면 다 있을껄요
[2021-12-10 23:08:05] <므냐뇨 (askl183)> ㅋㅋㅋㅋㅋ
[2021-12-10 23:08:10] <겜발자티팬티오타쿠 (677283)> 와... 검정원피스들이 너무 이쁜데연
[2021-12-10 23:08:12] <%라우22 (mym0377)> ㅔ
[2021-12-10 23:08:21] <300만행복도시인천 (hell_cheon)> 와
[2021-12-10 23:08:34] <300만행복도시인천 (hell_cheon)> 이렇게 다양하게 입었는데
[2021-12-10 23:08:37] <it_s__okay> 잔하
[2021-12-10 23:08:37] <300만행복도시인천 (hell_cheon)> 왜 쿠키몬스터만 생각나지
[2021-12-10 23:08:42] <%윤비비전용발닦개 (i_think_so__)> ㅇㅇ 1년전부터 다이어트함
[2021-12-10 23:08:46] <%라우22 (mym0377)> 1시간을 못넘길뿐..
[2021-12-10 23:08:48] <%끄윽 (guuuuk_)> 하의가 쿠키몬스터 통일이라 그렇지
[2021-12-10 23:08:55] <300만행복도시인천 (hell_cheon)> 크흐흡 ㅠㅜ
[2021-12-10 23:08:58] <%흑우넘버화이브 (bleem0081)> 뚝딱이 시절..
[2021-12-10 23:09:11] <%라우22 (mym0377)> ㅇㅇ
[2021-12-10 23:09:11] <300만행복도시인천 (hell_cheon)> ㄹㅇ ㅋㅋ
[2021-12-10 23:09:11] <%자숙중인딩굴 (yang31118)> 와
[2021-12-10 23:09:24] <겜발자티팬티오타쿠 (677283)> 검정이 잘어울리신다
[2021-12-10 23:13:31] <300만행복도시인천 (hell_cheon)> 이러니 김잔희 방송 안볼수가 있냐구요 ㅠㅜ
[2021-12-10 23:16:45] <300만행복도시인천 (hell_cheon)> 어머
[2021-12-10 23:16:47] <%윤비비전용발닦개 (i_think_so__)> 와
[2021-12-10 23:16:52] <%흔한개발자 (prosaicdev)> 와
[2021-12-10 23:16:59] <300만행복도시인천 (hell_cheon)> 설현모음 ㄷㄷ
[2021-12-10 23:17:02] <겜발자티팬티오타쿠 (677283)> 와
[2021-12-10 23:17:13] <%자숙중인딩굴 (yang31118)> 지금도예쁨
