# Log started: 2021-12-10 23:27:58 +0900
[2021-12-10 23:27:58] #zzanicoya 채널 입장 중입니다
[2021-12-10 23:27:58] #zzanicoya 채널에 입장했습니다
[2021-12-10 23:27:58] ~응애 검은 아기고양이 (Just Chatting)~
[2021-12-10 23:28:13] <%라우22 (mym0377)> 저기에 얼굴캠만 잘라서 대보죠
[2021-12-10 23:28:40] <%라우22 (mym0377)> ㅋㅋㅋㅋ
[2021-12-10 23:28:43] <%누가그거하래 (jinsu9709)> ㅋㅋㅋ
[2021-12-10 23:28:47] <300만행복도시인천 (hell_cheon)> 엄청난 미남 ㄷㄷ
[2021-12-10 23:28:54] <it_s__okay> ㅋㅋㅋㅋㅋㅋㅋㅋ
[2021-12-10 23:28:55] <%흔한개발자 (prosaicdev)> ㅋㅋㅋ
[2021-12-10 23:28:56] <%누가그거하래 (jinsu9709)> ㅋㅋㅋㅋㅋㅋㅋㅋㅋㅋㅋㅋㅋㅋㅋㅋㅋ
[2021-12-10 23:28:56] <%corn_cheez> 훈남 등장!
[2021-12-10 23:29:00] <300만행복도시인천 (hell_cheon)> 하잇!
[2021-12-10 23:29:02] <꼬막따는냥이 (cckorea)> ㅋㅋㅋㅋㅋㅋㅋ
[2021-12-10 23:29:03] <%라우22 (mym0377)> ㅋㅋㅋㅋㅋ
[2021-12-10 23:29:03] <므냐뇨 (askl183)> ㅋㅋㅋㅋㅋㅋㅋㅋ
[2021-12-10 23:29:06] <it_s__okay> 먹을사람!
[2021-12-10 23:29:11] <제제제리 (zeze_jerry)> 하잇!!!!!!
[2021-12-10 23:29:14] <%누가그거하래 (jinsu9709)> ㅋㅋㅋㅋㅋㅋㅋㅋㅋㅋㅋ
[2021-12-10 23:29:15] <%corn_cheez> 샤란짠~
[2021-12-10 23:29:20] <%흑우넘버화이브 (bleem0081)> 좌니쿤 하이모 사이트가 더 공신력있는 가발사이트 아님?
[2021-12-10 23:29:31] <%누가그거하래 (jinsu9709)> 이거 맞는거냐구 ㅋㅋ
[2021-12-10 23:29:31] <%흔한개발자 (prosaicdev)> 뭘 해도 저렇게 하니까 이상하네
[2021-12-10 23:29:32] <it_s__okay> ㅋㅋㅋㅋㅋㅋ
[2021-12-10 23:29:36] <%corn_cheez> 뭘해도 사랑이 보임 ㅋㅋㅋㅋ
[2021-12-10 23:29:36] <300만행복도시인천 (hell_cheon)> 이상하네 ..
[2021-12-10 23:29:55] <%라우22 (mym0377)> ㅋㅋㅋ
[2021-12-10 23:29:59] <꼬막따는냥이 (cckorea)> 너무 초코송이같아ㅋ
[2021-12-10 23:29:59] <%누가그거하래 (jinsu9709)> ㅋㅋㅋㅋㅋㅋㅋㅋ
[2021-12-10 23:30:02] <송파구잼민이 (kimsh86)> 누나
[2021-12-10 23:30:03] <%흑우넘버화이브 (bleem0081)> 기기괴괴
[2021-12-10 23:30:06] <%흔한개발자 (prosaicdev)> 모르겠으니까 일단 해볼래요?
[2021-12-10 23:30:07] <%라우22 (mym0377)> 괜찮은듯
[2021-12-10 23:30:10] <송파구잼민이 (kimsh86)> 단발은 킹적권 살빼야 예뻐요!!!
[2021-12-10 23:30:14] <300만행복도시인천 (hell_cheon)> 쨔니님이면 뭘해도 괜찮을거에요 ㅠㅜ
[2021-12-10 23:30:17] <송파구잼민이 (kimsh86)> 아냐
[2021-12-10 23:30:24] <송파구잼민이 (kimsh86)> 지금은 안된다고 정말..
[2021-12-10 23:30:30] BITS: prosaicdev (5000)
[2021-12-10 23:30:30] <%흔한개발자 (prosaicdev)> Cheer5000 해봐요
[2021-12-10 23:30:39] <300만행복도시인천 (hell_cheon)> ㄷㄷ
[2021-12-10 23:30:42] <므냐뇨 (askl183)> 잘모르게쒀요
[2021-12-10 23:30:42] <%corn_cheez> ㄷㄷㄷㄷ
[2021-12-10 23:30:47] <%라우22 (mym0377)> ㅗㅜㅑ
[2021-12-10 23:30:48] <송파구잼민이 (kimsh86)> ㄷㄷㄷㄷ
[2021-12-10 23:30:48] <300만행복도시인천 (hell_cheon)> 비트에 숨이 턱 !
[2021-12-10 23:30:54] <송파구잼민이 (kimsh86)> 5000 이면 얼마임?
[2021-12-10 23:30:59] <꼬막따는냥이 (cckorea)> ㅋㅋㅋ
[2021-12-10 23:31:09] <송파구잼민이 (kimsh86)> ㅋㅋㅋㅋㅋㅋㅋㅋㅋ
[2021-12-10 23:31:09] <꼬막따는냥이 (cckorea)> 버섯맨이야!
[2021-12-10 23:31:33] <300만행복도시인천 (hell_cheon)> 신기한 가발 ?
[2021-12-10 23:31:40] <%corn_cheez> 파마 가발 같은거?
[2021-12-10 23:31:41] <%흑우넘버화이브 (bleem0081)> 가발은 하이모
[2021-12-10 23:31:42] <%라우22 (mym0377)> 아수라가발?
[2021-12-10 23:31:47] <300만행복도시인천 (hell_cheon)> 와 ~
[2021-12-10 23:31:51] <300만행복도시인천 (hell_cheon)> 하트사이에 간격 불편하네요 ㅠㅜ
[2021-12-10 23:31:57] <송파구잼민이 (kimsh86)> ??????????
[2021-12-10 23:32:03] <300만행복도시인천 (hell_cheon)> 왼쪽하고 오른쪽 보셈
[2021-12-10 23:32:06] <%라우22 (mym0377)> ^_^ 이런느낌
[2021-12-10 23:32:07] <%corn_cheez> 디자이너들 오열
[2021-12-10 23:32:18] <300만행복도시인천 (hell_cheon)> 왼쪽은 하트가 튀어나와있꼬
[2021-12-10 23:32:21] <noodle45> 좌우대칭 안맞는거 ㅋㅋ
[2021-12-10 23:32:22] <300만행복도시인천 (hell_cheon)> 오른쪽은 들어갔자나
[2021-12-10 23:32:33] <300만행복도시인천 (hell_cheon)> 불편해서 자리 고쳐앉았읍니다
[2021-12-10 23:32:35] <%흑우넘버화이브 (bleem0081)> 좌우 모서리를 봐
[2021-12-10 23:32:39] <%corn_cheez> 대칭 심하게 안 맞음
[2021-12-10 23:32:39] <%윤비비전용발닦개 (i_think_so__)> 더 나와야
[2021-12-10 23:32:55] <noodle45> 선생님이 이쁘니까 괜찮은걸로 할까요
[2021-12-10 23:32:58] <300만행복도시인천 (hell_cheon)> 이게 바로 삐뚤어진 사랑인가 ..
[2021-12-10 23:32:59] <it_s__okay> 가내수공업 ㄷㄷ
[2021-12-10 23:33:02] <%라우22 (mym0377)> 네~
[2021-12-10 23:33:04] <%흑우넘버화이브 (bleem0081)> 상단 좌우 모서리가 불편불편
[2021-12-10 23:33:08] <%누가그거하래 (jinsu9709)> ㅋㅋㅋㅋㅋㅋㅋㅋㅋㅋ
[2021-12-10 23:33:09] <300만행복도시인천 (hell_cheon)> ㅠㅜ
[2021-12-10 23:33:10] <%윤비비전용발닦개 (i_think_so__)> 하단 좌우 도 안맞음
[2021-12-10 23:33:11] <%라우22 (mym0377)> junsstNe junsstPyun
[2021-12-10 23:33:12] <%corn_cheez> 선생님만 이쁘면 됐지
[2021-12-10 23:33:21] <%흔한개발자 (prosaicdev)> 색깔 까진 모르겠음
[2021-12-10 23:33:35] <%라우22 (mym0377)> zzanicDgs
[2021-12-10 23:33:39] <%corn_cheez> 이쁘다
[2021-12-10 23:33:47] <%라우22 (mym0377)> 오
[2021-12-10 23:33:48] <%윤비비전용발닦개 (i_think_so__)> 가발은 이쁘다
[2021-12-10 23:33:48] <@^빵_떡 (bbangddeock)> 어서오세요 아직 팔로우 안하셨다면 팔로우 부탁해요 °˖✧◝(⁰▿⁰)◜✧˖°
[2021-12-10 23:33:56] <%corn_cheez> 애니에 나올 것 같음
[2021-12-10 23:33:58] <%흔한개발자 (prosaicdev)> ㅋㅋㅋ
[2021-12-10 23:33:59] <%라우22 (mym0377)> 저거 쓰고 귀칼하면되나
[2021-12-10 23:34:22] <%흑우넘버화이브 (bleem0081)> ㅋㅋㅋㅋㅋㅋㅋㅋㅋㅋ
[2021-12-10 23:34:22] <%윤비비전용발닦개 (i_think_so__)> ㄹㅇ
[2021-12-10 23:34:22] <300만행복도시인천 (hell_cheon)> ㅎㅎ
[2021-12-10 23:34:23] <꼬막따는냥이 (cckorea)> ㅋㅋㅋ
[2021-12-10 23:34:30] <noodle45> 가발이 죄가 아니라면...
[2021-12-10 23:34:33] <%라우22 (mym0377)> ㅋㅋㅋㅋ
[2021-12-10 23:34:35] <%윤비비전용발닦개 (i_think_so__)> ㄹㅇ 가발은 죄 없어
[2021-12-10 23:34:41] <300만행복도시인천 (hell_cheon)> 휴 즙인줄
[2021-12-10 23:34:49] <%라우22 (mym0377)> 합격
[2021-12-10 23:34:51] <300만행복도시인천 (hell_cheon)> ㅇㅇ 킵
[2021-12-10 23:35:09] <%윤비비전용발닦개 (i_think_so__)> 아닌데
[2021-12-10 23:35:10] <%해봄이루루짱의남자친구 (moya_hoya)> 초코송이네 ㅋㅋㅋ
[2021-12-10 23:35:12] <%라우22 (mym0377)> ㄴㄴ
[2021-12-10 23:35:14] <%흔한개발자 (prosaicdev)> 음?
[2021-12-10 23:35:22] <%윤비비전용발닦개 (i_think_so__)> 진짜 모르는구나
[2021-12-10 23:35:27] <noodle45> 동아리 먹이사슬 최상단 같긴하네여
[2021-12-10 23:35:37] <300만행복도시인천 (hell_cheon)> ㅋㅋㅋㅋㅋㅋㅋㅋㅋㅋ
[2021-12-10 23:35:59] <%윤비비전용발닦개 (i_think_so__)> 어우
[2021-12-10 23:36:02] <%윤비비전용발닦개 (i_think_so__)> 엘레강스한거봐
[2021-12-10 23:36:03] <%흔한개발자 (prosaicdev)> 오
[2021-12-10 23:36:04] <%라우22 (mym0377)> 와
[2021-12-10 23:36:06] <300만행복도시인천 (hell_cheon)> 밥은 시켰죠 ?
[2021-12-10 23:36:06] <noodle45> 오 코카스파니엘
[2021-12-10 23:36:11] <%라우22 (mym0377)> 합격
[2021-12-10 23:36:17] <300만행복도시인천 (hell_cheon)> 빙구미 ~
[2021-12-10 23:36:31] <300만행복도시인천 (hell_cheon)> 잔희's 뭔들 ㅠㅜ
[2021-12-10 23:36:58] <noodle45> 진짜 이건 젊을때 해야될듯 ㅋㅋ
[2021-12-10 23:37:03] <%윤비비전용발닦개 (i_think_so__)> 이쁜 가발이었네
[2021-12-10 23:37:10] <%라우22 (mym0377)> 보는거랑은 다르구나
[2021-12-10 23:37:11] <300만행복도시인천 (hell_cheon)> 오호
[2021-12-10 23:37:16] <300만행복도시인천 (hell_cheon)> 이건 사진부터 이쁘긴하네여
[2021-12-10 23:37:29] <%윤비비전용발닦개 (i_think_so__)> 따로 컬 넣은거?
[2021-12-10 23:38:01] <300만행복도시인천 (hell_cheon)> 음 ...
[2021-12-10 23:38:05] <%윤비비전용발닦개 (i_think_so__)> 제니가 저런머리 하지않았나
[2021-12-10 23:38:06] <300만행복도시인천 (hell_cheon)> 과거로 돌아가는건가
[2021-12-10 23:38:07] <악마의_속삭임 (g9200)> 고스트 바둑왕 스타일이지
[2021-12-10 23:38:18] <noodle45> 사진만 보는데 홍대온거 같아요
[2021-12-10 23:38:22] <300만행복도시인천 (hell_cheon)> 바로 방송에 재투자 ㄷㄷ
[2021-12-10 23:38:44] <300만행복도시인천 (hell_cheon)> 머리 안감아도됨
[2021-12-10 23:38:45] <%윤비비전용발닦개 (i_think_so__)> 2 머리 안감아도 됨
[2021-12-10 23:38:46] <300만행복도시인천 (hell_cheon)> ㅇ...
[2021-12-10 23:38:47] <%윤비비전용발닦개 (i_think_so__)> 역시
[2021-12-10 23:38:51] <noodle45> 사실 하나네요
[2021-12-10 23:38:53] <%라우22 (mym0377)> junsstNe
[2021-12-10 23:38:55] <%흔한개발자 (prosaicdev)> 가발로 예쁘게 단장해서 아침부터 방송키기 미션?
[2021-12-10 23:39:10] <%윤비비전용발닦개 (i_think_so__)> ㄴㄴ
[2021-12-10 23:39:12] <%윤비비전용발닦개 (i_think_so__)> 관리 해줘야함
[2021-12-10 23:39:17] <300만행복도시인천 (hell_cheon)> 가발에서 정수리 냄새나면 끝아님 ?
[2021-12-10 23:39:30] <300만행복도시인천 (hell_cheon)> 오호
[2021-12-10 23:39:39] <므냐뇨 (askl183)> 머리 며칠마다감나요?
[2021-12-10 23:39:44] <악마의_속삭임 (g9200)> 김잔희 머리도 자주 감겨줘
[2021-12-10 23:39:49] <300만행복도시인천 (hell_cheon)> 싼게 비지떡이구연
[2021-12-10 23:40:25] <300만행복도시인천 (hell_cheon)> 전투적인데 ㅋㅋ
[2021-12-10 23:40:44] <noodle45> 오 너무 좋아요 선생님
[2021-12-10 23:40:49] <%윤비비전용발닦개 (i_think_so__)> ㅗㅜㅑ
[2021-12-10 23:40:53] <꼬막따는냥이 (cckorea)> ㅗㅜㅑ
[2021-12-10 23:40:56] <300만행복도시인천 (hell_cheon)> 실리콘 미드 모르시는구나 ~
[2021-12-10 23:40:57] <%흑우넘버화이브 (bleem0081)> 오우..
[2021-12-10 23:41:03] <제제제리 (zeze_jerry)> ㅗㅜㅑ
[2021-12-10 23:41:03] <@^싹둑 (ssakdook)> 새로오신 분들 반가워요٩( ᐛ )و
[2021-12-10 23:41:07] <noodle45> 저거 하고 목부분 포샵으로 지우면 됨
[2021-12-10 23:41:07] <%윤비비전용발닦개 (i_think_so__)> 저번에 케조씨도 저런거 하지 않음?
[2021-12-10 23:41:24] <300만행복도시인천 (hell_cheon)> 블루마리 코스할때 본거같은데
[2021-12-10 23:41:26] <%윤비비전용발닦개 (i_think_so__)> 그 킹오파인가 여캐
[2021-12-10 23:41:26] <%라우22 (mym0377)> 블루마리 코스프레할때 입음 ㅋㅋ
[2021-12-10 23:41:38] <%라우22 (mym0377)> ㅗㅜㅑ
[2021-12-10 23:41:43] <300만행복도시인천 (hell_cheon)> 어멈메
[2021-12-10 23:41:44] <꼬막따는냥이 (cckorea)> ㅋㅋㅋ
[2021-12-10 23:41:47] <꼬막따는냥이 (cckorea)> ㅗㅜㅑ
[2021-12-10 23:41:48] <%흔한개발자 (prosaicdev)> 엄허
[2021-12-10 23:41:48] <%윤비비전용발닦개 (i_think_so__)> ㄷㄷㄷ
[2021-12-10 23:41:49] <%끄윽 (guuuuk_)> 알리는 참 좋은 사이트 인 거 같아요
[2021-12-10 23:41:50] <300만행복도시인천 (hell_cheon)> 전신 망사라고 ?!
[2021-12-10 23:41:51] <제제제리 (zeze_jerry)> ㅗㅜㅑ
[2021-12-10 23:41:55] <%윤비비전용발닦개 (i_think_so__)> 좋은곳이네 알리
[2021-12-10 23:41:59] <%윤비비전용발닦개 (i_think_so__)> 주소 공유좀
[2021-12-10 23:41:59] <%라우22 (mym0377)> 좋네요
[2021-12-10 23:42:06] <noodle45> 뭐라고 쳐야 나오나요?
[2021-12-10 23:42:12] <%윤비비전용발닦개 (i_think_so__)> 어른되고싶어요
[2021-12-10 23:42:13] <%흑우넘버화이브 (bleem0081)> 저 전신망사 일본영화에서 많이 봤?엉?
[2021-12-10 23:42:15] <300만행복도시인천 (hell_cheon)> 여친에게 선물하게 주소좀 알려주세요 ~
[2021-12-10 23:42:28] <촌동네배린이 (alsgh8879)> ?
[2021-12-10 23:42:28] <@^Nightbot> 15452번째 갈고리야요...(｡•́︿•̀｡)
[2021-12-10 23:42:29] <soyong_ai> 와!!이쁘다 PrideRise
[2021-12-10 23:42:33] <300만행복도시인천 (hell_cheon)> 꺄핫
[2021-12-10 23:42:52] <촌동네배린이 (alsgh8879)> 그렇게 뼈 떄리는 것도 나쁜거예요
[2021-12-10 23:42:53] <noodle45> 데일리로 입게 알려주세요~
[2021-12-10 23:42:54] <%윤비비전용발닦개 (i_think_so__)> 에밀ㄹ리아
[2021-12-10 23:42:56] <%윤비비전용발닦개 (i_think_so__)> 에밀리아
[2021-12-10 23:43:08] <300만행복도시인천 (hell_cheon)> 침줄줄
[2021-12-10 23:43:09] <%윤비비전용발닦개 (i_think_so__)> 각성네즈코네
[2021-12-10 23:43:13] <soyong_ai> 오오
[2021-12-10 23:43:22] <%윤비비전용발닦개 (i_think_so__)> 각성네즈코 할 수 잇음??
[2021-12-10 23:43:25] <300만행복도시인천 (hell_cheon)> 솔직히 그냥 입으셔도 될것같아요
[2021-12-10 23:43:25] <%라우22 (mym0377)> 코스 못하겠네요 ㅜㅜ
[2021-12-10 23:43:31] <%윤비비전용발닦개 (i_think_so__)> 저거 노출도 높은데
[2021-12-10 23:43:32] <300만행복도시인천 (hell_cheon)> 너무 자신에게 엄격한거같아요
[2021-12-10 23:43:33] <noodle45> 귀멸 극장판 5쯤 나오면?
[2021-12-10 23:43:43] <%흑우넘버화이브 (bleem0081)> 나이살이라 자연스러운거예여..너무 억지로 빼지 마세여
[2021-12-10 23:43:50] <%라우22 (mym0377)> ㅋㅋㅋ
[2021-12-10 23:43:52] <300만행복도시인천 (hell_cheon)> 무얼 보여줄셈이지 !
[2021-12-10 23:44:03] <%힘센두더지 (doodeogee)> 노잼
[2021-12-10 23:44:09] <300만행복도시인천 (hell_cheon)> 음 ?
[2021-12-10 23:44:09] <%윤비비전용발닦개 (i_think_so__)> 어우 간지럽겠다
[2021-12-10 23:44:14] <soyong_ai> 와!!귀여워 2020Rivalry
[2021-12-10 23:44:15] <%힘센두더지 (doodeogee)> ㅗㅜㅑ
[2021-12-10 23:44:16] <300만행복도시인천 (hell_cheon)> 음 ..
[2021-12-10 23:44:22] <꼬막따는냥이 (cckorea)> 큰거오나
[2021-12-10 23:44:27] <%라우22 (mym0377)> 좋아요 ㅜㅜ
[2021-12-10 23:44:28] <300만행복도시인천 (hell_cheon)> 좋아서요 ~
[2021-12-10 23:44:29] <%힘센두더지 (doodeogee)> 저거도 괜찮은뎅
[2021-12-10 23:44:32] <%윤비비전용발닦개 (i_think_so__)> 안들어갈거같아서
[2021-12-10 23:44:33] <%자숙중인딩굴 (yang31118)> 오우야 ㄷㄷ
[2021-12-10 23:44:35] <noodle45> 아기가 봐도 괜찮나요
[2021-12-10 23:44:38] <꼬막따는냥이 (cckorea)> ㅋㅋㅋ
[2021-12-10 23:44:39] <300만행복도시인천 (hell_cheon)> ㅋㅋㅋㅋㅋㅋㅋㅋㅋㅋㅋ
[2021-12-10 23:44:40] <%윤비비전용발닦개 (i_think_so__)> 아 누구야
[2021-12-10 23:44:41] <%윤비비전용발닦개 (i_think_so__)> 그만해
[2021-12-10 23:44:44] <soyong_ai> ㅋㅋㅋㅋㅋ
[2021-12-10 23:44:48] <꼬막따는냥이 (cckorea)> 딜미터기 터져욧!
[2021-12-10 23:44:51] <촌동네배린이 (alsgh8879)> ㅋㅋㅋㅋㅋㅋㅋㅋㅋㅋㅋㅋㅋㅋㅋㅋㅋㅋㅋㅋㅋㅋㅋㅋㅋㅋ
[2021-12-10 23:44:52] <%힘센두더지 (doodeogee)> 가림막 있다고 해서 다 가리는줄.. 망사네.. 헤헷
[2021-12-10 23:44:52] <300만행복도시인천 (hell_cheon)> 이미 들어간답니다!
[2021-12-10 23:44:59] <%흔한개발자 (prosaicdev)> ㅋㅋㅋㅋ
[2021-12-10 23:44:59] <촌동네배린이 (alsgh8879)> 옷 터진데 ㅋㅋㅋㅋ
[2021-12-10 23:45:00] <%라우22 (mym0377)> ㅋㅋㅋㅋ
[2021-12-10 23:45:01] <%자숙중인딩굴 (yang31118)> 김잔희 섹시의상을 입는다고?ㄷㄷ
[2021-12-10 23:45:03] <it_s__okay> 슈뢰딩거의 산타복
[2021-12-10 23:45:05] <므냐뇨 (askl183)> ㅋㅋㅋㅋㅋㅋ
[2021-12-10 23:45:06] <noodle45> 튼튼한가보네...
[2021-12-10 23:45:08] <꼬막따는냥이 (cckorea)> ㅋㅋㅋ
[2021-12-10 23:45:14] <300만행복도시인천 (hell_cheon)> 그거 배고파서 그런거임
[2021-12-10 23:45:17] <300만행복도시인천 (hell_cheon)> 빨리 밥드셈
[2021-12-10 23:45:22] <%힘센두더지 (doodeogee)> 지금도 이쁠듯
[2021-12-10 23:45:39] <꼬막따는냥이 (cckorea)> 망토는 잘 산듯
[2021-12-10 23:45:42] <%라우22 (mym0377)> ㅔ 입어주세요
[2021-12-10 23:45:42] <악마의_속삭임 (g9200)> 그 잠옷바지만 아니면 됨
[2021-12-10 23:46:01] <%윤비비전용발닦개 (i_think_so__)> 망토만 입는거?
[2021-12-10 23:46:03] <soyong_ai> 귀엽
[2021-12-10 23:46:03] <noodle45> 와우 완성형
[2021-12-10 23:46:05] <%자숙중인딩굴 (yang31118)> 커엽네
[2021-12-10 23:46:05] <%흔한개발자 (prosaicdev)> 커엽다
[2021-12-10 23:46:06] <300만행복도시인천 (hell_cheon)> 인스타녀석들 부러워 ㅠㅜ
[2021-12-10 23:46:08] <촌동네배린이 (alsgh8879)> 귀여웡
[2021-12-10 23:46:12] <it_s__okay> 와 귀여워요
[2021-12-10 23:46:38] <soyong_ai> 오오
[2021-12-10 23:46:39] <%윤비비전용발닦개 (i_think_so__)> 토끼귀네 커엽
[2021-12-10 23:46:45] <300만행복도시인천 (hell_cheon)> 갑자기 외풍부는거 같네
[2021-12-10 23:47:03] <noodle45> 이게.. 크리스마스?
[2021-12-10 23:47:03] <므냐뇨 (askl183)> 귀가 처진거에요?
[2021-12-10 23:47:04] <%라우22 (mym0377)> 오
[2021-12-10 23:47:06] <%윤비비전용발닦개 (i_think_so__)> 캬
[2021-12-10 23:47:11] <300만행복도시인천 (hell_cheon)> PrideUwu
[2021-12-10 23:47:19] <%라우22 (mym0377)> 조명 이 색으로 해야됐었네
[2021-12-10 23:47:25] <300만행복도시인천 (hell_cheon)> 산타 텔미 착한아이는 ~
[2021-12-10 23:47:26] [Usernotice] 흔한개발자 is gifting 5 Tier 1 Subs to 김잔희's community!
[2021-12-10 23:47:29] [Notification] 흔한개발자 gifted a Tier 1 sub to 우한경겨탐나헤으응!
[2021-12-10 23:47:29] [Notification] 흔한개발자 gifted a Tier 1 sub to 납짝만두1!
[2021-12-10 23:47:29] [Notification] 흔한개발자 gifted a Tier 1 sub to 설탕맛소고기!
[2021-12-10 23:47:29] [Notification] 흔한개발자 gifted a Tier 1 sub to 통통연꽃!
[2021-12-10 23:47:29] [Notification] 흔한개발자 gifted a Tier 1 sub to 트수야아_! 트수야아_ has subscribed for 2 months!
[2021-12-10 23:47:32] <%누가그거하래 (jinsu9709)> ㅊㅊㅊㅊㅊ
[2021-12-10 23:47:33] <300만행복도시인천 (hell_cheon)> 헉
[2021-12-10 23:47:33] <%라우22 (mym0377)> 산하
[2021-12-10 23:47:34] <300만행복도시인천 (hell_cheon)> ㅉㄴㅉㄴㄱㅉㄴ
[2021-12-10 23:47:41] <%누가그거하래 (jinsu9709)> zzanicOyahihi zzanicOyahihi zzanicOyahihi zzanicOyahihi
[2021-12-10 23:47:42] <%라우22 (mym0377)> ㅋㅋㅋㅋ
[2021-12-10 23:47:43] <촌동네배린이 (alsgh8879)> ㅋㅋㅋㅋㅋㅋㅋㅋㅋㅋㅋㅋㅋㅋㅋㅋㅋㅋㅋㅋㅋㅋㅋ
[2021-12-10 23:47:44] <300만행복도시인천 (hell_cheon)> HahaLean HahaLean HahaLean
[2021-12-10 23:48:00] <갈비가좋아 (sojo1006)> 난가
[2021-12-10 23:48:03] <noodle45> ㄹㅇ 산타
[2021-12-10 23:48:09] <soyong_ai> 이쁘다 PrideRise
[2021-12-10 23:48:18] <300만행복도시인천 (hell_cheon)> 어쩜 사람이 이럴까 ㅠㅜ
[2021-12-10 23:48:18] <it_s__okay> ㅉㄴㅉㄴㄱㅉㄴ 듣기 좋아요
[2021-12-10 23:48:25] <%누가그거하래 (jinsu9709)> zzanicOyahihi zzanicOyahihi zzanicOyahihi zzanicOyahihi
[2021-12-10 23:48:38] <꼬막따는냥이 (cckorea)> LuvBlush LuvBlush LuvBlush
[2021-12-10 23:48:42] <300만행복도시인천 (hell_cheon)> 혹시 떡볶이 먹을때 입을 빨간옷이 그건가요 ?
[2021-12-10 23:48:43] <%흔한개발자 (prosaicdev)> 크리스마스 이브에 일해야되서 체감이 하나도 안되긴 하지만 ㅋㅋ
[2021-12-10 23:48:43] <%설탕맛소고기 (sang7n)> zzanicOyahaha zzanicOyahaha
[2021-12-10 23:48:46] <%누가그거하래 (jinsu9709)> 망토가 사기였네
[2021-12-10 23:48:54] <%누가그거하래 (jinsu9709)> 뭔 옷이든 잘어울림 ㅋㅋ
[2021-12-10 23:48:56] <300만행복도시인천 (hell_cheon)> ㅋㅋㅋㅋ
[2021-12-10 23:49:10] <%누가그거하래 (jinsu9709)> ㅋㅋㅋㅋㅋㅋㅋ
[2021-12-10 23:49:17] <300만행복도시인천 (hell_cheon)> 앗... hoxi
[2021-12-10 23:49:19] <%누가그거하래 (jinsu9709)> 지켜보겠어
[2021-12-10 23:49:29] <noodle45> 누나 방송 왜 안켜? 누나 방송 왜 안켜? 누나 방송 왜 안켜? 누나 방송 왜 안켜? 누나 방송 왜 안켜? 누나 방송 왜 안켜?
[2021-12-10 23:49:42] <s1wing22> 게임에서 이벤트가 많아
[2021-12-10 23:49:46] <%누가그거하래 (jinsu9709)> ㅋㅋㅋㅋㅋㅋㅋㅋㅋㅋ
[2021-12-10 23:49:47] <%윤비비전용발닦개 (i_think_so__)> 둘 중 하루는 약속있지 당연히
[2021-12-10 23:49:54] <%자숙중인딩굴 (yang31118)> 출석부르고 밴하죠
[2021-12-10 23:50:06] <noodle45> 근데 지금 약속 다 ㅍ ㅏ토나서 모르겠네여
[2021-12-10 23:50:16] <300만행복도시인천 (hell_cheon)> 말하다 말기 뭐지
[2021-12-10 23:50:42] <%라우22 (mym0377)> 이머리에는 노랑이 나아요
[2021-12-10 23:50:58] <%라우22 (mym0377)> ㅋㅋㅋㅋㅋㅋㅋㅋㅋㅋㅋㅋㅋㅋㅋ
[2021-12-10 23:51:00] <%흔한개발자 (prosaicdev)> ㅋㅋㅋㅋㅋㅋㅋㅋㅋㅋㅋ
[2021-12-10 23:51:00] <%corn_cheez> 앗ㅋㅋㅋㅋㅋ
[2021-12-10 23:51:01] <noodle45> !나이
[2021-12-10 23:51:01] <300만행복도시인천 (hell_cheon)> ㅋㅋ
[2021-12-10 23:51:02] <@^싹둑 (ssakdook)> 5살 키키
[2021-12-10 23:51:06] <300만행복도시인천 (hell_cheon)> 님 저거 왜 7로 안고침
[2021-12-10 23:51:15] <300만행복도시인천 (hell_cheon)> 헉 ㅈㅅ합니다 ;
[2021-12-10 23:51:19] <%라우22 (mym0377)> ㅋㅋㅋㅋㅋ
[2021-12-10 23:51:21] <300만행복도시인천 (hell_cheon)> 7살이라고 말해버릴뻔
[2021-12-10 23:51:23] <%윤비비전용발닦개 (i_think_so__)> 비공개였네 첨알았음
[2021-12-10 23:51:29] <꼬막따는냥이 (cckorea)> ㅋㅋㅋ
[2021-12-10 23:51:29] <%자숙중인딩굴 (yang31118)> ㅋㅋㅋ
[2021-12-10 23:51:31] <%corn_cheez> 비공개지만 곧 팔팔한 나이지
[2021-12-10 23:51:46] <%corn_cheez> 신비주의 ㅋㅋㅋㅋ
[2021-12-10 23:51:46] <%윤비비전용발닦개 (i_think_so__)> ㅋ
[2021-12-10 23:51:48] <noodle45> 방금 망토입을때까진 분명 애기였는데
[2021-12-10 23:51:53] <it_s__okay> 어머 20대 중반이셨어요?
[2021-12-10 23:51:56] <%흔한개발자 (prosaicdev)> 언니
[2021-12-10 23:52:06] <noodle45> 지금은 사촌누나 같아여
[2021-12-10 23:52:06] <it_s__okay> 한달전에 수능친줄 알았어요 언니
[2021-12-10 23:52:19] <%라우22 (mym0377)> ㅎ
[2021-12-10 23:52:22] <%윤비비전용발닦개 (i_think_so__)> 유행가
[2021-12-10 23:52:24] <%누가그거하래 (jinsu9709)> 캐롤?
[2021-12-10 23:52:30] <300만행복도시인천 (hell_cheon)> kcm 스타일
[2021-12-10 23:52:32] <%corn_cheez> 미리 메리크리스마스?
[2021-12-10 23:52:40] <300만행복도시인천 (hell_cheon)> ㅉㄴㅉㄴㄱㅉㄴ !
[2021-12-10 23:52:46] <%누가그거하래 (jinsu9709)> zzanicOyahihi zzanicOyahihi zzanicOyahihi zzanicOyahihi
[2021-12-10 23:52:46] <%라우22 (mym0377)> zzanicOyahihi zzanicOyahihi
[2021-12-10 23:52:49] <%해봄이루루짱의남자친구 (moya_hoya)> ㅉㄴㅉㄴ ㄱㅉㄴ!!
[2021-12-10 23:52:58] <꼬막따는냥이 (cckorea)> ㅋㅋㅋ
[2021-12-10 23:53:01] <%라우22 (mym0377)> ㅋㅋㅋ
[2021-12-10 23:53:02] <촌동네배린이 (alsgh8879)> ㅋㅋㅋㅋㅋㅋㅋㅋㅋㅋㅋㅋㅋㅋㅋㅋㅋㅋㅋ
[2021-12-10 23:53:03] <%corn_cheez> ㅋㅋㅋㅋㅋㅋ
[2021-12-10 23:53:03] <%잉갱발바닥보고흥분한정연 (ncnc33)> aooavvXxxx
[2021-12-10 23:53:04] <%해봄이루루짱의남자친구 (moya_hoya)> starnaDksnrnsid zzanicGhg zzanicGhg zzanicGhg
[2021-12-10 23:53:04] <300만행복도시인천 (hell_cheon)> 저도 쭈글하트 좋아하는데요
[2021-12-10 23:53:10] <%누가그거하래 (jinsu9709)> 철판을 깔라구!!! ㅋㅋㅋㅋ
[2021-12-10 23:53:11] <%해봄이루루짱의남자친구 (moya_hoya)> zzanicOyaddd zzanicZzzzzzzz
[2021-12-10 23:53:14] <%corn_cheez> 웃었으면 됐어
[2021-12-10 23:53:20] <300만행복도시인천 (hell_cheon)> 열심히 만든거같긴함 ..
[2021-12-10 23:53:23] <300만행복도시인천 (hell_cheon)> 수작업으로 ㅋ
[2021-12-10 23:53:31] <꼬막따는냥이 (cckorea)> 하트가 점점 쭈글해져ㅠ
[2021-12-10 23:53:32] <%corn_cheez> 근데 먹을거 시키긴 함?
[2021-12-10 23:53:37] <%흔한개발자 (prosaicdev)> 열심히 한거 같긴 해
[2021-12-10 23:54:08] <%누가그거하래 (jinsu9709)> 이게 다 비행기때문에
[2021-12-10 23:54:08] <300만행복도시인천 (hell_cheon)> ㅉㅉㅉㅉ
[2021-12-10 23:54:10] <%누가그거하래 (jinsu9709)> 생긴 ㅋㅋㅋ
[2021-12-10 23:54:20] <300만행복도시인천 (hell_cheon)> 님이 하면서 자꾸 웃자늠 ㅋㅋ
[2021-12-10 23:54:26] <300만행복도시인천 (hell_cheon)> ㅉㄴㅉㄴㄱㅉㄴ !
[2021-12-10 23:54:27] <%라우22 (mym0377)> zzanicOyahihi zzanicOyahihi
[2021-12-10 23:54:32] <%누가그거하래 (jinsu9709)> zzanicOyahihi zzanicOyahihi zzanicOyahihi zzanicOyahihi
[2021-12-10 23:54:35] <%흔한개발자 (prosaicdev)> zzanicOyahihi zzanicOyahihi
[2021-12-10 23:54:37] <noodle45> 술 먹었나요? 저분
[2021-12-10 23:54:37] <300만행복도시인천 (hell_cheon)> 술 좀.. 드신 모양 ..
[2021-12-10 23:54:38] <촌동네배린이 (alsgh8879)> ㅉㄴㅉㄴ ㄱㅉㄴ
[2021-12-10 23:55:03] <300만행복도시인천 (hell_cheon)> ㅋㅋㅋㅋㅋ
[2021-12-10 23:55:04] <300만행복도시인천 (hell_cheon)> 프라이는 뭐임
[2021-12-10 23:55:06] <300만행복도시인천 (hell_cheon)> 플레인이지
[2021-12-10 23:55:08] <%누가그거하래 (jinsu9709)> ㅋㅋㅋㅋㅋㅋㅋㅋ
[2021-12-10 23:55:08] [Notification] 아기공주기뮨디 subscribed at Tier 1.
[2021-12-10 23:55:12] <it_s__okay> 계란후라이
[2021-12-10 23:55:16] <꼬막따는냥이 (cckorea)> 에어후라이 ㅋㅋ
[2021-12-10 23:55:21] <noodle45> 공듀긴 하지
[2021-12-10 23:55:34] <%아기공주기뮨디 (tmdgmldi97)> ㅋㅋㅋㅋㅋㅋㅋ
[2021-12-10 23:55:37] <300만행복도시인천 (hell_cheon)> 트위치 공주님 ㄷㄷ
[2021-12-10 23:55:43] <%누가그거하래 (jinsu9709)> 아기공주김잔희는없나
[2021-12-10 23:55:44] <%누가그거하래 (jinsu9709)> ㅋㅋㅋㅋㅋㅋ
[2021-12-10 23:55:46] <300만행복도시인천 (hell_cheon)> 2020Drop 2020Drop 2020Drop 2020Drop 좋았어 가자
[2021-12-10 23:55:55] <%라우22 (mym0377)> 할뻔~
[2021-12-10 23:55:57] <%corn_cheez> 우윳빛깔김잔희
[2021-12-10 23:55:58] <300만행복도시인천 (hell_cheon)> CaitlynS CaitlynS CaitlynS
[2021-12-10 23:56:03] <noodle45> ㅋㅋㅋㅋㅋㅋㅋㅋㅋㅋㅋㅋㅋㅋ
[2021-12-10 23:56:04] <%라우22 (mym0377)> 딸깍
[2021-12-10 23:56:08] <300만행복도시인천 (hell_cheon)> 럽~
[2021-12-10 23:56:08] <나의라임오지는나무_ (noir1574)> 어 아깐 하얀 고양이겅듀 였는데..
[2021-12-10 23:56:10] <%라우22 (mym0377)> 딸깍.
[2021-12-10 23:56:12] <므냐뇨 (askl183)> 견뎌요
[2021-12-10 23:56:12] <%누가그거하래 (jinsu9709)> 마이크
[2021-12-10 23:56:14] <%누가그거하래 (jinsu9709)> ㅋㅋㅋㅋㅋㅋㅋㅋㅋ
[2021-12-10 23:56:14] <300만행복도시인천 (hell_cheon)> 컴윗미 ^^...
[2021-12-10 23:56:18] <%라우22 (mym0377)> 딸깍
[2021-12-10 23:56:23] <%누가그거하래 (jinsu9709)> 응~ 마이크~
[2021-12-10 23:56:26] <%corn_cheez> 냥이겅듀김잔히!
[2021-12-10 23:56:26] <%라우22 (mym0377)> 컴윗미 딸깍
[2021-12-10 23:56:30] <300만행복도시인천 (hell_cheon)> 2트 ㅋㅋ
[2021-12-10 23:56:32] <noodle45> 치명적인 표정을 연습하신건가요?
[2021-12-10 23:56:38] <%corn_cheez> 냥
[2021-12-10 23:56:38] <%흔한개발자 (prosaicdev)> 프로 공쥬 김잔희
[2021-12-10 23:56:44] <%누가그거하래 (jinsu9709)> 추락했지만 다시난다 에얼플레인~
[2021-12-10 23:56:44] <%라우22 (mym0377)> 하늘을 나는~ 딸깍
[2021-12-10 23:56:48] <300만행복도시인천 (hell_cheon)> 넌 트위치의 프로다 !
[2021-12-10 23:56:53] <%corn_cheez> 나는 공주다!
[2021-12-10 23:56:53] <%라우22 (mym0377)> 럽 딸깍
[2021-12-10 23:57:03] <%누가그거하래 (jinsu9709)> ㅋㅋㅋㅋㅋㅋㅋㅋㅋ
[2021-12-10 23:57:07] <%라우22 (mym0377)> 와 신나~
[2021-12-10 23:57:19] <300만행복도시인천 (hell_cheon)> gnlfls2
[2021-12-10 23:57:20] <%라우22 (mym0377)> 컴윗미 딸깍
[2021-12-10 23:57:27] <300만행복도시인천 (hell_cheon)> 엥 그건 ?
[2021-12-10 23:57:30] <300만행복도시인천 (hell_cheon)> 원래 있는ㄱ
[2021-12-10 23:57:34] <300만행복도시인천 (hell_cheon)> 아니요
[2021-12-10 23:57:37] <%누가그거하래 (jinsu9709)> ㅋㅋㅋㅋㅋㅋㅋㅋㅋㅋ
[2021-12-10 23:57:41] <300만행복도시인천 (hell_cheon)> 못봤죠 못봤죠
[2021-12-10 23:57:44] <300만행복도시인천 (hell_cheon)> ㅋㅋㅋㅋㅋㅋㅋㅋㅋ
[2021-12-10 23:57:46] <%라우22 (mym0377)> 대박은 맞죠
[2021-12-10 23:57:48] <300만행복도시인천 (hell_cheon)> 간 챙겨 !
[2021-12-10 23:57:50] <%통통연꽃 (tlfh0325)> 오잉..구독이당
[2021-12-10 23:57:52] <noodle45> 클라이언트가 만족을!~
[2021-12-10 23:58:02] <%누가그거하래 (jinsu9709)> 리액션 소진..
[2021-12-10 23:58:03] <%라우22 (mym0377)> 몸매?요
[2021-12-10 23:58:03] <%누가그거하래 (jinsu9709)> ㅋㅋㅋㅋㅋㅋㅋㅋㅋ
[2021-12-10 23:58:12] <%corn_cheez> 일했으니 먹어야지
[2021-12-10 23:58:19] <%corn_cheez> 10분 남았네
[2021-12-10 23:58:20] <noodle45> 선생님 크리스마스때 망토 에어플레인 보여주세요 충전해올게요
[2021-12-10 23:58:20] <%라우22 (mym0377)> 장사잘되는갑네
[2021-12-10 23:58:21] <300만행복도시인천 (hell_cheon)> 인천에서 50분거리면 교통신호같은거 지키면서 오시는건가 ?
[2021-12-10 23:58:31] <%해봄이루루짱의남자친구 (moya_hoya)> 와 잔희 잘생겼다
[2021-12-10 23:58:47] <erikgonzalez1991> you're beautiful
[2021-12-10 23:58:47] <%아기공주기뮨디 (tmdgmldi97)> 머리 너무 이쁘세용 zzanicDrftsdfgdrf
[2021-12-10 23:58:48] <%누가그거하래 (jinsu9709)> 스포금지
[2021-12-10 23:58:49] <300만행복도시인천 (hell_cheon)> 광란의 크리스마스 !
[2021-12-10 23:58:49] <noodle45> 분위기에 진심이시네
[2021-12-10 23:58:58] <%라우22 (mym0377)> ㅔ
[2021-12-10 23:59:09] Viewerstats (23:27-23:59): avg:99 min:96 max:107 [17/97+0+3+0-3+0+0+6+0-4-2+0-1+0+9+0+2]
[2021-12-10 23:59:30] <300만행복도시인천 (hell_cheon)> 시작된건가
[2021-12-10 23:59:38] <300만행복도시인천 (hell_cheon)> 어머
[2021-12-10 23:59:40] <꼬막따는냥이 (cckorea)> 오
[2021-12-10 23:59:41] <300만행복도시인천 (hell_cheon)> 이건 꼭 사야해
[2021-12-10 23:59:42] <%라우22 (mym0377)> 5..
[2021-12-10 23:59:42] <꼬막따는냥이 (cckorea)> 이쁘다
[2021-12-10 23:59:43] <noodle45> 오 이쁜데여
[2021-12-10 23:59:44] <%흔한개발자 (prosaicdev)> 이쁘다
[2021-12-10 23:59:46] <%라우22 (mym0377)> 이쁨
[2021-12-10 23:59:48] <%corn_cheez> 카페 장식 같애 이쁘다
[2021-12-11 00:01:41] <@^싹둑 (ssakdook)> 새로오신 분들 반가워요٩( ᐛ )و
[2021-12-11 00:02:55] <꼬막따는냥이 (cckorea)> 떡볶이 시킬 때마다 사건사고가..
[2021-12-11 00:03:31] <%라우22 (mym0377)> 오늘 흘리는날인가
[2021-12-11 00:03:34] <%흔한개발자 (prosaicdev)> 저렇게 많이 넘치는건 좀
[2021-12-11 00:03:43] <므냐뇨 (askl183)> 가습기사용한지 오래되셨나요?
[2021-12-11 00:03:43] <%흔한개발자 (prosaicdev)> 어디 금 갔나?
[2021-12-11 00:03:48] <@^빵_떡 (bbangddeock)> 어서오세요 아직 팔로우 안하셨다면 팔로우 부탁해요 °˖✧◝(⁰▿⁰)◜✧˖°
[2021-12-11 00:04:43] <%흔한개발자 (prosaicdev)> 아니요
[2021-12-11 00:04:44] <%자숙중인딩굴 (yang31118)> ㅔ
[2021-12-11 00:04:45] <%라우22 (mym0377)> 적당
[2021-12-11 00:05:31] <%라우22 (mym0377)> 리뷰이벤트 잘주네
[2021-12-11 00:05:36] <%자숙중인딩굴 (yang31118)> 얼마나시킨거야 ㅋㅋ
[2021-12-11 00:05:47] <%자숙중인딩굴 (yang31118)> 떡볶이에 치킨까지잇네
[2021-12-11 00:05:53] <%라우22 (mym0377)> 지려
[2021-12-11 00:05:56] <몽현_ (tlgus1004)> 스멜이즈 헤븐...
[2021-12-11 00:05:56] <%흔한개발자 (prosaicdev)> 맛있겠다
[2021-12-11 00:06:07] <%라우22 (mym0377)> 간장마늘?
[2021-12-11 00:06:10] <%흔한개발자 (prosaicdev)> 마늘간장 시킨다 하지않음
[2021-12-11 00:06:13] <%+scey> zzanicOyahaha
[2021-12-11 00:06:18] <%라우22 (mym0377)> 헐
[2021-12-11 00:06:25] <%라우22 (mym0377)> 혜자네
[2021-12-11 00:06:50] <%자숙중인딩굴 (yang31118)> 배안고팠는데 이거보니 마렵네
[2021-12-11 00:07:26] <%라우22 (mym0377)> 치즈볼 떡볶이에 찍어먹으면 맛남?
[2021-12-11 00:07:32] <므냐뇨 (askl183)> 행복해보이시네요 ㅋㅋㅋ
[2021-12-11 00:07:38] <%+scey> 당신이 먹는 것을 보는 것은 좋습니다. 그것은 치유의 효과가 있다.
[2021-12-11 00:07:39] <it_s__okay> 와 오늘 식단 괜찮네요
[2021-12-11 00:08:02] <%라우22 (mym0377)> 아 ㅇㅈ
[2021-12-11 00:08:06] <%corn_cheez> 아 배고파
[2021-12-11 00:08:24] <몽현_ (tlgus1004)> 그렇군요
[2021-12-11 00:08:38] <it_s__okay> 아 그래서 12시지나고 드시는거군요?
[2021-12-11 00:08:45] <%산새모자 (waltzzzz)> 아니 김쨔니
[2021-12-11 00:08:49] <%corn_cheez> 칼로리 0으로 만들고 드셔야 하니까
[2021-12-11 00:08:50] <%산새모자 (waltzzzz)> 자기전에 왔더니
[2021-12-11 00:08:59] <%자숙중인딩굴 (yang31118)> 주말이라길래 뭐지했는데 12시8분 ㅋㅋ
[2021-12-11 00:09:00] <%산새모자 (waltzzzz)> 행복컨텐츠중이네
[2021-12-11 00:09:02] <%corn_cheez> 쟌슨빌 같은거?
[2021-12-11 00:09:04] <%흔한개발자 (prosaicdev)> 저게 머지
[2021-12-11 00:09:09] <므냐뇨 (askl183)> 알죠 알죠 ㅋㅋㅋ
[2021-12-11 00:09:24] <it_s__okay> 가짜소시지같은 느낌
[2021-12-11 00:09:29] <%흔한개발자 (prosaicdev)> ㅋㅋㅋㅋ
[2021-12-11 00:09:31] <%corn_cheez> 닭고기 섞인 저가소세지 아니라는거네
[2021-12-11 00:09:40] <꼬막따는냥이 (cckorea)> 쨔니인증 소시지
[2021-12-11 00:09:48] <유월혁 (hyeok1201)> 어? 다이어트 초기화인가요 치팅데이인가요
[2021-12-11 00:09:51] <갈비가좋아 (sojo1006)> ㅋㅋㅋㅋ
[2021-12-11 00:10:59] <noodle45> 재밌는거 있을라나
[2021-12-11 00:11:03] <므냐뇨 (askl183)> 어떤거보시게요?
[2021-12-11 00:11:21] <it_s__okay> 디플자막 괜찮아요?
[2021-12-11 00:11:48] <it_s__okay> 자막이 약간 영어 못할수록 좋은자막인거같아요
[2021-12-11 00:12:08] <it_s__okay> 어색하게 할줄알면 어색하게 알아서 불편함
[2021-12-11 00:12:28] <it_s__okay> 그게 더빙은 더빙하시는분들이 다시해서 그런가봐요
[2021-12-11 00:13:23] <it_s__okay> 넷플자막이랑 보면
[2021-12-11 00:13:27] <it_s__okay> 차이가 많이나는듯
[2021-12-11 00:13:30] <%흔한개발자 (prosaicdev)> 아까 그 크리스마스 조명 뭐라고 검색해야 나와여?
[2021-12-11 00:13:31] <므냐뇨 (askl183)> 디지니+ 볼거는 많아요?
[2021-12-11 00:13:33] <it_s__okay> ㅋㅋㅋㅋㅋㅋㅋ
[2021-12-11 00:13:52] <%흔한개발자 (prosaicdev)> 알리로 사려고여
[2021-12-11 00:14:35] <noodle45> 라노벨인줄
[2021-12-11 00:14:48] <%아기공주기뮨디 (tmdgmldi97)> 입가에 묻었어용
[2021-12-11 00:14:58] <%흔한개발자 (prosaicdev)> 감사합니다
[2021-12-11 00:17:12] ~다이아 언제 가여? (Teamfight Tactics)~
[2021-12-11 00:17:15] <it_s__okay> 네?
[2021-12-11 00:17:18] <꼬막따는냥이 (cckorea)> ㅋㅋㅋ
[2021-12-11 00:17:20] <므냐뇨 (askl183)> 호
[2021-12-11 00:17:25] <%아기공주기뮨디 (tmdgmldi97)> ㅋㅋㅋㅋㅋㅋㅋㅋ
[2021-12-11 00:17:28] <콜라는__펩시 (dewty_514)> 칼바람함
[2021-12-11 00:17:34] <it_s__okay> 감상중이였어요
[2021-12-11 00:17:34] <갈비가좋아 (sojo1006)> 안죽었음
[2021-12-11 00:17:35] <%corn_cheez> 네?
[2021-12-11 00:17:38] <%라우22 (mym0377)> ㄴㄴ
[2021-12-11 00:17:38] <%흔한개발자 (prosaicdev)> MrDestructoid
[2021-12-11 00:17:41] <제제제리 (zeze_jerry)> ;
[2021-12-11 00:17:46] <갈비가좋아 (sojo1006)> MrDestructoid MrDestructoid MrDestructoid
[2021-12-11 00:17:49] <제제제리 (zeze_jerry)> 다이아등반중
[2021-12-11 00:17:51] <%아기공주기뮨디 (tmdgmldi97)> 원래 다 말이 없나봐요
[2021-12-11 00:17:52] <%라우22 (mym0377)> 잠시 거실 다녀옴
[2021-12-11 00:17:59] <it_s__okay> MrDestructoid MrDestructoid
[2021-12-11 00:18:18] <it_s__okay> 맛있는 소세지 떡볶이 드시는거 보고있었는데
[2021-12-11 00:18:27] <%corn_cheez> 잠시 뉴스 보고 있었음
[2021-12-11 00:18:27] <%잉갱발바닥보고흥분한정연 (ncnc33)> 술먹고 있었음
[2021-12-11 00:18:28] <%아기공주기뮨디 (tmdgmldi97)> ㅋㅋㅋㅋ
[2021-12-11 00:18:30] <므냐뇨 (askl183)> ㅋㅋㅋㅋㅋ
[2021-12-11 00:18:35] <300만행복도시인천 (hell_cheon)> ㅈㅅ 잠시 화장실이 넘쳐서
[2021-12-11 00:18:36] <300만행복도시인천 (hell_cheon)> 고치고왔음
[2021-12-11 00:18:37] <%라우22 (mym0377)> 양말정리했어요!
[2021-12-11 00:18:38] <므냐뇨 (askl183)> 겜하고있어요 ㅎㅎ;
[2021-12-11 00:18:44] <%흔한개발자 (prosaicdev)> 아.. 배송지에 따라 검색 가능한게 다르구나
[2021-12-11 00:19:10] <300만행복도시인천 (hell_cheon)> 화장실 고쳤다는데 농담인줄 아는거 실환가
[2021-12-11 00:19:12] <%아기공주기뮨디 (tmdgmldi97)> 오 스킨나왔네
[2021-12-11 00:19:18] <%라우22 (mym0377)> 넘쳤대요
[2021-12-11 00:19:35] <300만행복도시인천 (hell_cheon)> 그래도 님방송은 안끔 나 대견
[2021-12-11 00:19:38] <300만행복도시인천 (hell_cheon)> 뭐래 ;
[2021-12-11 00:19:38] <%아기공주기뮨디 (tmdgmldi97)> ㅋㅋㅋㅋㅋ
[2021-12-11 00:19:42] <꼬막따는냥이 (cckorea)> LUL LUL LUL
[2021-12-11 00:19:56] <%아기공주기뮨디 (tmdgmldi97)> 음-흉
[2021-12-11 00:20:01] <%라우22 (mym0377)> 달그락
[2021-12-11 00:20:10] <%라우22 (mym0377)> ㅋㅋㅋㅋㅋ
[2021-12-11 00:20:11] <300만행복도시인천 (hell_cheon)> ㅋㅋㅋㅋ
[2021-12-11 00:20:13] <300만행복도시인천 (hell_cheon)> 간조지는중
[2021-12-11 00:20:26] <%라우22 (mym0377)> 라디오먹방
[2021-12-11 00:20:28] <%누가그거하래 (jinsu9709)> 서로 먹으면서하네 ㅋㅋ
[2021-12-11 00:20:31] <%잉갱발바닥보고흥분한정연 (ncnc33)> 롤체에 진심인데 롤체를 안하고 있네 신기하네
[2021-12-11 00:20:34] <꼬막따는냥이 (cckorea)> 먹방배틀ㅋ
[2021-12-11 00:20:45] <@%잉갱 (ao_oavv)> ㅋㅋㅋㅋㅋㅋㅋㅋㅋㅋㅋㅋㅋㅋㅋㅋㅋㅋㅋㅋㅋㅋㅋㅋㅋㅋㅋㅋㅋㅋㅋㅋㅋㅋㅋㅋㅋㅋㅋㅋㅋㅋㅋㅋㅋㅋㅋㅋㅋㅋㅋㅋㅋㅋㅋㅋㅋ
[2021-12-11 00:20:47] <@%잉갱 (ao_oavv)> 나
[2021-12-11 00:20:51] <@%잉갱 (ao_oavv)> 감자탕에혼술중
[2021-12-11 00:20:51] <%라우22 (mym0377)> 만두에서 우러나는게 많지
[2021-12-11 00:20:52] <300만행복도시인천 (hell_cheon)> 잉하 ~
[2021-12-11 00:20:52] <@%잉갱 (ao_oavv)> ㅋㅋㅋㅋㅋㅋㅋㅋㅋㅋㅋㅋㅋㅋㅋㅋㅋㅋㅋㅋㅋㅋㅋㅋㅋㅋㅋ
[2021-12-11 00:20:53] <%라우22 (mym0377)> ㅋㅋㅋㅋㅋㅋㅋㅋㅋㅋㅋㅋㅋㅋㅋㅋㅋㅋ
[2021-12-11 00:20:53] <%아기공주기뮨디 (tmdgmldi97)> 닉 태백산 불주먹이였네ㅋㅋㅋㅋㅋ
[2021-12-11 00:20:53] <@%잉갱 (ao_oavv)> ㅋㅋㅋㅋㅋㅋㅋㅋㅋㅋㅋㅋㅋㅋㅋㅋㅋㅋㅋㅋㅋㅋㅋ
[2021-12-11 00:20:54] <%라우22 (mym0377)> 술
[2021-12-11 00:20:56] <%라우22 (mym0377)> ㅜㅜ
[2021-12-11 00:20:56] <%잉갱발바닥보고흥분한정연 (ncnc33)> ㅋㅋㅋㅋㅋㅋㅋ
[2021-12-11 00:20:56] <@^싹둑 (ssakdook)> 새로오신 분들 반가워요٩( ᐛ )و
[2021-12-11 00:20:58] <300만행복도시인천 (hell_cheon)> ㅋ 많이 치는거보니까 맞나봄
[2021-12-11 00:21:00] <@%잉갱 (ao_oavv)> ㅋㅋㅋㅋㅋㅋㅋㅋㅋㅋㅋㅋㅋㅋㅋㅋㅋㅋㅋㅋㅋㅋㅋㅋㅋㅋㅋㅋㅋㅋㅋㅋㅋㅋㅋㅋㅋㅋㅋ
[2021-12-11 00:21:02] <꼬막따는냥이 (cckorea)> 감자탕ㅋ
[2021-12-11 00:21:05] <%흔한개발자 (prosaicdev)> ㅋㅋㅋㅋ
[2021-12-11 00:21:08] <%누가그거하래 (jinsu9709)> ㅋㅋㅋㅋㅋㅋㅋ
[2021-12-11 00:21:17] <it_s__okay> ㅋㅋㅋㅋㅋㅋㅋㅋㅋㅋㅋㅋ
[2021-12-11 00:21:19] <%잉갱발바닥보고흥분한정연 (ncnc33)> ㅋㅋㅋㅋㅋㅋㅋㅋㅋㅋ
[2021-12-11 00:21:20] <300만행복도시인천 (hell_cheon)> 척하면 딱 ㅋㅋ
[2021-12-11 00:21:22] <%아기공주기뮨디 (tmdgmldi97)> LuvUok
[2021-12-11 00:21:23] <%corn_cheez> 엌ㅋㅋㅋㅋㅋㅋㅋㅋ
[2021-12-11 00:21:34] <300만행복도시인천 (hell_cheon)> ㅋㅋㅋㅋㅋㅋㅋㅋㅋㅋ
[2021-12-11 00:21:36] <%라우22 (mym0377)> ㅋㅋㅋ
[2021-12-11 00:21:37] <300만행복도시인천 (hell_cheon)> 진자 먹일생각 ㅋㅋ
[2021-12-11 00:21:48] <%누가그거하래 (jinsu9709)> 도망쳤다
[2021-12-11 00:21:49] <%누가그거하래 (jinsu9709)> ㅋㅋㅋㅋㅋㅋ
[2021-12-11 00:21:49] <꼬막따는냥이 (cckorea)> 빠른 런ㅋㅋ
[2021-12-11 00:21:54] <300만행복도시인천 (hell_cheon)> 엥?
[2021-12-11 00:21:55] <%흔한개발자 (prosaicdev)> 합방 킹시보기는 왜 사라진거임
[2021-12-11 00:22:03] <몽현_ (tlgus1004)> ㅋㅋㅋㅋㅋ
[2021-12-11 00:22:03] <@%잉갱 (ao_oavv)> 헉
[2021-12-11 00:22:05] <@%잉갱 (ao_oavv)> 버릇임
[2021-12-11 00:22:07] <300만행복도시인천 (hell_cheon)> 담에해용 이라니
[2021-12-11 00:22:12] <%아기공주기뮨디 (tmdgmldi97)> 저분도 방송하는 사람인가요??
[2021-12-11 00:22:14] <%corn_cheez> 패싱당했어 ㅋㅋㅋㅋ
[2021-12-11 00:22:16] <@%잉갱 (ao_oavv)> 아니술먹자거~
[2021-12-11 00:22:17] <%라우22 (mym0377)> ㅋㅋㅋㅋ
[2021-12-11 00:22:17] <300만행복도시인천 (hell_cheon)> 음 ㅋㅋ
[2021-12-11 00:22:23] <@%잉갱 (ao_oavv)> 우리 야방할까 ㅎ?~
[2021-12-11 00:22:25] <꼬막따는냥이 (cckorea)> 감자탕 뼈 바르느라 힘들데 ㅋㅋㅋ
[2021-12-11 00:22:31] <300만행복도시인천 (hell_cheon)> 헉
[2021-12-11 00:22:41] <%아기공주기뮨디 (tmdgmldi97)> 술방조이고
[2021-12-11 00:22:51] <300만행복도시인천 (hell_cheon)> ㅋㅋㅋㅋㅋㅋㅋㅋㅋㅋ
[2021-12-11 00:22:55] <%아기공주기뮨디 (tmdgmldi97)> 컷
[2021-12-11 00:22:56] <%누가그거하래 (jinsu9709)> 빠른컷
[2021-12-11 00:22:58] <@%잉갱 (ao_oavv)> 응..
[2021-12-11 00:22:58] <300만행복도시인천 (hell_cheon)> 손절 대사 ..
[2021-12-11 00:22:58] <%라우22 (mym0377)> ㅋㅋㅋㅋ
[2021-12-11 00:22:58] <%누가그거하래 (jinsu9709)> ㅋㅋㅋㅋㅋㅋㅋㅋㅋㅋㅋ
[2021-12-11 00:22:58] <%잉갱발바닥보고흥분한정연 (ncnc33)> ㅋㅋㅋㅋㅋ
[2021-12-11 00:22:58] <%corn_cheez> 손절ㅋㅋㅋㅋ
[2021-12-11 00:23:01] <꼬막따는냥이 (cckorea)> 잉바
[2021-12-11 00:23:08] <300만행복도시인천 (hell_cheon)> ㄹㅇ 많이 기다리시던데 ..
[2021-12-11 00:23:13] <@%잉갱 (ao_oavv)> (본인도 잘 안키면서)
[2021-12-11 00:23:13] <@%잉갱 (ao_oavv)> 웅~!
[2021-12-11 00:23:15] <%corn_cheez> 잉갱이 술 마시다가 울겠다
[2021-12-11 00:23:15] <@%잉갱 (ao_oavv)> 담에바~
[2021-12-11 00:23:16] <300만행복도시인천 (hell_cheon)> ㅋㅋㅋㅋㅋㅋㅋㅋㅋㅋㅋㅋㅋㅋㅋㅋㅋㅋㅋㅋ
[2021-12-11 00:23:18] <%라우22 (mym0377)> ㅋㅋㅋㅋㅋㅋㅋㅋㅋㅋㅋㅋ
[2021-12-11 00:23:20] <%흔한개발자 (prosaicdev)> ㅋㅋㅋㅋㅋ
[2021-12-11 00:23:20] <300만행복도시인천 (hell_cheon)> 뼈때리고 가누
[2021-12-11 00:23:22] <it_s__okay> ㅋㅋㅋㅋㅋㅋㅋㅋㅋㅋㅋ
[2021-12-11 00:23:29] <%라우22 (mym0377)> '요즘은'
[2021-12-11 00:23:41] <%아기공주기뮨디 (tmdgmldi97)> 삼백안ㄷㄷ
[2021-12-11 00:23:44] <%corn_cheez> 잘 키긴 해
[2021-12-11 00:23:46] <%라우22 (mym0377)> 그건 어쩔수
[2021-12-11 00:23:50] <300만행복도시인천 (hell_cheon)> 그것까지 뭐라고 하기엔
[2021-12-11 00:24:10] <%라우22 (mym0377)> 화공이요
[2021-12-11 00:24:17] <%누가그거하래 (jinsu9709)> 가카그케
[2021-12-11 00:24:33] <%누가그거하래 (jinsu9709)> 좋다고하던데요?
[2021-12-11 00:24:35] <%라우22 (mym0377)> 미쳐따
[2021-12-11 00:24:36] <%아기공주기뮨디 (tmdgmldi97)> 도박으로 요들만 가요
[2021-12-11 00:24:41] <300만행복도시인천 (hell_cheon)> 어우 넌 왜이렇게 맛있니 !
[2021-12-11 00:24:52] <300만행복도시인천 (hell_cheon)> 듬뿍 드세여 ..
[2021-12-11 00:25:09] <%라우22 (mym0377)> 우리 동글센세는 시계태엽진이랑 아카데미 요네하셨네요
[2021-12-11 00:25:24] <%라우22 (mym0377)> ㄱㅈㅇ
[2021-12-11 00:25:31] <%라우22 (mym0377)> 준비태세는 못참지
[2021-12-11 00:25:38] <%아기공주기뮨디 (tmdgmldi97)> 약점이 더 좋지않나
[2021-12-11 00:26:13] <%아기공주기뮨디 (tmdgmldi97)> ㅋㅋㅋㅋㅋㅋㅋ
[2021-12-11 00:26:50] <%아기공주기뮨디 (tmdgmldi97)> 네
[2021-12-11 00:26:52] <%아기공주기뮨디 (tmdgmldi97)> ㅋㅋㅋㅋㅋㅋㅋㅋ
[2021-12-11 00:26:58] <%라우22 (mym0377)> 오홍
[2021-12-11 00:27:12] <%라우22 (mym0377)> 저기 저 닉바꿔도되나요?
[2021-12-11 00:27:21] <%아기공주기뮨디 (tmdgmldi97)> 이거 제가 바꾼거에요
[2021-12-11 00:27:35] <%라우22 (mym0377)> 아기공주김잔희
[2021-12-11 00:27:41] <므냐뇨 (askl183)> ㅋㅋㅋㅋㅋㅋ
[2021-12-11 00:27:47] <%아기공주기뮨디 (tmdgmldi97)> 애긔잔희
[2021-12-11 00:27:56] <%라우22 (mym0377)> ㅎ
[2021-12-11 00:28:34] <it_s__okay> T없e맑은ㅉrㄴi
[2021-12-11 00:29:02] <민초맛파인애플피자성애자 (minchopineapplepizzalover)> 가엔 라위 루난
[2021-12-11 00:29:16] Viewerstats (00:01-00:29): avg:92 min:65 max:107 [15/107-9+0+0+1+0-3+0-1+0-6+0+0-13-11]
[2021-12-11 00:29:19] <%라우22 (mym0377)> ㅔ
[2021-12-11 00:29:38] <%라우22 (mym0377)> 가카그케에 코그모까지 씀
[2021-12-11 00:29:49] <%누가그거하래 (jinsu9709)> 코그모에 블리츠에 징크스
[2021-12-11 00:29:50] <%누가그거하래 (jinsu9709)> 오우..
[2021-12-11 00:29:52] <%누가그거하래 (jinsu9709)> 토나와
[2021-12-11 00:30:53] <it_s__okay> 와 그건 무슨 사리에요?
[2021-12-11 00:31:04] <%아기공주기뮨디 (tmdgmldi97)> 노머고 3성 좋나요
[2021-12-11 00:31:16] <it_s__okay> 넓적 당면?
[2021-12-11 00:31:21] <it_s__okay> 맛있겠다
[2021-12-11 00:31:26] <%아기공주기뮨디 (tmdgmldi97)> 이즈리얼 3성이요
[2021-12-11 00:31:29] <it_s__okay> 이즈리얼
[2021-12-11 00:32:03] <콜라는__펩시 (dewty_514)> 안좋음
[2021-12-11 00:32:57] <%아기공주기뮨디 (tmdgmldi97)> ㅋㅋㅋㅋㅋㅋ
[2021-12-11 00:33:14] <it_s__okay> 떡볶이 몇인분 시킨거에요?
[2021-12-11 00:33:25] <%아기공주기뮨디 (tmdgmldi97)> 랭겜에서 전챗안돼는거 롤체에서 푸는건가
[2021-12-11 00:33:41] <%아기공주기뮨디 (tmdgmldi97)> 네
[2021-12-11 00:33:42] <it_s__okay> 와 1인분도 제법 큰 용기에 오네요
[2021-12-11 00:33:48] <@^빵_떡 (bbangddeock)> 어서오세요 아직 팔로우 안하셨다면 팔로우 부탁해요 °˖✧◝(⁰▿⁰)◜✧˖°
[2021-12-11 00:34:06] <콜라는__펩시 (dewty_514)> 그xx
[2021-12-11 00:34:24] <%아기공주기뮨디 (tmdgmldi97)> 깐부모드 재밌어요?
[2021-12-11 00:34:56] <%아기공주기뮨디 (tmdgmldi97)> ㅋㅋㅋㅋㅋㅋㅋㅋ
[2021-12-11 00:35:25] <%라우22 (mym0377)> ㅇㅇ점수별이라서
[2021-12-11 00:35:53] <%라우22 (mym0377)> ㅋㅋㅋㅋ
[2021-12-11 00:35:56] <it_s__okay> ㅋㅋㅋㅋㅋㅋ
[2021-12-11 00:36:06] <%라우22 (mym0377)> 트런들덱가는데 깐부 아카데미트런들 개웃겼음
[2021-12-11 00:36:19] <%라우22 (mym0377)> 님 했을때요
[2021-12-11 00:36:51] <it_s__okay> 처음에 주는줄 알았잖아요
[2021-12-11 00:36:52] <%라우22 (mym0377)> ㅋㅋㅋㅋ
[2021-12-11 00:37:50] <%라우22 (mym0377)> 안돌려도될듯 ㅋㅋ
[2021-12-11 00:38:39] <%라우22 (mym0377)> 칼만이라도 주ㅛ
[2021-12-11 00:39:32] <%아기공주기뮨디 (tmdgmldi97)> 말자하덱도 진짜 좋아요
[2021-12-11 00:40:36] <%아기공주기뮨디 (tmdgmldi97)> 연패코인인데 30유지하면서 리롤은 어때용
[2021-12-11 00:40:45] <%라우22 (mym0377)> 요즘 샤코덱도 괜찮고
[2021-12-11 00:40:55] <%라우22 (mym0377)> 샤코 버프
[2021-12-11 00:40:58] <@^싹둑 (ssakdook)> 새로오신 분들 반가워요٩( ᐛ )و
[2021-12-11 00:41:10] <%라우22 (mym0377)> 7렙 ㄱㄱ
[2021-12-11 00:41:42] <%라우22 (mym0377)> 문도도
[2021-12-11 00:41:50] <%라우22 (mym0377)> ㄱㄱ
[2021-12-11 00:42:19] <@%잉갱 (ao_oavv)> 이기려면 그냥 샤코덱하면 그냥 순방임
[2021-12-11 00:42:32] <%라우22 (mym0377)> 좋긴해요
[2021-12-11 00:42:39] <@%잉갱 (ao_oavv)> 어제도 하셨자나요
[2021-12-11 00:42:49] <%라우22 (mym0377)> 이온도 줘버리죠
[2021-12-11 00:43:04] <%아기공주기뮨디 (tmdgmldi97)> ㅋㅋㅋㅋㅋㅋㅋ
[2021-12-11 00:43:04] <%라우22 (mym0377)> ㅋㅋㅋㅋ
[2021-12-11 00:43:17] <%라우22 (mym0377)> 문도팔고
[2021-12-11 00:43:19] <%라우22 (mym0377)> 이자
[2021-12-11 00:43:35] <%라우22 (mym0377)> 브라움 이온도주셈
[2021-12-11 00:45:28] <%라우22 (mym0377)> ㄹㅇ
[2021-12-11 00:46:01] <%라우22 (mym0377)> 돌려요
[2021-12-11 00:46:03] <%라우22 (mym0377)> 지금 한방피임
[2021-12-11 00:46:11] <%라우22 (mym0377)> 굿굿
[2021-12-11 00:46:47] <%라우22 (mym0377)> 숨돌릴만할때 켄치 먹이주면됨
[2021-12-11 00:46:49] <%라우22 (mym0377)> 22
[2021-12-11 00:47:23] <%라우22 (mym0377)> ㅋㅋㅋㅋ
[2021-12-11 00:47:50] <%라우22 (mym0377)> 딜러요
[2021-12-11 00:48:36] <%라우22 (mym0377)> 오제이스
[2021-12-11 00:49:14] <%라우22 (mym0377)> 안나오면 피오라
[2021-12-11 00:49:28] <%라우22 (mym0377)> 딱돈이네 ㅋㅋ
[2021-12-11 00:49:50] <%라우22 (mym0377)> 피오라 ㄱㄱ
[2021-12-11 00:50:16] <%라우22 (mym0377)> 범죄도시 암살일걸요
[2021-12-11 00:50:43] <%라우22 (mym0377)> 시계태엽있나?
[2021-12-11 00:50:46] <%라우22 (mym0377)> 8렙가죠
[2021-12-11 00:51:17] <%라우22 (mym0377)> 크
[2021-12-11 00:51:29] <%라우22 (mym0377)> 이거 순방할지도?
[2021-12-11 00:51:42] <%라우22 (mym0377)> 진만 조심하면될듯
[2021-12-11 00:52:31] <%라우22 (mym0377)> 저 증강도 사기던데
[2021-12-11 00:52:38] <%라우22 (mym0377)> 진은 대각이 나은듯
[2021-12-11 00:52:58] <%라우22 (mym0377)> 제이스?나 도전자?
[2021-12-11 00:53:45] <%라우22 (mym0377)> 템있는제이스로 넣죠
[2021-12-11 00:54:27] <%라우22 (mym0377)> 꼬인거치곤 잘했다
[2021-12-11 00:54:40] <%라우22 (mym0377)> 7등할줄 ㅋㅋ
[2021-12-11 00:54:59] <%라우22 (mym0377)> 티어 같아졌누
[2021-12-11 00:55:02] <%라우22 (mym0377)> 아직 먹나
[2021-12-11 00:55:05] <%라우22 (mym0377)> 오
[2021-12-11 00:55:17] <%라우22 (mym0377)> ㅋㅋㅋㅋㅋㅋㅋㅋ
[2021-12-11 00:55:28] <%라우22 (mym0377)> 어떻게 하셨길래
[2021-12-11 00:55:38] <%라우22 (mym0377)> 그러게 오래하셨네
[2021-12-11 00:56:04] <%라우22 (mym0377)> ㅔ
[2021-12-11 00:56:15] <므냐뇨 (askl183)> 방송은 평균 몇시간씩하시나요?
[2021-12-11 00:56:22] <%라우22 (mym0377)> 네 요즘 잘지켜서 좋아요
[2021-12-11 00:56:34] <dorosi99> ㅋㄷㅋㄷ
[2021-12-11 00:56:49] <%라우22 (mym0377)> 뭔가 분기별로 각성하는듯 ㅋㅋ
[2021-12-11 00:56:52] <꼬막따는냥이 (cckorea)> 그건 예외니까 뭐..
[2021-12-11 00:57:17] <dorosi99> 김잔희 다이아 이번시즌 막바지에 찍지않을까 진지하게예상해봄
[2021-12-11 00:57:33] <%라우22 (mym0377)> 같은종임?
[2021-12-11 00:58:13] <%윤캉캉 (passjae)> 커엽네
[2021-12-11 00:58:24] <%라우22 (mym0377)> ㅔ
[2021-12-11 00:58:47] <%라우22 (mym0377)> 샤코템 인피루난에 뭐또 주던데
[2021-12-11 00:59:22] Viewerstats (00:31-00:59): avg:61 min:57 max:65 [15/65+0-3+0+0+3+0-8+0+1+0+0+5+0-2]
[2021-12-11 00:59:29] <설리스탈 (0mbv)> 범
[2021-12-11 00:59:39] <므냐뇨 (askl183)> 술마셔서 그런거아닐까요 ㅋㅋ
[2021-12-11 00:59:44] <꼬막따는냥이 (cckorea)> 그 전에 많이 먹어서? ㅋ
[2021-12-11 00:59:54] <%라우22 (mym0377)> 아 나도 범죄도시라고 해버렸네;
[2021-12-11 01:00:16] <%라우22 (mym0377)> 카타?
[2021-12-11 01:00:30] <%라우22 (mym0377)> 카타 짬통쓸듯?
[2021-12-11 01:00:51] <%라우22 (mym0377)> ㅔ
[2021-12-11 01:00:54] <%라우22 (mym0377)> ㅋㅋㅋㅋ
[2021-12-11 01:01:23] <%잉갱발바닥보고흥분한정연 (ncnc33)> ㅋㅋㅋㅋ
[2021-12-11 01:01:24] <@^싹둑 (ssakdook)> 새로오신 분들 반가워요٩( ᐛ )و
[2021-12-11 01:01:38] <%흔한개발자 (prosaicdev)> 어라 큐 같이 돌림?
[2021-12-11 01:02:11] <%라우22 (mym0377)> 인피 루난 라위네요
[2021-12-11 01:02:44] <%라우22 (mym0377)> ㅇㅇ
[2021-12-11 01:02:49] <%흔한개발자 (prosaicdev)> 그르네
[2021-12-11 01:03:48] <@^빵_떡 (bbangddeock)> 어서오세요 아직 팔로우 안하셨다면 팔로우 부탁해요 °˖✧◝(⁰▿⁰)◜✧˖°
[2021-12-11 01:04:41] <%라우22 (mym0377)> 2성붙어서 쓰는듯?
[2021-12-11 01:04:52] <%라우22 (mym0377)> 학자증강체면 학자덱갈지도
[2021-12-11 01:05:14] <%라우22 (mym0377)> 레오나?
[2021-12-11 01:05:40] <%윤캉캉 (passjae)> 태산다리
[2021-12-11 01:05:52] <%라우22 (mym0377)> 오
[2021-12-11 01:05:59] <%라우22 (mym0377)> 와
[2021-12-11 01:06:00] <%라우22 (mym0377)> 페어
[2021-12-11 01:06:29] <%라우22 (mym0377)> 카타말고 에코 넣죠
[2021-12-11 01:07:11] <%라우22 (mym0377)> 말자하 초반깡패라서 쩔수없음
[2021-12-11 01:08:11] <%라우22 (mym0377)> 린노래같은데
[2021-12-11 01:08:54] <%라우22 (mym0377)> ㅇㅎ
[2021-12-11 01:09:05] <%라우22 (mym0377)> 증강체가 회복증가죠?
[2021-12-11 01:09:21] <%라우22 (mym0377)> ㅇㅇ흡혈늘듯
[2021-12-11 01:09:29] <%라우22 (mym0377)> 노래제목 곰인형
[2021-12-11 01:09:55] <%라우22 (mym0377)> 으응..템 1순위 오히려좋아..
[2021-12-11 01:10:05] <%잉갱발바닥보고흥분한정연 (ncnc33)> ㄹㅇ띵곡이네
[2021-12-11 01:10:08] <%윤캉캉 (passjae)> ㅋㅋㅋ
[2021-12-11 01:10:19] <%흔한개발자 (prosaicdev)> ㅋㅋ
[2021-12-11 01:10:41] <%라우22 (mym0377)> 다리일단집어보죠
[2021-12-11 01:10:55] <%라우22 (mym0377)> 3성볼거면 ㅇㅇ
[2021-12-11 01:11:03] <%라우22 (mym0377)> 돈남아서 그냥 ㅎ
[2021-12-11 01:11:58] <%라우22 (mym0377)> 좋은판단
[2021-12-11 01:12:10] <%라우22 (mym0377)> 아 카타빼고 뽀삐넣을걸
[2021-12-11 01:12:20] <%라우22 (mym0377)> ㅔ
[2021-12-11 01:12:56] <%라우22 (mym0377)> 템의유무에따라..
[2021-12-11 01:13:35] <%라우22 (mym0377)> 사람들 샤코안쓰죠?
[2021-12-11 01:13:40] <%라우22 (mym0377)> 4암살 좋다
[2021-12-11 01:13:59] <%라우22 (mym0377)> 암살있어서 배치 내리네
[2021-12-11 01:14:27] <%라우22 (mym0377)> 그렇긴하죠
[2021-12-11 01:14:32] <%라우22 (mym0377)> 카타 블루주죠
[2021-12-11 01:14:50] <%라우22 (mym0377)> 아칼리주게
[2021-12-11 01:15:31] <%라우22 (mym0377)> 얘는 카타가는듯
[2021-12-11 01:15:53] <%라우22 (mym0377)> 가끔 억까판도있음
[2021-12-11 01:15:58] <%라우22 (mym0377)> 100원써도 안나오는판 ㅋㅋ
[2021-12-11 01:16:12] <%라우22 (mym0377)> ㅇㅋ
[2021-12-11 01:16:31] <%라우22 (mym0377)> 상민이형 밸류좋네요 ㅜ
[2021-12-11 01:16:45] <%라우22 (mym0377)> ㅋㅋㅋㅋ
[2021-12-11 01:16:54] <%윤캉캉 (passjae)> ㅋㅋㅋㅋㅋ
[2021-12-11 01:16:56] <%라우22 (mym0377)> 보는중
[2021-12-11 01:17:08] <%흔한개발자 (prosaicdev)> ㅋㅋㅋㅋㅋㅋㅋㅋㅋㅋㅋㅋㅋㅋㅋㅋㅋㅋㅋㅋ
[2021-12-11 01:17:26] <%라우22 (mym0377)> 암살자 뭉쳐서뛰게해요 카타가운데놔서
[2021-12-11 01:18:35] <%라우22 (mym0377)> 음
[2021-12-11 01:19:03] <%라우22 (mym0377)> 트페빼고 브라움
[2021-12-11 01:19:53] <%라우22 (mym0377)> 증강체차이?
[2021-12-11 01:20:22] <%라우22 (mym0377)> 유미넣을거면 8렙
[2021-12-11 01:20:33] <@^싹둑 (ssakdook)> 새로오신 분들 반가워요٩( ᐛ )و
[2021-12-11 01:20:53] <%라우22 (mym0377)> 유미 모렐로 브라움즈롯
[2021-12-11 01:21:07] <%라우22 (mym0377)> ㅔ
[2021-12-11 01:21:46] <%라우22 (mym0377)> 브라움1성이라서
[2021-12-11 01:22:03] <%샘이솟아 (toa0205)> 안녕
[2021-12-11 01:22:09] <%라우22 (mym0377)> 돈다쓰셈
[2021-12-11 01:22:29] <%샘이솟아 (toa0205)> 샤코가 3성되야 쓸만하자나
[2021-12-11 01:22:38] <%흔한개발자 (prosaicdev)> 에구
[2021-12-11 01:22:44] <%라우22 (mym0377)> ㄲㅂ
[2021-12-11 01:22:59] <%라우22 (mym0377)> 범인 쟤에요
[2021-12-11 01:24:27] <%라우22 (mym0377)> 처형이나 마나감소는 할만한듯
[2021-12-11 01:25:07] <%라우22 (mym0377)> 트타템이 원래 진템이긴해요
[2021-12-11 01:25:29] <%라우22 (mym0377)> 핑크엉덩이
[2021-12-11 01:26:22] <%라우22 (mym0377)> 스태틱 우르곳 히트입니다
[2021-12-11 01:26:39] <%라우22 (mym0377)> 진짜 다 녹이고다녀요
[2021-12-11 01:27:48] <%라우22 (mym0377)> 와
[2021-12-11 01:27:53] <%라우22 (mym0377)> ㄲㅂ ㅠㅠ
[2021-12-11 01:28:18] <%라우22 (mym0377)> ㅔ
[2021-12-11 01:28:22] <%라우22 (mym0377)> 수고했어용
[2021-12-11 01:28:23] <300만행복도시인천 (hell_cheon)> 엌 항복했데욬ㅋㅋㅋㅋㅋ
[2021-12-11 01:28:25] <neocrap> ResidentSleeper
[2021-12-11 01:28:29] <꼬막따는냥이 (cckorea)> ㅋㅋㅋ
[2021-12-11 01:28:30] <%라우22 (mym0377)> ㅔ
[2021-12-11 01:28:31] <%흔한개발자 (prosaicdev)> ㅔ
[2021-12-11 01:28:34] <300만행복도시인천 (hell_cheon)> 잠깐
[2021-12-11 01:28:39] <300만행복도시인천 (hell_cheon)> 저거 -62포인트라고 쓰인거임?
[2021-12-11 01:28:49] <%라우22 (mym0377)> 점수
[2021-12-11 01:28:58] <%라우22 (mym0377)> 동공지진
[2021-12-11 01:29:01] <300만행복도시인천 (hell_cheon)> ㄷㄷ..
[2021-12-11 01:29:05] <300만행복도시인천 (hell_cheon)> 보고 개깜놀
[2021-12-11 01:29:21] <%라우22 (mym0377)> ㅔ
[2021-12-11 01:29:29] Viewerstats (01:01-01:29): avg:57 min:54 max:62 [15/61+1-3+0+0-1+0-4+0+0+1+0+2-2+0]
[2021-12-11 01:29:35] <300만행복도시인천 (hell_cheon)> ㅠㅜ
[2021-12-11 01:29:36] <%흔한개발자 (prosaicdev)> 그럴수 있져
[2021-12-11 01:29:41] <%흔한개발자 (prosaicdev)> 언능 자여
[2021-12-11 01:29:42] <%라우22 (mym0377)> 맞긴해
[2021-12-11 01:29:43] <%흔한개발자 (prosaicdev)> 쨔바
[2021-12-11 01:29:44] <@^빵_떡 (bbangddeock)> 흔한개발자님 ㅃrㅃr
[2021-12-11 01:29:51] <300만행복도시인천 (hell_cheon)> 갸지마 가지먀 ㅠㅜ
[2021-12-11 01:30:07] <300만행복도시인천 (hell_cheon)> 머리 내일 감긴할까
[2021-12-11 01:30:28] <300만행복도시인천 (hell_cheon)> 그날을 기다리며흐윽
[2021-12-11 01:30:40] <300만행복도시인천 (hell_cheon)> 이거 울랄라 세션이 불렀을떄가
[2021-12-11 01:30:42] <300만행복도시인천 (hell_cheon)> 좋았던거같음
[2021-12-11 01:30:55] <300만행복도시인천 (hell_cheon)> ㅇㅇ
[2021-12-11 01:30:59] <300만행복도시인천 (hell_cheon)> 이거 불렀었자늠 경연에[서
[2021-12-11 01:31:23] <300만행복도시인천 (hell_cheon)> PrideUwu
[2021-12-11 01:31:35] <300만행복도시인천 (hell_cheon)> 가사 뭐 어려운거 있나
[2021-12-11 01:31:40] <300만행복도시인천 (hell_cheon)> 사흘다가
[2021-12-11 01:31:45] <neocrap> 살다가
[2021-12-11 01:31:48] <%라우22 (mym0377)> 제목 살다가
[2021-12-11 01:31:50] <300만행복도시인천 (hell_cheon)> 그게 제목 ㅋㅋ
[2021-12-11 01:32:07] <300만행복도시인천 (hell_cheon)> 소 잘몰던떄
[2021-12-11 01:32:16] <%라우22 (mym0377)> 영화한편
[2021-12-11 01:32:19] <300만행복도시인천 (hell_cheon)> 무조건 하나 죽는 뮤비 많았지
[2021-12-11 01:32:44] <%흔한개발자 (prosaicdev)> 뮤비가 드라마 였던 시절
[2021-12-11 01:32:51] <300만행복도시인천 (hell_cheon)> 아아
[2021-12-11 01:32:52] <300만행복도시인천 (hell_cheon)> 이러지마 제발 ~
[2021-12-11 01:33:03] <%라우22 (mym0377)> ㅔ
[2021-12-11 01:33:09] <300만행복도시인천 (hell_cheon)> 제가 국뽕 채울려고 이거 외국인 리액션 본적있음
[2021-12-11 01:33:24] <300만행복도시인천 (hell_cheon)> 하앜
[2021-12-11 01:33:32] <300만행복도시인천 (hell_cheon)> 아 ㅋㅋ
[2021-12-11 01:33:35] <%라우22 (mym0377)> 쏘니~
[2021-12-11 01:33:48] <@^빵_떡 (bbangddeock)> 어서오세요 아직 팔로우 안하셨다면 팔로우 부탁해요 °˖✧◝(⁰▿⁰)◜✧˖°
[2021-12-11 01:33:55] <300만행복도시인천 (hell_cheon)> 그런듯 ?
[2021-12-11 01:33:59] <300만행복도시인천 (hell_cheon)> 아닌가 ?
[2021-12-11 01:34:00] <%라우22 (mym0377)> 그래보여요
[2021-12-11 01:34:09] <300만행복도시인천 (hell_cheon)> 넹 시스타
[2021-12-11 01:34:19] <300만행복도시인천 (hell_cheon)> 아직 결혼도.. 이혼도 하기전인가보네
[2021-12-11 01:34:32] <300만행복도시인천 (hell_cheon)> ㅠㅜ
[2021-12-11 01:35:19] <300만행복도시인천 (hell_cheon)> 그냥 좋아라만 한거같음
[2021-12-11 01:35:37] <300만행복도시인천 (hell_cheon)> 돈노와잇
[2021-12-11 01:35:54] <300만행복도시인천 (hell_cheon)> 빨리 사진 찢은다음에 하나로 합쳐주세요 ㅠㅜ
[2021-12-11 01:35:55] <%라우22 (mym0377)> ㅎ
[2021-12-11 01:36:04] <꼬막따는냥이 (cckorea)> ㅋㅋㅋ
[2021-12-11 01:36:20] <300만행복도시인천 (hell_cheon)> 이거본 외국애들 다 깜놀하더라
[2021-12-11 01:36:24] <300만행복도시인천 (hell_cheon)> 오쉿! 홀리 이카믄서
[2021-12-11 01:36:36] <300만행복도시인천 (hell_cheon)> 크으
[2021-12-11 01:36:37] <%라우22 (mym0377)> ㄷㄷㄷㄷㄷㄷ
[2021-12-11 01:36:39] <꼬막따는냥이 (cckorea)> ㅋㅋㅋ
[2021-12-11 01:36:40] <300만행복도시인천 (hell_cheon)> 홀리몰리
[2021-12-11 01:36:42] <%라우22 (mym0377)> 게이조이고 ㄷㄷㄷ
[2021-12-11 01:36:44] <%윤캉캉 (passjae)> 호달달
[2021-12-11 01:36:46] <300만행복도시인천 (hell_cheon)> ㅋㅋㅋㅋㅋㅋㅋㅋㅋ
[2021-12-11 01:36:54] <꼬막따는냥이 (cckorea)> 외국인 반응들 웃겼는데ㅋ
[2021-12-11 01:36:54] <300만행복도시인천 (hell_cheon)> 아닌듯 ..
[2021-12-11 01:36:58] <300만행복도시인천 (hell_cheon)> 일단 남자는 스트레이트자너
[2021-12-11 01:37:18] <%라우22 (mym0377)> 그건ㅇㅈ
[2021-12-11 01:37:19] <300만행복도시인천 (hell_cheon)> 외국인 리액션 검색할때
[2021-12-11 01:37:26] <%라우22 (mym0377)> 소주한잔뮤비
[2021-12-11 01:37:28] <300만행복도시인천 (hell_cheon)> 매쉬업으로 검색하면 하나로 합친거 나오는데 보기 편함
[2021-12-11 01:37:38] <%흔한개발자 (prosaicdev)> ㅋㅋㅋ
[2021-12-11 01:37:45] <300만행복도시인천 (hell_cheon)> 국뽕충전 하고 자!
[2021-12-11 01:37:48] <neocrap> 하나 안 죽으면 이야기 진행이 안 됨
[2021-12-11 01:37:50] <300만행복도시인천 (hell_cheon)> 어머
[2021-12-11 01:37:54] <300만행복도시인천 (hell_cheon)> 죽었어 ?!
[2021-12-11 01:38:12] <300만행복도시인천 (hell_cheon)> 씨야였나
[2021-12-11 01:38:31] <300만행복도시인천 (hell_cheon)> 꽃보다 남자의 그 머리네
[2021-12-11 01:38:32] <%라우22 (mym0377)> 와 대사도있어
[2021-12-11 01:38:49] <300만행복도시인천 (hell_cheon)> 엥
[2021-12-11 01:39:21] <%라우22 (mym0377)> 띵곡느낌
[2021-12-11 01:39:40] <300만행복도시인천 (hell_cheon)> 뭐 연기가 중요하겠읍니까 허허
[2021-12-11 01:39:43] <300만행복도시인천 (hell_cheon)> 노래만 좋으면됐지
[2021-12-11 01:39:46] <%라우22 (mym0377)> ?
[2021-12-11 01:39:46] <@^Nightbot> 15453번째 갈고리야요...(｡•́︿•̀｡)
[2021-12-11 01:40:09] <300만행복도시인천 (hell_cheon)> 애들 첨 나왔을때 이젠 여자도 소몰이를 하네 싶었는데
[2021-12-11 01:40:28] <300만행복도시인천 (hell_cheon)> 헐..
[2021-12-11 01:40:32] <300만행복도시인천 (hell_cheon)> 뜨끈
[2021-12-11 01:40:34] <%라우22 (mym0377)> 찐사랑..
[2021-12-11 01:40:38] <@^싹둑 (ssakdook)> 새로오신 분들 반가워요٩( ᐛ )و
[2021-12-11 01:40:56] <300만행복도시인천 (hell_cheon)> 머리에 양파망쓰고 담배피면 섹시하다 메모
[2021-12-11 01:40:58] <%라우22 (mym0377)> 한모금 ㅋㅋ
[2021-12-11 01:41:13] <neocrap> 최정원 미모 ㄷㄷ
[2021-12-11 01:41:21] <300만행복도시인천 (hell_cheon)> ㄹㅇ 저땐 보정도 많이 안할떄일건데
[2021-12-11 01:41:24] <300만행복도시인천 (hell_cheon)> 피부 엄청 좋으시네
[2021-12-11 01:41:47] <300만행복도시인천 (hell_cheon)> 젠부니까 ..
[2021-12-11 01:42:04] <300만행복도시인천 (hell_cheon)> 그러고보니 비도 저런 스타일이었던거같은데
[2021-12-11 01:42:17] <300만행복도시인천 (hell_cheon)> 엥
[2021-12-11 01:42:23] <300만행복도시인천 (hell_cheon)> 스토리 뭔데 ?!
[2021-12-11 01:42:44] <300만행복도시인천 (hell_cheon)> 노래 끊긴거보니 스토리 좀 나오는듯
[2021-12-11 01:42:56] <300만행복도시인천 (hell_cheon)> ㅋㅋㅋㅋㅋㅋㅋㅋㅋㅋㅋ
[2021-12-11 01:43:00] <300만행복도시인천 (hell_cheon)> 아 모르겠다고 ~
[2021-12-11 01:43:01] <%라우22 (mym0377)> ㅋㅋㅋㅋ
[2021-12-11 01:43:03] <%라우22 (mym0377)> ㅂㅂ
[2021-12-11 01:43:06] <300만행복도시인천 (hell_cheon)> 갸지먀 ㅠㅜ
[2021-12-11 01:43:17] <300만행복도시인천 (hell_cheon)> 오호
[2021-12-11 01:43:18] <%라우22 (mym0377)> 저는 제로콜라만 먹어요
[2021-12-11 01:43:21] <300만행복도시인천 (hell_cheon)> 콜라 광고 유튜버인가요 ?
[2021-12-11 01:43:30] <%라우22 (mym0377)> ?????
[2021-12-11 01:43:30] <꼬막따는냥이 (cckorea)> ㅋㅋㅋ
[2021-12-11 01:43:30] <300만행복도시인천 (hell_cheon)> 엥 ㄷㄷ
[2021-12-11 01:43:36] <백작2 (jy9405)> 귀여워ㅜ
[2021-12-11 01:43:36] <%라우22 (mym0377)> ????
[2021-12-11 01:43:40] <%흔한개발자 (prosaicdev)> 흠...
[2021-12-11 01:43:40] <300만행복도시인천 (hell_cheon)> 으 저런거 좋아하는구나
[2021-12-11 01:43:49] <%라우22 (mym0377)> 개미랑 바퀴벌레싸우는거봄?
[2021-12-11 01:43:57] <몽현_ (tlgus1004)> 초딩떄 개미키우고 싶었는데..
[2021-12-11 01:44:06] <%라우22 (mym0377)> 개미가 조직적이라서 이김
[2021-12-11 01:44:14] <300만행복도시인천 (hell_cheon)> 잔인하군 ..
[2021-12-11 01:44:31] <%라우22 (mym0377)> 오..
[2021-12-11 01:44:43] <몽현_ (tlgus1004)> 단백질 들
[2021-12-11 01:44:46] <300만행복도시인천 (hell_cheon)> 으 이런거 봐서 잠못자는거 아니에요 ?
[2021-12-11 01:45:25] <몽현_ (tlgus1004)> 이분 개미박사네 완전
[2021-12-11 01:45:28] <300만행복도시인천 (hell_cheon)> 개미만 찍는데 거의 20만이 나오네
[2021-12-11 01:45:44] <300만행복도시인천 (hell_cheon)> 오 새우
[2021-12-11 01:45:47] <300만행복도시인천 (hell_cheon)> 저도 튀긴건 좋아하는데요
[2021-12-11 01:45:50] <몽현_ (tlgus1004)> 와... 만물박사네
[2021-12-11 01:46:07] <몽현_ (tlgus1004)> 아니 개미만 키우는게아니네
[2021-12-11 01:46:28] <몽현_ (tlgus1004)> 줍줍성공
[2021-12-11 01:46:37] <%라우22 (mym0377)> ?
[2021-12-11 01:46:37] <@^Nightbot> 15454번째 갈고리야요...(｡•́︿•̀｡)
[2021-12-11 01:46:41] <300만행복도시인천 (hell_cheon)> 허허
[2021-12-11 01:46:44] <%자숙중인딩굴 (yang31118)> 그러게
[2021-12-11 01:46:44] <%흔한개발자 (prosaicdev)> 물고기는 키워보고 싶긴 했는데 어항 관리 때문에 포기
[2021-12-11 01:47:14] <몽현_ (tlgus1004)> 맞아 물고기 키울때 어항 주기적으로 물빼고 청소해야됨
[2021-12-11 01:47:18] <몽현_ (tlgus1004)> 납두면 냄새 오지
[2021-12-11 01:47:21] <300만행복도시인천 (hell_cheon)> 정글에서 집짓는거 자주 보시겠네
[2021-12-11 01:47:28] <%라우22 (mym0377)> 연못만들고 거기서 수영하는 잼민이영상
[2021-12-11 01:47:37] <300만행복도시인천 (hell_cheon)> 요즘엔 사실 좀 과하게 만들긴하더라
[2021-12-11 01:47:39] <몽현_ (tlgus1004)> 아 정글 집짓기 그거 유튜브 유명하지
[2021-12-11 01:47:59] <몽현_ (tlgus1004)> 어떤사람은 하수구 막힌거 뚫는거 좋아해서 그것만 보던데
[2021-12-11 01:48:03] <300만행복도시인천 (hell_cheon)> 눈빛 몽글몽글한거봐
[2021-12-11 01:48:06] <300만행복도시인천 (hell_cheon)> 이런거 진짜 좋아하는구나 ..
[2021-12-11 01:48:34] <300만행복도시인천 (hell_cheon)> 폭력 멈춰 ?
[2021-12-11 01:49:06] <%라우22 (mym0377)> ㅋㅋㅋㅋㅋㅋ
[2021-12-11 01:49:08] <몽현_ (tlgus1004)> ㅋㅋㅋㅋㅋㅋㅋㅋㅋㅋㅋㅋ
[2021-12-11 01:49:09] <300만행복도시인천 (hell_cheon)> ㅋㅋㅋㅋㅋㅋㅋㅋㅋㅋ
[2021-12-11 01:49:10] <%흔한개발자 (prosaicdev)> ㅋㅋㅋ
[2021-12-11 01:49:11] <몽현_ (tlgus1004)> 핵꿀밤맞았네
[2021-12-11 01:49:13] <몽현_ (tlgus1004)> 개아파한다
[2021-12-11 01:49:15] <300만행복도시인천 (hell_cheon)> 자 웃어드렸구요
[2021-12-11 01:49:29] <몽현_ (tlgus1004)> 아 개웃김 현웃함 ㅋㅋㅋ
[2021-12-11 01:49:39] <300만행복도시인천 (hell_cheon)> 에헴~
[2021-12-11 01:49:40] <%라우22 (mym0377)> ㅋㅋㅋㅋㅋㅋㅋ
[2021-12-11 01:49:43] <몽현_ (tlgus1004)> 진짜 저거때문에 딱밤 단련하는사람 많음
[2021-12-11 01:49:47] <300만행복도시인천 (hell_cheon)> 저 웃음머법관이라
[2021-12-11 01:49:52] <300만행복도시인천 (hell_cheon)> 넵
[2021-12-11 01:50:00] <300만행복도시인천 (hell_cheon)> 깔깔
[2021-12-11 01:50:45] <300만행복도시인천 (hell_cheon)> 동생이라 손이 맵구만
[2021-12-11 01:50:48] <몽현_ (tlgus1004)> 야 너무한다 ..
[2021-12-11 01:50:49] <300만행복도시인천 (hell_cheon)> ㅋㅋㅋㅋ
[2021-12-11 01:50:50] <%라우22 (mym0377)> ㅋㅋㅋ
[2021-12-11 01:50:52] <%흔한개발자 (prosaicdev)> ㅋㅋㅋㅋㅋ
[2021-12-11 01:50:54] <꼬막따는냥이 (cckorea)> ㅋㅋㅋ
[2021-12-11 01:51:06] <몽현_ (tlgus1004)> 저렇게때리면 죽어..
[2021-12-11 01:51:16] <300만행복도시인천 (hell_cheon)> 무친 ㅋㅋㅋㅋㅋ
[2021-12-11 01:51:22] <300만행복도시인천 (hell_cheon)> 주리틀기를 왜 해 ㅋㅋㅋ
[2021-12-11 01:51:25] <몽현_ (tlgus1004)> 나 덩치큰남자도 두손가락으로 때려서 기절시킨적있는데 손바닥이라니
[2021-12-11 01:51:32] <%윤캉캉 (passjae)> ㅋㅋㅋㅋㅋㅋㅋ
[2021-12-11 01:51:39] <300만행복도시인천 (hell_cheon)> 어우 ..
[2021-12-11 01:52:00] <%라우22 (mym0377)> ㅋㅋㅋㅋ
[2021-12-11 01:52:13] <%자숙중인딩굴 (yang31118)> ㅋㅋㅋㅋ
[2021-12-11 01:52:14] <300만행복도시인천 (hell_cheon)> 혹시 그분이 벤때렸다는 그 사촌임 ?
[2021-12-11 01:52:18] <꼬막따는냥이 (cckorea)> LUL LUL LUL
[2021-12-11 01:52:36] <300만행복도시인천 (hell_cheon)> 그러네 님 아닌듯
[2021-12-11 01:52:40] <300만행복도시인천 (hell_cheon)> 물미역인가 ?
[2021-12-11 01:53:03] <%흔한개발자 (prosaicdev)> 1년이래.. 하아..
[2021-12-11 01:53:10] <300만행복도시인천 (hell_cheon)> 저거 다 돈주면 바로 만들수있는데
[2021-12-11 01:53:15] <300만행복도시인천 (hell_cheon)> 돈이 뭔지 참 ㅜ
[2021-12-11 01:53:46] <꼬막따는냥이 (cckorea)> 그만보고 빨리 자ㅋㅋㅋ
[2021-12-11 01:53:47] <300만행복도시인천 (hell_cheon)> 메모 메모
[2021-12-11 01:53:52] <300만행복도시인천 (hell_cheon)> 이번엔 누구냐 !
[2021-12-11 01:54:09] <300만행복도시인천 (hell_cheon)> 뭔가 그
[2021-12-11 01:54:14] <300만행복도시인천 (hell_cheon)> 파충류쪽 다루는 분인가 으윽
[2021-12-11 01:54:17] <%라우22 (mym0377)> 아 진짜 ㅋㅋㅋㅋㅋㅋㅋ
[2021-12-11 01:54:20] <몽현_ (tlgus1004)> ㅋㅋㅋㅋ이런거좋아하는구나
[2021-12-11 01:54:30] <몽현_ (tlgus1004)> 심해어 키우는 유튜브도 요즘 유행하던데
[2021-12-11 01:54:32] <%라우22 (mym0377)> 뭐 만드는 영상 좋아했네
[2021-12-11 01:54:40] <꼬막따는냥이 (cckorea)> 개미..어항..연못...
[2021-12-11 01:55:09] <몽현_ (tlgus1004)> 아 만드는걸 좋아하는구나
[2021-12-11 01:55:16] <300만행복도시인천 (hell_cheon)> 오호
[2021-12-11 01:55:17] <%흔한개발자 (prosaicdev)> 오 대박
[2021-12-11 01:55:22] <몽현_ (tlgus1004)> 개미도 개미가 유기적으로 움직이는게 하나에 조직 설계 같아서좋아하나
[2021-12-11 01:55:25] <꼬막따는냥이 (cckorea)> 규모가 꽤 큰데ㄷㄷ
[2021-12-11 01:55:57] <몽현_ (tlgus1004)> 가물치 뒤진다 진짜 생태계 최상위 교란종임
[2021-12-11 01:56:04] <300만행복도시인천 (hell_cheon)> 오리고기 ?
[2021-12-11 01:56:29] <300만행복도시인천 (hell_cheon)> HahaSleep 어우 자연의 소리 뭐야 ..
[2021-12-11 01:56:32] <%흔한개발자 (prosaicdev)> asmr
[2021-12-11 01:57:13] <%라우22 (mym0377)> 힐링이긴하네요
[2021-12-11 01:57:18] <300만행복도시인천 (hell_cheon)> 저런 닫힌 생태계는 조금 신경안쓰면 금방 망가지지 않나
[2021-12-11 01:57:24] <300만행복도시인천 (hell_cheon)> 계속 영상찍는중이신거 ?
[2021-12-11 01:57:46] <꼬막따는냥이 (cckorea)> 취미 클라스가..
[2021-12-11 01:57:50] <꼬막따는냥이 (cckorea)> 땅 구입 부터 시작이네 ㄷㄷ
[2021-12-11 01:58:03] <300만행복도시인천 (hell_cheon)> 나도 땅사고 시퍼 ..
[2021-12-11 01:58:07] <몽현_ (tlgus1004)> 부자구나..
[2021-12-11 01:58:15] <몽현_ (tlgus1004)> 부자니까 저렇게 자유롭게 탐구하면서 사는구나
[2021-12-11 01:58:18] <꼬막따는냥이 (cckorea)> 가마
[2021-12-11 01:58:29] <꼬막따는냥이 (cckorea)> 화덕?
[2021-12-11 01:58:30] <300만행복도시인천 (hell_cheon)> 온돌 ?
[2021-12-11 01:58:57] <몽현_ (tlgus1004)> 아 부레옥잠 역시나왔군
[2021-12-11 01:59:00] <몽현_ (tlgus1004)> 연못하면 부레옥잠이지
[2021-12-11 01:59:07] <몽현_ (tlgus1004)> 네
[2021-12-11 01:59:30] <꼬막따는냥이 (cckorea)> 선물도 클라스가 다르네 ㅋㅋ
[2021-12-11 01:59:33] <%흔한개발자 (prosaicdev)> 감당이 안되서 만든거구나
[2021-12-11 01:59:38] Viewerstats (01:31-01:59): avg:54 min:52 max:57 [15/53+0+3+0+1+0+0-3+0+0-1+0-1+0+4]
[2021-12-11 01:59:50] <%흔한개발자 (prosaicdev)> 와 이뻐
[2021-12-11 01:59:52] <%라우22 (mym0377)> 와
[2021-12-11 01:59:53] <꼬막따는냥이 (cckorea)> 와
[2021-12-11 01:59:57] <몽현_ (tlgus1004)> 바글바글하네
[2021-12-11 02:00:01] <꼬막따는냥이 (cckorea)> 물 엄청 맑네
[2021-12-11 02:00:14] <300만행복도시인천 (hell_cheon)> 뭔가 유튜브 보는게 약간 독특하긴하시다
[2021-12-11 02:00:14] <몽현_ (tlgus1004)> 근데 저렇게 가두면 물 더러워지지않나
[2021-12-11 02:00:16] <꼬막따는냥이 (cckorea)> 1급수 ㄷㄷ
[2021-12-11 02:00:21] <300만행복도시인천 (hell_cheon)> 전 끽해봐야 룩북같은거 보고있는데
[2021-12-11 02:00:40] <꼬막따는냥이 (cckorea)> ㅋㅋㅋ
[2021-12-11 02:00:43] <300만행복도시인천 (hell_cheon)> 스틸 ㄷㄷ
[2021-12-11 02:00:43] <몽현_ (tlgus1004)> 아 왜가리오는구나
[2021-12-11 02:00:43] <%라우22 (mym0377)> ㅋㅋㅋ
[2021-12-11 02:00:45] <몽현_ (tlgus1004)> 빡치겟다
[2021-12-11 02:00:50] <꼬막따는냥이 (cckorea)> 스틸 ㅋㅋㅋ
[2021-12-11 02:01:08] <@^싹둑 (ssakdook)> 새로오신 분들 반가워요٩( ᐛ )و
[2021-12-11 02:01:10] <300만행복도시인천 (hell_cheon)> ㅋㅋㅋ
[2021-12-11 02:01:24] <300만행복도시인천 (hell_cheon)> 허허 ..
[2021-12-11 02:01:28] <몽현_ (tlgus1004)> ㅋㅋㅋㅋ
[2021-12-11 02:01:33] <몽현_ (tlgus1004)> 얼마나 빠져들엇으면 ㅋ
[2021-12-11 02:01:33] <300만행복도시인천 (hell_cheon)> 자기 땅있으면 뭐
[2021-12-11 02:01:35] <300만행복도시인천 (hell_cheon)> 이상형일수도있지
[2021-12-11 02:02:10] <몽현_ (tlgus1004)> 버터플라이 코이는 예뻐서 인기있는건가
[2021-12-11 02:02:22] <300만행복도시인천 (hell_cheon)> HahaSleep 이 영상 좋다 ...
[2021-12-11 02:02:33] <꼬막따는냥이 (cckorea)> 뒤에 배경도 계절만 잘타면 엄청 이쁘겠다
[2021-12-11 02:02:56] <%흔한개발자 (prosaicdev)> 애정이 느껴짐
[2021-12-11 02:03:20] <몽현_ (tlgus1004)> 몬데 저게
[2021-12-11 02:03:26] <몽현_ (tlgus1004)> 저거 모래무지처럼생겼네
[2021-12-11 02:03:26] <%supernova_heights> 미꾸라지
[2021-12-11 02:03:36] <몽현_ (tlgus1004)> 와 가물치..
[2021-12-11 02:03:40] <꼬막따는냥이 (cckorea)> 가물치 새끼네
[2021-12-11 02:03:48] <@^빵_떡 (bbangddeock)> 어서오세요 아직 팔로우 안하셨다면 팔로우 부탁해요 °˖✧◝(⁰▿⁰)◜✧˖°
[2021-12-11 02:03:59] <몽현_ (tlgus1004)> 가물치라 생각못했다 큰놈만봐서
[2021-12-11 02:04:32] <몽현_ (tlgus1004)> 엄청싫어하는데 ㅋㅋ
[2021-12-11 02:04:33] <몽현_ (tlgus1004)> 멍떄리네
[2021-12-11 02:04:44] <%라우22 (mym0377)> ㅇㅇ힐링영상
[2021-12-11 02:04:48] <꼬막따는냥이 (cckorea)> 가물치님이 연못식당에 입장하셨습니다.
[2021-12-11 02:04:53] <몽현_ (tlgus1004)> 최상위녀석이니 포스가있겟지
[2021-12-11 02:04:53] <투가 (si02dang)> 그럼 재 솔로네
[2021-12-11 02:04:57] <%아니잠깐 (justwait1128)> 저런거 보면 시간가는줄 모르겠음
[2021-12-11 02:04:57] <몽현_ (tlgus1004)> 민물가에 상어라고 보면됨
[2021-12-11 02:05:02] <300만행복도시인천 (hell_cheon)> 항상 자극적인 유튜브 영상만 봤는데 .. 그런 제자신을 반성하게되네요
[2021-12-11 02:05:25] <300만행복도시인천 (hell_cheon)> 썸네일 말도 안돼는 영화영상 많음 ㅋㅋ
[2021-12-11 02:05:27] <몽현_ (tlgus1004)> 영화소개 너무 잘만들어서 너무 속아버림
[2021-12-11 02:05:29] <%흔한개발자 (prosaicdev)> 저자극 힐링 영상이 더 위험할수도 시간 잘 감
[2021-12-11 02:05:38] <300만행복도시인천 (hell_cheon)> 그냥 공지하시죠
[2021-12-11 02:05:47] <꼬막따는냥이 (cckorea)> 석양이 진다!!
[2021-12-11 02:05:48] <%라우22 (mym0377)> 일어나서 공지하는걸로..
[2021-12-11 02:05:48] <킹직히킹무님킹쁜건킹정임 (0james_0bond7)> 안녕하세요 혹시 닉변하신건가요
[2021-12-11 02:05:59] <몽현_ (tlgus1004)> 아 홍천..
[2021-12-11 02:06:03] <300만행복도시인천 (hell_cheon)> 히히 그래
[2021-12-11 02:06:04] <%라우22 (mym0377)> 네~
[2021-12-11 02:06:06] <300만행복도시인천 (hell_cheon)> 어서 소개해봐라
[2021-12-11 02:06:08] <몽현_ (tlgus1004)> 오 많이추천하신다
[2021-12-11 02:06:09] <몽현_ (tlgus1004)> 아낌없네
[2021-12-11 02:06:20] <300만행복도시인천 (hell_cheon)> 시미켄?
[2021-12-11 02:06:23] <300만행복도시인천 (hell_cheon)> 아 시미티비구나
[2021-12-11 02:06:24] <몽현_ (tlgus1004)> 아니 새우가 50살이래 대박
[2021-12-11 02:06:34] <%라우22 (mym0377)> 어머 ㅜㅜ
[2021-12-11 02:06:45] <300만행복도시인천 (hell_cheon)> ㅎ
[2021-12-11 02:06:49] <몽현_ (tlgus1004)> 햄스터 집만들기에 금손?
[2021-12-11 02:06:53] <%아니잠깐 (justwait1128)> 햄스터가 금수저임
[2021-12-11 02:06:54] <%아니잠깐 (justwait1128)> ㅋㅋㅋㅋㅋㅋㅋㅋ
[2021-12-11 02:06:56] <%아니잠깐 (justwait1128)> 저런집에서 살다니
[2021-12-11 02:07:01] <%아니잠깐 (justwait1128)> ㅇㅇ 잼ㅆ음
[2021-12-11 02:07:07] <%아니잠깐 (justwait1128)> 뭔가 미니어쳐 힐링
[2021-12-11 02:07:08] <300만행복도시인천 (hell_cheon)> 남자들 햄스터 영상이라면 환장하지
[2021-12-11 02:07:18] <300만행복도시인천 (hell_cheon)> ㄹㅇ ㅋㅋ
[2021-12-11 02:07:22] <몽현_ (tlgus1004)> 정글의법칙보면 맨날 김명만이 집만드는데 그거좋아했겟네
[2021-12-11 02:07:46] <%라우22 (mym0377)> 미로탈출 저거 봤었음
[2021-12-11 02:07:49] <300만행복도시인천 (hell_cheon)> 돈트라이앳홈 ㄷ
[2021-12-11 02:08:07] <%흔한개발자 (prosaicdev)> 와
[2021-12-11 02:08:10] <300만행복도시인천 (hell_cheon)> 워 본격적이네
[2021-12-11 02:08:10] <몽현_ (tlgus1004)> 와 본격적이네.
[2021-12-11 02:08:27] <300만행복도시인천 (hell_cheon)> 만들쥐 ?
[2021-12-11 02:08:43] <몽현_ (tlgus1004)> ㅋㅋㅋㅋㅋㅋ
[2021-12-11 02:08:48] <몽현_ (tlgus1004)> 갑자기 반응이. ㅋㅋ
[2021-12-11 02:08:49] <300만행복도시인천 (hell_cheon)> 참지마 ..
[2021-12-11 02:08:51] <%라우22 (mym0377)> ㅋㅋㅋㅋㅋㅋㅋㅋㅋㅋㅋ
[2021-12-11 02:08:52] <몽현_ (tlgus1004)> 급하게왔나보네
[2021-12-11 02:08:53] <%아니잠깐 (justwait1128)> ㅇㄱㅇ
[2021-12-11 02:09:02] <%라우22 (mym0377)> 롤체할때부터
[2021-12-11 02:09:04] <300만행복도시인천 (hell_cheon)> 장운동 활발한거 부럽긴하네 이사람
[2021-12-11 02:09:27] <꼬막따는냥이 (cckorea)> StinkyCheese StinkyCheese StinkyCheese
[2021-12-11 02:09:33] <몽현_ (tlgus1004)> 아니이게 햄스터집임?
[2021-12-11 02:09:57] <%라우22 (mym0377)> ㅁㅊ
[2021-12-11 02:10:19] <%라우22 (mym0377)> 건축전공하신건가
[2021-12-11 02:10:28] <%흔한개발자 (prosaicdev)> 쩐다
[2021-12-11 02:10:30] <~%김잔희 (zzanicoya)> 쩌러 진짜 ㅠ
[2021-12-11 02:10:43] <%라우22 (mym0377)> 와뭐야
[2021-12-11 02:11:02] <noodle45> 남성분이었네 손이
[2021-12-11 02:11:13] <~%김잔희 (zzanicoya)> 손가락 털 다 뽑도싶음
[2021-12-11 02:11:13] <300만행복도시인천 (hell_cheon)> 아.. 극장 너무 가고싶다
[2021-12-11 02:11:18] <300만행복도시인천 (hell_cheon)> 아니 뭐 그
[2021-12-11 02:11:20] <300만행복도시인천 (hell_cheon)> 털 좀있을수도있지 ;
[2021-12-11 02:11:24] <%라우22 (mym0377)> ㅋㅋㅋ
[2021-12-11 02:11:43] <~%김잔희 (zzanicoya)> 나중 영상 보면 털 정리 하심ㅋㅋㅋㅋ
[2021-12-11 02:11:57] <%라우22 (mym0377)> 지려따 ㄷㄷ
[2021-12-11 02:12:00] <꼬막따는냥이 (cckorea)> ㅋㅋㅋ
[2021-12-11 02:12:45] <킹직히킹무님킹쁜건킹정임 (0james_0bond7)> 헐
[2021-12-11 02:12:50] <%라우22 (mym0377)> 진심이시네
[2021-12-11 02:13:56] <~%김잔희 (zzanicoya)> 포브스 선정 응가하면서 보기 좋은 영상 1윟ㅎㅎㅎㅎ
[2021-12-11 02:13:57] <몽현_ (tlgus1004)> 근데 딲히 햄스터가 흥미를 느낄만한 구조는아님
[2021-12-11 02:14:03] <300만행복도시인천 (hell_cheon)> ㅋㅋㅋㅋㅋㅋㅋ
[2021-12-11 02:14:30] <300만행복도시인천 (hell_cheon)> 냄새는 안나서 다행입니다..
[2021-12-11 02:16:19] <300만행복도시인천 (hell_cheon)> 왜 속삭이냐구 ..
[2021-12-11 02:16:27] <noodle45> 축하드려요
[2021-12-11 02:16:34] <%라우22 (mym0377)> 크게해주세요
[2021-12-11 02:16:37] <300만행복도시인천 (hell_cheon)> 얼굴에 윤기나는거봐 ㅋㅋ
[2021-12-11 02:16:51] <%라우22 (mym0377)> 엄청 많이아시네
[2021-12-11 02:16:52] <300만행복도시인천 (hell_cheon)> 만들G
[2021-12-11 02:17:00] <꼬막따는냥이 (cckorea)> 스폰지밥!
[2021-12-11 02:17:02] <300만행복도시인천 (hell_cheon)> 미니어쳐 만드시는분인가부네
[2021-12-11 02:17:10] <noodle45> 와 뭐 다 있네여
[2021-12-11 02:17:31] <%라우22 (mym0377)> 어케하누
[2021-12-11 02:17:45] <noodle45> 왜 햄스터 없?음
[2021-12-11 02:17:58] <300만행복도시인천 (hell_cheon)> 약간 둘리손같네
[2021-12-11 02:18:24] <꼬막따는냥이 (cckorea)> 디오라마 전문이신가보네
[2021-12-11 02:18:48] <noodle45> 약간 생닭같기도 하고 라고할뻔
[2021-12-11 02:19:18] <300만행복도시인천 (hell_cheon)> 3d 프린터로 뽑으시나부네
[2021-12-11 02:19:20] <%라우22 (mym0377)> 헐
[2021-12-11 02:19:42] <300만행복도시인천 (hell_cheon)> 쨔니님 그래도 이런거 꼬ㅒ 만들지 않나요 ?
[2021-12-11 02:19:48] <300만행복도시인천 (hell_cheon)> 옛날에 뭐 총 비스무리한것도 만들고
[2021-12-11 02:20:04] <300만행복도시인천 (hell_cheon)> 그래서 금방끝내기 미션 걸었는데 실패했자늠
[2021-12-11 02:20:10] <noodle45> 직소퍼즐같은거도 비슷하지 않을까여
[2021-12-11 02:20:12] <%라우22 (mym0377)> 대박이다
[2021-12-11 02:20:14] <300만행복도시인천 (hell_cheon)> ㅎ
[2021-12-11 02:20:28] <@^싹둑 (ssakdook)> 새로오신 분들 반가워요٩( ᐛ )و
[2021-12-11 02:20:38] <%라우22 (mym0377)> 네 그래서 지금 졸려요
[2021-12-11 02:20:44] <300만행복도시인천 (hell_cheon)> 전 잘때 항상 인도 이발소 영상틀고 자는데
[2021-12-11 02:20:56] <300만행복도시인천 (hell_cheon)> 인도에선 이발소가면
[2021-12-11 02:20:56] <noodle45> 저는 여드름 짜는 영상 봐요!
[2021-12-11 02:20:58] <300만행복도시인천 (hell_cheon)> 우주의 기운을 몸에 넣어줌
[2021-12-11 02:21:02] <300만행복도시인천 (hell_cheon)> 잠 잘옴
[2021-12-11 02:21:37] <300만행복도시인천 (hell_cheon)> 손이 .. 너무 곱다
[2021-12-11 02:21:56] <300만행복도시인천 (hell_cheon)> ㅋ..
[2021-12-11 02:22:29] <300만행복도시인천 (hell_cheon)> 유튜브에 별거 다있구나 싶긴해요
[2021-12-11 02:22:41] <%라우22 (mym0377)> 미쳐따
[2021-12-11 02:22:53] <%흔한개발자 (prosaicdev)> 조경하던 친구 있었는데
[2021-12-11 02:23:04] <300만행복도시인천 (hell_cheon)> 검정고무신 그자체
[2021-12-11 02:23:13] <%라우22 (mym0377)> 와 하울
[2021-12-11 02:23:19] <%흔한개발자 (prosaicdev)> 공원 같은거 만드는 사람
[2021-12-11 02:23:25] <300만행복도시인천 (hell_cheon)> 스폰지밥 ㅎㄷㄷ
[2021-12-11 02:23:44] <300만행복도시인천 (hell_cheon)> 손 한번만 잡아보고싶다
[2021-12-11 02:23:54] <300만행복도시인천 (hell_cheon)> 말랑말랑해보여
[2021-12-11 02:24:15] <300만행복도시인천 (hell_cheon)> ㅋㅋㅋ
[2021-12-11 02:24:16] <%흔한개발자 (prosaicdev)> 헐
[2021-12-11 02:24:16] <%라우22 (mym0377)> 저걸어케...
[2021-12-11 02:24:18] <300만행복도시인천 (hell_cheon)> 눈빠지겠네 저런거 하면
[2021-12-11 02:24:45] <%흔한개발자 (prosaicdev)> 언팩킹
[2021-12-11 02:24:46] <300만행복도시인천 (hell_cheon)> 아 그게임
[2021-12-11 02:24:57] <noodle45> 와 이건 팔아도 될듯
[2021-12-11 02:25:13] <300만행복도시인천 (hell_cheon)> 이게 현대미술이지
[2021-12-11 02:25:14] <꼬막따는냥이 (cckorea)> 이미 어딘가 주문받아서 제작하시지 않을까..
[2021-12-11 02:25:17] <%흔한개발자 (prosaicdev)> 걸린 시간 인건비 하면 ...
[2021-12-11 02:25:32] <%라우22 (mym0377)> 잭스인줄
[2021-12-11 02:25:39] <300만행복도시인천 (hell_cheon)> ㅋㅋㅋㅋㅋㅋㅋㅋㅋㅋㅋㅋ
[2021-12-11 02:25:39] <꼬막따는냥이 (cckorea)> ㅋㅋㅋ
[2021-12-11 02:25:47] <300만행복도시인천 (hell_cheon)> 손가락이 좀 부족해보이긴하네
[2021-12-11 02:26:09] <300만행복도시인천 (hell_cheon)> 그거 첨듣고
[2021-12-11 02:26:13] <300만행복도시인천 (hell_cheon)> 너무한다고 생각했는데
[2021-12-11 02:26:26] <300만행복도시인천 (hell_cheon)> 흐응
[2021-12-11 02:27:05] <%흔한개발자 (prosaicdev)> 저분은 메타버스 세상오면 편해지겠다
[2021-12-11 02:27:17] <300만행복도시인천 (hell_cheon)> 외국녀석들 유튜부덕분에 한국인의 실력도 볼수있고
[2021-12-11 02:27:20] <300만행복도시인천 (hell_cheon)> 세상이 좋아졌구만
[2021-12-11 02:27:23] <%흔한개발자 (prosaicdev)> 가상세계
[2021-12-11 02:27:42] <300만행복도시인천 (hell_cheon)> 지가 ㅋㅋ
[2021-12-11 02:27:46] <%라우22 (mym0377)> ㅋㅋㅋㅋ
[2021-12-11 02:27:50] <300만행복도시인천 (hell_cheon)> 지가 갖고 싶으면 다 만든다고?!
[2021-12-11 02:28:00] <300만행복도시인천 (hell_cheon)> 넹
[2021-12-11 02:28:04] <300만행복도시인천 (hell_cheon)> 근데 좀 부럽긴하다 ..
[2021-12-11 02:28:10] <300만행복도시인천 (hell_cheon)> 나도 가끔 피규어 같은거 하나 집에 놓고싶긴한데
[2021-12-11 02:28:13] <300만행복도시인천 (hell_cheon)> ㅇㅇ
[2021-12-11 02:28:17] <300만행복도시인천 (hell_cheon)> 3d프린터로 뽑은거
[2021-12-11 02:28:28] <noodle45> 저게 있어야 출력할때 안 무너져요
[2021-12-11 02:28:37] <300만행복도시인천 (hell_cheon)> 앗
[2021-12-11 02:28:53] <300만행복도시인천 (hell_cheon)> 오 저거
[2021-12-11 02:28:58] <300만행복도시인천 (hell_cheon)> 구슬에 막 물들어있는 그거임 ?
[2021-12-11 02:29:08] <300만행복도시인천 (hell_cheon)> 저렇게 만드는구나
[2021-12-11 02:29:20] <300만행복도시인천 (hell_cheon)> 와 ..
[2021-12-11 02:29:23] <300만행복도시인천 (hell_cheon)> 세상에 단 하나뿐인 네즈코
[2021-12-11 02:29:26] <300만행복도시인천 (hell_cheon)> 나만의 네즈코 ...
[2021-12-11 02:29:33] <300만행복도시인천 (hell_cheon)> ㅎㅎ
[2021-12-11 02:29:36] <%흔한개발자 (prosaicdev)> ㅋㅋㅋㅋ
[2021-12-11 02:29:39] <300만행복도시인천 (hell_cheon)> 얼굴이 뭐가 중요하겠어요 ..
[2021-12-11 02:29:43] <noodle45> 라면먹고 잔 네즈코
[2021-12-11 02:29:44] Viewerstats (02:01-02:29): avg:61 min:56 max:67 [15/56+4+3+0+4+0+0-2+0-4+0-2+0-2+0]
[2021-12-11 02:29:54] <300만행복도시인천 (hell_cheon)> 일단 브금이 넌 자야한다 브금임
[2021-12-11 02:30:10] <300만행복도시인천 (hell_cheon)> 오우
[2021-12-11 02:30:20] <300만행복도시인천 (hell_cheon)> 헐리웃 스타들의 별장 느낌이네요
[2021-12-11 02:30:32] <%라우22 (mym0377)> 나도 고슴도치 키웠었는뎅
[2021-12-11 02:30:33] <꼬막따는냥이 (cckorea)> 크
[2021-12-11 02:30:39] <300만행복도시인천 (hell_cheon)> 꺅 고슴도치 배만지고 싶어
[2021-12-11 02:30:41] <꼬막따는냥이 (cckorea)> 고슴도치보다 못한 인생ㅠ
[2021-12-11 02:31:01] <300만행복도시인천 (hell_cheon)> 일단 우리집도 수영장은 없음
[2021-12-11 02:31:17] <300만행복도시인천 (hell_cheon)> ?
[2021-12-11 02:31:18] <@^Nightbot> 15455번째 갈고리야요...(｡•́︿•̀｡)
[2021-12-11 02:31:20] <%라우22 (mym0377)> 와
[2021-12-11 02:31:22] <300만행복도시인천 (hell_cheon)> 으악 ㅋㅋㅋㅋㅋㅋ
[2021-12-11 02:31:22] <꼬막따는냥이 (cckorea)> ㄴㄴㄴㄴ
[2021-12-11 02:31:24] <300만행복도시인천 (hell_cheon)> 나나 ~
[2021-12-11 02:31:24] <스트리머_우한갱_파이팅 (cheeses2s2)> yu2beeMe yu2beeMe yu2beeMe yu2beeMe yu2beeMe yu2beeMe
[2021-12-11 02:31:25] <%라우22 (mym0377)> 이제 방종인데 ㅋㅋㅋㅋㅋㅋㅋㅋ
[2021-12-11 02:31:26] <꼬막따는냥이 (cckorea)> ㄴㄴㄴㄴㄴㄴㄴㄴㄴㄴㄴㄴㄴ
[2021-12-11 02:31:27] <%흔한개발자 (prosaicdev)> ㄴㄴㄴㄴ
[2021-12-11 02:31:29] <%라우22 (mym0377)> ㄴㄴㄴㄴㄴㄴㄴ
[2021-12-11 02:31:30] <neocrap> ㄴㄴㄴㄴㄴ
[2021-12-11 02:31:31] <300만행복도시인천 (hell_cheon)> ㄴㄴㄴㄴㄴㄴㄴㄴㄴㄴ
[2021-12-11 02:31:32] <noodle45> 안녕하세요 처음뵙겠습니다
[2021-12-11 02:31:33] <달콤달고나 (opening1212)> ㄴㄴㄴㄴ
[2021-12-11 02:31:35] <mrsonakool> pokiCheer berriyaJam berriyaLight berriyaJam natsuLove pokiPOP
[2021-12-11 02:31:35] <스트리머_우한갱_파이팅 (cheeses2s2)> yu2beeMe yu2beeMe yu2beeMe yu2beeMe yu2beeMe yu2beeMe yu2beeMe yu2beeMe yu2beeMe
[2021-12-11 02:31:36] <%라우22 (mym0377)> kane1Nan kane1Ah kane1Nan kane1Ah kane1Nan kane1Ah kane1Nan kane1Ah kane1Nan kane1Ah kane1Nan kane1Ah kane1Nan kane1Ah kane1Nan kane1Ah kane1Nan kane1Ah kane1Nan kane1Ah kane1Nan kane1Ah kane1Nan kane1Ah
[2021-12-11 02:31:36] <꼬막따는냥이 (cckorea)> ㅋㅋㅋ
[2021-12-11 02:31:41] <neocrap> !게임
[2021-12-11 02:31:41] <@^빵_떡 (bbangddeock)> 방송중인 게임 : 팀파이트 택티스 (Teamfight Tactics)
[2021-12-11 02:31:50] <꼬막따는냥이 (cckorea)> 갱하
[2021-12-11 02:31:50] <300만행복도시인천 (hell_cheon)> 제가 대신 봤는데 오늘도 엄청 이쁘셨긴했음
[2021-12-11 02:31:50] <%라우22 (mym0377)> 이분 한갱님 방송보려다가 실패했네요~
[2021-12-11 02:31:59] <Daegu02> ㅋㅋㅋㅋㅋ
[2021-12-11 02:32:10] <300만행복도시인천 (hell_cheon)> 옵치하다가 바로 넘어오셨나부네 ㅋㅋ
[2021-12-11 02:32:12] <스트리머_우한갱_파이팅 (cheeses2s2)> 오늘 애교많이했는데 아쉽네요
[2021-12-11 02:32:17] <%라우22 (mym0377)> 이럼 연장이네요~
[2021-12-11 02:32:28] <스트리머_우한갱_파이팅 (cheeses2s2)> ㅋㅋㅋㅋ
[2021-12-11 02:32:31] <meewikun> Hii<3
[2021-12-11 02:32:31] <달콤달고나 (opening1212)> 춤도 엄청 추셨음
[2021-12-11 02:32:32] <300만행복도시인천 (hell_cheon)> ?!
[2021-12-11 02:32:33] <Daegu02> ㅋㅋㅋㅋㅋㅋㅋ
[2021-12-11 02:32:34] <여캠악질사심디엠단우한갱 (sasim_dm_dan)> zzzzzzzzz
[2021-12-11 02:32:40] <%라우22 (mym0377)> ㅋㅋㅋㅋㅋㅋㅋ왜그랬냐고 ㅋㅋ
[2021-12-11 02:32:54] <스트리머_우한갱_파이팅 (cheeses2s2)> 내일 짧방이라 볼수있을까
[2021-12-11 02:32:59] <%라우22 (mym0377)> 얼굴 개빨개지긴했음
[2021-12-11 02:33:08] <300만행복도시인천 (hell_cheon)> 조심스레 꺼내보는 그 단어 방종 ..
[2021-12-11 02:33:20] <스트리머_우한갱_파이팅 (cheeses2s2)> 난민은 어디로가야하오...
[2021-12-11 02:33:23] <달콤달고나 (opening1212)> ㅠㅠ
[2021-12-11 02:33:24] <300만행복도시인천 (hell_cheon)> BibleThump
[2021-12-11 02:33:31] <%라우22 (mym0377)> 노 안저어주시나요 ㅜㅜ
[2021-12-11 02:33:33] <300만행복도시인천 (hell_cheon)> 옵치 간간히 하시든데
[2021-12-11 02:33:37] <달콤달고나 (opening1212)> 폭탄돌리기 시작
[2021-12-11 02:33:49] <@^빵_떡 (bbangddeock)> 어서오세요 아직 팔로우 안하셨다면 팔로우 부탁해요 °˖✧◝(⁰▿⁰)◜✧˖°
[2021-12-11 02:33:50] <300만행복도시인천 (hell_cheon)> 어 잠깐만
[2021-12-11 02:33:55] <300만행복도시인천 (hell_cheon)> 김잔희가 호스팅을 한다고 ?
[2021-12-11 02:33:59] <300만행복도시인천 (hell_cheon)> 이거 대사건임 ;
[2021-12-11 02:34:05] <달콤달고나 (opening1212)> ㅋㅋㅋㅋ
[2021-12-11 02:34:07] <스트리머_우한갱_파이팅 (cheeses2s2)> ㅋㅋㅋㅋ
[2021-12-11 02:34:12] <ruzgatogosu> @김잔희 u are in teamfight tacticsc category BTW.
[2021-12-11 02:34:19] <300만행복도시인천 (hell_cheon)> ㅋㅋㅋㅋ
[2021-12-11 02:34:23] <스트리머_우한갱_파이팅 (cheeses2s2)> 이세계로...
[2021-12-11 02:34:26] <달콤달고나 (opening1212)> 유이비님이랑 친하심
[2021-12-11 02:34:41] <300만행복도시인천 (hell_cheon)> 다크소울3 하고있으신 향토끼님은 어떰
[2021-12-11 02:34:44] <스트리머_우한갱_파이팅 (cheeses2s2)> 오뱅알
[2021-12-11 02:34:47] <달콤달고나 (opening1212)> 수고하셨어요
[2021-12-11 02:34:48] <300만행복도시인천 (hell_cheon)> 가지먀 가지먀 ㅠㅜ
[2021-12-11 02:34:49] <꼬막따는냥이 (cckorea)> 언능 주무삼ㅋㅋ
[2021-12-11 02:34:58] <스트리머_우한갱_파이팅 (cheeses2s2)> 다크소울 재밌긴해
[2021-12-11 02:35:10] <300만행복도시인천 (hell_cheon)> 상태 좋을떄 ㅋㅋ
[2021-12-11 02:35:12] <스트리머_우한갱_파이팅 (cheeses2s2)> ㅗㅜㅑ
[2021-12-11 02:35:15] <달콤달고나 (opening1212)> ㅋㅋㅋㅋ
[2021-12-11 02:35:30] <300만행복도시인천 (hell_cheon)> 약간 기름지긴해
[2021-12-11 02:35:34] <꼬막따는냥이 (cckorea)> ㅋㅋㅋ
[2021-12-11 02:35:46] <달콤달고나 (opening1212)> 예쁘시다
[2021-12-11 02:35:54] <몽현_ (tlgus1004)> 겨울겨울하네
[2021-12-11 02:35:58] <300만행복도시인천 (hell_cheon)> ㅋㅋㅋㅋㅋ
[2021-12-11 02:36:01] <%라우22 (mym0377)> ㅋㅋㅋㅋ
[2021-12-11 02:36:01] <300만행복도시인천 (hell_cheon)> !업타임
[2021-12-11 02:36:02] <@^빵_떡 (bbangddeock)> 방송 시간 : 6시간 5분 37초
[2021-12-11 02:36:02] <%흔한개발자 (prosaicdev)> ㅋㅋㅋ
[2021-12-11 02:36:04] <스트리머_우한갱_파이팅 (cheeses2s2)> 로아 커마 잘하시는걸로 아는데 한갱이도 며칠후에 로아 커마 컨텐츠힌다네요
[2021-12-11 02:36:36] <%라우22 (mym0377)> 일이된느낌
[2021-12-11 02:36:40] <300만행복도시인천 (hell_cheon)> 에메모알피지가 그렇지 뭐 ..
[2021-12-11 02:36:59] <스트리머_우한갱_파이팅 (cheeses2s2)> 그냥 이쁘게 커마 하려고 하는듯 ㅋㅋ
[2021-12-11 02:37:05] <%라우22 (mym0377)> 난민왕감사..
[2021-12-11 02:37:35] <%라우22 (mym0377)> 성덕 여러번하네요
[2021-12-11 02:37:41] <%흔한개발자 (prosaicdev)> 성덕 쨔니 바이
[2021-12-11 02:37:41] <%라우22 (mym0377)> ㅔ
[2021-12-11 02:37:42] <스트리머_우한갱_파이팅 (cheeses2s2)> 이세계로 떠나자
[2021-12-11 02:37:42] <300만행복도시인천 (hell_cheon)> 호스팅 너무 오랜만이라 긴장됨
[2021-12-11 02:37:43] <달콤달고나 (opening1212)> 수고하셨어요~
[2021-12-11 02:37:44] <꼬막따는냥이 (cckorea)> 쨔바
[2021-12-11 02:37:44] <@^빵_떡 (bbangddeock)> 꼬막따는냥이님 ㅃrㅃr
[2021-12-11 02:37:45] <스트리머_우한갱_파이팅 (cheeses2s2)> ㅂㅂ~
[2021-12-11 02:37:47] <%라우22 (mym0377)> 수고하셨어용
[2021-12-11 02:37:52] [Info] Now hosting 유이비.
[2021-12-11 02:37:52] <300만행복도시인천 (hell_cheon)> 안돼 ㅠ
[2021-12-11 02:37:58] <%라우22 (mym0377)> 갔어..
[2021-12-11 02:37:58] <300만행복도시인천 (hell_cheon)> 휴 갔네 ~
[2021-12-11 02:38:12] <300만행복도시인천 (hell_cheon)> 팔챗 ㅜ
[2021-12-11 02:38:39] <vynrial> ㅂㅂ whiskeyWave
[2021-12-11 02:40:24] ~Stream offline~
[2021-12-11 02:40:30] <@^싹둑 (ssakdook)> 새로오신 분들 반가워요٩( ᐛ )و
[2021-12-11 02:40:37] <SooflowerPizzaShuttle> TearGlove
[2021-12-11 02:40:45] You have left #zzanicoya
[2021-12-11 02:40:45] Viewerstats (02:31-02:37): avg:551 min:59 max:1,044 [4/59+0+985+0_]
# Log closed: 2021-12-11 02:40:45 +0900
-
